Query         NIDQSF
Match_columns 6
No_of_seqs    1 out of 1
Neff          1
Searched_HMMs 90378
Date          Tue Dec 21 00:42:41 2021
Command       /media/stefano/DISCO1/FOLDEN/hh-suite/build/bin/hhsearch -i /media/stefano/DISCO1/FOLDEN/trRosetta2/example/NIDQSF/protein.hhm -d /media/stefano/DISCO1/FOLDEN/trRosettaX/pdb70/pdb70 -o /media/stefano/DISCO1/FOLDEN/trRosetta2/example/NIDQSF/protein.out -cpu 32 

 No Hit                             Prob E-value P-value  Score    SS Cols Query HMM  Template HMM
  1 1GNY_A XYLANASE 10C (E.C.3.2.1  17.5 1.3E+02  0.0014   14.3   0.0    6    1-6      64-69  (153)
  2 4HFO_A Biogenic amine-binding    9.4 3.1E+02  0.0035   10.7   0.0    5    2-6     186-190 (195)
  3 4U4R_SM 40S ribosomal protein    8.4 3.6E+02   0.004   12.6   0.0    6    1-6     208-213 (273)
  4 1R48_A Proline/betaine transpo   7.9   4E+02  0.0044   10.1   0.0    5    1-5       5-9   (33)
  5 4B9G_A CS6 FIMBRIAL SUBUNIT B,   7.8   4E+02  0.0044   12.9   0.0    6    1-6       8-13  (161)
  6 7PLO_L Genome stability, DNA r   7.5 4.2E+02  0.0047   13.4   0.0    5    2-6     279-283 (301)
  7 4LO5_A HA-70; progenitor toxin   7.4 4.3E+02  0.0048   13.0   0.0    6    1-6     163-168 (190)
  8 4LO4_A HA-70; progenitor toxin   7.2 4.4E+02  0.0049   13.0   0.0    6    1-6     163-168 (190)
  9 4LO6_A HA-70; progenitor toxin   7.2 4.4E+02  0.0049   13.0   0.0    6    1-6     163-168 (190)
 10 6CFZ_A Ask1, Dad3, Dad2, Duo1,   7.1 4.6E+02   0.005   10.6   0.0    6    1-6      20-25  (77)

No 1
>1GNY_A XYLANASE 10C (E.C.3.2.1.8); CARBOHYDRATE-BINDING MODULE, XYLAN, XYLOOLIGOSACCHARIDE, XYLANASE; HET: XYP; 1.63A {PSEUDOMONAS CELLULOSA} SCOP: b.18.1.11
Probab=17.54  E-value=1.3e+02  Score=14.32  Aligned_cols=6  Identities=33%  Similarity=0.800  Sum_probs=3.0  Template_Neff=2.400

Q NIDQSF            1 NIDQSF    6 (6)
Q Consensus         1 nidqsf    6 (6)
                      |.||+|
T Consensus        64 ~vdQ~F   69 (153)
T 1GNY_A           64 NVSAEF   69 (153)
T ss_dssp             EECHHH
T ss_pred             Eeccee
Confidence            345554


No 2
>4HFO_A Biogenic amine-binding protein; Beta barrel, Serotonin, norepinephrine, Salivary; HET: MSE; 3.0A {Rhodnius prolixus}
Probab=9.35  E-value=3.1e+02  Score=10.67  Aligned_cols=5  Identities=60%  Similarity=1.012  Sum_probs=0.0  Template_Neff=9.400

Q NIDQSF            2 IDQSF    6 (6)
Q Consensus         2 idqsf    6 (6)
                      .+|||
T Consensus       186 ~~~~~  190 (195)
T 4HFO_A          186 LKQSF  190 (195)
T ss_dssp             HHSCC
T ss_pred             hhccC


No 3
>4U4R_SM 40S ribosomal protein S0-A, 40S; translation, ribosome, 40S, 60S, 80S; HET: MG, ZN, OHX, 3H3; 2.801A {Saccharomyces cerevisiae S288c}
Probab=8.42  E-value=3.6e+02  Score=12.62  Aligned_cols=6  Identities=33%  Similarity=0.827  Sum_probs=0.0  Template_Neff=6.100

Q NIDQSF            1 NIDQSF    6 (6)
Q Consensus         1 nidqsf    6 (6)
                      .||+.|
T Consensus       208 eId~~F  213 (273)
T 4U4R_SM         208 EFDATF  213 (273)
T ss_pred             eeechh


No 4
>1R48_A Proline/betaine transporter; OSMOSENSOR, CYTOPLASMIC, COILED-COIL, ANTIPARALLEL, TWO-STRANDED; NMR {N/A} SCOP: h.4.15.1
Probab=7.86  E-value=4e+02  Score=10.07  Aligned_cols=5  Identities=60%  Similarity=0.886  Sum_probs=0.0  Template_Neff=2.200

Q NIDQSF            1 NIDQS    5 (6)
Q Consensus         1 nidqs    5 (6)
                      ||.|+
T Consensus         5 ~IEqk    9 (33)
T 1R48_A            5 NIEQK    9 (33)
T ss_dssp             HHHHH
T ss_pred             chHHH


No 5
>4B9G_A CS6 FIMBRIAL SUBUNIT B, CS6; CELL ADHESION, DIARRHEAL DISEASE, FIMBRIAE; 1.04A {ESCHERICHIA COLI}
Probab=7.79  E-value=4e+02  Score=12.90  Aligned_cols=6  Identities=67%  Similarity=1.171  Sum_probs=0.0  Template_Neff=1.000

Q NIDQSF            1 NIDQSF    6 (6)
Q Consensus         1 nidqsf    6 (6)
                      ||.|.|
T Consensus         8 nieqnf   13 (161)
T 4B9G_A            8 NIEQNF   13 (161)
T ss_dssp             ------
T ss_pred             cccccc


No 6
>7PLO_L Genome stability, DNA replication, Ubiquitination; HET: ANP; 2.8A {Homo sapiens}
Probab=7.52  E-value=4.2e+02  Score=13.36  Aligned_cols=5  Identities=80%  Similarity=1.291  Sum_probs=0.0  Template_Neff=4.200

Q NIDQSF            2 IDQSF    6 (6)
Q Consensus         2 idqsf    6 (6)
                      +||||
T Consensus       279 ~~~~~  283 (301)
T 7PLO_L          279 LDQSF  283 (301)
T ss_pred             HHHHH


No 7
>4LO5_A HA-70; progenitor toxin complex, botulinum neurotoxin; HET: GLC, GAL, SIA; 2.7A {Clostridium botulinum}
Probab=7.37  E-value=4.3e+02  Score=12.98  Aligned_cols=6  Identities=33%  Similarity=0.888  Sum_probs=0.0  Template_Neff=2.700

Q NIDQSF            1 NIDQSF    6 (6)
Q Consensus         1 nidqsf    6 (6)
                      +||++|
T Consensus       163 ~ID~~~  168 (190)
T 4LO5_A          163 KINKDF  168 (190)
T ss_dssp             CCCHHH
T ss_pred             cccCce


No 8
>4LO4_A HA-70; progenitor toxin complex, botulinum neurotoxin; 2.871A {Clostridium botulinum}
Probab=7.25  E-value=4.4e+02  Score=12.97  Aligned_cols=6  Identities=33%  Similarity=0.888  Sum_probs=0.0  Template_Neff=2.600

Q NIDQSF            1 NIDQSF    6 (6)
Q Consensus         1 nidqsf    6 (6)
                      +||++|
T Consensus       163 ~ID~~~  168 (190)
T 4LO4_A          163 KINKDF  168 (190)
T ss_dssp             CCCHHH
T ss_pred             ccccce


No 9
>4LO6_A HA-70; progenitor toxin complex, botulinum neurotoxin; HET: GAL, SIA; 2.3A {Clostridium botulinum}
Probab=7.25  E-value=4.4e+02  Score=12.97  Aligned_cols=6  Identities=33%  Similarity=0.888  Sum_probs=0.0  Template_Neff=2.600

Q NIDQSF            1 NIDQSF    6 (6)
Q Consensus         1 nidqsf    6 (6)
                      +||++|
T Consensus       163 ~ID~~~  168 (190)
T 4LO6_A          163 KINKDF  168 (190)
T ss_dssp             CCCHHH
T ss_pred             ccccce


No 10
>6CFZ_A Ask1, Dad3, Dad2, Duo1, Dad4; DASH, Dam1 complex, Ask1, Dad1;{Chaetomium thermophilum}
Probab=7.08  E-value=4.6e+02  Score=10.62  Aligned_cols=6  Identities=50%  Similarity=0.982  Sum_probs=0.0  Template_Neff=4.800

Q NIDQSF            1 NIDQSF    6 (6)
Q Consensus         1 nidqsf    6 (6)
                      +||..|
T Consensus        20 ~ID~Nf   25 (77)
T 6CFZ_A           20 EIDSNF   25 (77)
T ss_dssp             HHHHHH
T ss_pred             HHHHHH


