Query         KWDRDM
Match_columns 6
No_of_seqs    1 out of 1
Neff          1
Searched_HMMs 90378
Date          Mon Dec 20 13:05:18 2021
Command       /media/stefano/DISCO1/FOLDEN/hh-suite/build/bin/hhsearch -i /media/stefano/DISCO1/FOLDEN/trRosetta2/example/KWDRDM/protein.hhm -d /media/stefano/DISCO1/FOLDEN/trRosettaX/pdb70/pdb70 -o /media/stefano/DISCO1/FOLDEN/trRosetta2/example/KWDRDM/protein.out -cpu 32 

 No Hit                             Prob E-value P-value  Score    SS Cols Query HMM  Template HMM
  1 5WTI_Z CRISPR-associated prote  44.2      21 0.00023   20.5   0.0    6    1-6     214-219 (1108)
  2 5U33_A CRISPR-associated endon  43.6      22 0.00024   20.4   0.0    6    1-6     216-221 (1130)
  3 5U31_A CRISPR-associated endon  43.0      23 0.00025   20.5   0.0    6    1-6     216-221 (1130)
  4 6YNX_M Ymf66, subunit b, subun  37.6      31 0.00034   17.1   0.0    6    1-6      62-67  (221)
  5 6YNX_m Ymf66, subunit b, subun  37.6      31 0.00034   17.1   0.0    6    1-6      62-67  (221)
  6 2LJU_A Putative oxidoreductase  33.8      39 0.00043   13.8   0.0    6    1-6     103-108 (108)
  7 6VRB_A CRISPR-associated endor  20.5      98  0.0011   18.1   0.0    6    1-6     898-903 (1087)
  8 1OR0_B Glutaryl 7-Aminocephalo  20.2   1E+02  0.0011   14.3   0.0    6    1-6     333-338 (528)
  9 3T97_A Nuclear pore complex pr  19.5 1.1E+02  0.0012   11.4   0.0    4    1-4       2-5   (64)
 10 5XWP_A Uncharacterized protein  19.4 1.1E+02  0.0012   18.1   0.0    5    2-6     972-976 (1160)

No 1
>5WTI_Z CRISPR-associated protein/DNA Complex; CRISPR, RNA, DNA, Hydrolase-DNA-RNA complex; HET: MG; 2.682A {Bacillus thermoamylovorans}
Probab=44.22  E-value=21  Score=20.46  Aligned_cols=6  Identities=50%  Similarity=1.022  Sum_probs=4.8  Template_Neff=3.500

Q KWDRDM            1 KWDRDM    6 (6)
Q Consensus         1 kwdrdm    6 (6)
                      .|||||
T Consensus       214 ~wdr~~  219 (1108)
T 5WTI_Z          214 RLDKDM  219 (1108)
T ss_dssp             HHHHHH
T ss_pred             cccHHH
Confidence            389987


No 2
>5U33_A CRISPR-associated endonuclease C2c1/RNA Complex; Type V CRISPR-Cas endonculease: C2c1:; 3.75A {Alicyclobacillus acidoterrestris (strain ATCC 49025 / DSM 3922 / CIP 106132 / NCIMB 13137 / GD3B)}
Probab=43.57  E-value=22  Score=20.45  Aligned_cols=6  Identities=83%  Similarity=1.813  Sum_probs=4.8  Template_Neff=3.500

Q KWDRDM            1 KWDRDM    6 (6)
Q Consensus         1 kwdrdm    6 (6)
                      .|||||
T Consensus       216 ~wdr~~  221 (1130)
T 5U33_A          216 TWDRDM  221 (1130)
T ss_dssp             HHHHHH
T ss_pred             ccCHHH
Confidence            389987


No 3
>5U31_A CRISPR-associated endonuclease C2c1/RNA Complex; Type V CRISPR-Cas endonculease: C2c1:; HET: SO4, MSE; 2.89A {Alicyclobacillus acidoterrestris}
Probab=42.96  E-value=23  Score=20.46  Aligned_cols=6  Identities=83%  Similarity=1.813  Sum_probs=4.8  Template_Neff=3.300

Q KWDRDM            1 KWDRDM    6 (6)
Q Consensus         1 kwdrdm    6 (6)
                      .|||||
T Consensus       216 ~wdr~~  221 (1130)
T 5U31_A          216 TWDRDM  221 (1130)
T ss_dssp             HHHHHH
T ss_pred             ccCHHH
Confidence            389987


No 4
>6YNX_M Ymf66, subunit b, subunit d; mitochondria, ATP synthase, Fo-subcomplex, IF1; HET: PO4, CDL, ATP, NAD, UQ8, PC1, PEE; 2.5A {Tetrahymena thermophila}
Probab=37.64  E-value=31  Score=17.05  Aligned_cols=6  Identities=67%  Similarity=1.597  Sum_probs=4.5  Template_Neff=1.900

Q KWDRDM            1 KWDRDM    6 (6)
Q Consensus         1 kwdrdm    6 (6)
                      .||.||
T Consensus        62 EWdDDM   67 (221)
T 6YNX_M           62 EWDDDM   67 (221)
T ss_pred             ccCccC
Confidence            388887


No 5
>6YNX_m Ymf66, subunit b, subunit d; mitochondria, ATP synthase, Fo-subcomplex, IF1; HET: CDL, ATP, PC1, NAD, PEE, PO4, UQ8; 2.5A {Tetrahymena thermophila}
Probab=37.64  E-value=31  Score=17.05  Aligned_cols=6  Identities=67%  Similarity=1.597  Sum_probs=4.5  Template_Neff=1.900

Q KWDRDM            1 KWDRDM    6 (6)
Q Consensus         1 kwdrdm    6 (6)
                      .||.||
T Consensus        62 EWdDDM   67 (221)
T 6YNX_m           62 EWDDDM   67 (221)
T ss_pred             ccCccC
Confidence            388887


No 6
>2LJU_A Putative oxidoreductase; oxidoreductase, Structural Genomics, Seattle Structural; NMR {Ehrlichia chaffeensis}
Probab=33.77  E-value=39  Score=13.81  Aligned_cols=6  Identities=50%  Similarity=0.535  Sum_probs=3.7  Template_Neff=5.800

Q KWDRDM            1 KWDRDM    6 (6)
Q Consensus         1 kwdrdm    6 (6)
                      +|+|+|
T Consensus       103 ~~~r~~  108 (108)
T 2LJU_A          103 TKPRDM  108 (108)
T ss_dssp             CCCCCC
T ss_pred             CCCCCC
Confidence            466765


No 7
>6VRB_A CRISPR-associated endoribonuclease Cas13a, AcrVA1/RNA Complex; CRISPR-Cas system, Cas13, type VIA; 3.0A {Listeria seeligeri serovar 1/2b str. SLCC3954}
Probab=20.50  E-value=98  Score=18.13  Aligned_cols=6  Identities=50%  Similarity=0.556  Sum_probs=4.3  Template_Neff=3.400

Q KWDRDM            1 KWDRDM    6 (6)
Q Consensus         1 kwdrdm    6 (6)
                      .|+||+
T Consensus       898 iwERD~  903 (1087)
T 6VRB_A          898 IADRDF  903 (1087)
T ss_dssp             HHHHHH
T ss_pred             HHHHhH
Confidence            388885


No 8
>1OR0_B Glutaryl 7-Aminocephalosporanic Acid Acylase (E.C.3.5.1.-)/glutaryl; Glutaryl 7-aminocephalosporanic acid, N-terminal nucleophile; HET: MSE; 2.0A {Pseudomonas sp. SY-77-1}
Probab=20.24  E-value=1e+02  Score=14.34  Aligned_cols=6  Identities=50%  Similarity=1.525  Sum_probs=3.2  Template_Neff=8.500

Q KWDRDM            1 KWDRDM    6 (6)
Q Consensus         1 kwdrdm    6 (6)
                      .||++|
T Consensus       333 ~WDg~~  338 (528)
T 1OR0_B          333 AWDREF  338 (528)
T ss_dssp             HCCSBC
T ss_pred             HCcCCC
Confidence            366654


No 9
>3T97_A Nuclear pore complex protein Nup54; nucleoporin, coiled-coil, nuclear pore complex; 2.8A {Rattus norvegicus}
Probab=19.52  E-value=1.1e+02  Score=11.40  Aligned_cols=4  Identities=75%  Similarity=1.930  Sum_probs=0.0  Template_Neff=6.200

Q KWDRDM            1 KWDR    4 (6)
Q Consensus         1 kwdr    4 (6)
                      .|||
T Consensus         2 ~WD~    5 (64)
T 3T97_A            2 AWDR    5 (64)
T ss_pred             hhHH


No 10
>5XWP_A Uncharacterized protein/RNA Complex; LbuCas13a, C2c2, crRNA, target RNA; HET: MSE; 3.086A {Leptotrichia buccalis}
Probab=19.39  E-value=1.1e+02  Score=18.15  Aligned_cols=5  Identities=60%  Similarity=1.936  Sum_probs=0.0  Template_Neff=3.300

Q KWDRDM            2 WDRDM    6 (6)
Q Consensus         2 wdrdm    6 (6)
                      |+|||
T Consensus       972 wERDl  976 (1160)
T 5XWP_A          972 WERDL  976 (1160)
T ss_dssp             HHHHH
T ss_pred             HHHHH


