Query         IATVYV
Match_columns 6
No_of_seqs    1 out of 1
Neff          1
Searched_HMMs 90378
Date          Mon Dec 20 07:30:33 2021
Command       /media/stefano/DISCO1/FOLDEN/hh-suite/build/bin/hhsearch -i /media/stefano/DISCO1/FOLDEN/trRosetta2/example/IATVYV/protein.hhm -d /media/stefano/DISCO1/FOLDEN/trRosettaX/pdb70/pdb70 -o /media/stefano/DISCO1/FOLDEN/trRosetta2/example/IATVYV/protein.out -cpu 32 

 No Hit                             Prob E-value P-value  Score    SS Cols Query HMM  Template HMM
  1 2M7O_A uncharacterized protein  47.2      18 0.00019   14.8   0.0    6    1-6      27-32  (70)
  2 5Y2G_A Maltose-binding peripla  23.3      79 0.00088   14.7   0.0    6    1-6     511-516 (595)
  3 1KKG_A ribosome-binding factor   8.2 3.8E+02  0.0042    9.9   0.0    5    2-6      50-54  (108)
  4 2KZF_A Ribosome-binding factor   8.0 3.9E+02  0.0043    9.8   0.0    5    2-6      50-54  (106)
  5 7KZM_O Tubulin beta, Tubulin a   8.0 3.9E+02  0.0043   10.3   0.0    5    1-5     109-113 (117)
  6 7KZN_O Heavy chain alpha, Flag   8.0 3.9E+02  0.0043   10.3   0.0    5    1-5     109-113 (117)
  7 2E7G_A Putative ribosome-bindi   7.4 4.3E+02  0.0048   10.1   0.0    5    2-6      58-62  (129)
  8 2DYJ_B Ribosome-binding factor   7.3 4.4E+02  0.0048    9.6   0.0    5    2-6      45-49  (95)
  9 2R1C_A Ribosome-binding factor   7.3 4.4E+02  0.0048    9.6   0.0    5    2-6      45-49  (95)
 10 5N76_B CooT; CODH maturation,    6.9 4.7E+02  0.0052   10.0   0.0    5    2-6       4-8   (66)

No 1
>2M7O_A uncharacterized protein; Structural Genomics, Unknown Function; NMR {Streptococcus pneumoniae}
Probab=47.20  E-value=18  Score=14.82  Aligned_cols=6  Identities=83%  Similarity=1.215  Sum_probs=3.6  Template_Neff=3.700

Q IATVYV            1 IATVYV    6 (6)
Q Consensus         1 iatvyv    6 (6)
                      |+++||
T Consensus        27 I~vLYv   32 (70)
T 2M7O_A           27 IATLYV   32 (70)
T ss_dssp             EEECCC
T ss_pred             eEEEEE
Confidence            566664


No 2
>5Y2G_A Maltose-binding periplasmic protein,Protein B; Camp factor, pore forming toxin; HET: MAL, SO4; 3.0A {Escherichia coli}
Probab=23.31  E-value=79  Score=14.66  Aligned_cols=6  Identities=50%  Similarity=0.744  Sum_probs=3.5  Template_Neff=8.900

Q IATVYV            1 IATVYV    6 (6)
Q Consensus         1 iatvyv    6 (6)
                      +||+|+
T Consensus       511 ~~~~~~  516 (595)
T 5Y2G_A          511 RATIYT  516 (595)
T ss_pred             ceehhh
Confidence            366664


No 3
>1KKG_A ribosome-binding factor A; cold-shock adaptation, ribosome-binding factor, NESG; NMR {Escherichia coli} SCOP: d.52.7.1
Probab=8.18  E-value=3.8e+02  Score=9.90  Aligned_cols=5  Identities=80%  Similarity=1.139  Sum_probs=0.0  Template_Neff=8.400

Q IATVYV            2 ATVYV    6 (6)
Q Consensus         2 atvyv    6 (6)
                      |.||+
T Consensus        50 a~Vy~   54 (108)
T 1KKG_A           50 AKVYV   54 (108)
T ss_dssp             EEEEE
T ss_pred             EEEEE


No 4
>2KZF_A Ribosome-binding factor A; JCSG, Joint Center Structural Genomics; NMR {Thermotoga maritima}
Probab=7.98  E-value=3.9e+02  Score=9.83  Aligned_cols=5  Identities=80%  Similarity=1.132  Sum_probs=0.0  Template_Neff=8.400

Q IATVYV            2 ATVYV    6 (6)
Q Consensus         2 atvyv    6 (6)
                      |.||+
T Consensus        50 a~Vy~   54 (106)
T 2KZF_A           50 ADVYV   54 (106)
T ss_dssp             EEEEE
T ss_pred             EEEEE


No 5
>7KZM_O Tubulin beta, Tubulin alpha, Heavy; dynein, microtubule, cilia, MOTOR PROTEIN; HET: GTP, GDP; 7.5A {Chlamydomonas reinhardtii}
Probab=7.98  E-value=3.9e+02  Score=10.28  Aligned_cols=5  Identities=40%  Similarity=1.039  Sum_probs=0.0  Template_Neff=7.800

Q IATVYV            1 IATVY    5 (6)
Q Consensus         1 iatvy    5 (6)
                      +++||
T Consensus       109 ~~tV~  113 (117)
T 7KZM_O          109 LVSVY  113 (117)
T ss_pred             EEEEE


No 6
>7KZN_O Heavy chain alpha, Flagellar outer; dynein, microtubule, cilia, MOTOR PROTEIN; 4.0A {Chlamydomonas reinhardtii}
Probab=7.98  E-value=3.9e+02  Score=10.28  Aligned_cols=5  Identities=40%  Similarity=1.039  Sum_probs=0.0  Template_Neff=7.800

Q IATVYV            1 IATVY    5 (6)
Q Consensus         1 iatvy    5 (6)
                      +++||
T Consensus       109 ~~tV~  113 (117)
T 7KZN_O          109 LVSVY  113 (117)
T ss_dssp             EEEEE
T ss_pred             EEEEE


No 7
>2E7G_A Putative ribosome-binding factor A; RbfA, Structural Genomics, NPPSFA, National; NMR {Homo sapiens} SCOP: d.52.7.1
Probab=7.36  E-value=4.3e+02  Score=10.14  Aligned_cols=5  Identities=20%  Similarity=0.375  Sum_probs=0.0  Template_Neff=8.200

Q IATVYV            2 ATVYV    6 (6)
Q Consensus         2 atvyv    6 (6)
                      |.||+
T Consensus        58 a~Vy~   62 (129)
T 2E7G_A           58 CRAYW   62 (129)
T ss_dssp             EEEEE
T ss_pred             EEEEE


No 8
>2DYJ_B Ribosome-binding factor A; 16S rRNA processing, 17S RNA; 1.84A {Thermus thermophilus} SCOP: d.52.7.1
Probab=7.33  E-value=4.4e+02  Score=9.56  Aligned_cols=5  Identities=60%  Similarity=0.992  Sum_probs=0.0  Template_Neff=8.300

Q IATVYV            2 ATVYV    6 (6)
Q Consensus         2 atvyv    6 (6)
                      |.||+
T Consensus        45 a~Vy~   49 (95)
T 2DYJ_B           45 LSVYV   49 (95)
T ss_dssp             EEEEE
T ss_pred             EEEEE


No 9
>2R1C_A Ribosome-binding factor A; helix-kink-helix, KH domain, rRNA processing; 12.5A {Thermus thermophilus} SCOP: d.52.7.1
Probab=7.33  E-value=4.4e+02  Score=9.56  Aligned_cols=5  Identities=60%  Similarity=0.992  Sum_probs=0.0  Template_Neff=8.300

Q IATVYV            2 ATVYV    6 (6)
Q Consensus         2 atvyv    6 (6)
                      |.||+
T Consensus        45 a~Vy~   49 (95)
T 2R1C_A           45 LSVYV   49 (95)
T ss_dssp             EEEEE
T ss_pred             EEEEE


No 10
>5N76_B CooT; CODH maturation, nickel-binding protein, anaerobic; 1.9A {Rhodospirillum rubrum}
Probab=6.87  E-value=4.7e+02  Score=9.99  Aligned_cols=5  Identities=40%  Similarity=0.441  Sum_probs=0.0  Template_Neff=5.600

Q IATVYV            2 ATVYV    6 (6)
Q Consensus         2 atvyv    6 (6)
                      ++||+
T Consensus         4 s~vy~    8 (66)
T 5N76_B            4 AKVVL    8 (66)
T ss_dssp             CEEEE
T ss_pred             ceEEE


