Query         RNLTKD
Match_columns 6
No_of_seqs    1 out of 1
Neff          1
Searched_HMMs 90378
Date          Tue Dec 21 12:30:27 2021
Command       /media/stefano/DISCO1/FOLDEN/hh-suite/build/bin/hhsearch -i /media/stefano/DISCO1/FOLDEN/trRosetta2/example/RNLTKD/protein.hhm -d /media/stefano/DISCO1/FOLDEN/trRosettaX/pdb70/pdb70 -o /media/stefano/DISCO1/FOLDEN/trRosetta2/example/RNLTKD/protein.out -cpu 32 

 No Hit                             Prob E-value P-value  Score    SS Cols Query HMM  Template HMM
  1 3OP0_B Signal transduction pro   6.1 5.5E+02  0.0061   12.5   0.0    5    1-5     112-116 (323)
  2 1UMH_A F-box only protein 2(E.   6.0 5.7E+02  0.0063   10.9   0.0    6    1-6      12-17  (184)
  3 3OJI_A Abscisic acid receptor    6.0 5.7E+02  0.0063    9.6   0.0    4    3-6       5-8   (189)
  4 1F32_A MAJOR PEPSIN INHIBITOR    5.8 5.9E+02  0.0065   10.9   0.0    6    1-6      28-33  (149)
  5 1F34_B PEPSIN A (E.C.3.4.23.1)   5.8 5.9E+02  0.0065   10.9   0.0    6    1-6      28-33  (149)
  6 4EPD_C Urease subunit alpha (E   5.0 7.1E+02  0.0079   12.0   0.0    5    1-5     517-521 (566)
  7 1S7A_A Lupus La protein; La mo   4.9 7.3E+02  0.0081    9.5   0.0    5    2-6      29-33  (103)
  8 2MTF_A La-related protein 6; L   4.8 7.6E+02  0.0084    9.9   0.0    5    2-6      40-44  (115)
  9 2CQK_A C-Mpl binding protein;    4.5 8.1E+02   0.009    9.6   0.0    5    2-6      30-34  (101)
 10 2RJ2_A F-box only protein 2 (E   4.2 8.8E+02  0.0098   10.4   0.0    6    1-6      13-18  (185)

No 1
>3OP0_B Signal transduction protein CBL-C, Epidermal; Structural Genomics, Structural Genomics Consortium; HET: CSO, CSD, PTR; 2.52A {Homo sapiens}
Probab=6.13  E-value=5.5e+02  Score=12.49  Aligned_cols=5  Identities=60%  Similarity=0.880  Sum_probs=0.0  Template_Neff=5.800

Q RNLTKD            1 RNLTK    5 (6)
Q Consensus         1 rnltk    5 (6)
                      |+|||
T Consensus       112 r~l~k  116 (323)
T 3OP0_B          112 RQLAK  116 (323)
T ss_dssp             HHHHH
T ss_pred             HHHHH


No 2
>1UMH_A F-box only protein 2(E.C.6.3.2.19); UBIQUITIN, SCF, UBIQUITIN LIGASE, LECTIN; 2.0A {Mus musculus} SCOP: b.18.1.21
Probab=5.99  E-value=5.7e+02  Score=10.92  Aligned_cols=6  Identities=50%  Similarity=0.894  Sum_probs=0.0  Template_Neff=7.100

Q RNLTKD            1 RNLTKD    6 (6)
Q Consensus         1 rnltkd    6 (6)
                      |||-++
T Consensus        12 rNLl~N   17 (184)
T 1UMH_A           12 RNLLRN   17 (184)
T ss_dssp             CCCSSS
T ss_pred             CccCCC


No 3
>3OJI_A Abscisic acid receptor PYL3; ABSCISIC ACID RECEPTOR, CRYSTAL, PP2C; HET: PYV, SO4; 1.84A {Arabidopsis thaliana}
Probab=5.95  E-value=5.7e+02  Score=9.60  Aligned_cols=4  Identities=100%  Similarity=1.198  Sum_probs=0.0  Template_Neff=10.100

Q RNLTKD            3 LTKD    6 (6)
Q Consensus         3 ltkd    6 (6)
                      ||||
T Consensus         5 ~~~~    8 (189)
T 3OJI_A            5 LTKD    8 (189)
T ss_dssp             CCHH
T ss_pred             CchH


No 4
>1F32_A MAJOR PEPSIN INHIBITOR PI-3; proteinase inhibitor, HYDROLASE INHIBITOR; 1.75A {Ascaris suum} SCOP: d.62.1.1
Probab=5.80  E-value=5.9e+02  Score=10.89  Aligned_cols=6  Identities=33%  Similarity=0.285  Sum_probs=0.0  Template_Neff=6.200

Q RNLTKD            1 RNLTKD    6 (6)
Q Consensus         1 rnltkd    6 (6)
                      |+||.+
T Consensus        28 r~Lt~~   33 (149)
T 1F32_A           28 TMLEGD   33 (149)
T ss_dssp             EECCGG
T ss_pred             ecCCHH


No 5
>1F34_B PEPSIN A (E.C.3.4.23.1)/MAJOR PEPSIN INHIBITOR; proteinase-inhibitor complex, HYDROLASE-HYDROLASE INHIBITOR COMPLEX; 2.45A {Sus scrofa} SCOP: d.62.1.1
Probab=5.80  E-value=5.9e+02  Score=10.89  Aligned_cols=6  Identities=33%  Similarity=0.285  Sum_probs=0.0  Template_Neff=6.200

Q RNLTKD            1 RNLTKD    6 (6)
Q Consensus         1 rnltkd    6 (6)
                      |+||.+
T Consensus        28 r~Lt~~   33 (149)
T 1F34_B           28 TMLEGD   33 (149)
T ss_dssp             EECCGG
T ss_pred             ecCCHH


No 6
>4EPD_C Urease subunit alpha (E.C.3.5.1.5), Urease; alpha-beta barrel, nickel metalloenzyme, hydrolase; 1.7A {Enterobacter aerogenes}
Probab=5.01  E-value=7.1e+02  Score=11.97  Aligned_cols=5  Identities=40%  Similarity=0.680  Sum_probs=0.0  Template_Neff=8.400

Q RNLTKD            1 RNLTK    5 (6)
Q Consensus         1 rnltk    5 (6)
                      |+++|
T Consensus       517 r~~~k  521 (566)
T 4EPD_C          517 RTVQK  521 (566)
T ss_pred             CCCCH


No 7
>1S7A_A Lupus La protein; La motif, alpha/beta, winged helix; NMR {Homo sapiens} SCOP: a.4.5.46
Probab=4.92  E-value=7.3e+02  Score=9.55  Aligned_cols=5  Identities=60%  Similarity=1.019  Sum_probs=0.0  Template_Neff=7.300

Q RNLTKD            2 NLTKD    6 (6)
Q Consensus         2 nltkd    6 (6)
                      ||.+|
T Consensus        29 NL~~D   33 (103)
T 1S7A_A           29 NLPRD   33 (103)
T ss_dssp             SGGGC
T ss_pred             hcccc


No 8
>2MTF_A La-related protein 6; LARP6, La motif, La-related proteins; NMR {Homo sapiens}
Probab=4.77  E-value=7.6e+02  Score=9.90  Aligned_cols=5  Identities=80%  Similarity=1.039  Sum_probs=0.0  Template_Neff=6.800

Q RNLTKD            2 NLTKD    6 (6)
Q Consensus         2 nltkd    6 (6)
                      ||.+|
T Consensus        40 NL~~D   44 (115)
T 2MTF_A           40 NLEKD   44 (115)
T ss_dssp             HHTTC
T ss_pred             hhccC


No 9
>2CQK_A C-Mpl binding protein; La domain, Structural Genomics, NPPSFA; NMR {Homo sapiens} SCOP: a.4.5.46
Probab=4.52  E-value=8.1e+02  Score=9.56  Aligned_cols=5  Identities=80%  Similarity=1.145  Sum_probs=0.0  Template_Neff=6.900

Q RNLTKD            2 NLTKD    6 (6)
Q Consensus         2 nltkd    6 (6)
                      ||.+|
T Consensus        30 NL~~D   34 (101)
T 2CQK_A           30 NLSKD   34 (101)
T ss_dssp             HHHHC
T ss_pred             Hhccc


No 10
>2RJ2_A F-box only protein 2 (E.C.6.3.2.19); UBIQUITIN, SCF, UBIQUITIN LIGASE, LECTIN; 1.7A {Mus musculus}
Probab=4.22  E-value=8.8e+02  Score=10.42  Aligned_cols=6  Identities=50%  Similarity=0.894  Sum_probs=0.0  Template_Neff=7.000

Q RNLTKD            1 RNLTKD    6 (6)
Q Consensus         1 rnltkd    6 (6)
                      |||.+.
T Consensus        13 rNLl~N   18 (185)
T 2RJ2_A           13 RNLLRN   18 (185)
T ss_dssp             CCCCSC
T ss_pred             CCcCCC


