Query         GNVCIN
Match_columns 6
No_of_seqs    1 out of 1
Neff          1
Searched_HMMs 90378
Date          Mon Dec 20 02:58:41 2021
Command       /media/stefano/DISCO1/FOLDEN/hh-suite/build/bin/hhsearch -i /media/stefano/DISCO1/FOLDEN/trRosetta2/example/GNVCIN/protein.hhm -d /media/stefano/DISCO1/FOLDEN/trRosettaX/pdb70/pdb70 -o /media/stefano/DISCO1/FOLDEN/trRosetta2/example/GNVCIN/protein.out -cpu 32 

 No Hit                             Prob E-value P-value  Score    SS Cols Query HMM  Template HMM
  1 7LA6_A Sensor histidine kinase  75.0     2.3 2.5E-05   19.6   0.0    6    1-6     211-216 (221)
  2 4R7Q_A Sensor histidine kinase  74.4     2.5 2.7E-05   19.4   0.0    6    1-6     212-217 (222)
  3 7CUS_A Flagellar hook-associat  74.1     2.5 2.8E-05   19.3   0.0    6    1-6     214-219 (221)
  4 5O57_A Dickkopf-related protei  34.9      37 0.00041   14.3   0.0    6    1-6      65-70  (95)
  5 5A9C_A POLYHEDRIN; VIRAL PROTE  33.1      41 0.00045   15.7   0.0    6    1-6      88-93  (220)
  6 1AW8_B L-ASPARTATE-ALPHA-DECAR  32.6      42 0.00047   14.1   0.0    6    1-6      43-48  (91)
  7 4ZQX_A Polyhedrin; post-refine  32.0      44 0.00048   15.9   0.0    6    1-6     108-113 (237)
  8 4PZ2_C ZmALDH; oxidoreductase;  30.8      47 0.00052   14.9   0.0    6    1-6     482-487 (534)
  9 5A96_A POLYHEDRIN; VIRAL PROTE  30.8      47 0.00053   15.7   0.0    6    1-6     108-113 (249)
 10 1UHE_A Aspartate 1-decarboxyla  30.7      48 0.00053   14.1   0.0    6    1-6      41-46  (97)
 11 3V9J_A Delta-1-pyrroline-5-car  29.9      50 0.00055   15.1   0.0    6    1-6     502-507 (563)
 12 4E3X_B Delta-1-pyrroline-5-car  29.9      50 0.00055   15.1   0.0    6    1-6     502-507 (563)
 13 5A9A_A POLYHEDRIN; VIRAL PROTE  29.7      51 0.00056   15.6   0.0    6    1-6     112-117 (243)
 14 5A98_A POLYHEDRIN; VIRAL PROTE  29.6      51 0.00057   15.7   0.0    6    1-6     115-120 (248)
 15 5A8S_A POLYHEDRIN; VIRAL PROTE  29.3      52 0.00058   15.7   0.0    6    1-6     122-127 (254)
 16 5A99_A POLYHEDRIN; VIRAL PROTE  29.2      52 0.00058   15.6   0.0    6    1-6     117-122 (248)
 17 5A8V_A POLYHEDRIN; VIRAL PROTE  29.2      53 0.00058   15.8   0.0    6    1-6     116-121 (253)
 18 3ZU3_A PUTATIVE REDUCTASE YPO4  28.6      55 0.00061   15.1   0.0    6    1-6      15-20  (405)
 19 6D7Y_B Adenosylhomocysteinase   28.2      56 0.00062   14.7   0.0    6    1-6      61-66  (155)
 20 1VC3_B L-Aspartate-alpha-Decar  28.0      57 0.00063   13.8   0.0    6    1-6      43-48  (96)
 21 5A8U_A POLYHEDRIN; VIRAL PROTE  27.8      58 0.00064   15.6   0.0    6    1-6     116-121 (253)
 22 4BKR_A PUTATIVE REDUCTASE YPZ3  27.5      59 0.00065   15.1   0.0    6    1-6      16-21  (406)
 23 4JDC_A 1-pyrroline-5-carboxyla  27.0      61 0.00067   14.6   0.0    6    1-6     500-505 (563)
 24 5LS7_D Aspartate 1-decarboxyla  26.9      61 0.00068   13.9   0.0    6    1-6      43-48  (102)
 25 7A8Y_BBB Decarboxylase, LYASE;  26.8      62 0.00068   13.7   0.0    6    1-6      43-48  (94)
 26 5XI0_A Enoyl-[acyl-carrier-pro  26.7      62 0.00069   15.0   0.0    6    1-6       9-14  (400)
 27 3PLX_B Aspartate 1-decarboxyla  26.6      63 0.00069   13.8   0.0    6    1-6      42-47  (102)
 28 4ZZ7_A Methylmalonate-semialde  26.4      64  0.0007   14.1   0.0    6    1-6     435-440 (501)
 29 6P1Y_B Aspartate 1 decarboxyla  26.3      64 0.00071   14.4   0.0    6    1-6      43-48  (123)
 30 4OE6_B Delta-1-pyrroline-5-car  26.1      65 0.00072   14.8   0.0    6    1-6     512-517 (580)
 31 4OTS_A Polyhedrin; microcrysta  26.0      65 0.00072   15.4   0.0    6    1-6     115-120 (248)
 32 3PQA_B Lactaldehyde dehydrogen  26.0      65 0.00072   14.1   0.0    6    1-6     417-422 (486)
 33 4ZZ7_J Methylmalonate-semialde  25.8      66 0.00073   14.1   0.0    6    1-6     435-440 (501)
 34 4OE6_A Delta-1-pyrroline-5-car  25.7      67 0.00074   14.8   0.0    6    1-6     512-517 (580)
 35 2J6V_A UV ENDONUCLEASE; UVDE,   25.6      67 0.00074   13.4   0.0    6    1-6      26-31  (301)
 36 4PZ2_B ZmALDH; oxidoreductase;  25.6      67 0.00074   14.4   0.0    6    1-6     482-487 (534)
 37 4LT5_A Naegleria Tet-like diox  25.2      69 0.00076   15.0   0.0    6    1-6      40-45  (327)
 38 3TC3_B UV damage endonuclease   25.1      69 0.00077   13.6   0.0    6    1-6      25-30  (310)
 39 4GLE_A PROTEIN/DNA Complex; TI  24.8      71 0.00078   13.6   0.0    6    1-6      25-30  (310)
 40 6P02_D Aspartate 1-decarboxyla  24.5      73 0.00081   14.2   0.0    6    1-6      43-48  (123)
 41 1PPY_A Aspartate 1-decarboxyla  23.4      78 0.00087   14.1   0.0    6    1-6      67-72  (126)
 42 5JFM_B Aldehyde dehydrogenase;  22.7      83 0.00092   14.1   0.0    6    1-6     471-476 (524)
 43 1ZLD_A Ptr necrosis toxin; bet  22.2      86 0.00095   14.5   0.0    6    1-6      97-102 (118)
 44 1ZLE_B Ptr necrosis toxin; bet  22.2      86 0.00095   14.5   0.0    6    1-6      97-102 (118)
 45 6BUM_A cyanuic acid hydrolase;  21.5      91   0.001   16.0   0.0    6    1-6      44-49  (363)
 46 6CWJ_B Barbiturase (E.C.3.5.2.  21.5      91   0.001   16.0   0.0    6    1-6      44-49  (363)
 47 4NQ3_A Cyanuric acid amidohydr  21.4      92   0.001   15.9   0.0    6    1-6      43-48  (356)
 48 5MYP_A Aldehyde dehydrogenase;  20.9      95  0.0011   14.6   0.0    6    1-6     415-420 (546)
 49 3OUG_B Aspartate 1-decarboxyla  20.8      96  0.0011   13.6   0.0    6    1-6      70-75  (114)
 50 3OUG_C Aspartate 1-decarboxyla  20.8      96  0.0011   13.6   0.0    6    1-6      70-75  (114)
 51 5T13_A Cyanuric acid amidohydr  20.7      97  0.0011   15.9   0.0    6    1-6      48-53  (376)
 52 7NA0_A FLAVOENZYME, ROSSMANN F  20.6      98  0.0011   15.7   0.0    6    1-6     940-945 (1005)
 53 5HWE_A Barbiturase (E.C.3.5.2.  20.3   1E+02  0.0011   16.0   0.0    6    1-6      64-69  (389)
 54 4NS3_C Delta-1-pyrroline-5-car  20.2   1E+02  0.0011   14.0   0.0    6    1-6     500-505 (563)
 55 4CRZ_A ASPARTATE 1-DECARBOXYLA  20.1   1E+02  0.0011   14.1   0.0    6    1-6      84-89  (143)

No 1
>7LA6_A Sensor histidine kinase; VXRA, TWO-COMPONENT SYSTEM, HISTIDINE KINASE; HET: PG4, SO4, GOL, PEG; 1.98A {Vibrio cholerae serotype O1 (strain ATCC 39315 / El Tor Inaba N16961)}
Probab=75.04  E-value=2.3  Score=19.57  Aligned_cols=6  Identities=50%  Similarity=1.409  Sum_probs=5.0  Template_Neff=4.700

Q GNVCIN            1 GNVCIN    6 (6)
Q Consensus         1 gnvcin    6 (6)
                      ||+|++
T Consensus       211 GNLCw~  216 (221)
T 7LA6_A          211 GNICWD  216 (221)
T ss_dssp             TTEEEC
T ss_pred             ccccee
Confidence            799985


No 2
>4R7Q_A Sensor histidine kinase; structural genomics, The Center for; HET: SO4; 1.981A {Vibrio cholerae O1 biovar El Tor str. N16961}
Probab=74.35  E-value=2.5  Score=19.43  Aligned_cols=6  Identities=50%  Similarity=1.409  Sum_probs=4.9  Template_Neff=4.800

Q GNVCIN            1 GNVCIN    6 (6)
Q Consensus         1 gnvcin    6 (6)
                      ||+|++
T Consensus       212 GNLCw~  217 (222)
T 4R7Q_A          212 GNICWD  217 (222)
T ss_dssp             TTEEEC
T ss_pred             ccccee
Confidence            789985


No 3
>7CUS_A Flagellar hook-associated protein 2; sensor domain, beta-lactam antibiotic receptor; 1.65A {Vibrio parahaemolyticus}
Probab=74.15  E-value=2.5  Score=19.29  Aligned_cols=6  Identities=50%  Similarity=1.409  Sum_probs=4.9  Template_Neff=5.000

Q GNVCIN            1 GNVCIN    6 (6)
Q Consensus         1 gnvcin    6 (6)
                      ||+|++
T Consensus       214 GnlCw~  219 (221)
T 7CUS_A          214 GNICWD  219 (221)
T ss_dssp             TTEEEE
T ss_pred             ccccee
Confidence            789985


No 4
>5O57_A Dickkopf-related protein 4; Dkk4, Wnt Signalling, Cysteine-rich domain; NMR {Homo sapiens}
Probab=34.92  E-value=37  Score=14.28  Aligned_cols=6  Identities=50%  Similarity=1.514  Sum_probs=3.2  Template_Neff=4.400

Q GNVCIN            1 GNVCIN    6 (6)
Q Consensus         1 gnvcin    6 (6)
                      ||.|+|
T Consensus        65 G~lCvn   70 (95)
T 5O57_A           65 GTLCVN   70 (95)
T ss_dssp             TEEEET
T ss_pred             CCeeeC
Confidence            455654


No 5
>5A9C_A POLYHEDRIN; VIRAL PROTEIN, INSECT VIRUS OCCLUSION; 1.71A {ANTHERAEA MYLITTA CYPOVIRUS 4}
Probab=33.14  E-value=41  Score=15.72  Aligned_cols=6  Identities=33%  Similarity=0.501  Sum_probs=3.7  Template_Neff=4.700

Q GNVCIN            1 GNVCIN    6 (6)
Q Consensus         1 gnvcin    6 (6)
                      ||||++
T Consensus        88 GnVd~~   93 (220)
T 5A9C_A           88 GNIDWT   93 (220)
T ss_dssp             SSBCTT
T ss_pred             CCcccc
Confidence            567654


No 6
>1AW8_B L-ASPARTATE-ALPHA-DECARBOXYLASE; DECARBOXYLASE, PANTOTHENATE PATHWAY, LYASE, PROTEIN; HET: PYR; 2.2A {Escherichia coli}
Probab=32.56  E-value=42  Score=14.09  Aligned_cols=6  Identities=17%  Similarity=0.351  Sum_probs=3.3  Template_Neff=4.200

Q GNVCIN            1 GNVCIN    6 (6)
Q Consensus         1 gnvcin    6 (6)
                      |.+|+|
T Consensus        43 G~I~lN   48 (91)
T 1AW8_B           43 RIISVN   48 (91)
T ss_dssp             CCEEEE
T ss_pred             eEEEEc
Confidence            346665


No 7
>4ZQX_A Polyhedrin; post-refinement, free-electron laser, partiality, viral; HET: ATP; 1.46A {Uranotaenia sapphirina cypovirus}
Probab=32.04  E-value=44  Score=15.91  Aligned_cols=6  Identities=67%  Similarity=0.700  Sum_probs=3.8  Template_Neff=4.400

Q GNVCIN            1 GNVCIN    6 (6)
Q Consensus         1 gnvcin    6 (6)
                      ||||++
T Consensus       108 GnVdw~  113 (237)
T 4ZQX_A          108 GNVDWN  113 (237)
T ss_dssp             SSBCTT
T ss_pred             CCcccc
Confidence            677764


No 8
>4PZ2_C ZmALDH; oxidoreductase; HET: NAD, EDO; 2.4A {Zea mays}
Probab=30.80  E-value=47  Score=14.88  Aligned_cols=6  Identities=50%  Similarity=0.761  Sum_probs=3.4  Template_Neff=9.300

Q GNVCIN            1 GNVCIN    6 (6)
Q Consensus         1 gnvcin    6 (6)
                      |+|+||
T Consensus       482 g~v~iN  487 (534)
T 4PZ2_C          482 GVVWVN  487 (534)
T ss_dssp             SEEEES
T ss_pred             CeEEeC
Confidence            456665


No 9
>5A96_A POLYHEDRIN; VIRAL PROTEIN, INSECT VIRUS OCCLUSION; HET: GTP; 1.914A {LYMANTRIA DISPAR CYPOVIRUS 14}
Probab=30.77  E-value=47  Score=15.73  Aligned_cols=6  Identities=50%  Similarity=0.761  Sum_probs=3.8  Template_Neff=4.800

Q GNVCIN            1 GNVCIN    6 (6)
Q Consensus         1 gnvcin    6 (6)
                      ||||++
T Consensus       108 GnVd~~  113 (249)
T 5A96_A          108 GDVDIQ  113 (249)
T ss_dssp             ESEEEE
T ss_pred             CCeecc
Confidence            677664


No 10
>1UHE_A Aspartate 1-decarboxylase (E.C.4.1.1.11); double-psi beta barrel, LYASE; HET: NSN; 1.55A {Helicobacter pylori}
Probab=30.71  E-value=48  Score=14.08  Aligned_cols=6  Identities=50%  Similarity=1.608  Sum_probs=3.3  Template_Neff=4.200

Q GNVCIN            1 GNVCIN    6 (6)
Q Consensus         1 gnvcin    6 (6)
                      |.+|+|
T Consensus        41 G~I~lN   46 (97)
T 1UHE_A           41 GEICVN   46 (97)
T ss_pred             CeEEEc
Confidence            446665


No 11
>3V9J_A Delta-1-pyrroline-5-carboxylate dehydrogenase, mitochondrial (E.C.1.5.1.12); aldehyde dehydrogenase, Rossmann fold, nucleotide; HET: SO4, GOL; 1.299A {Mus musculus}
Probab=29.92  E-value=50  Score=15.09  Aligned_cols=6  Identities=67%  Similarity=0.988  Sum_probs=3.4  Template_Neff=9.000

Q GNVCIN            1 GNVCIN    6 (6)
Q Consensus         1 gnvcin    6 (6)
                      |+|+||
T Consensus       502 g~v~iN  507 (563)
T 3V9J_A          502 GNFYIN  507 (563)
T ss_dssp             SEEEES
T ss_pred             CeEEEc
Confidence            456665


No 12
>4E3X_B Delta-1-pyrroline-5-carboxylate dehydrogenase, mitochondrial (E.C.1.5.1.12); Amino Acid Metabolism, Proline Inhibition; HET: 16P, PRO, PGE; 1.24A {Mus musculus}
Probab=29.92  E-value=50  Score=15.09  Aligned_cols=6  Identities=67%  Similarity=0.988  Sum_probs=3.4  Template_Neff=9.000

Q GNVCIN            1 GNVCIN    6 (6)
Q Consensus         1 gnvcin    6 (6)
                      |+|+||
T Consensus       502 g~v~iN  507 (563)
T 4E3X_B          502 GNFYIN  507 (563)
T ss_dssp             SEEEES
T ss_pred             CeEEEc
Confidence            456665


No 13
>5A9A_A POLYHEDRIN; VIRAL PROTEIN, INSECT VIRUS OCCLUSION; HET: UTP; 1.822A {SIMULIUM UBIQUITUM CYPOVIRUS}
Probab=29.68  E-value=51  Score=15.63  Aligned_cols=6  Identities=50%  Similarity=1.337  Sum_probs=3.7  Template_Neff=4.700

Q GNVCIN            1 GNVCIN    6 (6)
Q Consensus         1 gnvcin    6 (6)
                      ||||++
T Consensus       112 Gnvd~~  117 (243)
T 5A9A_A          112 GNICWE  117 (243)
T ss_dssp             SSBCGG
T ss_pred             CCcccc
Confidence            667664


No 14
>5A98_A POLYHEDRIN; VIRAL PROTEIN, INSECT VIRUS OCCLUSION; HET: ATP; 1.816A {TRICHOPLUSIA NI CYPOVIRUS 15}
Probab=29.64  E-value=51  Score=15.66  Aligned_cols=6  Identities=33%  Similarity=0.584  Sum_probs=3.7  Template_Neff=4.700

Q GNVCIN            1 GNVCIN    6 (6)
Q Consensus         1 gnvcin    6 (6)
                      ||||++
T Consensus       115 Gnvd~~  120 (248)
T 5A98_A          115 GNFDLG  120 (248)
T ss_dssp             SCBCGG
T ss_pred             CccccC
Confidence            667664


No 15
>5A8S_A POLYHEDRIN; VIRAL PROTEIN, INSECT VIRUS OCCLUSION; 1.724A {ANTHERAEA MYLITTA CYPOVIRUS 4}
Probab=29.31  E-value=52  Score=15.73  Aligned_cols=6  Identities=33%  Similarity=0.501  Sum_probs=3.8  Template_Neff=4.600

Q GNVCIN            1 GNVCIN    6 (6)
Q Consensus         1 gnvcin    6 (6)
                      ||||++
T Consensus       122 GnVd~~  127 (254)
T 5A8S_A          122 GNIDWT  127 (254)
T ss_dssp             SSBCTT
T ss_pred             CCcccc
Confidence            677764


No 16
>5A99_A POLYHEDRIN; VIRAL PROTEIN, INSECT VIRUS OCCLUSION; HET: ATP; 1.511A {OPEROPHTERA BRUMATA CYPOVIRUS 19}
Probab=29.24  E-value=52  Score=15.63  Aligned_cols=6  Identities=33%  Similarity=0.678  Sum_probs=3.7  Template_Neff=4.700

Q GNVCIN            1 GNVCIN    6 (6)
Q Consensus         1 gnvcin    6 (6)
                      ||||++
T Consensus       117 GnVD~~  122 (248)
T 5A99_A          117 GDVDLG  122 (248)
T ss_pred             CCcccc
Confidence            567664


No 17
>5A8V_A POLYHEDRIN; VIRAL PROTEIN, INSECT VIRUS OCCLUSION; HET: MSE; 2.074A {ORGYIA PSEUDOTSUGATA CYPOVIRUS 5}
Probab=29.22  E-value=53  Score=15.76  Aligned_cols=6  Identities=50%  Similarity=0.540  Sum_probs=3.8  Template_Neff=4.500

Q GNVCIN            1 GNVCIN    6 (6)
Q Consensus         1 gnvcin    6 (6)
                      ||||++
T Consensus       116 GnVd~~  121 (253)
T 5A8V_A          116 GSVDWN  121 (253)
T ss_dssp             SSBCGG
T ss_pred             CCeecc
Confidence            677764


No 18
>3ZU3_A PUTATIVE REDUCTASE YPO4104/Y4119/YP_4011; OXIDOREDUCTASE, FATTY ACID BIOSYNTHESIS II; HET: GOL, NAI; 1.802A {YERSINIA PESTIS}
Probab=28.58  E-value=55  Score=15.15  Aligned_cols=6  Identities=33%  Similarity=1.204  Sum_probs=3.9  Template_Neff=7.500

Q GNVCIN            1 GNVCIN    6 (6)
Q Consensus         1 gnvcin    6 (6)
                      ||+|.|
T Consensus        15 ~~~~~~   20 (405)
T 3ZU3_A           15 GFICVT   20 (405)
T ss_dssp             TTEECC
T ss_pred             ccccCC
Confidence            577764


No 19
>6D7Y_B Adenosylhomocysteinase (E.C.3.3.1.1, 1.8.1.7); Structural Genomics, Center for Structural; HET: MSE; 1.75A {Pseudomonas aeruginosa}
Probab=28.19  E-value=56  Score=14.69  Aligned_cols=6  Identities=17%  Similarity=0.639  Sum_probs=3.2  Template_Neff=4.500

Q GNVCIN            1 GNVCIN    6 (6)
Q Consensus         1 gnvcin    6 (6)
                      ||+|++
T Consensus        61 gni~l~   66 (155)
T 6D7Y_B           61 GDLYFG   66 (155)
T ss_pred             ccEEEe
Confidence            456653


No 20
>1VC3_B L-Aspartate-alpha-Decarboxylase (E.C.4.1.1); Tetramer, pyruvoyl group, RIKEN Structural; 1.5A {Thermus thermophilus}
Probab=27.97  E-value=57  Score=13.83  Aligned_cols=6  Identities=50%  Similarity=0.739  Sum_probs=3.2  Template_Neff=4.200

Q GNVCIN            1 GNVCIN    6 (6)
Q Consensus         1 gnvcin    6 (6)
                      |.+|+|
T Consensus        43 G~I~lN   48 (96)
T 1VC3_B           43 GVIGIN   48 (96)
T ss_dssp             TCEEEE
T ss_pred             ceEEEc
Confidence            346665


No 21
>5A8U_A POLYHEDRIN; VIRAL PROTEIN, INSECT VIRUS OCCLUSION; 1.609A {ORGYIA PSEUDOTSUGATA CYPOVIRUS 5}
Probab=27.80  E-value=58  Score=15.63  Aligned_cols=6  Identities=50%  Similarity=0.540  Sum_probs=3.7  Template_Neff=4.500

Q GNVCIN            1 GNVCIN    6 (6)
Q Consensus         1 gnvcin    6 (6)
                      ||||++
T Consensus       116 GnVDw~  121 (253)
T 5A8U_A          116 GSVDWN  121 (253)
T ss_dssp             SSBCGG
T ss_pred             CCeecc
Confidence            567664


No 22
>4BKR_A PUTATIVE REDUCTASE YPZ3_3519 (E.C.1.3.1.-, 1.3.1.9); OXIDOREDUCTASE, FATTY ACID BIOSYNTHESIS, ENOYL-ACP; HET: NAI, GOL; 1.798A {YERSINIA PESTIS}
Probab=27.53  E-value=59  Score=15.11  Aligned_cols=6  Identities=33%  Similarity=1.204  Sum_probs=3.9  Template_Neff=7.400

Q GNVCIN            1 GNVCIN    6 (6)
Q Consensus         1 gnvcin    6 (6)
                      ||+|.|
T Consensus        16 ~~~~~~   21 (406)
T 4BKR_A           16 GFICVT   21 (406)
T ss_dssp             TTEECC
T ss_pred             ccccCC
Confidence            577764


No 23
>4JDC_A 1-pyrroline-5-carboxylate dehydrogenase (E.C.1.5.1.12); pyrroline-5-carboxylate dehydrogenase, Aldehyde dehydrogenase, oxydoreduction; HET: NAD; 1.6A {Mycobacterium tuberculosis}
Probab=27.04  E-value=61  Score=14.62  Aligned_cols=6  Identities=50%  Similarity=0.938  Sum_probs=3.2  Template_Neff=9.400

Q GNVCIN            1 GNVCIN    6 (6)
Q Consensus         1 gnvcin    6 (6)
                      |+|+||
T Consensus       500 g~v~vN  505 (563)
T 4JDC_A          500 GNFYVN  505 (563)
T ss_dssp             SEEEES
T ss_pred             CEEEEC
Confidence            455555


No 24
>5LS7_D Aspartate 1-decarboxylase (E.C.4.1.1.11), PanD maturation; protein derived cofactor, coenzyme A; HET: GOL, ACO; 1.16A {Escherichia coli K-12}
Probab=26.91  E-value=61  Score=13.90  Aligned_cols=6  Identities=17%  Similarity=0.351  Sum_probs=3.3  Template_Neff=4.100

Q GNVCIN            1 GNVCIN    6 (6)
Q Consensus         1 gnvcin    6 (6)
                      |.+|+|
T Consensus        43 G~I~lN   48 (102)
T 5LS7_D           43 RIISVN   48 (102)
T ss_pred             ceEEEe
Confidence            346665


No 25
>7A8Y_BBB Decarboxylase, LYASE; HET: PYR, DSN; 1.75A {Escherichia coli}
Probab=26.78  E-value=62  Score=13.69  Aligned_cols=6  Identities=17%  Similarity=0.351  Sum_probs=3.2  Template_Neff=4.200

Q GNVCIN            1 GNVCIN    6 (6)
Q Consensus         1 gnvcin    6 (6)
                      |.+|+|
T Consensus        43 G~I~lN   48 (94)
T 7A8Y_BBB         43 RIISVN   48 (94)
T ss_pred             eEEEEc
Confidence            345665


No 26
>5XI0_A Enoyl-[acyl-carrier-protein] reductase [NADH] (E.C.1.3.1.9); enoyl-acyl carrier protein reductase, FabV; 2.087A {Vibrio fischeri (strain ATCC 700601 / ES114)}
Probab=26.65  E-value=62  Score=14.96  Aligned_cols=6  Identities=33%  Similarity=0.999  Sum_probs=4.0  Template_Neff=7.500

Q GNVCIN            1 GNVCIN    6 (6)
Q Consensus         1 gnvcin    6 (6)
                      ||+|.|
T Consensus         9 ~~~~~~   14 (400)
T 5XI0_A            9 GFICTT   14 (400)
T ss_dssp             TTEECC
T ss_pred             cccccC
Confidence            577764


No 27
>3PLX_B Aspartate 1-decarboxylase (E.C.4.1.1.11); STRUCTURAL GENOMICS, CENTER FOR STRUCTURAL; 1.747A {Campylobacter jejuni subsp. jejuni}
Probab=26.56  E-value=63  Score=13.83  Aligned_cols=6  Identities=67%  Similarity=1.436  Sum_probs=3.2  Template_Neff=4.200

Q GNVCIN            1 GNVCIN    6 (6)
Q Consensus         1 gnvcin    6 (6)
                      |-+|+|
T Consensus        42 g~I~lN   47 (102)
T 3PLX_B           42 GVVCLN   47 (102)
T ss_dssp             TCEEEE
T ss_pred             cEEEEc
Confidence            345665


No 28
>4ZZ7_A Methylmalonate-semialdehyde dehydrogenase; DddC, OXIDOREDUCTASE; HET: NAD; 2.9A {Oceanimonas doudoroffii}
Probab=26.36  E-value=64  Score=14.11  Aligned_cols=6  Identities=67%  Similarity=0.756  Sum_probs=3.1  Template_Neff=9.800

Q GNVCIN            1 GNVCIN    6 (6)
Q Consensus         1 gnvcin    6 (6)
                      |.|+||
T Consensus       435 g~v~iN  440 (501)
T 4ZZ7_A          435 GMVGIN  440 (501)
T ss_dssp             SEEEES
T ss_pred             CeEEEC
Confidence            345555


No 29
>6P1Y_B Aspartate 1 decarboxylase beta chain; Structural Genomics, TB Structural Genomics; HET: TLA; 2.33A {Mycobacterium tuberculosis (strain ATCC 25618 / H37Rv)}
Probab=26.31  E-value=64  Score=14.39  Aligned_cols=6  Identities=50%  Similarity=0.739  Sum_probs=3.4  Template_Neff=3.700

Q GNVCIN            1 GNVCIN    6 (6)
Q Consensus         1 gnvcin    6 (6)
                      |-+|+|
T Consensus        43 G~I~LN   48 (123)
T 6P1Y_B           43 GVIGIN   48 (123)
T ss_dssp             CCEEEE
T ss_pred             eeEEEc
Confidence            346665


No 30
>4OE6_B Delta-1-pyrroline-5-carboxylate dehydrogenase, mitochondrial (E.C.1.2.1.88); PUT2P, ALDEHYDE DEHYDROGENASE, ALDH4A1, ROSSMANN; 1.951A {Saccharomyces cerevisiae}
Probab=26.08  E-value=65  Score=14.76  Aligned_cols=6  Identities=67%  Similarity=0.988  Sum_probs=3.3  Template_Neff=9.100

Q GNVCIN            1 GNVCIN    6 (6)
Q Consensus         1 gnvcin    6 (6)
                      |+|+||
T Consensus       512 g~v~vN  517 (580)
T 4OE6_B          512 GNFYIN  517 (580)
T ss_dssp             EEEEES
T ss_pred             CEEEEC
Confidence            455555


No 31
>4OTS_A Polyhedrin; microcrystals, polyhedra, occlusion body, VIRAL; HET: GTP, ATP; 1.704A {Operophtera brumata cypovirus 18}
Probab=26.03  E-value=65  Score=15.42  Aligned_cols=6  Identities=17%  Similarity=0.290  Sum_probs=3.7  Template_Neff=4.500

Q GNVCIN            1 GNVCIN    6 (6)
Q Consensus         1 gnvcin    6 (6)
                      ||||++
T Consensus       115 GnVd~~  120 (248)
T 4OTS_A          115 PSVNVH  120 (248)
T ss_dssp             TTEEEE
T ss_pred             CCeecc
Confidence            567664


No 32
>3PQA_B Lactaldehyde dehydrogenase (E.C.1.2.1.22); STRUCTURAL GENOMICS, PROTEIN STRUCTURE INITIATIVE; HET: SO4; 1.5A {Methanocaldococcus jannaschii}
Probab=25.99  E-value=65  Score=14.13  Aligned_cols=6  Identities=67%  Similarity=1.010  Sum_probs=3.0  Template_Neff=9.600

Q GNVCIN            1 GNVCIN    6 (6)
Q Consensus         1 gnvcin    6 (6)
                      |+|+||
T Consensus       417 g~v~iN  422 (486)
T 3PQA_B          417 GGVVIN  422 (486)
T ss_dssp             SEEEES
T ss_pred             CeEEeC
Confidence            345555


No 33
>4ZZ7_J Methylmalonate-semialdehyde dehydrogenase; DddC, OXIDOREDUCTASE; HET: NAD; 2.9A {Oceanimonas doudoroffii}
Probab=25.76  E-value=66  Score=14.11  Aligned_cols=6  Identities=67%  Similarity=0.756  Sum_probs=3.0  Template_Neff=9.700

Q GNVCIN            1 GNVCIN    6 (6)
Q Consensus         1 gnvcin    6 (6)
                      |.|+||
T Consensus       435 g~v~iN  440 (501)
T 4ZZ7_J          435 GMVGIN  440 (501)
T ss_dssp             SEEEES
T ss_pred             CceeeC
Confidence            345555


No 34
>4OE6_A Delta-1-pyrroline-5-carboxylate dehydrogenase, mitochondrial (E.C.1.2.1.88); PUT2P, ALDEHYDE DEHYDROGENASE, ALDH4A1, ROSSMANN; 1.951A {Saccharomyces cerevisiae}
Probab=25.67  E-value=67  Score=14.78  Aligned_cols=6  Identities=67%  Similarity=0.988  Sum_probs=3.3  Template_Neff=9.000

Q GNVCIN            1 GNVCIN    6 (6)
Q Consensus         1 gnvcin    6 (6)
                      |+|+||
T Consensus       512 g~v~iN  517 (580)
T 4OE6_A          512 GNFYIN  517 (580)
T ss_dssp             SEEEES
T ss_pred             CEEEEC
Confidence            455555


No 35
>2J6V_A UV ENDONUCLEASE; UVDE, PLASMID, TIM BARREL, DNA; HET: ALY, PO4, KCX, MSE; 1.55A {THERMUS THERMOPHILUS}
Probab=25.61  E-value=67  Score=13.40  Aligned_cols=6  Identities=50%  Similarity=0.888  Sum_probs=3.4  Template_Neff=9.200

Q GNVCIN            1 GNVCIN    6 (6)
Q Consensus         1 gnvcin    6 (6)
                      |-+|+|
T Consensus        26 g~~~~~   31 (301)
T 2J6V_A           26 GYPCEN   31 (301)
T ss_dssp             EEESEE
T ss_pred             eeceee
Confidence            446764


No 36
>4PZ2_B ZmALDH; oxidoreductase; HET: EDO, NAD; 2.4A {Zea mays}
Probab=25.56  E-value=67  Score=14.44  Aligned_cols=6  Identities=50%  Similarity=0.761  Sum_probs=3.1  Template_Neff=9.300

Q GNVCIN            1 GNVCIN    6 (6)
Q Consensus         1 gnvcin    6 (6)
                      |+++||
T Consensus       482 g~v~iN  487 (534)
T 4PZ2_B          482 GVVWVN  487 (534)
T ss_dssp             SEEEES
T ss_pred             CeEEeC
Confidence            455555


No 37
>4LT5_A Naegleria Tet-like dioxygenase; 5-METHYLCYTOSINE, DIOXYGENASE-DNA COMPLEX, OXIDOREDUCTASE-DNA complex; HET: OGA, SO4, EDO; 2.893A {Naegleria gruberi}
Probab=25.19  E-value=69  Score=15.04  Aligned_cols=6  Identities=67%  Similarity=1.525  Sum_probs=3.5  Template_Neff=6.300

Q GNVCIN            1 GNVCIN    6 (6)
Q Consensus         1 gnvcin    6 (6)
                      |-||+|
T Consensus        40 ~~~~~~   45 (327)
T 4LT5_A           40 GPVCVN   45 (327)
T ss_pred             CCeeec
Confidence            456765


No 38
>3TC3_B UV damage endonuclease (E.C.3.-.-.-); TIM-barrel, endonuclease, HYDROLASE; 1.5A {Sulfolobus acidocaldarius}
Probab=25.11  E-value=69  Score=13.57  Aligned_cols=6  Identities=50%  Similarity=0.661  Sum_probs=3.5  Template_Neff=8.900

Q GNVCIN            1 GNVCIN    6 (6)
Q Consensus         1 gnvcin    6 (6)
                      |-+|||
T Consensus        25 g~~~~~   30 (310)
T 3TC3_B           25 GYVSTN   30 (310)
T ss_dssp             EEESCC
T ss_pred             eeEEee
Confidence            456765


No 39
>4GLE_A PROTEIN/DNA Complex; TIM barrel, HYDROLASE-DNA complex; HET: SO4; 2.7A {Sulfolobus acidocaldarius}
Probab=24.83  E-value=71  Score=13.60  Aligned_cols=6  Identities=50%  Similarity=0.661  Sum_probs=3.5  Template_Neff=8.800

Q GNVCIN            1 GNVCIN    6 (6)
Q Consensus         1 gnvcin    6 (6)
                      |-+|+|
T Consensus        25 g~~~~~   30 (310)
T 4GLE_A           25 GYVSTN   30 (310)
T ss_dssp             EEESCC
T ss_pred             EEEeee
Confidence            456765


No 40
>6P02_D Aspartate 1-decarboxylase beta chain, Aspartate; active, 6-Cl-POA, complex, Structural Genomics; HET: PYR, NMJ; 2.25A {Mycobacterium tuberculosis (strain ATCC 25618 / H37Rv)}
Probab=24.46  E-value=73  Score=14.18  Aligned_cols=6  Identities=50%  Similarity=0.739  Sum_probs=3.3  Template_Neff=3.800

Q GNVCIN            1 GNVCIN    6 (6)
Q Consensus         1 gnvcin    6 (6)
                      |-+|+|
T Consensus        43 G~I~LN   48 (123)
T 6P02_D           43 GVIGIN   48 (123)
T ss_dssp             CCEEEE
T ss_pred             eEEEEc
Confidence            346665


No 41
>1PPY_A Aspartate 1-decarboxylase precursor (E.C.4.1.1.11); decarboxylase, pantothenate pathway, intramolecular protein; 1.95A {Escherichia coli} SCOP: b.52.2.1
Probab=23.44  E-value=78  Score=14.09  Aligned_cols=6  Identities=17%  Similarity=0.351  Sum_probs=3.3  Template_Neff=3.900

Q GNVCIN            1 GNVCIN    6 (6)
Q Consensus         1 gnvcin    6 (6)
                      |-+|+|
T Consensus        67 G~I~lN   72 (126)
T 1PPY_A           67 RIISVN   72 (126)
T ss_pred             ceEEee
Confidence            346665


No 42
>5JFM_B Aldehyde dehydrogenase; acylating aldehyde dehydrogenase, propionylcysteine, bacterial; HET: 1VU, COA; 2.516A {Rhodopseudomonas palustris (strain BisB18)}
Probab=22.68  E-value=83  Score=14.14  Aligned_cols=6  Identities=17%  Similarity=-0.114  Sum_probs=3.0  Template_Neff=9.300

Q GNVCIN            1 GNVCIN    6 (6)
Q Consensus         1 gnvcin    6 (6)
                      |+|+||
T Consensus       471 g~v~vN  476 (524)
T 5JFM_B          471 TIFVKN  476 (524)
T ss_dssp             SEEEES
T ss_pred             cEEEEC
Confidence            345555


No 43
>1ZLD_A Ptr necrosis toxin; beta-sandwich  RGD-motif, TOXIN; HET: SO4; 1.65A {Pyrenophora tritici-repentis}
Probab=22.18  E-value=86  Score=14.46  Aligned_cols=6  Identities=50%  Similarity=1.425  Sum_probs=3.8  Template_Neff=1.400

Q GNVCIN            1 GNVCIN    6 (6)
Q Consensus         1 gnvcin    6 (6)
                      ||.|.|
T Consensus        97 g~~c~~  102 (118)
T 1ZLD_A           97 GSFCLN  102 (118)
T ss_dssp             EEEEEE
T ss_pred             eeEEEE
Confidence            567764


No 44
>1ZLE_B Ptr necrosis toxin; beta-sandwich  RGD-motif, TOXIN; 1.9A {Pyrenophora tritici-repentis}
Probab=22.18  E-value=86  Score=14.46  Aligned_cols=6  Identities=50%  Similarity=1.425  Sum_probs=3.8  Template_Neff=1.400

Q GNVCIN            1 GNVCIN    6 (6)
Q Consensus         1 gnvcin    6 (6)
                      ||.|.|
T Consensus        97 g~~c~~  102 (118)
T 1ZLE_B           97 GSFCLN  102 (118)
T ss_dssp             EEEEEE
T ss_pred             eeEEEE
Confidence            567764


No 45
>6BUM_A cyanuic acid hydrolase; Hydrolase; HET: PDO, MLI; 1.51A {Moorella thermoacetica (strain ATCC 39073 / JCM 9320)}
Probab=21.51  E-value=91  Score=15.96  Aligned_cols=6  Identities=67%  Similarity=1.414  Sum_probs=4.3  Template_Neff=3.900

Q GNVCIN            1 GNVCIN    6 (6)
Q Consensus         1 gnvcin    6 (6)
                      ||=|+|
T Consensus        44 GNGcVN   49 (363)
T 6BUM_A           44 GNGCVN   49 (363)
T ss_dssp             SCSSSS
T ss_pred             CCCCCc
Confidence            677776


No 46
>6CWJ_B Barbiturase (E.C.3.5.2.1); Cyanuric acid hydrolase, HYDROLASE; HET: 6JN, ACT; 2.253A {Moorella thermoacetica (strain ATCC 39073 / JCM 9320)}
Probab=21.51  E-value=91  Score=15.96  Aligned_cols=6  Identities=67%  Similarity=1.414  Sum_probs=4.3  Template_Neff=3.900

Q GNVCIN            1 GNVCIN    6 (6)
Q Consensus         1 gnvcin    6 (6)
                      ||=|+|
T Consensus        44 GNGcVN   49 (363)
T 6CWJ_B           44 GNGCVN   49 (363)
T ss_dssp             SCSSTT
T ss_pred             CCCCCc
Confidence            677776


No 47
>4NQ3_A Cyanuric acid amidohydrolase; Hydrolase; HET: SO4, BR8; 2.702A {Azorhizobium caulinodans}
Probab=21.41  E-value=92  Score=15.91  Aligned_cols=6  Identities=67%  Similarity=1.414  Sum_probs=4.3  Template_Neff=3.900

Q GNVCIN            1 GNVCIN    6 (6)
Q Consensus         1 gnvcin    6 (6)
                      ||=|+|
T Consensus        43 GNGcVN   48 (356)
T 4NQ3_A           43 GNGCVN   48 (356)
T ss_dssp             SCSSTT
T ss_pred             CCCCCc
Confidence            677776


No 48
>5MYP_A Aldehyde dehydrogenase; aldehyde dehydrogenase, ALDH, Trypanosoma brucei; HET: GOL; 1.95A {Trypanosoma brucei}
Probab=20.86  E-value=95  Score=14.58  Aligned_cols=6  Identities=50%  Similarity=0.922  Sum_probs=3.2  Template_Neff=8.300

Q GNVCIN            1 GNVCIN    6 (6)
Q Consensus         1 gnvcin    6 (6)
                      |.+|||
T Consensus       415 g~v~vN  420 (546)
T 5MYP_A          415 GAVVVN  420 (546)
T ss_dssp             SCEEES
T ss_pred             CeEEEC
Confidence            345665


No 49
>3OUG_B Aspartate 1-decarboxylase (E.C.4.1.1.11); Structural Genomics, Center for Structural; HET: GOL, MSE; 1.55A {Francisella tularensis subsp. tularensis}
Probab=20.78  E-value=96  Score=13.63  Aligned_cols=6  Identities=17%  Similarity=0.534  Sum_probs=3.1  Template_Neff=3.900

Q GNVCIN            1 GNVCIN    6 (6)
Q Consensus         1 gnvcin    6 (6)
                      |-+|+|
T Consensus        70 g~I~lN   75 (114)
T 3OUG_B           70 KTIALN   75 (114)
T ss_dssp             CCEEEE
T ss_pred             cEEEec
Confidence            345655


No 50
>3OUG_C Aspartate 1-decarboxylase (E.C.4.1.1.11); Structural Genomics, Center for Structural; HET: GOL, MSE; 1.55A {Francisella tularensis subsp. tularensis}
Probab=20.78  E-value=96  Score=13.63  Aligned_cols=6  Identities=17%  Similarity=0.534  Sum_probs=3.1  Template_Neff=3.900

Q GNVCIN            1 GNVCIN    6 (6)
Q Consensus         1 gnvcin    6 (6)
                      |-+|+|
T Consensus        70 g~I~lN   75 (114)
T 3OUG_C           70 KTIALN   75 (114)
T ss_dssp             CCEEEE
T ss_pred             cEEEec
Confidence            345655


No 51
>5T13_A Cyanuric acid amidohydrolase (E.C.3.5.2.15); TrzD - cyanuric acid hydrolase; 2.19A {Enterobacter cloacae}
Probab=20.66  E-value=97  Score=15.93  Aligned_cols=6  Identities=67%  Similarity=1.414  Sum_probs=4.3  Template_Neff=3.900

Q GNVCIN            1 GNVCIN    6 (6)
Q Consensus         1 gnvcin    6 (6)
                      ||=|+|
T Consensus        48 GNGcVN   53 (376)
T 5T13_A           48 GNGCVN   53 (376)
T ss_dssp             SCSSTT
T ss_pred             CCCcCc
Confidence            677776


No 52
>7NA0_A FLAVOENZYME, ROSSMANN FOLD, ALDEHYDE DEHYDROGENASE; HET: SO4, EDO, FAD; 1.9A {Geobacter sulfurreducens (strain ATCC 51573 / DSM 12127 / PCA)}
Probab=20.57  E-value=98  Score=15.72  Aligned_cols=6  Identities=67%  Similarity=1.082  Sum_probs=3.8  Template_Neff=8.300

Q GNVCIN            1 GNVCIN    6 (6)
Q Consensus         1 gnvcin    6 (6)
                      ||++||
T Consensus       940 G~v~iN  945 (1005)
T 7NA0_A          940 GNLYIN  945 (1005)
T ss_dssp             SEEEES
T ss_pred             CeEEEC
Confidence            566665


No 53
>5HWE_A Barbiturase (E.C.3.5.2.1); Toblerone fold, pyrimidine catabolism, HYDROLASE; HET: MHA; 1.71A {Rhodococcus erythropolis}
Probab=20.32  E-value=1e+02  Score=16.00  Aligned_cols=6  Identities=50%  Similarity=0.667  Sum_probs=4.3  Template_Neff=3.800

Q GNVCIN            1 GNVCIN    6 (6)
Q Consensus         1 gnvcin    6 (6)
                      ||=|+|
T Consensus        64 GNGcVN   69 (389)
T 5HWE_A           64 GNGGVN   69 (389)
T ss_dssp             SCSSSS
T ss_pred             CCCCCc
Confidence            677776


No 54
>4NS3_C Delta-1-pyrroline-5-carboxylate dehydrogenase (E.C.1.5.1.12); Rossmann Fold, dehydrogenase, oxidoreductase, dehydrogenation; HET: B12, CME, NAD; 2.38A {Mycobacterium tuberculosis}
Probab=20.17  E-value=1e+02  Score=14.03  Aligned_cols=6  Identities=50%  Similarity=0.938  Sum_probs=2.9  Template_Neff=9.300

Q GNVCIN            1 GNVCIN    6 (6)
Q Consensus         1 gnvcin    6 (6)
                      |+++||
T Consensus       500 g~v~iN  505 (563)
T 4NS3_C          500 GNFYVN  505 (563)
T ss_dssp             SEEEES
T ss_pred             CEEEEC
Confidence            345554


No 55
>4CRZ_A ASPARTATE 1-DECARBOXYLASE (E.C.4.1.1.11), PANZ; LYASE, COENZYME A, RADIATION DAMAGE; HET: ACO; 1.7A {ESCHERICHIA COLI K-12}
Probab=20.07  E-value=1e+02  Score=14.08  Aligned_cols=6  Identities=17%  Similarity=0.351  Sum_probs=3.3  Template_Neff=3.700

Q GNVCIN            1 GNVCIN    6 (6)
Q Consensus         1 gnvcin    6 (6)
                      |-+|+|
T Consensus        84 G~I~lN   89 (143)
T 4CRZ_A           84 RIISVN   89 (143)
T ss_dssp             CCEEEE
T ss_pred             eEEEEc
Confidence            346665


