Query         HNSVNF
Match_columns 6
No_of_seqs    1 out of 1
Neff          1
Searched_HMMs 90378
Date          Mon Dec 20 06:49:48 2021
Command       /media/stefano/DISCO1/FOLDEN/hh-suite/build/bin/hhsearch -i /media/stefano/DISCO1/FOLDEN/trRosetta2/example/HNSVNF/protein.hhm -d /media/stefano/DISCO1/FOLDEN/trRosettaX/pdb70/pdb70 -o /media/stefano/DISCO1/FOLDEN/trRosetta2/example/HNSVNF/protein.out -cpu 32 

 No Hit                             Prob E-value P-value  Score    SS Cols Query HMM  Template HMM
  1 2F0C_C Phage tp901-1 ORF49 (BP  19.7   1E+02  0.0012   14.2   0.0    5    2-6      21-25  (191)
  2 6ADM_D VP1, Genome polyprotein  14.2 1.7E+02  0.0019   12.2   0.0    6    1-6      17-22  (58)
  3 6BXI_B Serine/threonine-protei  11.5 2.3E+02  0.0026   11.1   0.0    6    1-6     324-329 (333)
  4 2H4O_B YonK protein; PSI, PROT  11.4 2.4E+02  0.0026   12.0   0.0    5    2-6       7-11  (76)
  5 1IFQ_B VESICLE TRAFFICKING PRO  11.1 2.5E+02  0.0027   10.9   0.0    6    1-6      10-15  (138)
  6 6MX6_D PRP8 protein; Prp8, int  11.0 2.5E+02  0.0028   10.8   0.0    3    1-3     174-176 (176)
  7 3CJI_D Polyprotein; virus caps  10.2 2.8E+02  0.0031   12.0   0.0    6    1-6      30-35  (71)
  8 6TBA_7C "virion", "horizontal   10.1 2.8E+02  0.0031   11.9   0.0    5    2-6     263-267 (296)
  9 6YWX_11 60S ribosomal protein   10.1 2.8E+02  0.0031   10.9   0.0    5    2-6      70-74  (90)
 10 2X53_J ORF16, PUTATIVE RECEPTO   9.7   3E+02  0.0033   13.9   0.0    5    2-6      78-82  (263)

No 1
>2F0C_C Phage tp901-1 ORF49 (BPP); Beta-barrel, beta prism, 3 helix; HET: GOL; 1.65A {Lactococcus phage TP901-1} SCOP: b.108.1.4, b.21.1.3
Probab=19.75  E-value=1e+02  Score=14.20  Aligned_cols=5  Identities=40%  Similarity=0.434  Sum_probs=0.0  Template_Neff=4.700

Q HNSVNF            2 NSVNF    6 (6)
Q Consensus         2 nsvnf    6 (6)
                      ||||+
T Consensus        21 nsvNy   25 (191)
T 2F0C_C           21 GSENL   25 (191)
T ss_dssp             -----
T ss_pred             CCcce


No 2
>6ADM_D VP1, Genome polyprotein, VP4, Anthrax; Seneca Valley virus, VIRUS;{Seneca valley virus}
Probab=14.25  E-value=1.7e+02  Score=12.20  Aligned_cols=6  Identities=67%  Similarity=1.099  Sum_probs=0.0  Template_Neff=1.000

Q HNSVNF            1 HNSVNF    6 (6)
Q Consensus         1 hnsvnf    6 (6)
                      .|||.|
T Consensus        17 qnsvdf   22 (58)
T 6ADM_D           17 QNSVDF   22 (58)
T ss_dssp             HSCCBC
T ss_pred             eceEEe


No 3
>6BXI_B Serine/threonine-protein kinase 38 (E.C.2.7.11.1); kinase fold with atypically long; HET: ANP; 2.2A {Homo sapiens}
Probab=11.54  E-value=2.3e+02  Score=11.15  Aligned_cols=6  Identities=33%  Similarity=0.772  Sum_probs=0.0  Template_Neff=11.000

Q HNSVNF            1 HNSVNF    6 (6)
Q Consensus         1 hnsvnf    6 (6)
                      +|..||
T Consensus       324 ~~~~~~  329 (333)
T 6BXI_B          324 DDTSNF  329 (333)
T ss_dssp             TCCTTS
T ss_pred             cccccc


No 4
>2H4O_B YonK protein; PSI, PROTEIN STRUCTURE INITIATIVE, NORTHEAST; HET: MSE; 2.8A {Bacillus subtilis} SCOP: d.368.1.1
Probab=11.40  E-value=2.4e+02  Score=11.99  Aligned_cols=5  Identities=20%  Similarity=0.561  Sum_probs=0.0  Template_Neff=3.100

Q HNSVNF            2 NSVNF    6 (6)
Q Consensus         2 nsvnf    6 (6)
                      ||+||
T Consensus         7 ~Svs~   11 (76)
T 2H4O_B            7 HQINV   11 (76)
T ss_dssp             EEEEE
T ss_pred             cEEEe


No 5
>1IFQ_B VESICLE TRAFFICKING PROTEIN SEC22B; FIVE-STRANDED ANTI-PARALLEL BETA SHEET, ALPHA/BETA; HET: GOL; 2.4A {Mus musculus} SCOP: d.110.4.1
Probab=11.13  E-value=2.5e+02  Score=10.87  Aligned_cols=6  Identities=50%  Similarity=0.611  Sum_probs=0.0  Template_Neff=8.300

Q HNSVNF            1 HNSVNF    6 (6)
Q Consensus         1 hnsvnf    6 (6)
                      |.||+|
T Consensus        10 ~~~~~~   15 (138)
T 1IFQ_B           10 HGSVLL   15 (138)
T ss_dssp             -CCCCE
T ss_pred             ccceEE


No 6
>6MX6_D PRP8 protein; Prp8, intein, cryptococcus neoformans, HYDROLASE; 1.749A {Cryptococcus neoformans var. grubii serotype A (strain H99 / ATCC 208821 / CBS 10515 / FGSC 9487)}
Probab=10.97  E-value=2.5e+02  Score=10.79  Aligned_cols=3  Identities=100%  Similarity=1.331  Sum_probs=0.0  Template_Neff=9.300

Q HNSVNF            1 HNS    3 (6)
Q Consensus         1 hns    3 (6)
                      |||
T Consensus       174 HNs  176 (176)
T 6MX6_D          174 HNS  176 (176)
T ss_dssp             EC-
T ss_pred             ecC


No 7
>3CJI_D Polyprotein; virus capsid protein structure, ATP-binding; 2.3A {Seneca valley virus}
Probab=10.22  E-value=2.8e+02  Score=11.97  Aligned_cols=6  Identities=67%  Similarity=1.099  Sum_probs=0.0  Template_Neff=1.000

Q HNSVNF            1 HNSVNF    6 (6)
Q Consensus         1 hnsvnf    6 (6)
                      .|||.|
T Consensus        30 qnsvdf   35 (71)
T 3CJI_D           30 QNSVDF   35 (71)
T ss_dssp             HSCEEC
T ss_pred             eceEEe


No 8
>6TBA_7C "virion", "horizontal gene transfer", "gene; HET: SF4; 4.54A {Rhodobacter capsulatus SB 1003}
Probab=10.15  E-value=2.8e+02  Score=11.88  Aligned_cols=5  Identities=60%  Similarity=0.906  Sum_probs=0.0  Template_Neff=8.700

Q HNSVNF            2 NSVNF    6 (6)
Q Consensus         2 nsvnf    6 (6)
                      |.+||
T Consensus       263 N~~nf  267 (296)
T 6TBA_7C         263 NFLNF  267 (296)
T ss_pred             Cchhc


No 9
>6YWX_11 60S ribosomal protein L2, 60S; Neurospora crassa, translating Mitoribosomes, tRNA; HET: MG, SPM, ATP, K, NAD;{Neurospora crassa OR74A}
Probab=10.14  E-value=2.8e+02  Score=10.86  Aligned_cols=5  Identities=40%  Similarity=1.152  Sum_probs=0.0  Template_Neff=6.300

Q HNSVNF            2 NSVNF    6 (6)
Q Consensus         2 nsvnf    6 (6)
                      +++||
T Consensus        70 ~tiNy   74 (90)
T 6YWX_11          70 NTINY   74 (90)
T ss_pred             CcHHH


No 10
>2X53_J ORF16, PUTATIVE RECEPTOR BINDING PROTEIN; BASEPLATE, VIRAL PROTEIN; 3.9A {LACTOCOCCUS PHAGE P2}
Probab=9.69  E-value=3e+02  Score=13.86  Aligned_cols=5  Identities=60%  Similarity=1.112  Sum_probs=0.0  Template_Neff=3.400

Q HNSVNF            2 NSVNF    6 (6)
Q Consensus         2 nsvnf    6 (6)
                      ||||+
T Consensus        78 nsvny   82 (263)
T 2X53_J           78 DSVNY   82 (263)
T ss_dssp             TSEEE
T ss_pred             ccceE


