Query         MSDSNQ
Match_columns 6
No_of_seqs    1 out of 1
Neff          1
Searched_HMMs 90378
Date          Mon Dec 20 22:25:01 2021
Command       /media/stefano/DISCO1/FOLDEN/hh-suite/build/bin/hhsearch -i /media/stefano/DISCO1/FOLDEN/trRosetta2/example/MSDSNQ/protein.hhm -d /media/stefano/DISCO1/FOLDEN/trRosettaX/pdb70/pdb70 -o /media/stefano/DISCO1/FOLDEN/trRosetta2/example/MSDSNQ/protein.out -cpu 32 

 No Hit                             Prob E-value P-value  Score    SS Cols Query HMM  Template HMM
  1 2JPL_A Antimicrobial, Membrane  69.6     3.8 4.2E-05   16.0   0.0    6    1-6      24-29  (39)
  2 1TBU_B Peroxisomal acyl-coenzy  50.9      14 0.00016   13.8   0.0    6    1-6       1-6   (118)
  3 5OQM_o Mediator of RNA polymer  17.9 1.2E+02  0.0014   14.0   0.0    5    1-5       1-5   (151)
  4 3H14_A Aminotransferase, class  17.2 1.3E+02  0.0014   12.1   0.0    6    1-6       1-6   (391)
  5 4YJM_C ClpS2; N-end rule, Prot  16.9 1.3E+02  0.0015   11.3   0.0    4    1-4       1-4   (103)
  6 4AZ1_B TYROSINE SPECIFIC PROTE  13.2 1.9E+02  0.0021   11.7   0.0    5    1-5       1-5   (302)
  7 2HAF_A Putative translation re  12.7   2E+02  0.0023   12.4   0.0    5    1-5       1-5   (211)
  8 6VEL_C 66E8 Fab Heavy Chain, 6  12.2 2.2E+02  0.0024   11.6   0.0    4    1-4      17-20  (331)
  9 5GJL_A Uncharacterized protein  11.8 2.3E+02  0.0025    9.1   0.0    5    1-5       1-5   (98)
 10 7MCA_C Origin recognition comp  11.6 2.3E+02  0.0026   13.9   0.0    6    1-6       1-6   (616)

No 1
>2JPL_A Antimicrobial, Membrane bound, ANTIMICROBIAL PROTEIN; NMR {Lactococcus lactis}
Probab=69.59  E-value=3.8  Score=15.96  Aligned_cols=6  Identities=67%  Similarity=0.844  Sum_probs=4.6  Template_Neff=1.400

Q MSDSNQ            1 MSDSNQ    6 (6)
Q Consensus         1 msdsnq    6 (6)
                      |||-||
T Consensus        24 msdvnq   29 (39)
T 2JPL_A           24 LSDVNQ   29 (39)
T ss_dssp             CHHHHH
T ss_pred             hhhhhH
Confidence            788776


No 2
>1TBU_B Peroxisomal acyl-coenzyme A thioester hydrolase; Yeast peroxisomal thioesterase  X-ray; 2.2A {Saccharomyces cerevisiae} SCOP: d.38.1.3
Probab=50.85  E-value=14  Score=13.81  Aligned_cols=6  Identities=50%  Similarity=0.457  Sum_probs=3.5  Template_Neff=8.400

Q MSDSNQ            1 MSDSNQ    6 (6)
Q Consensus         1 msdsnq    6 (6)
                      ||||.|
T Consensus         1 ~~~~~~    6 (118)
T 1TBU_B            1 MSASKM    6 (118)
T ss_pred             CChhhh
Confidence            566653


No 3
>5OQM_o Mediator of RNA polymerase II; transcription initiation, TRANSCRIPTION, macromolecular complex; HET: ZN; 5.8A {Saccharomyces cerevisiae (strain ATCC 204508 / S288c)}
Probab=17.89  E-value=1.2e+02  Score=14.05  Aligned_cols=5  Identities=60%  Similarity=0.820  Sum_probs=0.0  Template_Neff=3.400

Q MSDSNQ            1 MSDSN    5 (6)
Q Consensus         1 msdsn    5 (6)
                      |||+|
T Consensus         1 ~~~~~    5 (151)
T 5OQM_o            1 MSSTN    5 (151)
T ss_pred             CCccC


No 4
>3H14_A Aminotransferase, classes I and II; Aminotransferase, Silicibacter pomeroyi, YP_167802.1, SPO2589; HET: GOL; 1.9A {Silicibacter pomeroyi DSS-3}
Probab=17.17  E-value=1.3e+02  Score=12.12  Aligned_cols=6  Identities=50%  Similarity=0.368  Sum_probs=0.0  Template_Neff=11.000

Q MSDSNQ            1 MSDSNQ    6 (6)
Q Consensus         1 msdsnq    6 (6)
                      ||-|++
T Consensus         1 ~~~~~~    6 (391)
T 3H14_A            1 MSLKNS    6 (391)
T ss_dssp             --CCCC
T ss_pred             CCcccc


No 5
>4YJM_C ClpS2; N-end rule, Protease adaptor, PROTEIN; 1.952A {Agrobacterium tumefaciens (strain C58 / ATCC 33970)}
Probab=16.93  E-value=1.3e+02  Score=11.29  Aligned_cols=4  Identities=100%  Similarity=1.115  Sum_probs=0.0  Template_Neff=7.800

Q MSDSNQ            1 MSDS    4 (6)
Q Consensus         1 msds    4 (6)
                      ||||
T Consensus         1 ~~~~    4 (103)
T 4YJM_C            1 MSDS    4 (103)
T ss_dssp             ----
T ss_pred             CCCC


No 6
>4AZ1_B TYROSINE SPECIFIC PROTEIN PHOSPHATASE; HYDROLASE, DRUG DESIGN; HET: FMT; 2.181A {TRYPANOSOMA CRUZI}
Probab=13.24  E-value=1.9e+02  Score=11.67  Aligned_cols=5  Identities=80%  Similarity=1.059  Sum_probs=0.0  Template_Neff=10.100

Q MSDSNQ            1 MSDSN    5 (6)
Q Consensus         1 msdsn    5 (6)
                      |.|||
T Consensus         1 ~~~~~    5 (302)
T 4AZ1_B            1 MNDSN    5 (302)
T ss_dssp             ---CC
T ss_pred             CCCCC


No 7
>2HAF_A Putative translation repressor; alpha/beta, Translation repressor, Structural Genomics; 2.88A {Vibrio cholerae} SCOP: d.310.1.1
Probab=12.69  E-value=2e+02  Score=12.43  Aligned_cols=5  Identities=80%  Similarity=0.567  Sum_probs=0.0  Template_Neff=7.100

Q MSDSNQ            1 MSDSN    5 (6)
Q Consensus         1 msdsn    5 (6)
                      ||.||
T Consensus         1 ~~~~~    5 (211)
T 2HAF_A            1 MSLSN    5 (211)
T ss_dssp             -----
T ss_pred             CCccc


No 8
>6VEL_C 66E8 Fab Heavy Chain, 66E8; SSGCID, cadherin, E-cadherin, antibody, Structural; HET: SO4; 2.65A {Mus musculus}
Probab=12.17  E-value=2.2e+02  Score=11.59  Aligned_cols=4  Identities=100%  Similarity=1.115  Sum_probs=0.0  Template_Neff=10.300

Q MSDSNQ            1 MSDS    4 (6)
Q Consensus         1 msds    4 (6)
                      ||||
T Consensus        17 ~~~~   20 (331)
T 6VEL_C           17 MSDS   20 (331)
T ss_dssp             ----
T ss_pred             cccc


No 9
>5GJL_A Uncharacterized protein; SUMO, PROTEIN BINDING; NMR {Plasmodium falciparum (isolate Dd2)}
Probab=11.76  E-value=2.3e+02  Score=9.05  Aligned_cols=5  Identities=40%  Similarity=0.807  Sum_probs=0.0  Template_Neff=10.900

Q MSDSNQ            1 MSDSN    5 (6)
Q Consensus         1 msdsn    5 (6)
                      |+|++
T Consensus         1 ~~~~~    5 (98)
T 5GJL_A            1 MGDDD    5 (98)
T ss_dssp             CCCSG
T ss_pred             CCccc


No 10
>7MCA_C Origin recognition complex subunit 1; replication initiation, REPLICATION; HET: AGS; 3.6A {Saccharomyces cerevisiae}
Probab=11.56  E-value=2.3e+02  Score=13.92  Aligned_cols=6  Identities=83%  Similarity=0.866  Sum_probs=0.0  Template_Neff=7.700

Q MSDSNQ            1 MSDSNQ    6 (6)
Q Consensus         1 msdsnq    6 (6)
                      |||-||
T Consensus         1 ~~~~~~    6 (616)
T 7MCA_C            1 MSDLNQ    6 (616)
T ss_dssp             ------
T ss_pred             Ccchhh


