Query         KYLNWD
Match_columns 6
No_of_seqs    1 out of 1
Neff          1
Searched_HMMs 90378
Date          Mon Dec 20 13:08:25 2021
Command       /media/stefano/DISCO1/FOLDEN/hh-suite/build/bin/hhsearch -i /media/stefano/DISCO1/FOLDEN/trRosetta2/example/KYLNWD/protein.hhm -d /media/stefano/DISCO1/FOLDEN/trRosettaX/pdb70/pdb70 -o /media/stefano/DISCO1/FOLDEN/trRosetta2/example/KYLNWD/protein.out -cpu 32 

 No Hit                             Prob E-value P-value  Score    SS Cols Query HMM  Template HMM
  1 2XV9_A ABA-1A1 REPEAT UNIT; LI  20.0   1E+02  0.0011   12.7   0.0    5    1-5      16-20  (134)
  2 2NAW_A Exendin-4, Alpha/kappa-  19.5 1.1E+02  0.0012   10.9   0.0    5    1-5      21-25  (39)
  3 2I0Q_B Telomere-binding protei  19.5 1.1E+02  0.0012   16.3   0.0    5    1-5     339-343 (385)
  4 4E98_A CutA1 divalent ion tole  19.2 1.1E+02  0.0012   12.9   0.0    5    1-5     127-131 (138)
  5 5J7K_D FN3con-a-lys; loop graf  19.2 1.1E+02  0.0012    8.5   0.0    4    3-6      96-99  (99)
  6 3JV1_A P22 protein; Mam33 fami  18.6 1.1E+02  0.0013   12.4   0.0    5    1-5     169-173 (182)
  7 6Q00_B DNA ligase 1/DNA Comple  18.3 1.2E+02  0.0013    8.5   0.0    3    4-6      30-32  (45)
  8 6SZW_C Complement component 1   18.2 1.2E+02  0.0013   12.6   0.0    4    2-5     195-198 (209)
  9 6BTM_F Cytochrome C, Chain B:   18.2 1.2E+02  0.0013   14.7   0.0    5    2-6     200-204 (464)
 10 5OTT_B Glucagon-like peptide 1  17.9 1.2E+02  0.0014   10.4   0.0    5    1-5      21-25  (39)

No 1
>2XV9_A ABA-1A1 REPEAT UNIT; LIPID BINDING PROTEIN, FATTY ACID; NMR {ASCARIS SUUM}
Probab=19.97  E-value=1e+02  Score=12.72  Aligned_cols=5  Identities=40%  Similarity=1.125  Sum_probs=0.0  Template_Neff=6.500

Q KYLNWD            1 KYLNW    5 (6)
Q Consensus         1 kylnw    5 (6)
                      +||.|
T Consensus        16 ~~L~W   20 (134)
T 2XV9_A           16 THLKW   20 (134)
T ss_dssp             TTTTT
T ss_pred             HHHhc


No 2
>2NAW_A Exendin-4, Alpha/kappa-conotoxin pl14a chimera; agonist, TOXIN; NMR {N/A}
Probab=19.51  E-value=1.1e+02  Score=10.87  Aligned_cols=5  Identities=0%  Similarity=0.334  Sum_probs=0.0  Template_Neff=5.200

Q KYLNWD            1 KYLNW    5 (6)
Q Consensus         1 kylnw    5 (6)
                      +|+.|
T Consensus        21 ~fl~~   25 (39)
T 2NAW_A           21 CFIEC   25 (39)
T ss_dssp             THHHH
T ss_pred             HHHHH


No 3
>2I0Q_B Telomere-binding protein alpha subunit/beta subunit/DNA; SINGLE STRAND DNA-PROTEIN COMPLEX, structural; HET: EDO; 1.91A {Sterkiella nova} SCOP: b.40.4.3
Probab=19.47  E-value=1.1e+02  Score=16.33  Aligned_cols=5  Identities=80%  Similarity=2.089  Sum_probs=0.0  Template_Neff=2.200

Q KYLNWD            1 KYLNW    5 (6)
Q Consensus         1 kylnw    5 (6)
                      +||.|
T Consensus       339 ~yl~w  343 (385)
T 2I0Q_B          339 KYLDW  343 (385)
T ss_pred             HHHHH


No 4
>4E98_A CutA1 divalent ion tolerance protein; SSGCID, Structural Genomics, Seattle Structural; 2.0A {Cryptosporidium parvum}
Probab=19.17  E-value=1.1e+02  Score=12.93  Aligned_cols=5  Identities=60%  Similarity=1.956  Sum_probs=0.0  Template_Neff=6.000

Q KYLNWD            1 KYLNW    5 (6)
Q Consensus         1 kylnw    5 (6)
                      .|++|
T Consensus       127 ~Yl~W  131 (138)
T 4E98_A          127 NYINW  131 (138)
T ss_dssp             HHHHH
T ss_pred             HHHHH


No 5
>5J7K_D FN3con-a-lys; loop grafting, rational design, fibronectin; 2.46A {synthetic construct}
Probab=19.16  E-value=1.1e+02  Score=8.51  Aligned_cols=4  Identities=0%  Similarity=-0.088  Sum_probs=0.0  Template_Neff=13.300

Q KYLNWD            3 LNWD    6 (6)
Q Consensus         3 lnwd    6 (6)
                      ++||
T Consensus        96 ~~~~   99 (99)
T 5J7K_D           96 HHHH   99 (99)
T ss_dssp             ETTC
T ss_pred             CCCC


No 6
>3JV1_A P22 protein; Mam33 family, HYDROLASE; 2.0A {Trypanosoma brucei}
Probab=18.63  E-value=1.1e+02  Score=12.38  Aligned_cols=5  Identities=40%  Similarity=1.371  Sum_probs=0.0  Template_Neff=8.100

Q KYLNWD            1 KYLNW    5 (6)
Q Consensus         1 kylnw    5 (6)
                      .|++|
T Consensus       169 eY~~w  173 (182)
T 3JV1_A          169 DYEEW  173 (182)
T ss_dssp             HHHHH
T ss_pred             HHHHH


No 7
>6Q00_B DNA ligase 1/DNA Complex; TDP2, DNA Damage Response, Cell; HET: CSO; 0.85A {Homo sapiens}
Probab=18.34  E-value=1.2e+02  Score=8.52  Aligned_cols=3  Identities=33%  Similarity=2.118  Sum_probs=0.0  Template_Neff=10.400

Q KYLNWD            4 NWD    6 (6)
Q Consensus         4 nwd    6 (6)
                      +||
T Consensus        30 ~wd   32 (45)
T 6Q00_B           30 DWE   32 (45)
T ss_dssp             TTC
T ss_pred             CCC


No 8
>6SZW_C Complement component 1 Q subcomponent-binding; Contact activation, BLOOD CLOTTING; 3.14A {Homo sapiens}
Probab=18.21  E-value=1.2e+02  Score=12.59  Aligned_cols=4  Identities=25%  Similarity=1.223  Sum_probs=0.0  Template_Neff=8.100

Q KYLNWD            2 YLNW    5 (6)
Q Consensus         2 ylnw    5 (6)
                      |++|
T Consensus       195 Y~~w  198 (209)
T 6SZW_C          195 YITF  198 (209)
T ss_dssp             HHHH
T ss_pred             HHHH


No 9
>6BTM_F Cytochrome C, Chain B: Alternative; Electron transport chain, triacylated cysteine; HET: E87, HEC; 3.4A {Flavobacterium johnsoniae (strain ATCC 17061 / DSM 2064 / UW101)}
Probab=18.18  E-value=1.2e+02  Score=14.74  Aligned_cols=5  Identities=60%  Similarity=1.232  Sum_probs=0.0  Template_Neff=6.800

Q KYLNWD            2 YLNWD    6 (6)
Q Consensus         2 ylnwd    6 (6)
                      ||||+
T Consensus       200 ~Ln~~  204 (464)
T 6BTM_F          200 YLNFP  204 (464)
T ss_dssp             HHCHH
T ss_pred             ccCHH


No 10
>5OTT_B Glucagon-like peptide 1 receptor, Exendin-4; glucagon-like peptide 1, GPCR, cyclic; HET: HCS; 1.92A {Homo sapiens}
Probab=17.92  E-value=1.2e+02  Score=10.37  Aligned_cols=5  Identities=20%  Similarity=1.391  Sum_probs=0.0  Template_Neff=6.000

Q KYLNWD            1 KYLNW    5 (6)
Q Consensus         1 kylnw    5 (6)
                      +|+.|
T Consensus        21 ~fl~~   25 (39)
T 5OTT_B           21 LFIEW   25 (39)
T ss_dssp             HHHHH
T ss_pred             HHHHH


