Query         KVDTKP
Match_columns 6
No_of_seqs    1 out of 1
Neff          1
Searched_HMMs 90378
Date          Mon Dec 20 12:49:40 2021
Command       /media/stefano/DISCO1/FOLDEN/hh-suite/build/bin/hhsearch -i /media/stefano/DISCO1/FOLDEN/trRosetta2/example/KVDTKP/protein.hhm -d /media/stefano/DISCO1/FOLDEN/trRosettaX/pdb70/pdb70 -o /media/stefano/DISCO1/FOLDEN/trRosetta2/example/KVDTKP/protein.out -cpu 32 

 No Hit                             Prob E-value P-value  Score    SS Cols Query HMM  Template HMM
  1 6QSN_B 14-3-3 protein zeta/del   4.8 7.6E+02  0.0084   12.9   0.0    6    1-6     359-364 (905)
  2 4IC7_E Mitogen-activated prote   4.5 8.1E+02   0.009   11.2   0.0    6    1-6     108-113 (126)
  3 4IC7_B Mitogen-activated prote   4.4 8.3E+02  0.0092   11.1   0.0    6    1-6     108-113 (126)
  4 3EGW_B Respiratory nitrate red   4.3 8.5E+02  0.0094   12.6   0.0    5    2-6      44-48  (509)
  5 5WZ3_A NS5 RdRp; Zika virus, N   4.2   9E+02  0.0099   12.6   0.0    6    1-6      91-96  (619)
  6 4ZVQ_A Caspase-7 (E.C.3.4.22.6   4.1 9.3E+02    0.01   10.1   0.0    5    2-6      22-26  (198)
  7 5K20_A Caspase-7 large subunit   4.1 9.3E+02    0.01   10.1   0.0    5    2-6      22-26  (198)
  8 6X8J_B Caspase-7 (E.C.3.4.22.6   4.1 9.3E+02    0.01   10.1   0.0    5    2-6      22-26  (198)
  9 1US7_B HEAT SHOCK PROTEIN HSP8   3.9 9.8E+02   0.011   11.5   0.0    5    2-6      16-20  (265)
 10 5IBP_A Caspase-3 (E.C.3.4.22.5   3.3 1.2E+03   0.013    9.6   0.0    6    1-6       7-12  (278)

No 1
>6QSN_B 14-3-3 protein zeta/delta, Phosphatidylinositol 4-kinase; virus, flavivirus, polymerase, RNA, TRANSFERASE; HET: SO4, SAH; 3.004A {Yellow fever virus 17D}
Probab=4.76  E-value=7.6e+02  Score=12.88  Aligned_cols=6  Identities=67%  Similarity=0.933  Sum_probs=0.0  Template_Neff=8.000

Q KVDTKP            1 KVDTKP    6 (6)
Q Consensus         1 kvdtkp    6 (6)
                      |||++|
T Consensus       359 kvD~~~  364 (905)
T 6QSN_B          359 KVDTRA  364 (905)
T ss_dssp             CCSCCC
T ss_pred             eccCCC


No 2
>4IC7_E Mitogen-activated protein kinase 7 (E.C.2.7.11.24); kinase domain, SIGNALING PROTEIN COMPLEX; HET: ANP; 2.6A {Homo sapiens}
Probab=4.50  E-value=8.1e+02  Score=11.20  Aligned_cols=6  Identities=50%  Similarity=0.794  Sum_probs=0.0  Template_Neff=3.500

Q KVDTKP            1 KVDTKP    6 (6)
Q Consensus         1 kvdtkp    6 (6)
                      ||+|++
T Consensus       108 kV~T~~  113 (126)
T 4IC7_E          108 KVNTRA  113 (126)
T ss_dssp             CCCCCC
T ss_pred             EEeCCC


No 3
>4IC7_B Mitogen-activated protein kinase 7 (E.C.2.7.11.24); kinase domain, SIGNALING PROTEIN COMPLEX; HET: ANP; 2.6A {Homo sapiens}
Probab=4.45  E-value=8.3e+02  Score=11.15  Aligned_cols=6  Identities=50%  Similarity=0.794  Sum_probs=0.0  Template_Neff=3.600

Q KVDTKP            1 KVDTKP    6 (6)
Q Consensus         1 kvdtkp    6 (6)
                      ||+|++
T Consensus       108 kV~T~~  113 (126)
T 4IC7_B          108 KVNTRA  113 (126)
T ss_pred             EEeCCC


No 4
>3EGW_B Respiratory nitrate reductase 1 alpha; OXIDOREDUCTASE, nitrate reduction, electron transfer; HET: MGD, 3PH, HEM, MD1, F3S, AGA, SF4; 1.9A {Escherichia coli}
Probab=4.34  E-value=8.5e+02  Score=12.63  Aligned_cols=5  Identities=80%  Similarity=1.291  Sum_probs=0.0  Template_Neff=5.900

Q KVDTKP            2 VDTKP    6 (6)
Q Consensus         2 vdtkp    6 (6)
                      |.|||
T Consensus        44 vet~p   48 (509)
T 3EGW_B           44 VETKP   48 (509)
T ss_dssp             EEEES
T ss_pred             cccCC


No 5
>5WZ3_A NS5 RdRp; Zika virus, NS5, RdRp, RNA-dependent; 1.804A {Zika virus}
Probab=4.16  E-value=9e+02  Score=12.56  Aligned_cols=6  Identities=67%  Similarity=0.816  Sum_probs=0.0  Template_Neff=6.700

Q KVDTKP            1 KVDTKP    6 (6)
Q Consensus         1 kvdtkp    6 (6)
                      |||+++
T Consensus        91 KvD~~~   96 (619)
T 5WZ3_A           91 KVDTRV   96 (619)
T ss_dssp             CCSCCC
T ss_pred             cCCCCC


No 6
>4ZVQ_A Caspase-7 (E.C.3.4.22.60), Peptide ACE-VAL-GLU-ILE-ASA; Directed Evolution, Protease, Peptide Inhibitor; HET: ASA; 2.5A {Homo sapiens}
Probab=4.06  E-value=9.3e+02  Score=10.05  Aligned_cols=5  Identities=80%  Similarity=1.298  Sum_probs=0.0  Template_Neff=8.000

Q KVDTKP            2 VDTKP    6 (6)
Q Consensus         2 vdtkp    6 (6)
                      +|.||
T Consensus        22 ~~~~p   26 (198)
T 4ZVQ_A           22 VDAKP   26 (198)
T ss_dssp             -----
T ss_pred             CCCCC


No 7
>5K20_A Caspase-7 large subunit, Caspase-7 small; protease, phosphomimetic, PAK2, phosphorylation, HYDROLASE; 2.2A {Homo sapiens}
Probab=4.06  E-value=9.3e+02  Score=10.05  Aligned_cols=5  Identities=80%  Similarity=1.298  Sum_probs=0.0  Template_Neff=8.000

Q KVDTKP            2 VDTKP    6 (6)
Q Consensus         2 vdtkp    6 (6)
                      +|.||
T Consensus        22 ~~~~p   26 (198)
T 5K20_A           22 VDAKP   26 (198)
T ss_dssp             -----
T ss_pred             CCCCC


No 8
>6X8J_B Caspase-7 (E.C.3.4.22.60), ketomethylene inhibitor; inhibitor, tetrahedral, complex, HYDROLASE-HYDROLASE INHIBITOR; HET: Y2Y; 2.604A {Homo sapiens}
Probab=4.06  E-value=9.3e+02  Score=10.05  Aligned_cols=5  Identities=80%  Similarity=1.298  Sum_probs=0.0  Template_Neff=8.000

Q KVDTKP            2 VDTKP    6 (6)
Q Consensus         2 vdtkp    6 (6)
                      +|.||
T Consensus        22 ~~~~p   26 (198)
T 6X8J_B           22 VDAKP   26 (198)
T ss_pred             CCCCC


No 9
>1US7_B HEAT SHOCK PROTEIN HSP82, HSP90; CHAPERONE CO-CHAPERONE REGULATION, CHAPERONE, ATP-BINDING; 2.3A {SACCHAROMYCES CEREVISIAE} SCOP: a.205.1.1
Probab=3.89  E-value=9.8e+02  Score=11.54  Aligned_cols=5  Identities=80%  Similarity=1.258  Sum_probs=0.0  Template_Neff=5.400

Q KVDTKP            2 VDTKP    6 (6)
Q Consensus         2 vdtkp    6 (6)
                      |.|||
T Consensus        16 ~~~~~   20 (265)
T 1US7_B           16 VNTKP   20 (265)
T ss_dssp             -----
T ss_pred             ccCCc


No 10
>5IBP_A Caspase-3 (E.C.3.4.22.56), ACE-ASP-GLU-VAL-ASK; Allostery, saturation mutagenesis, conformational selection; 1.38A {Homo sapiens}
Probab=3.31  E-value=1.2e+03  Score=9.56  Aligned_cols=6  Identities=50%  Similarity=0.739  Sum_probs=0.0  Template_Neff=9.700

Q KVDTKP            1 KVDTKP    6 (6)
Q Consensus         1 kvdtkp    6 (6)
                      +|++++
T Consensus         7 ~~~~~~   12 (278)
T 5IBP_A            7 SVDSKS   12 (278)
T ss_pred             cccccc


