Query         GFGNNA
Match_columns 6
No_of_seqs    1 out of 1
Neff          1
Searched_HMMs 90378
Date          Sun Dec 19 23:23:08 2021
Command       /media/stefano/DISCO1/FOLDEN/hh-suite/build/bin/hhsearch -i /media/stefano/DISCO1/FOLDEN/trRosetta2/example/GFGNNA/protein.hhm -d /media/stefano/DISCO1/FOLDEN/trRosettaX/pdb70/pdb70 -o /media/stefano/DISCO1/FOLDEN/trRosetta2/example/GFGNNA/protein.out -cpu 32 

 No Hit                             Prob E-value P-value  Score    SS Cols Query HMM  Template HMM
  1 6NMJ_B Resistance to inhibitor  42.0      24 0.00026   16.3   0.0    6    1-6     412-417 (453)
  2 6NMG_B Resistance to inhibitor  39.0      29 0.00032   16.1   0.0    6    1-6     412-417 (453)
  3 6N85_B Synembryn-A, G alpha t   33.0      41 0.00046   16.0   0.0    6    1-6     431-436 (512)
  4 2V8S_E CLATHRIN INTERACTOR 1,   19.8   1E+02  0.0012   11.7   0.0    5    1-5     142-146 (147)
  5 6VLX_B Enoyl-[acyl-carrier-pro  18.7 1.1E+02  0.0013   12.3   0.0    5    2-6     304-308 (309)
  6 6VLY_B Enoyl-[acyl-carrier-pro  18.7 1.1E+02  0.0013   12.3   0.0    5    2-6     304-308 (309)
  7 2BLF_A SULFITE\:CYTOCHROME C O  16.3 1.4E+02  0.0016   14.0   0.0    6    1-6     359-364 (373)
  8 5GRS_K Sterol regulatory eleme  15.4 1.5E+02  0.0017   12.6   0.0    4    1-4      56-59  (103)
  9 6Y0K_AAA Putaitve sulfite oxid  15.3 1.6E+02  0.0017   14.0   0.0    6    1-6     366-371 (386)
 10 2KUB_A Fimbriae-associated pro  14.1 1.8E+02  0.0019   12.8   0.0    5    1-5      66-70  (81)

No 1
>6NMJ_B Resistance to inhibitors of cholinesterase; guanine nucleotide exchange factor heterotrimeric; 2.3A {Rattus norvegicus}
Probab=42.01  E-value=24  Score=16.29  Aligned_cols=6  Identities=67%  Similarity=1.343  Sum_probs=0.7  Template_Neff=7.800

Q GFGNNA            1 GFGNNA    6 (6)
Q Consensus         1 gfgnna    6 (6)
                      ||||-|
T Consensus       412 GyGnAA  417 (453)
T 6NMJ_B          412 GYGNAA  417 (453)
T ss_dssp             C-----
T ss_pred             CcccHH
Confidence            777754


No 2
>6NMG_B Resistance to inhibitors of cholinesterase; guanine nucleotide exchange factor heterotrimeric; HET: SO4; 2.2A {Rattus norvegicus}
Probab=39.01  E-value=29  Score=16.06  Aligned_cols=6  Identities=67%  Similarity=1.343  Sum_probs=3.8  Template_Neff=7.800

Q GFGNNA            1 GFGNNA    6 (6)
Q Consensus         1 gfgnna    6 (6)
                      ||||-|
T Consensus       412 GyGnAA  417 (453)
T 6NMG_B          412 GYGNAA  417 (453)
T ss_dssp             CHHHHH
T ss_pred             CcccHH
Confidence            677743


No 3
>6N85_B Synembryn-A, G alpha t C; Ric8a, Armadillo repeat, G alpha; HET: MAL; 2.5A {Bos taurus}
Probab=32.98  E-value=41  Score=15.99  Aligned_cols=6  Identities=67%  Similarity=1.343  Sum_probs=3.7  Template_Neff=7.500

Q GFGNNA            1 GFGNNA    6 (6)
Q Consensus         1 gfgnna    6 (6)
                      ||||-|
T Consensus       431 GyGnAA  436 (512)
T 6N85_B          431 GYGNAA  436 (512)
T ss_pred             CccchH
Confidence            677643


No 4
>2V8S_E CLATHRIN INTERACTOR 1, VESICLE TRANSPORT; PROTEIN TRANSPORT, CYTOPLASMIC VESICLE, LIPID-BINDING; HET: GOL; 2.22A {HOMO SAPIENS}
Probab=19.78  E-value=1e+02  Score=11.73  Aligned_cols=5  Identities=20%  Similarity=0.680  Sum_probs=0.0  Template_Neff=8.800

Q GFGNNA            1 GFGNN    5 (6)
Q Consensus         1 gfgnn    5 (6)
                      |||++
T Consensus       142 ~~~~~  146 (147)
T 2V8S_E          142 GVSSD  146 (147)
T ss_dssp             --CTT
T ss_pred             CCCCC


No 5
>6VLX_B Enoyl-[acyl-carrier-protein] reductase [NADH] (E.C.1.3.1.9); Enoyl-ACP Reductase, FabI, OXIDOREDUCTASE; 1.72A {Alistipes finegoldii}
Probab=18.71  E-value=1.1e+02  Score=12.33  Aligned_cols=5  Identities=80%  Similarity=1.378  Sum_probs=0.0  Template_Neff=10.100

Q GFGNNA            2 FGNNA    6 (6)
Q Consensus         2 fgnna    6 (6)
                      ||.||
T Consensus       304 ~~~~~  308 (309)
T 6VLX_B          304 FGENA  308 (309)
T ss_dssp             -----
T ss_pred             CCcCC


No 6
>6VLY_B Enoyl-[acyl-carrier-protein] reductase [NADH] (E.C.1.3.1.9); Enoyl-ACP Reductase, FabI, OXIDOREDUCTASE; HET: NAI, GOL; 1.86A {Alistipes finegoldii}
Probab=18.71  E-value=1.1e+02  Score=12.33  Aligned_cols=5  Identities=80%  Similarity=1.378  Sum_probs=0.0  Template_Neff=10.100

Q GFGNNA            2 FGNNA    6 (6)
Q Consensus         2 fgnna    6 (6)
                      ||.||
T Consensus       304 ~~~~~  308 (309)
T 6VLY_B          304 FGENA  308 (309)
T ss_dssp             TCC--
T ss_pred             CCcCC


No 7
>2BLF_A SULFITE\:CYTOCHROME C OXIDOREDUCTASE SUBUNIT A; SULFITE OXIDASE, MOLYBDOPTERIN, C-TYPE CYTOCHROME; HET: HEC, MSS; 1.8A {STARKEYA NOVELLA}
Probab=16.28  E-value=1.4e+02  Score=13.95  Aligned_cols=6  Identities=33%  Similarity=0.689  Sum_probs=0.0  Template_Neff=7.100

Q GFGNNA            1 GFGNNA    6 (6)
Q Consensus         1 gfgnna    6 (6)
                      |++||+
T Consensus       359 G~~~n~  364 (373)
T 2BLF_A          359 GYMRNV  364 (373)
T ss_dssp             CCCCCC
T ss_pred             ccccCc


No 8
>5GRS_K Sterol regulatory element-binding protein 1; protein complex, PROTEIN TRANSPORT; 5.4A {Schizosaccharomyces pombe (strain 972 / ATCC 24843)}
Probab=15.38  E-value=1.5e+02  Score=12.64  Aligned_cols=4  Identities=50%  Similarity=0.758  Sum_probs=0.0  Template_Neff=4.400

Q GFGNNA            1 GFGN    4 (6)
Q Consensus         1 gfgn    4 (6)
                      ||||
T Consensus        56 gFGN   59 (103)
T 5GRS_K           56 VLGN   59 (103)
T ss_pred             EeCC


No 9
>6Y0K_AAA Putaitve sulfite oxidase; Molybdoenzyme, Sulfite Oxidase, OXIDOREDUCTASE; HET: GOL, PO4, MSS; 1.7A {Thermus thermophilus (strain HB8 / ATCC 27634 / DSM 579)}
Probab=15.26  E-value=1.6e+02  Score=14.03  Aligned_cols=6  Identities=33%  Similarity=0.767  Sum_probs=0.0  Template_Neff=6.800

Q GFGNNA            1 GFGNNA    6 (6)
Q Consensus         1 gfgnna    6 (6)
                      |++||+
T Consensus       366 G~~~n~  371 (386)
T 6Y0K_AAA        366 GYEYNG  371 (386)
T ss_pred             cceecc


No 10
>2KUB_A Fimbriae-associated protein Fap1; helical bundle, Cell wall, Peptidoglycan-anchor; NMR {Streptococcus parasanguinis}
Probab=14.13  E-value=1.8e+02  Score=12.76  Aligned_cols=5  Identities=60%  Similarity=1.006  Sum_probs=0.0  Template_Neff=2.000

Q GFGNNA            1 GFGNN    5 (6)
Q Consensus         1 gfgnn    5 (6)
                      ||++|
T Consensus        66 gfr~n   70 (81)
T 2KUB_A           66 TLGNN   70 (81)
T ss_dssp             HHHHH
T ss_pred             hhccc


