Query         NFGAIL
Match_columns 6
No_of_seqs    1 out of 1
Neff          1
Searched_HMMs 90378
Date          Mon Dec 20 23:33:49 2021
Command       /media/stefano/DISCO1/FOLDEN/hh-suite/build/bin/hhsearch -i /media/stefano/DISCO1/FOLDEN/trRosetta2/example/NFGAIL/protein.hhm -d /media/stefano/DISCO1/FOLDEN/trRosettaX/pdb70/pdb70 -o /media/stefano/DISCO1/FOLDEN/trRosetta2/example/NFGAIL/protein.out -cpu 32 

 No Hit                             Prob E-value P-value  Score    SS Cols Query HMM  Template HMM
  1 1GZ0_E HYPOTHETICAL TRNA/RRNA   50.2      15 0.00016   15.3   0.0    6    1-6     118-123 (253)
  2 7OI6_1 39S mitoribosome, ribos  28.5      55 0.00061   15.5   0.0    6    1-6     222-227 (420)
  3 7OI6_z 39S mitoribosome, ribos  28.5      55 0.00061   15.5   0.0    6    1-6     222-227 (420)
  4 1WDG_A E2 glycoprotein; MHV, c  19.9   1E+02  0.0011   13.5   0.0    5    1-5      51-55  (94)
  5 7KIP_B Spike glycoprotein; NL6  19.7   1E+02  0.0012   18.0   0.0    5    1-5    1035-1039(1356)
  6 6U7K_A Spike glycoprotein; PED  19.6 1.1E+02  0.0012   18.1   0.0    5    1-5    1056-1060(1399)
  7 5I08_B Spike glycoprotein; cor  19.4 1.1E+02  0.0012   18.2   0.0    5    1-5    1037-1041(1299)
  8 6M15_C Spike glycoprotein; VIR  18.6 1.2E+02  0.0013   18.1   0.0    5    1-5     821-825 (1118)
  9 6JX7_B Feline Infectious Perit  18.5 1.2E+02  0.0013   18.1   0.0    5    1-5    1127-1131(1468)
 10 2JYN_A UPF0368 protein YPL225W  17.1 1.3E+02  0.0015   13.6   0.0    6    1-6     100-105 (146)

No 1
>1GZ0_E HYPOTHETICAL TRNA/RRNA METHYLTRANSFERASE YJFH (E.C.2.1.1.-); TRANSFERASE, METHYLTRANSFERASE, 2'O-METHYLTRANSFERASE, KNOT, MONTREAL-; HET: MSE; 2.5A {ESCHERICHIA COLI} SCOP: c.116.1.1
Probab=50.25  E-value=15  Score=15.30  Aligned_cols=6  Identities=67%  Similarity=0.983  Sum_probs=3.3  Template_Neff=8.500

Q NFGAIL            1 NFGAIL    6 (6)
Q Consensus         1 nfgail    6 (6)
                      |+|+|+
T Consensus       118 NlG~Ii  123 (253)
T 1GZ0_E          118 NLGACL  123 (253)
T ss_dssp             HHHHHH
T ss_pred             cHHHHH
Confidence            556653


No 2
>7OI6_1 39S mitoribosome, ribosome biogenesis, RIBOSOME; HET: MG, 4S8; 5.7A {Homo sapiens}
Probab=28.50  E-value=55  Score=15.48  Aligned_cols=6  Identities=67%  Similarity=1.165  Sum_probs=3.3  Template_Neff=7.000

Q NFGAIL            1 NFGAIL    6 (6)
Q Consensus         1 nfgail    6 (6)
                      |+|+|+
T Consensus       222 NlGaIi  227 (420)
T 7OI6_1          222 NLGTIL  227 (420)
T ss_pred             HHHHHH
Confidence            556553


No 3
>7OI6_z 39S mitoribosome, ribosome biogenesis, RIBOSOME; HET: MG, 4S8; 5.7A {Homo sapiens}
Probab=28.50  E-value=55  Score=15.48  Aligned_cols=6  Identities=67%  Similarity=1.165  Sum_probs=3.3  Template_Neff=7.000

Q NFGAIL            1 NFGAIL    6 (6)
Q Consensus         1 nfgail    6 (6)
                      |+|+|+
T Consensus       222 NlGaIi  227 (420)
T 7OI6_z          222 NLGTIL  227 (420)
T ss_pred             HHHHHH
Confidence            556553


No 4
>1WDG_A E2 glycoprotein; MHV, coronavirus, heptad repeat, fusion; 2.06A {Murine hepatitis virus} SCOP: h.3.3.1
Probab=19.93  E-value=1e+02  Score=13.54  Aligned_cols=5  Identities=0%  Similarity=-0.549  Sum_probs=0.0  Template_Neff=2.800

Q NFGAIL            1 NFGAI    5 (6)
Q Consensus         1 nfgai    5 (6)
                      ||+||
T Consensus        51 Nf~a~   55 (94)
T 1WDG_A           51 VPRGS   55 (94)
T ss_dssp             -----
T ss_pred             CCccc


No 5
>7KIP_B Spike glycoprotein; NL63, in situ, Spike trimer; HET: BMA, MAN, NAG; 3.39A {Human coronavirus NL63}
Probab=19.75  E-value=1e+02  Score=18.02  Aligned_cols=5  Identities=80%  Similarity=1.079  Sum_probs=0.0  Template_Neff=4.600

Q NFGAIL            1 NFGAI    5 (6)
Q Consensus         1 nfgai    5 (6)
                      |||||
T Consensus      1035 nF~AI 1039 (1356)
T 7KIP_B         1035 NFQAI 1039 (1356)
T ss_dssp             CCSSS
T ss_pred             HHHHH


No 6
>6U7K_A Spike glycoprotein; PEDV, Spike, Coronavirus, Fusion Protein; HET: BMA, MAN, NAG; 3.14A {Porcine epidemic diarrhea virus (strain CV777)}
Probab=19.60  E-value=1.1e+02  Score=18.15  Aligned_cols=5  Identities=80%  Similarity=1.079  Sum_probs=0.0  Template_Neff=4.400

Q NFGAIL            1 NFGAI    5 (6)
Q Consensus         1 nfgai    5 (6)
                      |||||
T Consensus      1056 nFgAI 1060 (1399)
T 6U7K_A         1056 NFQAI 1060 (1399)
T ss_dssp             CTTSS
T ss_pred             HHHHH


No 7
>5I08_B Spike glycoprotein; coronavirus, glycoprotein, prefusion, VIRAL PROTEIN; 4.04A {Human coronavirus HKU1 (isolate N5)}
Probab=19.37  E-value=1.1e+02  Score=18.17  Aligned_cols=5  Identities=80%  Similarity=1.384  Sum_probs=0.0  Template_Neff=3.900

Q NFGAIL            1 NFGAI    5 (6)
Q Consensus         1 nfgai    5 (6)
                      |||||
T Consensus      1037 nFgAI 1041 (1299)
T 5I08_B         1037 KFGAI 1041 (1299)
T ss_dssp             CSSSS
T ss_pred             HHcHH


No 8
>6M15_C Spike glycoprotein; VIRAL PROTEIN; HET: BMA, NAG; 2.38A {Rhinolophus bat coronavirus HKU2}
Probab=18.58  E-value=1.2e+02  Score=18.08  Aligned_cols=5  Identities=100%  Similarity=1.584  Sum_probs=0.0  Template_Neff=2.900

Q NFGAIL            1 NFGAI    5 (6)
Q Consensus         1 nfgai    5 (6)
                      |||||
T Consensus       821 NFgAI  825 (1118)
T 6M15_C          821 NFGAI  825 (1118)
T ss_dssp             CTTSS
T ss_pred             HhhHH


No 9
>6JX7_B Feline Infectious Peritonitis Virus Spike; CoV spike protein, VIRAL PROTEIN; HET: BMA, MAN, FUC, NAG; 3.31A {Feline infectious peritonitis virus}
Probab=18.47  E-value=1.2e+02  Score=18.10  Aligned_cols=5  Identities=80%  Similarity=1.079  Sum_probs=0.0  Template_Neff=4.400

Q NFGAIL            1 NFGAI    5 (6)
Q Consensus         1 nfgai    5 (6)
                      |||||
T Consensus      1127 nFgAI 1131 (1468)
T 6JX7_B         1127 NFQAI 1131 (1468)
T ss_dssp             CTTSS
T ss_pred             HHHHH


No 10
>2JYN_A UPF0368 protein YPL225W; novel fold, yst0336, YT51, Ontario; NMR {Saccharomyces cerevisiae}
Probab=17.07  E-value=1.3e+02  Score=13.55  Aligned_cols=6  Identities=67%  Similarity=1.376  Sum_probs=0.0  Template_Neff=4.300

Q NFGAIL            1 NFGAIL    6 (6)
Q Consensus         1 nfgail    6 (6)
                      |||.+|
T Consensus       100 NfGTLL  105 (146)
T 2JYN_A          100 NFGTLL  105 (146)
T ss_dssp             TSCEEE
T ss_pred             ccCceE


