Query         IGRTLV
Match_columns 6
No_of_seqs    1 out of 1
Neff          1
Searched_HMMs 90378
Date          Mon Dec 20 08:04:58 2021
Command       /media/stefano/DISCO1/FOLDEN/hh-suite/build/bin/hhsearch -i /media/stefano/DISCO1/FOLDEN/trRosetta2/example/IGRTLV/protein.hhm -d /media/stefano/DISCO1/FOLDEN/trRosettaX/pdb70/pdb70 -o /media/stefano/DISCO1/FOLDEN/trRosetta2/example/IGRTLV/protein.out -cpu 32 

 No Hit                             Prob E-value P-value  Score    SS Cols Query HMM  Template HMM
  1 1F1G_E COPPER-ZINC SUPEROXIDE   52.4      13 0.00014   14.5   0.0    6    1-6     114-119 (154)
  2 1B4L_A PROTEIN (CU/ZN SUPEROXI  50.6      14 0.00016   14.5   0.0    6    1-6     113-118 (153)
  3 1YAZ_A PROTEIN (CU/ZN SUPEROXI  50.6      14 0.00016   14.5   0.0    6    1-6     113-118 (153)
  4 2Q2L_A Superoxide Dismutase (E  49.1      16 0.00017   14.3   0.0    6    1-6     112-117 (152)
  5 2MP3_A Superoxide dismutase [C  48.9      16 0.00018   14.3   0.0    6    1-6     120-125 (132)
  6 1IBF_A prokaryotic superoxide   48.3      16 0.00018   14.4   0.0    6    1-6     118-123 (151)
  7 1QUP_A SUPEROXIDE DISMUTASE 1   46.7      18  0.0002   14.3   0.0    6    1-6     185-190 (222)
  8 6ZS1_A thermophilic fungus, su  46.6      18  0.0002   14.3   0.0    6    1-6     117-122 (157)
  9 6ZS1_C thermophilic fungus, su  46.6      18  0.0002   14.3   0.0    6    1-6     117-122 (157)
 10 1U3N_A Hypothetical superoxide  46.1      19 0.00021   14.3   0.0    6    1-6     125-130 (162)
 11 3L9E_A Superoxide dismutase [C  46.1      19 0.00021   14.2   0.0    6    1-6     113-118 (154)
 12 3KBE_A Superoxide dismutase [C  45.3      20 0.00022   14.2   0.0    6    1-6     112-117 (157)
 13 1TO4_B Superoxide dismutase (E  45.3      20 0.00022   14.3   0.0    6    1-6     115-120 (156)
 14 6FLH_A Superoxide dismutase [C  44.7      20 0.00023   13.7   0.0    6    1-6      87-92  (118)
 15 1EJ8_A CRYSTAL STRUCTURE OF DO  44.5      21 0.00023   14.0   0.0    6    1-6     109-114 (140)
 16 3KBF_A Superoxide dismutase [C  44.5      21 0.00023   14.2   0.0    6    1-6     112-117 (157)
 17 3PU7_A Superoxide dismutase [C  44.1      21 0.00023   14.1   0.0    6    1-6     113-118 (154)
 18 3L9Y_B Superoxide dismutase [C  43.9      21 0.00024   14.1   0.0    6    1-6     113-118 (154)
 19 2AQS_A Superoxide dismutase [C  43.9      21 0.00024   14.3   0.0    6    1-6     131-136 (164)
 20 1ESO_A CU, ZN SUPEROXIDE DISMU  43.7      22 0.00024   14.0   0.0    6    1-6     121-126 (154)
 21 1OAL_A SUPEROXIDE DISMUTASE (E  43.4      22 0.00024   13.9   0.0    6    1-6     118-123 (151)
 22 2WYT_F SUPEROXIDE DISMUTASE [C  43.0      23 0.00025   14.0   0.0    6    1-6     113-118 (153)
 23 1FUN_B OXIDOREDUCTASE, SUPEROX  43.0      23 0.00025   14.0   0.0    6    1-6     113-118 (153)
 24 7B4O_CCC Superoxide dismutase,  42.9      23 0.00025   14.0   0.0    6    1-6     119-124 (153)
 25 7B4P_AAA Superoxide dismutase   42.9      23 0.00025   14.0   0.0    6    1-6     119-124 (153)
 26 1S4I_C Hypothetical superoxide  42.3      23 0.00026   14.5   0.0    6    1-6     138-143 (175)
 27 4L05_A Superoxide dismutase [C  42.1      24 0.00026   14.0   0.0    6    1-6     121-126 (154)
 28 4XCR_A ROXIDE DISMUTASE [CU-ZN  41.9      24 0.00027   13.3   0.0    6    1-6      83-88  (110)
 29 3CE1_A Superoxide dismutase [C  41.8      24 0.00027   14.3   0.0    6    1-6     117-122 (168)
 30 2E47_B Time interval measuring  41.7      24 0.00027   14.0   0.0    6    1-6     117-122 (156)
 31 1QUP_B SUPEROXIDE DISMUTASE 1   39.9      27  0.0003   13.8   0.0    6    1-6     185-190 (222)
 32 2E46_A Time interval measuring  39.5      28 0.00031   13.8   0.0    6    1-6     118-123 (157)
 33 1XSO_B COPPER,ZINC SUPEROXIDE   39.5      28 0.00031   13.7   0.0    6    1-6     110-115 (150)
 34 6FN8_B Copper chaperone for su  39.5      28 0.00031   13.7   0.0    6    1-6     110-115 (152)
 35 6FOL_E Copper chaperone for su  39.0      29 0.00032   13.6   0.0    6    1-6     112-117 (150)
 36 5YTU_E Superoxide dismutase [C  38.8      29 0.00032   14.4   0.0    6    1-6     140-145 (180)
 37 3F7L_A Copper,Zinc Superoxide   38.5      29 0.00033   13.6   0.0    6    1-6     111-116 (152)
 38 4N3T_A Potential secreted Cu/Z  38.2      30 0.00033   13.8   0.0    6    1-6     124-129 (159)
 39 5J0G_B OXIDOREDUCTASE,Superoxi  37.9      31 0.00034   13.4   0.0    6    1-6     101-106 (113)
 40 5YTO_C Superoxide dismutase [C  37.6      31 0.00034   14.4   0.0    6    1-6     140-145 (180)
 41 5YTU_G Superoxide dismutase [C  37.6      31 0.00034   14.4   0.0    6    1-6     140-145 (180)
 42 2AQP_A superoxide dismutase, e  36.9      32 0.00036   13.8   0.0    6    1-6     131-136 (164)
 43 4A7U_F SUPEROXIDE DISMUTASE [C  36.8      33 0.00036   13.6   0.0    6    1-6     113-118 (153)
 44 5U9M_B Superoxide dismutase [C  36.2      34 0.00038   14.2   0.0    6    1-6     185-190 (248)
 45 1XTM_A Hypothetical superoxide  35.5      35 0.00039   14.0   0.0    6    1-6     138-143 (175)
 46 1EQW_B CRYSTAL STRUCTURE OF SA  35.3      36 0.00039   13.6   0.0    6    1-6     122-127 (156)
 47 1JK9_D protein-protein complex  35.2      36  0.0004   13.9   0.0    6    1-6     186-191 (249)
 48 4U4I_A Megavirus chilensis sup  34.5      37 0.00041   13.7   0.0    6    1-6     121-126 (161)
 49 1Z9P_A Superoxide dismutase [C  33.7      39 0.00044   13.4   0.0    6    1-6     122-127 (155)
 50 6FON_C Copper chaperone for su  32.7      42 0.00046   13.8   0.0    6    1-6     187-192 (252)
 51 4OJA_A Superoxide dismutase [C  32.1      44 0.00048   13.7   0.0    6    1-6     130-135 (170)
 52 6FP6_B Copper chaperone for su  30.7      48 0.00053   14.0   0.0    6    1-6     194-199 (274)
 53 2JLP_D EXTRACELLULAR SUPEROXID  30.5      48 0.00053   14.5   0.0    6    1-6     156-161 (222)
 54 2JLP_B EXTRACELLULAR SUPEROXID  28.0      57 0.00063   14.4   0.0    6    1-6     156-161 (222)
 55 6DTK_G Tetrabrachion,Neuramini  28.0      57 0.00063   14.1   0.0    6    1-6     283-288 (323)
 56 1PZS_A Superoxide dismutase [C  23.9      76 0.00084   13.9   0.0    6    1-6     156-161 (208)
 57 5TOS_A Serine/threonine-protei  21.7      90 0.00099   12.7   0.0    6    1-6     390-395 (395)

No 1
>1F1G_E COPPER-ZINC SUPEROXIDE DISMUTASE (E.C.1.15.1.1); Nitric Oxide, CuZnSOD, OXIDOREDUCTASE; HET: PO4; 1.35A {Saccharomyces cerevisiae} SCOP: b.1.8.1
Probab=52.35  E-value=13  Score=14.54  Aligned_cols=6  Identities=50%  Similarity=1.171  Sum_probs=3.1  Template_Neff=8.300

Q IGRTLV            1 IGRTLV    6 (6)
Q Consensus         1 igrtlv    6 (6)
                      +||++|
T Consensus       114 iGRSvV  119 (154)
T 1F1G_E          114 VGRSVV  119 (154)
T ss_dssp             TTSEEE
T ss_pred             CCcEEE
Confidence            455554


No 2
>1B4L_A PROTEIN (CU/ZN SUPEROXIDE DISMUTASE) (1.15.1.1); SUPEROXIDE ACCEPTOR, COPPER, ZINC, OXIDOREDUCTASE; 1.8A {Saccharomyces cerevisiae} SCOP: b.1.8.1
Probab=50.57  E-value=14  Score=14.45  Aligned_cols=6  Identities=50%  Similarity=1.171  Sum_probs=3.0  Template_Neff=8.200

Q IGRTLV            1 IGRTLV    6 (6)
Q Consensus         1 igrtlv    6 (6)
                      +||++|
T Consensus       113 iGRSiV  118 (153)
T 1B4L_A          113 VGRSVV  118 (153)
T ss_dssp             TTSEEE
T ss_pred             CCCEEE
Confidence            355554


No 3
>1YAZ_A PROTEIN (CU/ZN SUPEROXIDE DISMUTASE) (1.15.1.1); SUPEROXIDE ACCEPTOR, COPPER, ZINC, OXIDOREDUCTASE; 1.7A {Saccharomyces cerevisiae} SCOP: b.1.8.1
Probab=50.57  E-value=14  Score=14.45  Aligned_cols=6  Identities=50%  Similarity=1.171  Sum_probs=3.0  Template_Neff=8.200

Q IGRTLV            1 IGRTLV    6 (6)
Q Consensus         1 igrtlv    6 (6)
                      +||++|
T Consensus       113 iGRSiV  118 (153)
T 1YAZ_A          113 VGRSVV  118 (153)
T ss_dssp             TTSEEE
T ss_pred             CCCEEE
Confidence            355554


No 4
>2Q2L_A Superoxide Dismutase (E.C.1.15.1.1); SOD  SAD  Antioxidant; HET: IOD; 2.367A {Potentilla atrosanguinea}
Probab=49.15  E-value=16  Score=14.34  Aligned_cols=6  Identities=67%  Similarity=1.171  Sum_probs=3.0  Template_Neff=8.200

Q IGRTLV            1 IGRTLV    6 (6)
Q Consensus         1 igrtlv    6 (6)
                      |||.+|
T Consensus       112 iGRSiV  117 (152)
T 2Q2L_A          112 IGRAVV  117 (152)
T ss_dssp             TTSEEE
T ss_pred             CCcEEE
Confidence            455554


No 5
>2MP3_A Superoxide dismutase [Cu-Zn] (E.C.1.15.1.1); L126Z-Sod1 mutant, DPC micelle, truncated; NMR {Homo sapiens}
Probab=48.90  E-value=16  Score=14.31  Aligned_cols=6  Identities=100%  Similarity=1.398  Sum_probs=3.6  Template_Neff=7.700

Q IGRTLV            1 IGRTLV    6 (6)
Q Consensus         1 igrtlv    6 (6)
                      |||.+|
T Consensus       120 iGRSiV  125 (132)
T 2MP3_A          120 IGRTLV  125 (132)
T ss_dssp             SHHHHH
T ss_pred             CCcEEE
Confidence            467664


No 6
>1IBF_A prokaryotic superoxide dismutase, subunit interaction; 2.2A {Photobacterium leiognathi} SCOP: b.1.8.1
Probab=48.33  E-value=16  Score=14.38  Aligned_cols=6  Identities=17%  Similarity=0.562  Sum_probs=3.2  Template_Neff=8.000

Q IGRTLV            1 IGRTLV    6 (6)
Q Consensus         1 igrtlv    6 (6)
                      |||+||
T Consensus       118 iGRslV  123 (151)
T 1IBF_A          118 KGHAIM  123 (151)
T ss_dssp             TTCEEE
T ss_pred             cCcEEE
Confidence            466554


No 7
>1QUP_A SUPEROXIDE DISMUTASE 1 COPPER CHAPERONE; TWO DOMAINS, BETA-ALPHA-BETA-BETA-ALPHA-BETA AND BETA; HET: SO4; 1.8A {Saccharomyces cerevisiae} SCOP: b.1.8.1, d.58.17.1
Probab=46.70  E-value=18  Score=14.30  Aligned_cols=6  Identities=67%  Similarity=1.232  Sum_probs=3.1  Template_Neff=9.300

Q IGRTLV            1 IGRTLV    6 (6)
Q Consensus         1 igrtlv    6 (6)
                      |||.+|
T Consensus       185 iGrsvv  190 (222)
T 1QUP_A          185 IGRSFV  190 (222)
T ss_pred             CCcEEE
Confidence            456554


No 8
>6ZS1_A thermophilic fungus, superoxide, antioxidant, thermostability; HET: NA, PO4, GOL; 1.56A {Chaetomium thermophilum var. thermophilum DSM 1495}
Probab=46.57  E-value=18  Score=14.34  Aligned_cols=6  Identities=83%  Similarity=1.276  Sum_probs=3.0  Template_Neff=8.000

Q IGRTLV            1 IGRTLV    6 (6)
Q Consensus         1 igrtlv    6 (6)
                      +||++|
T Consensus       117 iGRSiV  122 (157)
T 6ZS1_A          117 IGRTVV  122 (157)
T ss_dssp             TTSEEE
T ss_pred             CCCEEE
Confidence            355554


No 9
>6ZS1_C thermophilic fungus, superoxide, antioxidant, thermostability; HET: NA, PO4, GOL; 1.56A {Chaetomium thermophilum var. thermophilum DSM 1495}
Probab=46.57  E-value=18  Score=14.34  Aligned_cols=6  Identities=83%  Similarity=1.276  Sum_probs=3.0  Template_Neff=8.000

Q IGRTLV            1 IGRTLV    6 (6)
Q Consensus         1 igrtlv    6 (6)
                      +||++|
T Consensus       117 iGRSiV  122 (157)
T 6ZS1_C          117 IGRTVV  122 (157)
T ss_dssp             TTSEEE
T ss_pred             CCCEEE
Confidence            355554


No 10
>1U3N_A Hypothetical superoxide dismutase-like protein yojM; SOD-like  Bacillus subtilis ; NMR {Bacillus subtilis}
Probab=46.15  E-value=19  Score=14.31  Aligned_cols=6  Identities=17%  Similarity=0.462  Sum_probs=3.1  Template_Neff=8.100

Q IGRTLV            1 IGRTLV    6 (6)
Q Consensus         1 igrtlv    6 (6)
                      |||.+|
T Consensus       125 iGRSlV  130 (162)
T 1U3N_A          125 DGSAFI  130 (162)
T ss_dssp             SSBCCC
T ss_pred             CCCEEE
Confidence            456554


No 11
>3L9E_A Superoxide dismutase [Cu-Zn] (E.C.1.15.1.1); Greek-key-barrel, Antioxidant, Cytoplasm, Disulfide bond; 2.05A {Bombyx mori}
Probab=46.09  E-value=19  Score=14.21  Aligned_cols=6  Identities=100%  Similarity=1.398  Sum_probs=3.0  Template_Neff=8.100

Q IGRTLV            1 IGRTLV    6 (6)
Q Consensus         1 igrtlv    6 (6)
                      +||.+|
T Consensus       113 iGRSiV  118 (154)
T 3L9E_A          113 IGRTLV  118 (154)
T ss_dssp             TTSEEE
T ss_pred             CCcEEE
Confidence            355554


No 12
>3KBE_A Superoxide dismutase [Cu-Zn] (E.C.1.15.1.1); cu-zn superoxide dismutase, antioxidant, oxidoreductase; 1.1A {Caenorhabditis elegans}
Probab=45.31  E-value=20  Score=14.19  Aligned_cols=6  Identities=50%  Similarity=1.226  Sum_probs=2.9  Template_Neff=8.100

Q IGRTLV            1 IGRTLV    6 (6)
Q Consensus         1 igrtlv    6 (6)
                      |||.+|
T Consensus       112 iGRSvV  117 (157)
T 3KBE_A          112 VGRSMV  117 (157)
T ss_dssp             TTSEEE
T ss_pred             CCcEEE
Confidence            355543


No 13
>1TO4_B Superoxide dismutase (E.C.1.15.1.1); beta-barrel, OXIDOREDUCTASE; 1.55A {Schistosoma mansoni} SCOP: b.1.8.1
Probab=45.29  E-value=20  Score=14.29  Aligned_cols=6  Identities=67%  Similarity=1.276  Sum_probs=3.0  Template_Neff=7.900

Q IGRTLV            1 IGRTLV    6 (6)
Q Consensus         1 igrtlv    6 (6)
                      +||.||
T Consensus       115 iGRslV  120 (156)
T 1TO4_B          115 IGRSMV  120 (156)
T ss_dssp             TTSEEE
T ss_pred             CCCEEE
Confidence            355554


No 14
>6FLH_A Superoxide dismutase [Cu-Zn],Superoxide dismutase [Cu-Zn],Superoxide; SOD1, OXIDOREDUCTASE; 1.79A {Homo sapiens}
Probab=44.68  E-value=20  Score=13.72  Aligned_cols=6  Identities=100%  Similarity=1.398  Sum_probs=3.0  Template_Neff=7.800

Q IGRTLV            1 IGRTLV    6 (6)
Q Consensus         1 igrtlv    6 (6)
                      |||.+|
T Consensus        87 iGRSiV   92 (118)
T 6FLH_A           87 IGRTLV   92 (118)
T ss_dssp             TTCEEE
T ss_pred             cCcEEE
Confidence            455553


No 15
>1EJ8_A CRYSTAL STRUCTURE OF DOMAIN 2; beta barrel, copper chaperone for; 1.55A {Saccharomyces cerevisiae} SCOP: b.1.8.1
Probab=44.54  E-value=21  Score=14.01  Aligned_cols=6  Identities=67%  Similarity=1.232  Sum_probs=3.1  Template_Neff=7.900

Q IGRTLV            1 IGRTLV    6 (6)
Q Consensus         1 igrtlv    6 (6)
                      |||.+|
T Consensus       109 iGRsvV  114 (140)
T 1EJ8_A          109 IGRSFV  114 (140)
T ss_dssp             TTSEEE
T ss_pred             cccEEE
Confidence            456553


No 16
>3KBF_A Superoxide dismutase [Cu-Zn] (E.C.1.15.1.1); cu-zn superoxide dismutase, antioxidant, oxidoreductase; 1.3A {Caenorhabditis elegans}
Probab=44.47  E-value=21  Score=14.19  Aligned_cols=6  Identities=50%  Similarity=1.226  Sum_probs=2.9  Template_Neff=8.000

Q IGRTLV            1 IGRTLV    6 (6)
Q Consensus         1 igrtlv    6 (6)
                      |||.+|
T Consensus       112 iGRSvV  117 (157)
T 3KBF_A          112 VGRSMV  117 (157)
T ss_dssp             TTSEEE
T ss_pred             CCCEEE
Confidence            355543


No 17
>3PU7_A Superoxide dismutase [Cu-Zn], chloroplastic (E.C.1.15.1.1); oxidoreductase, antioxidant, metal-binding, chloroplast, disulfide; 1.8A {Solanum lycopersicum}
Probab=44.06  E-value=21  Score=14.06  Aligned_cols=6  Identities=67%  Similarity=1.243  Sum_probs=2.9  Template_Neff=8.100

Q IGRTLV            1 IGRTLV    6 (6)
Q Consensus         1 igrtlv    6 (6)
                      |||.+|
T Consensus       113 iGRSiV  118 (154)
T 3PU7_A          113 VGRALV  118 (154)
T ss_dssp             TTSEEE
T ss_pred             CCcEEE
Confidence            355543


No 18
>3L9Y_B Superoxide dismutase [Cu-Zn] (E.C.1.15.1.1); Greek-key-barrel, Antioxidant, Copper, Cytoplasm, Metal-binding; 1.8A {Bombyx mori}
Probab=43.94  E-value=21  Score=14.05  Aligned_cols=6  Identities=100%  Similarity=1.398  Sum_probs=2.9  Template_Neff=8.100

Q IGRTLV            1 IGRTLV    6 (6)
Q Consensus         1 igrtlv    6 (6)
                      +||.+|
T Consensus       113 iGRSvV  118 (154)
T 3L9Y_B          113 IGRTLV  118 (154)
T ss_dssp             TTCEEE
T ss_pred             CCcEEE
Confidence            355543


No 19
>2AQS_A Superoxide dismutase [Cu-Zn] (E.C.1.15.1.1); Cu/Zn superoxide dismutase, electrostatic guidance; 1.7A {Neisseria meningitidis}
Probab=43.87  E-value=21  Score=14.35  Aligned_cols=6  Identities=17%  Similarity=0.595  Sum_probs=3.2  Template_Neff=7.800

Q IGRTLV            1 IGRTLV    6 (6)
Q Consensus         1 igrtlv    6 (6)
                      |||.+|
T Consensus       131 iGRSiV  136 (164)
T 2AQS_A          131 RGHSIM  136 (164)
T ss_pred             cCcEEE
Confidence            466554


No 20
>1ESO_A CU, ZN SUPEROXIDE DISMUTASE; OXIDOREDUCTASE, CU,ZN SUPEROXIDE DISMUTASE, MONOMERIC; 2.0A {Escherichia coli} SCOP: b.1.8.1
Probab=43.68  E-value=22  Score=14.04  Aligned_cols=6  Identities=17%  Similarity=0.385  Sum_probs=3.1  Template_Neff=8.100

Q IGRTLV            1 IGRTLV    6 (6)
Q Consensus         1 igrtlv    6 (6)
                      |||.+|
T Consensus       121 iGRsiV  126 (154)
T 1ESO_A          121 KDKALM  126 (154)
T ss_dssp             TTEEEE
T ss_pred             CCcEEE
Confidence            455553


No 21
>1OAL_A SUPEROXIDE DISMUTASE (E.C.1.15.1.1); OXIDOREDUCTASE, PROKARYOTIC CU, ZN SUPEROXIDE; 1.5A {PHOTOBACTERIUM LEIOGNATHI} SCOP: b.1.8.1
Probab=43.38  E-value=22  Score=13.92  Aligned_cols=6  Identities=17%  Similarity=0.562  Sum_probs=3.0  Template_Neff=8.200

Q IGRTLV            1 IGRTLV    6 (6)
Q Consensus         1 igrtlv    6 (6)
                      |||.+|
T Consensus       118 iGRsvV  123 (151)
T 1OAL_A          118 KGHAIM  123 (151)
T ss_dssp             TTCEEE
T ss_pred             cCcEEE
Confidence            455553


No 22
>2WYT_F SUPEROXIDE DISMUTASE [CU-ZN] (E.C.1.15.1.1); OXIDOREDUCTASE, DISEASE MUTATION, AMYOTROPHIC LATERAL; HET: SO4; 1.0A {HOMO SAPIENS}
Probab=42.97  E-value=23  Score=13.97  Aligned_cols=6  Identities=100%  Similarity=1.398  Sum_probs=2.8  Template_Neff=8.100

Q IGRTLV            1 IGRTLV    6 (6)
Q Consensus         1 igrtlv    6 (6)
                      +||.+|
T Consensus       113 iGRSiV  118 (153)
T 2WYT_F          113 IGRTLV  118 (153)
T ss_dssp             TTSEEE
T ss_pred             CCcEEE
Confidence            355543


No 23
>1FUN_B OXIDOREDUCTASE, SUPEROXIDE ACCEPTOR; HET: CU, ZN; 2.85A {Homo sapiens} SCOP: b.1.8.1
Probab=42.97  E-value=23  Score=13.97  Aligned_cols=6  Identities=100%  Similarity=1.398  Sum_probs=2.9  Template_Neff=8.100

Q IGRTLV            1 IGRTLV    6 (6)
Q Consensus         1 igrtlv    6 (6)
                      +||.+|
T Consensus       113 ~GRSiV  118 (153)
T 1FUN_B          113 IGRTLV  118 (153)
T ss_dssp             TTSEEE
T ss_pred             CCCEEE
Confidence            355543


No 24
>7B4O_CCC Superoxide dismutase, copper, zinc, bacterial; HET: ZN; 1.41A {Bacteroidetes bacterium GWA2_30_7}
Probab=42.88  E-value=23  Score=13.97  Aligned_cols=6  Identities=50%  Similarity=1.259  Sum_probs=3.0  Template_Neff=8.100

Q IGRTLV            1 IGRTLV    6 (6)
Q Consensus         1 igrtlv    6 (6)
                      |||.||
T Consensus       119 iGRSlV  124 (153)
T 7B4O_CCC        119 IGRSMI  124 (153)
T ss_pred             CCcEEE
Confidence            455553


No 25
>7B4P_AAA Superoxide dismutase [Cu-Zn] (E.C.1.15.1.1); Superoxide dismutase, copper, zinc, bacterial; 2.7A {Bacteroidetes bacterium GWA2_30_7}
Probab=42.88  E-value=23  Score=13.97  Aligned_cols=6  Identities=50%  Similarity=1.259  Sum_probs=3.0  Template_Neff=8.100

Q IGRTLV            1 IGRTLV    6 (6)
Q Consensus         1 igrtlv    6 (6)
                      |||.||
T Consensus       119 iGRSlV  124 (153)
T 7B4P_AAA        119 IGRSMI  124 (153)
T ss_pred             CCcEEE
Confidence            455553


No 26
>1S4I_C Hypothetical superoxide dismutase-like protein yojM; SOD, Cu-Zn SOD, SOD-like, superoxide; 1.8A {Bacillus subtilis}
Probab=42.34  E-value=23  Score=14.54  Aligned_cols=6  Identities=17%  Similarity=0.462  Sum_probs=3.2  Template_Neff=7.500

Q IGRTLV            1 IGRTLV    6 (6)
Q Consensus         1 igrtlv    6 (6)
                      |||.+|
T Consensus       138 iGRSiV  143 (175)
T 1S4I_C          138 DGSAFI  143 (175)
T ss_dssp             TCEEEE
T ss_pred             CCCEEE
Confidence            456554


No 27
>4L05_A Superoxide dismutase [Cu-Zn] (E.C.1.15.1.1); superoxide dismutase, Brucella abortus, OXIDOREDUCTASE; 1.098A {Brucella abortus}
Probab=42.10  E-value=24  Score=13.98  Aligned_cols=6  Identities=33%  Similarity=0.484  Sum_probs=3.0  Template_Neff=8.000

Q IGRTLV            1 IGRTLV    6 (6)
Q Consensus         1 igrtlv    6 (6)
                      |||.+|
T Consensus       121 iGRsiV  126 (154)
T 4L05_A          121 KQRSLM  126 (154)
T ss_dssp             TTEEEE
T ss_pred             CCCEEE
Confidence            455553


No 28
>4XCR_A ROXIDE DISMUTASE [CU-ZN]; oxidoreductase; 3.602A {Homo sapiens}
Probab=41.90  E-value=24  Score=13.28  Aligned_cols=6  Identities=100%  Similarity=1.398  Sum_probs=2.9  Template_Neff=8.000

Q IGRTLV            1 IGRTLV    6 (6)
Q Consensus         1 igrtlv    6 (6)
                      +||++|
T Consensus        83 iGrsvV   88 (110)
T 4XCR_A           83 IGRTLV   88 (110)
T ss_dssp             TTSEEE
T ss_pred             cCcEEE
Confidence            355543


No 29
>3CE1_A Superoxide dismutase [Cu-Zn] (E.C.1.15.1.1); Greek-key beta barrel, Antioxidant, Metal-binding; 1.2A {Cryptococcus liquefaciens}
Probab=41.80  E-value=24  Score=14.31  Aligned_cols=6  Identities=83%  Similarity=1.331  Sum_probs=3.0  Template_Neff=7.700

Q IGRTLV            1 IGRTLV    6 (6)
Q Consensus         1 igrtlv    6 (6)
                      |||.+|
T Consensus       117 iGRSiV  122 (168)
T 3CE1_A          117 IGRTIV  122 (168)
T ss_dssp             TTSEEE
T ss_pred             CCcEEE
Confidence            455553


No 30
>2E47_B Time interval measuring enzyme TIME; motalloprotein, glycoprotein, METAL BINDING PROTEIN; HET: MAN, NAG; 2.11A {Bombyx mori}
Probab=41.66  E-value=24  Score=14.03  Aligned_cols=6  Identities=67%  Similarity=1.171  Sum_probs=2.9  Template_Neff=7.900

Q IGRTLV            1 IGRTLV    6 (6)
Q Consensus         1 igrtlv    6 (6)
                      |||.+|
T Consensus       117 iGRSiV  122 (156)
T 2E47_B          117 IGRAVV  122 (156)
T ss_dssp             TTSEEE
T ss_pred             CCcEEE
Confidence            355543


No 31
>1QUP_B SUPEROXIDE DISMUTASE 1 COPPER CHAPERONE; TWO DOMAINS, BETA-ALPHA-BETA-BETA-ALPHA-BETA AND BETA; HET: MSE, SO4; 1.8A {Saccharomyces cerevisiae} SCOP: d.58.17.1, b.1.8.1
Probab=39.92  E-value=27  Score=13.83  Aligned_cols=6  Identities=67%  Similarity=1.232  Sum_probs=2.9  Template_Neff=9.300

Q IGRTLV            1 IGRTLV    6 (6)
Q Consensus         1 igrtlv    6 (6)
                      |||.+|
T Consensus       185 iGrsiv  190 (222)
T 1QUP_B          185 IGRSFV  190 (222)
T ss_dssp             TTSEEE
T ss_pred             EeeEEE
Confidence            455543


No 32
>2E46_A Time interval measuring enzyme TIME; metalloprotein, METAL BINDING PROTEIN; 2.3A {Bombyx mori}
Probab=39.54  E-value=28  Score=13.84  Aligned_cols=6  Identities=67%  Similarity=1.171  Sum_probs=2.8  Template_Neff=8.000

Q IGRTLV            1 IGRTLV    6 (6)
Q Consensus         1 igrtlv    6 (6)
                      |||.+|
T Consensus       118 iGRSlV  123 (157)
T 2E46_A          118 IGRAVV  123 (157)
T ss_dssp             TTSEEE
T ss_pred             cCcEEE
Confidence            355543


No 33
>1XSO_B COPPER,ZINC SUPEROXIDE DISMUTASE; OXIDOREDUCTASE (SUPEROXIDE ACCEPTOR); 1.49A {Xenopus laevis} SCOP: b.1.8.1
Probab=39.52  E-value=28  Score=13.69  Aligned_cols=6  Identities=83%  Similarity=1.110  Sum_probs=2.8  Template_Neff=8.100

Q IGRTLV            1 IGRTLV    6 (6)
Q Consensus         1 igrtlv    6 (6)
                      +||.+|
T Consensus       110 iGRSiV  115 (150)
T 1XSO_B          110 IGRTAV  115 (150)
T ss_dssp             TTSEEE
T ss_pred             cCcEEE
Confidence            355543


No 34
>6FN8_B Copper chaperone for superoxide dismutase; ImgG-like, copper-chaperone, zinc-binding, protein maturation; 1.55A {Homo sapiens}
Probab=39.51  E-value=28  Score=13.66  Aligned_cols=6  Identities=67%  Similarity=1.326  Sum_probs=2.7  Template_Neff=8.200

Q IGRTLV            1 IGRTLV    6 (6)
Q Consensus         1 igrtlv    6 (6)
                      |||.+|
T Consensus       110 iGRsvV  115 (152)
T 6FN8_B          110 IGRSLI  115 (152)
T ss_dssp             TTSEEE
T ss_pred             cCcEEE
Confidence            355443


No 35
>6FOL_E Copper chaperone for superoxide dismutase; heterodimer, copper-chaperone, hSOD1, protein maturation; HET: PE8; 2.55A {Homo sapiens}
Probab=39.00  E-value=29  Score=13.60  Aligned_cols=6  Identities=67%  Similarity=1.326  Sum_probs=2.8  Template_Neff=8.200

Q IGRTLV            1 IGRTLV    6 (6)
Q Consensus         1 igrtlv    6 (6)
                      |||.+|
T Consensus       112 iGRSiV  117 (150)
T 6FOL_E          112 IGRSLI  117 (150)
T ss_dssp             TTCEEE
T ss_pred             cCcEEE
Confidence            355543


No 36
>5YTU_E Superoxide dismutase [Cu-Zn] (E.C.1.15.1.1); isoproteranol, Complex, Dimer stabilizer, OXIDOREDUCTASE; HET: TAM, GOL, 5FW, S4P; 1.9A {Homo sapiens}
Probab=38.77  E-value=29  Score=14.39  Aligned_cols=6  Identities=100%  Similarity=1.398  Sum_probs=3.1  Template_Neff=7.400

Q IGRTLV            1 IGRTLV    6 (6)
Q Consensus         1 igrtlv    6 (6)
                      |||.+|
T Consensus       140 iGRSvV  145 (180)
T 5YTU_E          140 IGRTLV  145 (180)
T ss_dssp             TTSEEE
T ss_pred             CCcEEE
Confidence            455554


No 37
>3F7L_A Copper,Zinc Superoxide Dismutase (E.C.1.15.1.1); OXIDOREDUCTASE (SUPEROXIDE ACCEPTOR), superoxide dismutase; HET: ACY, SO4; 0.99A {Alvinella pompejana}
Probab=38.48  E-value=29  Score=13.59  Aligned_cols=6  Identities=100%  Similarity=1.398  Sum_probs=2.7  Template_Neff=8.200

Q IGRTLV            1 IGRTLV    6 (6)
Q Consensus         1 igrtlv    6 (6)
                      +||.+|
T Consensus       111 iGRSvV  116 (152)
T 3F7L_A          111 IGRTLV  116 (152)
T ss_dssp             TTCEEE
T ss_pred             CCcEEE
Confidence            355543


No 38
>4N3T_A Potential secreted Cu/Zn superoxide dismutase; antioxidant, oxidative burst, oxidoreductase, zinc; HET: SO4; 1.4A {Candida albicans}
Probab=38.19  E-value=30  Score=13.77  Aligned_cols=6  Identities=33%  Similarity=0.423  Sum_probs=2.9  Template_Neff=8.000

Q IGRTLV            1 IGRTLV    6 (6)
Q Consensus         1 igrtlv    6 (6)
                      +||.+|
T Consensus       124 iGrSlV  129 (159)
T 4N3T_A          124 GGLSIV  129 (159)
T ss_dssp             TTCEEE
T ss_pred             CCcEEE
Confidence            355553


No 39
>5J0G_B OXIDOREDUCTASE,Superoxide dismutase [Cu-Zn] (E.C.1.15.1.1); SOD1, OXIDOREDUCTASE; 2.5A {Homo sapiens}
Probab=37.90  E-value=31  Score=13.38  Aligned_cols=6  Identities=100%  Similarity=1.398  Sum_probs=3.4  Template_Neff=7.400

Q IGRTLV            1 IGRTLV    6 (6)
Q Consensus         1 igrtlv    6 (6)
                      +||.+|
T Consensus       101 iGRSiV  106 (113)
T 5J0G_B          101 IGRTLV  106 (113)
T ss_dssp             TTSEEE
T ss_pred             CCcEEE
Confidence            466654


No 40
>5YTO_C Superoxide dismutase [Cu-Zn] (E.C.1.15.1.1); dismutase, ligand complex, dimer, OXIDOREDUCTASE; HET: PS5, 946, GOL; 1.9A {Homo sapiens}
Probab=37.58  E-value=31  Score=14.36  Aligned_cols=6  Identities=100%  Similarity=1.398  Sum_probs=3.0  Template_Neff=7.300

Q IGRTLV            1 IGRTLV    6 (6)
Q Consensus         1 igrtlv    6 (6)
                      |||.+|
T Consensus       140 iGRSiV  145 (180)
T 5YTO_C          140 IGRTLV  145 (180)
T ss_dssp             TTSEEE
T ss_pred             CCcEEE
Confidence            355554


No 41
>5YTU_G Superoxide dismutase [Cu-Zn] (E.C.1.15.1.1); isoproteranol, Complex, Dimer stabilizer, OXIDOREDUCTASE; HET: 5FW, GOL, TAM, S4P; 1.9A {Homo sapiens}
Probab=37.58  E-value=31  Score=14.36  Aligned_cols=6  Identities=100%  Similarity=1.398  Sum_probs=3.0  Template_Neff=7.300

Q IGRTLV            1 IGRTLV    6 (6)
Q Consensus         1 igrtlv    6 (6)
                      |||.+|
T Consensus       140 iGRSiV  145 (180)
T 5YTU_G          140 IGRTLV  145 (180)
T ss_dssp             TTSEEE
T ss_pred             CCcEEE
Confidence            355554


No 42
>2AQP_A superoxide dismutase, electrostatic guidance, neisseria; HET: EDO; 1.3A {Neisseria meningitidis}
Probab=36.93  E-value=32  Score=13.80  Aligned_cols=6  Identities=17%  Similarity=0.595  Sum_probs=3.0  Template_Neff=7.900

Q IGRTLV            1 IGRTLV    6 (6)
Q Consensus         1 igrtlv    6 (6)
                      |||.+|
T Consensus       131 iGRsiV  136 (164)
T 2AQP_A          131 RGHSIM  136 (164)
T ss_dssp             TTEEEE
T ss_pred             CCcEEE
Confidence            355553


No 43
>4A7U_F SUPEROXIDE DISMUTASE [CU-ZN] (E.C.1.15.1.1); OXIDOREDUCTASE, AMYOTROPHIC LATERAL SCLEROSIS, ANTIOXIDANT; HET: ALE, SO4; 0.98A {HOMO SAPIENS}
Probab=36.77  E-value=33  Score=13.59  Aligned_cols=6  Identities=83%  Similarity=1.143  Sum_probs=2.7  Template_Neff=8.000

Q IGRTLV            1 IGRTLV    6 (6)
Q Consensus         1 igrtlv    6 (6)
                      +||.+|
T Consensus       113 ~GRSvV  118 (153)
T 4A7U_F          113 TGRTLV  118 (153)
T ss_dssp             TTSEEE
T ss_pred             CCcEEE
Confidence            345443


No 44
>5U9M_B Superoxide dismutase [Cu-Zn] (E.C.1.15.1.1), Superoxide; oxidoreductase-chaperone complex, Cu-Zn superoxide dismutase; 2.35A {Homo sapiens}
Probab=36.17  E-value=34  Score=14.18  Aligned_cols=6  Identities=67%  Similarity=1.232  Sum_probs=3.0  Template_Neff=8.600

Q IGRTLV            1 IGRTLV    6 (6)
Q Consensus         1 igrtlv    6 (6)
                      |||.+|
T Consensus       185 iGRsiv  190 (248)
T 5U9M_B          185 IGRSFV  190 (248)
T ss_dssp             TTSEEE
T ss_pred             EeeEEE
Confidence            455553


No 45
>1XTM_A Hypothetical superoxide dismutase-like protein yojM; SOD, Cu-Zn SOD, SOD-like, superoxide; 1.6A {Bacillus subtilis}
Probab=35.47  E-value=35  Score=13.98  Aligned_cols=6  Identities=17%  Similarity=0.462  Sum_probs=2.9  Template_Neff=7.600

Q IGRTLV            1 IGRTLV    6 (6)
Q Consensus         1 igrtlv    6 (6)
                      |||.+|
T Consensus       138 iGRSiV  143 (175)
T 1XTM_A          138 DGSAFI  143 (175)
T ss_dssp             TCEEEE
T ss_pred             CCCEEE
Confidence            355543


No 46
>1EQW_B CRYSTAL STRUCTURE OF SALMONELLA TYPHIMURIUM; superoxide dismutase, Greek key b-barrel; 2.3A {Salmonella typhimurium} SCOP: b.1.8.1
Probab=35.34  E-value=36  Score=13.58  Aligned_cols=6  Identities=33%  Similarity=0.678  Sum_probs=2.8  Template_Neff=7.900

Q IGRTLV            1 IGRTLV    6 (6)
Q Consensus         1 igrtlv    6 (6)
                      |||.+|
T Consensus       122 iGRSiV  127 (156)
T 1EQW_B          122 KGHSLM  127 (156)
T ss_dssp             TTCEEE
T ss_pred             CCcEEE
Confidence            355543


No 47
>1JK9_D protein-protein complex, heterodimer, metallochaperone, chaperone; HET: SO4; 2.9A {Saccharomyces cerevisiae} SCOP: b.1.8.1, d.58.17.1
Probab=35.18  E-value=36  Score=13.89  Aligned_cols=6  Identities=67%  Similarity=1.232  Sum_probs=2.9  Template_Neff=9.000

Q IGRTLV            1 IGRTLV    6 (6)
Q Consensus         1 igrtlv    6 (6)
                      |||.+|
T Consensus       186 iGrsiV  191 (249)
T 1JK9_D          186 IGRSFV  191 (249)
T ss_dssp             TTSEEE
T ss_pred             EeeEEE
Confidence            355543


No 48
>4U4I_A Megavirus chilensis superoxide dismutase (E.C.1.15.1.1); Cu-Zn Superoxide dismutase, metal-free, oxidoreductase; HET: MSE; 2.2A {Megavirus chiliensis}
Probab=34.54  E-value=37  Score=13.75  Aligned_cols=6  Identities=83%  Similarity=1.198  Sum_probs=2.7  Template_Neff=7.600

Q IGRTLV            1 IGRTLV    6 (6)
Q Consensus         1 igrtlv    6 (6)
                      |||.+|
T Consensus       121 iGRSiV  126 (161)
T 4U4I_A          121 IGRGLV  126 (161)
T ss_dssp             TTSEEE
T ss_pred             cCcEEE
Confidence            355443


No 49
>1Z9P_A Superoxide dismutase [Cu-Zn] (E.C.1.15.1.1); CU-ZN SOD, SOD, METALLOENZYMES, OXIDOREDUCTASE; 1.5A {Haemophilus ducreyi}
Probab=33.75  E-value=39  Score=13.40  Aligned_cols=6  Identities=33%  Similarity=0.678  Sum_probs=2.8  Template_Neff=8.000

Q IGRTLV            1 IGRTLV    6 (6)
Q Consensus         1 igrtlv    6 (6)
                      +||.+|
T Consensus       122 ~GrSiV  127 (155)
T 1Z9P_A          122 KGHSLM  127 (155)
T ss_dssp             TTEEEE
T ss_pred             CCcEEE
Confidence            355543


No 50
>6FON_C Copper chaperone for superoxide dismutase; chaperone, zinc, copper, heterodimer, METAL; 3.05A {Homo sapiens}
Probab=32.71  E-value=42  Score=13.84  Aligned_cols=6  Identities=67%  Similarity=1.326  Sum_probs=2.7  Template_Neff=8.800

Q IGRTLV            1 IGRTLV    6 (6)
Q Consensus         1 igrtlv    6 (6)
                      |||.+|
T Consensus       187 iGrsiV  192 (252)
T 6FON_C          187 IGRSLI  192 (252)
T ss_dssp             TTSEEE
T ss_pred             cCcEEE
Confidence            355543


No 51
>4OJA_A Superoxide dismutase [Cu-Zn] (E.C.1.15.1.1); Greek key motif, radical oxygen; 2.277A {Hydra vulgaris}
Probab=32.14  E-value=44  Score=13.73  Aligned_cols=6  Identities=83%  Similarity=1.293  Sum_probs=2.8  Template_Neff=7.500

Q IGRTLV            1 IGRTLV    6 (6)
Q Consensus         1 igrtlv    6 (6)
                      |||.+|
T Consensus       130 iGRSiV  135 (170)
T 4OJA_A          130 IGRALV  135 (170)
T ss_dssp             TTSEEE
T ss_pred             CCcEEE
Confidence            355543


No 52
>6FP6_B Copper chaperone for superoxide dismutase; heterodimer, copper-chaperone, hSOD1, protein maturation; HET: ZN, PPI; 3.0A {Homo sapiens}
Probab=30.69  E-value=48  Score=13.96  Aligned_cols=6  Identities=67%  Similarity=1.326  Sum_probs=2.8  Template_Neff=8.600

Q IGRTLV            1 IGRTLV    6 (6)
Q Consensus         1 igrtlv    6 (6)
                      |||.+|
T Consensus       194 iGrSiV  199 (274)
T 6FP6_B          194 IGRSLI  199 (274)
T ss_dssp             TTSEEE
T ss_pred             CCcEEE
Confidence            355543


No 53
>2JLP_D EXTRACELLULAR SUPEROXIDE DISMUTASE (CU-ZN) (E.C.1.15.1.1); GLYCOLISATION, OXIDOREDUCTASE, HEPARIN BINDING, HEPARIN-BINDING; HET: SCN; 1.7A {HOMO SAPIENS}
Probab=30.53  E-value=48  Score=14.55  Aligned_cols=6  Identities=50%  Similarity=1.121  Sum_probs=3.0  Template_Neff=6.700

Q IGRTLV            1 IGRTLV    6 (6)
Q Consensus         1 igrtlv    6 (6)
                      |||.+|
T Consensus       156 iGRSvV  161 (222)
T 2JLP_D          156 VGRAVV  161 (222)
T ss_dssp             TTSEEE
T ss_pred             cccEEE
Confidence            455554


No 54
>2JLP_B EXTRACELLULAR SUPEROXIDE DISMUTASE (CU-ZN) (E.C.1.15.1.1); GLYCOLISATION, OXIDOREDUCTASE, HEPARIN BINDING, HEPARIN-BINDING; HET: SCN; 1.7A {HOMO SAPIENS}
Probab=28.03  E-value=57  Score=14.39  Aligned_cols=6  Identities=50%  Similarity=1.121  Sum_probs=2.9  Template_Neff=6.600

Q IGRTLV            1 IGRTLV    6 (6)
Q Consensus         1 igrtlv    6 (6)
                      |||.+|
T Consensus       156 iGRSvV  161 (222)
T 2JLP_B          156 VGRAVV  161 (222)
T ss_dssp             TTSEEE
T ss_pred             CCcEEE
Confidence            455543


No 55
>6DTK_G Tetrabrachion,Neuraminidase (E.C.3.2.1.18); Copper/Zinc superoxide dismutase Cu, Zn-SOD1; HET: CU, ZN; 2.0A {Homo sapiens}
Probab=27.97  E-value=57  Score=14.12  Aligned_cols=6  Identities=100%  Similarity=1.398  Sum_probs=3.0  Template_Neff=8.500

Q IGRTLV            1 IGRTLV    6 (6)
Q Consensus         1 igrtlv    6 (6)
                      +||.+|
T Consensus       283 iGRSlV  288 (323)
T 6DTK_G          283 IGRTLV  288 (323)
T ss_dssp             TTSEEE
T ss_pred             CCcEEE
Confidence            355554


No 56
>1PZS_A Superoxide dismutase [Cu-Zn] (E.C.1.15.1.1); Cu-protein, beta core, antioxidant, metal; 1.63A {Mycobacterium tuberculosis} SCOP: b.1.8.1
Probab=23.93  E-value=76  Score=13.95  Aligned_cols=6  Identities=0%  Similarity=0.246  Sum_probs=2.9  Template_Neff=6.500

Q IGRTLV            1 IGRTLV    6 (6)
Q Consensus         1 igrtlv    6 (6)
                      |||.+|
T Consensus       156 iGRSiV  161 (208)
T 1PZS_A          156 AKTAII  161 (208)
T ss_dssp             TCCEEE
T ss_pred             CCcEEE
Confidence            355553


No 57
>5TOS_A Serine/threonine-protein kinase BIK1 (E.C.2.7.11.1); serine/threonine-protein kinase, BIK1, PAMP-triggered immunity; HET: SEP; 2.35A {Arabidopsis thaliana}
Probab=21.69  E-value=90  Score=12.74  Aligned_cols=6  Identities=67%  Similarity=1.077  Sum_probs=0.0  Template_Neff=10.700

Q IGRTLV            1 IGRTLV    6 (6)
Q Consensus         1 igrtlv    6 (6)
                      +||.||
T Consensus       390 ~~~~~~  395 (395)
T 5TOS_A          390 FGRHLV  395 (395)
T ss_dssp             ------
T ss_pred             CcccCC
Confidence            466654


