Query         IVATTR
Match_columns 6
No_of_seqs    1 out of 1
Neff          1
Searched_HMMs 90378
Date          Mon Dec 20 09:41:54 2021
Command       /media/stefano/DISCO1/FOLDEN/hh-suite/build/bin/hhsearch -i /media/stefano/DISCO1/FOLDEN/trRosetta2/example/IVATTR/protein.hhm -d /media/stefano/DISCO1/FOLDEN/trRosettaX/pdb70/pdb70 -o /media/stefano/DISCO1/FOLDEN/trRosetta2/example/IVATTR/protein.out -cpu 32 

 No Hit                             Prob E-value P-value  Score    SS Cols Query HMM  Template HMM
  1 6RPR_G Prelamin-A/C, barrier t  34.2      38 0.00042   11.8   0.0    6    1-6      25-30  (43)
  2 6GHD_G Emerin, Barrier-to-auto  32.1      44 0.00048   11.8   0.0    6    1-6      26-31  (45)
  3 1JEI_A EMERIN; emerin nucleus   29.3      52 0.00058   12.1   0.0    6    1-6      25-30  (53)
  4 1GAX_B VALYL-TRNA SYNTHETASE (  22.5      84 0.00093   15.1   0.0    6    1-6     211-216 (862)
  5 7NDY_G Barrier-to-autointegrat  21.3      93   0.001   14.5   0.0    6    1-6      26-31  (187)
  6 1GJJ_A LAP2; INNER NUCLEAR MEM  18.8 1.1E+02  0.0013   13.9   0.0    6    1-6     134-139 (168)
  7 6LPF_A 389aa long hypothetical  13.6 1.9E+02  0.0021   14.8   0.0    6    1-6     312-317 (1092)
  8 6HPH_A ATP-dependent DNA helic  13.2 1.9E+02  0.0021   11.7   0.0    5    2-6     378-382 (418)
  9 5B74_B L-asparaginase, LEU-VAL  12.7   2E+02  0.0023   10.7   0.0    6    1-6      58-63  (127)
 10 7AMY_D Flagellar biosynthesis   12.5 2.1E+02  0.0023   15.0   0.0    5    2-6      84-88  (702)

No 1
>6RPR_G Prelamin-A/C, barrier to autointegration factor; Nuclear membrane protein, DNA BINDING; HET: SO4; 2.26A {Homo sapiens}
Probab=34.22  E-value=38  Score=11.83  Aligned_cols=6  Identities=50%  Similarity=0.872  Sum_probs=3.1  Template_Neff=6.000

Q IVATTR            1 IVATTR    6 (6)
Q Consensus         1 ivattr    6 (6)
                      |..+||
T Consensus        25 it~sTR   30 (43)
T 6RPR_G           25 VVGSTR   30 (43)
T ss_dssp             CCTTTH
T ss_pred             CCcccH
Confidence            345565


No 2
>6GHD_G Emerin, Barrier-to-autointegration factor, Prelamin-A/C; nuclear envelope, gene expression, ternary; HET: SO4; 2.1A {Homo sapiens}
Probab=32.06  E-value=44  Score=11.78  Aligned_cols=6  Identities=50%  Similarity=0.872  Sum_probs=3.0  Template_Neff=6.000

Q IVATTR            1 IVATTR    6 (6)
Q Consensus         1 ivattr    6 (6)
                      |..+||
T Consensus        26 It~tTR   31 (45)
T 6GHD_G           26 VVGSTR   31 (45)
T ss_pred             CCcccH
Confidence            345555


No 3
>1JEI_A EMERIN; emerin nucleus membrane domain dystrophy; NMR {N/A} SCOP: a.140.1.1
Probab=29.30  E-value=52  Score=12.06  Aligned_cols=6  Identities=50%  Similarity=0.872  Sum_probs=2.9  Template_Neff=5.700

Q IVATTR            1 IVATTR    6 (6)
Q Consensus         1 ivattr    6 (6)
                      |..+||
T Consensus        25 It~tTR   30 (53)
T 1JEI_A           25 VVGSTR   30 (53)
T ss_pred             CCcccH
Confidence            345554


No 4
>1GAX_B VALYL-TRNA SYNTHETASE (E.C.6.1.1.9)/RNA COMPLEX; protein-RNA complex, Rossmann fold, coiled; HET: VAA; 2.9A {Thermus thermophilus} SCOP: b.51.1.1, a.27.1.1, a.2.7.3, c.26.1.1
Probab=22.54  E-value=84  Score=15.14  Aligned_cols=6  Identities=50%  Similarity=0.556  Sum_probs=3.4  Template_Neff=9.200

Q IVATTR            1 IVATTR    6 (6)
Q Consensus         1 ivattr    6 (6)
                      +|+|||
T Consensus       211 ~v~tt~  216 (862)
T 1GAX_B          211 EIATVR  216 (862)
T ss_dssp             EEEESC
T ss_pred             EEEecC
Confidence            356665


No 5
>7NDY_G Barrier-to-autointegration factor, N-terminally processed, Emerin; Phosphorylation Complex High Resolution, DNA; HET: EPE, TPO, SEP; 1.44A {Homo sapiens}
Probab=21.25  E-value=93  Score=14.49  Aligned_cols=6  Identities=50%  Similarity=0.872  Sum_probs=3.6  Template_Neff=4.300

Q IVATTR            1 IVATTR    6 (6)
Q Consensus         1 ivattr    6 (6)
                      |+.+||
T Consensus        26 It~STR   31 (187)
T 7NDY_G           26 VVGSTR   31 (187)
T ss_dssp             CCTTTH
T ss_pred             CCCccH
Confidence            456665


No 6
>1GJJ_A LAP2; INNER NUCLEAR MEMBRANE PROTEIN, LAMIN-ASSOCIATED; NMR {Homo sapiens} SCOP: a.140.1.1
Probab=18.80  E-value=1.1e+02  Score=13.94  Aligned_cols=6  Identities=83%  Similarity=0.977  Sum_probs=3.2  Template_Neff=4.500

Q IVATTR            1 IVATTR    6 (6)
Q Consensus         1 ivattr    6 (6)
                      |+.+||
T Consensus       134 It~sTR  139 (168)
T 1GJJ_A          134 IVGTTR  139 (168)
T ss_dssp             CCSSEH
T ss_pred             CChhhH
Confidence            455555


No 7
>6LPF_A 389aa long hypothetical nucleolar protein; tRNA, aminoacylation, protein translation, LeuRS; HET: VRT, LSS; 2.49A {Homo sapiens}
Probab=13.55  E-value=1.9e+02  Score=14.85  Aligned_cols=6  Identities=50%  Similarity=0.639  Sum_probs=0.0  Template_Neff=8.600

Q IVATTR            1 IVATTR    6 (6)
Q Consensus         1 ivattr    6 (6)
                      +++|||
T Consensus       312 ~v~Ttr  317 (1092)
T 6LPF_A          312 VAATLR  317 (1092)
T ss_dssp             EEEESC
T ss_pred             EEeeCC


No 8
>6HPH_A ATP-dependent DNA helicase PIF1 (E.C.3.6.4.12); Pif1, 5'-3' DNA helicase, Duplex; HET: ANP; 1.13A {Homo sapiens}
Probab=13.20  E-value=1.9e+02  Score=11.73  Aligned_cols=5  Identities=60%  Similarity=0.713  Sum_probs=0.0  Template_Neff=11.100

Q IVATTR            2 VATTR    6 (6)
Q Consensus         2 vattr    6 (6)
                      ||.||
T Consensus       378 VAlTR  382 (418)
T 6HPH_A          378 VALSR  382 (418)
T ss_dssp             HHHHT
T ss_pred             hhhee


No 9
>5B74_B L-asparaginase, LEU-VAL-VAL-ASN; Truncated Pyrococcus furiosus L-asparaginase, Linkerless; HET: FLC; 2.039A {Pyrococcus furiosus DSM 3638}
Probab=12.70  E-value=2e+02  Score=10.74  Aligned_cols=6  Identities=67%  Similarity=0.733  Sum_probs=0.0  Template_Neff=8.700

Q IVATTR            1 IVATTR    6 (6)
Q Consensus         1 ivattr    6 (6)
                      +|.+||
T Consensus        58 Vv~~s~   63 (127)
T 5B74_B           58 IVMTTQ   63 (127)
T ss_dssp             EEEEES
T ss_pred             EEEEec


No 10
>7AMY_D Flagellar biosynthesis protein FlhA; T3SS, export apparatus, secretion, protein;{Vibrio parahaemolyticus}
Probab=12.50  E-value=2.1e+02  Score=14.99  Aligned_cols=5  Identities=80%  Similarity=0.966  Sum_probs=0.0  Template_Neff=6.300

Q IVATTR            2 VATTR    6 (6)
Q Consensus         2 vattr    6 (6)
                      |||||
T Consensus        84 iasTR   88 (702)
T 7AMY_D           84 VASTR   88 (702)
T ss_dssp             -----
T ss_pred             HHhhh


