Query         CGVIGI
Match_columns 6
No_of_seqs    1 out of 1
Neff          1
Searched_HMMs 90378
Date          Sun Dec 19 16:21:07 2021
Command       /media/stefano/DISCO1/FOLDEN/hh-suite/build/bin/hhsearch -i /media/stefano/DISCO1/FOLDEN/trRosetta2/example/CGVIGI/protein.hhm -d /media/stefano/DISCO1/FOLDEN/trRosettaX/pdb70/pdb70 -o /media/stefano/DISCO1/FOLDEN/trRosetta2/example/CGVIGI/protein.out -cpu 32 

 No Hit                             Prob E-value P-value  Score    SS Cols Query HMM  Template HMM
  1 1PZS_A Superoxide dismutase [C  65.8     5.2 5.7E-05   17.4   0.0    6    1-6     202-207 (208)
  2 2JLP_D EXTRACELLULAR SUPEROXID  59.4     8.1   9E-05   16.8   0.0    6    1-6     189-194 (222)
  3 2JLP_B EXTRACELLULAR SUPEROXID  54.6      11 0.00012   16.5   0.0    6    1-6     189-194 (222)
  4 1AFO_B GLYCOPHORIN A; INTEGRAL  46.3      18  0.0002   14.0   0.0    6    1-6      21-26  (40)
  5 1AO0_B GLUTAMINE PHOSPHORIBOSY  35.5      35 0.00039   14.9   0.0    6    1-6       1-6   (459)
  6 1GPH_2 GLUTAMINE PHOSPHORIBOSY  32.2      43 0.00048   14.7   0.0    6    1-6       1-6   (465)
  7 1CT9_A ASPARAGINE SYNTHETASE B  31.3      46 0.00051   15.0   0.0    6    1-6       1-6   (553)
  8 7NDL_A Isoform 2 of Glutamine-  25.9      66 0.00073   15.1   0.0    6    1-6       1-6   (686)
  9 6CZF_C Amidophosphoribosyltran  24.6      72  0.0008   14.2   0.0    6    1-6       1-6   (498)
 10 1ECG_A GLUTAMINE PHOSPHORIBOSY  23.5      78 0.00086   14.1   0.0    6    1-6       1-6   (504)
 11 3OOJ_C Glucosamine/fructose-6-  21.6      90   0.001   14.0   0.0    6    1-6       1-6   (608)
 12 1JXA_B GLUCOSAMINE 6-PHOSPHATE  20.9      95  0.0011   14.0   0.0    6    1-6       1-6   (608)

No 1
>1PZS_A Superoxide dismutase [Cu-Zn] (E.C.1.15.1.1); Cu-protein, beta core, antioxidant, metal; 1.63A {Mycobacterium tuberculosis} SCOP: b.1.8.1
Probab=65.83  E-value=5.2  Score=17.36  Aligned_cols=6  Identities=83%  Similarity=1.680  Sum_probs=4.7  Template_Neff=6.500

Q CGVIGI            1 CGVIGI    6 (6)
Q Consensus         1 cgvigi    6 (6)
                      ||||+.
T Consensus       202 CGvI~~  207 (208)
T 1PZS_A          202 CGVIGS  207 (208)
T ss_dssp             EEESBB
T ss_pred             EEEEee
Confidence            889874


No 2
>2JLP_D EXTRACELLULAR SUPEROXIDE DISMUTASE (CU-ZN) (E.C.1.15.1.1); GLYCOLISATION, OXIDOREDUCTASE, HEPARIN BINDING, HEPARIN-BINDING; HET: SCN; 1.7A {HOMO SAPIENS}
Probab=59.43  E-value=8.1  Score=16.81  Aligned_cols=6  Identities=50%  Similarity=1.425  Sum_probs=4.2  Template_Neff=6.700

Q CGVIGI            1 CGVIGI    6 (6)
Q Consensus         1 cgvigi    6 (6)
                      ||+|++
T Consensus       189 CGvI~~  194 (222)
T 2JLP_D          189 CCVVGV  194 (222)
T ss_dssp             EEECEE
T ss_pred             EEEEEE
Confidence            777764


No 3
>2JLP_B EXTRACELLULAR SUPEROXIDE DISMUTASE (CU-ZN) (E.C.1.15.1.1); GLYCOLISATION, OXIDOREDUCTASE, HEPARIN BINDING, HEPARIN-BINDING; HET: SCN; 1.7A {HOMO SAPIENS}
Probab=54.58  E-value=11  Score=16.46  Aligned_cols=6  Identities=50%  Similarity=1.425  Sum_probs=4.2  Template_Neff=6.600

Q CGVIGI            1 CGVIGI    6 (6)
Q Consensus         1 cgvigi    6 (6)
                      ||+|+.
T Consensus       189 CgvI~~  194 (222)
T 2JLP_B          189 CCVVGV  194 (222)
T ss_dssp             EEECEE
T ss_pred             EEEEEE
Confidence            788763


No 4
>1AFO_B GLYCOPHORIN A; INTEGRAL MEMBRANE PROTEIN, HUMAN GLYCOPHORIN; NMR {Homo sapiens} SCOP: j.35.1.1
Probab=46.32  E-value=18  Score=13.96  Aligned_cols=6  Identities=67%  Similarity=1.138  Sum_probs=3.3  Template_Neff=2.400

Q CGVIGI            1 CGVIGI    6 (6)
Q Consensus         1 cgvigi    6 (6)
                      +|+||+
T Consensus        21 aGIIG~   26 (40)
T 1AFO_B           21 AGVIGT   26 (40)
T ss_dssp             HHHHHH
T ss_pred             HHHHHH
Confidence            466663


No 5
>1AO0_B GLUTAMINE PHOSPHORIBOSYLPYROPHOSPHATE AMIDOTRANSFERASE, IRON/SULFUR CLUSTER; TRANSFERASE, GLUTAMINE AMIDOTRANSFERASE, PRTASE, PURINE; HET: SF4, ADP, 5GP; 2.8A {Bacillus subtilis} SCOP: d.153.1.1, c.61.1.1
Probab=35.53  E-value=35  Score=14.90  Aligned_cols=6  Identities=83%  Similarity=1.835  Sum_probs=3.7  Template_Neff=9.400

Q CGVIGI            1 CGVIGI    6 (6)
Q Consensus         1 cgvigi    6 (6)
                      ||++|+
T Consensus         1 cGi~G~    6 (459)
T 1AO0_B            1 CGVFGI    6 (459)
T ss_dssp             CEEEEE
T ss_pred             CeEEEE
Confidence            666664


No 6
>1GPH_2 GLUTAMINE PHOSPHORIBOSYLPYROPHOSPHATE (PRPP) AMIDOTRANSFERASE (E.C.2.4.2.14); TRANSFERASE, GLUTAMINE AMIDOTRANSFERASE; HET: AMP, SF4; 3.0A {Bacillus subtilis} SCOP: d.153.1.1, c.61.1.1
Probab=32.20  E-value=43  Score=14.67  Aligned_cols=6  Identities=83%  Similarity=1.835  Sum_probs=3.6  Template_Neff=9.400

Q CGVIGI            1 CGVIGI    6 (6)
Q Consensus         1 cgvigi    6 (6)
                      ||+.|+
T Consensus         1 CGI~g~    6 (465)
T 1GPH_2            1 CGVFGI    6 (465)
T ss_dssp             CEEEEE
T ss_pred             CeEEEE
Confidence            666653


No 7
>1CT9_A ASPARAGINE SYNTHETASE B (E.C.6.3.5.4); AMIDOTRANSFERASE, SUBSTRATE CHANNELING, ASPARAGINE BIOSYNTHESIS; HET: GLN, AMP, IUM; 2.0A {Escherichia coli} SCOP: c.26.2.1, d.153.1.1
Probab=31.33  E-value=46  Score=15.00  Aligned_cols=6  Identities=17%  Similarity=0.816  Sum_probs=3.6  Template_Neff=9.300

Q CGVIGI            1 CGVIGI    6 (6)
Q Consensus         1 cgvigi    6 (6)
                      ||+.|+
T Consensus         1 cgi~g~    6 (553)
T 1CT9_A            1 ASIFGV    6 (553)
T ss_dssp             CEEEEE
T ss_pred             CeEEEE
Confidence            666654


No 8
>7NDL_A Isoform 2 of Glutamine-fructose-6-phosphate aminotransferase; Glutamine fructose-6-phosphate amidotransferase, GFAT, Ntn; HET: G6Q, SEP, GLU; 2.223A {Homo sapiens}
Probab=25.93  E-value=66  Score=15.07  Aligned_cols=6  Identities=33%  Similarity=1.220  Sum_probs=3.7  Template_Neff=9.100

Q CGVIGI            1 CGVIGI    6 (6)
Q Consensus         1 cgvigi    6 (6)
                      ||+.|+
T Consensus         1 cGI~g~    6 (686)
T 7NDL_A            1 CGIFAY    6 (686)
T ss_dssp             CEEEEE
T ss_pred             CeeEEE
Confidence            676664


No 9
>6CZF_C Amidophosphoribosyltransferase (E.C.2.4.2.14); PurF, ppGpp, TRANSFERASE; HET: G4P; 1.949A {Escherichia coli (strain K12)}
Probab=24.63  E-value=72  Score=14.17  Aligned_cols=6  Identities=67%  Similarity=1.935  Sum_probs=3.4  Template_Neff=9.400

Q CGVIGI            1 CGVIGI    6 (6)
Q Consensus         1 cgvigi    6 (6)
                      ||+.|+
T Consensus         1 Cgi~g~    6 (498)
T 6CZF_C            1 CGIVGI    6 (498)
T ss_dssp             CEEEEE
T ss_pred             CeEEEE
Confidence            666653


No 10
>1ECG_A GLUTAMINE PHOSPHORIBOSYLPYROPHOSPHATE AMIDOTRANSFERASE, 5-OXO-L-NORLEUCINE, PIPERAZINE-N,N'-BIS(2-ETHANESULFONIC; PURINE BIOSYNTHESIS, TRANSFERASE, GLYCOSYLTRANSFERASE, GLUTAMINE; HET: ONL, PIN; 2.3A {Escherichia coli} SCOP: c.61.1.1, d.153.1.1
Probab=23.55  E-value=78  Score=14.15  Aligned_cols=6  Identities=67%  Similarity=1.935  Sum_probs=3.4  Template_Neff=9.300

Q CGVIGI            1 CGVIGI    6 (6)
Q Consensus         1 cgvigi    6 (6)
                      ||+.|+
T Consensus         1 CgI~g~    6 (504)
T 1ECG_A            1 CGIVGI    6 (504)
T ss_dssp             CEEEEE
T ss_pred             CeEEEE
Confidence            666653


No 11
>3OOJ_C Glucosamine/fructose-6-phosphate aminotransferase, isomerizing; ammonia channel, glutamine amidotransferase, TRANSFERASE; HET: GOL, G6P, GLU, G6Q; 2.5A {Escherichia coli}
Probab=21.62  E-value=90  Score=14.05  Aligned_cols=6  Identities=33%  Similarity=1.060  Sum_probs=3.4  Template_Neff=9.800

Q CGVIGI            1 CGVIGI    6 (6)
Q Consensus         1 cgvigi    6 (6)
                      ||+.|+
T Consensus         1 cgi~g~    6 (608)
T 3OOJ_C            1 AGIVGA    6 (608)
T ss_dssp             CEEEEE
T ss_pred             CeEEEE
Confidence            666553


No 12
>1JXA_B GLUCOSAMINE 6-PHOSPHATE SYNTHASE (E.C.2.6.1.16); beta-sandwich, nucleotide-binding fold, gene duplication; HET: G6Q; 3.1A {Escherichia coli} SCOP: c.80.1.1, d.153.1.1
Probab=20.87  E-value=95  Score=14.03  Aligned_cols=6  Identities=50%  Similarity=1.669  Sum_probs=3.5  Template_Neff=9.700

Q CGVIGI            1 CGVIGI    6 (6)
Q Consensus         1 cgvigi    6 (6)
                      ||+.|+
T Consensus         1 Cgi~g~    6 (608)
T 1JXA_B            1 CGIVGA    6 (608)
T ss_dssp             CCCCCC
T ss_pred             CeeEEE
Confidence            666653


