Query         QFFLQF
Match_columns 6
No_of_seqs    1 out of 1
Neff          1
Searched_HMMs 90378
Date          Tue Dec 21 07:29:30 2021
Command       /media/stefano/DISCO1/FOLDEN/hh-suite/build/bin/hhsearch -i /media/stefano/DISCO1/FOLDEN/trRosetta2/example/QFFLQF/protein.hhm -d /media/stefano/DISCO1/FOLDEN/trRosettaX/pdb70/pdb70 -o /media/stefano/DISCO1/FOLDEN/trRosetta2/example/QFFLQF/protein.out -cpu 32 

 No Hit                             Prob E-value P-value  Score    SS Cols Query HMM  Template HMM
  1 1RF8_B Eukaryotic translation   71.9     3.1 3.4E-05   17.4   0.0    6    1-6      67-72  (100)
  2 6FBZ_B Eukaryotic translation   70.6     3.5 3.9E-05   16.7   0.0    6    1-6      54-59  (81)
  3 6FC0_B Eukaryotic translation   70.6     3.5 3.9E-05   16.7   0.0    6    1-6      54-59  (81)
  4 2L5G_A G protein pathway suppr  29.3      52 0.00058   12.4   0.0    6    1-6      33-38  (38)
  5 7RRO_O cilia, microtubule, dyn  26.1      65 0.00072   15.3   0.0    6    1-6     367-372 (377)
  6 7RRO_P cilia, microtubule, dyn  26.1      65 0.00072   15.3   0.0    6    1-6     367-372 (377)
  7 6U42_4R Tubulin beta, Tubulin   26.0      65 0.00072   15.4   0.0    6    1-6     357-362 (367)
  8 6U42_4U Tubulin beta, Tubulin   23.6      77 0.00086   15.1   0.0    6    1-6     357-362 (367)
  9 5MQI_A Protein timeless homolo  19.1 1.1E+02  0.0012   14.1   0.0    6    1-6     299-304 (379)
 10 6SVL_J Fab_heavy_chain, Fab_li  17.3 1.3E+02  0.0014   13.5   0.0    5    2-6      73-77  (142)

No 1
>1RF8_B Eukaryotic translation initiation factor 4E; Initiation factor, Protein biosynthesis, Translation; HET: M7G, MTN; NMR {Saccharomyces cerevisiae} SCOP: a.210.1.1
Probab=71.93  E-value=3.1  Score=17.41  Aligned_cols=6  Identities=67%  Similarity=1.259  Sum_probs=4.4  Template_Neff=4.500

Q QFFLQF            1 QFFLQF    6 (6)
Q Consensus         1 qfflqf    6 (6)
                      +|+|||
T Consensus        67 ~FLLQF   72 (100)
T 1RF8_B           67 TFLLQF   72 (100)
T ss_dssp             HHHHHH
T ss_pred             HHHHhh
Confidence            477887


No 2
>6FBZ_B Eukaryotic translation initiation factor 4E-like; Translation Translational control Translation initiation; HET: MGP; 1.496A {Chaetomium thermophilum var. thermophilum DSM 1495}
Probab=70.59  E-value=3.5  Score=16.66  Aligned_cols=6  Identities=83%  Similarity=1.409  Sum_probs=4.2  Template_Neff=4.700

Q QFFLQF            1 QFFLQF    6 (6)
Q Consensus         1 qfflqf    6 (6)
                      .|.|||
T Consensus        54 ~FLLQF   59 (81)
T 6FBZ_B           54 QFLLQF   59 (81)
T ss_dssp             HHHHTT
T ss_pred             HHHHHh
Confidence            477887


No 3
>6FC0_B Eukaryotic translation initiation factor 4E; Translation Translational control Translation initiation; 1.293A {Chaetomium thermophilum var. thermophilum DSM 1495}
Probab=70.59  E-value=3.5  Score=16.66  Aligned_cols=6  Identities=83%  Similarity=1.409  Sum_probs=4.2  Template_Neff=4.700

Q QFFLQF            1 QFFLQF    6 (6)
Q Consensus         1 qfflqf    6 (6)
                      .|.|||
T Consensus        54 ~FLLQF   59 (81)
T 6FC0_B           54 QFLLQF   59 (81)
T ss_dssp             HHHHTT
T ss_pred             HHHHHh
Confidence            477887


No 4
>2L5G_A G protein pathway suppressor 2; GPS2, SMRT, TBL1, co-repressor, TRANSCRIPTION; NMR {Homo sapiens}
Probab=29.32  E-value=52  Score=12.43  Aligned_cols=6  Identities=67%  Similarity=1.132  Sum_probs=3.6  Template_Neff=3.100

Q QFFLQF            1 QFFLQF    6 (6)
Q Consensus         1 qfflqf    6 (6)
                      |.|+|+
T Consensus        33 QLFlQL   38 (38)
T 2L5G_A           33 QLFLQL   38 (38)
T ss_dssp             HHHHHC
T ss_pred             HHHHhC
Confidence            457764


No 5
>7RRO_O cilia, microtubule, dynein, motility, STRUCTURAL; HET: GDP, GTP, MG; 3.4A {Bos taurus}
Probab=26.08  E-value=65  Score=15.30  Aligned_cols=6  Identities=50%  Similarity=1.187  Sum_probs=4.2  Template_Neff=6.500

Q QFFLQF            1 QFFLQF    6 (6)
Q Consensus         1 qfflqf    6 (6)
                      .||.||
T Consensus       367 ~yF~qF  372 (377)
T 7RRO_O          367 DYFTQF  372 (377)
T ss_pred             HHHHhc
Confidence            377777


No 6
>7RRO_P cilia, microtubule, dynein, motility, STRUCTURAL; HET: GDP, GTP, MG; 3.4A {Bos taurus}
Probab=26.08  E-value=65  Score=15.30  Aligned_cols=6  Identities=50%  Similarity=1.187  Sum_probs=4.2  Template_Neff=6.500

Q QFFLQF            1 QFFLQF    6 (6)
Q Consensus         1 qfflqf    6 (6)
                      .||.||
T Consensus       367 ~yF~qF  372 (377)
T 7RRO_P          367 DYFTQF  372 (377)
T ss_pred             HHHHhc
Confidence            377777


No 7
>6U42_4R Tubulin beta, Tubulin alpha, PACRG; motile cilia, microtubule doublet, repetitive; HET: GDP, MG, GTP; 3.4A {Chlamydomonas reinhardtii}
Probab=26.01  E-value=65  Score=15.40  Aligned_cols=6  Identities=67%  Similarity=1.337  Sum_probs=4.2  Template_Neff=6.200

Q QFFLQF            1 QFFLQF    6 (6)
Q Consensus         1 qfflqf    6 (6)
                      .||.||
T Consensus       357 ~yF~QF  362 (367)
T 6U42_4R         357 EFFTQF  362 (367)
T ss_pred             HHHHhh
Confidence            377777


No 8
>6U42_4U Tubulin beta, Tubulin alpha, PACRG; motile cilia, microtubule doublet, repetitive; HET: MG, GDP, GTP; 3.4A {Chlamydomonas reinhardtii}
Probab=23.63  E-value=77  Score=15.12  Aligned_cols=6  Identities=67%  Similarity=1.337  Sum_probs=4.1  Template_Neff=6.300

Q QFFLQF            1 QFFLQF    6 (6)
Q Consensus         1 qfflqf    6 (6)
                      .||.||
T Consensus       357 ~yF~qF  362 (367)
T 6U42_4U         357 EFFTQF  362 (367)
T ss_pred             HHHHhh
Confidence            377776


No 9
>5MQI_A Protein timeless homolog,Protein timeless homolog; DNA Replication, genomic stability, replication; HET: SO4; 1.847A {Homo sapiens}
Probab=19.11  E-value=1.1e+02  Score=14.06  Aligned_cols=6  Identities=50%  Similarity=1.298  Sum_probs=0.0  Template_Neff=7.600

Q QFFLQF            1 QFFLQF    6 (6)
Q Consensus         1 qfflqf    6 (6)
                      +||+.|
T Consensus       299 ~fFlef  304 (379)
T 5MQI_A          299 AFFMAF  304 (379)
T ss_dssp             HHHHHH
T ss_pred             HHHHHH


No 10
>6SVL_J Fab_heavy_chain, Fab_light_chain, Myeloid-derived growth factor; MYDGF, growth factor, CYTOKINE, Fab; HET: GOL; 1.58A {Homo sapiens}
Probab=17.30  E-value=1.3e+02  Score=13.52  Aligned_cols=5  Identities=60%  Similarity=1.364  Sum_probs=0.0  Template_Neff=4.300

Q QFFLQF            2 FFLQF    6 (6)
Q Consensus         2 fflqf    6 (6)
                      ||.||
T Consensus        73 fF~qF   77 (142)
T 6SVL_J           73 YFTQF   77 (142)
T ss_dssp             EEEEE
T ss_pred             EEEEE


