Query         NKFGGP
Match_columns 6
No_of_seqs    1 out of 1
Neff          1
Searched_HMMs 90378
Date          Tue Dec 21 01:35:51 2021
Command       /media/stefano/DISCO1/FOLDEN/hh-suite/build/bin/hhsearch -i /media/stefano/DISCO1/FOLDEN/trRosetta2/example/NKFGGP/protein.hhm -d /media/stefano/DISCO1/FOLDEN/trRosettaX/pdb70/pdb70 -o /media/stefano/DISCO1/FOLDEN/trRosetta2/example/NKFGGP/protein.out -cpu 32 

 No Hit                             Prob E-value P-value  Score    SS Cols Query HMM  Template HMM
  1 7F53_R single particle, membra  19.3 1.1E+02  0.0012   13.0   0.0    6    1-6     449-454 (507)
  2 1ZVB_C E2 glycoprotein; SARS c  18.6 1.2E+02  0.0013   11.3   0.0    5    1-5      11-15  (34)
  3 6HIW_DV Uncharacterized protei  18.1 1.2E+02  0.0013   14.8   0.0    5    1-5      51-55  (183)
  4 6HIZ_DV Uncharacterized protei  18.1 1.2E+02  0.0013   14.8   0.0    5    1-5      51-55  (183)
  5 2MM8_A Urease (E.C.3.5.1.5); d  16.7 1.4E+02  0.0015   12.9   0.0    4    2-5      86-89  (99)
  6 1PV5_A Hypothetical protein yw  16.1 1.4E+02  0.0016   12.4   0.0    6    1-6      40-45  (264)
  7 1YBX_B Conserved hypothetical   15.7 1.5E+02  0.0016   12.4   0.0    5    1-5      25-29  (143)
  8 5K0Y_M Eukaryotic translation   15.3 1.6E+02  0.0017   10.1   0.0    3    2-4       2-4   (38)
  9 2IJ9_B Crystal Structure of Ur  14.5 1.7E+02  0.0019   11.3   0.0    4    2-5       6-9   (219)
 10 3SWR_A DNA (cytosine-5)-methyl  14.0 1.8E+02   0.002   15.1   0.0    5    2-6      77-81  (1002)

No 1
>7F53_R single particle, membrane protein, Class;{Homo sapiens}
Probab=19.27  E-value=1.1e+02  Score=13.04  Aligned_cols=6  Identities=67%  Similarity=1.215  Sum_probs=0.0  Template_Neff=10.600

Q NKFGGP            1 NKFGGP    6 (6)
Q Consensus         1 nkfggp    6 (6)
                      |+|++|
T Consensus       449 ~~~~~~  454 (507)
T 7F53_R          449 NYFGRP  454 (507)
T ss_dssp             ------
T ss_pred             hhcCcc


No 2
>1ZVB_C E2 glycoprotein; SARS coronavirus, membrane fusion, S2; 1.7A {SARS coronavirus} SCOP: h.3.3.1
Probab=18.55  E-value=1.2e+02  Score=11.30  Aligned_cols=5  Identities=40%  Similarity=1.052  Sum_probs=0.0  Template_Neff=3.100

Q NKFGGP            1 NKFGG    5 (6)
Q Consensus         1 nkfgg    5 (6)
                      |+||+
T Consensus        11 nnF~a   15 (34)
T 1ZVB_C           11 SNFGA   15 (34)
T ss_dssp             HHHHH
T ss_pred             HHHHH


No 3
>6HIW_DV Uncharacterized protein, mS74, uS3m, 30S; mitoribosome, translation, Trypanosoma, small ribosomal; HET: GTP, SPD, MG, UTP, SPM; 3.37A {Trypanosoma brucei brucei}
Probab=18.12  E-value=1.2e+02  Score=14.82  Aligned_cols=5  Identities=80%  Similarity=1.776  Sum_probs=0.0  Template_Neff=1.800

Q NKFGGP            1 NKFGG    5 (6)
Q Consensus         1 nkfgg    5 (6)
                      |.|||
T Consensus        51 nRFGG   55 (183)
T 6HIW_DV          51 NRFGG   55 (183)
T ss_pred             hccCC


No 4
>6HIZ_DV Uncharacterized protein, uS3m, UNK/RNA Complex; mitoribosome, translation, Trypanosoma, small ribosomal; HET: GTP, SPD, UTP; 3.08A {Trypanosoma brucei brucei}
Probab=18.09  E-value=1.2e+02  Score=14.82  Aligned_cols=5  Identities=80%  Similarity=1.776  Sum_probs=0.0  Template_Neff=1.800

Q NKFGGP            1 NKFGG    5 (6)
Q Consensus         1 nkfgg    5 (6)
                      |.|||
T Consensus        51 nRFGG   55 (183)
T 6HIZ_DV          51 NRFGG   55 (183)
T ss_pred             hccCC


No 5
>2MM8_A Urease (E.C.3.5.1.5); disordered protein, HYDROLASE; NMR {Canavalia ensiformis}
Probab=16.71  E-value=1.4e+02  Score=12.92  Aligned_cols=4  Identities=75%  Similarity=1.539  Sum_probs=0.0  Template_Neff=3.900

Q NKFGGP            2 KFGG    5 (6)
Q Consensus         2 kfgg    5 (6)
                      ||||
T Consensus        86 kFGG   89 (99)
T 2MM8_A           86 VFGG   89 (99)
T ss_dssp             CSCC
T ss_pred             eeCC


No 6
>1PV5_A Hypothetical protein ywqG; Hypothetical protein, Structural Genomics, Ywqg; 1.75A {Bacillus subtilis} SCOP: d.251.1.1
Probab=16.14  E-value=1.4e+02  Score=12.39  Aligned_cols=6  Identities=33%  Similarity=0.639  Sum_probs=0.0  Template_Neff=8.900

Q NKFGGP            1 NKFGGP    6 (6)
Q Consensus         1 nkfggp    6 (6)
                      .||||.
T Consensus        40 Sk~GG~   45 (264)
T 1PV5_A           40 SKIAGD   45 (264)
T ss_dssp             CEESSC
T ss_pred             CccCCC


No 7
>1YBX_B Conserved hypothetical protein; conserved hypothetical protein, Clostridium thermocellum; 1.8A {Clostridium thermocellum}
Probab=15.75  E-value=1.5e+02  Score=12.39  Aligned_cols=5  Identities=40%  Similarity=0.375  Sum_probs=0.0  Template_Neff=6.500

Q NKFGGP            1 NKFGG    5 (6)
Q Consensus         1 nkfgg    5 (6)
                      |+|||
T Consensus        25 ~~~~~   29 (143)
T 1YBX_B           25 YKKAG   29 (143)
T ss_dssp             -----
T ss_pred             hhhhc


No 8
>5K0Y_M Eukaryotic translation initiation factor 2; eukaryotic translation initiation, ribosome, eIF3; 5.8A {Oryctolagus cuniculus}
Probab=15.32  E-value=1.6e+02  Score=10.14  Aligned_cols=3  Identities=100%  Similarity=1.863  Sum_probs=0.0  Template_Neff=5.800

Q NKFGGP            2 KFG    4 (6)
Q Consensus         2 kfg    4 (6)
                      |||
T Consensus         2 KFG    4 (38)
T 5K0Y_M            2 KFG    4 (38)
T ss_pred             Ccc


No 9
>2IJ9_B Crystal Structure of Uridylate Kinase; KINASE, STRUCTURAL GENOMICS, PROTEIN STRUCTURE; HET: SO4; 2.9A {Archaeoglobus fulgidus} SCOP: c.73.1.3
Probab=14.47  E-value=1.7e+02  Score=11.34  Aligned_cols=4  Identities=50%  Similarity=1.273  Sum_probs=0.0  Template_Neff=9.900

Q NKFGGP            2 KFGG    5 (6)
Q Consensus         2 kfgg    5 (6)
                      ||||
T Consensus         6 KiGG    9 (219)
T 2IJ9_B            6 SLGG    9 (219)
T ss_dssp             EECS
T ss_pred             EEch


No 10
>3SWR_A DNA (cytosine-5)-methyltransferase 1 (E.C.2.1.1.37); epigenetics, DNA methyltransferase fold, maintenance; HET: SFG, MES, EDO; 2.49A {Homo sapiens}
Probab=13.99  E-value=1.8e+02  Score=15.11  Aligned_cols=5  Identities=80%  Similarity=1.584  Sum_probs=0.0  Template_Neff=7.900

Q NKFGGP            2 KFGGP    6 (6)
Q Consensus         2 kfggp    6 (6)
                      |||||
T Consensus        77 ~~gg~   81 (1002)
T 3SWR_A           77 KFGGS   81 (1002)
T ss_dssp             TTSSC
T ss_pred             hcCCC


