Query         FHPSDI
Match_columns 6
No_of_seqs    1 out of 1
Neff          1
Searched_HMMs 90378
Date          Sun Dec 19 21:08:47 2021
Command       /media/stefano/DISCO1/FOLDEN/hh-suite/build/bin/hhsearch -i /media/stefano/DISCO1/FOLDEN/trRosetta2/example/FHPSDI/protein.hhm -d /media/stefano/DISCO1/FOLDEN/trRosettaX/pdb70/pdb70 -o /media/stefano/DISCO1/FOLDEN/trRosetta2/example/FHPSDI/protein.out -cpu 32 

 No Hit                             Prob E-value P-value  Score    SS Cols Query HMM  Template HMM
  1 2AGH_C Myb proto-oncogene prot  52.8      12 0.00014   14.0   0.0    6    1-6       6-11  (31)
  2 2CS7_A pneumococcal histidine   46.3      18  0.0002   13.7   0.0    6    1-6      12-17  (55)
  3 2CS7_C pneumococcal histidine   46.3      18  0.0002   13.7   0.0    6    1-6      12-17  (55)
  4 3TW5_A Transglutaminase elicit  45.2      20 0.00022   17.9   0.0    6    1-6     152-157 (367)
  5 6CSL_A Histidine triad protein  26.1      65 0.00072   13.0   0.0    6    1-6      29-34  (71)
  6 6GDJ_A Uncharacterized protein  26.0      65 0.00072   14.2   0.0    6    1-6      19-24  (88)
  7 6GDJ_B Uncharacterized protein  25.9      66 0.00073   14.2   0.0    6    1-6      19-24  (88)
  8 6U42_7Y Tubulin beta, Tubulin   22.5      84 0.00093   16.3   0.0    6    1-6     132-137 (312)
  9 3MQK_B tRNA pseudouridine synt  19.8   1E+02  0.0011   11.3   0.0    5    1-5      32-36  (52)
 10 1CL7_I IGG1 ANTIBODY 1696 (FAB  19.8   1E+02  0.0012    9.4   0.0    6    1-6      12-17  (82)

No 1
>2AGH_C Myb proto-oncogene protein, Crebbp protein; Transcription; NMR {Mus musculus}
Probab=52.84  E-value=12  Score=13.98  Aligned_cols=6  Identities=67%  Similarity=0.977  Sum_probs=4.0  Template_Neff=1.800

Q FHPSDI            1 FHPSDI    6 (6)
Q Consensus         1 fhpsdi    6 (6)
                      .|||||
T Consensus         6 ilPsdi   11 (31)
T 2AGH_C            6 ILPSDI   11 (31)
T ss_dssp             SSCHHH
T ss_pred             cccchH
Confidence            367775


No 2
>2CS7_A pneumococcal histidine triad A protein; PhtA, Pneumococcal Histidine Triad Protein; 1.2A {Streptococcus pneumoniae} SCOP: d.9.2.1
Probab=46.33  E-value=18  Score=13.66  Aligned_cols=6  Identities=67%  Similarity=1.077  Sum_probs=3.3  Template_Neff=5.000

Q FHPSDI            1 FHPSDI    6 (6)
Q Consensus         1 fhpsdi    6 (6)
                      |.|+||
T Consensus        12 Fdp~dI   17 (55)
T 2CS7_A           12 FNASDI   17 (55)
T ss_dssp             CCGGGC
T ss_pred             cCHHHc
Confidence            456554


No 3
>2CS7_C pneumococcal histidine triad A protein; PhtA, Pneumococcal Histidine Triad Protein; 1.2A {Streptococcus pneumoniae} SCOP: d.9.2.1
Probab=46.33  E-value=18  Score=13.66  Aligned_cols=6  Identities=67%  Similarity=1.077  Sum_probs=3.3  Template_Neff=5.000

Q FHPSDI            1 FHPSDI    6 (6)
Q Consensus         1 fhpsdi    6 (6)
                      |.|+||
T Consensus        12 Fdp~dI   17 (55)
T 2CS7_C           12 FNASDI   17 (55)
T ss_dssp             CCGGGC
T ss_pred             cCHHHc
Confidence            456554


No 4
>3TW5_A Transglutaminase elicitor (E.C.2.3.2.13); Cysteine protease, Convergent evolution, Innate; HET: CXS; 2.95A {Phytophthora sojae}
Probab=45.18  E-value=20  Score=17.90  Aligned_cols=6  Identities=50%  Similarity=1.215  Sum_probs=4.6  Template_Neff=4.400

Q FHPSDI            1 FHPSDI    6 (6)
Q Consensus         1 fhpsdi    6 (6)
                      |+|.||
T Consensus       152 F~p~DI  157 (367)
T 3TW5_A          152 FQPMDL  157 (367)
T ss_dssp             ECHHHH
T ss_pred             eChhhH
Confidence            778876


No 5
>6CSL_A Histidine triad protein D; polyhistidine triad, zinc homeostasis, METAL; 1.921A {Streptococcus pneumoniae}
Probab=26.09  E-value=65  Score=13.02  Aligned_cols=6  Identities=50%  Similarity=1.165  Sum_probs=2.7  Template_Neff=4.300

Q FHPSDI            1 FHPSDI    6 (6)
Q Consensus         1 fhpsdi    6 (6)
                      |.|.||
T Consensus        29 Fdp~~I   34 (71)
T 6CSL_A           29 FDPAQI   34 (71)
T ss_dssp             CCGGGC
T ss_pred             eCHHHC
Confidence            344443


No 6
>6GDJ_A Uncharacterized protein C902.06; Microtubule organisation Microtubule nucleation, STRUCTURAL; HET: GOL; 1.5A {Schizosaccharomyces pombe}
Probab=25.98  E-value=65  Score=14.25  Aligned_cols=6  Identities=67%  Similarity=1.342  Sum_probs=3.6  Template_Neff=1.500

Q FHPSDI            1 FHPSDI    6 (6)
Q Consensus         1 fhpsdi    6 (6)
                      +|||++
T Consensus        19 yHPsp~   24 (88)
T 6GDJ_A           19 YHPSPI   24 (88)
T ss_dssp             TCCCHH
T ss_pred             cCCCcc
Confidence            477763


No 7
>6GDJ_B Uncharacterized protein C902.06; Microtubule organisation Microtubule nucleation, STRUCTURAL; HET: GOL; 1.5A {Schizosaccharomyces pombe}
Probab=25.90  E-value=66  Score=14.24  Aligned_cols=6  Identities=67%  Similarity=1.342  Sum_probs=3.6  Template_Neff=1.500

Q FHPSDI            1 FHPSDI    6 (6)
Q Consensus         1 fhpsdi    6 (6)
                      +|||++
T Consensus        19 yHPsp~   24 (88)
T 6GDJ_B           19 YHPSPI   24 (88)
T ss_dssp             TCCCHH
T ss_pred             hCCCcc
Confidence            477763


No 8
>6U42_7Y Tubulin beta, Tubulin alpha, PACRG; motile cilia, microtubule doublet, repetitive; HET: GDP, MG, GTP; 3.4A {Chlamydomonas reinhardtii}
Probab=22.48  E-value=84  Score=16.32  Aligned_cols=6  Identities=50%  Similarity=1.453  Sum_probs=3.9  Template_Neff=1.400

Q FHPSDI            1 FHPSDI    6 (6)
Q Consensus         1 fhpsdi    6 (6)
                      |||+|+
T Consensus       132 fhPkeL  137 (312)
T 6U42_7Y         132 FHPKEL  137 (312)
T ss_pred             CCHHHH
Confidence            677763


No 9
>3MQK_B tRNA pseudouridine synthase B (E.C.5.4.99.-); Protein-RNA complex, Box H/ACA, pseudouridine; 2.8A {Pyrococcus furiosus}
Probab=19.85  E-value=1e+02  Score=11.34  Aligned_cols=5  Identities=60%  Similarity=1.285  Sum_probs=0.0  Template_Neff=5.500

Q FHPSDI            1 FHPSD    5 (6)
Q Consensus         1 fhpsd    5 (6)
                      |.|.|
T Consensus        32 fSp~D   36 (52)
T 3MQK_B           32 FSPED   36 (52)
T ss_dssp             CCTTC
T ss_pred             CCCCC


No 10
>1CL7_I IGG1 ANTIBODY 1696 (FAB FRAGMENT); FAB FRAGMENT, CROSS-REACTIVITY, HIV1 PROTEASE; 3.0A {Mus musculus}
Probab=19.76  E-value=1e+02  Score=9.41  Aligned_cols=6  Identities=17%  Similarity=0.844  Sum_probs=0.0  Template_Neff=11.100

Q FHPSDI            1 FHPSDI    6 (6)
Q Consensus         1 fhpsdi    6 (6)
                      |.|.++
T Consensus        12 ~~P~~~   17 (82)
T 1CL7_I           12 YFPEPV   17 (82)
T ss_dssp             EBSSCC
T ss_pred             eECCce


