Query         QYGGNN
Match_columns 6
No_of_seqs    1 out of 1
Neff          1
Searched_HMMs 90378
Date          Tue Dec 21 11:40:19 2021
Command       /media/stefano/DISCO1/FOLDEN/hh-suite/build/bin/hhsearch -i /media/stefano/DISCO1/FOLDEN/trRosetta2/example/QYGGNN/protein.hhm -d /media/stefano/DISCO1/FOLDEN/trRosettaX/pdb70/pdb70 -o /media/stefano/DISCO1/FOLDEN/trRosetta2/example/QYGGNN/protein.out -cpu 32 

 No Hit                             Prob E-value P-value  Score    SS Cols Query HMM  Template HMM
  1 2APL_A hypothetical protein PG  27.7      58 0.00064   14.6   0.0    6    1-6     149-154 (157)
  2 4L0E_A P450 monooxygenase (E.C  22.4      84 0.00093   13.0   0.0    6    1-6     437-442 (446)
  3 4L0F_A P450 monooxygenase (E.C  22.4      84 0.00093   13.0   0.0    6    1-6     437-442 (446)
  4 2VOY_B POTENTIAL COPPER-TRANSP   9.3 3.2E+02  0.0035    7.6   0.0    4    2-5       1-4   (42)
  5 6R21_T PROTEIN; viral complex,   9.2 3.2E+02  0.0035   12.0   0.0    4    3-6      17-20  (231)
  6 6R21_W PROTEIN; viral complex,   9.2 3.2E+02  0.0035   12.0   0.0    4    3-6      17-20  (231)
  7 6ZPD_A Alpha-tocopherol transf   8.7 3.5E+02  0.0038   10.3   0.0    5    2-6     198-202 (231)
  8 5X51_C DNA-directed RNA polyme   8.4 3.6E+02   0.004   12.3   0.0    4    2-5     291-294 (304)
  9 5XOG_C DNA-directed RNA polyme   8.1 3.8E+02  0.0042   12.2   0.0    4    2-5     291-294 (304)
 10 7DAC_C Receptor-interacting se   7.8   4E+02  0.0044   12.1   0.0    6    1-6      49-54  (108)

No 1
>2APL_A hypothetical protein PG0816; Structural genomics, Porphyromonas gingivalis, PSI; 2.01A {Porphyromonas gingivalis} SCOP: a.258.1.1
Probab=27.68  E-value=58  Score=14.58  Aligned_cols=6  Identities=50%  Similarity=0.927  Sum_probs=1.0  Template_Neff=4.700

Q QYGGNN            1 QYGGNN    6 (6)
Q Consensus         1 qyggnn    6 (6)
                      +|||.|
T Consensus       149 ~~~~~~  154 (157)
T 2APL_A          149 TIGGGN  154 (157)
T ss_dssp             CC----
T ss_pred             CCCCCc
Confidence            466654


No 2
>4L0E_A P450 monooxygenase (E.C.1.14.-.-); Cytochrome P450, Skyllamycin biosynthesis, Beta-aminoacyl; HET: HEM, SO4; 2.7A {Streptomyces sp.}
Probab=22.44  E-value=84  Score=12.99  Aligned_cols=6  Identities=33%  Similarity=0.783  Sum_probs=3.4  Template_Neff=10.800

Q QYGGNN            1 QYGGNN    6 (6)
Q Consensus         1 qyggnn    6 (6)
                      ||+-||
T Consensus       437 ~~~~~~  442 (446)
T 4L0E_A          437 AYDSDN  442 (446)
T ss_dssp             HHHHHC
T ss_pred             cccccC
Confidence            466555


No 3
>4L0F_A P450 monooxygenase (E.C.1.14.-.-); Cytochrome P450, Skyllamycin biosynthesis, Beta-aminoacyl; HET: EDO, PGE, HEM; 1.9A {Streptomyces sp.}
Probab=22.44  E-value=84  Score=12.99  Aligned_cols=6  Identities=33%  Similarity=0.783  Sum_probs=3.4  Template_Neff=10.800

Q QYGGNN            1 QYGGNN    6 (6)
Q Consensus         1 qyggnn    6 (6)
                      ||+-||
T Consensus       437 ~~~~~~  442 (446)
T 4L0F_A          437 AYDSDN  442 (446)
T ss_dssp             HHHSSS
T ss_pred             cccccC
Confidence            466555


No 4
>2VOY_B POTENTIAL COPPER-TRANSPORTING ATPASE (E.C.3.6.3.4), SARCOPLASMIC/ENDOPLASMIC; HYDROLASEP-TYPE ATPASE, CRYO-EM, HELICAL RECONSTRUCTION; 18.0A {ORYCTOLAGUS CUNICULUS}
Probab=9.31  E-value=3.2e+02  Score=7.64  Aligned_cols=4  Identities=75%  Similarity=1.398  Sum_probs=0.0  Template_Neff=10.000

Q QYGGNN            2 YGGN    5 (6)
Q Consensus         2 yggn    5 (6)
                      ||.|
T Consensus         1 ~G~N    4 (42)
T 2VOY_B            1 YGHN    4 (42)
T ss_pred             CCCC


No 5
>6R21_T PROTEIN; viral complex, DNA ejection, VIRAL; 3.33A {Enterobacteria phage T7}
Probab=9.23  E-value=3.2e+02  Score=12.03  Aligned_cols=4  Identities=100%  Similarity=1.730  Sum_probs=0.0  Template_Neff=7.100

Q QYGGNN            3 GGNN    6 (6)
Q Consensus         3 ggnn    6 (6)
                      ||||
T Consensus        17 ~~~~   20 (231)
T 6R21_T           17 GGNN   20 (231)
T ss_dssp             ----
T ss_pred             CCCc


No 6
>6R21_W PROTEIN; viral complex, DNA ejection, VIRAL; 3.33A {Enterobacteria phage T7}
Probab=9.23  E-value=3.2e+02  Score=12.03  Aligned_cols=4  Identities=100%  Similarity=1.730  Sum_probs=0.0  Template_Neff=7.100

Q QYGGNN            3 GGNN    6 (6)
Q Consensus         3 ggnn    6 (6)
                      ||||
T Consensus        17 ~~~~   20 (231)
T 6R21_W           17 GGNN   20 (231)
T ss_dssp             ----
T ss_pred             CCCc


No 7
>6ZPD_A Alpha-tocopherol transfer protein; SEC-14 like, vitamin E, nanoparticle; HET: VIV; 2.24A {Homo sapiens}
Probab=8.68  E-value=3.5e+02  Score=10.26  Aligned_cols=5  Identities=60%  Similarity=1.518  Sum_probs=0.0  Template_Neff=10.600

Q QYGGNN            2 YGGNN    6 (6)
Q Consensus         2 yggnn    6 (6)
                      |||.+
T Consensus       198 ~GG~~  202 (231)
T 6ZPD_A          198 YGGEE  202 (231)
T ss_dssp             GTCSS
T ss_pred             HCCCC


No 8
>5X51_C DNA-directed RNA polymerase subunit (E.C.2.7.7.6); transcription, RNA polymerase, TRANSFERASE; HET: ZN; 6.996A {Komagataella phaffii (strain GS115 / ATCC 20864)}
Probab=8.41  E-value=3.6e+02  Score=12.31  Aligned_cols=4  Identities=100%  Similarity=2.062  Sum_probs=0.0  Template_Neff=7.200

Q QYGGNN            2 YGGN    5 (6)
Q Consensus         2 yggn    5 (6)
                      ||||
T Consensus       291 ~~~~  294 (304)
T 5X51_C          291 YGGN  294 (304)
T ss_dssp             ----
T ss_pred             cCCC


No 9
>5XOG_C DNA-directed RNA polymerase subunit, DNA-directed; transcription, complex; HET: APC; 3.0A {Komagataella phaffii (strain GS115 / ATCC 20864)}
Probab=8.11  E-value=3.8e+02  Score=12.20  Aligned_cols=4  Identities=100%  Similarity=2.062  Sum_probs=0.0  Template_Neff=7.300

Q QYGGNN            2 YGGN    5 (6)
Q Consensus         2 yggn    5 (6)
                      ||||
T Consensus       291 ~~~~  294 (304)
T 5XOG_C          291 YGGN  294 (304)
T ss_dssp             ----
T ss_pred             cCCC


No 10
>7DAC_C Receptor-interacting serine/threonine-protein kinase 3 (E.C.2.7.11.1); programmed necrosis, amyloid, PROTEIN FIBRIL; NMR {Homo sapiens}
Probab=7.80  E-value=4e+02  Score=12.15  Aligned_cols=6  Identities=67%  Similarity=0.883  Sum_probs=0.0  Template_Neff=2.400

Q QYGGNN            1 QYGGNN    6 (6)
Q Consensus         1 qyggnn    6 (6)
                      |.|.||
T Consensus        49 QIGnnN   54 (108)
T 7DAC_C           49 QVGDNN   54 (108)
T ss_dssp             EEEECS
T ss_pred             eecCCC


