Query         NGNLTS
Match_columns 6
No_of_seqs    1 out of 1
Neff          1
Searched_HMMs 90378
Date          Tue Dec 21 00:20:41 2021
Command       /media/stefano/DISCO1/FOLDEN/hh-suite/build/bin/hhsearch -i /media/stefano/DISCO1/FOLDEN/trRosetta2/example/NGNLTS/protein.hhm -d /media/stefano/DISCO1/FOLDEN/trRosettaX/pdb70/pdb70 -o /media/stefano/DISCO1/FOLDEN/trRosetta2/example/NGNLTS/protein.out -cpu 32 

 No Hit                             Prob E-value P-value  Score    SS Cols Query HMM  Template HMM
  1 3CT5_A Morphogenesis protein 1   5.8 5.9E+02  0.0065   10.0   0.0    6    1-6       6-11  (159)
  2 4R03_A Uncharacterized protein   5.6 6.2E+02  0.0069   10.1   0.0    6    1-6      41-46  (109)
  3 3CJI_D Polyprotein; virus caps   5.5 6.4E+02   0.007   10.9   0.0    5    1-5      17-21  (71)
  4 5X51_C DNA-directed RNA polyme   5.4 6.5E+02  0.0072   11.6   0.0    5    2-6     286-290 (304)
  5 7AOI_BJ bL28m, uL29m, uL30m, b   4.9 7.2E+02   0.008   12.1   0.0    4    2-5     121-124 (161)
  6 2HS5_A putative transcriptiona   4.9 7.3E+02   0.008    9.9   0.0    5    2-6       1-5   (239)
  7 4R8O_A Uncharacterized protein   4.8 7.4E+02  0.0082    9.9   0.0    6    1-6      45-50  (104)
  8 6I97_E TonB-dependent sideroph   4.8 7.5E+02  0.0082    7.5   0.0    6    1-6      36-41  (90)
  9 6QQL_A Glutamine cyclotransfer   4.8 7.6E+02  0.0084   10.5   0.0    6    1-6       5-10  (317)
 10 2N3O_A Polypyrimidine tract-bi   4.8 7.6E+02  0.0084    7.8   0.0    4    1-4     119-122 (123)

No 1
>3CT5_A Morphogenesis protein 1; Cell wall, phi29, hydrolase, infection; HET: NAG; 1.37A {Bacteriophage phi-29}
Probab=5.81  E-value=5.9e+02  Score=9.96  Aligned_cols=6  Identities=50%  Similarity=0.357  Sum_probs=0.0  Template_Neff=8.600

Q NGNLTS            1 NGNLTS    6 (6)
Q Consensus         1 ngnlts    6 (6)
                      ||.+|+
T Consensus         6 ~~~~~~   11 (159)
T 3CT5_A            6 NKYLTM   11 (159)
T ss_dssp             SSCCCH
T ss_pred             CCCCCh


No 2
>4R03_A Uncharacterized protein; PF12930 family protein, DUF3836, Structural; HET: PO4, CIT, MSE; 1.5A {Parabacteroides distasonis ATCC 8503}
Probab=5.56  E-value=6.2e+02  Score=10.08  Aligned_cols=6  Identities=33%  Similarity=0.817  Sum_probs=0.0  Template_Neff=6.700

Q NGNLTS            1 NGNLTS    6 (6)
Q Consensus         1 ngnlts    6 (6)
                      +|+|++
T Consensus        41 ~grlt~   46 (109)
T 4R03_A           41 NGKVSE   46 (109)
T ss_dssp             TSSEEE
T ss_pred             CCCEEE


No 3
>3CJI_D Polyprotein; virus capsid protein structure, ATP-binding; 2.3A {Seneca valley virus}
Probab=5.47  E-value=6.4e+02  Score=10.92  Aligned_cols=5  Identities=80%  Similarity=1.298  Sum_probs=0.0  Template_Neff=1.000

Q NGNLTS            1 NGNLT    5 (6)
Q Consensus         1 ngnlt    5 (6)
                      |||+|
T Consensus        17 ngnmt   21 (71)
T 3CJI_D           17 NGNMT   21 (71)
T ss_dssp             CCCCS
T ss_pred             ccceE


No 4
>5X51_C DNA-directed RNA polymerase subunit (E.C.2.7.7.6); transcription, RNA polymerase, TRANSFERASE; HET: ZN; 6.996A {Komagataella phaffii (strain GS115 / ATCC 20864)}
Probab=5.40  E-value=6.5e+02  Score=11.57  Aligned_cols=5  Identities=60%  Similarity=0.587  Sum_probs=0.0  Template_Neff=7.200

Q NGNLTS            2 GNLTS    6 (6)
Q Consensus         2 gnlts    6 (6)
                      ||++|
T Consensus       286 ~~~~~  290 (304)
T 5X51_C          286 GRETS  290 (304)
T ss_dssp             -----
T ss_pred             eeeee


No 5
>7AOI_BJ bL28m, uL29m, uL30m, bL32m, bL33m; mitochondria, translation, trypanosoma, assembly, evolution; HET: ADP, GTP, NAD, 4HH; 3.5A {Trypanosoma brucei}
Probab=4.94  E-value=7.2e+02  Score=12.12  Aligned_cols=4  Identities=100%  Similarity=1.406  Sum_probs=0.0  Template_Neff=1.900

Q NGNLTS            2 GNLT    5 (6)
Q Consensus         2 gnlt    5 (6)
                      ||||
T Consensus       121 GNlT  124 (161)
T 7AOI_BJ         121 GNLT  124 (161)
T ss_pred             cccc


No 6
>2HS5_A putative transcriptional regulator GntR; APC6050, transcriptional regulator, GntR, Rhodococcus; 2.2A {Rhodococcus sp.} SCOP: a.78.1.1, a.4.5.6
Probab=4.93  E-value=7.3e+02  Score=9.85  Aligned_cols=5  Identities=80%  Similarity=1.099  Sum_probs=0.0  Template_Neff=9.800

Q NGNLTS            2 GNLTS    6 (6)
Q Consensus         2 gnlts    6 (6)
                      |.|||
T Consensus         1 ~~~~~    5 (239)
T 2HS5_A            1 GHLTS    5 (239)
T ss_dssp             -----
T ss_pred             CCCcc


No 7
>4R8O_A Uncharacterized protein; PF12930 family (DUF3836), single layer; HET: MSE; 2.5A {Bacteroides vulgatus}
Probab=4.83  E-value=7.4e+02  Score=9.87  Aligned_cols=6  Identities=33%  Similarity=0.302  Sum_probs=0.0  Template_Neff=6.500

Q NGNLTS            1 NGNLTS    6 (6)
Q Consensus         1 ngnlts    6 (6)
                      +|++++
T Consensus        45 ~grlt~   50 (104)
T 4R8O_A           45 NNQRTE   50 (104)
T ss_dssp             TCCEEE
T ss_pred             CCCEEE


No 8
>6I97_E TonB-dependent siderophore receptor, Protein TonB; outer membrane protein iron uptake; HET: 0UE; 3.35A {Pseudomonas aeruginosa}
Probab=4.83  E-value=7.5e+02  Score=7.55  Aligned_cols=6  Identities=17%  Similarity=0.689  Sum_probs=0.0  Template_Neff=11.200

Q NGNLTS            1 NGNLTS    6 (6)
Q Consensus         1 ngnlts    6 (6)
                      +|++++
T Consensus        36 ~G~~~~   41 (90)
T 6I97_E           36 DGRIDD   41 (90)
T ss_pred             CCCEEE


No 9
>6QQL_A Glutamine cyclotransferase-related protein; pyroglutamate formation, Glutaminyl-peptide cyclotransferase, globular; 2.814A {Porphyromonas gingivalis W83}
Probab=4.77  E-value=7.6e+02  Score=10.46  Aligned_cols=6  Identities=83%  Similarity=0.883  Sum_probs=0.0  Template_Neff=9.400

Q NGNLTS            1 NGNLTS    6 (6)
Q Consensus         1 ngnlts    6 (6)
                      ||+.++
T Consensus         5 ~~~~~~   10 (317)
T 6QQL_A            5 NGNNTS   10 (317)
T ss_pred             ccccCC


No 10
>2N3O_A Polypyrimidine tract-binding protein 1; Polypyirimine tract binding protein, IRES; NMR {Homo sapiens}
Probab=4.77  E-value=7.6e+02  Score=7.82  Aligned_cols=4  Identities=75%  Similarity=1.273  Sum_probs=0.0  Template_Neff=11.700

Q NGNLTS            1 NGNL    4 (6)
Q Consensus         1 ngnl    4 (6)
                      +|||
T Consensus       119 ~~~~  122 (123)
T 2N3O_A          119 SGNL  122 (123)
T ss_dssp             CTTC
T ss_pred             cCCC


