Query         FESNFN
Match_columns 6
No_of_seqs    1 out of 1
Neff          1
Searched_HMMs 90378
Date          Sun Dec 19 20:31:13 2021
Command       /media/stefano/DISCO1/FOLDEN/hh-suite/build/bin/hhsearch -i /media/stefano/DISCO1/FOLDEN/trRosetta2/example/FESNFN/protein.hhm -d /media/stefano/DISCO1/FOLDEN/trRosettaX/pdb70/pdb70 -o /media/stefano/DISCO1/FOLDEN/trRosetta2/example/FESNFN/protein.out -cpu 32 

 No Hit                             Prob E-value P-value  Score    SS Cols Query HMM  Template HMM
  1 6YIF_C Baculoviral IAP repeat-  59.8     7.9 8.8E-05   15.2   0.0    6    1-6      39-44  (51)
  2 6YIE_F Baculoviral IAP repeat-  58.8     8.5 9.4E-05   15.5   0.0    6    1-6      47-52  (60)
  3 6YIH_C Baculoviral IAP repeat-  42.5      23 0.00026   14.9   0.0    6    1-6      41-46  (76)
  4 1CGM_E CUCUMBER GREEN MOTTLE M  24.5      73  0.0008   13.8   0.0    6    1-6     145-150 (161)
  5 1EI7_B TMV COAT PROTEIN REFINE  23.4      79 0.00087   13.8   0.0    6    1-6     144-149 (158)
  6 1VTM_P TOBACCO MOSAIC VIRUS, S  23.2      80 0.00088   13.7   0.0    6    1-6     144-149 (158)
  7 6SAE_A Capsid protein/RNA Comp  22.9      82  0.0009   13.7   0.0    6    1-6     145-150 (159)
  8 4XLZ_C N,N'-diacetylchitobiose  22.5      84 0.00093   13.4   0.0    6    1-6       8-13  (267)
  9 4XM2_F N,N'-diacetylchitobiose  22.5      84 0.00093   13.4   0.0    6    1-6       8-13  (267)
 10 2M64_A Phlp5; PLANT PROTEIN; N  18.8 1.1E+02  0.0013   15.2   0.0    6    1-6     162-167 (231)

No 1
>6YIF_C Baculoviral IAP repeat-containing protein 5; Cell cycle; HET: TPO, SO4; 1.81A {Homo sapiens}
Probab=59.80  E-value=7.9  Score=15.17  Aligned_cols=6  Identities=33%  Similarity=0.861  Sum_probs=0.0  Template_Neff=3.400

Q FESNFN            1 FESNFN    6 (6)
Q Consensus         1 fesnfn    6 (6)
                      |.||||
T Consensus        39 F~s~f~   44 (51)
T 6YIF_C           39 FTREFS   44 (51)
T ss_dssp             ------
T ss_pred             Hccccc
Confidence            566765


No 2
>6YIE_F Baculoviral IAP repeat-containing protein 5; Cell cycle; 3.49A {Homo sapiens}
Probab=58.75  E-value=8.5  Score=15.51  Aligned_cols=6  Identities=33%  Similarity=0.861  Sum_probs=0.6  Template_Neff=3.300

Q FESNFN            1 FESNFN    6 (6)
Q Consensus         1 fesnfn    6 (6)
                      |.||||
T Consensus        47 F~s~f~   52 (60)
T 6YIE_F           47 FTREFS   52 (60)
T ss_dssp             C-----
T ss_pred             Hccccc
Confidence            567775


No 3
>6YIH_C Baculoviral IAP repeat-containing protein 5; Cell cycle; HET: TPO; 2.55A {Homo sapiens}
Probab=42.53  E-value=23  Score=14.85  Aligned_cols=6  Identities=33%  Similarity=0.861  Sum_probs=0.0  Template_Neff=3.200

Q FESNFN            1 FESNFN    6 (6)
Q Consensus         1 fesnfn    6 (6)
                      |.|+||
T Consensus        41 F~s~f~   46 (76)
T 6YIH_C           41 FTREFS   46 (76)
T ss_dssp             ------
T ss_pred             Hhcccc
Confidence            455664


No 4
>1CGM_E CUCUMBER GREEN MOTTLE MOSAIC VIRUS; VIRUS, Helical virus; 3.4A {Cucumber green mottle mosaic virus} SCOP: a.24.5.1
Probab=24.49  E-value=73  Score=13.84  Aligned_cols=6  Identities=50%  Similarity=1.071  Sum_probs=3.5  Template_Neff=5.800

Q FESNFN            1 FESNFN    6 (6)
Q Consensus         1 fesnfn    6 (6)
                      ||+.|+
T Consensus       145 FE~~fg  150 (161)
T 1CGM_E          145 FEAAFS  150 (161)
T ss_pred             HHHHhC
Confidence            666653


No 5
>1EI7_B TMV COAT PROTEIN REFINED FROM; disordered loops, Viral protein, VIRUS; 2.45A {Tobacco mosaic virus} SCOP: a.24.5.1
Probab=23.41  E-value=79  Score=13.80  Aligned_cols=6  Identities=50%  Similarity=0.628  Sum_probs=3.5  Template_Neff=5.600

Q FESNFN            1 FESNFN    6 (6)
Q Consensus         1 fesnfn    6 (6)
                      ||+.|+
T Consensus       144 FE~~f~  149 (158)
T 1EI7_B          144 FESSSG  149 (158)
T ss_dssp             HHHHHT
T ss_pred             HhhHhC
Confidence            666653


No 6
>1VTM_P TOBACCO MOSAIC VIRUS, STRAIN U2; VIRUS, Helical virus, Virus-RNA COMPLEX; 3.5A {Tobacco mild green mosaic virus (TMGMV)} SCOP: a.24.5.1
Probab=23.21  E-value=80  Score=13.69  Aligned_cols=6  Identities=33%  Similarity=0.523  Sum_probs=3.5  Template_Neff=5.800

Q FESNFN            1 FESNFN    6 (6)
Q Consensus         1 fesnfn    6 (6)
                      ||+.|+
T Consensus       144 FE~~fg  149 (158)
T 1VTM_P          144 FETASG  149 (158)
T ss_dssp             HTTSCC
T ss_pred             HHHHhC
Confidence            666653


No 7
>6SAE_A Capsid protein/RNA Complex; TMV, virus assembly/disassembly, Ca2+ switch; HET: MG; 1.9A {Tobacco mosaic virus (strain vulgare)}
Probab=22.90  E-value=82  Score=13.67  Aligned_cols=6  Identities=50%  Similarity=0.628  Sum_probs=3.5  Template_Neff=5.800

Q FESNFN            1 FESNFN    6 (6)
Q Consensus         1 fesnfn    6 (6)
                      ||+.|+
T Consensus       145 FE~~f~  150 (159)
T 6SAE_A          145 FESSSG  150 (159)
T ss_pred             HHHHhC
Confidence            666653


No 8
>4XLZ_C N,N'-diacetylchitobiose deacetylase; CE-14 deacetylase, METAL BINDING PROTEIN; HET: HEZ, CL, CD, TRS, MSE; 1.51A {Pyrococcus furiosus}
Probab=22.48  E-value=84  Score=13.37  Aligned_cols=6  Identities=67%  Similarity=1.182  Sum_probs=3.1  Template_Neff=8.300

Q FESNFN            1 FESNFN    6 (6)
Q Consensus         1 fesnfn    6 (6)
                      |++.||
T Consensus         8 ~~~~~~   13 (267)
T 4XLZ_C            8 FEEAFN   13 (267)
T ss_dssp             HHHHHH
T ss_pred             HHHHHH
Confidence            455554


No 9
>4XM2_F N,N'-diacetylchitobiose deacetylase; CE-14 deacetylase, METAL BINDING PROTEIN; 2.3A {Pyrococcus furiosus}
Probab=22.48  E-value=84  Score=13.37  Aligned_cols=6  Identities=67%  Similarity=1.182  Sum_probs=3.1  Template_Neff=8.300

Q FESNFN            1 FESNFN    6 (6)
Q Consensus         1 fesnfn    6 (6)
                      |++.||
T Consensus         8 ~~~~~~   13 (267)
T 4XM2_F            8 FEEAFN   13 (267)
T ss_dssp             HHHHHH
T ss_pred             HHHHHH
Confidence            455554


No 10
>2M64_A Phlp5; PLANT PROTEIN; NMR {Phleum pratense}
Probab=18.80  E-value=1.1e+02  Score=15.15  Aligned_cols=6  Identities=67%  Similarity=1.232  Sum_probs=0.0  Template_Neff=2.800

Q FESNFN            1 FESNFN    6 (6)
Q Consensus         1 fesnfn    6 (6)
                      |||-||
T Consensus       162 FesAFn  167 (231)
T 2M64_A          162 FEAAFN  167 (231)
T ss_dssp             HHHHHH
T ss_pred             HHHHHH


