Query         ANFLVH
Match_columns 6
No_of_seqs    1 out of 1
Neff          1
Searched_HMMs 90378
Date          Sun Dec 19 15:03:32 2021
Command       /media/stefano/DISCO1/FOLDEN/hh-suite/build/bin/hhsearch -i /media/stefano/DISCO1/FOLDEN/trRosetta2/example/ANFLVH/protein.hhm -d /media/stefano/DISCO1/FOLDEN/trRosettaX/pdb70/pdb70 -o /media/stefano/DISCO1/FOLDEN/trRosetta2/example/ANFLVH/protein.out -cpu 32 

 No Hit                             Prob E-value P-value  Score    SS Cols Query HMM  Template HMM
  1 3G7W_A native fold for amyloid  86.3    0.44 4.8E-06   18.7   0.0    6    1-6     384-389 (393)
  2 4JB1_A UDP-N-acetylenolpyruvoy  19.1 1.1E+02  0.0012   13.7   0.0    5    1-5     300-304 (340)
  3 2Q85_A UDP-N-acetylenolpyruvoy  18.8 1.1E+02  0.0013   13.6   0.0    5    1-5     289-293 (342)
  4 3I99_A UDP-N-acetylenolpyruvoy  17.8 1.2E+02  0.0014   13.7   0.0    5    1-5     301-305 (357)
  5 2MBR_A URIDINE DIPHOSPHO-N-ACE  17.2 1.3E+02  0.0014   13.3   0.0    5    1-5     287-291 (340)
  6 1WTY_A hypothetical protein TT  17.1 1.3E+02  0.0015   10.9   0.0    5    2-6      83-87  (119)
  7 2J73_A PULLULANASE (E.C.3.2.1.  16.0 1.5E+02  0.0016   10.5   0.0    5    2-6      61-65  (103)
  8 2J73_B PULLULANASE (E.C.3.2.1.  16.0 1.5E+02  0.0016   10.5   0.0    5    2-6      61-65  (103)
  9 5JZX_A UDP-N-acetylenolpyruvoy  15.2 1.6E+02  0.0017   13.9   0.0    5    1-5     361-365 (405)
 10 5JZX_B UDP-N-acetylenolpyruvoy  15.0 1.6E+02  0.0018   13.9   0.0    5    1-5     361-365 (405)

No 1
>3G7W_A native fold for amyloidogenic protein; HET: GLC, SO4, GOL; 1.75A {Escherichia coli}
Probab=86.26  E-value=0.44  Score=18.68  Aligned_cols=6  Identities=100%  Similarity=1.475  Sum_probs=4.9  Template_Neff=11.100

Q ANFLVH            1 ANFLVH    6 (6)
Q Consensus         1 anflvh    6 (6)
                      +|||||
T Consensus       384 ~~~~~~  389 (393)
T 3G7W_A          384 ANFLVH  389 (393)
T ss_dssp             GGGGCC
T ss_pred             HHHhhc
Confidence            589987


No 2
>4JB1_A UDP-N-acetylenolpyruvoylglucosamine reductase (E.C.1.1.1.158); oxidoreductase; HET: NAP, GOL, FAD; 2.1A {Pseudomonas aeruginosa}
Probab=19.14  E-value=1.1e+02  Score=13.65  Aligned_cols=5  Identities=60%  Similarity=0.461  Sum_probs=0.0  Template_Neff=8.000

Q ANFLVH            1 ANFLV    5 (6)
Q Consensus         1 anflv    5 (6)
                      |||+|
T Consensus       300 anfiv  304 (340)
T 4JB1_A          300 ALVLV  304 (340)
T ss_dssp             TTBEE
T ss_pred             eeEEE


No 3
>2Q85_A UDP-N-acetylenolpyruvoylglucosamine reductase (E.C.1.1.1.158); OXIDOREDUCTASE; HET: 973, FAD; 2.51A {Escherichia coli} SCOP: d.145.1.2, d.146.1.1
Probab=18.80  E-value=1.1e+02  Score=13.58  Aligned_cols=5  Identities=40%  Similarity=0.441  Sum_probs=0.0  Template_Neff=8.100

Q ANFLVH            1 ANFLV    5 (6)
Q Consensus         1 anflv    5 (6)
                      |||+|
T Consensus       289 anfiv  293 (342)
T 2Q85_A          289 ALVLI  293 (342)
T ss_dssp             TTCEE
T ss_pred             ceEEE


No 4
>3I99_A UDP-N-acetylenolpyruvoylglucosamine reductase (E.C.1.1.1.158); UDP-N-acetylenolpyruvoylglucosamine reductase,murB,cell envelope, Oxidoreductase, Structural; HET: FAD, PO4; 2.2A {Vibrio cholerae}
Probab=17.77  E-value=1.2e+02  Score=13.70  Aligned_cols=5  Identities=40%  Similarity=0.381  Sum_probs=0.0  Template_Neff=7.800

Q ANFLVH            1 ANFLV    5 (6)
Q Consensus         1 anflv    5 (6)
                      |||+|
T Consensus       301 anfiv  305 (357)
T 3I99_A          301 ALVIV  305 (357)
T ss_dssp             TTEEE
T ss_pred             ceEEE


No 5
>2MBR_A URIDINE DIPHOSPHO-N-ACETYLENOLPYRUVYLGLUCOSAMINE REDUCTASE, FLAVIN-ADENINE DINUCLEOTIDE; PEPTIDOGLYCAN SYNTHESIS, CELL WALL, CELL; HET: EPU, FAD; 1.8A {Escherichia coli} SCOP: d.145.1.2, d.146.1.1
Probab=17.24  E-value=1.3e+02  Score=13.34  Aligned_cols=5  Identities=40%  Similarity=0.441  Sum_probs=0.0  Template_Neff=8.200

Q ANFLVH            1 ANFLV    5 (6)
Q Consensus         1 anflv    5 (6)
                      |||+|
T Consensus       287 anfiv  291 (340)
T 2MBR_A          287 ALVLI  291 (340)
T ss_dssp             TTEEE
T ss_pred             eeEEE


No 6
>1WTY_A hypothetical protein TTHA0048; STRUCTURAL GENOMICS, RIKEN Structural Genomics/Proteomics; 2.2A {Thermus thermophilus} SCOP: a.24.16.2
Probab=17.10  E-value=1.3e+02  Score=10.92  Aligned_cols=5  Identities=40%  Similarity=0.554  Sum_probs=0.0  Template_Neff=9.100

Q ANFLVH            2 NFLVH    6 (6)
Q Consensus         2 nflvh    6 (6)
                      |.++|
T Consensus        83 N~l~H   87 (119)
T 1WTY_A           83 NLTNH   87 (119)
T ss_dssp             HHGGG
T ss_pred             HHHcC


No 7
>2J73_A PULLULANASE (E.C.3.2.1.41); THERMOTOGA MARITIMA, ALPHA-GLUCAN BINDING, GLUCOSYL-MALTOTRIOSE; HET: GLC; 1.4A {THERMOTOGA MARITIMA} SCOP: b.3.1.3
Probab=16.02  E-value=1.5e+02  Score=10.54  Aligned_cols=5  Identities=20%  Similarity=0.547  Sum_probs=0.0  Template_Neff=9.100

Q ANFLVH            2 NFLVH    6 (6)
Q Consensus         2 nflvh    6 (6)
                      +|++|
T Consensus        61 ~fiv~   65 (103)
T 2J73_A           61 GIIVR   65 (103)
T ss_dssp             EEEEE
T ss_pred             EEEEE


No 8
>2J73_B PULLULANASE (E.C.3.2.1.41); THERMOTOGA MARITIMA, ALPHA-GLUCAN BINDING, GLUCOSYL-MALTOTRIOSE; HET: GLC; 1.4A {THERMOTOGA MARITIMA} SCOP: b.3.1.3
Probab=16.02  E-value=1.5e+02  Score=10.54  Aligned_cols=5  Identities=20%  Similarity=0.547  Sum_probs=0.0  Template_Neff=9.100

Q ANFLVH            2 NFLVH    6 (6)
Q Consensus         2 nflvh    6 (6)
                      +|++|
T Consensus        61 ~fiv~   65 (103)
T 2J73_B           61 GIIVR   65 (103)
T ss_dssp             EEEEE
T ss_pred             EEEEE


No 9
>5JZX_A UDP-N-acetylenolpyruvoylglucosamine reductase (E.C.1.3.1.98); Reductase, Peptidoglycan synthesis, NADPH Oxidation; HET: FAD; 2.2A {Mycobacterium tuberculosis H37Rv}
Probab=15.16  E-value=1.6e+02  Score=13.87  Aligned_cols=5  Identities=40%  Similarity=0.075  Sum_probs=0.0  Template_Neff=7.300

Q ANFLVH            1 ANFLV    5 (6)
Q Consensus         1 anflv    5 (6)
                      |||+|
T Consensus       361 anfiv  365 (405)
T 5JZX_A          361 ALALT  365 (405)
T ss_dssp             TTCEE
T ss_pred             eeEEE


No 10
>5JZX_B UDP-N-acetylenolpyruvoylglucosamine reductase (E.C.1.3.1.98); Reductase, Peptidoglycan synthesis, NADPH Oxidation; HET: FAD; 2.2A {Mycobacterium tuberculosis H37Rv}
Probab=14.95  E-value=1.6e+02  Score=13.94  Aligned_cols=5  Identities=40%  Similarity=0.075  Sum_probs=0.0  Template_Neff=7.100

Q ANFLVH            1 ANFLV    5 (6)
Q Consensus         1 anflv    5 (6)
                      |||+|
T Consensus       361 anfiv  365 (405)
T 5JZX_B          361 ALALT  365 (405)
T ss_dssp             EEEEE
T ss_pred             ccEEE


