Query         FAIRHF
Match_columns 6
No_of_seqs    1 out of 1
Neff          1
Searched_HMMs 90378
Date          Sun Dec 19 20:21:50 2021
Command       /media/stefano/DISCO1/FOLDEN/hh-suite/build/bin/hhsearch -i /media/stefano/DISCO1/FOLDEN/trRosetta2/example/FAIRHF/protein.hhm -d /media/stefano/DISCO1/FOLDEN/trRosettaX/pdb70/pdb70 -o /media/stefano/DISCO1/FOLDEN/trRosetta2/example/FAIRHF/protein.out -cpu 32 

 No Hit                             Prob E-value P-value  Score    SS Cols Query HMM  Template HMM
  1 5NRL_N U6 snRNA-associated Sm-  74.9     2.3 2.6E-05   20.2   0.0    6    1-6       1-6   (291)
  2 5ZWO_9 Pre-mRNA-splicing facto  74.9     2.3 2.6E-05   20.2   0.0    6    1-6       1-6   (291)
  3 6FSA_A Myosin-7, Myosin light   35.3      36  0.0004   17.3   0.0    6    1-6     577-582 (1935)
  4 6XE9_A Myosin II Heavy Chain (  33.6      40 0.00044   17.2   0.0    6    1-6     581-586 (1979)
  5 6Z47_A Myosin heavy chain 11,   33.6      40 0.00044   17.2   0.0    6    1-6     581-586 (1979)
  6 5M05_A Myosin-11; Myosin Inhib  33.4      40 0.00044   16.6   0.0    6    1-6     581-586 (800)
  7 1LKX_B MYOSIN IE HEAVY CHAIN;   32.0      44 0.00049   15.8   0.0    6    1-6     503-508 (697)
  8 2DFS_A Myosin-5A, Calmodulin;   31.8      45 0.00049   16.8   0.0    6    1-6     548-553 (1080)
  9 6SO3_A Myosin 2 heavy chain st  31.2      46 0.00051   16.9   0.0    6    1-6     575-580 (1953)
 10 4A7H_I ACTIN, ALPHA SKELETAL M  31.2      46 0.00051   15.7   0.0    6    1-6     503-508 (697)
 11 5I4E_A Myosin-2C; Motor protei  30.8      47 0.00052   16.4   0.0    6    1-6     548-553 (980)
 12 6BNP_M Unconventional myosin-V  30.0      50 0.00055   16.0   0.0    6    1-6     576-581 (704)
 13 5W1A_C Myosin heavy chain, mus  29.9      50 0.00055   16.4   0.0    6    1-6     577-582 (810)
 14 2XO8_A MYOSIN-2 HEAVY CHAIN; M  29.6      51 0.00057   16.4   0.0    6    1-6     567-572 (776)
 15 7KOG_A Myosin heavy chain isof  28.7      54  0.0006   16.7   0.0    6    1-6     583-588 (1971)
 16 5TBY_A Myosin-7, Myosin light   28.5      55 0.00061   16.6   0.0    6    1-6     577-582 (1935)
 17 5HMP_B Unconventional myosin-V  28.4      56 0.00061   16.0   0.0    6    1-6     542-547 (750)
 18 4ZG4_E myosin Vc; myosin, pre-  28.2      56 0.00062   16.1   0.0    6    1-6     546-551 (764)
 19 1G8X_B myosin, motor, alpha-ac  28.1      57 0.00063   16.3   0.0    6    1-6     568-573 (1010)
 20 3MKD_A Myosin-2 heavy chain (E  28.0      57 0.00063   16.0   0.0    6    1-6     567-572 (692)
 21 1I84_V SMOOTH MUSCLE MYOSIN HE  27.5      59 0.00065   16.2   0.0    6    1-6     580-585 (1184)
 22 4BYF_A UNCONVENTIONAL MYOSIN-I  27.3      60 0.00066   15.5   0.0    6    1-6     507-512 (725)
 23 4L79_A Unconventional myosin-I  26.8      62 0.00068   15.5   0.0    6    1-6     510-515 (744)
 24 1BR1_C MYOSIN, ADENOSINE-5'-DI  26.7      62 0.00069   16.1   0.0    6    1-6     580-585 (820)
 25 4PFO_A Myosin VI MD; Myosin, m  26.5      63  0.0007   15.8   0.0    6    1-6     576-581 (788)
 26 5V7X_A Unconventional myosin-I  26.3      64 0.00071   15.6   0.0    6    1-6     510-515 (752)
 27 6UI4_A Uncharacterized protein  26.1      65 0.00072   15.3   0.0    6    1-6     482-487 (692)
 28 6C1H_P Actin, Myosin 1B, Calmo  25.9      66 0.00073   15.4   0.0    6    1-6     505-510 (729)
 29 5W1A_A Myosin heavy chain, mus  25.8      66 0.00073   16.0   0.0    6    1-6     577-582 (810)
 30 6BNV_L Unconventional myosin-V  25.6      67 0.00074   15.8   0.0    6    1-6     576-581 (816)
 31 1W9I_A MYOSIN II HEAVY CHAIN (  25.3      68 0.00076   15.9   0.0    6    1-6     568-573 (770)
 32 5I0I_A Unconventional myosin-X  24.7      72 0.00079   15.7   0.0    6    1-6     542-547 (791)
 33 7KCH_A Actin, alpha skeletal m  24.6      72  0.0008   15.6   0.0    6    1-6     536-541 (735)
 34 5I0H_A Unconventional myosin-X  24.5      72  0.0008   15.6   0.0    6    1-6     544-549 (741)
 35 1W7J_A MYOSIN VA, MYOSIN LIGHT  24.2      74 0.00082   15.7   0.0    6    1-6     548-553 (795)
 36 6QDJ_A Myosin-4; MYOSIN, MHC-B  24.0      75 0.00083   15.8   0.0    6    1-6     577-582 (790)
 37 6RK4_A Lysostaphin (E.C.3.4.24  23.7      77 0.00085   14.1   0.0    6    1-6       8-13  (493)
 38 7NEP_L Actin, alpha skeletal m  23.5      78 0.00086   15.5   0.0    6    1-6     549-554 (813)
 39 3DTP_B Myosin-11, Myosin-7, My  22.4      85 0.00094   15.9   0.0    6    1-6     580-585 (973)
 40 7DHW_A Myosin-6; Myosin, Motor  22.3      86 0.00095   15.7   0.0    6    1-6     578-583 (771)
 41 4ANJ_A UNCONVENTIONAL MYOSIN-V  21.8      89 0.00099   16.3   0.0    6    1-6     577-582 (1052)
 42 1QVI_A Myosin heavy chain, str  21.4      91   0.001   15.6   0.0    6    1-6     578-583 (840)
 43 3I5F_A Myosin heavy chain isof  21.3      92   0.001   15.6   0.0    6    1-6     580-585 (839)
 44 7ATB_A Tumor necrosis factor;   21.3      93   0.001   11.4   0.0    6    1-6      21-26  (33)
 45 1KK8_A LLOP MYOSIN S1-ADP-BeFx  20.6      98  0.0011   15.5   0.0    6    1-6     578-583 (837)

No 1
>5NRL_N U6 snRNA-associated Sm-like protein LSm3; Spliceosome, Splicing, Ribonucleoprotein; HET: PSU, GTP; 7.2A {Saccharomyces cerevisiae}
Probab=74.86  E-value=2.3  Score=20.18  Aligned_cols=6  Identities=50%  Similarity=1.187  Sum_probs=5.0  Template_Neff=4.700

Q FAIRHF            1 FAIRHF    6 (6)
Q Consensus         1 fairhf    6 (6)
                      .|||||
T Consensus         1 MaiRHf    6 (291)
T 5NRL_N            1 MSFRHF    6 (291)
T ss_pred             CCccce
Confidence            489998


No 2
>5ZWO_9 Pre-mRNA-splicing factor 8, U4/U6 small; spliceosome, assembly, B complex, SPLICING; HET: GTP; 3.9A {Saccharomyces cerevisiae S288c}
Probab=74.86  E-value=2.3  Score=20.18  Aligned_cols=6  Identities=50%  Similarity=1.187  Sum_probs=5.0  Template_Neff=4.700

Q FAIRHF            1 FAIRHF    6 (6)
Q Consensus         1 fairhf    6 (6)
                      .|||||
T Consensus         1 MaiRHf    6 (291)
T 5ZWO_9            1 MSFRHF    6 (291)
T ss_pred             CCccce
Confidence            489998


No 3
>6FSA_A Myosin-7, Myosin light chain 3; Motor protein, myosin, hypertrophic cardiomyopathy; HET: MLY, FMT, ADP; 2.33A {Bos taurus}
Probab=35.31  E-value=36  Score=17.26  Aligned_cols=6  Identities=33%  Similarity=1.087  Sum_probs=4.1  Template_Neff=10.300

Q FAIRHF            1 FAIRHF    6 (6)
Q Consensus         1 fairhf    6 (6)
                      |.|+||
T Consensus       577 f~i~H~  582 (1935)
T 6FSA_A          577 FSLIHY  582 (1935)
T ss_dssp             EEEEET
T ss_pred             EEEEec
Confidence            667775


No 4
>6XE9_A Myosin II Heavy Chain (E.C.5.6.1.8); motor protein, auto-inhibited form, 10;{Meleagris gallopavo}
Probab=33.64  E-value=40  Score=17.23  Aligned_cols=6  Identities=50%  Similarity=1.132  Sum_probs=4.2  Template_Neff=10.200

Q FAIRHF            1 FAIRHF    6 (6)
Q Consensus         1 fairhf    6 (6)
                      |.|+||
T Consensus       581 F~i~H~  586 (1979)
T 6XE9_A          581 FCILHY  586 (1979)
T ss_dssp             EEEEET
T ss_pred             EEEEEe
Confidence            667776


No 5
>6Z47_A Myosin heavy chain 11, Myosin; myosin, motor, inhibited state, shutdown; HET: PO4, ADP; 6.3A {Meleagris gallopavo}
Probab=33.64  E-value=40  Score=17.23  Aligned_cols=6  Identities=50%  Similarity=1.132  Sum_probs=4.2  Template_Neff=10.200

Q FAIRHF            1 FAIRHF    6 (6)
Q Consensus         1 fairhf    6 (6)
                      |.|+||
T Consensus       581 F~i~H~  586 (1979)
T 6Z47_A          581 FCILHY  586 (1979)
T ss_dssp             EEECCT
T ss_pred             EEEEEe
Confidence            667776


No 6
>5M05_A Myosin-11; Myosin Inhibitor, motor protein; HET: 52E, ADP; 2.675A {Gallus gallus}
Probab=33.43  E-value=40  Score=16.64  Aligned_cols=6  Identities=50%  Similarity=1.132  Sum_probs=4.0  Template_Neff=8.000

Q FAIRHF            1 FAIRHF    6 (6)
Q Consensus         1 fairhf    6 (6)
                      |.|+||
T Consensus       581 F~I~Hy  586 (800)
T 5M05_A          581 FCILHY  586 (800)
T ss_dssp             EEEEET
T ss_pred             EEEEec
Confidence            567775


No 7
>1LKX_B MYOSIN IE HEAVY CHAIN; MYOSIN MOTOR DOMAIN, LEVER ARM; HET: ADP, VO4; 3.0A {Dictyostelium discoideum} SCOP: c.37.1.9
Probab=31.97  E-value=44  Score=15.79  Aligned_cols=6  Identities=33%  Similarity=1.276  Sum_probs=3.6  Template_Neff=8.800

Q FAIRHF            1 FAIRHF    6 (6)
Q Consensus         1 fairhf    6 (6)
                      |.|+||
T Consensus       503 F~I~H~  508 (697)
T 1LKX_B          503 FRLKHY  508 (697)
T ss_dssp             EEEEET
T ss_pred             EEEEeC
Confidence            556665


No 8
>2DFS_A Myosin-5A, Calmodulin; myosin-V, inhibited state, calmodulin, cryoelectron; 24.0A {Gallus gallus}
Probab=31.78  E-value=45  Score=16.77  Aligned_cols=6  Identities=67%  Similarity=1.436  Sum_probs=4.1  Template_Neff=8.600

Q FAIRHF            1 FAIRHF    6 (6)
Q Consensus         1 fairhf    6 (6)
                      |.|+||
T Consensus       548 F~I~Hy  553 (1080)
T 2DFS_A          548 FIIKHF  553 (1080)
T ss_dssp             EEEECS
T ss_pred             eEEEEc
Confidence            667775


No 9
>6SO3_A Myosin 2 heavy chain striated; myosin, thick filament, insect flight; 6.2A {Lethocerus indicus}
Probab=31.24  E-value=46  Score=16.94  Aligned_cols=6  Identities=50%  Similarity=1.254  Sum_probs=4.0  Template_Neff=10.300

Q FAIRHF            1 FAIRHF    6 (6)
Q Consensus         1 fairhf    6 (6)
                      |.|+||
T Consensus       575 f~i~H~  580 (1953)
T 6SO3_A          575 FSIAHY  580 (1953)
T ss_dssp             EECCCS
T ss_pred             eEEEec
Confidence            567775


No 10
>4A7H_I ACTIN, ALPHA SKELETAL MUSCLE, TROPOMYOSIN; STRUCTURAL PROTEIN-HYDROLASE COMPLEX, STRUCTURAL PROTEIN; HET: ADP, HIC; 7.8A {ORYCTOLAGUS CUNICULUS}
Probab=31.20  E-value=46  Score=15.73  Aligned_cols=6  Identities=33%  Similarity=1.276  Sum_probs=3.6  Template_Neff=8.800

Q FAIRHF            1 FAIRHF    6 (6)
Q Consensus         1 fairhf    6 (6)
                      |.|+||
T Consensus       503 F~I~Hy  508 (697)
T 4A7H_I          503 FRLKHY  508 (697)
T ss_dssp             CEEECS
T ss_pred             EEEEeC
Confidence            556664


No 11
>5I4E_A Myosin-2C; Motor protein; HET: AOV; 2.25A {Homo sapiens}
Probab=30.81  E-value=47  Score=16.37  Aligned_cols=6  Identities=33%  Similarity=1.115  Sum_probs=3.9  Template_Neff=8.800

Q FAIRHF            1 FAIRHF    6 (6)
Q Consensus         1 fairhf    6 (6)
                      |.|+||
T Consensus       548 F~i~H~  553 (980)
T 5I4E_A          548 FSVLHY  553 (980)
T ss_dssp             EEEEET
T ss_pred             EEEEec
Confidence            567775


No 12
>6BNP_M Unconventional myosin-VI, Actin, alpha skeletal; Cytoskeleton, Filament, complex, CONTRACTILE PROTEIN; HET: ADP; 4.6A {Oryctolagus cuniculus}
Probab=30.01  E-value=50  Score=15.98  Aligned_cols=6  Identities=83%  Similarity=1.547  Sum_probs=3.7  Template_Neff=8.200

Q FAIRHF            1 FAIRHF    6 (6)
Q Consensus         1 fairhf    6 (6)
                      |.|+||
T Consensus       576 F~I~Hy  581 (704)
T 6BNP_M          576 FIIRHF  581 (704)
T ss_pred             eEEEec
Confidence            566665


No 13
>5W1A_C Myosin heavy chain, muscle, Myosin; skeletal muscle myosin II, embryonic; HET: GOL, FLC, EDO; 2.227A {Drosophila melanogaster}
Probab=29.95  E-value=50  Score=16.42  Aligned_cols=6  Identities=67%  Similarity=1.326  Sum_probs=3.9  Template_Neff=7.900

Q FAIRHF            1 FAIRHF    6 (6)
Q Consensus         1 fairhf    6 (6)
                      |.|+||
T Consensus       577 F~I~Hy  582 (810)
T 5W1A_C          577 FAIAHY  582 (810)
T ss_dssp             EEEEET
T ss_pred             EEEEec
Confidence            567775


No 14
>2XO8_A MYOSIN-2 HEAVY CHAIN; MOTOR PROTEIN; HET: AD9, H70; 2.4A {DICTYOSTELIUM DISCOIDEUM}
Probab=29.56  E-value=51  Score=16.36  Aligned_cols=6  Identities=33%  Similarity=1.193  Sum_probs=3.9  Template_Neff=7.800

Q FAIRHF            1 FAIRHF    6 (6)
Q Consensus         1 fairhf    6 (6)
                      |.|+||
T Consensus       567 F~I~Hy  572 (776)
T 2XO8_A          567 FGVTHY  572 (776)
T ss_dssp             EEEEET
T ss_pred             eEEEec
Confidence            567775


No 15
>7KOG_A Myosin heavy chain isoform Mhc_X1; striated muscle, asynchronous flight muscle;{Lethocerus indicus}
Probab=28.70  E-value=54  Score=16.74  Aligned_cols=6  Identities=67%  Similarity=1.348  Sum_probs=0.0  Template_Neff=10.300

Q FAIRHF            1 FAIRHF    6 (6)
Q Consensus         1 fairhf    6 (6)
                      |.|+||
T Consensus       583 f~i~H~  588 (1971)
T 7KOG_A          583 FAISHY  588 (1971)
T ss_dssp             ------
T ss_pred             eEEEec
Confidence            567775


No 16
>5TBY_A Myosin-7, Myosin light chain 3; CONTRACTILE PROTEIN Hypertrophic or dilated; 20.0A {Homo sapiens}
Probab=28.51  E-value=55  Score=16.57  Aligned_cols=6  Identities=33%  Similarity=1.087  Sum_probs=3.9  Template_Neff=10.500

Q FAIRHF            1 FAIRHF    6 (6)
Q Consensus         1 fairhf    6 (6)
                      |.|+||
T Consensus       577 f~i~H~  582 (1935)
T 5TBY_A          577 FSLIHY  582 (1935)
T ss_dssp             EEEECS
T ss_pred             eEEEec
Confidence            567775


No 17
>5HMP_B Unconventional myosin-Vc; motor domain, Myosin, motor protein; HET: DMS, EDO, VO4, ADP; 2.397A {Homo sapiens}
Probab=28.37  E-value=56  Score=16.02  Aligned_cols=6  Identities=67%  Similarity=1.420  Sum_probs=3.8  Template_Neff=8.100

Q FAIRHF            1 FAIRHF    6 (6)
Q Consensus         1 fairhf    6 (6)
                      |.|+||
T Consensus       542 F~I~Hy  547 (750)
T 5HMP_B          542 FVIQHF  547 (750)
T ss_dssp             EEEECS
T ss_pred             EEEEEe
Confidence            566665


No 18
>4ZG4_E myosin Vc; myosin, pre-powerstroke, motor protein; HET: VO4, EDO, ADP; 2.36A {Homo sapiens}
Probab=28.16  E-value=56  Score=16.09  Aligned_cols=6  Identities=67%  Similarity=1.420  Sum_probs=3.8  Template_Neff=8.000

Q FAIRHF            1 FAIRHF    6 (6)
Q Consensus         1 fairhf    6 (6)
                      |.|+||
T Consensus       546 F~I~Hy  551 (764)
T 4ZG4_E          546 FVIQHF  551 (764)
T ss_dssp             EEEECS
T ss_pred             EEEEee
Confidence            566765


No 19
>1G8X_B myosin, motor, alpha-actinin, dictyostelium, lever; HET: ADP; 2.8A {Dictyostelium discoideum} SCOP: k.1.1.1
Probab=28.08  E-value=57  Score=16.25  Aligned_cols=6  Identities=33%  Similarity=1.193  Sum_probs=3.9  Template_Neff=8.700

Q FAIRHF            1 FAIRHF    6 (6)
Q Consensus         1 fairhf    6 (6)
                      |.|+||
T Consensus       568 F~i~H~  573 (1010)
T 1G8X_B          568 FGVTHY  573 (1010)
T ss_dssp             EEEEET
T ss_pred             eEEEec
Confidence            567775


No 20
>3MKD_A Myosin-2 heavy chain (E.C.3.6.4.1); CONTRACTILE PROTEIN, ALLOSTERIC, METHYLATION, ATP-BINDING; HET: ADP; 2.4A {Dictyostelium discoideum}
Probab=27.97  E-value=57  Score=15.99  Aligned_cols=6  Identities=33%  Similarity=1.193  Sum_probs=3.8  Template_Neff=7.800

Q FAIRHF            1 FAIRHF    6 (6)
Q Consensus         1 fairhf    6 (6)
                      |.|+||
T Consensus       567 F~I~Hy  572 (692)
T 3MKD_A          567 FGVTHY  572 (692)
T ss_dssp             EEEEET
T ss_pred             EEEEec
Confidence            566765


No 21
>1I84_V SMOOTH MUSCLE MYOSIN HEAVY CHAIN/SMOOTH; muscle protein, smooth muscle, myosin; HET: MLY; 20.0A {Gallus gallus} SCOP: i.15.1.1
Probab=27.53  E-value=59  Score=16.24  Aligned_cols=6  Identities=50%  Similarity=1.132  Sum_probs=3.9  Template_Neff=9.200

Q FAIRHF            1 FAIRHF    6 (6)
Q Consensus         1 fairhf    6 (6)
                      |.|+||
T Consensus       580 F~i~H~  585 (1184)
T 1I84_V          580 FCILHY  585 (1184)
T ss_dssp             EEEECS
T ss_pred             EEEEec
Confidence            567765


No 22
>4BYF_A UNCONVENTIONAL MYOSIN-IC (E.C.3.6.4.1), CALMODULIN; HYDROLASE, MYO1C, GLUT4 EXOCYTOSIS, ATPASE; HET: AOV; 2.74A {HOMO SAPIENS}
Probab=27.32  E-value=60  Score=15.47  Aligned_cols=6  Identities=33%  Similarity=1.004  Sum_probs=3.5  Template_Neff=8.800

Q FAIRHF            1 FAIRHF    6 (6)
Q Consensus         1 fairhf    6 (6)
                      |.|+||
T Consensus       507 F~I~Hy  512 (725)
T 4BYF_A          507 FRLLHY  512 (725)
T ss_dssp             EEEEET
T ss_pred             EEEEEc
Confidence            556664


No 23
>4L79_A Unconventional myosin-Ib, Calmodulin; myosin motor, actin binding, nucleotide; 2.3A {Rattus norvegicus}
Probab=26.84  E-value=62  Score=15.53  Aligned_cols=6  Identities=50%  Similarity=1.276  Sum_probs=3.5  Template_Neff=8.700

Q FAIRHF            1 FAIRHF    6 (6)
Q Consensus         1 fairhf    6 (6)
                      |.|+||
T Consensus       510 F~I~Hy  515 (744)
T 4L79_A          510 FRIQHY  515 (744)
T ss_dssp             EEEEET
T ss_pred             EEEEeC
Confidence            556664


No 24
>1BR1_C MYOSIN, ADENOSINE-5'-DIPHOSPHATE; MUSCLE PROTEIN; HET: ALF, ADP; 3.5A {Gallus gallus} SCOP: c.37.1.9, b.34.3.1
Probab=26.66  E-value=62  Score=16.09  Aligned_cols=6  Identities=50%  Similarity=1.132  Sum_probs=3.8  Template_Neff=8.000

Q FAIRHF            1 FAIRHF    6 (6)
Q Consensus         1 fairhf    6 (6)
                      |.|+||
T Consensus       580 F~I~Hy  585 (820)
T 1BR1_C          580 FCILHY  585 (820)
T ss_dssp             EEEECS
T ss_pred             EEEEec
Confidence            566765


No 25
>4PFO_A Myosin VI MD; Myosin, motor domain, Pi Release; HET: GOL, ADP; 1.75A {Sus scrofa}
Probab=26.48  E-value=63  Score=15.78  Aligned_cols=6  Identities=83%  Similarity=1.547  Sum_probs=3.6  Template_Neff=8.400

Q FAIRHF            1 FAIRHF    6 (6)
Q Consensus         1 fairhf    6 (6)
                      |.|+||
T Consensus       576 F~I~Hy  581 (788)
T 4PFO_A          576 FIIRHF  581 (788)
T ss_dssp             EEEEET
T ss_pred             eEEEeC
Confidence            556665


No 26
>5V7X_A Unconventional myosin-Ib, Calmodulin; myosin, motor, calmodulin, unconventional, actin; 3.141A {Rattus norvegicus}
Probab=26.25  E-value=64  Score=15.56  Aligned_cols=6  Identities=50%  Similarity=1.276  Sum_probs=3.5  Template_Neff=8.600

Q FAIRHF            1 FAIRHF    6 (6)
Q Consensus         1 fairhf    6 (6)
                      |.|+||
T Consensus       510 F~I~Hy  515 (752)
T 5V7X_A          510 FRIQHY  515 (752)
T ss_dssp             EEEEET
T ss_pred             EEEEec
Confidence            556664


No 27
>6UI4_A Uncharacterized protein; Myosin I, phenamcril, ATPase activity; HET: AGS, Q8V; 2.65A {Gibberella zeae (strain PH-1 / ATCC MYA-4620 / FGSC 9075 / NRRL 31084)}
Probab=26.13  E-value=65  Score=15.33  Aligned_cols=6  Identities=50%  Similarity=1.331  Sum_probs=3.5  Template_Neff=8.700

Q FAIRHF            1 FAIRHF    6 (6)
Q Consensus         1 fairhf    6 (6)
                      |.|+||
T Consensus       482 F~I~H~  487 (692)
T 6UI4_A          482 FIIKHY  487 (692)
T ss_dssp             EEEEET
T ss_pred             EEEEcC
Confidence            556664


No 28
>6C1H_P Actin, Myosin 1B, Calmodulin; Mechanochemistry, Mechanobiology, Structural Biology, Cytoskeleton; HET: ADP;{Oryctolagus cuniculus}
Probab=25.91  E-value=66  Score=15.41  Aligned_cols=6  Identities=50%  Similarity=1.276  Sum_probs=3.5  Template_Neff=8.700

Q FAIRHF            1 FAIRHF    6 (6)
Q Consensus         1 fairhf    6 (6)
                      |.|+||
T Consensus       505 F~I~H~  510 (729)
T 6C1H_P          505 FRIQHY  510 (729)
T ss_dssp             EEEEET
T ss_pred             EEEEeC
Confidence            556664


No 29
>5W1A_A Myosin heavy chain, muscle, Myosin; skeletal muscle myosin II, embryonic; HET: GOL, FLC, EDO; 2.227A {Drosophila melanogaster}
Probab=25.78  E-value=66  Score=15.99  Aligned_cols=6  Identities=67%  Similarity=1.326  Sum_probs=3.7  Template_Neff=8.000

Q FAIRHF            1 FAIRHF    6 (6)
Q Consensus         1 fairhf    6 (6)
                      |.|+||
T Consensus       577 F~I~Hy  582 (810)
T 5W1A_A          577 FAIAHY  582 (810)
T ss_dssp             EEEEET
T ss_pred             EEEEec
Confidence            566665


No 30
>6BNV_L Unconventional myosin-VI, Actin, alpha skeletal; Cytoskeleton, Filament, complex, CONTRACTILE PROTEIN; 4.6A {Oryctolagus cuniculus}
Probab=25.59  E-value=67  Score=15.82  Aligned_cols=6  Identities=83%  Similarity=1.547  Sum_probs=3.6  Template_Neff=8.300

Q FAIRHF            1 FAIRHF    6 (6)
Q Consensus         1 fairhf    6 (6)
                      |.|+||
T Consensus       576 F~I~Hy  581 (816)
T 6BNV_L          576 FIIRHF  581 (816)
T ss_pred             EEEEeC
Confidence            556665


No 31
>1W9I_A MYOSIN II HEAVY CHAIN (E.C.3.6.4.1); MOLECULAR MOTOR, MYOSIN, ATPASE, MOTOR; HET: EDO, ADP; 1.75A {DICTYOSTELIUM DISCOIDEUM}
Probab=25.33  E-value=68  Score=15.90  Aligned_cols=6  Identities=33%  Similarity=1.193  Sum_probs=3.7  Template_Neff=7.900

Q FAIRHF            1 FAIRHF    6 (6)
Q Consensus         1 fairhf    6 (6)
                      |.|+||
T Consensus       568 F~I~Hy  573 (770)
T 1W9I_A          568 FGVTHY  573 (770)
T ss_dssp             EEEEET
T ss_pred             EEEEec
Confidence            566665


No 32
>5I0I_A Unconventional myosin-X, Calmodulin; myosin, motor domain, molecular motor; HET: SO4, ADP, VO4, MPO; 3.15A {Homo sapiens}
Probab=24.67  E-value=72  Score=15.73  Aligned_cols=6  Identities=33%  Similarity=1.353  Sum_probs=3.7  Template_Neff=8.200

Q FAIRHF            1 FAIRHF    6 (6)
Q Consensus         1 fairhf    6 (6)
                      |.|+||
T Consensus       542 F~I~Hy  547 (791)
T 5I0I_A          542 FGVKHY  547 (791)
T ss_dssp             EEEEET
T ss_pred             eEEeec
Confidence            566664


No 33
>7KCH_A Actin, alpha skeletal muscle, Unconventional; myosin, actin, cytoskeleton, motor protein; HET: ADP; 4.33A {Gallus gallus}
Probab=24.62  E-value=72  Score=15.58  Aligned_cols=6  Identities=50%  Similarity=1.243  Sum_probs=3.6  Template_Neff=8.200

Q FAIRHF            1 FAIRHF    6 (6)
Q Consensus         1 fairhf    6 (6)
                      |.|+||
T Consensus       536 F~I~Hy  541 (735)
T 7KCH_A          536 FTIDHY  541 (735)
T ss_pred             eEEEee
Confidence            556664


No 34
>5I0H_A Unconventional myosin-X; myosin, motor domain, molecular motor; HET: ADP, EDO, SO4; 1.8A {Homo sapiens}
Probab=24.52  E-value=72  Score=15.64  Aligned_cols=6  Identities=33%  Similarity=1.353  Sum_probs=3.6  Template_Neff=8.100

Q FAIRHF            1 FAIRHF    6 (6)
Q Consensus         1 fairhf    6 (6)
                      |.|+||
T Consensus       544 F~I~Hy  549 (741)
T 5I0H_A          544 FGVKHY  549 (741)
T ss_dssp             EEEEET
T ss_pred             eEEeec
Confidence            556665


No 35
>1W7J_A MYOSIN VA, MYOSIN LIGHT CHAIN; MOTOR PROTEIN, UNCONVENTIONAL MYOSIN, MYOSIN; HET: ADP; 2.0A {GALLUS GALLUS} SCOP: c.37.1.9, b.34.3.1
Probab=24.22  E-value=74  Score=15.75  Aligned_cols=6  Identities=67%  Similarity=1.436  Sum_probs=3.6  Template_Neff=8.100

Q FAIRHF            1 FAIRHF    6 (6)
Q Consensus         1 fairhf    6 (6)
                      |.|+||
T Consensus       548 F~I~Hy  553 (795)
T 1W7J_A          548 FIIKHF  553 (795)
T ss_dssp             EEEECS
T ss_pred             EEEEEc
Confidence            566664


No 36
>6QDJ_A Myosin-4; MYOSIN, MHC-B, UNC-54, MOTOR PROTEIN; HET: P15, GOL, PGO, ADP; 1.884A {Caenorhabditis elegans}
Probab=24.05  E-value=75  Score=15.77  Aligned_cols=6  Identities=67%  Similarity=1.536  Sum_probs=3.6  Template_Neff=8.000

Q FAIRHF            1 FAIRHF    6 (6)
Q Consensus         1 fairhf    6 (6)
                      |.|+||
T Consensus       577 F~I~Hy  582 (790)
T 6QDJ_A          577 FAMRHY  582 (790)
T ss_dssp             EEEEET
T ss_pred             EEEEec
Confidence            556665


No 37
>6RK4_A Lysostaphin (E.C.3.4.24.75); Peptidoglycan Hydrolase, PEPTIDE BINDING PROTEIN; HET: K5T; 1.43A {Staphylococcus simulans}
Probab=23.74  E-value=77  Score=14.07  Aligned_cols=6  Identities=17%  Similarity=0.440  Sum_probs=0.0  Template_Neff=9.400

Q FAIRHF            1 FAIRHF    6 (6)
Q Consensus         1 fairhf    6 (6)
                      |.||.|
T Consensus         8 fsiRK~   13 (493)
T 6RK4_A            8 YYTRPL   13 (493)
T ss_dssp             ------
T ss_pred             cccccc
Confidence            567754


No 38
>7NEP_L Actin, alpha skeletal muscle, Tropomyosin; Muscle proteins, force generation, sarcomere; 10.2A {Mus musculus}
Probab=23.49  E-value=78  Score=15.50  Aligned_cols=6  Identities=33%  Similarity=1.110  Sum_probs=3.5  Template_Neff=8.500

Q FAIRHF            1 FAIRHF    6 (6)
Q Consensus         1 fairhf    6 (6)
                      |.|+||
T Consensus       549 F~I~Hy  554 (813)
T 7NEP_L          549 FSLVHY  554 (813)
T ss_pred             EEEEec
Confidence            556664


No 39
>3DTP_B Myosin-11, Myosin-7, Myosin light polypeptide; MUSCLE PROTEIN, SMOOTH MUSCLE, MYOSIN; 20.0A {Avicularia avicularia}
Probab=22.40  E-value=85  Score=15.91  Aligned_cols=6  Identities=50%  Similarity=1.132  Sum_probs=3.8  Template_Neff=8.200

Q FAIRHF            1 FAIRHF    6 (6)
Q Consensus         1 fairhf    6 (6)
                      |.|+||
T Consensus       580 F~I~Hy  585 (973)
T 3DTP_B          580 FCILHY  585 (973)
T ss_dssp             EEECCS
T ss_pred             EEEEec
Confidence            566665


No 40
>7DHW_A Myosin-6; Myosin, Motor domain, ATPase, ATP; HET: ADP, GOL; 2.84A {Arabidopsis thaliana}
Probab=22.29  E-value=86  Score=15.65  Aligned_cols=6  Identities=50%  Similarity=1.137  Sum_probs=3.6  Template_Neff=7.800

Q FAIRHF            1 FAIRHF    6 (6)
Q Consensus         1 fairhf    6 (6)
                      |.|+||
T Consensus       578 F~I~Hy  583 (771)
T 7DHW_A          578 FTICHY  583 (771)
T ss_dssp             EEEEET
T ss_pred             cEEEec
Confidence            566665


No 41
>4ANJ_A UNCONVENTIONAL MYOSIN-VI, GREEN FLUORESCENT PROTEIN; MOTOR PROTEIN-METAL-BINDNG PROTEIN COMPLEX, MOLECULAR; HET: ADP; 2.6A {SUS SCROFA, AEQUOREA VICTORIA}
Probab=21.75  E-value=89  Score=16.26  Aligned_cols=6  Identities=83%  Similarity=1.547  Sum_probs=3.8  Template_Neff=7.700

Q FAIRHF            1 FAIRHF    6 (6)
Q Consensus         1 fairhf    6 (6)
                      |.|+||
T Consensus       577 F~I~Hy  582 (1052)
T 4ANJ_A          577 FIIRHF  582 (1052)
T ss_dssp             EEEEET
T ss_pred             eEEEec
Confidence            566665


No 42
>1QVI_A Myosin heavy chain, striated muscle; scallop myosin subfragment-1 (S1), pre-power; HET: ADP; 2.54A {Argopecten irradians} SCOP: c.37.1.9, b.34.3.1
Probab=21.43  E-value=91  Score=15.57  Aligned_cols=6  Identities=33%  Similarity=1.193  Sum_probs=3.5  Template_Neff=8.100

Q FAIRHF            1 FAIRHF    6 (6)
Q Consensus         1 fairhf    6 (6)
                      |.|+||
T Consensus       578 F~I~Hy  583 (840)
T 1QVI_A          578 FELHHY  583 (840)
T ss_dssp             EEEEET
T ss_pred             EEEEec
Confidence            556665


No 43
>3I5F_A Myosin heavy chain isoform A; SQUID, POST-RIGOR STATE, MG.ADP, MYOSIN; HET: ADP; 3.1A {Loligo pealei}
Probab=21.32  E-value=92  Score=15.56  Aligned_cols=6  Identities=33%  Similarity=1.220  Sum_probs=3.5  Template_Neff=8.100

Q FAIRHF            1 FAIRHF    6 (6)
Q Consensus         1 fairhf    6 (6)
                      |.|+||
T Consensus       580 F~I~Hy  585 (839)
T 3I5F_A          580 FCLHHY  585 (839)
T ss_dssp             BCCBCS
T ss_pred             EEEEec
Confidence            556664


No 44
>7ATB_A Tumor necrosis factor; Transmembrane domain, helix, Trifluorethanol, MEMBRANE; NMR {N/A}
Probab=21.27  E-value=93  Score=11.39  Aligned_cols=6  Identities=50%  Similarity=1.170  Sum_probs=3.0  Template_Neff=3.400

Q FAIRHF            1 FAIRHF    6 (6)
Q Consensus         1 fairhf    6 (6)
                      |+..||
T Consensus        21 F~Llhf   26 (33)
T 7ATB_A           21 FCLLHF   26 (33)
T ss_dssp             HHHHHH
T ss_pred             HHHHHh
Confidence            445554


No 45
>1KK8_A LLOP MYOSIN S1-ADP-BeFx IN THE; actin-detached, Myosin, Mechanics of MOTOR; HET: ADP; 2.3A {Argopecten irradians} SCOP: c.37.1.9, b.34.3.1
Probab=20.56  E-value=98  Score=15.47  Aligned_cols=6  Identities=33%  Similarity=1.193  Sum_probs=3.5  Template_Neff=8.100

Q FAIRHF            1 FAIRHF    6 (6)
Q Consensus         1 fairhf    6 (6)
                      |.|+||
T Consensus       578 F~I~Hy  583 (837)
T 1KK8_A          578 FELHHY  583 (837)
T ss_dssp             EEEEET
T ss_pred             eEEEec
Confidence            456664


