Query         NVTQVG
Match_columns 6
No_of_seqs    1 out of 1
Neff          1
Searched_HMMs 90378
Date          Tue Dec 21 04:55:54 2021
Command       /media/stefano/DISCO1/FOLDEN/hh-suite/build/bin/hhsearch -i /media/stefano/DISCO1/FOLDEN/trRosetta2/example/NVTQVG/protein.hhm -d /media/stefano/DISCO1/FOLDEN/trRosettaX/pdb70/pdb70 -o /media/stefano/DISCO1/FOLDEN/trRosetta2/example/NVTQVG/protein.out -cpu 32 

 No Hit                             Prob E-value P-value  Score    SS Cols Query HMM  Template HMM
  1 3GXQ_B Putative regulator of t  15.0 1.6E+02  0.0018   12.2   0.0    6    1-6      37-42  (54)
  2 2Z5E_A Proteasome Assembling C   6.6   5E+02  0.0056   10.3   0.0    6    1-6      35-40  (122)
  3 5VOB_E Envelope glycoprotein H   6.4 5.2E+02  0.0058   12.1   0.0    5    1-5      81-85  (129)
  4 1WMX_B COG3291: FOG: PKD repea   5.7   6E+02  0.0067   11.2   0.0    5    2-6     191-195 (205)
  5 6JPT_A ERGIC-53, Multiple coag   5.7 6.1E+02  0.0067   10.1   0.0    6    1-6      35-40  (122)
  6 5ZKO_H Cyclic AMP-responsive e   5.4 6.4E+02  0.0071   10.7   0.0    6    1-6      73-78  (80)
  7 5B1B_X Oxidoreductase, respira   5.1   7E+02  0.0078   10.1   0.0    5    2-6      28-32  (49)
  8 7D5X_K cytochrome c oxidase me   5.1   7E+02  0.0078   10.1   0.0    5    2-6      28-32  (49)
  9 7COH_X Cytochrome c oxidase su   5.0 7.1E+02  0.0078   10.3   0.0    5    2-6      33-37  (56)
 10 2YBB_V NADH-QUINONE OXIDOREDUC   5.0 7.1E+02  0.0078   10.3   0.0    5    2-6      33-37  (56)

No 1
>3GXQ_B Putative regulator of transfer genes; ribbon-helix-helix, DNA BINDING PROTEIN-DNA COMPLEX; 2.35A {Staphylococcus aureus subsp. aureus USA300}
Probab=14.98  E-value=1.6e+02  Score=12.16  Aligned_cols=6  Identities=67%  Similarity=1.005  Sum_probs=2.8  Template_Neff=1.000

Q NVTQVG            1 NVTQVG    6 (6)
Q Consensus         1 nvtqvg    6 (6)
                      ||.|.|
T Consensus        37 nvsqag   42 (54)
T 3GXQ_B           37 NVSQAG   42 (54)
T ss_dssp             CHHHHH
T ss_pred             chhHHH
Confidence            455543


No 2
>2Z5E_A Proteasome Assembling Chaperone 3; BETA SANDWICH, HOMODIMER, PROTEASOME, CHAPERONE; 2.0A {Homo sapiens}
Probab=6.55  E-value=5e+02  Score=10.27  Aligned_cols=6  Identities=67%  Similarity=0.728  Sum_probs=0.0  Template_Neff=7.300

Q NVTQVG            1 NVTQVG    6 (6)
Q Consensus         1 nvtqvg    6 (6)
                      .|||.|
T Consensus        35 ~iTq~G   40 (122)
T 2Z5E_A           35 VVTQFG   40 (122)
T ss_dssp             EEESTT
T ss_pred             EEEeCC


No 3
>5VOB_E Envelope glycoprotein H, Envelope glycoprotein; HCMV, neutralizing epitope, immunogen, viral; HET: NAG, BMA; 3.02A {Human cytomegalovirus}
Probab=6.35  E-value=5.2e+02  Score=12.06  Aligned_cols=5  Identities=80%  Similarity=0.986  Sum_probs=0.0  Template_Neff=2.600

Q NVTQVG            1 NVTQV    5 (6)
Q Consensus         1 nvtqv    5 (6)
                      |||.|
T Consensus        81 NVTEV   85 (129)
T 5VOB_E           81 NVTEV   85 (129)
T ss_dssp             CHHHH
T ss_pred             chhhH


No 4
>1WMX_B COG3291: FOG: PKD repeat; CBM30, Carbohydrate Binding Module Family30; 2.0A {Clostridium thermocellum} SCOP: b.18.1.24
Probab=5.70  E-value=6e+02  Score=11.20  Aligned_cols=5  Identities=60%  Similarity=0.999  Sum_probs=0.0  Template_Neff=6.700

Q NVTQVG            2 VTQVG    6 (6)
Q Consensus         2 vtqvg    6 (6)
                      |-|+|
T Consensus       191 VNQ~G  195 (205)
T 1WMX_B          191 VNQLG  195 (205)
T ss_dssp             TTTTS
T ss_pred             Eecee


No 5
>6JPT_A ERGIC-53, Multiple coagulation factor deficiency; PROTEASOME ASSEMBLY CHAPERONE, CHAPERONE; 0.96A {Homo sapiens}
Probab=5.67  E-value=6.1e+02  Score=10.09  Aligned_cols=6  Identities=67%  Similarity=0.728  Sum_probs=0.0  Template_Neff=7.200

Q NVTQVG            1 NVTQVG    6 (6)
Q Consensus         1 nvtqvg    6 (6)
                      .+||.|
T Consensus        35 ~ITq~G   40 (122)
T 6JPT_A           35 VVTQFG   40 (122)
T ss_pred             EEEeCC


No 6
>5ZKO_H Cyclic AMP-responsive element-binding protein 1; transcription factor, coactivator, CREB, CRE; 3.05A {Homo sapiens}
Probab=5.42  E-value=6.4e+02  Score=10.69  Aligned_cols=6  Identities=67%  Similarity=1.115  Sum_probs=0.0  Template_Neff=3.600

Q NVTQVG            1 NVTQVG    6 (6)
Q Consensus         1 nvtqvg    6 (6)
                      ||-|.+
T Consensus        73 NVNQi~   78 (80)
T 5ZKO_H           73 NVNQIG   78 (80)
T ss_dssp             ------
T ss_pred             ccccCC


No 7
>5B1B_X Oxidoreductase, respiratory chain, Proton pump; HET: PGV, CDL, PEK, DMU, SAC, HEA, FME, PSC, CHD, PO4, TGL, EDO; 1.6A {Bos taurus}
Probab=5.06  E-value=7e+02  Score=10.08  Aligned_cols=5  Identities=60%  Similarity=0.999  Sum_probs=0.0  Template_Neff=2.300

Q NVTQVG            2 VTQVG    6 (6)
Q Consensus         2 vtqvg    6 (6)
                      .||.|
T Consensus        28 ~Tq~G   32 (49)
T 5B1B_X           28 ATQIG   32 (49)
T ss_dssp             HHHSC
T ss_pred             HHhcC


No 8
>7D5X_K cytochrome c oxidase membrane protein; HET: PGV, CDL, PEK, DMU, SAC, HEA, FME, PSC, CHD, PO4, TGL, EDO; 1.74A {Bos taurus}
Probab=5.06  E-value=7e+02  Score=10.08  Aligned_cols=5  Identities=60%  Similarity=0.999  Sum_probs=0.0  Template_Neff=2.300

Q NVTQVG            2 VTQVG    6 (6)
Q Consensus         2 vtqvg    6 (6)
                      .||.|
T Consensus        28 ~Tq~G   32 (49)
T 7D5X_K           28 ATQIG   32 (49)
T ss_dssp             HHHSC
T ss_pred             HHhcC


No 9
>7COH_X Cytochrome c oxidase subunit 1; Dimer, Fully Oxidized, OXIDOREDUCTASE; HET: CDL, PGV, PEK, DMU, HEA, FME, CHD, LFA, EDO; 1.3A {Bos taurus}
Probab=5.05  E-value=7.1e+02  Score=10.27  Aligned_cols=5  Identities=60%  Similarity=0.999  Sum_probs=0.0  Template_Neff=2.500

Q NVTQVG            2 VTQVG    6 (6)
Q Consensus         2 vtqvg    6 (6)
                      .||.|
T Consensus        33 ~TQ~G   37 (56)
T 7COH_X           33 ATQIG   37 (56)
T ss_dssp             HHHSC
T ss_pred             HHhcC


No 10
>2YBB_V NADH-QUINONE OXIDOREDUCTASE SUBUNIT 1 (E.C.1.6.99.5); SUPERCOMPLEX B, MITOCHONDRIA, RESPIRATORY CHAIN; HET: FES, SF4, HEC, NAI, CDL, FMN, UQ1, HEM, SMA, HEA; 19.0A {BOS TAURUS}
Probab=5.04  E-value=7.1e+02  Score=10.26  Aligned_cols=5  Identities=60%  Similarity=0.999  Sum_probs=0.0  Template_Neff=2.500

Q NVTQVG            2 VTQVG    6 (6)
Q Consensus         2 vtqvg    6 (6)
                      .||.|
T Consensus        33 ~TQ~G   37 (56)
T 2YBB_V           33 ATQIG   37 (56)
T ss_pred             HHhCC


