Query         LMTVYV
Match_columns 6
No_of_seqs    1 out of 1
Neff          1
Searched_HMMs 90378
Date          Mon Dec 20 19:39:09 2021
Command       /media/stefano/DISCO1/FOLDEN/hh-suite/build/bin/hhsearch -i /media/stefano/DISCO1/FOLDEN/trRosetta2/example/LMTVYV/protein.hhm -d /media/stefano/DISCO1/FOLDEN/trRosettaX/pdb70/pdb70 -o /media/stefano/DISCO1/FOLDEN/trRosetta2/example/LMTVYV/protein.out -cpu 32 

 No Hit                             Prob E-value P-value  Score    SS Cols Query HMM  Template HMM
  1 7LDG_C Complex, Recruiter, Pro   7.5 4.2E+02  0.0046   13.0   0.0    5    1-5     153-157 (253)
  2 5OQT_C Amino acid transporter,   7.3 4.4E+02  0.0049    9.8   0.0    5    2-6       5-9   (31)
  3 6YSL_A Motility protein A, Mot   7.1 4.5E+02   0.005   10.8   0.0    6    1-6      29-34  (261)
  4 4RHZ_B Cry23Aa1, Cry37Aa1; aer   7.1 4.6E+02  0.0051   11.8   0.0    4    2-5       1-4   (126)
  5 6YSF_B Chemotaxis motB protein   6.9 4.8E+02  0.0053   10.7   0.0    6    1-6      30-35  (251)
  6 5XFT_A Dehydroascorbate reduct   6.8 4.8E+02  0.0053    9.7   0.0    6    1-6       4-9   (217)
  7 4JH2_A Metallothiol transferas   6.7 4.9E+02  0.0054    8.6   0.0    4    2-5     135-138 (138)
  8 4JH9_A Metallothiol transferas   6.7 4.9E+02  0.0054    8.6   0.0    4    2-5     135-138 (138)
  9 1FGG_B GLUCURONYLTRANSFERASE I   6.7 4.9E+02  0.0055   12.2   0.0    5    2-6       1-5   (261)
 10 1KWS_A BETA-1,3-GLUCURONYLTRAN   6.7 4.9E+02  0.0055   12.2   0.0    5    2-6       1-5   (261)

No 1
>7LDG_C Complex, Recruiter, Protein-protein interaction, Armadillo-repeat; HET: MSE; 2.56A {Homo sapiens}
Probab=7.53  E-value=4.2e+02  Score=12.98  Aligned_cols=5  Identities=60%  Similarity=1.291  Sum_probs=0.0  Template_Neff=4.400

Q LMTVYV            1 LMTVY    5 (6)
Q Consensus         1 lmtvy    5 (6)
                      ||++|
T Consensus       153 LM~LY  157 (253)
T 7LDG_C          153 LMSLY  157 (253)
T ss_dssp             HHHHH
T ss_pred             HHHHH


No 2
>5OQT_C Amino acid transporter, L-Alanine, Uncharacterized; SLC7, APC, LeuT fold, TRANSPORT; HET: OLC, CLR; 2.86A {Geobacillus kaustophilus (strain HTA426)}
Probab=7.28  E-value=4.4e+02  Score=9.80  Aligned_cols=5  Identities=40%  Similarity=0.992  Sum_probs=0.0  Template_Neff=2.400

Q LMTVYV            2 MTVYV    6 (6)
Q Consensus         2 mtvyv    6 (6)
                      |+||+
T Consensus         5 ~~vfi    9 (31)
T 5OQT_C            5 MNVFM    9 (31)
T ss_pred             HHHHH


No 3
>6YSL_A Motility protein A, Motility protein; Stator Flagellar rotation ion driven;{Bacillus subtilis (strain 168)}
Probab=7.10  E-value=4.5e+02  Score=10.83  Aligned_cols=6  Identities=17%  Similarity=0.966  Sum_probs=0.0  Template_Neff=9.200

Q LMTVYV            1 LMTVYV    6 (6)
Q Consensus         1 lmtvyv    6 (6)
                      ||+.+|
T Consensus        29 LlaFFv   34 (261)
T 6YSL_A           29 LLALFI   34 (261)
T ss_pred             HHHHHH


No 4
>4RHZ_B Cry23Aa1, Cry37Aa1; aerolysin-family fold, C2-fold, TOXIN; 2.35A {Bacillus thuringiensis}
Probab=7.05  E-value=4.6e+02  Score=11.85  Aligned_cols=4  Identities=100%  Similarity=1.497  Sum_probs=0.0  Template_Neff=3.800

Q LMTVYV            2 MTVY    5 (6)
Q Consensus         2 mtvy    5 (6)
                      ||+|
T Consensus         1 ~~~y    4 (126)
T 4RHZ_B            1 MTVY    4 (126)
T ss_dssp             -CCE
T ss_pred             CeeE


No 5
>6YSF_B Chemotaxis motB protein, Chemotaxis MotA; Stator Flagellar rotation ion driven;{Clostridium sporogenes}
Probab=6.85  E-value=4.8e+02  Score=10.66  Aligned_cols=6  Identities=33%  Similarity=0.977  Sum_probs=0.0  Template_Neff=9.300

Q LMTVYV            1 LMTVYV    6 (6)
Q Consensus         1 lmtvyv    6 (6)
                      ||+++|
T Consensus        30 Ll~fFv   35 (251)
T 6YSF_B           30 LLTFFI   35 (251)
T ss_dssp             HHHHHH
T ss_pred             HHHHHH


No 6
>5XFT_A Dehydroascorbate reductase; Chlamydomonas, dehydrogenase reductase, OXIDOREDUCTASE; 2.46A {Chlamydomonas reinhardtii}
Probab=6.83  E-value=4.8e+02  Score=9.75  Aligned_cols=6  Identities=50%  Similarity=0.999  Sum_probs=0.0  Template_Neff=10.700

Q LMTVYV            1 LMTVYV    6 (6)
Q Consensus         1 lmtvyv    6 (6)
                      +|++|+
T Consensus         4 ~~~l~~    9 (217)
T 5XFT_A            4 VTTIYV    9 (217)
T ss_dssp             SEEEEE
T ss_pred             eeEEEe


No 7
>4JH2_A Metallothiol transferase FosB (E.C.2.5.1.-); Bacillithiol-S-Transferase, Transferase; HET: SO4; 1.27A {Bacillus cereus}
Probab=6.72  E-value=4.9e+02  Score=8.57  Aligned_cols=4  Identities=75%  Similarity=1.223  Sum_probs=0.0  Template_Neff=11.500

Q LMTVYV            2 MTVY    5 (6)
Q Consensus         2 mtvy    5 (6)
                      ||.|
T Consensus       135 ~~~~  138 (138)
T 4JH2_A          135 MTFY  138 (138)
T ss_dssp             EEEC
T ss_pred             ceeC


No 8
>4JH9_A Metallothiol transferase FosB (E.C.2.5.1.-); Bacillithiol-S-Transferase, transferase-transferase inhibitor complex; HET: 1KM; 1.77A {Bacillus cereus}
Probab=6.72  E-value=4.9e+02  Score=8.57  Aligned_cols=4  Identities=75%  Similarity=1.223  Sum_probs=0.0  Template_Neff=11.500

Q LMTVYV            2 MTVY    5 (6)
Q Consensus         2 mtvy    5 (6)
                      ||.|
T Consensus       135 ~~~~  138 (138)
T 4JH9_A          135 MTFY  138 (138)
T ss_dssp             SEEC
T ss_pred             ceeC


No 9
>1FGG_B GLUCURONYLTRANSFERASE I; glucuronyltransferase, UDP, DDD, TRANSFERASE; HET: GAL, UDP; 2.3A {Homo sapiens} SCOP: c.68.1.7
Probab=6.66  E-value=4.9e+02  Score=12.22  Aligned_cols=5  Identities=80%  Similarity=1.404  Sum_probs=0.0  Template_Neff=5.900

Q LMTVYV            2 MTVYV    6 (6)
Q Consensus         2 mtvyv    6 (6)
                      |++||
T Consensus         1 ~~I~v    5 (261)
T 1FGG_B            1 MTIYV    5 (261)
T ss_dssp             CEEEE
T ss_pred             CeEEE


No 10
>1KWS_A BETA-1,3-GLUCURONYLTRANSFERASE 3; DXD, NTP binding domain, TRANSFERASE; HET: UGA; 2.1A {Homo sapiens} SCOP: c.68.1.7
Probab=6.66  E-value=4.9e+02  Score=12.22  Aligned_cols=5  Identities=80%  Similarity=1.404  Sum_probs=0.0  Template_Neff=5.900

Q LMTVYV            2 MTVYV    6 (6)
Q Consensus         2 mtvyv    6 (6)
                      |++||
T Consensus         1 ~~I~v    5 (261)
T 1KWS_A            1 MTIYV    5 (261)
T ss_dssp             CEEEE
T ss_pred             CeEEE


