Query         STLIFE
Match_columns 6
No_of_seqs    1 out of 1
Neff          1
Searched_HMMs 90378
Date          Tue Dec 21 17:49:12 2021
Command       /media/stefano/DISCO1/FOLDEN/hh-suite/build/bin/hhsearch -i /media/stefano/DISCO1/FOLDEN/trRosetta2/example/STLIFE/protein.hhm -d /media/stefano/DISCO1/FOLDEN/trRosettaX/pdb70/pdb70 -o /media/stefano/DISCO1/FOLDEN/trRosetta2/example/STLIFE/protein.out -cpu 32 

 No Hit                             Prob E-value P-value  Score    SS Cols Query HMM  Template HMM
  1 6BSB_B Mucin-1; SEA domain Aut  19.5 1.1E+02  0.0012   12.3   0.0    5    1-5       6-10  (55)
  2 4JOB_A Lysophosphatidic acid p  19.3 1.1E+02  0.0012   12.9   0.0    6    1-6     325-330 (396)
  3 4JOD_A Lysophosphatidic acid p  19.3 1.1E+02  0.0012   12.9   0.0    6    1-6     325-330 (396)
  4 3IT3_A Acid phosphatase (E.C.3  19.1 1.1E+02  0.0012   12.6   0.0    6    1-6     283-288 (342)
  5 1DKP_A HISTIDINE ACID PHOSPHAT  18.6 1.2E+02  0.0013   13.2   0.0    6    1-6     331-336 (410)
  6 4ARV_B PHYTASE (E.C.3.1.3.26);  17.7 1.2E+02  0.0014   13.4   0.0    6    1-6     361-366 (441)
  7 1CVI_B PROSTATIC ACID PHOSPHAT  17.5 1.3E+02  0.0014   12.3   0.0    6    1-6     280-285 (342)
  8 2NUD_C Avirulence B protein, R  17.1 1.3E+02  0.0015   10.3   0.0    5    2-6      25-29  (35)
  9 5U9A_A Aryl hydrocarbon recept  16.1 1.4E+02  0.0016   11.5   0.0    6    1-6     153-158 (169)
 10 5U9J_B Aryl hydrocarbon recept  16.1 1.4E+02  0.0016   11.5   0.0    6    1-6     153-158 (169)

No 1
>6BSB_B Mucin-1; SEA domain Autoproteolysis MUC1, STRUCTURAL; HET: MSE; 1.6A {Homo sapiens}
Probab=19.49  E-value=1.1e+02  Score=12.25  Aligned_cols=5  Identities=40%  Similarity=0.627  Sum_probs=0.0  Template_Neff=3.400

Q STLIFE            1 STLIF    5 (6)
Q Consensus         1 stlif    5 (6)
                      |||+|
T Consensus         6 stlaF   10 (55)
T 6BSB_B            6 LTMAF   10 (55)
T ss_dssp             EEEEE
T ss_pred             eeeee


No 2
>4JOB_A Lysophosphatidic acid phosphatase type 6; hydrolase, Rossmann Fold, mitochondria; HET: TLA; 2.171A {Homo sapiens}
Probab=19.28  E-value=1.1e+02  Score=12.90  Aligned_cols=6  Identities=33%  Similarity=0.423  Sum_probs=0.0  Template_Neff=10.000

Q STLIFE            1 STLIFE    6 (6)
Q Consensus         1 stlife    6 (6)
                      |.++||
T Consensus       325 s~l~~E  330 (396)
T 4JOB_A          325 VDLTME  330 (396)
T ss_dssp             CEEEEE
T ss_pred             ceEEEE


No 3
>4JOD_A Lysophosphatidic acid phosphatase type 6; hydrolase, Rossmann Fold, mitochondria; 2.21A {Homo sapiens}
Probab=19.28  E-value=1.1e+02  Score=12.90  Aligned_cols=6  Identities=33%  Similarity=0.423  Sum_probs=0.0  Template_Neff=10.000

Q STLIFE            1 STLIFE    6 (6)
Q Consensus         1 stlife    6 (6)
                      |.++||
T Consensus       325 s~l~~E  330 (396)
T 4JOD_A          325 VDLTME  330 (396)
T ss_dssp             CEEEEE
T ss_pred             ceEEEE


No 4
>3IT3_A Acid phosphatase (E.C.3.1.3.2); Histidine Acid Phosphatase, HAP, Hydrolase; HET: 3AM; 1.5A {Francisella tularensis subsp. holarctica}
Probab=19.11  E-value=1.1e+02  Score=12.56  Aligned_cols=6  Identities=50%  Similarity=0.512  Sum_probs=0.0  Template_Neff=10.100

Q STLIFE            1 STLIFE    6 (6)
Q Consensus         1 stlife    6 (6)
                      |.++||
T Consensus       283 s~l~~E  288 (342)
T 3IT3_A          283 SNLEME  288 (342)
T ss_dssp             CEEEEE
T ss_pred             eEEEEE


No 5
>1DKP_A HISTIDINE ACID PHOSPHATASE FOLD, HYDROLASE; HET: IHP; 2.28A {Escherichia coli} SCOP: c.60.1.2
Probab=18.56  E-value=1.2e+02  Score=13.16  Aligned_cols=6  Identities=50%  Similarity=0.999  Sum_probs=0.0  Template_Neff=9.500

Q STLIFE            1 STLIFE    6 (6)
Q Consensus         1 stlife    6 (6)
                      |.++||
T Consensus       331 s~lv~E  336 (410)
T 1DKP_A          331 GELVFE  336 (410)
T ss_dssp             CEEEEE
T ss_pred             cEEEEE


No 6
>4ARV_B PHYTASE (E.C.3.1.3.26); HYDROLASE, 6-PHYTASE, MYO-INOSITOL HEXAKIS PHOSPHATE; HET: TOE, PO4, P15, EDO; 1.67A {YERSINIA KRISTENSENII}
Probab=17.74  E-value=1.2e+02  Score=13.36  Aligned_cols=6  Identities=50%  Similarity=0.944  Sum_probs=0.0  Template_Neff=9.200

Q STLIFE            1 STLIFE    6 (6)
Q Consensus         1 stlife    6 (6)
                      |+++||
T Consensus       361 S~li~E  366 (441)
T 4ARV_B          361 GGLVFE  366 (441)
T ss_dssp             CEEEEE
T ss_pred             cEEEEE


No 7
>1CVI_B PROSTATIC ACID PHOSPHATASE (E.C.3.1.3.2); ACID PHOSPHATASE, INHIBITION, HYDROLASE; HET: MAN, FUC, BMA, GLY, NAG; 3.2A {Homo sapiens} SCOP: c.60.1.2
Probab=17.51  E-value=1.3e+02  Score=12.34  Aligned_cols=6  Identities=33%  Similarity=0.224  Sum_probs=0.0  Template_Neff=10.200

Q STLIFE            1 STLIFE    6 (6)
Q Consensus         1 stlife    6 (6)
                      |.++||
T Consensus       280 s~l~~E  285 (342)
T 1CVI_B          280 SCHLTE  285 (342)
T ss_dssp             CEEEEE
T ss_pred             eEEEEE


No 8
>2NUD_C Avirulence B protein, RPM1-interacting protein; AvrB RIN4 high-affinity crystal structure; HET: TRS, ETF; 2.3A {Pseudomonas syringae pv. glycinea}
Probab=17.11  E-value=1.3e+02  Score=10.34  Aligned_cols=5  Identities=60%  Similarity=0.833  Sum_probs=0.0  Template_Neff=5.400

Q STLIFE            2 TLIFE    6 (6)
Q Consensus         2 tlife    6 (6)
                      |.+|+
T Consensus        25 T~~F~   29 (35)
T 2NUD_C           25 THIFN   29 (35)
T ss_dssp             CEEEE
T ss_pred             chHHH


No 9
>5U9A_A Aryl hydrocarbon receptor-interacting protein-like 1; AIPL1, FKBP, chaperone, PDE6, photoreceptor; 2.7A {Homo sapiens}
Probab=16.07  E-value=1.4e+02  Score=11.46  Aligned_cols=6  Identities=33%  Similarity=0.694  Sum_probs=0.0  Template_Neff=9.100

Q STLIFE            1 STLIFE    6 (6)
Q Consensus         1 stlife    6 (6)
                      ++|+||
T Consensus       153 ~~L~Fe  158 (169)
T 5U9A_A          153 QPLVFV  158 (169)
T ss_dssp             CCEEEE
T ss_pred             CCeEEE


No 10
>5U9J_B Aryl hydrocarbon receptor-interacting protein-like 1; AIPL1, FKBP, chaperone, PDE6, photoreceptor; HET: GER, IPA; 2.1A {Homo sapiens}
Probab=16.07  E-value=1.4e+02  Score=11.46  Aligned_cols=6  Identities=33%  Similarity=0.694  Sum_probs=0.0  Template_Neff=9.100

Q STLIFE            1 STLIFE    6 (6)
Q Consensus         1 stlife    6 (6)
                      ++|+||
T Consensus       153 ~~L~Fe  158 (169)
T 5U9J_B          153 QPLVFV  158 (169)
T ss_dssp             CCEEEE
T ss_pred             CCeEEE


