Query         LLYYTE
Match_columns 6
No_of_seqs    1 out of 1
Neff          1
Searched_HMMs 90378
Date          Mon Dec 20 19:29:46 2021
Command       /media/stefano/DISCO1/FOLDEN/hh-suite/build/bin/hhsearch -i /media/stefano/DISCO1/FOLDEN/trRosetta2/example/LLYYTE/protein.hhm -d /media/stefano/DISCO1/FOLDEN/trRosettaX/pdb70/pdb70 -o /media/stefano/DISCO1/FOLDEN/trRosetta2/example/LLYYTE/protein.out -cpu 32 

 No Hit                             Prob E-value P-value  Score    SS Cols Query HMM  Template HMM
  1 6XYE_F Fusion glycoprotein F0;   6.5 5.1E+02  0.0056   13.5   0.0    5    2-6      96-100 (438)
  2 5WNW_C Spheroplast protein Y,    6.5 5.1E+02  0.0057    9.0   0.0    3    4-6       5-7   (40)
  3 3MAW_B Fusion glycoprotein F0;   6.4 5.2E+02  0.0057   13.6   0.0    5    2-6     181-185 (483)
  4 1ZTM_C Fusion glycoprotein; fu   6.2 5.5E+02  0.0061   13.6   0.0    5    2-6     187-191 (490)
  5 7SDE_A SMC5/6, Nse5/6, Nse5, N   6.1 5.5E+02  0.0061   13.2   0.0    6    1-6      47-52  (555)
  6 3OGF_B de novo designed dimeri   6.1 5.5E+02  0.0061    9.7   0.0    6    1-6       9-14  (90)
  7 5XTI_AG NADH dehydrogenase [ub   6.1 5.6E+02  0.0062    9.4   0.0    6    1-6      31-36  (51)
  8 3D8K_C Protein phosphatase 2C    6.0 5.6E+02  0.0062   11.5   0.0    4    1-4     366-369 (377)
  9 2B9B_B Parainfluenza Virus 5 F   5.9 5.7E+02  0.0063   13.7   0.0    5    2-6     177-181 (497)
 10 1A27_A 17-BETA-HYDROXYSTEROID-   5.9 5.8E+02  0.0064    9.7   0.0    6    1-6     273-278 (289)

No 1
>6XYE_F Fusion glycoprotein F0; fusion protein, prefusion state, VIRAL; 4.3A {Canine morbillivirus}
Probab=6.50  E-value=5.1e+02  Score=13.49  Aligned_cols=5  Identities=80%  Similarity=1.298  Sum_probs=0.0  Template_Neff=4.900

Q LLYYTE            2 LYYTE    6 (6)
Q Consensus         2 lyyte    6 (6)
                      +||+|
T Consensus        96 ~YltE  100 (438)
T 6XYE_F           96 RYYTE  100 (438)
T ss_dssp             HHHHH
T ss_pred             HHHHH


No 2
>5WNW_C Spheroplast protein Y, Colicin-E7 immunity; Chaperone; HET: ZN, IMD; 1.79A {Escherichia coli}
Probab=6.49  E-value=5.1e+02  Score=8.98  Aligned_cols=3  Identities=100%  Similarity=1.542  Sum_probs=0.0  Template_Neff=5.700

Q LLYYTE            4 YTE    6 (6)
Q Consensus         4 yte    6 (6)
                      |||
T Consensus         5 YTE    7 (40)
T 5WNW_C            5 YTE    7 (40)
T ss_pred             cCH


No 3
>3MAW_B Fusion glycoprotein F0; Fusion protein, class I, paramyxovirus; HET: NDG, NAG; 3.5A {Newcastle disease virus}
Probab=6.43  E-value=5.2e+02  Score=13.64  Aligned_cols=5  Identities=80%  Similarity=1.192  Sum_probs=0.0  Template_Neff=4.900

Q LLYYTE            2 LYYTE    6 (6)
Q Consensus         2 lyyte    6 (6)
                      +||+|
T Consensus       181 ~YltE  185 (483)
T 3MAW_B          181 LYLTE  185 (483)
T ss_dssp             HHHHH
T ss_pred             HHHHH


No 4
>1ZTM_C Fusion glycoprotein; fusion protein, 6-helix bundle,trimer, post-fusion; HET: NAG; 3.05A {Human parainfluenza virus 3}
Probab=6.15  E-value=5.5e+02  Score=13.63  Aligned_cols=5  Identities=40%  Similarity=0.607  Sum_probs=0.0  Template_Neff=4.800

Q LLYYTE            2 LYYTE    6 (6)
Q Consensus         2 lyyte    6 (6)
                      +||+|
T Consensus       187 ~YltE  191 (490)
T 1ZTM_C          187 QHYSE  191 (490)
T ss_dssp             HHHHH
T ss_pred             HHHHH


No 5
>7SDE_A SMC5/6, Nse5/6, Nse5, Nse6, complex; 3.2A {Saccharomyces cerevisiae (strain ATCC 204508 / S288c)}
Probab=6.12  E-value=5.5e+02  Score=13.17  Aligned_cols=6  Identities=33%  Similarity=0.733  Sum_probs=0.0  Template_Neff=6.400

Q LLYYTE            1 LLYYTE    6 (6)
Q Consensus         1 llyyte    6 (6)
                      ||||.|
T Consensus        47 lL~~lE   52 (555)
T 7SDE_A           47 VLLFLE   52 (555)
T ss_dssp             HHHHHH
T ss_pred             HHHHHH


No 6
>3OGF_B de novo designed dimeric trefoil-fold; beta-trefoil, DE NOVO PROTEIN; HET: SO4; 2.864A {synthetic construct}
Probab=6.10  E-value=5.5e+02  Score=9.72  Aligned_cols=6  Identities=67%  Similarity=0.562  Sum_probs=0.0  Template_Neff=7.100

Q LLYYTE            1 LLYYTE    6 (6)
Q Consensus         1 llyyte    6 (6)
                      |+||..
T Consensus         9 ~~~~~~   14 (90)
T 3OGF_B            9 LLKSTE   14 (90)
T ss_dssp             EEEETT
T ss_pred             EEEEcc


No 7
>5XTI_AG NADH dehydrogenase [ubiquinone] flavoprotein 1; Homo sapiens, Oxidoreductase, Respiratory, OXIDOREDUCTASE-ELECTRON; HET: FES, SF4, CDL, NDP, PLX, HEC, FMN, PEE, HEA, 8Q1, HEM; 17.4A {Homo sapiens}
Probab=6.06  E-value=5.6e+02  Score=9.39  Aligned_cols=6  Identities=33%  Similarity=0.717  Sum_probs=0.0  Template_Neff=5.500

Q LLYYTE            1 LLYYTE    6 (6)
Q Consensus         1 llyyte    6 (6)
                      ++|+++
T Consensus        31 ~~~f~~   36 (51)
T 5XTI_AG          31 LVWATD   36 (51)
T ss_pred             HHHhcc


No 8
>3D8K_C Protein phosphatase 2C (E.C.3.60.40.10); 9110a1, NYSGRC, PSI-II, Phosphatase, Toxoplasma; HET: SO4; 2.71A {Toxoplasma gondii}
Probab=6.02  E-value=5.6e+02  Score=11.53  Aligned_cols=4  Identities=100%  Similarity=1.962  Sum_probs=0.0  Template_Neff=8.500

Q LLYYTE            1 LLYY    4 (6)
Q Consensus         1 llyy    4 (6)
                      +|||
T Consensus       366 ~~~~  369 (377)
T 3D8K_C          366 LLYY  369 (377)
T ss_dssp             ----
T ss_pred             Hhee


No 9
>2B9B_B Parainfluenza Virus 5 F Protein; fusion protein, pre-fusion conformation, VIRAL; HET: NAG; 2.85A {Simian virus 5}
Probab=5.93  E-value=5.7e+02  Score=13.66  Aligned_cols=5  Identities=80%  Similarity=1.192  Sum_probs=0.0  Template_Neff=4.600

Q LLYYTE            2 LYYTE    6 (6)
Q Consensus         2 lyyte    6 (6)
                      +||+|
T Consensus       177 ~YltE  181 (497)
T 2B9B_B          177 LYLTE  181 (497)
T ss_dssp             HHHHH
T ss_pred             HHHHH


No 10
>1A27_A 17-BETA-HYDROXYSTEROID-DEHYDROGENASE, ESTRADIOL, NADP NICOTINAMIDE-ADENINE-DINUCLEOTIDE PHOSPHATE; DEHYDROGENASE, 17-BETA-HYDROXYSTEROID, MUTANT, ESTRADIOL, NADP; HET: EST, NAP; 1.9A {Homo sapiens} SCOP: c.2.1.2
Probab=5.89  E-value=5.8e+02  Score=9.73  Aligned_cols=6  Identities=33%  Similarity=0.229  Sum_probs=0.0  Template_Neff=11.300

Q LLYYTE            1 LLYYTE    6 (6)
Q Consensus         1 llyyte    6 (6)
                      ++||++
T Consensus       273 ~~~~~~  278 (289)
T 1A27_A          273 SNYVTA  278 (289)
T ss_dssp             HHHHHH
T ss_pred             hHHHHH


