Query         GYYQNY
Match_columns 6
No_of_seqs    1 out of 1
Neff          1
Searched_HMMs 90378
Date          Mon Dec 20 05:56:44 2021
Command       /media/stefano/DISCO1/FOLDEN/hh-suite/build/bin/hhsearch -i /media/stefano/DISCO1/FOLDEN/trRosetta2/example/GYYQNY/protein.hhm -d /media/stefano/DISCO1/FOLDEN/trRosettaX/pdb70/pdb70 -o /media/stefano/DISCO1/FOLDEN/trRosetta2/example/GYYQNY/protein.out -cpu 32 

 No Hit                             Prob E-value P-value  Score    SS Cols Query HMM  Template HMM
  1 6WT5_C Bacterial STING; CBASS,  59.6       8 8.9E-05   16.8   0.0    6    1-6      17-22  (165)
  2 6WT5_D Bacterial STING; CBASS,  59.3     8.2 9.1E-05   16.8   0.0    6    1-6      17-22  (165)
  3 7EBD_A second messenger, compl  59.3     8.2 9.1E-05   16.8   0.0    6    1-6      13-18  (161)
  4 7EBL_A second messenger, compl  59.0     8.4 9.3E-05   16.9   0.0    6    1-6      18-23  (167)
  5 7EBL_B second messenger, compl  59.0     8.4 9.3E-05   16.9   0.0    6    1-6      18-23  (167)
  6 6SPB_H 50S ribosomal protein L  57.6     9.2  0.0001   14.2   0.0    6    1-6      23-28  (78)
  7 6SPG_H 30S ribosomal protein S  57.6     9.2  0.0001   14.2   0.0    6    1-6      23-28  (78)
  8 6Q95_G 30S ribosomal protein S  55.8      10 0.00011   14.0   0.0    6    1-6      24-29  (60)
  9 7K00_h ribosome; antibiotics,   47.0      18  0.0002   14.3   0.0    6    1-6      24-29  (149)
 10 2HBA_A L9, ribosomal protein,   46.0      19 0.00021   13.0   0.0    6    1-6      24-29  (52)
 11 4V1J_A FIMBRIAL PROTEIN; CELL   45.9      19 0.00021   13.7   0.0    6    1-6       1-6   (142)
 12 5J8A_DH 30S ribosomal protein   45.6      19 0.00021   14.3   0.0    6    1-6      24-29  (149)
 13 5LZF_H 30S ribosomal protein S  45.6      19 0.00021   14.3   0.0    6    1-6      24-29  (149)
 14 6GZQ_H1 50S ribosomal protein   45.2      20 0.00022   12.9   0.0    6    1-6      24-29  (50)
 15 2HBB_A Crystal Structure of N-  45.1      20 0.00022   12.8   0.0    6    1-6      24-29  (51)
 16 7JIL_G Unknown protein fragmen  44.2      21 0.00023   14.1   0.0    6    1-6      24-29  (146)
 17 4V4G_FI Ribosome; 30S RIBOSOMA  43.4      22 0.00024   12.8   0.0    6    1-6      23-28  (52)
 18 6SPD_H 50S ribosomal protein L  43.3      22 0.00025   14.0   0.0    6    1-6      23-28  (147)
 19 4WZD_69 30S ribosomal protein   43.2      22 0.00025   14.0   0.0    6    1-6      24-29  (148)
 20 4Y4O_2I 50S Ribosomal Protein   43.2      22 0.00025   14.0   0.0    6    1-6      24-29  (148)
 21 4V49_BF Ribosome; 30S RIBOSOMA  41.3      25 0.00027   12.8   0.0    6    1-6      23-28  (52)
 22 1NWX_F COMPLEX OF THE LARGE RI  40.1      27  0.0003   13.7   0.0    6    1-6      23-28  (146)
 23 4V4J_G 70S Ribosome; 70S ribos  39.9      27  0.0003   13.7   0.0    6    1-6      24-29  (148)
 24 6V39_H Ribosome; Ribosome, Aci  39.2      28 0.00031   13.7   0.0    6    1-6      24-29  (148)
 25 7M4Y_H ribosome; Acinetobacter  39.2      28 0.00031   13.7   0.0    6    1-6      24-29  (148)
 26 5O61_H 50S ribosomal protein b  38.7      29 0.00032   13.9   0.0    6    1-6      24-29  (151)
 27 6LKN_C Potassium-transporting   38.3      30 0.00033   16.0   0.0    6    1-6     126-131 (361)
 28 1DIV_A RIBOSOMAL PROTEIN L9; R  38.0      30 0.00034   13.7   0.0    6    1-6      24-29  (149)
 29 1NKW_F large ribosomal subunit  37.6      31 0.00034   13.5   0.0    6    1-6      23-28  (146)
 30 5O60_H 50S ribosomal protein b  36.7      33 0.00036   13.6   0.0    6    1-6      24-29  (151)
 31 5XYM_H 50S ribosomal protein L  36.7      33 0.00036   13.6   0.0    6    1-6      24-29  (151)
 32 4V9P_EH PROTEIN/RNA Complex; P  35.6      35 0.00039   12.3   0.0    6    1-6      24-29  (50)
 33 6GC4_H 50S ribosomal protein L  35.6      35 0.00039   12.3   0.0    6    1-6      24-29  (50)
 34 6K7L_C Phospholipid-transporti  34.9      37  0.0004   15.8   0.0    6    1-6     126-131 (361)
 35 6ERI_AH 50S ribosomal protein   32.2      43 0.00048   12.0   0.0    6    1-6      30-35  (46)
 36 5X8T_H 50S ribosomal protein L  32.2      43 0.00048   13.5   0.0    6    1-6      31-36  (155)
 37 1ZGX_A Guanyl-specific ribonuc  30.9      47 0.00052   13.1   0.0    6    1-6      50-55  (63)
 38 6LCR_B Phospholipid-transporti  30.0      50 0.00055   15.8   0.0    6    1-6     161-166 (407)
 39 6PSX_E eukaryotic lipid flippa  29.7      51 0.00056   15.7   0.0    6    1-6     145-150 (391)
 40 4V61_BJ Ribosome; SMALL RIBOSO  28.2      56 0.00062   14.0   0.0    6    1-6      73-78  (197)
 41 6NU2_H 39S ribosomal protein L  26.4      63  0.0007   13.2   0.0    6    1-6      65-70  (95)
 42 5MMI_H 50S ribosomal protein L  25.8      66 0.00073   13.8   0.0    6    1-6      72-77  (196)
 43 6ROH_C Probable phospholipid-t  23.8      76 0.00084   15.3   0.0    6    1-6     145-150 (413)
 44 6Z1P_Al Ribosomal protein L2,   23.4      79 0.00087   14.1   0.0    6    1-6      39-44  (223)

No 1
>6WT5_C Bacterial STING; CBASS, cyclic dinucleotide receptor, CD-NTase; HET: MSE; 2.8A {Capnocytophaga granulosa}
Probab=59.63  E-value=8  Score=16.84  Aligned_cols=6  Identities=50%  Similarity=1.270  Sum_probs=4.5  Template_Neff=5.500

Q GYYQNY            1 GYYQNY    6 (6)
Q Consensus         1 gyyqny    6 (6)
                      |||.|+
T Consensus        17 gYfeNF   22 (165)
T 6WT5_C           17 VYYENF   22 (165)
T ss_dssp             HHCCCC
T ss_pred             HHHHHh
Confidence            688875


No 2
>6WT5_D Bacterial STING; CBASS, cyclic dinucleotide receptor, CD-NTase; HET: MSE; 2.8A {Capnocytophaga granulosa}
Probab=59.30  E-value=8.2  Score=16.81  Aligned_cols=6  Identities=50%  Similarity=1.270  Sum_probs=4.5  Template_Neff=5.500

Q GYYQNY            1 GYYQNY    6 (6)
Q Consensus         1 gyyqny    6 (6)
                      |||.|+
T Consensus        17 gYfeNF   22 (165)
T 6WT5_D           17 VYYENF   22 (165)
T ss_dssp             HHCCCC
T ss_pred             HHHHHc
Confidence            688875


No 3
>7EBD_A second messenger, complex, cyclic dinucleotide; HET: C2E, MSE; 2.25A {Prevotella corporis}
Probab=59.28  E-value=8.2  Score=16.76  Aligned_cols=6  Identities=17%  Similarity=1.137  Sum_probs=4.5  Template_Neff=5.500

Q GYYQNY            1 GYYQNY    6 (6)
Q Consensus         1 gyyqny    6 (6)
                      |||.|+
T Consensus        13 gYfeNF   18 (161)
T 7EBD_A           13 SYFEGF   18 (161)
T ss_dssp             HHCCCC
T ss_pred             HHhhhH
Confidence            688875


No 4
>7EBL_A second messenger, complex, cyclic dinucleotide; HET: C2E; 2.17A {Myroides sp. ZB35}
Probab=59.03  E-value=8.4  Score=16.87  Aligned_cols=6  Identities=50%  Similarity=1.387  Sum_probs=4.5  Template_Neff=5.400

Q GYYQNY            1 GYYQNY    6 (6)
Q Consensus         1 gyyqny    6 (6)
                      |||.|+
T Consensus        18 gYfeNF   23 (167)
T 7EBL_A           18 GYFENL   23 (167)
T ss_dssp             HHCCCC
T ss_pred             HHHHHH
Confidence            688875


No 5
>7EBL_B second messenger, complex, cyclic dinucleotide; HET: C2E; 2.17A {Myroides sp. ZB35}
Probab=59.03  E-value=8.4  Score=16.87  Aligned_cols=6  Identities=50%  Similarity=1.387  Sum_probs=4.5  Template_Neff=5.400

Q GYYQNY            1 GYYQNY    6 (6)
Q Consensus         1 gyyqny    6 (6)
                      |||.|+
T Consensus        18 gYfeNF   23 (167)
T 7EBL_B           18 GYFENL   23 (167)
T ss_dssp             HHCCCC
T ss_pred             HHHHHH
Confidence            688875


No 6
>6SPB_H 50S ribosomal protein L2, 50S; Ribosome, Pseudomonas aeruginosa, mutation; 2.82A {Pseudomonas aeruginosa}
Probab=57.62  E-value=9.2  Score=14.20  Aligned_cols=6  Identities=50%  Similarity=1.254  Sum_probs=3.6  Template_Neff=7.000

Q GYYQNY            1 GYYQNY    6 (6)
Q Consensus         1 gyyqny    6 (6)
                      ||..||
T Consensus        23 gyarN~   28 (78)
T 6SPB_H           23 GYARNF   28 (78)
T ss_dssp             HHCCCC
T ss_pred             chhHhe
Confidence            566665


No 7
>6SPG_H 30S ribosomal protein S2, 30S; Ribosome, Pseudomonas aeruginosa; HET: MG; 3.34A {Pseudomonas aeruginosa}
Probab=57.62  E-value=9.2  Score=14.20  Aligned_cols=6  Identities=50%  Similarity=1.254  Sum_probs=3.6  Template_Neff=7.000

Q GYYQNY            1 GYYQNY    6 (6)
Q Consensus         1 gyyqny    6 (6)
                      ||..||
T Consensus        23 gyarN~   28 (78)
T 6SPG_H           23 GYARNF   28 (78)
T ss_pred             chhHhe
Confidence            566665


No 8
>6Q95_G 30S ribosomal protein S2, 30S; tmRNA SmpB trans-translation translation, RIBOSOME; HET: MG, 5MU; 3.7A {Thermus thermophilus (strain HB8 / ATCC 27634 / DSM 579)}
Probab=55.80  E-value=10  Score=14.02  Aligned_cols=6  Identities=67%  Similarity=1.403  Sum_probs=3.6  Template_Neff=6.000

Q GYYQNY            1 GYYQNY    6 (6)
Q Consensus         1 gyyqny    6 (6)
                      ||..||
T Consensus        24 GyarN~   29 (60)
T 6Q95_G           24 GYARNY   29 (60)
T ss_pred             cccHHh
Confidence            566664


No 9
>7K00_h ribosome; antibiotics, post-translational modifications, post-transcriptional modifications; HET: MEQ, SPD, SPM, OMG, OMU, PSU, 5MC, H2U, 4OC, 2MG, G7M, 1MG, MA6, 6MZ, 4D4, 2MA, MG, 5MU, 3TD, PAR, OMC, D2T, UR3; 1.98A {Escherichia coli}
Probab=46.98  E-value=18  Score=14.26  Aligned_cols=6  Identities=50%  Similarity=1.254  Sum_probs=3.6  Template_Neff=8.000

Q GYYQNY            1 GYYQNY    6 (6)
Q Consensus         1 gyyqny    6 (6)
                      ||..||
T Consensus        24 GyarN~   29 (149)
T 7K00_h           24 GYARNF   29 (149)
T ss_pred             hhHHHh
Confidence            566664


No 10
>2HBA_A L9, ribosomal protein, NTL9, K12M; HET: CL; 1.25A {Geobacillus stearothermophilus} SCOP: d.100.1.1
Probab=46.04  E-value=19  Score=13.03  Aligned_cols=6  Identities=50%  Similarity=1.209  Sum_probs=3.3  Template_Neff=6.000

Q GYYQNY            1 GYYQNY    6 (6)
Q Consensus         1 gyyqny    6 (6)
                      ||..||
T Consensus        24 G~arN~   29 (52)
T 2HBA_A           24 GYANNF   29 (52)
T ss_dssp             HHCCCC
T ss_pred             cchHhh
Confidence            566554


No 11
>4V1J_A FIMBRIAL PROTEIN; CELL ADHESION, TYPE IV PILLUS; HET: EDO; 1.43A {NEISSERIA MENINGITIDIS MC58}
Probab=45.86  E-value=19  Score=13.74  Aligned_cols=6  Identities=50%  Similarity=0.888  Sum_probs=3.6  Template_Neff=8.600

Q GYYQNY            1 GYYQNY    6 (6)
Q Consensus         1 gyyqny    6 (6)
                      |-||+|
T Consensus         1 ~aYqdY    6 (142)
T 4V1J_A            1 GPMQDY    6 (142)
T ss_dssp             CHHHHH
T ss_pred             CCcchH
Confidence            446765


No 12
>5J8A_DH 30S ribosomal protein S2, 30S; ribosome, resistance, negamycin, tigecycline, tetracycline; HET: 2MA, MEQ, GUN, ACY, 5MC, 4OC, 4D4, PUT, D2T, MPD, OMC, 6MZ, OMG, PSU, T1C, SPD, MG, PG4, EDO, 3TD, MA6, H2U, PGE, OMU, 7MG, 2MG, 1MG, 1PE, PEG, UR3, 5MU; 3.1A {Escherichia coli (strain K12)}
Probab=45.60  E-value=19  Score=14.27  Aligned_cols=6  Identities=50%  Similarity=1.254  Sum_probs=3.6  Template_Neff=7.800

Q GYYQNY            1 GYYQNY    6 (6)
Q Consensus         1 gyyqny    6 (6)
                      ||..||
T Consensus        24 G~arN~   29 (149)
T 5J8A_DH          24 GYARNF   29 (149)
T ss_pred             hhHHHh
Confidence            566664


No 13
>5LZF_H 30S ribosomal protein S2, 30S; translation, decoding, recoding, selenocysteine, ribosome; HET: OMU, 2MG, OMC, 1MG, 6MZ, PSU, OMG, 3TD, 4SU, 2MA, 5MC, 4OC, 6IA, G7M, MA6, H2U, UR3, 5MU; 4.6A {Escherichia coli}
Probab=45.60  E-value=19  Score=14.27  Aligned_cols=6  Identities=50%  Similarity=1.254  Sum_probs=3.6  Template_Neff=7.800

Q GYYQNY            1 GYYQNY    6 (6)
Q Consensus         1 gyyqny    6 (6)
                      ||..||
T Consensus        24 G~arN~   29 (149)
T 5LZF_H           24 GYARNF   29 (149)
T ss_pred             hhHHHh
Confidence            566664


No 14
>6GZQ_H1 50S ribosomal protein L2, 50S; Ribosome, hibernation, 100S dimer, cryo-EM; 3.28A {Thermus thermophilus (strain HB8 / ATCC 27634 / DSM 579)}
Probab=45.19  E-value=20  Score=12.93  Aligned_cols=6  Identities=67%  Similarity=1.403  Sum_probs=3.3  Template_Neff=5.900

Q GYYQNY            1 GYYQNY    6 (6)
Q Consensus         1 gyyqny    6 (6)
                      ||..||
T Consensus        24 g~arN~   29 (50)
T 6GZQ_H1          24 GYARNY   29 (50)
T ss_pred             cccHHh
Confidence            455554


No 15
>2HBB_A Crystal Structure of N-terminal Domain; L9, ribosomal protein, NTL9, RNA; 1.9A {Geobacillus stearothermophilus} SCOP: d.100.1.1
Probab=45.15  E-value=20  Score=12.82  Aligned_cols=6  Identities=50%  Similarity=1.209  Sum_probs=3.2  Template_Neff=6.200

Q GYYQNY            1 GYYQNY    6 (6)
Q Consensus         1 gyyqny    6 (6)
                      ||..||
T Consensus        24 GyarN~   29 (51)
T 2HBB_A           24 GYANNF   29 (51)
T ss_dssp             HHCCCC
T ss_pred             cchHhh
Confidence            455554


No 16
>7JIL_G Unknown protein fragment, Uncharacterized protein; Translation Initiation, Protein synthesis, bS21; HET: MG; 2.8A {Flavobacterium johnsoniae}
Probab=44.18  E-value=21  Score=14.13  Aligned_cols=6  Identities=50%  Similarity=1.154  Sum_probs=3.5  Template_Neff=7.800

Q GYYQNY            1 GYYQNY    6 (6)
Q Consensus         1 gyyqny    6 (6)
                      ||..||
T Consensus        24 GyaRN~   29 (146)
T 7JIL_G           24 GYGRNF   29 (146)
T ss_pred             ccchHh
Confidence            566664


No 17
>4V4G_FI Ribosome; 30S RIBOSOMAL SUBUNIT, PROTEIN-RNA COMPLEX; HET: MSE; 11.5A {Escherichia coli}
Probab=43.37  E-value=22  Score=12.85  Aligned_cols=6  Identities=50%  Similarity=1.198  Sum_probs=3.3  Template_Neff=6.000

Q GYYQNY            1 GYYQNY    6 (6)
Q Consensus         1 gyyqny    6 (6)
                      ||..||
T Consensus        23 G~arN~   28 (52)
T 4V4G_FI          23 GYARNW   28 (52)
T ss_pred             ccchhh
Confidence            455554


No 18
>6SPD_H 50S ribosomal protein L2, 50S; Ribosome, Pseudomonas aeruginosa; 3.28A {Pseudomonas aeruginosa}
Probab=43.27  E-value=22  Score=13.97  Aligned_cols=6  Identities=50%  Similarity=1.254  Sum_probs=3.5  Template_Neff=8.000

Q GYYQNY            1 GYYQNY    6 (6)
Q Consensus         1 gyyqny    6 (6)
                      ||..||
T Consensus        23 GyaRN~   28 (147)
T 6SPD_H           23 GYARNF   28 (147)
T ss_dssp             HHCCCC
T ss_pred             hhHHHh
Confidence            566664


No 19
>4WZD_69 30S ribosomal protein S2, 30S; ribosome, translation, mismatch; HET: OMG, PSU, 4SU, MG, MIA, QUO, 5MU; 3.1A {Thermus thermophilus HB8}
Probab=43.17  E-value=22  Score=14.03  Aligned_cols=6  Identities=67%  Similarity=1.403  Sum_probs=3.5  Template_Neff=7.900

Q GYYQNY            1 GYYQNY    6 (6)
Q Consensus         1 gyyqny    6 (6)
                      ||..||
T Consensus        24 G~arN~   29 (148)
T 4WZD_69          24 GYARNY   29 (148)
T ss_pred             cchhHh
Confidence            566664


No 20
>4Y4O_2I 50S Ribosomal Protein L2, 50S; Ribosome, rRNA modofications, pseudouridine, rRNA; HET: 7MG, 2MG, SF4, MPD, 2MA, OMG, PSU, 0TD, 5MC, 4OC, 2MU, MG, ARG, MA6, ZN, UR3, M2G, 5MU; 2.3A {Thermus thermophilus HB8}
Probab=43.17  E-value=22  Score=14.03  Aligned_cols=6  Identities=67%  Similarity=1.403  Sum_probs=3.5  Template_Neff=7.900

Q GYYQNY            1 GYYQNY    6 (6)
Q Consensus         1 gyyqny    6 (6)
                      ||..||
T Consensus        24 G~arN~   29 (148)
T 4Y4O_2I          24 GYARNY   29 (148)
T ss_pred             cchhHh
Confidence            566664


No 21
>4V49_BF Ribosome; 30S RIBOSOMAL SUBUNIT, PROTEIN-RNA COMPLEX; 8.7A {Escherichia coli}
Probab=41.34  E-value=25  Score=12.76  Aligned_cols=6  Identities=50%  Similarity=1.198  Sum_probs=3.2  Template_Neff=5.900

Q GYYQNY            1 GYYQNY    6 (6)
Q Consensus         1 gyyqny    6 (6)
                      ||..||
T Consensus        23 G~arN~   28 (52)
T 4V49_BF          23 GYARNW   28 (52)
T ss_pred             ccchhh
Confidence            455554


No 22
>1NWX_F COMPLEX OF THE LARGE RIBOSOMAL; ABT-773, MACROLIDE, KETOLIDE, RIBOSOME, 50S; HET: 773; 3.5A {Deinococcus radiodurans} SCOP: i.1.1.2
Probab=40.07  E-value=27  Score=13.73  Aligned_cols=6  Identities=50%  Similarity=1.198  Sum_probs=3.4  Template_Neff=8.000

Q GYYQNY            1 GYYQNY    6 (6)
Q Consensus         1 gyyqny    6 (6)
                      ||..||
T Consensus        23 G~aRN~   28 (146)
T 1NWX_F           23 GYARNW   28 (146)
T ss_pred             chHHHh
Confidence            566554


No 23
>4V4J_G 70S Ribosome; 70S ribosome, Shine-Dalgarno, RIBOSOME; HET: 7MG, MA6, PSU, 5MC, 2MG, M2G; 3.83A {Thermus thermophilus}
Probab=39.87  E-value=27  Score=13.74  Aligned_cols=6  Identities=67%  Similarity=1.403  Sum_probs=3.3  Template_Neff=8.000

Q GYYQNY            1 GYYQNY    6 (6)
Q Consensus         1 gyyqny    6 (6)
                      ||..||
T Consensus        24 G~arN~   29 (148)
T 4V4J_G           24 GYARNY   29 (148)
T ss_pred             cchhhh
Confidence            566554


No 24
>6V39_H Ribosome; Ribosome, Acinetobacter baumannii; HET: OMU, 7MG, 2MG, 2MA, 6MZ, OMG, PSU, 3TD, 4SU, 5MC, 4OC, FME, MG, MA6, H2U, UR3, 5MU;{Acinetobacter sp. CIP 51.11}
Probab=39.18  E-value=28  Score=13.69  Aligned_cols=6  Identities=50%  Similarity=1.154  Sum_probs=3.3  Template_Neff=8.000

Q GYYQNY            1 GYYQNY    6 (6)
Q Consensus         1 gyyqny    6 (6)
                      ||..||
T Consensus        24 GyarN~   29 (148)
T 6V39_H           24 GYGRNF   29 (148)
T ss_pred             ceehhe
Confidence            565554


No 25
>7M4Y_H ribosome; Acinetobacter baumannii, ribosome, eravacycline, antibiotic; HET: UR3, 7MG, 5MC, OMG, 6MZ, 4SU, PSU, 5MU, H2U, YQM, 2MG, OMU, MA6, MG, 2MA, 4OC, 3TD; 2.5A {Acinetobacter baumannii AB0057}
Probab=39.18  E-value=28  Score=13.69  Aligned_cols=6  Identities=50%  Similarity=1.154  Sum_probs=3.3  Template_Neff=8.000

Q GYYQNY            1 GYYQNY    6 (6)
Q Consensus         1 gyyqny    6 (6)
                      ||..||
T Consensus        24 GyarN~   29 (148)
T 7M4Y_H           24 GYGRNF   29 (148)
T ss_pred             ceehhe
Confidence            565554


No 26
>5O61_H 50S ribosomal protein bL37, 50S; ribosome, translation; HET: MG, PHE; 3.31A {Mycobacterium smegmatis str. MC2 155}
Probab=38.67  E-value=29  Score=13.86  Aligned_cols=6  Identities=67%  Similarity=1.304  Sum_probs=3.4  Template_Neff=7.700

Q GYYQNY            1 GYYQNY    6 (6)
Q Consensus         1 gyyqny    6 (6)
                      ||..||
T Consensus        24 GyarN~   29 (151)
T 5O61_H           24 GYGRNY   29 (151)
T ss_pred             cceehe
Confidence            566554


No 27
>6LKN_C Potassium-transporting ATPase alpha chain 1; P-type ATPase, flippase, apoptosis, phosphatidylserine; HET: BFD, P5S, AH2, NAG; 3.9A {Homo sapiens}
Probab=38.31  E-value=30  Score=16.04  Aligned_cols=6  Identities=50%  Similarity=0.977  Sum_probs=3.7  Template_Neff=6.900

Q GYYQNY            1 GYYQNY    6 (6)
Q Consensus         1 gyyqny    6 (6)
                      +||||.
T Consensus       126 nFYQNh  131 (361)
T 6LKN_C          126 NFYQNH  131 (361)
T ss_pred             CcchHH
Confidence            467773


No 28
>1DIV_A RIBOSOMAL PROTEIN L9; RIBOSOMAL PROTEIN, RRNA-BINDING; 2.6A {Geobacillus stearothermophilus} SCOP: d.99.1.1, d.100.1.1
Probab=37.98  E-value=30  Score=13.73  Aligned_cols=6  Identities=50%  Similarity=1.209  Sum_probs=3.3  Template_Neff=7.800

Q GYYQNY            1 GYYQNY    6 (6)
Q Consensus         1 gyyqny    6 (6)
                      ||..||
T Consensus        24 G~arN~   29 (149)
T 1DIV_A           24 GYANNF   29 (149)
T ss_dssp             THCCCC
T ss_pred             ccHHHh
Confidence            566554


No 29
>1NKW_F large ribosomal subunit 50S; Ribosome  large subunit ; 3.1A {Deinococcus radiodurans} SCOP: i.1.1.2
Probab=37.59  E-value=31  Score=13.50  Aligned_cols=6  Identities=50%  Similarity=1.198  Sum_probs=3.3  Template_Neff=8.100

Q GYYQNY            1 GYYQNY    6 (6)
Q Consensus         1 gyyqny    6 (6)
                      ||..||
T Consensus        23 G~arN~   28 (146)
T 1NKW_F           23 GYARNW   28 (146)
T ss_pred             chhHhh
Confidence            555554


No 30
>5O60_H 50S ribosomal protein bL37, 50S; ribosome, translation; HET: MG, PHE; 3.203A {Mycobacterium smegmatis str. MC2 155}
Probab=36.66  E-value=33  Score=13.61  Aligned_cols=6  Identities=67%  Similarity=1.304  Sum_probs=3.3  Template_Neff=7.900

Q GYYQNY            1 GYYQNY    6 (6)
Q Consensus         1 gyyqny    6 (6)
                      ||..||
T Consensus        24 GyaRN~   29 (151)
T 5O60_H           24 GYGRNY   29 (151)
T ss_pred             cchhHh
Confidence            555554


No 31
>5XYM_H 50S ribosomal protein L32, 50S; Mycobacterium smegmatis ribosome, rRNA, rprotein; HET: MG; 3.08A {Mycobacterium smegmatis (strain ATCC 700084 / mc(2)155)}
Probab=36.66  E-value=33  Score=13.61  Aligned_cols=6  Identities=67%  Similarity=1.304  Sum_probs=3.3  Template_Neff=7.900

Q GYYQNY            1 GYYQNY    6 (6)
Q Consensus         1 gyyqny    6 (6)
                      ||..||
T Consensus        24 GyaRN~   29 (151)
T 5XYM_H           24 GYGRNY   29 (151)
T ss_pred             cchhHh
Confidence            555554


No 32
>4V9P_EH PROTEIN/RNA Complex; Protein biosynthesis, ribosome, RNA, EF-G; HET: DPP, 5OH, KBE, MG, GCP, UAL; 2.9A {Escherichia coli}
Probab=35.59  E-value=35  Score=12.29  Aligned_cols=6  Identities=50%  Similarity=1.254  Sum_probs=3.0  Template_Neff=5.900

Q GYYQNY            1 GYYQNY    6 (6)
Q Consensus         1 gyyqny    6 (6)
                      ||..||
T Consensus        24 g~~rN~   29 (50)
T 4V9P_EH          24 GYARNF   29 (50)
T ss_pred             ceehHh
Confidence            455554


No 33
>6GC4_H 50S ribosomal protein L25, 50S; assembly precursor 48S 50S biogenesis; 4.3A {Escherichia coli K-12}
Probab=35.59  E-value=35  Score=12.29  Aligned_cols=6  Identities=50%  Similarity=1.254  Sum_probs=3.0  Template_Neff=5.900

Q GYYQNY            1 GYYQNY    6 (6)
Q Consensus         1 gyyqny    6 (6)
                      ||..||
T Consensus        24 g~~rN~   29 (50)
T 6GC4_H           24 GYARNF   29 (50)
T ss_pred             ceehHh
Confidence            455554


No 34
>6K7L_C Phospholipid-transporting ATPase (E.C.7.6.2.1), Cell cycle; flippase, MEMBRANE PROTEIN; HET: Y01, MAN, NAG;{Homo sapiens}
Probab=34.94  E-value=37  Score=15.77  Aligned_cols=6  Identities=50%  Similarity=0.977  Sum_probs=3.6  Template_Neff=6.900

Q GYYQNY            1 GYYQNY    6 (6)
Q Consensus         1 gyyqny    6 (6)
                      +||||.
T Consensus       126 nFYQNh  131 (361)
T 6K7L_C          126 NFYQNH  131 (361)
T ss_dssp             SCCTTC
T ss_pred             CcchhH
Confidence            467763


No 35
>6ERI_AH 50S ribosomal protein L2, chloroplastic; Chloroplast, translation, ribosome; HET: MG; 3.0A {Spinacia oleracea}
Probab=32.23  E-value=43  Score=11.98  Aligned_cols=6  Identities=33%  Similarity=1.226  Sum_probs=3.0  Template_Neff=5.700

Q GYYQNY            1 GYYQNY    6 (6)
Q Consensus         1 gyyqny    6 (6)
                      ||..||
T Consensus        30 g~arN~   35 (46)
T 6ERI_AH          30 GFLRNF   35 (46)
T ss_pred             ccHHHh
Confidence            455554


No 36
>5X8T_H 50S ribosomal protein L31,50S ribosomal; Cryo-EM, ribosome, chloroplast ribosome; 3.3A {Spinacia oleracea}
Probab=32.18  E-value=43  Score=13.49  Aligned_cols=6  Identities=33%  Similarity=1.226  Sum_probs=3.2  Template_Neff=7.600

Q GYYQNY            1 GYYQNY    6 (6)
Q Consensus         1 gyyqny    6 (6)
                      ||..||
T Consensus        31 GyaRN~   36 (155)
T 5X8T_H           31 GFLRNF   36 (155)
T ss_pred             chHHHh
Confidence            455554


No 37
>1ZGX_A Guanyl-specific ribonuclease Sa (E.C.3.1.27.3); mutant, HYDROLASE; HET: SO4; 1.13A {Streptomyces aureofaciens}
Probab=30.89  E-value=47  Score=13.07  Aligned_cols=6  Identities=67%  Similarity=1.780  Sum_probs=3.2  Template_Neff=4.500

Q GYYQNY            1 GYYQNY    6 (6)
Q Consensus         1 gyyqny    6 (6)
                      |||+.|
T Consensus        50 gyYrEy   55 (63)
T 1ZGX_A           50 GYYHEY   55 (63)
T ss_dssp             TSCEEE
T ss_pred             ceeEEe
Confidence            466543


No 38
>6LCR_B Phospholipid-transporting ATPase (E.C.7.6.2.1), Cdc50; P-type ATPase, lipid flippase, LIPID; HET: BMA, ACP, P5S, NAG;{Chaetomium thermophilum (strain DSM 1495 / CBS 144.50 / IMI 039719)}
Probab=29.96  E-value=50  Score=15.75  Aligned_cols=6  Identities=50%  Similarity=0.977  Sum_probs=3.6  Template_Neff=6.600

Q GYYQNY            1 GYYQNY    6 (6)
Q Consensus         1 gyyqny    6 (6)
                      +||||.
T Consensus       161 nFYQNh  166 (407)
T 6LCR_B          161 NFYQNH  166 (407)
T ss_dssp             TCCCCC
T ss_pred             Cchhhh
Confidence            467763


No 39
>6PSX_E eukaryotic lipid flippase Drs2-Cdc50 (E.C.; complex, phospholipid flippase, P-type ATPase; HET: NAG;{Saccharomyces cerevisiae W303}
Probab=29.74  E-value=51  Score=15.65  Aligned_cols=6  Identities=50%  Similarity=0.977  Sum_probs=3.6  Template_Neff=6.600

Q GYYQNY            1 GYYQNY    6 (6)
Q Consensus         1 gyyqny    6 (6)
                      +||||.
T Consensus       145 nFyQNh  150 (391)
T 6PSX_E          145 NFYQNH  150 (391)
T ss_dssp             SCCTTC
T ss_pred             Ccchhh
Confidence            467763


No 40
>4V61_BJ Ribosome; SMALL RIBOSOMAL SUBUNIT, SPINACH CHLOROPLAST; 9.4A {Spinacea oleracea}
Probab=28.23  E-value=56  Score=14.02  Aligned_cols=6  Identities=33%  Similarity=1.508  Sum_probs=3.2  Template_Neff=6.900

Q GYYQNY            1 GYYQNY    6 (6)
Q Consensus         1 gyyqny    6 (6)
                      ||..||
T Consensus        73 GyaRN~   78 (197)
T 4V61_BJ          73 GFFRNF   78 (197)
T ss_pred             cchhhc
Confidence            455554


No 41
>6NU2_H 39S ribosomal protein L2, mitochondrial; mitochondrial ribosome recycling Factor, mtRRF; HET: MG; 3.9A {Homo sapiens}
Probab=26.43  E-value=63  Score=13.16  Aligned_cols=6  Identities=17%  Similarity=-0.003  Sum_probs=3.0  Template_Neff=5.400

Q GYYQNY            1 GYYQNY    6 (6)
Q Consensus         1 gyyqny    6 (6)
                      ||..||
T Consensus        65 G~arN~   70 (95)
T 6NU2_H           65 SLGRNR   70 (95)
T ss_pred             cchhhh
Confidence            455554


No 42
>5MMI_H 50S ribosomal protein L31, 50S; chloroplast, translation, ribosome, cryo-EM; HET: MG; 3.25A {Spinacia oleracea}
Probab=25.81  E-value=66  Score=13.80  Aligned_cols=6  Identities=33%  Similarity=1.226  Sum_probs=3.1  Template_Neff=6.900

Q GYYQNY            1 GYYQNY    6 (6)
Q Consensus         1 gyyqny    6 (6)
                      ||..||
T Consensus        72 GyaRN~   77 (196)
T 5MMI_H           72 GFLRNF   77 (196)
T ss_pred             ccHHhc
Confidence            455554


No 43
>6ROH_C Probable phospholipid-transporting ATPase DRS2 (E.C.7.6.2.1); Lipid Flippase, Lipid Transport, P-type; HET: BMA, PSF, NAG, BFD; 2.8A {Saccharomyces cerevisiae (strain ATCC 204508 / S288c)}
Probab=23.85  E-value=76  Score=15.32  Aligned_cols=6  Identities=50%  Similarity=0.977  Sum_probs=3.5  Template_Neff=6.400

Q GYYQNY            1 GYYQNY    6 (6)
Q Consensus         1 gyyqny    6 (6)
                      +||||.
T Consensus       145 nFYQNh  150 (413)
T 6ROH_C          145 NFYQNH  150 (413)
T ss_pred             CccHHH
Confidence            367763


No 44
>6Z1P_Al Ribosomal protein L2, 50S ribosomal; Mitochondrial ribosome, ribosome, mitochondria, ciliate; HET: MG, ATP; 3.7A {Tetrahymena thermophila (strain SB210)}
Probab=23.41  E-value=79  Score=14.08  Aligned_cols=6  Identities=33%  Similarity=0.678  Sum_probs=3.3  Template_Neff=6.400

Q GYYQNY            1 GYYQNY    6 (6)
Q Consensus         1 gyyqny    6 (6)
                      ||..||
T Consensus        39 GyaRN~   44 (223)
T 6Z1P_Al          39 GYARQA   44 (223)
T ss_pred             ccchhc
Confidence            555554


