Query         NQNMNN
Match_columns 6
No_of_seqs    1 out of 1
Neff          1
Searched_HMMs 90378
Date          Tue Dec 21 03:31:25 2021
Command       /media/stefano/DISCO1/FOLDEN/hh-suite/build/bin/hhsearch -i /media/stefano/DISCO1/FOLDEN/trRosetta2/example/NQNMNN/protein.hhm -d /media/stefano/DISCO1/FOLDEN/trRosettaX/pdb70/pdb70 -o /media/stefano/DISCO1/FOLDEN/trRosetta2/example/NQNMNN/protein.out -cpu 32 

 No Hit                             Prob E-value P-value  Score    SS Cols Query HMM  Template HMM
  1 6AB6_C Capsid protein; Nodavir   6.2 5.4E+02   0.006   13.9   0.0    6    1-6       8-13  (368)
  2 7AOR_au mL94, mL89, Ribosomal    6.2 5.4E+02   0.006   10.9   0.0    3    2-4     240-242 (247)
  3 4GAK_A Acyl-ACP thioesterase;    6.0 5.6E+02  0.0062    9.8   0.0    6    1-6     174-179 (250)
  4 6JJC_C Capsid protein; Giant f   5.5 6.3E+02  0.0069   13.0   0.0    6    1-6       9-14  (371)
  5 5ZWM_s Pre-mRNA-splicing facto   5.5 6.3E+02   0.007   11.4   0.0    6    1-6     162-167 (187)
  6 5X04_A Dodecanoyl-[acyl-carrie   4.9 7.3E+02   0.008   10.0   0.0    6    1-6     194-199 (276)
  7 3G1C_A The TrpR like protein f   4.7 7.7E+02  0.0085    8.8   0.0    3    4-6       1-3   (104)
  8 5UNF_A Soluble cytochrome b562   4.7 7.8E+02  0.0086    9.8   0.0    6    1-6       4-9   (411)
  9 6NUC_C Serine/threonine-protei   4.7 7.8E+02  0.0086    9.6   0.0    5    2-6       3-7   (48)
 10 2JVU_A DISPERSIN; BETA SANDWIC   4.5 8.1E+02   0.009   11.1   0.0    5    1-5      73-77  (104)

No 1
>6AB6_C Capsid protein; Nodaviridae, shrimp nodavirus, VIRUS LIKE;{Penaeus vannamei nodavirus}
Probab=6.23  E-value=5.4e+02  Score=13.93  Aligned_cols=6  Identities=83%  Similarity=0.872  Sum_probs=0.0  Template_Neff=1.500

Q NQNMNN            1 NQNMNN    6 (6)
Q Consensus         1 nqnmnn    6 (6)
                      ||+.||
T Consensus         8 nq~~nn   13 (368)
T 6AB6_C            8 NQNNNN   13 (368)
T ss_dssp             ------
T ss_pred             CcCCCC


No 2
>7AOR_au mL94, mL89, Ribosomal protein L3-like; Ribosome, Mitochondria, Kinetoplastid; HET: GTP, UTP;{Trypanosoma cruzi (strain CL Brener)}
Probab=6.22  E-value=5.4e+02  Score=10.86  Aligned_cols=3  Identities=100%  Similarity=1.199  Sum_probs=0.0  Template_Neff=8.500

Q NQNMNN            2 QNM    4 (6)
Q Consensus         2 qnm    4 (6)
                      |||
T Consensus       240 ~~~  242 (247)
T 7AOR_au         240 QNM  242 (247)
T ss_pred             ccC


No 3
>4GAK_A Acyl-ACP thioesterase; MCSG, PSI-BIOLOGY, STRUCTURAL GENOMICS, Midwest; HET: GOL; 1.9A {Spirosoma linguale}
Probab=6.03  E-value=5.6e+02  Score=9.76  Aligned_cols=6  Identities=67%  Similarity=0.938  Sum_probs=0.0  Template_Neff=10.800

Q NQNMNN            1 NQNMNN    6 (6)
Q Consensus         1 nqnmnn    6 (6)
                      |..+||
T Consensus       174 ~~h~n~  179 (250)
T 4GAK_A          174 NQHVNN  179 (250)
T ss_dssp             TSSBCH
T ss_pred             CCcccH


No 4
>6JJC_C Capsid protein; Giant freshwater prawn Macrobrachium rosenbergii; 2.92A {Macrobrachium rosenbergii nodavirus}
Probab=5.53  E-value=6.3e+02  Score=13.02  Aligned_cols=6  Identities=67%  Similarity=0.573  Sum_probs=0.0  Template_Neff=4.600

Q NQNMNN            1 NQNMNN    6 (6)
Q Consensus         1 nqnmnn    6 (6)
                      ||+-||
T Consensus         9 ~~~~~~   14 (371)
T 6JJC_C            9 NQIQNN   14 (371)
T ss_dssp             ------
T ss_pred             hhcccc


No 5
>5ZWM_s Pre-mRNA-splicing factor 8, U4/U6 small; spliceosome, assembly, pre-B complex, U1; HET: GTP; 3.4A {Saccharomyces cerevisiae S288c}
Probab=5.49  E-value=6.3e+02  Score=11.44  Aligned_cols=6  Identities=100%  Similarity=1.232  Sum_probs=0.0  Template_Neff=5.600

Q NQNMNN            1 NQNMNN    6 (6)
Q Consensus         1 nqnmnn    6 (6)
                      +|+|++
T Consensus       162 ~~~~~~  167 (187)
T 5ZWM_s          162 NQNMNN  167 (187)
T ss_pred             CCCccC


No 6
>5X04_A Dodecanoyl-[acyl-carrier-protein] hydrolase, chloroplastic (E.C.3.1.2.21); hot-dog fold, thioesterase, hydrolase, Lauroyl-acyl; 2.43A {Umbellularia californica}
Probab=4.93  E-value=7.3e+02  Score=9.96  Aligned_cols=6  Identities=67%  Similarity=0.938  Sum_probs=0.0  Template_Neff=10.100

Q NQNMNN            1 NQNMNN    6 (6)
Q Consensus         1 nqnmnn    6 (6)
                      |..|||
T Consensus       194 ~ghvn~  199 (276)
T 5X04_A          194 NQHVNN  199 (276)
T ss_dssp             TSCBCH
T ss_pred             cCccCh


No 7
>3G1C_A The TrpR like protein from; TrpR like protein, Eubacterium eligens; 2.2A {Eubacterium eligens}
Probab=4.71  E-value=7.7e+02  Score=8.76  Aligned_cols=3  Identities=100%  Similarity=1.320  Sum_probs=0.0  Template_Neff=9.000

Q NQNMNN            4 MNN    6 (6)
Q Consensus         4 mnn    6 (6)
                      |||
T Consensus         1 ~~~    3 (104)
T 3G1C_A            1 MNN    3 (104)
T ss_dssp             -CG
T ss_pred             CCH


No 8
>5UNF_A Soluble cytochrome b562,Type-2 angiotensin II; human Angiotensin II receptor complex; HET: 8ES; 2.8A {Escherichia coli}
Probab=4.67  E-value=7.8e+02  Score=9.80  Aligned_cols=6  Identities=17%  Similarity=0.335  Sum_probs=0.0  Template_Neff=11.700

Q NQNMNN            1 NQNMNN    6 (6)
Q Consensus         1 nqnmnn    6 (6)
                      .|+|.+
T Consensus         4 ~~~~~~    9 (411)
T 5UNF_A            4 EDNWET    9 (411)
T ss_dssp             HHHHHH
T ss_pred             hhhHHH


No 9
>6NUC_C Serine/threonine-protein phosphatase 2B catalytic subunit; Ser/thr phosphatase, complex, HYDROLASE, HYDROLASE-Calcium; HET: PEG; 1.9A {Homo sapiens}
Probab=4.66  E-value=7.8e+02  Score=9.64  Aligned_cols=5  Identities=40%  Similarity=0.660  Sum_probs=0.0  Template_Neff=3.400

Q NQNMNN            2 QNMNN    6 (6)
Q Consensus         2 qnmnn    6 (6)
                      |.|||
T Consensus         3 ~~ms~    7 (48)
T 6NUC_C            3 MKINN    7 (48)
T ss_pred             Ccccc


No 10
>2JVU_A DISPERSIN; BETA SANDWICH, UNKNOWN FUNCTION; NMR {Escherichia coli}
Probab=4.52  E-value=8.1e+02  Score=11.10  Aligned_cols=5  Identities=60%  Similarity=0.999  Sum_probs=0.0  Template_Neff=2.700

Q NQNMNN            1 NQNMN    5 (6)
Q Consensus         1 nqnmn    5 (6)
                      ||.||
T Consensus        73 nqd~~   77 (104)
T 2JVU_A           73 NQDIN   77 (104)
T ss_dssp             CSCHH
T ss_pred             cCchh


