Query         DLTITQ
Match_columns 6
No_of_seqs    1 out of 1
Neff          1
Searched_HMMs 90378
Date          Sun Dec 19 17:39:28 2021
Command       /media/stefano/DISCO1/FOLDEN/hh-suite/build/bin/hhsearch -i /media/stefano/DISCO1/FOLDEN/trRosetta2/example/DLTITQ/protein.hhm -d /media/stefano/DISCO1/FOLDEN/trRosettaX/pdb70/pdb70 -o /media/stefano/DISCO1/FOLDEN/trRosetta2/example/DLTITQ/protein.out -cpu 32 

 No Hit                             Prob E-value P-value  Score    SS Cols Query HMM  Template HMM
  1 3H6N_A Plexin-D1; structural g   9.0 3.3E+02  0.0037   11.5   0.0    4    3-6      28-31  (127)
  2 3KUZ_A Plexin-C1; plexin, Stru   8.3 3.7E+02  0.0041   11.5   0.0    4    3-6      50-53  (126)
  3 6FTB_A Monofunctional glycosyl   8.3 3.7E+02  0.0041   12.0   0.0    4    3-6      75-78  (210)
  4 2JPH_A Plexin-B1; protein, ubi   8.1 3.8E+02  0.0042   11.1   0.0    4    3-6      37-40  (123)
  5 2JCH_A PENICILLIN-BINDING PROT   7.8   4E+02  0.0045   13.4   0.0    4    3-6     108-111 (720)
  6 6FGK_D GTP pyrophosphokinase Y   7.7 4.1E+02  0.0045   11.0   0.0    6    1-6       2-7   (210)
  7 2JE5_B PENICILLIN-BINDING PROT   7.6 4.2E+02  0.0046   13.4   0.0    4    3-6     108-111 (720)
  8 2R2O_B Plexin-B1; Plexin, effe   7.4 4.3E+02  0.0048   11.4   0.0    4    3-6      52-55  (138)
  9 2LC4_A PilP protein; Type IV P   7.2 4.5E+02   0.005   10.8   0.0    6    1-6       1-6   (111)
 10 2MW1_A Lipocalin-like protein;   7.2 4.5E+02   0.005    9.6   0.0    5    2-6     109-113 (118)

No 1
>3H6N_A Plexin-D1; structural genomics consortium, SGC, MEMBRANE; HET: MSE; 2.004A {Homo sapiens}
Probab=8.96  E-value=3.3e+02  Score=11.49  Aligned_cols=4  Identities=75%  Similarity=0.875  Sum_probs=0.0  Template_Neff=5.800

Q DLTITQ            3 TITQ    6 (6)
Q Consensus         3 titq    6 (6)
                      ||+|
T Consensus        28 TItQ   31 (127)
T 3H6N_A           28 TLTQ   31 (127)
T ss_dssp             BHHH
T ss_pred             CcHH


No 2
>3KUZ_A Plexin-C1; plexin, Structural Genomics, Structural Genomics; HET: UNX; 2.3A {Homo sapiens}
Probab=8.29  E-value=3.7e+02  Score=11.47  Aligned_cols=4  Identities=75%  Similarity=0.675  Sum_probs=0.0  Template_Neff=5.500

Q DLTITQ            3 TITQ    6 (6)
Q Consensus         3 titq    6 (6)
                      ||+|
T Consensus        50 TIsQ   53 (126)
T 3KUZ_A           50 TIGQ   53 (126)
T ss_dssp             BHHH
T ss_pred             ChHH


No 3
>6FTB_A Monofunctional glycosyltransferase (E.C.2.4.1.129); TRANSGLYCOSYLASE, PEPTIDOGLYCAN, MONOFUNCTIONAL, MOENOMYCIN, INHIBITOR; HET: PO4, 1QW, EDO, M0E; 2.1A {Staphylococcus aureus MW2}
Probab=8.26  E-value=3.7e+02  Score=11.99  Aligned_cols=4  Identities=100%  Similarity=0.974  Sum_probs=0.0  Template_Neff=6.400

Q DLTITQ            3 TITQ    6 (6)
Q Consensus         3 titq    6 (6)
                      ||||
T Consensus        75 TItq   78 (210)
T 6FTB_A           75 TITQ   78 (210)
T ss_dssp             CHHH
T ss_pred             cHHH


No 4
>2JPH_A Plexin-B1; protein, ubiquitin fold, SIGNALING PROTEIN; NMR {Homo sapiens}
Probab=8.10  E-value=3.8e+02  Score=11.10  Aligned_cols=4  Identities=75%  Similarity=0.891  Sum_probs=0.0  Template_Neff=6.200

Q DLTITQ            3 TITQ    6 (6)
Q Consensus         3 titq    6 (6)
                      ||+|
T Consensus        37 TI~Q   40 (123)
T 2JPH_A           37 TISQ   40 (123)
T ss_dssp             CHHH
T ss_pred             chHH


No 5
>2JCH_A PENICILLIN-BINDING PROTEIN 1B; PEPTIDOGLYCAN SYNTHESIS MULTIFUNCTIONAL ENZYME, CELL; HET: PL7; 2.4A {STREPTOCOCCUS PNEUMONIAE}
Probab=7.76  E-value=4e+02  Score=13.43  Aligned_cols=4  Identities=75%  Similarity=0.875  Sum_probs=0.0  Template_Neff=7.800

Q DLTITQ            3 TITQ    6 (6)
Q Consensus         3 titq    6 (6)
                      ||||
T Consensus       108 TITQ  111 (720)
T 2JCH_A          108 TLTQ  111 (720)
T ss_pred             HHHH


No 6
>6FGK_D GTP pyrophosphokinase YwaC (E.C.2.7.6.5); Stringent response, alarmone, SAS2, RelP; 3.2A {Bacillus subtilis (strain 168)}
Probab=7.73  E-value=4.1e+02  Score=11.02  Aligned_cols=6  Identities=50%  Similarity=0.944  Sum_probs=0.0  Template_Neff=8.300

Q DLTITQ            1 DLTITQ    6 (6)
Q Consensus         1 dltitq    6 (6)
                      ||.+||
T Consensus         2 ~~~~~~    7 (210)
T 6FGK_D            2 DLSVTH    7 (210)
T ss_dssp             ------
T ss_pred             CCcccc


No 7
>2JE5_B PENICILLIN-BINDING PROTEIN 1B; PEPTIDOGLYCAN SYNTHESIS MULTIFUNCTIONAL ENZYME, CELL; HET: L4C, SO4; 2.6A {STREPTOCOCCUS PNEUMONIAE}
Probab=7.57  E-value=4.2e+02  Score=13.38  Aligned_cols=4  Identities=75%  Similarity=0.875  Sum_probs=0.0  Template_Neff=7.800

Q DLTITQ            3 TITQ    6 (6)
Q Consensus         3 titq    6 (6)
                      ||||
T Consensus       108 TITQ  111 (720)
T 2JE5_B          108 TLTQ  111 (720)
T ss_dssp             ----
T ss_pred             hHHH


No 8
>2R2O_B Plexin-B1; Plexin, effector domain, structural genomics; HET: UNX; 2.0A {Homo sapiens}
Probab=7.38  E-value=4.3e+02  Score=11.36  Aligned_cols=4  Identities=75%  Similarity=0.891  Sum_probs=0.0  Template_Neff=5.700

Q DLTITQ            3 TITQ    6 (6)
Q Consensus         3 titq    6 (6)
                      ||+|
T Consensus        52 TItQ   55 (138)
T 2R2O_B           52 TISQ   55 (138)
T ss_dssp             BHHH
T ss_pred             CHHH


No 9
>2LC4_A PilP protein; Type IV Pilus, STRUCTURAL PROTEIN; NMR {Pseudomonas aeruginosa}
Probab=7.17  E-value=4.5e+02  Score=10.80  Aligned_cols=6  Identities=67%  Similarity=0.933  Sum_probs=0.0  Template_Neff=6.000

Q DLTITQ            1 DLTITQ    6 (6)
Q Consensus         1 dltitq    6 (6)
                      |||+.|
T Consensus         1 ~~~~~~    6 (111)
T 2LC4_A            1 DLTVRQ    6 (111)
T ss_dssp             CCCCCC
T ss_pred             Cccccc


No 10
>2MW1_A Lipocalin-like protein; Structural genomics, Unknown Function, PSI-Biology; NMR {Bacteroides thetaiotaomicron VPI-5482}
Probab=7.16  E-value=4.5e+02  Score=9.58  Aligned_cols=5  Identities=20%  Similarity=0.388  Sum_probs=0.0  Template_Neff=9.000

Q DLTITQ            2 LTITQ    6 (6)
Q Consensus         2 ltitq    6 (6)
                      ++|+|
T Consensus       109 i~V~Q  113 (118)
T 2MW1_A          109 FKFVQ  113 (118)
T ss_dssp             EEEEE
T ss_pred             EEEEE


