Query         AFSINP
Match_columns 6
No_of_seqs    1 out of 1
Neff          1
Searched_HMMs 90378
Date          Sun Dec 19 13:55:21 2021
Command       /media/stefano/DISCO1/FOLDEN/hh-suite/build/bin/hhsearch -i /media/stefano/DISCO1/FOLDEN/trRosetta2/example/AFSINP/protein.hhm -d /media/stefano/DISCO1/FOLDEN/trRosettaX/pdb70/pdb70 -o /media/stefano/DISCO1/FOLDEN/trRosetta2/example/AFSINP/protein.out -cpu 32 

 No Hit                             Prob E-value P-value  Score    SS Cols Query HMM  Template HMM
  1 6N3A_J TAR DNA-binding protein  78.7     1.5 1.7E-05   17.5   0.0    6    1-6       5-10  (50)
  2 6N3C_D TAR DNA-binding protein  73.4     2.7   3E-05   16.3   0.0    6    1-6      30-35  (46)
  3 2X4I_A UNCHARACTERIZED PROTEIN  44.8      20 0.00022   15.0   0.0    6    1-6       9-14  (114)
  4 4GOF_A Small glutamine-rich te  40.5      26 0.00029   12.5   0.0    6    1-6      40-45  (52)
  5 2N2C_A TAR DNA-binding protein  39.8      27  0.0003   13.4   0.0    6    1-6       9-14  (43)
  6 5YNF_B nsp16 protein, nsp10 pr  28.3      56 0.00062   15.2   0.0    6    1-6      18-23  (140)
  7 5YNM_B nsp16 protein, nsp10 pr  28.3      56 0.00062   15.2   0.0    6    1-6      18-23  (140)
  8 7MC5_M ?; RNA binding, VIRAL P  24.9      70 0.00078   14.9   0.0    6    1-6      19-24  (140)
  9 7L6T_B 2'-O-methyltransferase,  24.7      72 0.00079   14.9   0.0    6    1-6      20-25  (141)
 10 3FXE_B 4 helix bundle, helix-t  23.6      77 0.00085   13.7   0.0    6    1-6      33-38  (73)
 11 3FXD_B Protein IcmQ, Protein I  23.6      78 0.00086   13.7   0.0    6    1-6      33-38  (73)
 12 3FXD_D Protein IcmQ, Protein I  23.6      78 0.00086   13.7   0.0    6    1-6      33-38  (73)
 13 2FYG_A Replicase polyprotein 1  23.1      80 0.00089   14.6   0.0    6    1-6      14-19  (128)
 14 7NH7_B Replicase polyprotein 1  22.0      88 0.00097   14.4   0.0    6    1-6       9-14  (122)
 15 6YZ1_B nsp16 (E.C.3.4.19.12,3.  21.7      90 0.00099   14.4   0.0    6    1-6      10-15  (123)

No 1
>6N3A_J TAR DNA-binding protein 43, segA; Amyloid, TDP43, ALS, FTLD-TDP, dna; 3.3A {Homo sapiens}
Probab=78.71  E-value=1.5  Score=17.53  Aligned_cols=6  Identities=100%  Similarity=1.497  Sum_probs=4.7  Template_Neff=2.200

Q AFSINP            1 AFSINP    6 (6)
Q Consensus         1 afsinp    6 (6)
                      +|+|||
T Consensus         5 ~~~iNp   10 (50)
T 6N3A_J            5 AFSINP   10 (50)
T ss_dssp             CCEECC
T ss_pred             cccCCH
Confidence            578887


No 2
>6N3C_D TAR DNA-binding protein 43; Amyloid, TDP43, ALS, FTLD-TDP, dna; 3.3A {Homo sapiens}
Probab=73.36  E-value=2.7  Score=16.35  Aligned_cols=6  Identities=83%  Similarity=1.364  Sum_probs=3.7  Template_Neff=3.000

Q AFSINP            1 AFSINP    6 (6)
Q Consensus         1 afsinp    6 (6)
                      +|+|||
T Consensus        30 a~~iNp   35 (46)
T 6N3C_D           30 EFSINP   35 (46)
T ss_dssp             SCCBC-
T ss_pred             ccccCH
Confidence            478887


No 3
>2X4I_A UNCHARACTERIZED PROTEIN 114; UNKNOWN FUNCTION, DUF1874, ARCHEAL VIRUS; 2.2A {SULFOLOBUS ISLANDICUS RUDIVIRUS 1 VARIANT XX}
Probab=44.76  E-value=20  Score=15.02  Aligned_cols=6  Identities=83%  Similarity=0.943  Sum_probs=3.7  Template_Neff=5.200

Q AFSINP            1 AFSINP    6 (6)
Q Consensus         1 afsinp    6 (6)
                      |||+|+
T Consensus         9 afs~~M   14 (114)
T 2X4I_A            9 AFSINM   14 (114)
T ss_dssp             CCCGGG
T ss_pred             cccccc
Confidence            567664


No 4
>4GOF_A Small glutamine-rich tetratricopeptide repeat-containing protein; Four-helix bundle, Protein-protein interaction, Ubl4A; 1.35A {Homo sapiens}
Probab=40.46  E-value=26  Score=12.51  Aligned_cols=6  Identities=33%  Similarity=0.645  Sum_probs=2.7  Template_Neff=6.300

Q AFSINP            1 AFSINP    6 (6)
Q Consensus         1 afsinp    6 (6)
                      ||.++|
T Consensus        40 aF~v~~   45 (52)
T 4GOF_A           40 AFGVTV   45 (52)
T ss_dssp             HHTCCS
T ss_pred             HhCCCh
Confidence            344443


No 5
>2N2C_A TAR DNA-binding protein 43; ALS, prion-like domain, hydrophobic helices; NMR {Homo sapiens}
Probab=39.81  E-value=27  Score=13.38  Aligned_cols=6  Identities=100%  Similarity=1.497  Sum_probs=3.6  Template_Neff=3.300

Q AFSINP            1 AFSINP    6 (6)
Q Consensus         1 afsinp    6 (6)
                      +|++||
T Consensus         9 ~~~lNp   14 (43)
T 2N2C_A            9 AFSINP   14 (43)
T ss_dssp             TTTTSS
T ss_pred             cccCCH
Confidence            356665


No 6
>5YNF_B nsp16 protein, nsp10 protein; Inhibitor, complex, TRANSFERASE; HET: GTA; 1.791A {Human betacoronavirus 2c EMC/2012}
Probab=28.25  E-value=56  Score=15.23  Aligned_cols=6  Identities=33%  Similarity=1.171  Sum_probs=3.8  Template_Neff=2.400

Q AFSINP            1 AFSINP    6 (6)
Q Consensus         1 afsinp    6 (6)
                      ||+.+|
T Consensus        18 aFavDP   23 (140)
T 5YNF_B           18 NFTVDP   23 (140)
T ss_dssp             TSCSCH
T ss_pred             ccccCH
Confidence            566665


No 7
>5YNM_B nsp16 protein, nsp10 protein; inhibitor, cofactor, complex, TRANSFERASE; HET: SAM, GTA; 1.68A {Human betacoronavirus 2c EMC/2012}
Probab=28.25  E-value=56  Score=15.23  Aligned_cols=6  Identities=33%  Similarity=1.171  Sum_probs=3.8  Template_Neff=2.400

Q AFSINP            1 AFSINP    6 (6)
Q Consensus         1 afsinp    6 (6)
                      ||+.+|
T Consensus        18 aFavDP   23 (140)
T 5YNM_B           18 NFTVDP   23 (140)
T ss_dssp             TSCSCH
T ss_pred             ccccCH
Confidence            566665


No 8
>7MC5_M ?; RNA binding, VIRAL PROTEIN; HET: EDO, TLA; 1.64A {Severe acute respiratory syndrome coronavirus 2}
Probab=24.94  E-value=70  Score=14.93  Aligned_cols=6  Identities=33%  Similarity=0.894  Sum_probs=3.7  Template_Neff=2.400

Q AFSINP            1 AFSINP    6 (6)
Q Consensus         1 afsinp    6 (6)
                      ||+++|
T Consensus        19 aFaVDP   24 (140)
T 7MC5_M           19 AFAVDA   24 (140)
T ss_dssp             HHBSSH
T ss_pred             hcccCH
Confidence            566665


No 9
>7L6T_B 2'-O-methyltransferase, Non-structural protein 10,RNA (5'-D(*(M7G))-R(P*(A2M)P*UP*U)-3'); Structural Genomics, Center for Structural; HET: SAH, M7G, BDF, A2M, GLC; 1.78A {Severe acute respiratory syndrome coronavirus 2}
Probab=24.69  E-value=72  Score=14.92  Aligned_cols=6  Identities=33%  Similarity=0.894  Sum_probs=3.1  Template_Neff=2.400

Q AFSINP            1 AFSINP    6 (6)
Q Consensus         1 afsinp    6 (6)
                      ||+++|
T Consensus        20 aFaVDP   25 (141)
T 7L6T_B           20 AFAVDA   25 (141)
T ss_dssp             -CCCCH
T ss_pred             hcccCH
Confidence            466665


No 10
>3FXE_B 4 helix bundle, helix-turn-helix, Se-Met; 2.2A {Legionella pneumophila}
Probab=23.64  E-value=77  Score=13.67  Aligned_cols=6  Identities=67%  Similarity=0.949  Sum_probs=3.1  Template_Neff=1.400

Q AFSINP            1 AFSINP    6 (6)
Q Consensus         1 afsinp    6 (6)
                      |.|.||
T Consensus        33 a~sfnp   38 (73)
T 3FXE_B           33 AVSFNP   38 (73)
T ss_dssp             HHHHCC
T ss_pred             HHccCC
Confidence            345555


No 11
>3FXD_B Protein IcmQ, Protein IcmR; 4 helix bundle, helix-turn-helix, UNKNOWN; 2.1A {Legionella pneumophila}
Probab=23.57  E-value=78  Score=13.66  Aligned_cols=6  Identities=67%  Similarity=0.949  Sum_probs=3.1  Template_Neff=1.400

Q AFSINP            1 AFSINP    6 (6)
Q Consensus         1 afsinp    6 (6)
                      |.|.||
T Consensus        33 a~sfnp   38 (73)
T 3FXD_B           33 AVSFNP   38 (73)
T ss_dssp             HHHHSC
T ss_pred             HHccCC
Confidence            345555


No 12
>3FXD_D Protein IcmQ, Protein IcmR; 4 helix bundle, helix-turn-helix, UNKNOWN; 2.1A {Legionella pneumophila}
Probab=23.57  E-value=78  Score=13.66  Aligned_cols=6  Identities=67%  Similarity=0.949  Sum_probs=3.1  Template_Neff=1.400

Q AFSINP            1 AFSINP    6 (6)
Q Consensus         1 afsinp    6 (6)
                      |.|.||
T Consensus        33 a~sfnp   38 (73)
T 3FXD_D           33 AVSFNP   38 (73)
T ss_dssp             SGGGTT
T ss_pred             HHccCC
Confidence            345555


No 13
>2FYG_A Replicase polyprotein 1ab; SARS virus polyprotein non-structural protein; 1.8A {SARS coronavirus} SCOP: g.86.1.1
Probab=23.12  E-value=80  Score=14.60  Aligned_cols=6  Identities=50%  Similarity=1.298  Sum_probs=3.7  Template_Neff=2.300

Q AFSINP            1 AFSINP    6 (6)
Q Consensus         1 afsinp    6 (6)
                      ||+.+|
T Consensus        14 aFaVDP   19 (128)
T 2FYG_A           14 AFAVDP   19 (128)
T ss_dssp             HTSSSH
T ss_pred             ceecCH
Confidence            566665


No 14
>7NH7_B Replicase polyprotein 1ab (E.C.3.4.19.12,3.4.22.69,3.4.22.-,2.7.7.48,3.6.4.12,3.6.4.13,2.1.1.-,3.1.13.-,3.1.-.-), Replicase; coronavirus, methyltransferase, VIRAL PROTEIN; HET: SFG; 2.2A {Human coronavirus OC43}
Probab=21.95  E-value=88  Score=14.37  Aligned_cols=6  Identities=67%  Similarity=1.359  Sum_probs=3.6  Template_Neff=2.400

Q AFSINP            1 AFSINP    6 (6)
Q Consensus         1 afsinp    6 (6)
                      ||+.+|
T Consensus         9 aFavDP   14 (122)
T 7NH7_B            9 AFSVDP   14 (122)
T ss_dssp             HHSSCH
T ss_pred             eeecCH
Confidence            566665


No 15
>6YZ1_B nsp16 (E.C.3.4.19.12,3.4.22.-,3.4.22.69,2.7.7.48,3.6.4.12,3.6.4.13,3.1.13.-,3.1.-.-,2.1.1.-), nsp10 (E.C.3.4.19.12,3.4.22.-,3.4.22.69,2.7.7.48,3.6.4.12,3.6.4.13,3.1.13.-,3.1.-.-,2.1.1.-); SARS-CoV-2, viral replication, coronavirus, methyltransferase; HET: MES, SFG; 2.4A {Severe acute respiratory syndrome coronavirus 2}
Probab=21.67  E-value=90  Score=14.35  Aligned_cols=6  Identities=33%  Similarity=0.894  Sum_probs=3.6  Template_Neff=2.400

Q AFSINP            1 AFSINP    6 (6)
Q Consensus         1 afsinp    6 (6)
                      ||+.+|
T Consensus        10 aFavDP   15 (123)
T 6YZ1_B           10 AFAVDA   15 (123)
T ss_dssp             CCCCCH
T ss_pred             heecCH
Confidence            566665


