Query         EEPVKK
Match_columns 6
No_of_seqs    1 out of 1
Neff          1
Searched_HMMs 90378
Date          Sun Dec 19 18:54:26 2021
Command       /media/stefano/DISCO1/FOLDEN/hh-suite/build/bin/hhsearch -i /media/stefano/DISCO1/FOLDEN/trRosetta2/example/EEPVKK/protein.hhm -d /media/stefano/DISCO1/FOLDEN/trRosettaX/pdb70/pdb70 -o /media/stefano/DISCO1/FOLDEN/trRosetta2/example/EEPVKK/protein.out -cpu 32 

 No Hit                             Prob E-value P-value  Score    SS Cols Query HMM  Template HMM
  1 5I5Z_A Cyclin-dependent kinase   5.7   6E+02  0.0066   10.3   0.0    6    1-6     365-370 (370)
  2 4YYU_A Ficin isoform C (E.C.3.   5.2 6.7E+02  0.0074    9.6   0.0    4    3-6     216-219 (222)
  3 4YYS_B Ficin isoform B (E.C.3.   4.9 7.4E+02  0.0082    9.5   0.0    4    3-6     216-219 (221)
  4 6M32_B Bacteriochlorophyll a p   3.8 9.9E+02   0.011   10.4   0.0    5    2-6       3-7   (231)
  5 3HHJ_B Mutator mutT protein; N   3.8   1E+03   0.011    8.4   0.0    5    2-6      18-22  (158)
  6 2N39_A Chromodomain-helicase-D   3.5 1.1E+03   0.012    9.2   0.0    5    2-6      19-23  (108)
  7 6KV9_A UDP-glucose 4-epimerase   3.5 1.1E+03   0.012    9.1   0.0    6    1-6     333-338 (346)
  8 3B8O_F Lipopolysaccharide bios   3.4 1.1E+03   0.013   10.1   0.0    6    1-6     259-264 (265)
  9 6X89_A3 NADH dehydrogenase com   3.4 1.1E+03   0.013    9.2   0.0    4    1-4      13-16  (63)
 10 7BOC_A TIM barrel, Methyltrans   3.3 1.2E+03   0.013   10.7   0.0    4    2-5     224-227 (292)

No 1
>5I5Z_A Cyclin-dependent kinase 8 (E.C.2.7.11.22,2.7.11.23), Cyclin-C; CDK8 KINASE / CYCLIN C; HET: 68U; 2.6A {Homo sapiens}
Probab=5.75  E-value=6e+02  Score=10.30  Aligned_cols=6  Identities=67%  Similarity=1.049  Sum_probs=0.0  Template_Neff=10.900

Q EEPVKK            1 EEPVKK    6 (6)
Q Consensus         1 eepvkk    6 (6)
                      +.||+|
T Consensus       365 ~~~~~~  370 (370)
T 5I5Z_A          365 EPPLKK  370 (370)
T ss_dssp             C-----
T ss_pred             CCCCCC


No 2
>4YYU_A Ficin isoform C (E.C.3.4.22.3); Cystein protease, hydrolase; HET: SCH, MES, SO4; 1.177A {Ficus carica}
Probab=5.25  E-value=6.7e+02  Score=9.64  Aligned_cols=4  Identities=100%  Similarity=1.448  Sum_probs=0.0  Template_Neff=10.200

Q EEPVKK            3 PVKK    6 (6)
Q Consensus         3 pvkk    6 (6)
                      |+||
T Consensus       216 ~~~~  219 (222)
T 4YYU_A          216 PVKK  219 (222)
T ss_dssp             EECC
T ss_pred             ceec


No 3
>4YYS_B Ficin isoform B (E.C.3.4.22.3); Cystein protease, hydrolase; HET: SCH, PO4; 1.35A {Ficus carica}
Probab=4.87  E-value=7.4e+02  Score=9.48  Aligned_cols=4  Identities=100%  Similarity=1.448  Sum_probs=0.0  Template_Neff=10.300

Q EEPVKK            3 PVKK    6 (6)
Q Consensus         3 pvkk    6 (6)
                      |+||
T Consensus       216 ~~~~  219 (221)
T 4YYS_B          216 PVKK  219 (221)
T ss_dssp             EECC
T ss_pred             eeec


No 4
>6M32_B Bacteriochlorophyll a protein, P840 reaction; Photosynthetic reaction center, Green sulfur; HET: F26, F39, LHG, GS0, SF4, G2O, LMG, BCL;{Chlorobaculum tepidum (strain ATCC 49652 / DSM 12025 / NBRC 103806 / TLS)}
Probab=3.84  E-value=9.9e+02  Score=10.39  Aligned_cols=5  Identities=60%  Similarity=1.105  Sum_probs=0.0  Template_Neff=7.600

Q EEPVKK            2 EPVKK    6 (6)
Q Consensus         2 epvkk    6 (6)
                      +|||+
T Consensus         3 ~~~~~    7 (231)
T 6M32_B            3 EPVEN    7 (231)
T ss_pred             CcccC


No 5
>3HHJ_B Mutator mutT protein; NIAID, SSGCID, deCODE, UW, SBRI; 2.1A {Bartonella henselae}
Probab=3.79  E-value=1e+03  Score=8.44  Aligned_cols=5  Identities=20%  Similarity=0.149  Sum_probs=0.0  Template_Neff=10.600

Q EEPVKK            2 EPVKK    6 (6)
Q Consensus         2 epvkk    6 (6)
                      +|+++
T Consensus        18 ~P~~~   22 (158)
T 3HHJ_B           18 GPGSM   22 (158)
T ss_dssp             -----
T ss_pred             CCCCC


No 6
>2N39_A Chromodomain-helicase-DNA-binding protein 1; chromatin remodelling, CHD1, C-terminal domain; NMR {Homo sapiens}
Probab=3.50  E-value=1.1e+03  Score=9.21  Aligned_cols=5  Identities=60%  Similarity=0.946  Sum_probs=0.0  Template_Neff=7.100

Q EEPVKK            2 EPVKK    6 (6)
Q Consensus         2 epvkk    6 (6)
                      .||++
T Consensus        19 ~PVkk   23 (108)
T 2N39_A           19 RPVKA   23 (108)
T ss_dssp             STTHH
T ss_pred             HHHHH


No 7
>6KV9_A UDP-glucose 4-epimerase; substrate, complex, antibiotic, epimerase, galacturonic; HET: UGA, NAD; 1.48A {Streptomyces viridosporus ATCC 14672}
Probab=3.48  E-value=1.1e+03  Score=9.10  Aligned_cols=6  Identities=33%  Similarity=0.379  Sum_probs=0.0  Template_Neff=11.700

Q EEPVKK            1 EEPVKK    6 (6)
Q Consensus         1 eepvkk    6 (6)
                      ..||++
T Consensus       333 ~~~~~~  338 (346)
T 6KV9_A          333 TVPVGG  338 (346)
T ss_dssp             ------
T ss_pred             cccccc


No 8
>3B8O_F Lipopolysaccharide biosynthesis protein wzzE; WZZ, WzzE, Bacterial Polysaccharide Co-polymerase; HET: MSE; 2.4A {Escherichia coli} SCOP: d.58.60.1
Probab=3.45  E-value=1.1e+03  Score=10.11  Aligned_cols=6  Identities=83%  Similarity=1.337  Sum_probs=0.0  Template_Neff=8.400

Q EEPVKK            1 EEPVKK    6 (6)
Q Consensus         1 eepvkk    6 (6)
                      +.|+++
T Consensus       259 ~~Pv~~  264 (265)
T 3B8O_F          259 EEPVKR  264 (265)
T ss_dssp             CCCSSC
T ss_pred             CCCCCC


No 9
>6X89_A3 NADH dehydrogenase complex; respiration, mitochondria, electron transport chain; HET: SF4, PC1, FMN, NAP;{Vigna radiata}
Probab=3.43  E-value=1.1e+03  Score=9.19  Aligned_cols=4  Identities=75%  Similarity=1.356  Sum_probs=0.0  Template_Neff=4.800

Q EEPVKK            1 EEPV    4 (6)
Q Consensus         1 eepv    4 (6)
                      ||||
T Consensus        13 ~ePv   16 (63)
T 6X89_A3          13 QEPV   16 (63)
T ss_pred             hCCH


No 10
>7BOC_A TIM barrel, Methyltransferase, Histones, Chromatin-regulator; 2.55A {Homo sapiens}
Probab=3.30  E-value=1.2e+03  Score=10.75  Aligned_cols=4  Identities=75%  Similarity=1.456  Sum_probs=0.0  Template_Neff=7.100

Q EEPVKK            2 EPVK    5 (6)
Q Consensus         2 epvk    5 (6)
                      |||+
T Consensus       224 EPV~  227 (292)
T 7BOC_A          224 EPIK  227 (292)
T ss_dssp             SCEE
T ss_pred             CCeE


