Query         DVGQGS
Match_columns 6
No_of_seqs    1 out of 1
Neff          1
Searched_HMMs 90378
Date          Sun Dec 19 18:10:41 2021
Command       /media/stefano/DISCO1/FOLDEN/hh-suite/build/bin/hhsearch -i /media/stefano/DISCO1/FOLDEN/trRosetta2/example/DVGQGS/protein.hhm -d /media/stefano/DISCO1/FOLDEN/trRosettaX/pdb70/pdb70 -o /media/stefano/DISCO1/FOLDEN/trRosetta2/example/DVGQGS/protein.out -cpu 32 

 No Hit                             Prob E-value P-value  Score    SS Cols Query HMM  Template HMM
  1 6P5H_A MavC; UbE2N, Effector,   19.2 1.1E+02  0.0012   13.9   0.0    6    1-6      49-54  (105)
  2 6R0W_N V-type ATP synthase alp  18.4 1.2E+02  0.0013   14.2   0.0    5    1-5     365-369 (652)
  3 4KSI_A Leucine aminopeptidase   18.1 1.2E+02  0.0013   14.6   0.0    5    2-6     268-272 (529)
  4 2JPL_A Antimicrobial, Membrane  18.0 1.2E+02  0.0013   11.9   0.0    5    1-5       5-9   (39)
  5 4NKD_F Engineered scFv heavy c  17.1 1.3E+02  0.0015    9.2   0.0    5    2-6     134-138 (138)
  6 4NKM_H Engineered scFv heavy c  17.1 1.3E+02  0.0015    9.2   0.0    5    2-6     134-138 (138)
  7 5D8N_C Leucine aminopeptidase   17.0 1.3E+02  0.0015   14.7   0.0    5    2-6     268-273 (529)
  8 2J4R_B EXOPOLYPHOSPHATASE; PPG  16.3 1.4E+02  0.0016   12.4   0.0    6    1-6     139-144 (308)
  9 4J6E_A UDP-2,3-diacylglucosami  16.0 1.5E+02  0.0016   14.1   0.0    5    1-5     169-173 (283)
 10 4GGM_X UDP-2,3-diacylglucosami  15.9 1.5E+02  0.0016   14.1   0.0    5    1-5     169-173 (283)

No 1
>6P5H_A MavC; UbE2N, Effector, MavC, PROTEIN BINDING; 1.53A {Legionella pneumophila}
Probab=19.23  E-value=1.1e+02  Score=13.92  Aligned_cols=6  Identities=67%  Similarity=0.938  Sum_probs=0.0  Template_Neff=1.600

Q DVGQGS            1 DVGQGS    6 (6)
Q Consensus         1 dvgqgs    6 (6)
                      |.||+|
T Consensus        49 dlG~~s   54 (105)
T 6P5H_A           49 DLGQTS   54 (105)
T ss_dssp             ECCCCH
T ss_pred             ecCCCc


No 2
>6R0W_N V-type ATP synthase alpha chain; ATP hydrolysis/synthesis, proton translocation, rotary; HET: ADP; 3.6A {Thermus thermophilus (strain HB8 / ATCC 27634 / DSM 579)}
Probab=18.43  E-value=1.2e+02  Score=14.18  Aligned_cols=5  Identities=40%  Similarity=0.880  Sum_probs=0.0  Template_Neff=9.200

Q DVGQGS            1 DVGQG    5 (6)
Q Consensus         1 dvgqg    5 (6)
                      |+|+|
T Consensus       365 D~GyG  369 (652)
T 6R0W_N          365 DIGYA  369 (652)
T ss_pred             hHHHH


No 3
>4KSI_A Leucine aminopeptidase 1, chloroplastic (E.C.3.4.11.1; Exoprotease, defense response, Peptide binding; HET: GOL, SO4; 2.2A {Solanum lycopersicum}
Probab=18.08  E-value=1.2e+02  Score=14.58  Aligned_cols=5  Identities=20%  Similarity=0.355  Sum_probs=0.0  Template_Neff=7.600

Q DVGQGS            2 VGQGS    6 (6)
Q Consensus         2 vgqgs    6 (6)
                      |||||
T Consensus       268 VgqGS  272 (529)
T 4KSI_A          268 VAAAA  272 (529)
T ss_dssp             HHTTC
T ss_pred             Echhc


No 4
>2JPL_A Antimicrobial, Membrane bound, ANTIMICROBIAL PROTEIN; NMR {Lactococcus lactis}
Probab=17.97  E-value=1.2e+02  Score=11.88  Aligned_cols=5  Identities=80%  Similarity=1.577  Sum_probs=0.0  Template_Neff=1.400

Q DVGQGS            1 DVGQG    5 (6)
Q Consensus         1 dvgqg    5 (6)
                      |+|||
T Consensus         5 ~ig~~    9 (39)
T 2JPL_A            5 DIGQG    9 (39)
T ss_dssp             THHHH
T ss_pred             hhhch


No 5
>4NKD_F Engineered scFv heavy chain, Engineered; Antibody fragment, EYMPME binding, IMMUNE; 3.303A {Mus musculus}
Probab=17.12  E-value=1.3e+02  Score=9.23  Aligned_cols=5  Identities=60%  Similarity=0.893  Sum_probs=0.0  Template_Neff=12.800

Q DVGQGS            2 VGQGS    6 (6)
Q Consensus         2 vgqgs    6 (6)
                      .|+||
T Consensus       134 ~~~~~  138 (138)
T 4NKD_F          134 SGGGS  138 (138)
T ss_dssp             -----
T ss_pred             CCCCC


No 6
>4NKM_H Engineered scFv heavy chain, Engineered; Antibody fragment, EYMPME binding, IMMUNE; 3.71A {Mus musculus}
Probab=17.12  E-value=1.3e+02  Score=9.23  Aligned_cols=5  Identities=60%  Similarity=0.893  Sum_probs=0.0  Template_Neff=12.800

Q DVGQGS            2 VGQGS    6 (6)
Q Consensus         2 vgqgs    6 (6)
                      .|+||
T Consensus       134 ~~~~~  138 (138)
T 4NKM_H          134 SGGGS  138 (138)
T ss_dssp             -----
T ss_pred             CCCCC


No 7
>5D8N_C Leucine aminopeptidase 1, chloroplastic (E.C.3.4.11.1,3.4.11.5); HYDROLASE; HET: EDO; 2.15A {Solanum lycopersicum}
Probab=17.05  E-value=1.3e+02  Score=14.66  Aligned_cols=5  Identities=20%  Similarity=0.381  Sum_probs=0.0  Template_Neff=7.200

Q DVGQGS            2 VGQG-S    6 (6)
Q Consensus         2 vgqg-s    6 (6)
                      |||| |
T Consensus       268 VgqG~S  273 (529)
T 5D8N_C          268 VAAAAT  273 (529)
T ss_dssp             HHTTCC
T ss_pred             eccccc


No 8
>2J4R_B EXOPOLYPHOSPHATASE; PPGPP, AQUIFEX AEOLICUS, STRINGENT RESPONSE; HET: G4P; 2.71A {AQUIFEX AEOLICUS} SCOP: c.55.1.8
Probab=16.34  E-value=1.4e+02  Score=12.44  Aligned_cols=6  Identities=67%  Similarity=0.977  Sum_probs=0.0  Template_Neff=9.400

Q DVGQGS            1 DVGQGS    6 (6)
Q Consensus         1 dvgqgs    6 (6)
                      |+|-||
T Consensus       139 DiGggS  144 (308)
T 2J4R_B          139 DQGGGS  144 (308)
T ss_dssp             EECSSC
T ss_pred             EeCCCe


No 9
>4J6E_A UDP-2,3-diacylglucosamine pyrophosphatase LpxI (E.C.3.6.1.54); Structural Genomics, PSI-Biology, Center for; HET: UDG; 2.52A {Caulobacter crescentus}
Probab=15.98  E-value=1.5e+02  Score=14.06  Aligned_cols=5  Identities=80%  Similarity=1.577  Sum_probs=0.0  Template_Neff=5.700

Q DVGQGS            1 DVGQG    5 (6)
Q Consensus         1 dvgqg    5 (6)
                      |+||+
T Consensus       169 DiGQ~  173 (283)
T 4J6E_A          169 DIGQG  173 (283)
T ss_dssp             TSCSE
T ss_pred             CCCeE


No 10
>4GGM_X UDP-2,3-diacylglucosamine pyrophosphatase LpxI; Structural Genomics, PSI-Biology, Protein Structure; HET: LP5; 2.897A {Caulobacter crescentus}
Probab=15.87  E-value=1.5e+02  Score=14.05  Aligned_cols=5  Identities=80%  Similarity=1.577  Sum_probs=0.0  Template_Neff=5.700

Q DVGQGS            1 DVGQG    5 (6)
Q Consensus         1 dvgqg    5 (6)
                      |+||+
T Consensus       169 DiGQ~  173 (283)
T 4GGM_X          169 DIGQG  173 (283)
T ss_dssp             TSCSE
T ss_pred             CCCeE


