Query         NNNNNE
Match_columns 6
No_of_seqs    1 out of 1
Neff          1
Searched_HMMs 90378
Date          Tue Dec 21 02:25:51 2021
Command       /media/stefano/DISCO1/FOLDEN/hh-suite/build/bin/hhsearch -i /media/stefano/DISCO1/FOLDEN/trRosetta2/example/NNNNNE/protein.hhm -d /media/stefano/DISCO1/FOLDEN/trRosettaX/pdb70/pdb70 -o /media/stefano/DISCO1/FOLDEN/trRosetta2/example/NNNNNE/protein.out -cpu 32 

 No Hit                             Prob E-value P-value  Score    SS Cols Query HMM  Template HMM
  1 6EKC_N8 Ribulose bisphosphate    5.1 6.9E+02  0.0077    8.9   0.0    5    2-6       4-8   (81)
  2 7PMK_X Genome stability, DNA r   5.1   7E+02  0.0077   14.2   0.0    6    1-6    1159-1164(1238)
  3 1NEI_B hypothetical protein yo   4.6 7.9E+02  0.0088   10.3   0.0    4    2-5      12-15  (60)
  4 4E80_B Poly(A) RNA polymerase    4.3 8.5E+02  0.0094   10.8   0.0    6    1-6     400-405 (405)
  5 4UD4_A POLY(A) RNA POLYMERASE    4.2 8.9E+02  0.0098   10.4   0.0    6    1-6     361-366 (366)
  6 3GIO_A Putative uncharacterize   3.9 9.9E+02   0.011   11.9   0.0    6    1-6     126-131 (186)
  7 1YTV_M Maltose-binding peripla   3.6 1.1E+03   0.012   10.5   0.0    5    1-5       5-9   (84)
  8 1YTV_N Maltose-binding peripla   3.6 1.1E+03   0.012   10.5   0.0    5    1-5       5-9   (84)
  9 6TWR_A Beta-glucoside bgl oper   3.5 1.1E+03   0.012    9.2   0.0    3    1-3       8-10  (175)
 10 4AXG_C EUKARYOTIC TRANSLATION    3.5 1.1E+03   0.012   11.2   0.0    6    1-6     100-105 (130)

No 1
>6EKC_N8 Ribulose bisphosphate carboxylase large chain; zinc finger, assembly chaperone, assembly; HET: ZN; 2.63A {Thermosynechococcus elongatus (strain BP-1)}
Probab=5.12  E-value=6.9e+02  Score=8.94  Aligned_cols=5  Identities=60%  Similarity=0.813  Sum_probs=0.0  Template_Neff=7.900

Q NNNNNE            2 NNNNE    6 (6)
Q Consensus         2 nnnne    6 (6)
                      ||+|.
T Consensus         4 ~~~~~    8 (81)
T 6EKC_N8           4 NNNPQ    8 (81)
T ss_pred             CCCCC


No 2
>7PMK_X Genome stability, DNA replication, Ubiquitination; HET: ANP; 3.2A {Saccharomyces cerevisiae}
Probab=5.08  E-value=7e+02  Score=14.23  Aligned_cols=6  Identities=83%  Similarity=1.149  Sum_probs=0.0  Template_Neff=6.500

Q NNNNNE            1 NNNNNE    6 (6)
Q Consensus         1 nnnnne    6 (6)
                      |||||.
T Consensus      1159 ~~~~~~ 1164 (1238)
T 7PMK_X         1159 NNNNNQ 1164 (1238)
T ss_dssp             ------
T ss_pred             CCCCCC


No 3
>1NEI_B hypothetical protein yoaG; Alpha/Beta protein, homodimer, OCSP, NESG; NMR {Escherichia coli} SCOP: d.253.1.1
Probab=4.60  E-value=7.9e+02  Score=10.28  Aligned_cols=4  Identities=75%  Similarity=1.024  Sum_probs=0.0  Template_Neff=2.300

Q NNNNNE            2 NNNN    5 (6)
Q Consensus         2 nnnn    5 (6)
                      ||||
T Consensus        12 NnnN   15 (60)
T 1NEI_B           12 NNSN   15 (60)
T ss_dssp             ETTT
T ss_pred             eCCC


No 4
>4E80_B Poly(A) RNA polymerase protein cid1; Beta polymerase-like nucleotidyl transferase, terminal; HET: UTP; 3.02A {Schizosaccharomyces pombe 972h-}
Probab=4.35  E-value=8.5e+02  Score=10.81  Aligned_cols=6  Identities=33%  Similarity=0.728  Sum_probs=0.0  Template_Neff=9.200

Q NNNNNE            1 NNNNNE    6 (6)
Q Consensus         1 nnnnne    6 (6)
                      +|+|.|
T Consensus       400 ~~~~~~  405 (405)
T 4E80_B          400 DGDNSE  405 (405)
T ss_dssp             ------
T ss_pred             CCCCCC


No 5
>4UD4_A POLY(A) RNA POLYMERASE PROTEIN CID1; TRANSFERASE, URIDYLYLTRANSFERASE ENZYME; HET: GOL; 1.74A {SCHIZOSACCHAROMYCES POMBE}
Probab=4.20  E-value=8.9e+02  Score=10.37  Aligned_cols=6  Identities=33%  Similarity=0.728  Sum_probs=0.0  Template_Neff=9.700

Q NNNNNE            1 NNNNNE    6 (6)
Q Consensus         1 nnnnne    6 (6)
                      +|+|.|
T Consensus       361 ~~~~~~  366 (366)
T 4UD4_A          361 DGDNSE  366 (366)
T ss_dssp             ------
T ss_pred             CCCCCC


No 6
>3GIO_A Putative uncharacterized protein; antiparallel beta sheet, four-helix bundle; HET: MSE; 2.4A {Helicobacter pylori}
Probab=3.86  E-value=9.9e+02  Score=11.90  Aligned_cols=6  Identities=67%  Similarity=0.833  Sum_probs=0.0  Template_Neff=2.200

Q NNNNNE            1 NNNNNE    6 (6)
Q Consensus         1 nnnnne    6 (6)
                      |.||.|
T Consensus       126 NPNN~E  131 (186)
T 3GIO_A          126 NPNNEE  131 (186)
T ss_dssp             ETTTTE
T ss_pred             CCCCCe


No 7
>1YTV_M Maltose-binding periplasmic protein/Vasopressin V1a receptor; vasopressin  receptor  GPCR; HET: MAL; 1.8A {Escherichia coli}
Probab=3.56  E-value=1.1e+03  Score=10.52  Aligned_cols=5  Identities=100%  Similarity=1.265  Sum_probs=0.0  Template_Neff=1.700

Q NNNNNE            1 NNNNN    5 (6)
Q Consensus         1 nnnnn    5 (6)
                      |||||
T Consensus         5 ~~~~~    9 (84)
T 1YTV_M            5 NNNNN    9 (84)
T ss_pred             cccCC


No 8
>1YTV_N Maltose-binding periplasmic protein/Vasopressin V1a receptor; vasopressin  receptor  GPCR; HET: GLC; 1.8A {Escherichia coli}
Probab=3.56  E-value=1.1e+03  Score=10.52  Aligned_cols=5  Identities=100%  Similarity=1.265  Sum_probs=0.0  Template_Neff=1.700

Q NNNNNE            1 NNNNN    5 (6)
Q Consensus         1 nnnnn    5 (6)
                      |||||
T Consensus         5 ~~~~~    9 (84)
T 1YTV_N            5 NNNNN    9 (84)
T ss_pred             cccCC


No 9
>6TWR_A Beta-glucoside bgl operon antiterminator BglG; antitermination protein, Bacillus subtilis, dimeric; NMR {Bacillus subtilis}
Probab=3.53  E-value=1.1e+03  Score=9.16  Aligned_cols=3  Identities=100%  Similarity=1.265  Sum_probs=0.0  Template_Neff=9.100

Q NNNNNE            1 NNN    3 (6)
Q Consensus         1 nnn    3 (6)
                      |||
T Consensus         8 nnn   10 (175)
T 6TWR_A            8 NNN   10 (175)
T ss_dssp             SSS
T ss_pred             eCc


No 10
>4AXG_C EUKARYOTIC TRANSLATION INITIATION FACTOR 4E; 4E-BP, MRNA LOCALIZATION, TRANSLATION; 2.8A {DROSOPHILA MELANOGASTER}
Probab=3.51  E-value=1.1e+03  Score=11.18  Aligned_cols=6  Identities=100%  Similarity=1.254  Sum_probs=0.0  Template_Neff=2.000

Q NNNNNE            1 NNNNNE    6 (6)
Q Consensus         1 nnnnne    6 (6)
                      ++++||
T Consensus       100 ~~~~Ne  105 (130)
T 4AXG_C          100 NNNNNE  105 (130)
T ss_dssp             ------
T ss_pred             cccccc


