Query         GYVIIK
Match_columns 6
No_of_seqs    1 out of 1
Neff          1
Searched_HMMs 90378
Date          Mon Dec 20 05:50:30 2021
Command       /media/stefano/DISCO1/FOLDEN/hh-suite/build/bin/hhsearch -i /media/stefano/DISCO1/FOLDEN/trRosetta2/example/GYVIIK/protein.hhm -d /media/stefano/DISCO1/FOLDEN/trRosettaX/pdb70/pdb70 -o /media/stefano/DISCO1/FOLDEN/trRosetta2/example/GYVIIK/protein.out -cpu 32 

 No Hit                             Prob E-value P-value  Score    SS Cols Query HMM  Template HMM
  1 4XAB_A EvdO2; oxidoreductase,   66.4     4.9 5.4E-05   15.2   0.0    6    1-6      22-27  (252)
  2 6OXJ_A Verruculogen synthase (  59.7       8 8.9E-05   15.5   0.0    6    1-6      30-35  (292)
  3 4XAA_A AviO1; oxidoreductase,   58.8     8.5 9.4E-05   14.0   0.0    6    1-6      19-24  (223)
  4 2A1X_A Phytanoyl-CoA dioxygena  58.4     8.7 9.6E-05   15.5   0.0    6    1-6      35-40  (308)
  5 6S0U_D Kanamycin B dioxygenase  57.8     9.1  0.0001   15.3   0.0    6    1-6      39-44  (279)
  6 4Q5O_A Ectoine hydroxylase; je  56.8     9.7 0.00011   15.8   0.0    6    1-6      53-58  (314)
  7 4NAO_A Putative oxygenase; jel  55.6      10 0.00012   15.8   0.0    6    1-6      43-48  (326)
  8 2OPW_A PHYHD1 protein; PHYHD1,  54.9      11 0.00012   15.0   0.0    6    1-6      16-21  (291)
  9 3OBZ_A Phytanoyl-CoA dioxygena  54.9      11 0.00012   15.0   0.0    6    1-6      16-21  (291)
 10 5YBN_A PrhA; alpha-kegoglutara  53.3      12 0.00013   15.5   0.0    6    1-6      45-50  (314)
 11 5NCI_B Leucine hydroxylase; Fe  53.1      12 0.00014   14.4   0.0    6    1-6      18-23  (268)
 12 5ZM3_B Dioxygenase andA (E.C.1  52.9      12 0.00014   15.4   0.0    6    1-6      44-49  (306)
 13 5ZM4_C Dioxygenase andA (E.C.1  52.9      12 0.00014   15.4   0.0    6    1-6      44-49  (306)
 14 6EOZ_A Phytanoyl-CoA dioxygena  52.6      13 0.00014   15.2   0.0    6    1-6      31-36  (308)
 15 5M0T_A Alpha-ketoglutarate-dep  50.9      14 0.00016   14.8   0.0    6    1-6      32-37  (294)
 16 5DAV_A Phytanoyl-CoA dioxygena  50.4      14 0.00016   15.2   0.0    6    1-6      31-36  (308)
 17 6S0T_D Kanamycin B dioxygenase  48.6      16 0.00018   14.7   0.0    6    1-6      40-45  (288)
 18 4Y5T_B FtmOx1; apo, FtmOx1, ir  48.1      17 0.00018   15.2   0.0    6    1-6      32-37  (315)
 19 4ZPI_C Putative oxidase/hydrox  47.9      17 0.00019   14.4   0.0    6    1-6      16-21  (258)
 20 2RDN_A 1-deoxypentalenic acid   47.4      17 0.00019   14.6   0.0    6    1-6      32-37  (288)
 21 2RDQ_A 1-deoxypentalenic acid   47.4      17 0.00019   14.6   0.0    6    1-6      32-37  (288)
 22 7CL2_A Kanamycin B dioxygenase  47.0      18  0.0002   15.1   0.0    6    1-6      53-58  (301)
 23 4XCB_D HygX; oxidoreductase, d  44.4      21 0.00023   14.1   0.0    6    1-6      19-24  (261)
 24 3NNM_A CurA; non-haem Fe(II)/a  44.2      21 0.00023   15.1   0.0    6    1-6      41-46  (344)
 25 7JSD_C Hydroxylase, non-heme i  43.9      21 0.00024   14.5   0.0    6    1-6      37-42  (263)
 26 3NNF_A CurA; non-haem Fe(II)/a  43.8      21 0.00024   15.2   0.0    6    1-6      41-46  (344)
 27 4MHR_A Ectoine hydroxylase; 2-  43.3      22 0.00024   14.6   0.0    6    1-6      53-58  (314)
 28 2CSG_A putative cytoplasmic pr  42.5      23 0.00026   16.1   0.0    6    1-6      89-94  (424)
 29 5ERL_D SnoN,SnoN; alpha ketogl  40.9      26 0.00028   14.5   0.0    6    1-6      44-49  (305)
 30 5EP9_A SnoN,Epimerase SnoN; po  37.6      31 0.00034   14.3   0.0    6    1-6      44-49  (305)
 31 4RGK_A Uncharacterized protein  35.5      35 0.00039   15.4   0.0    6    1-6      84-89  (418)
 32 6AKZ_A GlcNAc Inducible Gene 2  31.5      45  0.0005   15.8   0.0    6    1-6      86-91  (476)
 33 1QV9_B F420-dependent methylen  28.9      54 0.00059   16.6   0.0    6    1-6     115-120 (283)
 34 1U6I_H F420-dependent methylen  28.9      54 0.00059   16.6   0.0    6    1-6     115-120 (283)
 35 1U6K_C F420-dependent methylen  28.9      54 0.00059   16.6   0.0    6    1-6     115-120 (283)
 36 3DNL_E HIV-1 envelope glycopro  28.8      54  0.0006   13.9   0.0    6    1-6      25-30  (170)
 37 7KKF_A Peptidyl-prolyl cis-tra  28.6      55 0.00061   12.8   0.0    6    1-6     162-167 (170)
 38 2HFQ_A Hypothetical protein; a  25.9      66 0.00073   14.1   0.0    6    1-6      97-102 (109)
 39 2DBN_A Hypothetical protein yb  25.6      67 0.00074   15.3   0.0    6    1-6     126-131 (461)
 40 3IG9_B Soc small outer capsid   24.3      74 0.00081   13.7   0.0    6    1-6       3-8   (78)
 41 3IG9_C Soc small outer capsid   24.3      74 0.00081   13.7   0.0    6    1-6       3-8   (78)
 42 5VF3_X Capsid vertex protein g  23.5      78 0.00086   13.7   0.0    6    1-6       6-11  (80)
 43 3FUS_A EXTERIOR MEMBRANE GLYCO  22.5      84 0.00093   14.8   0.0    6    1-6      77-82  (316)
 44 5AGI_A POTENTIAL CYTOSOLIC LEU  21.5      91   0.001   13.8   0.0    6    1-6       2-7   (261)
 45 1QQR_B STREPTOKINASE DOMAIN B;  20.9      96  0.0011   13.6   0.0    6    1-6      63-68  (138)
 46 1QQR_C STREPTOKINASE DOMAIN B;  20.9      96  0.0011   13.6   0.0    6    1-6      63-68  (138)

No 1
>4XAB_A EvdO2; oxidoreductase, double stranded beta helix; HET: IMD; 1.75A {Micromonospora carbonacea}
Probab=66.43  E-value=4.9  Score=15.19  Aligned_cols=6  Identities=33%  Similarity=0.999  Sum_probs=3.9  Template_Neff=10.700

Q GYVIIK            1 GYVIIK    6 (6)
Q Consensus         1 gyviik    6 (6)
                      ||+||+
T Consensus        22 Gy~ii~   27 (252)
T 4XAB_A           22 GFAILP   27 (252)
T ss_dssp             SEEEES
T ss_pred             CEEecC
Confidence            677764


No 2
>6OXJ_A Verruculogen synthase (E.C.1.14.11.38); endoperoxidation, deprenylation, oxygenase, metalloenzyme, fumitremorgin; 1.55A {Neosartorya fumigata (strain ATCC MYA-4609 / Af293 / CBS 101355 / FGSC A1100)}
Probab=59.69  E-value=8  Score=15.46  Aligned_cols=6  Identities=50%  Similarity=0.805  Sum_probs=3.9  Template_Neff=9.900

Q GYVIIK            1 GYVIIK    6 (6)
Q Consensus         1 gyviik    6 (6)
                      ||++|+
T Consensus        30 Gyvvi~   35 (292)
T 6OXJ_A           30 GAFILK   35 (292)
T ss_pred             CEEEcc
Confidence            677764


No 3
>4XAA_A AviO1; oxidoreductase, double stranded beta helix; 2.3A {Streptomyces viridochromogenes Tue57}
Probab=58.80  E-value=8.5  Score=13.99  Aligned_cols=6  Identities=17%  Similarity=0.396  Sum_probs=3.5  Template_Neff=11.200

Q GYVIIK            1 GYVIIK    6 (6)
Q Consensus         1 gyviik    6 (6)
                      ||++++
T Consensus        19 G~~v~~   24 (223)
T 4XAA_A           19 GFANAG   24 (223)
T ss_dssp             SEEEEE
T ss_pred             CeEEeC
Confidence            566653


No 4
>2A1X_A Phytanoyl-CoA dioxygenase (E.C.1.14.11.18); beta jelly roll, DOUBLE-STRANDED BETA-HELIX; HET: AKG; 2.5A {Homo sapiens} SCOP: b.82.2.9
Probab=58.43  E-value=8.7  Score=15.48  Aligned_cols=6  Identities=50%  Similarity=1.320  Sum_probs=3.7  Template_Neff=9.900

Q GYVIIK            1 GYVIIK    6 (6)
Q Consensus         1 gyviik    6 (6)
                      ||++|+
T Consensus        35 Gyvvi~   40 (308)
T 2A1X_A           35 GFLVIK   40 (308)
T ss_dssp             SEEEET
T ss_pred             CEEEec
Confidence            677664


No 5
>6S0U_D Kanamycin B dioxygenase (E.C.1.14.11.37); non-heme iron dioxygenase, alpha-ketoglutarate dioxygenase; HET: PEG, AKG; 2.15A {Streptomyces kanamyceticus}
Probab=57.78  E-value=9.1  Score=15.28  Aligned_cols=6  Identities=17%  Similarity=0.761  Sum_probs=3.7  Template_Neff=9.800

Q GYVIIK            1 GYVIIK    6 (6)
Q Consensus         1 gyviik    6 (6)
                      ||++|+
T Consensus        39 Gyvvl~   44 (279)
T 6S0U_D           39 GILVLT   44 (279)
T ss_dssp             SEEEEE
T ss_pred             CEEEEc
Confidence            677663


No 6
>4Q5O_A Ectoine hydroxylase; jelly-roll or cupin fold, ectoine; HET: AKG, 6CS; 2.64A {Sphingopyxis alaskensis RB2256}
Probab=56.77  E-value=9.7  Score=15.83  Aligned_cols=6  Identities=33%  Similarity=1.364  Sum_probs=3.9  Template_Neff=9.200

Q GYVIIK            1 GYVIIK    6 (6)
Q Consensus         1 gyviik    6 (6)
                      ||+||+
T Consensus        53 Gyvvl~   58 (314)
T 4Q5O_A           53 GYIVLE   58 (314)
T ss_dssp             SEEEEC
T ss_pred             CEEEEc
Confidence            677764


No 7
>4NAO_A Putative oxygenase; jelly-roll fold, Fe binding, OXIDOREDUCTASE; HET: P6G, AKG; 1.649A {Claviceps purpurea}
Probab=55.61  E-value=10  Score=15.75  Aligned_cols=6  Identities=50%  Similarity=0.822  Sum_probs=3.9  Template_Neff=9.300

Q GYVIIK            1 GYVIIK    6 (6)
Q Consensus         1 gyviik    6 (6)
                      ||+||+
T Consensus        43 G~vvi~   48 (326)
T 4NAO_A           43 GVAIIE   48 (326)
T ss_dssp             SEEEEE
T ss_pred             CEEEEc
Confidence            677764


No 8
>2OPW_A PHYHD1 protein; PHYHD1, double-stranded beta helix, oxygenase; 1.9A {Homo sapiens}
Probab=54.94  E-value=11  Score=15.03  Aligned_cols=6  Identities=17%  Similarity=1.143  Sum_probs=3.9  Template_Neff=10.000

Q GYVIIK            1 GYVIIK    6 (6)
Q Consensus         1 gyviik    6 (6)
                      ||++|+
T Consensus        16 Gyvvi~   21 (291)
T 2OPW_A           16 GFLVLE   21 (291)
T ss_dssp             SEEEET
T ss_pred             CEEEee
Confidence            677764


No 9
>3OBZ_A Phytanoyl-CoA dioxygenase domain-containing protein 1; Double stranded beta helix fold; HET: AKG; 2.15A {Homo sapiens}
Probab=54.94  E-value=11  Score=15.03  Aligned_cols=6  Identities=17%  Similarity=1.143  Sum_probs=3.9  Template_Neff=10.000

Q GYVIIK            1 GYVIIK    6 (6)
Q Consensus         1 gyviik    6 (6)
                      ||++|+
T Consensus        16 Gyvvi~   21 (291)
T 3OBZ_A           16 GFLVLE   21 (291)
T ss_dssp             SEEEET
T ss_pred             CEEEee
Confidence            677764


No 10
>5YBN_A PrhA; alpha-kegoglutarate-dependent dioxygenase, OXIDOREDUCTASE; HET: AKG; 2.104A {Penicillium brasilianum}
Probab=53.27  E-value=12  Score=15.50  Aligned_cols=6  Identities=50%  Similarity=0.988  Sum_probs=3.8  Template_Neff=9.300

Q GYVIIK            1 GYVIIK    6 (6)
Q Consensus         1 gyviik    6 (6)
                      ||+||+
T Consensus        45 Gyvvl~   50 (314)
T 5YBN_A           45 GCVVIE   50 (314)
T ss_dssp             SEEEEE
T ss_pred             CEEEEc
Confidence            677664


No 11
>5NCI_B Leucine hydroxylase; Fe(II)/alpha-ketoglutarate dependent dioxygenase, hydroxylase, non-heme; HET: AKG, LEU; 1.755A {Streptomyces sp. DSM 40835}
Probab=53.15  E-value=12  Score=14.41  Aligned_cols=6  Identities=50%  Similarity=1.364  Sum_probs=3.6  Template_Neff=10.500

Q GYVIIK            1 GYVIIK    6 (6)
Q Consensus         1 gyviik    6 (6)
                      ||++|+
T Consensus        18 G~~vl~   23 (268)
T 5NCI_B           18 GYVLLE   23 (268)
T ss_dssp             SEEEET
T ss_pred             CEEEec
Confidence            666653


No 12
>5ZM3_B Dioxygenase andA (E.C.1.14.11.-); Oxygenase, OXIDOREDUCTASE; HET: AKG, 9FR; 2.25A {Emericella variicolor}
Probab=52.93  E-value=12  Score=15.42  Aligned_cols=6  Identities=50%  Similarity=0.988  Sum_probs=3.7  Template_Neff=9.300

Q GYVIIK            1 GYVIIK    6 (6)
Q Consensus         1 gyviik    6 (6)
                      ||+||+
T Consensus        44 Gyvvi~   49 (306)
T 5ZM3_B           44 GCVIVE   49 (306)
T ss_dssp             SEEEEE
T ss_pred             CEEEEc
Confidence            677663


No 13
>5ZM4_C Dioxygenase andA (E.C.1.14.11.-); Oxygenase, OXIDOREDUCTASE; HET: 9FU, AKG; 1.95A {Emericella variicolor}
Probab=52.93  E-value=12  Score=15.42  Aligned_cols=6  Identities=50%  Similarity=0.988  Sum_probs=3.7  Template_Neff=9.300

Q GYVIIK            1 GYVIIK    6 (6)
Q Consensus         1 gyviik    6 (6)
                      ||+||+
T Consensus        44 Gyvvi~   49 (306)
T 5ZM4_C           44 GCVIVE   49 (306)
T ss_dssp             SEEEEE
T ss_pred             CEEEEc
Confidence            677663


No 14
>6EOZ_A Phytanoyl-CoA dioxygenase family protein (AFU_orthologue; Antibiotics, Quinolone Biosynthesis, Molecular Engineering; HET: AKG, 58K; 1.55A {Emericella nidulans (strain FGSC A4 / ATCC 38163 / CBS 112.46 / NRRL 194 / M139)}
Probab=52.64  E-value=13  Score=15.16  Aligned_cols=6  Identities=50%  Similarity=0.761  Sum_probs=3.8  Template_Neff=9.700

Q GYVIIK            1 GYVIIK    6 (6)
Q Consensus         1 gyviik    6 (6)
                      ||++|+
T Consensus        31 Gy~vi~   36 (308)
T 6EOZ_A           31 GAAIIE   36 (308)
T ss_dssp             SEEEEE
T ss_pred             CEEEEc
Confidence            677664


No 15
>5M0T_A Alpha-ketoglutarate-dependent non-heme iron oxygenase EasH; cycloclavine biosynthesis, EasH, Alpha-ketoglutarate-dependent non-heme; HET: AKG; 2.2A {Aspergillus japonicus}
Probab=50.91  E-value=14  Score=14.82  Aligned_cols=6  Identities=50%  Similarity=0.955  Sum_probs=3.6  Template_Neff=9.900

Q GYVIIK            1 GYVIIK    6 (6)
Q Consensus         1 gyviik    6 (6)
                      ||++|+
T Consensus        32 G~vvi~   37 (294)
T 5M0T_A           32 GVVVIE   37 (294)
T ss_dssp             SEEEEE
T ss_pred             CEEEEc
Confidence            666653


No 16
>5DAV_A Phytanoyl-CoA dioxygenase family protein (AFU_orthologue; Antibiotics, Biosynthesis, Alkaloids, Viridicatin, Desaturase; HET: 58J; 1.8A {Aspergillus nidulans FGSC A4}
Probab=50.45  E-value=14  Score=15.25  Aligned_cols=6  Identities=50%  Similarity=0.761  Sum_probs=3.8  Template_Neff=9.300

Q GYVIIK            1 GYVIIK    6 (6)
Q Consensus         1 gyviik    6 (6)
                      ||++|+
T Consensus        31 G~vvi~   36 (308)
T 5DAV_A           31 GAAIIE   36 (308)
T ss_dssp             SEEEEE
T ss_pred             CEEEEc
Confidence            677664


No 17
>6S0T_D Kanamycin B dioxygenase (E.C.1.14.11.37); non-heme iron dioxygenase, alpha-ketoglutarate dioxygenase; HET: SO4; 2.1A {Streptomyces kanamyceticus}
Probab=48.64  E-value=16  Score=14.67  Aligned_cols=6  Identities=17%  Similarity=0.761  Sum_probs=3.4  Template_Neff=9.800

Q GYVIIK            1 GYVIIK    6 (6)
Q Consensus         1 gyviik    6 (6)
                      ||++|+
T Consensus        40 G~~vi~   45 (288)
T 6S0T_D           40 GILVLT   45 (288)
T ss_dssp             SEEEEE
T ss_pred             CEEEEc
Confidence            566653


No 18
>4Y5T_B FtmOx1; apo, FtmOx1, iron, OXIDOREDUCTASE; HET: SO4, MES; 1.949A {Neosartorya fumigata}
Probab=48.08  E-value=17  Score=15.24  Aligned_cols=6  Identities=50%  Similarity=0.805  Sum_probs=3.7  Template_Neff=9.100

Q GYVIIK            1 GYVIIK    6 (6)
Q Consensus         1 gyviik    6 (6)
                      ||+||+
T Consensus        32 G~vvi~   37 (315)
T 4Y5T_B           32 GAFILK   37 (315)
T ss_dssp             SEEEEE
T ss_pred             CEEEEc
Confidence            677664


No 19
>4ZPI_C Putative oxidase/hydroxylase; oxidoreductase, double stranded beta helix; HET: SIN; 2.504A {Streptomyces hygroscopicus subsp. hygroscopicus}
Probab=47.94  E-value=17  Score=14.40  Aligned_cols=6  Identities=33%  Similarity=1.110  Sum_probs=3.7  Template_Neff=9.800

Q GYVIIK            1 GYVIIK    6 (6)
Q Consensus         1 gyviik    6 (6)
                      ||++++
T Consensus        16 G~vil~   21 (258)
T 4ZPI_C           16 GFLVIP   21 (258)
T ss_dssp             SEEEET
T ss_pred             CEEEec
Confidence            666653


No 20
>2RDN_A 1-deoxypentalenic acid 11-beta hydroxylase ; double stranded barrel helix, dioxygenase; HET: AKG, 1PL; 1.35A {Streptomyces avermitilis}
Probab=47.39  E-value=17  Score=14.58  Aligned_cols=6  Identities=33%  Similarity=1.259  Sum_probs=3.5  Template_Neff=9.800

Q GYVIIK            1 GYVIIK    6 (6)
Q Consensus         1 gyviik    6 (6)
                      ||++|+
T Consensus        32 Gy~vl~   37 (288)
T 2RDN_A           32 GYLFLR   37 (288)
T ss_dssp             SEEEES
T ss_pred             CeEEEe
Confidence            566653


No 21
>2RDQ_A 1-deoxypentalenic acid 11-beta hydroxylase ; double stranded barrel helix, dioxygenase; HET: AKG; 1.31A {Streptomyces avermitilis}
Probab=47.39  E-value=17  Score=14.58  Aligned_cols=6  Identities=33%  Similarity=1.259  Sum_probs=3.5  Template_Neff=9.800

Q GYVIIK            1 GYVIIK    6 (6)
Q Consensus         1 gyviik    6 (6)
                      ||++|+
T Consensus        32 Gy~vl~   37 (288)
T 2RDQ_A           32 GYLFLR   37 (288)
T ss_dssp             SEEEEC
T ss_pred             CeEEEe
Confidence            566653


No 22
>7CL2_A Kanamycin B dioxygenase (E.C.1.14.11.37); Dioxygenase, kanamycin biosynthesis, OXIDOREDUCTASE; HET: SO4, GOL; 2.0A {Streptomyces kanamyceticus}
Probab=46.96  E-value=18  Score=15.06  Aligned_cols=6  Identities=17%  Similarity=0.761  Sum_probs=3.6  Template_Neff=9.100

Q GYVIIK            1 GYVIIK    6 (6)
Q Consensus         1 gyviik    6 (6)
                      ||++|+
T Consensus        53 Gy~vi~   58 (301)
T 7CL2_A           53 GILVLT   58 (301)
T ss_dssp             SEEEEE
T ss_pred             CEEEEc
Confidence            566653


No 23
>4XCB_D HygX; oxidoreductase, double stranded beta helix; HET: AKG, HY0; 1.6A {Streptomyces hygroscopicus subsp. hygroscopicus}
Probab=44.37  E-value=21  Score=14.11  Aligned_cols=6  Identities=33%  Similarity=1.110  Sum_probs=3.5  Template_Neff=9.900

Q GYVIIK            1 GYVIIK    6 (6)
Q Consensus         1 gyviik    6 (6)
                      ||++|+
T Consensus        19 G~~vi~   24 (261)
T 4XCB_D           19 GFLVIP   24 (261)
T ss_dssp             SEEEET
T ss_pred             CeEEec
Confidence            566653


No 24
>3NNM_A CurA; non-haem Fe(II)/alpha-ketoglutarate-dependent enzyme, catalyzes a; HET: FMT; 2.69A {Lyngbya majuscula}
Probab=44.18  E-value=21  Score=15.14  Aligned_cols=6  Identities=67%  Similarity=1.093  Sum_probs=3.6  Template_Neff=9.100

Q GYVIIK            1 GYVIIK    6 (6)
Q Consensus         1 gyviik    6 (6)
                      ||++|+
T Consensus        41 Gyvvi~   46 (344)
T 3NNM_A           41 GYCQIK   46 (344)
T ss_dssp             SEEEET
T ss_pred             CeEEec
Confidence            566653


No 25
>7JSD_C Hydroxylase, non-heme iron, BIOSYNTHETIC PROTEIN; HET: PG4, AKG, LYS; 2.5A {Streptomyces roseifaciens}
Probab=43.90  E-value=21  Score=14.45  Aligned_cols=6  Identities=33%  Similarity=0.805  Sum_probs=3.3  Template_Neff=9.300

Q GYVIIK            1 GYVIIK    6 (6)
Q Consensus         1 gyviik    6 (6)
                      ||++|+
T Consensus        37 G~vvi~   42 (263)
T 7JSD_C           37 GFVKFD   42 (263)
T ss_dssp             SEEEEC
T ss_pred             CeEEec
Confidence            566553


No 26
>3NNF_A CurA; non-haem Fe(II)/alpha-ketoglutarate-dependent enzymes, catalyzes a; HET: FMT, AKG; 2.201A {Lyngbya majuscula}
Probab=43.79  E-value=21  Score=15.23  Aligned_cols=6  Identities=67%  Similarity=1.093  Sum_probs=3.6  Template_Neff=8.900

Q GYVIIK            1 GYVIIK    6 (6)
Q Consensus         1 gyviik    6 (6)
                      ||++|+
T Consensus        41 Gyvvl~   46 (344)
T 3NNF_A           41 GYCQIK   46 (344)
T ss_dssp             SEEEET
T ss_pred             CEEEeC
Confidence            666654


No 27
>4MHR_A Ectoine hydroxylase; 2-His-1-carboxylate facial triad cupin fold; 2.1A {Sphingopyxis alaskensis}
Probab=43.31  E-value=22  Score=14.65  Aligned_cols=6  Identities=33%  Similarity=1.364  Sum_probs=3.3  Template_Neff=9.500

Q GYVIIK            1 GYVIIK    6 (6)
Q Consensus         1 gyviik    6 (6)
                      ||++|+
T Consensus        53 Gyvvi~   58 (314)
T 4MHR_A           53 GYIVLE   58 (314)
T ss_dssp             SEEEEC
T ss_pred             CEEEEc
Confidence            566653


No 28
>2CSG_A putative cytoplasmic protein; OXIDOREDUCTASE, PENICILLIN, MONONUCLEAR FERROUS ENZYMES; HET: CIT, ICT; 2.9A {Salmonella typhimurium} SCOP: b.82.2.12
Probab=42.47  E-value=23  Score=16.13  Aligned_cols=6  Identities=50%  Similarity=0.916  Sum_probs=3.8  Template_Neff=7.900

Q GYVIIK            1 GYVIIK    6 (6)
Q Consensus         1 gyviik    6 (6)
                      |||+|+
T Consensus        89 G~vVIr   94 (424)
T 2CSG_A           89 GCAVIK   94 (424)
T ss_dssp             SEEEET
T ss_pred             CEEEEc
Confidence            677664


No 29
>5ERL_D SnoN,SnoN; alpha ketoglutarate dependent epimerase, substrate; HET: 5R6, SIN; 2.85A {Streptomyces nogalater}
Probab=40.90  E-value=26  Score=14.54  Aligned_cols=6  Identities=50%  Similarity=1.005  Sum_probs=3.4  Template_Neff=9.300

Q GYVIIK            1 GYVIIK    6 (6)
Q Consensus         1 gyviik    6 (6)
                      |||+|+
T Consensus        44 G~vvl~   49 (305)
T 5ERL_D           44 GYVHVP   49 (305)
T ss_dssp             SEEEET
T ss_pred             CeEecC
Confidence            566653


No 30
>5EP9_A SnoN,Epimerase SnoN; polyketide biosynthesis, iron center, metal; HET: AKG; 2.13A {Streptomyces nogalater}
Probab=37.56  E-value=31  Score=14.29  Aligned_cols=6  Identities=50%  Similarity=1.005  Sum_probs=3.3  Template_Neff=9.300

Q GYVIIK            1 GYVIIK    6 (6)
Q Consensus         1 gyviik    6 (6)
                      ||++|+
T Consensus        44 G~vvl~   49 (305)
T 5EP9_A           44 GYVHVP   49 (305)
T ss_dssp             SEEEET
T ss_pred             CEEecC
Confidence            566653


No 31
>4RGK_A Uncharacterized protein; Chicago Center for Functional Annotation; HET: SO4, EDO; 2.15A {Yersinia pestis}
Probab=35.50  E-value=35  Score=15.40  Aligned_cols=6  Identities=33%  Similarity=0.401  Sum_probs=3.6  Template_Neff=8.200

Q GYVIIK            1 GYVIIK    6 (6)
Q Consensus         1 gyviik    6 (6)
                      |||+|+
T Consensus        84 G~vVir   89 (418)
T 4RGK_A           84 GCCAIL   89 (418)
T ss_dssp             TEEEEE
T ss_pred             CEEEEc
Confidence            566653


No 32
>6AKZ_A GlcNAc Inducible Gene 2, GIG2; oxidoreductase, GIG, candida; 1.69A {Candida albicans (strain SC5314 / ATCC MYA-2876)}
Probab=31.54  E-value=45  Score=15.77  Aligned_cols=6  Identities=33%  Similarity=0.866  Sum_probs=3.7  Template_Neff=7.400

Q GYVIIK            1 GYVIIK    6 (6)
Q Consensus         1 gyviik    6 (6)
                      |||||+
T Consensus        86 G~vVIr   91 (476)
T 6AKZ_A           86 GCLMIE   91 (476)
T ss_pred             CEEEec
Confidence            666664


No 33
>1QV9_B F420-dependent methylenetetrahydromethanopterin dehydrogenase (E.C.1.5.99.9); monomer: alpha/beta domain, helix bundle; HET: MSE; 1.54A {Methanopyrus kandleri} SCOP: c.127.1.1
Probab=28.86  E-value=54  Score=16.58  Aligned_cols=6  Identities=50%  Similarity=1.475  Sum_probs=3.9  Template_Neff=2.800

Q GYVIIK            1 GYVIIK    6 (6)
Q Consensus         1 gyviik    6 (6)
                      ||+|++
T Consensus       115 GYIiv~  120 (283)
T 1QV9_B          115 GYILVK  120 (283)
T ss_dssp             EEEEET
T ss_pred             eEEEEc
Confidence            677764


No 34
>1U6I_H F420-dependent methylenetetrahydromethanopterin dehydrogenase (E.C.1.5.99.9); MONOMER: ALPHA/BETA DOMAIN, HELIX BUNDLE; 2.2A {Methanopyrus kandleri} SCOP: c.127.1.1
Probab=28.86  E-value=54  Score=16.58  Aligned_cols=6  Identities=50%  Similarity=1.475  Sum_probs=3.9  Template_Neff=2.800

Q GYVIIK            1 GYVIIK    6 (6)
Q Consensus         1 gyviik    6 (6)
                      ||+|++
T Consensus       115 GYIiv~  120 (283)
T 1U6I_H          115 GYILVK  120 (283)
T ss_dssp             EEEEET
T ss_pred             eEEEEc
Confidence            677764


No 35
>1U6K_C F420-dependent methylenetetrahydromethanopterin dehydrogenase (E.C.1.5.99.9); MONOMER: ALPHA/BETA DOMAIN, HELIX BUNDLE; HET: MSE; 1.55A {Methanopyrus kandleri} SCOP: c.127.1.1
Probab=28.86  E-value=54  Score=16.58  Aligned_cols=6  Identities=50%  Similarity=1.475  Sum_probs=3.9  Template_Neff=2.800

Q GYVIIK            1 GYVIIK    6 (6)
Q Consensus         1 gyviik    6 (6)
                      ||+|++
T Consensus       115 GYIiv~  120 (283)
T 1U6K_C          115 GYILVK  120 (283)
T ss_dssp             EEEEET
T ss_pred             eEEEEc
Confidence            677764


No 36
>3DNL_E HIV-1 envelope glycoprotein gp120; HIV-1, ENVELOPE GLYCOPROTEIN, IMMUNODEFICIENCY VIRUS; 20.0A {HIV-1 M:B_HXB2R}
Probab=28.84  E-value=54  Score=13.93  Aligned_cols=6  Identities=50%  Similarity=1.209  Sum_probs=3.4  Template_Neff=6.600

Q GYVIIK            1 GYVIIK    6 (6)
Q Consensus         1 gyviik    6 (6)
                      ||.|+|
T Consensus        25 g~ailk   30 (170)
T 3DNL_E           25 GFAILK   30 (170)
T ss_dssp             SEEEEE
T ss_pred             ceEEEE
Confidence            566654


No 37
>7KKF_A Peptidyl-prolyl cis-trans isomerase ESS1 (E.C.5.2.1.8); Ess1, prolyl isomerase, transcription, ISOMERASE; 2.4A {Saccharomyces cerevisiae}
Probab=28.60  E-value=55  Score=12.76  Aligned_cols=6  Identities=50%  Similarity=0.766  Sum_probs=2.8  Template_Neff=8.800

Q GYVIIK            1 GYVIIK    6 (6)
Q Consensus         1 gyviik    6 (6)
                      ||.||+
T Consensus       162 g~~Iik  167 (170)
T 7KKF_A          162 GVHVIK  167 (170)
T ss_dssp             CEEEEE
T ss_pred             eEEEEE
Confidence            455543


No 38
>2HFQ_A Hypothetical protein; a/b protein, Structural Genomics, PSI-2; NMR {Nitrosomonas europaea} SCOP: d.375.1.1
Probab=25.91  E-value=66  Score=14.14  Aligned_cols=6  Identities=67%  Similarity=1.165  Sum_probs=3.9  Template_Neff=3.600

Q GYVIIK            1 GYVIIK    6 (6)
Q Consensus         1 gyviik    6 (6)
                      ||.||+
T Consensus        97 Gy~Ii~  102 (109)
T 2HFQ_A           97 GYFIYK  102 (109)
T ss_dssp             SEEEEC
T ss_pred             CeEEEE
Confidence            677764


No 39
>2DBN_A Hypothetical protein ybiU; alpha/beta structure, hypothetical protein, Structural; HET: SO4; 1.7A {Escherichia coli}
Probab=25.59  E-value=67  Score=15.34  Aligned_cols=6  Identities=50%  Similarity=0.916  Sum_probs=3.5  Template_Neff=7.100

Q GYVIIK            1 GYVIIK    6 (6)
Q Consensus         1 gyviik    6 (6)
                      |||||+
T Consensus       126 G~vVIr  131 (461)
T 2DBN_A          126 GCAVIK  131 (461)
T ss_dssp             SEEEEE
T ss_pred             CEEEEc
Confidence            566653


No 40
>3IG9_B Soc small outer capsid protein; Alpha/Beta structure, VIRAL PROTEIN; HET: IMD; 1.9A {Enterobacteria phage RB69}
Probab=24.31  E-value=74  Score=13.73  Aligned_cols=6  Identities=83%  Similarity=1.232  Sum_probs=3.7  Template_Neff=2.300

Q GYVIIK            1 GYVIIK    6 (6)
Q Consensus         1 gyviik    6 (6)
                      |||-||
T Consensus         3 ~yVNIK    8 (78)
T 3IG9_B            3 GYVNIK    8 (78)
T ss_dssp             SEEEEE
T ss_pred             ceeeeE
Confidence            566665


No 41
>3IG9_C Soc small outer capsid protein; Alpha/Beta structure, VIRAL PROTEIN; HET: IMD; 1.9A {Enterobacteria phage RB69}
Probab=24.31  E-value=74  Score=13.73  Aligned_cols=6  Identities=83%  Similarity=1.232  Sum_probs=3.7  Template_Neff=2.300

Q GYVIIK            1 GYVIIK    6 (6)
Q Consensus         1 gyviik    6 (6)
                      |||-||
T Consensus         3 ~yVNIK    8 (78)
T 3IG9_C            3 GYVNIK    8 (78)
T ss_dssp             CEEEEE
T ss_pred             ceeeeE
Confidence            566665


No 42
>5VF3_X Capsid vertex protein gp24, Major; Bacteriophage T4, isometric head, virus; 3.3A {Enterobacteria phage T4}
Probab=23.54  E-value=78  Score=13.73  Aligned_cols=6  Identities=83%  Similarity=1.232  Sum_probs=3.7  Template_Neff=2.200

Q GYVIIK            1 GYVIIK    6 (6)
Q Consensus         1 gyviik    6 (6)
                      |||-||
T Consensus         6 ~YVNIK   11 (80)
T 5VF3_X            6 GYVNIK   11 (80)
T ss_dssp             CEEEEE
T ss_pred             ceeEEE
Confidence            566665


No 43
>3FUS_A EXTERIOR MEMBRANE GLYCOPROTEIN GP120; SIV, AIDS, gp120, structural refinement; HET: BMA, NDG, FUL, NAG, MAN; 4.0A {Simian immunodeficiency virus}
Probab=22.47  E-value=84  Score=14.76  Aligned_cols=6  Identities=33%  Similarity=1.265  Sum_probs=3.6  Template_Neff=6.200

Q GYVIIK            1 GYVIIK    6 (6)
Q Consensus         1 gyviik    6 (6)
                      ||+|+|
T Consensus        77 G~ailk   82 (316)
T 3FUS_A           77 GYALLR   82 (316)
T ss_dssp             SCCCCC
T ss_pred             ceEEEE
Confidence            566654


No 44
>5AGI_A POTENTIAL CYTOSOLIC LEUCYL TRNA SYNTHETASE; LIGASE, AMINOACYL-TRNA SYNTHETASE, AMINOACYLATION, PROTEIN; HET: GOL, ANZ; 1.47A {CANDIDA ALBICANS}
Probab=21.50  E-value=91  Score=13.80  Aligned_cols=6  Identities=83%  Similarity=1.137  Sum_probs=3.6  Template_Neff=7.200

Q GYVIIK            1 GYVIIK    6 (6)
Q Consensus         1 gyviik    6 (6)
                      ||+.||
T Consensus         2 ~~~~~~    7 (261)
T 5AGI_A            2 GYVGIK    7 (261)
T ss_dssp             CEEEEE
T ss_pred             CeeEEE
Confidence            566664


No 45
>1QQR_B STREPTOKINASE DOMAIN B; NON-PROTEOLYTIC, PLASMINOGEN ACTIVATION, FIBRINOLYSIS, HYDROLASE; 2.3A {Streptococcus dysgalactiae subsp. equisimilis} SCOP: d.15.5.1
Probab=20.85  E-value=96  Score=13.65  Aligned_cols=6  Identities=50%  Similarity=1.049  Sum_probs=3.0  Template_Neff=4.800

Q GYVIIK            1 GYVIIK    6 (6)
Q Consensus         1 gyviik    6 (6)
                      ||.|+|
T Consensus        63 gY~I~k   68 (138)
T 1QQR_B           63 GYTIYE   68 (138)
T ss_dssp             TEEEEE
T ss_pred             CeeEEE
Confidence            455543


No 46
>1QQR_C STREPTOKINASE DOMAIN B; NON-PROTEOLYTIC, PLASMINOGEN ACTIVATION, FIBRINOLYSIS, HYDROLASE; 2.3A {Streptococcus dysgalactiae subsp. equisimilis} SCOP: d.15.5.1
Probab=20.85  E-value=96  Score=13.65  Aligned_cols=6  Identities=50%  Similarity=1.049  Sum_probs=3.0  Template_Neff=4.800

Q GYVIIK            1 GYVIIK    6 (6)
Q Consensus         1 gyviik    6 (6)
                      ||.|+|
T Consensus        63 gY~I~k   68 (138)
T 1QQR_C           63 GYTIYE   68 (138)
T ss_dssp             TEEEEE
T ss_pred             CeeEEE
Confidence            455543


