Query         CATVYV
Match_columns 6
No_of_seqs    1 out of 1
Neff          1
Searched_HMMs 90378
Date          Sun Dec 19 16:18:01 2021
Command       /media/stefano/DISCO1/FOLDEN/hh-suite/build/bin/hhsearch -i /media/stefano/DISCO1/FOLDEN/trRosetta2/example/CATVYV/protein.hhm -d /media/stefano/DISCO1/FOLDEN/trRosettaX/pdb70/pdb70 -o /media/stefano/DISCO1/FOLDEN/trRosetta2/example/CATVYV/protein.out -cpu 32 

 No Hit                             Prob E-value P-value  Score    SS Cols Query HMM  Template HMM
  1 6YWY_DD uL2m, uL3m, uL4m, uL5m  31.8      45 0.00049   16.9   0.0    6    1-6     416-421 (453)
  2 5MRC_DD 54S ribosomal protein   30.6      48 0.00053   16.7   0.0    6    1-6     448-453 (486)
  3 5MRF_DD 54S ribosomal protein   27.9      57 0.00064   16.7   0.0    6    1-6     448-453 (486)
  4 7C9J_A Protein-glutamine gamma  15.0 1.6E+02  0.0018   14.2   0.0    6    1-6     116-121 (254)
  5 4CRN_X ERF3 IN RIBOSOME BOUND   11.2 2.5E+02  0.0027   12.5   0.0    6    1-6      31-36  (437)
  6 5H6I_A Protein B; Pore forming  10.4 2.7E+02   0.003   13.8   0.0    5    2-6     174-178 (246)
  7 7AOI_BI bL28m, uL29m, uL30m, b   9.4 3.1E+02  0.0035   10.7   0.0    5    1-5     319-323 (323)
  8 1JOS_A RIBOSOME-BINDING FACTOR   9.2 3.2E+02  0.0035   10.6   0.0    5    2-6      49-53  (128)
  9 1KKG_A ribosome-binding factor   9.1 3.3E+02  0.0036   10.1   0.0    5    2-6      50-54  (108)
 10 7BOG_V 30S ribosomal protein S   9.0 3.3E+02  0.0036   10.7   0.0    5    2-6      50-54  (133)

No 1
>6YWY_DD uL2m, uL3m, uL4m, uL5m, uL6m; Neurospora crassa, translating Mitoribosomes, tRNA; HET: ATP, NAD, K, SPM, MG;{Neurospora crassa}
Probab=31.77  E-value=45  Score=16.92  Aligned_cols=6  Identities=67%  Similarity=1.525  Sum_probs=4.5  Template_Neff=5.000

Q CATVYV            1 CATVYV    6 (6)
Q Consensus         1 catvyv    6 (6)
                      |+.||.
T Consensus       416 C~AVYL  421 (453)
T 6YWY_DD         416 CAAVYL  421 (453)
T ss_pred             chhhhh
Confidence            788874


No 2
>5MRC_DD 54S ribosomal protein RML2, mitochondrial; yeast, mitochondrial, ribosome, saccharomyces cerevisiae; HET: GDP, MG; 3.25A {Saccharomyces cerevisiae}
Probab=30.65  E-value=48  Score=16.72  Aligned_cols=6  Identities=50%  Similarity=1.348  Sum_probs=4.5  Template_Neff=5.500

Q CATVYV            1 CATVYV    6 (6)
Q Consensus         1 catvyv    6 (6)
                      |+.||.
T Consensus       448 C~AVYL  453 (486)
T 5MRC_DD         448 CHAVYL  453 (486)
T ss_pred             ccchhh
Confidence            788874


No 3
>5MRF_DD 54S ribosomal protein RML2, mitochondrial; yeast, mitochondrial, ribosome, saccharomyces cerevisiae; HET: MG, GDP; 4.97A {Saccharomyces cerevisiae}
Probab=27.86  E-value=57  Score=16.75  Aligned_cols=6  Identities=50%  Similarity=1.348  Sum_probs=4.4  Template_Neff=4.900

Q CATVYV            1 CATVYV    6 (6)
Q Consensus         1 catvyv    6 (6)
                      |+.||+
T Consensus       448 c~avyl  453 (486)
T 5MRF_DD         448 CHAVYL  453 (486)
T ss_pred             ceeeec
Confidence            778874


No 4
>7C9J_A Protein-glutamine gamma-glutamyltransferase (E.C.2.3.2.13); Transglutaminase, TRANSFERASE; HET: CIT, EDO; 2.1A {Geobacillus stearothermophilus}
Probab=15.04  E-value=1.6e+02  Score=14.22  Aligned_cols=6  Identities=50%  Similarity=0.456  Sum_probs=3.2  Template_Neff=4.600

Q CATVYV            1 CATVYV    6 (6)
Q Consensus         1 catvyv    6 (6)
                      |||.+|
T Consensus       116 CATAiV  121 (254)
T 7C9J_A          116 AATAIV  121 (254)
T ss_dssp             HHHHHH
T ss_pred             HHHHHH
Confidence            666543


No 5
>4CRN_X ERF3 IN RIBOSOME BOUND ERF1-ERF3-GDPNP; TRANSLATION, TERMINATION, CRYO-EM; HET: GNP; 9.1A {SACCHAROMYCES CEREVISIAE}
Probab=11.17  E-value=2.5e+02  Score=12.54  Aligned_cols=6  Identities=0%  Similarity=0.202  Sum_probs=0.0  Template_Neff=9.100

Q CATVYV            1 CATVYV    6 (6)
Q Consensus         1 catvyv    6 (6)
                      |.|+|+
T Consensus        31 ~vSiyl   36 (437)
T 4CRN_X           31 MISLVI   36 (437)
T ss_pred             eEEEEe


No 6
>5H6I_A Protein B; Pore forming toxin, TOXIN; HET: SO4; 2.45A {Streptococcus agalactiae}
Probab=10.37  E-value=2.7e+02  Score=13.81  Aligned_cols=5  Identities=60%  Similarity=1.052  Sum_probs=0.0  Template_Neff=3.600

Q CATVYV            2 ATVYV    6 (6)
Q Consensus         2 atvyv    6 (6)
                      ||+||
T Consensus       174 ATiYv  178 (246)
T 5H6I_A          174 ATIYT  178 (246)
T ss_dssp             CCTTT
T ss_pred             hhHHh


No 7
>7AOI_BI bL28m, uL29m, uL30m, bL32m, bL33m; mitochondria, translation, trypanosoma, assembly, evolution; HET: ADP, GTP, NAD, 4HH; 3.5A {Trypanosoma brucei}
Probab=9.40  E-value=3.1e+02  Score=10.72  Aligned_cols=5  Identities=60%  Similarity=1.491  Sum_probs=0.0  Template_Neff=11.100

Q CATVYV            1 CATVY    5 (6)
Q Consensus         1 catvy    5 (6)
                      |.|.|
T Consensus       319 ~~~~~  323 (323)
T 7AOI_BI         319 CGTAY  323 (323)
T ss_pred             cCCCC


No 8
>1JOS_A RIBOSOME-BINDING FACTOR A; RNA BINDING PROTEIN, Structure 2; 1.7A {Haemophilus influenzae} SCOP: d.52.7.1
Probab=9.22  E-value=3.2e+02  Score=10.57  Aligned_cols=5  Identities=40%  Similarity=0.939  Sum_probs=0.0  Template_Neff=8.000

Q CATVYV            2 ATVYV    6 (6)
Q Consensus         2 atvyv    6 (6)
                      |+||+
T Consensus        49 a~Vy~   53 (128)
T 1JOS_A           49 AKIFV   53 (128)
T ss_dssp             EEEEE
T ss_pred             EEEEE


No 9
>1KKG_A ribosome-binding factor A; cold-shock adaptation, ribosome-binding factor, NESG; NMR {Escherichia coli} SCOP: d.52.7.1
Probab=9.07  E-value=3.3e+02  Score=10.06  Aligned_cols=5  Identities=80%  Similarity=1.139  Sum_probs=0.0  Template_Neff=8.400

Q CATVYV            2 ATVYV    6 (6)
Q Consensus         2 atvyv    6 (6)
                      |.||+
T Consensus        50 a~Vy~   54 (108)
T 1KKG_A           50 AKVYV   54 (108)
T ss_dssp             EEEEE
T ss_pred             EEEEE


No 10
>7BOG_V 30S ribosomal protein S4, 30S; Cryo-EM, 30S biogenesis, ribosome assembly; HET: 5MC, PSU, G7M, MA6, 2MG, D2T, UR3, MG; 2.75A {Escherichia coli (strain K12)}
Probab=9.02  E-value=3.3e+02  Score=10.65  Aligned_cols=5  Identities=80%  Similarity=1.139  Sum_probs=0.0  Template_Neff=7.900

Q CATVYV            2 ATVYV    6 (6)
Q Consensus         2 atvyv    6 (6)
                      |.||+
T Consensus        50 a~Vy~   54 (133)
T 7BOG_V           50 AKVYV   54 (133)
T ss_dssp             EEEEE
T ss_pred             EEEEE


