Query         SSSGIK
Match_columns 6
No_of_seqs    1 out of 1
Neff          1
Searched_HMMs 90378
Date          Tue Dec 21 16:46:37 2021
Command       /media/stefano/DISCO1/FOLDEN/hh-suite/build/bin/hhsearch -i /media/stefano/DISCO1/FOLDEN/trRosetta2/example/SSSGIK/protein.hhm -d /media/stefano/DISCO1/FOLDEN/trRosettaX/pdb70/pdb70 -o /media/stefano/DISCO1/FOLDEN/trRosetta2/example/SSSGIK/protein.out -cpu 32 

 No Hit                             Prob E-value P-value  Score    SS Cols Query HMM  Template HMM
  1 2FVV_A Diphosphoinositol polyp  42.1      24 0.00026   13.7   0.0    6    1-6     189-194 (194)
  2 6BUV_B Probable nicotinate-nuc  10.6 2.7E+02  0.0029   10.3   0.0    6    1-6     168-173 (201)
  3 1WYM_A Transgelin-2; CH domain  10.4 2.7E+02   0.003   10.9   0.0    4    1-4     152-155 (155)
  4 4MDC_C Putative glutathione S-  10.3 2.8E+02   0.003   10.9   0.0    6    1-6       7-12  (252)
  5 3NV7_A Phosphopantetheine aden   9.9 2.9E+02  0.0032    9.6   0.0    6    1-6     128-133 (157)
  6 7AFR_X Ribosome maturation fac   9.5 3.1E+02  0.0034   11.1   0.0    5    1-5      77-81  (151)
  7 7NAS_X 30S ribosomal protein S   9.5 3.1E+02  0.0034   11.1   0.0    5    1-5      77-81  (151)
  8 2LJF_A Integrin beta-3; cell a   9.4 3.1E+02  0.0035   10.6   0.0    5    1-5      10-14  (67)
  9 3NX6_A 10kDa chaperonin; Bacte   9.2 3.2E+02  0.0036   10.2   0.0    5    1-5      21-25  (95)
 10 4DXE_I acyl-carrier-protein sy   9.1 3.3E+02  0.0036    8.7   0.0    6    1-6       7-12  (101)

No 1
>2FVV_A Diphosphoinositol polyphosphate phosphohydrolase 1 (E.C.3.6.1.52; diphosphoinositol polyphosphate phosphohydrolase, NUDIX, inositol; HET: IHP; 1.25A {Homo sapiens} SCOP: d.113.1.1
Probab=42.14  E-value=24  Score=13.71  Aligned_cols=6  Identities=67%  Similarity=0.905  Sum_probs=0.0  Template_Neff=9.300

Q SSSGIK            1 SSSGIK    6 (6)
Q Consensus         1 sssgik    6 (6)
                      ++|||+
T Consensus       189 ~~~~~~  194 (194)
T 2FVV_A          189 SMSGIR  194 (194)
T ss_dssp             ------
T ss_pred             cccCCC
Confidence            467763


No 2
>6BUV_B Probable nicotinate-nucleotide adenylyltransferase; Rossman fold, TRANSFERASE-TRANSFERASE INHIBITOR complex; HET: E9A; 1.86A {Mycobacterium tuberculosis}
Probab=10.55  E-value=2.7e+02  Score=10.27  Aligned_cols=6  Identities=33%  Similarity=0.423  Sum_probs=0.0  Template_Neff=10.700

Q SSSGIK            1 SSSGIK    6 (6)
Q Consensus         1 sssgik    6 (6)
                      ||+.|+
T Consensus       168 SSt~iR  173 (201)
T 6BUV_B          168 SSTDCR  173 (201)
T ss_dssp             CHHHHH
T ss_pred             CHHHHH


No 3
>1WYM_A Transgelin-2; CH domain, F-actin binding, all; NMR {Homo sapiens}
Probab=10.41  E-value=2.7e+02  Score=10.92  Aligned_cols=4  Identities=75%  Similarity=0.949  Sum_probs=0.0  Template_Neff=8.400

Q SSSGIK            1 SSSG    4 (6)
Q Consensus         1 sssg    4 (6)
                      ||||
T Consensus       152 ~~~~  155 (155)
T 1WYM_A          152 PSSG  155 (155)
T ss_dssp             SSCC
T ss_pred             CCCC


No 4
>4MDC_C Putative glutathione S-transferase (E.C.2.5.1.18); Structural Genomics, PSI-Biology, New York; HET: GOL, MSE; 1.78A {Sinorhizobium meliloti}
Probab=10.30  E-value=2.8e+02  Score=10.88  Aligned_cols=6  Identities=50%  Similarity=0.800  Sum_probs=0.0  Template_Neff=10.200

Q SSSGIK            1 SSSGIK    6 (6)
Q Consensus         1 sssgik    6 (6)
                      +||+++
T Consensus         7 ~~~~~~   12 (252)
T 4MDC_C            7 HSSGVD   12 (252)
T ss_dssp             ------
T ss_pred             ccCCCC


No 5
>3NV7_A Phosphopantetheine adenylyltransferase (E.C.2.7.7.3); Helicobacter pylori 26695 strain, mutant; HET: SO4; 1.75A {Helicobacter pylori}
Probab=9.91  E-value=2.9e+02  Score=9.64  Aligned_cols=6  Identities=50%  Similarity=0.440  Sum_probs=0.0  Template_Neff=10.900

Q SSSGIK            1 SSSGIK    6 (6)
Q Consensus         1 sssgik    6 (6)
                      ||+-|+
T Consensus       128 Sst~iR  133 (157)
T 3NV7_A          128 SSSIVR  133 (157)
T ss_dssp             CHHHHH
T ss_pred             CHHHHH


No 6
>7AFR_X Ribosome maturation factor RimP; solution state NMR, 30S biogenesis; NMR {Escherichia coli}
Probab=9.47  E-value=3.1e+02  Score=11.09  Aligned_cols=5  Identities=60%  Similarity=0.946  Sum_probs=0.0  Template_Neff=7.600

Q SSSGIK            1 SSSGI    5 (6)
Q Consensus         1 sssgi    5 (6)
                      ||.|+
T Consensus        77 SSPG~   81 (151)
T 7AFR_X           77 SSPGL   81 (151)
T ss_dssp             ECCCS
T ss_pred             EeCCC


No 7
>7NAS_X 30S ribosomal protein S4, 30S; Cryo-EM, 30S biogenesis, ribosome assembly; HET: PSU, G7M, MA6, 2MG, D2T, MG; 3.31A {Escherichia coli (strain K12)}
Probab=9.47  E-value=3.1e+02  Score=11.09  Aligned_cols=5  Identities=60%  Similarity=0.946  Sum_probs=0.0  Template_Neff=7.600

Q SSSGIK            1 SSSGI    5 (6)
Q Consensus         1 sssgi    5 (6)
                      ||.|+
T Consensus        77 SSPG~   81 (151)
T 7NAS_X           77 SSPGL   81 (151)
T ss_dssp             ECCCS
T ss_pred             EeCCC


No 8
>2LJF_A Integrin beta-3; cell adhesion, tyrosine phosphorylation, MEMBRANE; HET: PTR; NMR {Homo sapiens}
Probab=9.36  E-value=3.1e+02  Score=10.62  Aligned_cols=5  Identities=40%  Similarity=0.235  Sum_probs=0.0  Template_Neff=5.300

Q SSSGIK            1 SSSGI    5 (6)
Q Consensus         1 sssgi    5 (6)
                      ||.||
T Consensus        10 ~~~Gi   14 (67)
T 2LJF_A           10 SSGLV   14 (67)
T ss_dssp             -----
T ss_pred             hhcHH


No 9
>3NX6_A 10kDa chaperonin; Bacterial blight, Xoo4289, GroES, Xanthomonas; 1.97A {Xanthomonas oryzae pv. oryzae}
Probab=9.18  E-value=3.2e+02  Score=10.22  Aligned_cols=5  Identities=60%  Similarity=0.953  Sum_probs=0.0  Template_Neff=7.600

Q SSSGIK            1 SSSGI    5 (6)
Q Consensus         1 sssgi    5 (6)
                      +++||
T Consensus        21 t~gGI   25 (95)
T 3NX6_A           21 SAGGI   25 (95)
T ss_dssp             -----
T ss_pred             ccceE


No 10
>4DXE_I acyl-carrier-protein synthase (E.C.2.7.8.7), acyl carrier; acyl-carrier-protein synthase, acyl carrier protein; HET: MLI; 2.51A {Staphylococcus aureus}
Probab=9.09  E-value=3.3e+02  Score=8.69  Aligned_cols=6  Identities=50%  Similarity=0.800  Sum_probs=0.0  Template_Neff=11.000

Q SSSGIK            1 SSSGIK    6 (6)
Q Consensus         1 sssgik    6 (6)
                      +|++.+
T Consensus         7 ~~~~~~   12 (101)
T 4DXE_I            7 HSSGVD   12 (101)
T ss_dssp             ------
T ss_pred             cCCCCC


