Query         IGNNSI
Match_columns 6
No_of_seqs    1 out of 1
Neff          1
Searched_HMMs 90378
Date          Mon Dec 20 08:01:50 2021
Command       /media/stefano/DISCO1/FOLDEN/hh-suite/build/bin/hhsearch -i /media/stefano/DISCO1/FOLDEN/trRosetta2/example/IGNNSI/protein.hhm -d /media/stefano/DISCO1/FOLDEN/trRosettaX/pdb70/pdb70 -o /media/stefano/DISCO1/FOLDEN/trRosetta2/example/IGNNSI/protein.out -cpu 32 

 No Hit                             Prob E-value P-value  Score    SS Cols Query HMM  Template HMM
  1 6PC0_B Guanosine pentaphosphat  10.2 2.8E+02  0.0031   13.0   0.0    6    1-6      21-26  (495)
  2 3MDQ_A Exopolyphosphatase (E.C   9.6   3E+02  0.0033   11.4   0.0    6    1-6      11-16  (315)
  3 1G6E_A ANTIFUNGAL PROTEIN; ALL   9.3 3.2E+02  0.0035   11.2   0.0    5    2-6      45-49  (87)
  4 1U6Z_B Exopolyphosphatase (E.C   9.3 3.2E+02  0.0035   12.9   0.0    6    1-6      18-23  (513)
  5 6PBZ_B Guanosine-5'-triphospha   9.3 3.2E+02  0.0035   12.4   0.0    6    1-6      13-18  (494)
  6 3HTA_D EbrA repressor; TetR fa   9.2 3.2E+02  0.0036    9.9   0.0    5    1-5       1-5   (217)
  7 3HTH_C EbrA repressor; TetR Fa   9.2 3.2E+02  0.0036    9.9   0.0    5    1-5       1-5   (217)
  8 2HEV_F Tumor necrosis factor l   9.2 3.2E+02  0.0036   12.7   0.0    6    1-6      42-47  (137)
  9 2VOY_B POTENTIAL COPPER-TRANSP   9.1 3.3E+02  0.0036    7.6   0.0    5    2-6       2-6   (42)
 10 1O4Z_B beta-agarase B (E.C.3.2   9.0 3.3E+02  0.0036   12.1   0.0    5    1-5       3-7   (346)

No 1
>6PC0_B Guanosine pentaphosphate phosphohydrolase; pppGpp, ppGpp, PPX, GppA, Polyphosphate; HET: LMR, MLT, EDO, SO4; 1.7A {Helicobacter pylori (strain G27)}
Probab=10.21  E-value=2.8e+02  Score=13.00  Aligned_cols=6  Identities=67%  Similarity=1.143  Sum_probs=0.0  Template_Neff=8.300

Q IGNNSI            1 IGNNSI    6 (6)
Q Consensus         1 ignnsi    6 (6)
                      ||.||+
T Consensus        21 iGSnsi   26 (495)
T 6PC0_B           21 IGSNSV   26 (495)
T ss_dssp             ECSSCE
T ss_pred             ECCCeE


No 2
>3MDQ_A Exopolyphosphatase (E.C.3.6.1.11); Exopolyphosphatase, Structural Genomics, Joint Center; HET: GOL, SO4; 1.5A {Cytophaga hutchinsonii}
Probab=9.65  E-value=3e+02  Score=11.41  Aligned_cols=6  Identities=33%  Similarity=0.883  Sum_probs=0.0  Template_Neff=9.700

Q IGNNSI            1 IGNNSI    6 (6)
Q Consensus         1 ignnsi    6 (6)
                      ||.|++
T Consensus        11 iGS~~i   16 (315)
T 3MDQ_A           11 MGTNTF   16 (315)
T ss_dssp             ECSSEE
T ss_pred             ECCCcE


No 3
>1G6E_A ANTIFUNGAL PROTEIN; ALL-BETA, TWO ANTIPARALLEL BETA-SHEETS, PARALLEL; NMR {Streptomyces tendae} SCOP: b.11.1.6
Probab=9.32  E-value=3.2e+02  Score=11.17  Aligned_cols=5  Identities=60%  Similarity=1.086  Sum_probs=0.0  Template_Neff=5.100

Q IGNNSI            2 GNNSI    6 (6)
Q Consensus         2 gnnsi    6 (6)
                      |||.+
T Consensus        45 GNN~v   49 (87)
T 1G6E_A           45 GNNVV   49 (87)
T ss_dssp             CSSCE
T ss_pred             cCcEE


No 4
>1U6Z_B Exopolyphosphatase (E.C.3.6.1.11); alpha/beta protein, ASKHA (Acetate and; HET: SO4; 1.9A {Escherichia coli} SCOP: a.211.1.5, c.55.1.8
Probab=9.31  E-value=3.2e+02  Score=12.86  Aligned_cols=6  Identities=50%  Similarity=0.960  Sum_probs=0.0  Template_Neff=8.400

Q IGNNSI            1 IGNNSI    6 (6)
Q Consensus         1 ignnsi    6 (6)
                      ||.|++
T Consensus        18 iGSnsi   23 (513)
T 1U6Z_B           18 LGSNSF   23 (513)
T ss_dssp             ECSSEE
T ss_pred             ECCCcE


No 5
>6PBZ_B Guanosine-5'-triphosphate,3'-diphosphate pyrophosphatase; pppGpp, ppGpp, PPX, GppA, HYDROLASE; 2.475A {Escherichia coli (strain K12)}
Probab=9.27  E-value=3.2e+02  Score=12.44  Aligned_cols=6  Identities=50%  Similarity=0.960  Sum_probs=0.0  Template_Neff=9.100

Q IGNNSI            1 IGNNSI    6 (6)
Q Consensus         1 ignnsi    6 (6)
                      ||.|++
T Consensus        13 iGS~~i   18 (494)
T 6PBZ_B           13 LGSNSF   18 (494)
T ss_dssp             ECSSEE
T ss_pred             ECCCcE


No 6
>3HTA_D EbrA repressor; TetR family, DNA binding protein; HET: IMD; 2.3A {Streptomyces lividans}
Probab=9.21  E-value=3.2e+02  Score=9.89  Aligned_cols=5  Identities=20%  Similarity=0.713  Sum_probs=0.0  Template_Neff=11.300

Q IGNNSI            1 IGNNS    5 (6)
Q Consensus         1 ignns    5 (6)
                      .|||+
T Consensus         1 ~~~~~    5 (217)
T 3HTA_D            1 MGSSH    5 (217)
T ss_dssp             -----
T ss_pred             CCCCC


No 7
>3HTH_C EbrA repressor; TetR Family, Multidrug resistance, Multidrug; HET: PRL; 2.7A {Streptomyces lividans}
Probab=9.21  E-value=3.2e+02  Score=9.89  Aligned_cols=5  Identities=20%  Similarity=0.713  Sum_probs=0.0  Template_Neff=11.300

Q IGNNSI            1 IGNNS    5 (6)
Q Consensus         1 ignns    5 (6)
                      .|||+
T Consensus         1 ~~~~~    5 (217)
T 3HTH_C            1 MGSSH    5 (217)
T ss_dssp             -----
T ss_pred             CCCCC


No 8
>2HEV_F Tumor necrosis factor ligand superfamily; cytokine, receptor-ligand complex, TNFSF, TNFRSF; HET: NAG; 2.41A {Homo sapiens} SCOP: b.22.1.1
Probab=9.18  E-value=3.2e+02  Score=12.68  Aligned_cols=6  Identities=33%  Similarity=0.744  Sum_probs=0.0  Template_Neff=3.100

Q IGNNSI            1 IGNNSI    6 (6)
Q Consensus         1 ignnsi    6 (6)
                      |-||||
T Consensus        42 V~NnSI   47 (137)
T 2HEV_F           42 VQDNSV   47 (137)
T ss_dssp             EETTEE
T ss_pred             eeCCEE


No 9
>2VOY_B POTENTIAL COPPER-TRANSPORTING ATPASE (E.C.3.6.3.4), SARCOPLASMIC/ENDOPLASMIC; HYDROLASEP-TYPE ATPASE, CRYO-EM, HELICAL RECONSTRUCTION; 18.0A {ORYCTOLAGUS CUNICULUS}
Probab=9.08  E-value=3.3e+02  Score=7.60  Aligned_cols=5  Identities=40%  Similarity=0.973  Sum_probs=0.0  Template_Neff=10.000

Q IGNNSI            2 GNNSI    6 (6)
Q Consensus         2 gnnsi    6 (6)
                      |.|.+
T Consensus         2 G~N~~    6 (42)
T 2VOY_B            2 GHNEL    6 (42)
T ss_pred             CCCCC


No 10
>1O4Z_B beta-agarase B (E.C.3.2.1.81); BETA-AGARASE, GLYCOSIDE HYDROLASE FAMILY 16; HET: EPE; 2.3A {Zobellia galactanivorans} SCOP: b.29.1.2
Probab=9.03  E-value=3.3e+02  Score=12.05  Aligned_cols=5  Identities=80%  Similarity=1.252  Sum_probs=0.0  Template_Neff=8.500

Q IGNNSI            1 IGNNS    5 (6)
Q Consensus         1 ignns    5 (6)
                      ||.||
T Consensus         3 ~~~~~    7 (346)
T 1O4Z_B            3 IGDNS    7 (346)
T ss_dssp             -----
T ss_pred             CCccc


