Query         NIGNNS
Match_columns 6
No_of_seqs    1 out of 1
Neff          1
Searched_HMMs 90378
Date          Tue Dec 21 00:55:13 2021
Command       /media/stefano/DISCO1/FOLDEN/hh-suite/build/bin/hhsearch -i /media/stefano/DISCO1/FOLDEN/trRosetta2/example/NIGNNS/protein.hhm -d /media/stefano/DISCO1/FOLDEN/trRosettaX/pdb70/pdb70 -o /media/stefano/DISCO1/FOLDEN/trRosetta2/example/NIGNNS/protein.out -cpu 32 

 No Hit                             Prob E-value P-value  Score    SS Cols Query HMM  Template HMM
  1 4GA4_B Putative thymidine phos  15.1 1.6E+02  0.0018   13.8   0.0    6    1-6     419-424 (440)
  2 1BLE_A FRUCTOSE PERMEASE; PHOS   9.0 3.3E+02  0.0037   11.4   0.0    4    1-4     104-107 (163)
  3 1NRZ_B PTS system, sorbose-spe   8.6 3.5E+02  0.0039   11.3   0.0    4    1-4     103-106 (164)
  4 1VSQ_C Mannose-specific phosph   8.6 3.5E+02  0.0039   11.3   0.0    4    1-4     106-109 (165)
  5 2OSD_A Hypothetical protein MJ   8.2 3.8E+02  0.0042   10.5   0.0    5    2-6      16-20  (163)
  6 2OSO_A Hypothetical protein MJ   8.2 3.8E+02  0.0042   10.5   0.0    5    2-6      16-20  (163)
  7 3HTA_D EbrA repressor; TetR fa   8.0 3.9E+02  0.0043    9.7   0.0    5    2-6       1-5   (217)
  8 3HTH_C EbrA repressor; TetR Fa   8.0 3.9E+02  0.0043    9.7   0.0    5    2-6       1-5   (217)
  9 5L0L_A Uncharacterized protein   7.8   4E+02  0.0044   13.4   0.0    5    2-6     102-106 (215)
 10 5T5D_A PTS system, IIB compone   7.8   4E+02  0.0045   11.1   0.0    4    1-4     107-110 (161)

No 1
>4GA4_B Putative thymidine phosphorylase (E.C.2.4.2.4); phosphorolysis, TRANSFERASE; HET: PO4; 3.51A {Thermococcus kodakarensis}
Probab=15.12  E-value=1.6e+02  Score=13.82  Aligned_cols=6  Identities=83%  Similarity=1.182  Sum_probs=0.5  Template_Neff=7.700

Q NIGNNS            1 NIGNNS    6 (6)
Q Consensus         1 nignns    6 (6)
                      ||||.|
T Consensus       419 ~~~~~~  424 (440)
T 4GA4_B          419 NIGNSS  424 (440)
T ss_dssp             C-----
T ss_pred             ccCcch
Confidence            466643


No 2
>1BLE_A FRUCTOSE PERMEASE; PHOSPHOTRANSFERASE, SUGAR TRANSPORT; 2.9A {Bacillus subtilis} SCOP: c.38.1.1
Probab=8.96  E-value=3.3e+02  Score=11.36  Aligned_cols=4  Identities=50%  Similarity=1.157  Sum_probs=0.0  Template_Neff=7.100

Q NIGNNS            1 NIGN    4 (6)
Q Consensus         1 nign    4 (6)
                      ||||
T Consensus       104 NiG~  107 (163)
T 1BLE_A          104 NVGG  107 (163)
T ss_dssp             EEEE
T ss_pred             EEcC


No 3
>1NRZ_B PTS system, sorbose-specific IIB component; BETA SHEET CORE, FLANKING HELICES; HET: SO4; 1.75A {Klebsiella pneumoniae} SCOP: c.38.1.1
Probab=8.62  E-value=3.5e+02  Score=11.31  Aligned_cols=4  Identities=75%  Similarity=1.232  Sum_probs=0.0  Template_Neff=7.100

Q NIGNNS            1 NIGN    4 (6)
Q Consensus         1 nign    4 (6)
                      ||||
T Consensus       103 niG~  106 (164)
T 1NRZ_B          103 NIGG  106 (164)
T ss_dssp             EEEE
T ss_pred             EEcC


No 4
>1VSQ_C Mannose-specific phosphotransferase enzyme IIA component; phosphotransferase, sugar transport, transferase, transferase-phosphocarrier; HET: NEP; NMR {Escherichia coli}
Probab=8.57  E-value=3.5e+02  Score=11.27  Aligned_cols=4  Identities=50%  Similarity=1.157  Sum_probs=0.0  Template_Neff=7.200

Q NIGNNS            1 NIGN    4 (6)
Q Consensus         1 nign    4 (6)
                      ||||
T Consensus       106 niG~  109 (165)
T 1VSQ_C          106 NVGG  109 (165)
T ss_dssp             EEEE
T ss_pred             EecC


No 5
>2OSD_A Hypothetical protein MJ1460; Structural genomics, Joint Center for; HET: EDO; 2.3A {Methanocaldococcus jannaschii DSM 2661} SCOP: d.278.1.3
Probab=8.16  E-value=3.8e+02  Score=10.52  Aligned_cols=5  Identities=40%  Similarity=0.528  Sum_probs=0.0  Template_Neff=8.600

Q NIGNNS            2 IGNNS    6 (6)
Q Consensus         2 ignns    6 (6)
                      ||||+
T Consensus        16 ~~~~~   20 (163)
T 2OSD_A           16 IRNEE   20 (163)
T ss_dssp             HHCHH
T ss_pred             Hhccc


No 6
>2OSO_A Hypothetical protein MJ1460; Structural genomics, Joint Center for; HET: GOL; 1.9A {Methanocaldococcus jannaschii DSM 2661} SCOP: d.278.1.3
Probab=8.16  E-value=3.8e+02  Score=10.52  Aligned_cols=5  Identities=40%  Similarity=0.528  Sum_probs=0.0  Template_Neff=8.600

Q NIGNNS            2 IGNNS    6 (6)
Q Consensus         2 ignns    6 (6)
                      ||||+
T Consensus        16 ~~~~~   20 (163)
T 2OSO_A           16 IRNEE   20 (163)
T ss_dssp             TTCHH
T ss_pred             Hhccc


No 7
>3HTA_D EbrA repressor; TetR family, DNA binding protein; HET: IMD; 2.3A {Streptomyces lividans}
Probab=8.03  E-value=3.9e+02  Score=9.69  Aligned_cols=5  Identities=20%  Similarity=0.713  Sum_probs=0.0  Template_Neff=11.300

Q NIGNNS            2 IGNNS    6 (6)
Q Consensus         2 ignns    6 (6)
                      .|||+
T Consensus         1 ~~~~~    5 (217)
T 3HTA_D            1 MGSSH    5 (217)
T ss_dssp             -----
T ss_pred             CCCCC


No 8
>3HTH_C EbrA repressor; TetR Family, Multidrug resistance, Multidrug; HET: PRL; 2.7A {Streptomyces lividans}
Probab=8.03  E-value=3.9e+02  Score=9.69  Aligned_cols=5  Identities=20%  Similarity=0.713  Sum_probs=0.0  Template_Neff=11.300

Q NIGNNS            2 IGNNS    6 (6)
Q Consensus         2 ignns    6 (6)
                      .|||+
T Consensus         1 ~~~~~    5 (217)
T 3HTH_C            1 MGSSH    5 (217)
T ss_dssp             -----
T ss_pred             CCCCC


No 9
>5L0L_A Uncharacterized protein; UNKNOWN FUNCTION; HET: SO4, MSE; 1.8A {Legionella pneumophila subsp. pneumophila}
Probab=7.82  E-value=4e+02  Score=13.44  Aligned_cols=5  Identities=80%  Similarity=1.278  Sum_probs=0.0  Template_Neff=1.400

Q NIGNNS            2 IGNNS    6 (6)
Q Consensus         2 ignns    6 (6)
                      .||||
T Consensus       102 lGNNS  106 (215)
T 5L0L_A          102 LGNNS  106 (215)
T ss_dssp             CCGGG
T ss_pred             ccCCc


No 10
>5T5D_A PTS system, IIB component; transport, TRANSPORT PROTEIN; 2.5A {Streptococcus pneumoniae serotype 4 (strain ATCC BAA-334 / TIGR4)}
Probab=7.76  E-value=4e+02  Score=11.15  Aligned_cols=4  Identities=50%  Similarity=1.182  Sum_probs=0.0  Template_Neff=7.000

Q NIGNNS            1 NIGN    4 (6)
Q Consensus         1 nign    4 (6)
                      ||||
T Consensus       107 NiG~  110 (161)
T 5T5D_A          107 NVGQ  110 (161)
T ss_dssp             EECC
T ss_pred             EEcC


