Query         NNNNSN
Match_columns 6
No_of_seqs    1 out of 1
Neff          1
Searched_HMMs 90378
Date          Tue Dec 21 02:28:59 2021
Command       /media/stefano/DISCO1/FOLDEN/hh-suite/build/bin/hhsearch -i /media/stefano/DISCO1/FOLDEN/trRosetta2/example/NNNNSN/protein.hhm -d /media/stefano/DISCO1/FOLDEN/trRosettaX/pdb70/pdb70 -o /media/stefano/DISCO1/FOLDEN/trRosetta2/example/NNNNSN/protein.out -cpu 32 

 No Hit                             Prob E-value P-value  Score    SS Cols Query HMM  Template HMM
  1 5KJH_A Putative uncharacterize   9.0 3.3E+02  0.0037   12.2   0.0    6    1-6     480-485 (605)
  2 4V02_A SITE-DETERMINING PROTEI   8.3 3.7E+02  0.0041   10.1   0.0    5    2-6     249-253 (258)
  3 6EKC_N8 Ribulose bisphosphate    7.8   4E+02  0.0044    9.6   0.0    6    1-6       4-9   (81)
  4 1OO0_A Mago nashi protein, CG8   7.1 4.6E+02  0.0051   12.1   0.0    4    3-6      37-40  (147)
  5 1P27_C Mago nashi protein homo   6.6   5E+02  0.0056   11.9   0.0    4    3-6      35-38  (144)
  6 2J0S_C ATP-DEPENDENT RNA HELIC   6.5 5.1E+02  0.0056   11.9   0.0    4    3-6      36-39  (146)
  7 3IEC_G Protein-protein complex   6.3 5.3E+02  0.0059   11.7   0.0    6    1-6       4-9   (125)
  8 2M83_A Protein phosphatase 1 r   6.1 5.5E+02  0.0061   10.5   0.0    6    1-6     125-130 (139)
  9 2DJM_A glucoamylase A; beta sa   6.0 5.7E+02  0.0063    9.9   0.0    6    1-6      96-101 (106)
 10 2VQ4_A GLUCOAMYLASE A (E.C.3.2   6.0 5.7E+02  0.0063    9.9   0.0    6    1-6      96-101 (106)

No 1
>5KJH_A Putative uncharacterized protein, Zinc finger; Complex, Methyltransferase, TRANSFERASE; HET: SAH, M3L; 2.27A {Chaetomium thermophilum (strain DSM 1495 / CBS 144.50 / IMI 039719)}
Probab=8.99  E-value=3.3e+02  Score=12.15  Aligned_cols=6  Identities=83%  Similarity=1.104  Sum_probs=0.0  Template_Neff=10.300

Q NNNNSN            1 NNNNSN    6 (6)
Q Consensus         1 nnnnsn    6 (6)
                      ||||++
T Consensus       480 ~~~~~~  485 (605)
T 5KJH_A          480 NNNNNN  485 (605)
T ss_dssp             ------
T ss_pred             CcCCcC


No 2
>4V02_A SITE-DETERMINING PROTEIN, PROBABLE SEPTUM SITE-DETERMINING; CELL CYCLE, BACTERIAL CELL DIVISION; HET: ATP; 2.7A {AQUIFEX AEOLICUS}
Probab=8.28  E-value=3.7e+02  Score=10.09  Aligned_cols=5  Identities=20%  Similarity=0.222  Sum_probs=0.0  Template_Neff=11.200

Q NNNNSN            2 NNNSN    6 (6)
Q Consensus         2 nnnsn    6 (6)
                      +||||
T Consensus       249 ~~~~~  253 (258)
T 4V02_A          249 YGESH  253 (258)
T ss_dssp             CCC--
T ss_pred             hhhcc


No 3
>6EKC_N8 Ribulose bisphosphate carboxylase large chain; zinc finger, assembly chaperone, assembly; HET: ZN; 2.63A {Thermosynechococcus elongatus (strain BP-1)}
Probab=7.82  E-value=4e+02  Score=9.56  Aligned_cols=6  Identities=50%  Similarity=0.617  Sum_probs=0.0  Template_Neff=7.900

Q NNNNSN            1 NNNNSN    6 (6)
Q Consensus         1 nnnnsn    6 (6)
                      ||+|..
T Consensus         4 ~~~~~~    9 (81)
T 6EKC_N8           4 NNNPQG    9 (81)
T ss_pred             CCCCCC


No 4
>1OO0_A Mago nashi protein, CG8781-PA, BETA-MERCAPTOETHANOL; RNA recognition motif, splicing, Protein; HET: MPD, GOL; 1.85A {Drosophila melanogaster} SCOP: d.232.1.1
Probab=7.06  E-value=4.6e+02  Score=12.12  Aligned_cols=4  Identities=100%  Similarity=1.132  Sum_probs=0.0  Template_Neff=3.800

Q NNNNSN            3 NNSN    6 (6)
Q Consensus         3 nnsn    6 (6)
                      ||||
T Consensus        37 NnSn   40 (147)
T 1OO0_A           37 NNSN   40 (147)
T ss_dssp             EECC
T ss_pred             ecCC


No 5
>1P27_C Mago nashi protein homolog, RNA-binding; RNA-binding, Nuclear protein, mRNA splicing; 2.0A {Homo sapiens} SCOP: d.232.1.1
Probab=6.58  E-value=5e+02  Score=11.93  Aligned_cols=4  Identities=100%  Similarity=1.132  Sum_probs=0.0  Template_Neff=3.900

Q NNNNSN            3 NNSN    6 (6)
Q Consensus         3 nnsn    6 (6)
                      ||||
T Consensus        35 NnSn   38 (144)
T 1P27_C           35 NNSN   38 (144)
T ss_dssp             EEEC
T ss_pred             ecCC


No 6
>2J0S_C ATP-DEPENDENT RNA HELICASE DDX48, PROTEIN; MRNA PROCESSING, PHOSPHORYLATION, RRNA PROCESSING; HET: ANP; 2.21A {HOMO SAPIENS} SCOP: d.232.1.1
Probab=6.54  E-value=5.1e+02  Score=11.95  Aligned_cols=4  Identities=100%  Similarity=1.132  Sum_probs=0.0  Template_Neff=3.900

Q NNNNSN            3 NNSN    6 (6)
Q Consensus         3 nnsn    6 (6)
                      ||||
T Consensus        36 NnSn   39 (146)
T 2J0S_C           36 NNSN   39 (146)
T ss_pred             ecCC


No 7
>3IEC_G Protein-protein complex, kinase, virulence factor; 2.2A {Homo sapiens}
Probab=6.29  E-value=5.3e+02  Score=11.74  Aligned_cols=6  Identities=67%  Similarity=1.016  Sum_probs=0.0  Template_Neff=3.500

Q NNNNSN            1 NNNNSN    6 (6)
Q Consensus         1 nnnnsn    6 (6)
                      ||||.|
T Consensus         4 nnnnnn    9 (125)
T 3IEC_G            4 DNNNNN    9 (125)
T ss_pred             CcccCc


No 8
>2M83_A Protein phosphatase 1 regulatory subunit; protein, starch binding domain, carbohydrate; NMR {Oryctolagus cuniculus}
Probab=6.12  E-value=5.5e+02  Score=10.52  Aligned_cols=6  Identities=67%  Similarity=0.949  Sum_probs=0.0  Template_Neff=7.000

Q NNNNSN            1 NNNNSN    6 (6)
Q Consensus         1 nnnnsn    6 (6)
                      ||+..|
T Consensus       125 NN~G~N  130 (139)
T 2M83_A          125 NNNGTN  130 (139)
T ss_dssp             CCSSCS
T ss_pred             CCCCee


No 9
>2DJM_A glucoamylase A; beta sandwich, anti-parallel, strach binding; NMR {Rhizopus oryzae}
Probab=5.95  E-value=5.7e+02  Score=9.93  Aligned_cols=6  Identities=67%  Similarity=0.955  Sum_probs=0.0  Template_Neff=7.200

Q NNNNSN            1 NNNNSN    6 (6)
Q Consensus         1 nnnnsn    6 (6)
                      ||+..|
T Consensus        96 NN~g~N  101 (106)
T 2DJM_A           96 NNNSAN  101 (106)
T ss_dssp             CSSSSC
T ss_pred             CCCCcc


No 10
>2VQ4_A GLUCOAMYLASE A (E.C.3.2.1.3); RHIZOPUS ORYZAE GLUCOAMYLASE, HYDROLASE, CARBOHYDRATE; 1.25A {RHIZOPUS ORYZAE}
Probab=5.95  E-value=5.7e+02  Score=9.93  Aligned_cols=6  Identities=67%  Similarity=0.955  Sum_probs=0.0  Template_Neff=7.200

Q NNNNSN            1 NNNNSN    6 (6)
Q Consensus         1 nnnnsn    6 (6)
                      ||+..|
T Consensus        96 NN~g~N  101 (106)
T 2VQ4_A           96 NNNSAN  101 (106)
T ss_dssp             STTTTC
T ss_pred             CCCCcc


