Query         QGNNRY
Match_columns 6
No_of_seqs    1 out of 1
Neff          1
Searched_HMMs 90378
Date          Tue Dec 21 07:54:35 2021
Command       /media/stefano/DISCO1/FOLDEN/hh-suite/build/bin/hhsearch -i /media/stefano/DISCO1/FOLDEN/trRosetta2/example/QGNNRY/protein.hhm -d /media/stefano/DISCO1/FOLDEN/trRosettaX/pdb70/pdb70 -o /media/stefano/DISCO1/FOLDEN/trRosetta2/example/QGNNRY/protein.out -cpu 32 

 No Hit                             Prob E-value P-value  Score    SS Cols Query HMM  Template HMM
  1 3FGA_D Serine/threonine-protei  15.7 1.5E+02  0.0017   11.8   0.0    5    1-5       9-13  (47)
  2 5YGK_C Cyclolavandulyl diphosp  14.2 1.7E+02  0.0019   12.0   0.0    5    2-6      10-14  (217)
  3 5BXI_D Nucleoside diphosphate   13.8 1.8E+02   0.002   11.2   0.0    6    1-6     155-160 (160)
  4 5BXI_I Nucleoside diphosphate   13.8 1.8E+02   0.002   11.2   0.0    6    1-6     155-160 (160)
  5 6OV2_A Claudin-9, Heat-labile   11.9 2.2E+02  0.0025   11.1   0.0    6    1-6     211-216 (217)
  6 6AGS_A NAD-dependent malic enz  11.6 2.3E+02  0.0026   14.8   0.0    6    1-6     460-465 (573)
  7 1GQ2_N MALIC ENZYME (E.C.1.1.1  11.3 2.4E+02  0.0027   14.8   0.0    6    1-6     439-444 (555)
  8 1GZ3_A NAD-DEPENDENT MALIC ENZ  11.3 2.4E+02  0.0027   14.8   0.0    6    1-6     445-450 (554)
  9 6TMG_I ATPTG11, ATPTG7, ATPTG1  11.0 2.5E+02  0.0028   14.2   0.0    6    1-6      10-15  (236)
 10 1PJ3_C NAD-dependent malic enz  10.9 2.5E+02  0.0028   14.7   0.0    6    1-6     444-449 (564)

No 1
>3FGA_D Serine/threonine-protein phosphatase 2A 65 kDa; PP2A, shugoshin, Nucleus, Phosphoprotein, Hydrolase; 2.7A {Mus musculus}
Probab=15.69  E-value=1.5e+02  Score=11.83  Aligned_cols=5  Identities=60%  Similarity=0.873  Sum_probs=0.0  Template_Neff=2.400

Q QGNNRY            1 QGNNR    5 (6)
Q Consensus         1 qgnnr    5 (6)
                      |.|||
T Consensus         9 Q~NNr   13 (47)
T 3FGA_D            9 QDNNK   13 (47)
T ss_dssp             HHHHH
T ss_pred             HHHHH


No 2
>5YGK_C Cyclolavandulyl diphosphate synthase; substrate binding, Cyclolavandulyl diphosphate synthase; HET: DST; 2.047A {Streptomyces sp. (strain CL190)}
Probab=14.19  E-value=1.7e+02  Score=12.05  Aligned_cols=5  Identities=40%  Similarity=0.900  Sum_probs=0.0  Template_Neff=8.400

Q QGNNRY            2 GNNRY    6 (6)
Q Consensus         2 gnnry    6 (6)
                      ||.||
T Consensus        10 GnrR~   14 (217)
T 5YGK_C           10 GMRRW   14 (217)
T ss_dssp             CHHHH
T ss_pred             CCHHH


No 3
>5BXI_D Nucleoside diphosphate kinase (E.C.2.7.4.6); Structural Genomics, NIAID, National Institute; HET: BCT; 1.7A {Toxoplasma gondii ME49}
Probab=13.77  E-value=1.8e+02  Score=11.19  Aligned_cols=6  Identities=67%  Similarity=1.088  Sum_probs=0.0  Template_Neff=8.900

Q QGNNRY            1 QGNNRY    6 (6)
Q Consensus         1 qgnnry    6 (6)
                      ||.|-|
T Consensus       155 ~~~~~~  160 (160)
T 5BXI_D          155 QGENLY  160 (160)
T ss_dssp             CCSSCC
T ss_pred             cCccCC


No 4
>5BXI_I Nucleoside diphosphate kinase (E.C.2.7.4.6); Structural Genomics, NIAID, National Institute; HET: BCT; 1.7A {Toxoplasma gondii ME49}
Probab=13.77  E-value=1.8e+02  Score=11.19  Aligned_cols=6  Identities=67%  Similarity=1.088  Sum_probs=0.0  Template_Neff=8.900

Q QGNNRY            1 QGNNRY    6 (6)
Q Consensus         1 qgnnry    6 (6)
                      ||.|-|
T Consensus       155 ~~~~~~  160 (160)
T 5BXI_I          155 QGENLY  160 (160)
T ss_dssp             C-----
T ss_pred             cCccCC


No 5
>6OV2_A Claudin-9, Heat-labile enterotoxin B chain; Claudin, Enterotoxin, Tight junction protein; 3.2A {Homo sapiens}
Probab=11.93  E-value=2.2e+02  Score=11.05  Aligned_cols=6  Identities=17%  Similarity=0.396  Sum_probs=0.0  Template_Neff=9.800

Q QGNNRY            1 QGNNRY    6 (6)
Q Consensus         1 qgnnry    6 (6)
                      +++|+|
T Consensus       211 ~~~~~~  216 (217)
T 6OV2_A          211 LDKRDY  216 (217)
T ss_pred             cccccc


No 6
>6AGS_A NAD-dependent malic enzyme (E.C.1.1.1.38); Malic Enzyme, OXIDOREDUCTASE; 2.31A {Escherichia coli}
Probab=11.65  E-value=2.3e+02  Score=14.83  Aligned_cols=6  Identities=50%  Similarity=0.711  Sum_probs=0.0  Template_Neff=5.500

Q QGNNRY            1 QGNNRY    6 (6)
Q Consensus         1 qgnnry    6 (6)
                      |+||-|
T Consensus       460 Q~NN~~  465 (573)
T 6AGS_A          460 QCNNAF  465 (573)
T ss_dssp             ECCGGG
T ss_pred             CcCceE


No 7
>1GQ2_N MALIC ENZYME (E.C.1.1.1.40); OXIDOREDUCTASE, MALIC ENZYME, PIGEON LIVER; HET: CL, NA, NAP, OXL, MN, MSE; 2.5A {COLUMBA LIVIA} SCOP: c.2.1.7, c.58.1.3
Probab=11.33  E-value=2.4e+02  Score=14.81  Aligned_cols=6  Identities=83%  Similarity=1.359  Sum_probs=0.0  Template_Neff=5.300

Q QGNNRY            1 QGNNRY    6 (6)
Q Consensus         1 qgnnry    6 (6)
                      |+||-|
T Consensus       439 Q~NN~~  444 (555)
T 1GQ2_N          439 QGNNSY  444 (555)
T ss_dssp             ECSGGG
T ss_pred             CCccee


No 8
>1GZ3_A NAD-DEPENDENT MALIC ENZYME (E.C.1.1.1.38); ALLOSTERIC REGULATION, ENERGY METABOLISM, KINETICS; HET: ATP, OXL, FUM; 2.3A {Homo sapiens} SCOP: c.2.1.7, c.58.1.3
Probab=11.32  E-value=2.4e+02  Score=14.76  Aligned_cols=6  Identities=83%  Similarity=1.259  Sum_probs=0.0  Template_Neff=5.400

Q QGNNRY            1 QGNNRY    6 (6)
Q Consensus         1 qgnnry    6 (6)
                      |+||-|
T Consensus       445 Q~NN~~  450 (554)
T 1GZ3_A          445 QGNNVY  450 (554)
T ss_dssp             ECCGGG
T ss_pred             CCccee


No 9
>6TMG_I ATPTG11, ATPTG7, ATPTG14, ATPTG5, subunit; mitochondrial, ATP synthase, membrane region; HET: PEE, CDL, LMT, PC1; 2.8A {Toxoplasma gondii (strain ATCC 50853 / GT1)}
Probab=11.03  E-value=2.5e+02  Score=14.25  Aligned_cols=6  Identities=67%  Similarity=1.293  Sum_probs=0.0  Template_Neff=2.000

Q QGNNRY            1 QGNNRY    6 (6)
Q Consensus         1 qgnnry    6 (6)
                      ||.||+
T Consensus        10 ~~~~~~   15 (236)
T 6TMG_I           10 QGGNRF   15 (236)
T ss_pred             cCCCce


No 10
>1PJ3_C NAD-dependent malic enzyme, mitochondrial (E.C.1.1.1.39); oxidative decarboxylase, OXIDOREDUCTASE; HET: FUM, PYR, MSE, NAD; 2.1A {Homo sapiens} SCOP: c.2.1.7, c.58.1.3
Probab=10.89  E-value=2.5e+02  Score=14.71  Aligned_cols=6  Identities=83%  Similarity=1.259  Sum_probs=0.0  Template_Neff=5.400

Q QGNNRY            1 QGNNRY    6 (6)
Q Consensus         1 qgnnry    6 (6)
                      |+||-|
T Consensus       444 Q~NN~~  449 (564)
T 1PJ3_C          444 QGNNVY  449 (564)
T ss_dssp             ECCGGG
T ss_pred             CCccee


