Query         GNFNNL
Match_columns 6
No_of_seqs    1 out of 1
Neff          1
Searched_HMMs 90378
Date          Mon Dec 20 02:11:48 2021
Command       /media/stefano/DISCO1/FOLDEN/hh-suite/build/bin/hhsearch -i /media/stefano/DISCO1/FOLDEN/trRosetta2/example/GNFNNL/protein.hhm -d /media/stefano/DISCO1/FOLDEN/trRosettaX/pdb70/pdb70 -o /media/stefano/DISCO1/FOLDEN/trRosetta2/example/GNFNNL/protein.out -cpu 32 

 No Hit                             Prob E-value P-value  Score    SS Cols Query HMM  Template HMM
  1 6O1L_R Catabolite repression c  17.6 1.3E+02  0.0014   10.7   0.0    4    1-4     150-153 (262)
  2 5J8N_A Exodeoxyribonuclease II  17.4 1.3E+02  0.0014   10.5   0.0    4    1-4     150-153 (258)
  3 2JC4_A EXODEOXYRIBONUCLEASE II  17.2 1.3E+02  0.0014   10.4   0.0    4    1-4     145-148 (256)
  4 4PUQ_A Tyrosyl-DNA phosphodies  17.2 1.3E+02  0.0014   10.5   0.0    4    1-4     157-160 (256)
  5 6SRR_B Phosphatidylinositol 3,  17.0 1.3E+02  0.0015   11.7   0.0    4    1-4     190-193 (316)
  6 4JG3_A Catabolite repression c  16.8 1.3E+02  0.0015   10.5   0.0    4    1-4     150-153 (262)
  7 2VOA_A EXOIII, AP ENDONUCLEASE  16.6 1.4E+02  0.0015   10.5   0.0    4    1-4     145-148 (257)
  8 5CFE_A Exodeoxyribonuclease (E  16.5 1.4E+02  0.0015   10.4   0.0    4    1-4     144-147 (252)
  9 3IEC_G Protein-protein complex  15.9 1.5E+02  0.0016   13.4   0.0    5    1-5       1-5   (125)
 10 7CNE_A Sphingomyelinase C (E.C  15.8 1.5E+02  0.0016   10.9   0.0    4    1-4     193-196 (298)

No 1
>6O1L_R Catabolite repression control protein, RNA-binding; Hfq, Crc, amiE, Carbon catabolite; 3.37A {Pseudomonas aeruginosa}
Probab=17.62  E-value=1.3e+02  Score=10.67  Aligned_cols=4  Identities=25%  Similarity=0.675  Sum_probs=0.0  Template_Neff=12.400

Q GNFNNL            1 GNFN    4 (6)
Q Consensus         1 gnfn    4 (6)
                      |.||
T Consensus       150 GDfN  153 (262)
T 6O1L_R          150 GSLY  153 (262)
T ss_dssp             EECC
T ss_pred             ecCc


No 2
>5J8N_A Exodeoxyribonuclease III (E.C.3.1.11.2); exonuclease III homologue, endonuclease, magnesium; HET: PG4; 1.44A {Methanosarcina mazei}
Probab=17.37  E-value=1.3e+02  Score=10.51  Aligned_cols=4  Identities=50%  Similarity=1.057  Sum_probs=0.0  Template_Neff=12.600

Q GNFNNL            1 GNFN    4 (6)
Q Consensus         1 gnfn    4 (6)
                      |.||
T Consensus       150 GDfN  153 (258)
T 5J8N_A          150 GDVN  153 (258)
T ss_dssp             EECS
T ss_pred             eeCc


No 3
>2JC4_A EXODEOXYRIBONUCLEASE III (E.C.3.1.11.2); HYDROLASE, NEISSERIA MENINGITIDIS, REPAIR PHOSPHODIESTERASE; HET: 1PE; 1.9A {NEISSERIA MENINGITIDIS}
Probab=17.21  E-value=1.3e+02  Score=10.37  Aligned_cols=4  Identities=75%  Similarity=1.630  Sum_probs=0.0  Template_Neff=12.800

Q GNFNNL            1 GNFN    4 (6)
Q Consensus         1 gnfn    4 (6)
                      |.||
T Consensus       145 GDfN  148 (256)
T 2JC4_A          145 GDFN  148 (256)
T ss_dssp             EECC
T ss_pred             eeCC


No 4
>4PUQ_A Tyrosyl-DNA phosphodiesterase 2 (E.C.3.1.4.-); protein-DNA complex, DNA repair, 5'-DNA; HET: GOL; 1.6A {Mus musculus}
Probab=17.21  E-value=1.3e+02  Score=10.54  Aligned_cols=4  Identities=50%  Similarity=0.866  Sum_probs=0.0  Template_Neff=12.500

Q GNFNNL            1 GNFN    4 (6)
Q Consensus         1 gnfn    4 (6)
                      |.||
T Consensus       157 GDfN  160 (256)
T 4PUQ_A          157 GDTN  160 (256)
T ss_dssp             EECC
T ss_pred             eccc


No 5
>6SRR_B Phosphatidylinositol 3,4,5-trisphosphate 5-phosphatase 2 (E.C.3.1.3.86); HYDROLASE; 2.45A {Homo sapiens}
Probab=17.02  E-value=1.3e+02  Score=11.66  Aligned_cols=4  Identities=50%  Similarity=1.215  Sum_probs=0.0  Template_Neff=11.100

Q GNFNNL            1 GNFN    4 (6)
Q Consensus         1 gnfn    4 (6)
                      |+||
T Consensus       190 GDfN  193 (316)
T 6SRR_B          190 GDLN  193 (316)
T ss_dssp             EECC
T ss_pred             CCCc


No 6
>4JG3_A Catabolite repression control protein; AP endonuclease protein family, UNKNOWN; 1.8A {Pseudomonas aeruginosa}
Probab=16.80  E-value=1.3e+02  Score=10.54  Aligned_cols=4  Identities=25%  Similarity=0.675  Sum_probs=0.0  Template_Neff=12.500

Q GNFNNL            1 GNFN    4 (6)
Q Consensus         1 gnfn    4 (6)
                      |.||
T Consensus       150 GDfN  153 (262)
T 4JG3_A          150 GSLY  153 (262)
T ss_dssp             EECS
T ss_pred             Eecc


No 7
>2VOA_A EXOIII, AP ENDONUCLEASE, ARCHAEOGLOBUS FULGIDUS; HET: OCS; 1.7A {ARCHAEOGLOBUS FULGIDUS}
Probab=16.57  E-value=1.4e+02  Score=10.54  Aligned_cols=4  Identities=50%  Similarity=1.182  Sum_probs=0.0  Template_Neff=12.400

Q GNFNNL            1 GNFN    4 (6)
Q Consensus         1 gnfn    4 (6)
                      |.||
T Consensus       145 GDfN  148 (257)
T 2VOA_A          145 GDMN  148 (257)
T ss_dssp             EECS
T ss_pred             ecCc


No 8
>5CFE_A Exodeoxyribonuclease (E.C.3.1.11.2); Hydrolase, AP endonuclease; HET: PEG; 1.84A {Bacillus subtilis (strain 168)}
Probab=16.48  E-value=1.4e+02  Score=10.38  Aligned_cols=4  Identities=50%  Similarity=1.215  Sum_probs=0.0  Template_Neff=12.600

Q GNFNNL            1 GNFN    4 (6)
Q Consensus         1 gnfn    4 (6)
                      |.||
T Consensus       144 GDfN  147 (252)
T 5CFE_A          144 GDLN  147 (252)
T ss_dssp             EECS
T ss_pred             eeCC


No 9
>3IEC_G Protein-protein complex, kinase, virulence factor; 2.2A {Homo sapiens}
Probab=15.95  E-value=1.5e+02  Score=13.42  Aligned_cols=5  Identities=40%  Similarity=0.787  Sum_probs=0.0  Template_Neff=3.500

Q GNFNNL            1 GNFNN    5 (6)
Q Consensus         1 gnfnn    5 (6)
                      |||||
T Consensus         1 ~~~nn    5 (125)
T 3IEC_G            1 GPVDN    5 (125)
T ss_pred             CCCCc


No 10
>7CNE_A Sphingomyelinase C (E.C.3.1.4.12); Sphingomyelinase C, Streptomyces griseocarneus, Metal-binding; HET: EPE; 2.0A {Streptomyces griseocarneus}
Probab=15.84  E-value=1.5e+02  Score=10.89  Aligned_cols=4  Identities=50%  Similarity=1.215  Sum_probs=0.0  Template_Neff=12.100

Q GNFNNL            1 GNFN    4 (6)
Q Consensus         1 gnfn    4 (6)
                      |+||
T Consensus       193 GDfN  196 (298)
T 7CNE_A          193 GDLN  196 (298)
T ss_dssp             EECC
T ss_pred             eecc


