Query         KEEKPV
Match_columns 6
No_of_seqs    1 out of 1
Neff          1
Searched_HMMs 90378
Date          Mon Dec 20 10:35:09 2021
Command       /media/stefano/DISCO1/FOLDEN/hh-suite/build/bin/hhsearch -i /media/stefano/DISCO1/FOLDEN/trRosetta2/example/KEEKPV/protein.hhm -d /media/stefano/DISCO1/FOLDEN/trRosettaX/pdb70/pdb70 -o /media/stefano/DISCO1/FOLDEN/trRosetta2/example/KEEKPV/protein.out -cpu 32 

 No Hit                             Prob E-value P-value  Score    SS Cols Query HMM  Template HMM
  1 1FV5_A FIRST ZINC FINGER FROM    4.6   8E+02  0.0088    4.3   0.0    3    3-5      34-36  (36)
  2 4N54_B Inositol dehydrogenase    4.5 8.2E+02  0.0091   10.1   0.0    4    3-6     107-110 (352)
  3 2KKE_B Uncharacterized protein   4.4 8.3E+02  0.0092   10.1   0.0    6    1-6      11-16  (53)
  4 2P2S_B Putative oxidoreductase   4.4 8.4E+02  0.0093    9.9   0.0    4    3-6      96-99  (336)
  5 3OA2_D WbpB; oxidoreductase, s   4.4 8.4E+02  0.0093   10.1   0.0    4    3-6     103-106 (318)
  6 7CKR_A Monocarboxylate transpo   4.2 8.8E+02  0.0098    9.7   0.0    6    1-6     495-500 (500)
  7 3OA2_B WbpB; oxidoreductase, s   4.0 9.5E+02    0.01    9.8   0.0    4    3-6     103-106 (318)
  8 6JNK_B L-arabinose 1-dehydroge   3.8   1E+03   0.011    9.5   0.0    4    3-6      91-94  (310)
  9 2ELO_A Zinc finger protein 406   3.7   1E+03   0.012    3.9   0.0    3    3-5      35-37  (37)
 10 2NN6_D Polymyositis/scleroderm   3.7 1.1E+03   0.012    9.7   0.0    5    2-6       4-8   (237)

No 1
>1FV5_A FIRST ZINC FINGER FROM THE; ZINC FINGER, CCHC, PROTEIN INTERACTION; HET: ZN; NMR {Drosophila melanogaster} SCOP: g.37.1.2
Probab=4.57  E-value=8e+02  Score=4.25  Aligned_cols=3  Identities=0%  Similarity=0.058  Sum_probs=0.0  Template_Neff=14.400

Q KEEKPV            3 EKP    5 (6)
Q Consensus         3 ekp    5 (6)
                      ++|
T Consensus        34 ~~~   36 (36)
T 1FV5_A           34 HRI   36 (36)
T ss_dssp             TCC
T ss_pred             CCC


No 2
>4N54_B Inositol dehydrogenase (E.C.1.1.1.-); hydrogen bonding, NAD, sugar alcohol; HET: NAI, 2H3; 2.05A {Lactobacillus casei}
Probab=4.46  E-value=8.2e+02  Score=10.07  Aligned_cols=4  Identities=75%  Similarity=1.456  Sum_probs=0.0  Template_Neff=10.400

Q KEEKPV            3 EKPV    6 (6)
Q Consensus         3 ekpv    6 (6)
                      |||.
T Consensus       107 EKP~  110 (352)
T 4N54_B          107 EKPI  110 (352)
T ss_dssp             CSCS
T ss_pred             eCCC


No 3
>2KKE_B Uncharacterized protein; Protein NMR, NORTHEAST STRUCTURAL GENOMICS; NMR {Methanothermobacter thermautotrophicus str. Delta H}
Probab=4.42  E-value=8.3e+02  Score=10.10  Aligned_cols=6  Identities=67%  Similarity=1.110  Sum_probs=0.0  Template_Neff=1.000

Q KEEKPV            1 KEEKPV    6 (6)
Q Consensus         1 keekpv    6 (6)
                      |..|||
T Consensus        11 kdtkpv   16 (53)
T 2KKE_B           11 KDTKPV   16 (53)
T ss_dssp             SCCEEE
T ss_pred             CCCCCe


No 4
>2P2S_B Putative oxidoreductase; YP_050235.1, putative, Structural Genomics, Joint; HET: MSE, EDO; 1.25A {Pectobacterium atrosepticum SCRI1043}
Probab=4.40  E-value=8.4e+02  Score=9.88  Aligned_cols=4  Identities=50%  Similarity=0.750  Sum_probs=0.0  Template_Neff=10.600

Q KEEKPV            3 EKPV    6 (6)
Q Consensus         3 ekpv    6 (6)
                      |||+
T Consensus        96 EKP~   99 (336)
T 2P2S_B           96 AKPP   99 (336)
T ss_dssp             CSSS
T ss_pred             cCCC


No 5
>3OA2_D WbpB; oxidoreductase, sugar biosynthesis, dehydrogenase; HET: NAD; 1.5A {Pseudomonas aeruginosa}
Probab=4.38  E-value=8.4e+02  Score=10.06  Aligned_cols=4  Identities=75%  Similarity=1.348  Sum_probs=0.0  Template_Neff=10.000

Q KEEKPV            3 EKPV    6 (6)
Q Consensus         3 ekpv    6 (6)
                      |||.
T Consensus       103 EKP~  106 (318)
T 3OA2_D          103 EKPL  106 (318)
T ss_dssp             CSSC
T ss_pred             ECCC


No 6
>7CKR_A Monocarboxylate transporter 1, Basigin; Proton-coupled monocarboxylate transporter, MCT1, Basigin; HET: G5O;{Homo sapiens}
Probab=4.22  E-value=8.8e+02  Score=9.75  Aligned_cols=6  Identities=67%  Similarity=1.082  Sum_probs=0.0  Template_Neff=12.200

Q KEEKPV            1 KEEKPV    6 (6)
Q Consensus         1 keekpv    6 (6)
                      .+++||
T Consensus       495 ~~~~~~  500 (500)
T 7CKR_A          495 EEESPV  500 (500)
T ss_dssp             ------
T ss_pred             cccCCC


No 7
>3OA2_B WbpB; oxidoreductase, sugar biosynthesis, dehydrogenase; HET: NAD; 1.5A {Pseudomonas aeruginosa}
Probab=3.99  E-value=9.5e+02  Score=9.83  Aligned_cols=4  Identities=75%  Similarity=1.348  Sum_probs=0.0  Template_Neff=10.200

Q KEEKPV            3 EKPV    6 (6)
Q Consensus         3 ekpv    6 (6)
                      |||+
T Consensus       103 EKP~  106 (318)
T 3OA2_B          103 EKPL  106 (318)
T ss_dssp             CSSC
T ss_pred             eCCC


No 8
>6JNK_B L-arabinose 1-dehydrogenase (NAD(P)(+)) (E.C.1.1.1.376,1.1.1.120,1.1.1.48); L-arabinose metabolism, NADP-dependent dehydrogenase, Gfo/Idh/MocA; HET: NAP; 2.2A {Azospirillum brasilense}
Probab=3.80  E-value=1e+03  Score=9.54  Aligned_cols=4  Identities=75%  Similarity=1.049  Sum_probs=0.0  Template_Neff=10.600

Q KEEKPV            3 EKPV    6 (6)
Q Consensus         3 ekpv    6 (6)
                      |||+
T Consensus        91 ekP~   94 (310)
T 6JNK_B           91 EKPP   94 (310)
T ss_dssp             CSSS
T ss_pred             eCCC


No 9
>2ELO_A Zinc finger protein 406; ZFAT zinc finger 1, Structural; HET: ZN; NMR {Homo sapiens}
Probab=3.69  E-value=1e+03  Score=3.93  Aligned_cols=3  Identities=33%  Similarity=0.257  Sum_probs=0.0  Template_Neff=14.700

Q KEEKPV            3 EKP    5 (6)
Q Consensus         3 ekp    5 (6)
                      ++|
T Consensus        35 ~~~   37 (37)
T 2ELO_A           35 EVS   37 (37)
T ss_dssp             SCC
T ss_pred             CCC


No 10
>2NN6_D Polymyositis/scleroderma autoantigen 1, Exosome complex; RNA, exosome, PM/Scl, exoribonuclease, phosphorolytic; 3.35A {Homo sapiens} SCOP: d.101.1.1, d.14.1.4
Probab=3.66  E-value=1.1e+03  Score=9.71  Aligned_cols=5  Identities=40%  Similarity=0.434  Sum_probs=0.0  Template_Neff=9.100

Q KEEKPV            2 EEKPV    6 (6)
Q Consensus         2 eekpv    6 (6)
                      |+||.
T Consensus         4 ~~~~~    8 (237)
T 2NN6_D            4 EEETH    8 (237)
T ss_dssp             -----
T ss_pred             ccccc


