Query         LTITQH
Match_columns 6
No_of_seqs    1 out of 1
Neff          1
Searched_HMMs 90378
Date          Mon Dec 20 20:38:37 2021
Command       /media/stefano/DISCO1/FOLDEN/hh-suite/build/bin/hhsearch -i /media/stefano/DISCO1/FOLDEN/trRosetta2/example/LTITQH/protein.hhm -d /media/stefano/DISCO1/FOLDEN/trRosettaX/pdb70/pdb70 -o /media/stefano/DISCO1/FOLDEN/trRosetta2/example/LTITQH/protein.out -cpu 32 

 No Hit                             Prob E-value P-value  Score    SS Cols Query HMM  Template HMM
  1 3Q3J_A Plexin-A2, Rho-related   11.2 2.4E+02  0.0027   11.4   0.0    4    2-5      36-39  (112)
  2 3KUZ_B Plexin-C1; plexin, Stru  11.0 2.5E+02  0.0028   11.8   0.0    4    2-5      50-53  (126)
  3 2KTM_A Major prion protein; H2  10.8 2.6E+02  0.0029   12.4   0.0    6    1-6      40-45  (89)
  4 2R2O_A Plexin-B1; Plexin, effe  10.2 2.8E+02  0.0031   11.8   0.0    4    2-5      52-55  (138)
  5 2OQO_A Penicillin-binding prot  10.2 2.8E+02  0.0031   12.1   0.0    4    2-5      74-77  (200)
  6 3NB6_A Penicillin-binding prot   9.9 2.9E+02  0.0032   12.0   0.0    4    2-5      74-77  (200)
  7 6AQ7_A Major prion protein, PO   9.7   3E+02  0.0033   12.8   0.0    6    1-6      78-83  (122)
  8 2REX_A Plexin-B1, Rho-related    9.5 3.1E+02  0.0034   11.3   0.0    4    2-5      35-38  (121)
  9 3H6N_A Plexin-D1; structural g   9.1 3.3E+02  0.0036   11.5   0.0    4    2-5      28-31  (127)
 10 6FTB_A Monofunctional glycosyl   8.4 3.6E+02   0.004   12.0   0.0    4    2-5      75-78  (210)

No 1
>3Q3J_A Plexin-A2, Rho-related GTP-binding protein Rho6; Ras-binding domain, plexin, small gtpase; HET: GNP; 1.971A {Homo sapiens}
Probab=11.25  E-value=2.4e+02  Score=11.39  Aligned_cols=4  Identities=100%  Similarity=0.974  Sum_probs=0.0  Template_Neff=6.400

Q LTITQH            2 TITQ    5 (6)
Q Consensus         2 titq    5 (6)
                      ||+|
T Consensus        36 TIsQ   39 (112)
T 3Q3J_A           36 TITQ   39 (112)
T ss_dssp             BHHH
T ss_pred             ChHH


No 2
>3KUZ_B Plexin-C1; plexin, Structural Genomics, Structural Genomics; HET: UNX; 2.3A {Homo sapiens}
Probab=10.97  E-value=2.5e+02  Score=11.78  Aligned_cols=4  Identities=75%  Similarity=0.675  Sum_probs=0.0  Template_Neff=5.900

Q LTITQH            2 TITQ    5 (6)
Q Consensus         2 titq    5 (6)
                      ||+|
T Consensus        50 TItQ   53 (126)
T 3KUZ_B           50 TIGQ   53 (126)
T ss_dssp             BHHH
T ss_pred             ChHH


No 3
>2KTM_A Major prion protein; H2H3, Prion Protein, Peptide folding; NMR {Ovis aries}
Probab=10.78  E-value=2.6e+02  Score=12.39  Aligned_cols=6  Identities=50%  Similarity=0.955  Sum_probs=0.0  Template_Neff=2.300

Q LTITQH            1 LTITQH    6 (6)
Q Consensus         1 ltitqh    6 (6)
                      +|++||
T Consensus        40 ITVte~   45 (89)
T 2KTM_A           40 ITVKQH   45 (89)
T ss_dssp             HHHHHH
T ss_pred             eeeeEe


No 4
>2R2O_A Plexin-B1; Plexin, effector domain, structural genomics; HET: UNX, MSE; 2.0A {Homo sapiens}
Probab=10.19  E-value=2.8e+02  Score=11.82  Aligned_cols=4  Identities=75%  Similarity=0.891  Sum_probs=0.0  Template_Neff=5.900

Q LTITQH            2 TITQ    5 (6)
Q Consensus         2 titq    5 (6)
                      ||+|
T Consensus        52 TItQ   55 (138)
T 2R2O_A           52 TISQ   55 (138)
T ss_dssp             BHHH
T ss_pred             ChHH


No 5
>2OQO_A Penicillin-binding protein 1A (PBP-1a) (PBP1a); TRANSFERASE; HET: CPS, EPE; 2.1A {Aquifex aeolicus} SCOP: d.2.1.10
Probab=10.18  E-value=2.8e+02  Score=12.08  Aligned_cols=4  Identities=100%  Similarity=0.974  Sum_probs=0.0  Template_Neff=6.800

Q LTITQH            2 TITQ    5 (6)
Q Consensus         2 titq    5 (6)
                      ||||
T Consensus        74 TItq   77 (200)
T 2OQO_A           74 TITQ   77 (200)
T ss_dssp             CHHH
T ss_pred             cHHH


No 6
>3NB6_A Penicillin-binding protein 1A (E.C.2.4.2.-); Glycosyltransferases, Peptidoglycan Glycosyltransferase, Polysaccharides, cell; 2.7A {Aquifex aeolicus}
Probab=9.87  E-value=2.9e+02  Score=12.03  Aligned_cols=4  Identities=100%  Similarity=0.974  Sum_probs=0.0  Template_Neff=6.800

Q LTITQH            2 TITQ    5 (6)
Q Consensus         2 titq    5 (6)
                      ||||
T Consensus        74 TItq   77 (200)
T 3NB6_A           74 TITQ   77 (200)
T ss_dssp             CHHH
T ss_pred             cHHH


No 7
>6AQ7_A Major prion protein, POM6 FAB; Prion, antibody, chaperone, antigen-antibody, IMMUNE; HET: TCE, GOL; 1.83A {Mus musculus}
Probab=9.74  E-value=3e+02  Score=12.78  Aligned_cols=6  Identities=67%  Similarity=1.005  Sum_probs=0.0  Template_Neff=2.300

Q LTITQH            1 LTITQH    6 (6)
Q Consensus         1 ltitqh    6 (6)
                      +|||||
T Consensus        78 ITVtey   83 (122)
T 6AQ7_A           78 ITIKQH   83 (122)
T ss_dssp             HHHHHH
T ss_pred             ceeeEe


No 8
>2REX_A Plexin-B1, Rho-related GTP-binding protein Rho6; complex, Structural Genomics Consortium, SGC; HET: GNP, UNX; 2.3A {Homo sapiens}
Probab=9.52  E-value=3.1e+02  Score=11.34  Aligned_cols=4  Identities=75%  Similarity=0.891  Sum_probs=0.0  Template_Neff=6.200

Q LTITQH            2 TITQ    5 (6)
Q Consensus         2 titq    5 (6)
                      ||+|
T Consensus        35 TItQ   38 (121)
T 2REX_A           35 TISQ   38 (121)
T ss_dssp             BHHH
T ss_pred             CHHH


No 9
>3H6N_A Plexin-D1; structural genomics consortium, SGC, MEMBRANE; HET: MSE; 2.004A {Homo sapiens}
Probab=9.05  E-value=3.3e+02  Score=11.51  Aligned_cols=4  Identities=75%  Similarity=0.875  Sum_probs=0.0  Template_Neff=5.800

Q LTITQH            2 TITQ    5 (6)
Q Consensus         2 titq    5 (6)
                      ||+|
T Consensus        28 TItQ   31 (127)
T 3H6N_A           28 TLTQ   31 (127)
T ss_dssp             BHHH
T ss_pred             CcHH


No 10
>6FTB_A Monofunctional glycosyltransferase (E.C.2.4.1.129); TRANSGLYCOSYLASE, PEPTIDOGLYCAN, MONOFUNCTIONAL, MOENOMYCIN, INHIBITOR; HET: PO4, 1QW, EDO, M0E; 2.1A {Staphylococcus aureus MW2}
Probab=8.44  E-value=3.6e+02  Score=12.02  Aligned_cols=4  Identities=100%  Similarity=0.974  Sum_probs=0.0  Template_Neff=6.400

Q LTITQH            2 TITQ    5 (6)
Q Consensus         2 titq    5 (6)
                      ||||
T Consensus        75 TItq   78 (210)
T 6FTB_A           75 TITQ   78 (210)
T ss_dssp             CHHH
T ss_pred             cHHH


