Query         SNNFGA
Match_columns 6
No_of_seqs    1 out of 1
Neff          1
Searched_HMMs 90378
Date          Tue Dec 21 15:34:38 2021
Command       /media/stefano/DISCO1/FOLDEN/hh-suite/build/bin/hhsearch -i /media/stefano/DISCO1/FOLDEN/trRosetta2/example/SNNFGA/protein.hhm -d /media/stefano/DISCO1/FOLDEN/trRosettaX/pdb70/pdb70 -o /media/stefano/DISCO1/FOLDEN/trRosetta2/example/SNNFGA/protein.out -cpu 32 

 No Hit                             Prob E-value P-value  Score    SS Cols Query HMM  Template HMM
  1 1ZVB_C E2 glycoprotein; SARS c  82.3    0.91   1E-05   16.8   0.0    6    1-6      10-15  (34)
  2 2BEZ_C E2 GLYCOPROTEIN; MEMBRA  67.0     4.7 5.2E-05   16.9   0.0    6    1-6      54-59  (77)
  3 5ZVK_A Human Coronavirus MERS   65.5     5.3 5.8E-05   16.9   0.0    6    1-6      59-64  (80)
  4 4MOD_A HR1 of S protein, LINKE  65.0     5.5 6.1E-05   17.9   0.0    6    1-6      51-56  (129)
  5 5YL9_A Spike glycoprotein; Spi  60.7     7.5 8.3E-05   16.7   0.0    6    1-6      69-74  (89)
  6 1WDF_A E2 glycoprotein; MHV, c  59.7       8 8.8E-05   17.0   0.0    6    1-6      49-54  (95)
  7 1WDF_B E2 glycoprotein; MHV, c  58.5     8.7 9.6E-05   16.9   0.0    6    1-6      49-54  (95)
  8 7COT_B COVID-19, SARS-CoV-2, S  58.3     8.8 9.7E-05   17.5   0.0    6    1-6      58-63  (130)
  9 7COT_C COVID-19, SARS-CoV-2, S  58.3     8.8 9.7E-05   17.5   0.0    6    1-6      58-63  (130)
 10 4NJL_A S protein; six-helix-bu  56.6     9.8 0.00011   17.4   0.0    6    1-6      59-64  (131)
 11 5ZUV_A Spike glycoprotein,EK1,  51.0      14 0.00015   17.0   0.0    6    1-6      69-74  (133)
 12 1WYY_A E2 Glycoprotein; membra  49.9      15 0.00017   17.2   0.0    6    1-6      67-72  (149)
 13 5ZUV_B Spike glycoprotein,EK1,  46.8      18  0.0002   16.6   0.0    6    1-6      69-74  (133)
 14 6M1V_A spike protein; 2019-nCo  41.4      25 0.00027   15.7   0.0    6    1-6      51-56  (119)
 15 6PZ8_A S protein, G2 heavy cha  40.7      26 0.00029   18.5   0.0    6    1-6     290-295 (472)
 16 6M3W_A Spike glycoprotein,Spik  38.4      30 0.00033   18.3   0.0    6    1-6     262-267 (491)
 17 5ZHY_A Spike glycoprotein,Spik  37.9      30 0.00034   16.2   0.0    6    1-6      64-69  (148)
 18 6B3O_C Spike glycoprotein; Cor  35.4      36 0.00039   18.6   0.0    6    1-6     322-327 (605)
 19 7N9T_C SARS-CoV-2 Spike Recept  30.9      47 0.00052   19.0   0.0    6    1-6     943-948 (1123)
 20 6M39_B Spike glycoprotein; SAD  30.6      48 0.00053   18.5   0.0    6    1-6     804-809 (981)
 21 7AKJ_B Spike glycoprotein, 47D  28.1      57 0.00063   19.0   0.0    6    1-6     932-937 (1193)
 22 7KQB_B Spike glycoprotein, Fab  28.1      57 0.00063   18.9   0.0    6    1-6     967-972 (1208)
 23 6BFU_A Spike protein; coronavi  27.9      57 0.00063   18.4   0.0    6    1-6     839-844 (1024)
 24 7N8H_A coronavirus, antibody,   27.5      59 0.00065   18.9   0.0    6    1-6     967-972 (1277)
 25 5X5F_A S protein; MERS-CoV, sp  27.1      60 0.00067   19.0   0.0    6    1-6    1024-1029(1323)
 26 6Q04_C Spike glycoprotein; Cor  27.0      61 0.00067   19.1   0.0    6    1-6    1055-1060(1359)
 27 7N1Q_A VIRAL PROTEIN; HET: FUC  27.0      61 0.00068   19.0   0.0    6    1-6     964-969 (1305)
 28 6VSJ_B Spike glycoprotein, Car  25.9      66 0.00073   18.8   0.0    6    1-6    1024-1029(1275)
 29 6NZK_B Spike surface glycoprot  25.9      66 0.00073   19.0   0.0    6    1-6    1061-1066(1322)
 30 7CYD_B Spike glycoprotein; Alp  25.4      68 0.00075   18.3   0.0    6    1-6     852-857 (1116)
 31 6CV0_B Spike protein; infectio  24.8      71 0.00079   18.4   0.0    6    1-6     822-827 (1105)
 32 6M15_A Spike glycoprotein; VIR  23.9      76 0.00084   18.5   0.0    6    1-6     819-824 (1118)
 33 5SZS_A Spike glycoprotein; cor  23.0      81  0.0009   18.4   0.0    6    1-6    1018-1023(1325)
 34 7KIP_B Spike glycoprotein; NL6  22.3      85 0.00094   18.3   0.0    6    1-6    1033-1038(1356)
 35 6VV5_A Spike glycoprotein; gly  22.0      87 0.00097   18.3   0.0    6    1-6    1039-1044(1356)
 36 6U7K_A Spike glycoprotein; PED  21.6      90   0.001   18.4   0.0    6    1-6    1054-1059(1399)
 37 5I08_B Spike glycoprotein; cor  21.3      92   0.001   18.4   0.0    6    1-6    1035-1040(1299)
 38 6M15_C Spike glycoprotein; VIR  21.1      94   0.001   18.4   0.0    6    1-6     819-824 (1118)
 39 6JX7_B Feline Infectious Perit  21.0      95   0.001   18.4   0.0    6    1-6    1125-1130(1468)

No 1
>1ZVB_C E2 glycoprotein; SARS coronavirus, membrane fusion, S2; 1.7A {SARS coronavirus} SCOP: h.3.3.1
Probab=82.34  E-value=0.91  Score=16.78  Aligned_cols=6  Identities=83%  Similarity=1.270  Sum_probs=4.7  Template_Neff=3.100

Q SNNFGA            1 SNNFGA    6 (6)
Q Consensus         1 snnfga    6 (6)
                      +|||||
T Consensus        10 ~nnF~a   15 (34)
T 1ZVB_C           10 SSNFGA   15 (34)
T ss_dssp             HHHHHH
T ss_pred             HHHHHH
Confidence            588986


No 2
>2BEZ_C E2 GLYCOPROTEIN; MEMBRANE FUSION, SEVERE ACUTE RESPIRATORY; 1.6A {SARS CORONAVIRUS} SCOP: h.3.3.1
Probab=66.95  E-value=4.7  Score=16.93  Aligned_cols=6  Identities=83%  Similarity=1.270  Sum_probs=4.3  Template_Neff=3.000

Q SNNFGA            1 SNNFGA    6 (6)
Q Consensus         1 snnfga    6 (6)
                      +|||||
T Consensus        54 ~~nFgA   59 (77)
T 2BEZ_C           54 SSNFGA   59 (77)
T ss_dssp             HHHHHH
T ss_pred             HHHHhH
Confidence            478886


No 3
>5ZVK_A Human Coronavirus MERS HR1 motif; MERS, Spike protein, S2 domain; 3.31A {Middle East respiratory syndrome-related coronavirus}
Probab=65.50  E-value=5.3  Score=16.92  Aligned_cols=6  Identities=83%  Similarity=1.248  Sum_probs=4.3  Template_Neff=2.900

Q SNNFGA            1 SNNFGA    6 (6)
Q Consensus         1 snnfga    6 (6)
                      ++||||
T Consensus        59 ~~nFgA   64 (80)
T 5ZVK_A           59 SNTFGA   64 (80)
T ss_dssp             HHHHHH
T ss_pred             HHHHhH
Confidence            478886


No 4
>4MOD_A HR1 of S protein, LINKER; MERS-CoV, Viral envelope proteins, Spike; 1.901A {Human betacoronavirus 2c EMC/2012}
Probab=65.02  E-value=5.5  Score=17.87  Aligned_cols=6  Identities=83%  Similarity=1.248  Sum_probs=0.0  Template_Neff=3.200

Q SNNFGA            1 SNNFGA    6 (6)
Q Consensus         1 snnfga    6 (6)
                      +|||||
T Consensus        51 ~~nFgA   56 (129)
T 4MOD_A           51 SNTFGA   56 (129)
T ss_dssp             ------
T ss_pred             HHHHch
Confidence            478876


No 5
>5YL9_A Spike glycoprotein; Spike protein, 6-helical bundle, post-fusion; 1.861A {Human coronavirus 229E}
Probab=60.68  E-value=7.5  Score=16.73  Aligned_cols=6  Identities=50%  Similarity=0.706  Sum_probs=4.3  Template_Neff=2.900

Q SNNFGA            1 SNNFGA    6 (6)
Q Consensus         1 snnfga    6 (6)
                      +|||||
T Consensus        69 ~~NF~A   74 (89)
T 5YL9_A           69 RQNFQA   74 (89)
T ss_dssp             HHHHHH
T ss_pred             HHHHHH
Confidence            478886


No 6
>1WDF_A E2 glycoprotein; MHV, coronavirus, heptad repeat, fusion; 2.5A {Murine hepatitis virus} SCOP: h.3.3.1
Probab=59.72  E-value=8  Score=16.96  Aligned_cols=6  Identities=83%  Similarity=1.237  Sum_probs=4.2  Template_Neff=2.400

Q SNNFGA            1 SNNFGA    6 (6)
Q Consensus         1 snnfga    6 (6)
                      ++||||
T Consensus        49 ~~NFgA   54 (95)
T 1WDF_A           49 SNRFGA   54 (95)
T ss_dssp             HHHTTC
T ss_pred             HHHHhH
Confidence            468876


No 7
>1WDF_B E2 glycoprotein; MHV, coronavirus, heptad repeat, fusion; 2.5A {Murine hepatitis virus} SCOP: h.3.3.1
Probab=58.52  E-value=8.7  Score=16.85  Aligned_cols=6  Identities=83%  Similarity=1.237  Sum_probs=4.1  Template_Neff=2.400

Q SNNFGA            1 SNNFGA    6 (6)
Q Consensus         1 snnfga    6 (6)
                      ++||||
T Consensus        49 ~~NFgA   54 (95)
T 1WDF_B           49 SNRFGA   54 (95)
T ss_dssp             HHHTCC
T ss_pred             HHhHch
Confidence            467876


No 8
>7COT_B COVID-19, SARS-CoV-2, Spike protein, Heptad; 2.16A {Severe acute respiratory syndrome coronavirus 2}
Probab=58.31  E-value=8.8  Score=17.48  Aligned_cols=6  Identities=83%  Similarity=1.270  Sum_probs=4.2  Template_Neff=2.600

Q SNNFGA            1 SNNFGA    6 (6)
Q Consensus         1 snnfga    6 (6)
                      +|||||
T Consensus        58 ~~NFgA   63 (130)
T 7COT_B           58 SSNFGA   63 (130)
T ss_dssp             HHHHHH
T ss_pred             HHHHhH
Confidence            478876


No 9
>7COT_C COVID-19, SARS-CoV-2, Spike protein, Heptad; 2.16A {Severe acute respiratory syndrome coronavirus 2}
Probab=58.31  E-value=8.8  Score=17.48  Aligned_cols=6  Identities=83%  Similarity=1.270  Sum_probs=4.2  Template_Neff=2.600

Q SNNFGA            1 SNNFGA    6 (6)
Q Consensus         1 snnfga    6 (6)
                      +|||||
T Consensus        58 ~~NFgA   63 (130)
T 7COT_C           58 SSNFGA   63 (130)
T ss_dssp             HHHHHH
T ss_pred             HHHHhH
Confidence            478876


No 10
>4NJL_A S protein; six-helix-bundle, coronavirus, MERS-Cov, fusion inhibitor; HET: PGE; 2.3A {Middle East respiratory syndrome coronavirus}
Probab=56.63  E-value=9.8  Score=17.38  Aligned_cols=6  Identities=83%  Similarity=1.248  Sum_probs=4.1  Template_Neff=2.500

Q SNNFGA            1 SNNFGA    6 (6)
Q Consensus         1 snnfga    6 (6)
                      +|||||
T Consensus        59 ~nNFgA   64 (131)
T 4NJL_A           59 SNTFGA   64 (131)
T ss_dssp             HHHHHH
T ss_pred             HHHHhH
Confidence            467876


No 11
>5ZUV_A Spike glycoprotein,EK1, Spike glycoprotein,inhibitor EK1; Human Coronavirus 229E, Spike protein; 2.21A {Human coronavirus 229E}
Probab=50.97  E-value=14  Score=16.97  Aligned_cols=6  Identities=50%  Similarity=0.706  Sum_probs=4.0  Template_Neff=2.400

Q SNNFGA            1 SNNFGA    6 (6)
Q Consensus         1 snnfga    6 (6)
                      +|||||
T Consensus        69 ~nNFqA   74 (133)
T 5ZUV_A           69 RQNFQA   74 (133)
T ss_dssp             HHHHHH
T ss_pred             HHHHHH
Confidence            467775


No 12
>1WYY_A E2 Glycoprotein; membrane fusion, severe acute respiratory; 2.2A {SARS coronavirus} SCOP: h.3.3.1
Probab=49.87  E-value=15  Score=17.16  Aligned_cols=6  Identities=83%  Similarity=1.270  Sum_probs=4.2  Template_Neff=2.300

Q SNNFGA            1 SNNFGA    6 (6)
Q Consensus         1 snnfga    6 (6)
                      +|||||
T Consensus        67 ~nNFgA   72 (149)
T 1WYY_A           67 SSNFGA   72 (149)
T ss_dssp             HHHHHH
T ss_pred             HHHHhH
Confidence            478876


No 13
>5ZUV_B Spike glycoprotein,EK1, Spike glycoprotein,inhibitor EK1; Human Coronavirus 229E, Spike protein; 2.21A {Human coronavirus 229E}
Probab=46.78  E-value=18  Score=16.61  Aligned_cols=6  Identities=50%  Similarity=0.706  Sum_probs=4.1  Template_Neff=2.500

Q SNNFGA            1 SNNFGA    6 (6)
Q Consensus         1 snnfga    6 (6)
                      ++||||
T Consensus        69 ~~NFqA   74 (133)
T 5ZUV_B           69 RQNFQA   74 (133)
T ss_dssp             HHHHHH
T ss_pred             HHHHHH
Confidence            467875


No 14
>6M1V_A spike protein; 2019-nCoV, spike protein, fusion core; 1.5A {Severe acute respiratory syndrome coronavirus 2}
Probab=41.36  E-value=25  Score=15.65  Aligned_cols=6  Identities=17%  Similarity=-0.036  Sum_probs=2.4  Template_Neff=3.400

Q SNNFGA            1 SNNFGA    6 (6)
Q Consensus         1 snnfga    6 (6)
                      ++||||
T Consensus        51 ~~nf~a   56 (119)
T 6M1V_A           51 LVPRGS   56 (119)
T ss_dssp             HSCC--
T ss_pred             hhccCC
Confidence            357765


No 15
>6PZ8_A S protein, G2 heavy chain; MERS-CoV, coronavirus, DPP4, receptor-binding, membrane; HET: BMA, MAN, NAG; 4.19A {Middle East respiratory syndrome-related coronavirus}
Probab=40.71  E-value=26  Score=18.49  Aligned_cols=6  Identities=83%  Similarity=1.248  Sum_probs=4.5  Template_Neff=3.300

Q SNNFGA            1 SNNFGA    6 (6)
Q Consensus         1 snnfga    6 (6)
                      +|||||
T Consensus       290 ~nnFgA  295 (472)
T 6PZ8_A          290 SNTFGA  295 (472)
T ss_dssp             GCCSSS
T ss_pred             HHHHch
Confidence            578886


No 16
>6M3W_A Spike glycoprotein,Spike glycoprotein; spike, post-fusion, SARS-CoV, coronavirus, glycoprotein; HET: NAG;{Human SARS coronavirus}
Probab=38.38  E-value=30  Score=18.30  Aligned_cols=6  Identities=83%  Similarity=1.270  Sum_probs=4.5  Template_Neff=3.500

Q SNNFGA            1 SNNFGA    6 (6)
Q Consensus         1 snnfga    6 (6)
                      +|||||
T Consensus       262 ~nnFgA  267 (491)
T 6M3W_A          262 SSNFGA  267 (491)
T ss_dssp             HHHHHH
T ss_pred             HHHHhH
Confidence            578886


No 17
>5ZHY_A Spike glycoprotein,Spike glycoprotein; membrane fusion, broad-spectrum inhibitor design; 2.441A {Human coronavirus 229E}
Probab=37.94  E-value=30  Score=16.18  Aligned_cols=6  Identities=33%  Similarity=0.506  Sum_probs=0.0  Template_Neff=2.300

Q SNNFGA            1 SNNFGA    6 (6)
Q Consensus         1 snnfga    6 (6)
                      ++||||
T Consensus        64 ~nNFqA   69 (148)
T 5ZHY_A           64 RQNFQL   69 (148)
T ss_dssp             ------
T ss_pred             HHhhCc
Confidence            367775


No 18
>6B3O_C Spike glycoprotein; Coronavirus, membrane fusion, MHV, SARS; 4.1A {Murine coronavirus}
Probab=35.40  E-value=36  Score=18.56  Aligned_cols=6  Identities=83%  Similarity=1.237  Sum_probs=4.5  Template_Neff=3.200

Q SNNFGA            1 SNNFGA    6 (6)
Q Consensus         1 snnfga    6 (6)
                      +|||||
T Consensus       322 ~nNFgA  327 (605)
T 6B3O_C          322 SNRFGA  327 (605)
T ss_dssp             HHHHHH
T ss_pred             HHHHhH
Confidence            578886


No 19
>7N9T_C SARS-CoV-2 Spike Receptor binding domain;{Severe acute respiratory syndrome coronavirus 2}
Probab=30.86  E-value=47  Score=19.04  Aligned_cols=6  Identities=83%  Similarity=1.270  Sum_probs=4.6  Template_Neff=4.100

Q SNNFGA            1 SNNFGA    6 (6)
Q Consensus         1 snnfga    6 (6)
                      +|||||
T Consensus       943 ~nnFgA  948 (1123)
T 7N9T_C          943 SSNFGA  948 (1123)
T ss_dssp             GCCTTS
T ss_pred             HHHHhH
Confidence            578886


No 20
>6M39_B Spike glycoprotein; SADS-CoV spike, VIRAL PROTEIN; HET: NAG; 3.55A {Swine acute diarrhea syndrome coronavirus}
Probab=30.65  E-value=48  Score=18.54  Aligned_cols=6  Identities=67%  Similarity=1.232  Sum_probs=4.5  Template_Neff=4.600

Q SNNFGA            1 SNNFGA    6 (6)
Q Consensus         1 snnfga    6 (6)
                      +|||||
T Consensus       804 ~~nFgA  809 (981)
T 6M39_B          804 TENFGA  809 (981)
T ss_dssp             HSCSSS
T ss_pred             HHHhhH
Confidence            578886


No 21
>7AKJ_B Spike glycoprotein, 47D11 neutralizing antibody; SARS-coV, spike, neutralizing antibody, VIRAL; HET: BMA, FUC, MAN, NAG; 3.8A {SARS coronavirus WH20}
Probab=28.09  E-value=57  Score=18.97  Aligned_cols=6  Identities=83%  Similarity=1.270  Sum_probs=4.6  Template_Neff=3.900

Q SNNFGA            1 SNNFGA    6 (6)
Q Consensus         1 snnfga    6 (6)
                      +|||||
T Consensus       932 ~nnFgA  937 (1193)
T 7AKJ_B          932 SSNFGA  937 (1193)
T ss_dssp             GCCTTC
T ss_pred             HHHHhH
Confidence            578886


No 22
>7KQB_B Spike glycoprotein, Fab 5A6 heavy; SARS-CoV-2, Spike, antibody, Fab, VIRAL; HET: NAG; 2.42A {Severe acute respiratory syndrome coronavirus 2}
Probab=28.08  E-value=57  Score=18.92  Aligned_cols=6  Identities=83%  Similarity=1.270  Sum_probs=4.6  Template_Neff=4.100

Q SNNFGA            1 SNNFGA    6 (6)
Q Consensus         1 snnfga    6 (6)
                      +|||||
T Consensus       967 ~nnFgA  972 (1208)
T 7KQB_B          967 SSNFGA  972 (1208)
T ss_dssp             GCCTTS
T ss_pred             HHHHhH
Confidence            578886


No 23
>6BFU_A Spike protein; coronavirus spike glycoprotein, porcine deltacoronavirus; HET: BMA, MAN, NAG; 3.5A {Porcine deltacoronavirus}
Probab=27.94  E-value=57  Score=18.41  Aligned_cols=6  Identities=83%  Similarity=1.010  Sum_probs=4.5  Template_Neff=4.500

Q SNNFGA            1 SNNFGA    6 (6)
Q Consensus         1 snnfga    6 (6)
                      +|||||
T Consensus       839 ~~nFgA  844 (1024)
T 6BFU_A          839 SNNFQA  844 (1024)
T ss_dssp             GCCCSS
T ss_pred             HHHHHH
Confidence            578886


No 24
>7N8H_A coronavirus, antibody, california, Structural Genomics; HET: FUC, NAG; 2.3A {Severe acute respiratory syndrome coronavirus 2}
Probab=27.52  E-value=59  Score=18.93  Aligned_cols=6  Identities=83%  Similarity=1.270  Sum_probs=4.6  Template_Neff=4.200

Q SNNFGA            1 SNNFGA    6 (6)
Q Consensus         1 snnfga    6 (6)
                      +|||||
T Consensus       967 ~nnFgA  972 (1277)
T 7N8H_A          967 SSNFGA  972 (1277)
T ss_dssp             GCCTTS
T ss_pred             HHHHhH
Confidence            578886


No 25
>5X5F_A S protein; MERS-CoV, spike glycoprotein, prefusion, single; 4.2A {Middle East respiratory syndrome coronavirus}
Probab=27.11  E-value=60  Score=19.04  Aligned_cols=6  Identities=83%  Similarity=1.248  Sum_probs=4.6  Template_Neff=4.000

Q SNNFGA            1 SNNFGA    6 (6)
Q Consensus         1 snnfga    6 (6)
                      +|||||
T Consensus      1024 ~nnFgA 1029 (1323)
T 5X5F_A         1024 SNTFGA 1029 (1323)
T ss_dssp             SSSCSS
T ss_pred             HHHHch
Confidence            578886


No 26
>6Q04_C Spike glycoprotein; Coronavirus, spike glycoprotein, MERS-CoV, membrane; HET: SIA, BMA, MAN, NAG, FOL; 2.5A {Human betacoronavirus 2c EMC/2012}
Probab=27.04  E-value=61  Score=19.12  Aligned_cols=6  Identities=83%  Similarity=1.248  Sum_probs=4.6  Template_Neff=3.900

Q SNNFGA            1 SNNFGA    6 (6)
Q Consensus         1 snnfga    6 (6)
                      +|||||
T Consensus      1055 ~nnFgA 1060 (1359)
T 6Q04_C         1055 SNTFGA 1060 (1359)
T ss_dssp             TCCTTS
T ss_pred             HHHHch
Confidence            578886


No 27
>7N1Q_A VIRAL PROTEIN; HET: FUC, MAN, NAG; 3.44A {Severe acute respiratory syndrome coronavirus 2}
Probab=26.96  E-value=61  Score=18.95  Aligned_cols=6  Identities=83%  Similarity=1.270  Sum_probs=4.6  Template_Neff=4.100

Q SNNFGA            1 SNNFGA    6 (6)
Q Consensus         1 snnfga    6 (6)
                      +|||||
T Consensus       964 ~nnFgA  969 (1305)
T 7N1Q_A          964 SSNFGA  969 (1305)
T ss_dssp             GCCTTS
T ss_pred             HHHHhH
Confidence            578886


No 28
>6VSJ_B Spike glycoprotein, Carcinoembryonic antigen-related cell; MHV spike, CEACAM1a, Complex, Glycoprotein; HET: NAG; 3.94A {Murine coronavirus (strain A59)}
Probab=25.89  E-value=66  Score=18.84  Aligned_cols=6  Identities=83%  Similarity=1.237  Sum_probs=4.6  Template_Neff=4.000

Q SNNFGA            1 SNNFGA    6 (6)
Q Consensus         1 snnfga    6 (6)
                      +|||||
T Consensus      1024 ~nnFgA 1029 (1275)
T 6VSJ_B         1024 SNRFGA 1029 (1275)
T ss_pred             HHHHhH
Confidence            578886


No 29
>6NZK_B Spike surface glycoprotein; Coronavirus spike glycoprotein, sialic acid; HET: MJJ, BMA, MAN, NAG; 2.8A {Human coronavirus OC43}
Probab=25.86  E-value=66  Score=18.98  Aligned_cols=6  Identities=83%  Similarity=1.237  Sum_probs=4.6  Template_Neff=3.800

Q SNNFGA            1 SNNFGA    6 (6)
Q Consensus         1 snnfga    6 (6)
                      +|||||
T Consensus      1061 ~nNFgA 1066 (1322)
T 6NZK_B         1061 SNRFGA 1066 (1322)
T ss_dssp             GCCTTS
T ss_pred             HHHHhH
Confidence            578886


No 30
>7CYD_B Spike glycoprotein; Alphacoronavirus, spike glycoprotein, STRUCTURAL PROTEIN; HET: BMA, MAN, NAG;{Human coronavirus 229E}
Probab=25.43  E-value=68  Score=18.32  Aligned_cols=6  Identities=50%  Similarity=0.706  Sum_probs=4.5  Template_Neff=4.500

Q SNNFGA            1 SNNFGA    6 (6)
Q Consensus         1 snnfga    6 (6)
                      +|||||
T Consensus       852 ~~nFgA  857 (1116)
T 7CYD_B          852 RQNFQA  857 (1116)
T ss_dssp             HSCSSS
T ss_pred             HHHHHH
Confidence            478886


No 31
>6CV0_B Spike protein; infectious bronchitis coronavirus, spike, pre-fusion; HET: NAG;{Infectious bronchitis virus}
Probab=24.81  E-value=71  Score=18.36  Aligned_cols=6  Identities=67%  Similarity=1.193  Sum_probs=4.5  Template_Neff=4.200

Q SNNFGA            1 SNNFGA    6 (6)
Q Consensus         1 snnfga    6 (6)
                      +|||||
T Consensus       822 ~~nFgA  827 (1105)
T 6CV0_B          822 NKNFGA  827 (1105)
T ss_dssp             SSCCSS
T ss_pred             HHHhHH
Confidence            478886


No 32
>6M15_A Spike glycoprotein; VIRAL PROTEIN; HET: BMA, NAG; 2.38A {Rhinolophus bat coronavirus HKU2}
Probab=23.89  E-value=76  Score=18.54  Aligned_cols=6  Identities=67%  Similarity=1.232  Sum_probs=4.5  Template_Neff=3.500

Q SNNFGA            1 SNNFGA    6 (6)
Q Consensus         1 snnfga    6 (6)
                      +|||||
T Consensus       819 ~nnFgA  824 (1118)
T 6M15_A          819 TENFGA  824 (1118)
T ss_dssp             TSCTTS
T ss_pred             HHHhhH
Confidence            578886


No 33
>5SZS_A Spike glycoprotein; coronavirus, viral fusion protein, vaccine; HET: BMA, MAN, NAG; 3.4A {Human coronavirus NL63}
Probab=22.97  E-value=81  Score=18.40  Aligned_cols=6  Identities=50%  Similarity=0.733  Sum_probs=4.5  Template_Neff=4.500

Q SNNFGA            1 SNNFGA    6 (6)
Q Consensus         1 snnfga    6 (6)
                      +|||||
T Consensus      1018 ~~nFgA 1023 (1325)
T 5SZS_A         1018 RHNFQA 1023 (1325)
T ss_dssp             GCCCSS
T ss_pred             HHHHHH
Confidence            578886


No 34
>7KIP_B Spike glycoprotein; NL63, in situ, Spike trimer; HET: BMA, MAN, NAG; 3.39A {Human coronavirus NL63}
Probab=22.30  E-value=85  Score=18.32  Aligned_cols=6  Identities=50%  Similarity=0.733  Sum_probs=4.5  Template_Neff=4.600

Q SNNFGA            1 SNNFGA    6 (6)
Q Consensus         1 snnfga    6 (6)
                      +|||||
T Consensus      1033 ~~nF~A 1038 (1356)
T 7KIP_B         1033 RHNFQA 1038 (1356)
T ss_dssp             SCCCSS
T ss_pred             HHHHHH
Confidence            478886


No 35
>6VV5_A Spike glycoprotein; glycoprotein, surface, receptor-binding, membrane fusion; HET: PAM, BMA, MAN, NAG;{Porcine epidemic diarrhea virus}
Probab=22.02  E-value=87  Score=18.33  Aligned_cols=6  Identities=50%  Similarity=0.755  Sum_probs=4.5  Template_Neff=4.500

Q SNNFGA            1 SNNFGA    6 (6)
Q Consensus         1 snnfga    6 (6)
                      +|||||
T Consensus      1039 ~~nFgA 1044 (1356)
T 6VV5_A         1039 QHNFQA 1044 (1356)
T ss_dssp             GCCCSS
T ss_pred             HHHHHH
Confidence            478886


No 36
>6U7K_A Spike glycoprotein; PEDV, Spike, Coronavirus, Fusion Protein; HET: BMA, MAN, NAG; 3.14A {Porcine epidemic diarrhea virus (strain CV777)}
Probab=21.61  E-value=90  Score=18.39  Aligned_cols=6  Identities=50%  Similarity=0.755  Sum_probs=4.5  Template_Neff=4.400

Q SNNFGA            1 SNNFGA    6 (6)
Q Consensus         1 snnfga    6 (6)
                      +|||||
T Consensus      1054 ~~nFgA 1059 (1399)
T 6U7K_A         1054 QHNFQA 1059 (1399)
T ss_dssp             GCCTTS
T ss_pred             HHHHHH
Confidence            578886


No 37
>5I08_B Spike glycoprotein; coronavirus, glycoprotein, prefusion, VIRAL PROTEIN; 4.04A {Human coronavirus HKU1 (isolate N5)}
Probab=21.34  E-value=92  Score=18.41  Aligned_cols=6  Identities=67%  Similarity=0.988  Sum_probs=4.5  Template_Neff=3.900

Q SNNFGA            1 SNNFGA    6 (6)
Q Consensus         1 snnfga    6 (6)
                      +|||||
T Consensus      1035 ~~nFgA 1040 (1299)
T 5I08_B         1035 FNKFGA 1040 (1299)
T ss_dssp             GCCSSS
T ss_pred             HHHHcH
Confidence            478886


No 38
>6M15_C Spike glycoprotein; VIRAL PROTEIN; HET: BMA, NAG; 2.38A {Rhinolophus bat coronavirus HKU2}
Probab=21.09  E-value=94  Score=18.39  Aligned_cols=6  Identities=67%  Similarity=1.232  Sum_probs=4.5  Template_Neff=2.900

Q SNNFGA            1 SNNFGA    6 (6)
Q Consensus         1 snnfga    6 (6)
                      +|||||
T Consensus       819 ~nNFgA  824 (1118)
T 6M15_C          819 TENFGA  824 (1118)
T ss_dssp             TSCTTS
T ss_pred             HHHhhH
Confidence            578886


No 39
>6JX7_B Feline Infectious Peritonitis Virus Spike; CoV spike protein, VIRAL PROTEIN; HET: BMA, MAN, FUC, NAG; 3.31A {Feline infectious peritonitis virus}
Probab=20.99  E-value=95  Score=18.41  Aligned_cols=6  Identities=50%  Similarity=0.733  Sum_probs=4.5  Template_Neff=4.400

Q SNNFGA            1 SNNFGA    6 (6)
Q Consensus         1 snnfga    6 (6)
                      +|||||
T Consensus      1125 ~~nFgA 1130 (1468)
T 6JX7_B         1125 QKNFQA 1130 (1468)
T ss_dssp             SCCTTS
T ss_pred             HHHHHH
Confidence            578886


