Query         EHSDLS
Match_columns 6
No_of_seqs    1 out of 1
Neff          1
Searched_HMMs 90378
Date          Sun Dec 19 19:00:42 2021
Command       /media/stefano/DISCO1/FOLDEN/hh-suite/build/bin/hhsearch -i /media/stefano/DISCO1/FOLDEN/trRosetta2/example/EHSDLS/protein.hhm -d /media/stefano/DISCO1/FOLDEN/trRosettaX/pdb70/pdb70 -o /media/stefano/DISCO1/FOLDEN/trRosetta2/example/EHSDLS/protein.out -cpu 32 

 No Hit                             Prob E-value P-value  Score    SS Cols Query HMM  Template HMM
  1 5IRR_B Septin-like protein; Se   6.6   5E+02  0.0055   10.7   0.0    5    1-5     273-277 (308)
  2 2B1N_A SPE31, peptide (LYS)(AL   6.2 5.4E+02   0.006   10.2   0.0    5    1-5     242-246 (246)
  3 2M1J_A Prion-like protein dopp   6.2 5.4E+02   0.006    9.5   0.0    5    2-6      18-22  (30)
  4 6GZJ_B Dynein light chain 1, c   6.2 5.4E+02   0.006   10.7   0.0    4    2-5      27-30  (54)
  5 2B1M_A SPE31; papain-like, SUG   6.2 5.4E+02   0.006   10.2   0.0    5    1-5     242-246 (246)
  6 1Z65_A Prion-like protein dopp   5.9 5.7E+02  0.0064    9.4   0.0    5    2-6      18-22  (30)
  7 6UPR_B Septin-2, Septin-8; cyt   5.9 5.8E+02  0.0064   10.5   0.0    5    1-5     250-254 (292)
  8 6UPQ_B Septin-2, Septin-11; cy   5.4 6.5E+02  0.0071   10.4   0.0    5    1-5     253-257 (293)
  9 3JZ0_A Lincosamide nucleotidyl   4.6   8E+02  0.0089    9.9   0.0    5    1-5      57-61  (287)
 10 2OHF_A GTP-binding protein 9;    4.5 8.1E+02   0.009   10.8   0.0    4    2-5     335-338 (396)

No 1
>5IRR_B Septin-like protein; Septin, GTPase domain, HYDROLASE; HET: GSP, MSE; 2.04A {Chlamydomonas reinhardtii}
Probab=6.64  E-value=5e+02  Score=10.68  Aligned_cols=5  Identities=100%  Similarity=1.365  Sum_probs=0.0  Template_Neff=9.900

Q EHSDLS            1 EHSDL    5 (6)
Q Consensus         1 ehsdl    5 (6)
                      +|||+
T Consensus       273 ~~~df  277 (308)
T 5IRR_B          273 EHSDL  277 (308)
T ss_dssp             TTCSH
T ss_pred             ccccH


No 2
>2B1N_A SPE31, peptide (LYS)(ALA)(SER)(VAL)(GLY); papain-like, peptide fragment, SUGAR BINDING; HET: FUC, NAG; 2.4A {Pachyrhizus erosus}
Probab=6.22  E-value=5.4e+02  Score=10.25  Aligned_cols=5  Identities=80%  Similarity=1.006  Sum_probs=0.0  Template_Neff=9.800

Q EHSDLS            1 EHSDL    5 (6)
Q Consensus         1 ehsdl    5 (6)
                      |||.|
T Consensus       242 ~~~~~  246 (246)
T 2B1N_A          242 EHSPL  246 (246)
T ss_dssp             -----
T ss_pred             cCCCC


No 3
>2M1J_A Prion-like protein doppel; Prion-like protein, UNKNOWN FUNCTION; NMR {N/A}
Probab=6.22  E-value=5.4e+02  Score=9.51  Aligned_cols=5  Identities=60%  Similarity=0.614  Sum_probs=0.0  Template_Neff=2.400

Q EHSDLS            2 HSDLS    6 (6)
Q Consensus         2 hsdls    6 (6)
                      +|+||
T Consensus        18 ~shLS   22 (30)
T 2M1J_A           18 FSQLS   22 (30)
T ss_dssp             HHHHH
T ss_pred             HHhHH


No 4
>6GZJ_B Dynein light chain 1, cytoplasmic; complex, heterotetramer, cell adhesion, cytoplasmic; 1.977A {Homo sapiens}
Probab=6.21  E-value=5.4e+02  Score=10.67  Aligned_cols=4  Identities=100%  Similarity=1.406  Sum_probs=0.0  Template_Neff=1.000

Q EHSDLS            2 HSDL    5 (6)
Q Consensus         2 hsdl    5 (6)
                      ||||
T Consensus        27 hsdl   30 (54)
T 6GZJ_B           27 HSDL   30 (54)
T ss_pred             cccc


No 5
>2B1M_A SPE31; papain-like, SUGAR BINDING PROTEIN; HET: PG4, FUC, NAG; 2.0A {Pachyrhizus erosus}
Probab=6.21  E-value=5.4e+02  Score=10.24  Aligned_cols=5  Identities=80%  Similarity=1.006  Sum_probs=0.0  Template_Neff=9.800

Q EHSDLS            1 EHSDL    5 (6)
Q Consensus         1 ehsdl    5 (6)
                      |||.|
T Consensus       242 ~~~~~  246 (246)
T 2B1M_A          242 EHSPL  246 (246)
T ss_dssp             -----
T ss_pred             cCCCC


No 6
>1Z65_A Prion-like protein doppel; transmembrane helix  DHPC ; NMR {N/A}
Probab=5.93  E-value=5.7e+02  Score=9.44  Aligned_cols=5  Identities=60%  Similarity=0.534  Sum_probs=0.0  Template_Neff=2.400

Q EHSDLS            2 HSDLS    6 (6)
Q Consensus         2 hsdls    6 (6)
                      +|+||
T Consensus        18 ~shLS   22 (30)
T 1Z65_A           18 ASHLS   22 (30)
T ss_dssp             HHHTT
T ss_pred             HHhHH


No 7
>6UPR_B Septin-2, Septin-8; cytoskeleton protein, septin, STRUCTURAL PROTEIN; HET: GTP, GDP; 2.299A {Homo sapiens}
Probab=5.88  E-value=5.8e+02  Score=10.45  Aligned_cols=5  Identities=40%  Similarity=0.913  Sum_probs=0.0  Template_Neff=9.800

Q EHSDLS            1 EHSDL    5 (6)
Q Consensus         1 ehsdl    5 (6)
                      +|+|+
T Consensus       250 ~~~df  254 (292)
T 6UPR_B          250 NHCDF  254 (292)
T ss_dssp             TTCSH
T ss_pred             CcchH


No 8
>6UPQ_B Septin-2, Septin-11; cytoskeleton protein, septin, STRUCTURAL PROTEIN; HET: GTP, GDP; 1.86A {Homo sapiens}
Probab=5.41  E-value=6.5e+02  Score=10.42  Aligned_cols=5  Identities=40%  Similarity=0.913  Sum_probs=0.0  Template_Neff=9.600

Q EHSDLS            1 EHSDL    5 (6)
Q Consensus         1 ehsdl    5 (6)
                      +|+|+
T Consensus       253 ~~~Df  257 (293)
T 6UPQ_B          253 NHCDF  257 (293)
T ss_dssp             TTCSH
T ss_pred             CcChH


No 9
>3JZ0_A Lincosamide nucleotidyltransferase; alpha-beta structure, Transferase, TRANSFERASE-ANTIBIOTIC COMPLEX; HET: CLY, APC; 2.0A {Enterococcus faecium}
Probab=4.55  E-value=8e+02  Score=9.95  Aligned_cols=5  Identities=40%  Similarity=0.614  Sum_probs=0.0  Template_Neff=10.000

Q EHSDLS            1 EHSDL    5 (6)
Q Consensus         1 ehsdl    5 (6)
                      +.||+
T Consensus        57 ~~SDi   61 (287)
T 3JZ0_A           57 QYSDI   61 (287)
T ss_dssp             TTCCE
T ss_pred             CCCCe


No 10
>2OHF_A GTP-binding protein 9; ATPase  GTPase  P-loop; HET: ACP; 2.7A {Homo sapiens}
Probab=4.52  E-value=8.1e+02  Score=10.83  Aligned_cols=4  Identities=50%  Similarity=1.182  Sum_probs=0.0  Template_Neff=9.200

Q EHSDLS            2 HSDL    5 (6)
Q Consensus         2 hsdl    5 (6)
                      |||+
T Consensus       335 Hsd~  338 (396)
T 2OHF_A          335 HTDF  338 (396)
T ss_dssp             CTHH
T ss_pred             chhH


