Query         GFFYTP
Match_columns 6
No_of_seqs    1 out of 1
Neff          1
Searched_HMMs 90378
Date          Sun Dec 19 23:20:02 2021
Command       /media/stefano/DISCO1/FOLDEN/hh-suite/build/bin/hhsearch -i /media/stefano/DISCO1/FOLDEN/trRosetta2/example/GFFYTP/protein.hhm -d /media/stefano/DISCO1/FOLDEN/trRosettaX/pdb70/pdb70 -o /media/stefano/DISCO1/FOLDEN/trRosetta2/example/GFFYTP/protein.out -cpu 32 

 No Hit                             Prob E-value P-value  Score    SS Cols Query HMM  Template HMM
  1 3M0D_D TNF receptor-associated  83.7    0.72   8E-06   15.9   0.0    6    1-6      30-35  (75)
  2 3M0A_D TNF receptor-associated  82.3    0.91   1E-05   15.8   0.0    6    1-6      30-35  (75)
  3 4J44_A E3 ubiquitin-protein li  81.4     1.1 1.2E-05   15.9   0.0    6    1-6      38-43  (86)
  4 3M1D_A Baculoviral IAP repeat-  81.0     1.1 1.2E-05   16.0   0.0    6    1-6      37-42  (85)
  5 2POP_D Mitogen-activated prote  80.1     1.3 1.4E-05   16.6   0.0    6    1-6      46-51  (95)
  6 4KMN_A Baculoviral IAP repeat-  79.8     1.3 1.5E-05   16.6   0.0    6    1-6      38-43  (103)
  7 1I51_E CASPASE-7 SUBUNIT P20 (  79.8     1.3 1.5E-05   17.3   0.0    6    1-6      65-70  (117)
  8 2POI_A Baculoviral IAP repeat-  79.3     1.4 1.5E-05   16.4   0.0    6    1-6      46-51  (94)
  9 4J48_A E3 ubiquitin-protein li  78.4     1.6 1.7E-05   15.6   0.0    6    1-6      38-43  (86)
 10 2VM5_A BACULOVIRAL IAP REPEAT-  78.3     1.6 1.8E-05   16.6   0.0    6    1-6      47-52  (106)
 11 3OZ1_B Baculoviral IAP repeat-  78.1     1.6 1.8E-05   17.1   0.0    6    1-6      45-50  (122)
 12 3D9T_A CIAP1-BIR3/ATPFQE  COMP  78.0     1.6 1.8E-05   15.8   0.0    6    1-6      39-44  (97)
 13 4KMP_B E3 ubiquitin-protein li  77.6     1.7 1.9E-05   16.0   0.0    6    1-6      38-43  (98)
 14 4WVU_A XIAP, 3,11-DIFLUORO-6,8  77.5     1.7 1.9E-05   16.5   0.0    6    1-6      55-60  (98)
 15 3HL5_B Baculoviral IAP repeat-  77.5     1.8 1.9E-05   15.8   0.0    6    1-6      37-42  (95)
 16 4WVT_B XIAP, 3,11-DIFLUORO-6,8  76.9     1.9 2.1E-05   16.3   0.0    6    1-6      55-60  (98)
 17 1QBH_A INHIBITOR OF APOPTOSIS   76.4       2 2.2E-05   15.9   0.0    6    1-6      32-37  (101)
 18 1XOX_A Apoptosis inhibitor sur  73.8     2.6 2.9E-05   16.6   0.0    6    1-6      42-47  (117)
 19 2QRA_A Baculoviral IAP repeat-  73.3     2.7   3E-05   16.6   0.0    6    1-6      63-68  (111)
 20 4HY4_B Baculoviral IAP repeat-  73.0     2.8 3.1E-05   16.3   0.0    6    1-6      57-62  (115)
 21 4HY5_A Baculoviral IAP repeat-  73.0     2.8 3.1E-05   16.3   0.0    6    1-6      57-62  (115)
 22 1TFT_A Baculoviral IAP repeat-  72.9     2.8 3.1E-05   16.5   0.0    6    1-6      49-54  (117)
 23 2QFA_A Baculoviral IAP repeat-  71.6     3.2 3.5E-05   16.6   0.0    6    1-6      42-47  (142)
 24 5M6N_B E3 ubiquitin-protein li  71.6     3.2 3.5E-05   16.2   0.0    6    1-6      49-54  (118)
 25 3UW5_B Baculoviral IAP repeat-  71.5     3.2 3.6E-05   16.2   0.0    6    1-6      56-61  (116)
 26 3SIP_F Caspase (E.C.3.4.22.-),  71.4     3.3 3.6E-05   16.3   0.0    6    1-6      38-43  (115)
 27 1SE0_A Apoptosis 1 inhibitor,   71.2     3.3 3.7E-05   16.3   0.0    6    1-6      39-44  (116)
 28 1E31_B APOPTOSIS INHIBITOR SUR  70.4     3.5 3.9E-05   16.5   0.0    6    1-6      42-47  (142)
 29 4EC4_A Baculoviral IAP repeat-  69.8     3.7 4.1E-05   16.4   0.0    6    1-6      48-53  (122)
 30 5M6M_A E3 ubiquitin-protein li  69.3     3.9 4.3E-05   16.6   0.0    6    1-6      61-66  (127)
 31 1C9Q_A APOPTOSIS INHIBITOR IAP  69.1       4 4.4E-05   16.1   0.0    6    1-6      65-70  (117)
 32 2RAX_X Baculoviral IAP repeat-  68.1     4.3 4.8E-05   16.2   0.0    6    1-6      45-50  (123)
 33 3UW5_A Baculoviral IAP repeat-  67.5     4.5   5E-05   15.6   0.0    6    1-6      56-61  (116)
 34 3EYL_B Baculoviral IAP repeat-  67.0     4.7 5.2E-05   16.0   0.0    6    1-6      48-53  (122)
 35 3G76_B Baculoviral IAP repeat-  67.0     4.7 5.2E-05   16.0   0.0    6    1-6      48-53  (122)
 36 1G73_C helix bundle, zinc-bind  66.4     4.9 5.5E-05   15.9   0.0    6    1-6      51-56  (121)
 37 4MTZ_D E3 ubiquitin-protein li  66.2       5 5.6E-05   15.8   0.0    6    1-6      63-68  (111)
 38 6GJW_B E3 ubiquitin-protein li  66.2       5 5.6E-05   15.8   0.0    6    1-6      63-68  (111)
 39 2I3H_A Baculoviral IAP repeat-  65.9     5.1 5.7E-05   16.2   0.0    6    1-6      73-78  (133)
 40 3GTA_A ZINC BINDING, PEPTIDE C  65.9     5.1 5.7E-05   16.2   0.0    6    1-6      73-78  (133)
 41 6EY2_B E3 ubiquitin-protein li  64.2     5.8 6.5E-05   16.5   0.0    6    1-6      78-83  (146)
 42 6EY2_F E3 ubiquitin-protein li  64.2     5.8 6.5E-05   16.5   0.0    6    1-6      78-83  (146)
 43 5URT_B Insulin Chain A, Insuli  63.8       6 6.6E-05   13.6   0.0    6    1-6      23-28  (30)
 44 3CM2_A Baculoviral IAP repeat-  63.5     6.1 6.8E-05   16.1   0.0    6    1-6      62-67  (130)
 45 3CM2_I Baculoviral IAP repeat-  63.5     6.1 6.8E-05   16.1   0.0    6    1-6      62-67  (130)
 46 1OXQ_B Baculoviral IAP repeat-  62.4     6.7 7.4E-05   16.1   0.0    6    1-6      73-78  (140)
 47 3SIQ_F Apoptosis 1 inhibitor (  61.9     6.9 7.6E-05   16.0   0.0    6    1-6      61-66  (136)
 48 1I4O_D CASPASE-7 (3.4.22.-) BA  61.2     7.2   8E-05   16.1   0.0    6    1-6      69-74  (141)
 49 1JD5_A APOPTOSIS 1 INHIBITOR,   61.1     7.3 8.1E-05   15.6   0.0    6    1-6      51-56  (124)
 50 5EYI_A Non-structural protein   57.1     9.5  0.0001   18.0   0.0    6    1-6      16-21  (225)
 51 3SIQ_A Apoptosis 1 inhibitor (  57.0     9.6 0.00011   15.8   0.0    6    1-6      61-66  (136)
 52 5YUD_A Baculoviral IAP repeat-  56.4      10 0.00011   18.5   0.0    6    1-6      85-90  (1403)
 53 5HBZ_A Non-structural protein   48.0      17 0.00018   17.2   0.0    6    1-6      17-22  (221)
 54 5F17_A Non-structural protein   48.0      17 0.00019   17.1   0.0    6    1-6      15-20  (219)
 55 5HC1_B Non-structural protein   46.4      18  0.0002   17.1   0.0    6    1-6      17-22  (221)
 56 5HR4_J MmeI/DNA Complex; DNA-p  46.3      19  0.0002   16.9   0.0    6    1-6     312-317 (919)
 57 5FFJ_B LlaGI/DNA Complex; Heli  43.7      22 0.00024   17.9   0.0    6    1-6     701-706 (1406)
 58 3LKD_B Type I restriction-modi  43.0      22 0.00025   15.8   0.0    6    1-6     197-202 (542)
 59 7LT5_B CCAAT/enhancer-binding   40.8      26 0.00028   15.2   0.0    6    1-6      29-34  (578)
 60 7RFK_B DNA Adenine Methylation  40.8      26 0.00028   15.2   0.0    6    1-6      29-34  (578)
 61 2OKC_B Type I restriction enzy  39.2      28 0.00031   14.9   0.0    6    1-6     151-156 (445)
 62 4XQK_B LlaBIII/DNA Complex; AT  38.7      29 0.00032   17.8   0.0    6    1-6     865-870 (1578)
 63 7JRJ_G Radial spoke protein 10  35.5      35 0.00039   17.5   0.0    6    1-6     110-115 (362)
 64 4XQK_A LlaBIII/DNA Complex; AT  35.3      36  0.0004   17.8   0.0    6    1-6     865-870 (1578)
 65 5YBB_E Type I restriction-modi  33.2      41 0.00045   14.9   0.0    6    1-6     169-174 (507)
 66 2OKC_A Type I restriction enzy  32.8      42 0.00046   14.7   0.0    6    1-6     151-156 (445)
 67 3KHK_A Type I restriction-modi  31.8      44 0.00049   15.1   0.0    6    1-6     225-230 (544)
 68 2IH2_D Modification methylase   31.5      45  0.0005   14.1   0.0    6    1-6      19-24  (421)
 69 7LO5_A Site-specific DNA-methy  31.5      45  0.0005   16.6   0.0    6    1-6     302-307 (1029)
 70 7LO5_D Site-specific DNA-methy  31.5      45  0.0005   16.6   0.0    6    1-6     302-307 (1029)
 71 2AR0_A Type I restriction enzy  30.6      48 0.00053   15.2   0.0    6    1-6     149-154 (541)
 72 3UFB_A Type I restriction-modi  30.0      50 0.00055   14.8   0.0    6    1-6     197-202 (530)
 73 3LKD_A Type I restriction-modi  29.6      51 0.00057   15.0   0.0    6    1-6     197-202 (542)
 74 2Y7C_C TYPE-1 RESTRICTION ENZY  28.9      54 0.00059   14.9   0.0    6    1-6     147-152 (529)
 75 2Z5F_A Sulfotransferase family  27.5      59 0.00065   12.6   0.0    6    1-6      19-24  (298)
 76 3CKL_A Sulfotransferase family  27.3      60 0.00066   12.7   0.0    6    1-6      19-24  (298)
 77 4ZKF_A 2',5'-phosphodiesterase  24.6      72  0.0008   14.0   0.0    6    1-6      85-90  (462)
 78 7JTK_E Radial spoke 1; cilia,   21.3      92   0.001   16.6   0.0    6    1-6     264-269 (516)

No 1
>3M0D_D TNF receptor-associated factor 2, TNF; trimeric helix coiled coiled, apoptosis; 2.8A {Homo sapiens}
Probab=83.74  E-value=0.72  Score=15.95  Aligned_cols=6  Identities=67%  Similarity=1.519  Sum_probs=3.8  Template_Neff=8.600

Q GFFYTP            1 GFFYTP    6 (6)
Q Consensus         1 gffytp    6 (6)
                      ||+|++
T Consensus        30 GFy~~~   35 (75)
T 3M0D_D           30 GFYYTG   35 (75)
T ss_dssp             TEEECS
T ss_pred             CeEEcC
Confidence            677764


No 2
>3M0A_D TNF receptor-associated factor 2, Baculoviral; TRAF2: cIAP2 and the TRAF1:; 2.61A {Homo sapiens}
Probab=82.32  E-value=0.91  Score=15.76  Aligned_cols=6  Identities=67%  Similarity=1.519  Sum_probs=3.7  Template_Neff=8.500

Q GFFYTP            1 GFFYTP    6 (6)
Q Consensus         1 gffytp    6 (6)
                      ||+|++
T Consensus        30 GFy~~~   35 (75)
T 3M0A_D           30 GFYYTG   35 (75)
T ss_pred             CeEEcC
Confidence            677664


No 3
>4J44_A E3 ubiquitin-protein ligase XIAP (E.C.6.3.2.-); IAP, XIAP, CASPASE, APOPTOSIS, SMAC; 1.3A {Homo sapiens}
Probab=81.38  E-value=1.1  Score=15.87  Aligned_cols=6  Identities=50%  Similarity=1.243  Sum_probs=3.6  Template_Neff=8.600

Q GFFYTP            1 GFFYTP    6 (6)
Q Consensus         1 gffytp    6 (6)
                      ||+|++
T Consensus        38 GFy~~~   43 (86)
T 4J44_A           38 GLYYTG   43 (86)
T ss_dssp             TEEECS
T ss_pred             CcEEcC
Confidence            666653


No 4
>3M1D_A Baculoviral IAP repeat-containing protein 2; BIR, IAP, Apoptosis, Zinc-finger, METAL; 2.0A {Homo sapiens}
Probab=80.96  E-value=1.1  Score=16.04  Aligned_cols=6  Identities=67%  Similarity=1.519  Sum_probs=3.7  Template_Neff=8.200

Q GFFYTP            1 GFFYTP    6 (6)
Q Consensus         1 gffytp    6 (6)
                      ||+|++
T Consensus        37 GFy~~~   42 (85)
T 3M1D_A           37 GFYYTG   42 (85)
T ss_pred             CeeeCC
Confidence            677664


No 5
>2POP_D Mitogen-activated protein kinase kinase kinase; Zinc finger, PP2C-like domain, BIR; 3.1A {Homo sapiens}
Probab=80.06  E-value=1.3  Score=16.56  Aligned_cols=6  Identities=67%  Similarity=1.348  Sum_probs=3.9  Template_Neff=7.600

Q GFFYTP            1 GFFYTP    6 (6)
Q Consensus         1 gffytp    6 (6)
                      ||+|++
T Consensus        46 GFy~~g   51 (95)
T 2POP_D           46 GFLYTG   51 (95)
T ss_dssp             TEEECS
T ss_pred             CcEEcC
Confidence            677764


No 6
>4KMN_A Baculoviral IAP repeat-containing protein 2; apoptosis, cIAP1-BIR3, LIGASE-LIGASE INHIBITOR complex; HET: 436; 1.523A {Homo sapiens}
Probab=79.78  E-value=1.3  Score=16.58  Aligned_cols=6  Identities=50%  Similarity=1.381  Sum_probs=3.9  Template_Neff=7.800

Q GFFYTP            1 GFFYTP    6 (6)
Q Consensus         1 gffytp    6 (6)
                      ||+|++
T Consensus        38 GFy~~g   43 (103)
T 4KMN_A           38 GFYYVG   43 (103)
T ss_dssp             TEEECS
T ss_pred             CeEEcc
Confidence            677764


No 7
>1I51_E CASPASE-7 SUBUNIT P20 (E.C.3.4.22.-)/CASPASE-7 SUBUNIT; protease, caspase, IAP, apoptosis, HYDROLASE-HYDROLASE; 2.45A {Homo sapiens}
Probab=79.77  E-value=1.3  Score=17.34  Aligned_cols=6  Identities=50%  Similarity=1.243  Sum_probs=4.1  Template_Neff=7.100

Q GFFYTP            1 GFFYTP    6 (6)
Q Consensus         1 gffytp    6 (6)
                      ||||++
T Consensus        65 GFyy~g   70 (117)
T 1I51_E           65 GLYYTG   70 (117)
T ss_pred             CEEEcC
Confidence            677764


No 8
>2POI_A Baculoviral IAP repeat-containing protein 4; Zinc finger, SIGNALING PROTEIN-APOPTOSIS COMPLEX; 1.8A {Homo sapiens}
Probab=79.35  E-value=1.4  Score=16.36  Aligned_cols=6  Identities=67%  Similarity=1.348  Sum_probs=3.8  Template_Neff=7.700

Q GFFYTP            1 GFFYTP    6 (6)
Q Consensus         1 gffytp    6 (6)
                      ||+|++
T Consensus        46 GFy~~g   51 (94)
T 2POI_A           46 GFLYTG   51 (94)
T ss_dssp             TEEECS
T ss_pred             CcEEcC
Confidence            677764


No 9
>4J48_A E3 ubiquitin-protein ligase XIAP (E.C.6.3.2.-); IAP, XIAP, CASPASE, APOPTOSIS, SMAC; 2.1A {Homo sapiens}
Probab=78.43  E-value=1.6  Score=15.63  Aligned_cols=6  Identities=50%  Similarity=1.243  Sum_probs=3.6  Template_Neff=8.300

Q GFFYTP            1 GFFYTP    6 (6)
Q Consensus         1 gffytp    6 (6)
                      ||+|++
T Consensus        38 GFyy~g   43 (86)
T 4J48_A           38 GLYYTG   43 (86)
T ss_dssp             TEEECS
T ss_pred             CEEECC
Confidence            666653


No 10
>2VM5_A BACULOVIRAL IAP REPEAT-CONTAINING PROTEIN 1; APOPTOSIS; 1.8A {HOMO SAPIENS}
Probab=78.31  E-value=1.6  Score=16.56  Aligned_cols=6  Identities=50%  Similarity=1.093  Sum_probs=3.9  Template_Neff=7.600

Q GFFYTP            1 GFFYTP    6 (6)
Q Consensus         1 gffytp    6 (6)
                      ||||++
T Consensus        47 GFy~~g   52 (106)
T 2VM5_A           47 GFVFTG   52 (106)
T ss_dssp             TEEECS
T ss_pred             CeEEcC
Confidence            677764


No 11
>3OZ1_B Baculoviral IAP repeat-containing protein 2; Zinc-finger, Caspases, APOPTOSIS INHIBITOR; HET: BMB; 3.0A {Homo sapiens}
Probab=78.06  E-value=1.6  Score=17.12  Aligned_cols=6  Identities=50%  Similarity=1.381  Sum_probs=4.0  Template_Neff=7.200

Q GFFYTP            1 GFFYTP    6 (6)
Q Consensus         1 gffytp    6 (6)
                      ||||++
T Consensus        45 GFyy~g   50 (122)
T 3OZ1_B           45 GFYYVG   50 (122)
T ss_dssp             TEEECS
T ss_pred             CeeecC
Confidence            677764


No 12
>3D9T_A CIAP1-BIR3/ATPFQE  COMPLEX; zinc finger, Apoptosis, Cytoplasm, Metal-binding; 1.5A {Homo sapiens} SCOP: g.52.1.1
Probab=77.99  E-value=1.6  Score=15.79  Aligned_cols=6  Identities=50%  Similarity=1.381  Sum_probs=3.6  Template_Neff=8.400

Q GFFYTP            1 GFFYTP    6 (6)
Q Consensus         1 gffytp    6 (6)
                      ||||++
T Consensus        39 GFy~~~   44 (97)
T 3D9T_A           39 GFYYVG   44 (97)
T ss_dssp             TEEECS
T ss_pred             CeEEcC
Confidence            667653


No 13
>4KMP_B E3 ubiquitin-protein ligase XIAP (E.C.6.3.2.-); apoptosis, XIAP-BIR3, LIGASE-LIGASE INHIBITOR complex; HET: GT6; 1.95A {Homo sapiens}
Probab=77.57  E-value=1.7  Score=15.96  Aligned_cols=6  Identities=33%  Similarity=0.755  Sum_probs=3.8  Template_Neff=8.100

Q GFFYTP            1 GFFYTP    6 (6)
Q Consensus         1 gffytp    6 (6)
                      ||||++
T Consensus        38 GFy~~~   43 (98)
T 4KMP_B           38 GFYALG   43 (98)
T ss_dssp             TEEECS
T ss_pred             CeeecC
Confidence            677763


No 14
>4WVU_A XIAP, 3,11-DIFLUORO-6,8,13-TRIMETHYL-8H-QUINO[4,3,2-KL]ACRIDIN-13-IUM; IAP, XIAP-BIR2, APOPTOSIS; HET: 3V8, GOL, MAA, HOX; 2.02A {Homo sapiens}
Probab=77.51  E-value=1.7  Score=16.46  Aligned_cols=6  Identities=50%  Similarity=1.243  Sum_probs=3.9  Template_Neff=7.300

Q GFFYTP            1 GFFYTP    6 (6)
Q Consensus         1 gffytp    6 (6)
                      ||||++
T Consensus        55 GFyy~g   60 (98)
T 4WVU_A           55 GLYYTG   60 (98)
T ss_dssp             TEEEEE
T ss_pred             CEEECC
Confidence            677764


No 15
>3HL5_B Baculoviral IAP repeat-containing protein 4; BIR, IAP, apoptosis, small molecule; HET: 9JZ; 1.8A {Homo sapiens}
Probab=77.48  E-value=1.8  Score=15.81  Aligned_cols=6  Identities=33%  Similarity=0.755  Sum_probs=3.7  Template_Neff=8.200

Q GFFYTP            1 GFFYTP    6 (6)
Q Consensus         1 gffytp    6 (6)
                      ||||++
T Consensus        37 GF~~~g   42 (95)
T 3HL5_B           37 GFYALG   42 (95)
T ss_dssp             TEEECS
T ss_pred             CeEEcC
Confidence            677653


No 16
>4WVT_B XIAP, 3,11-DIFLUORO-6,8,13-TRIMETHYL-8H-QUINO[4,3,2-KL]ACRIDIN-13-IUM; IAP, XIAP-BIR2, APOPTOSIS; HET: MAA, 3V7; 1.96A {Homo sapiens}
Probab=76.93  E-value=1.9  Score=16.25  Aligned_cols=6  Identities=50%  Similarity=1.243  Sum_probs=3.8  Template_Neff=7.500

Q GFFYTP            1 GFFYTP    6 (6)
Q Consensus         1 gffytp    6 (6)
                      ||||++
T Consensus        55 GFyy~g   60 (98)
T 4WVT_B           55 GLYYTG   60 (98)
T ss_dssp             TEEECS
T ss_pred             CeEEcC
Confidence            677763


No 17
>1QBH_A INHIBITOR OF APOPTOSIS PROTEIN (2MIHB/C-IAP-1); INHIBITOR OF APOPTOSIS (IAP), BACULOVIRAL; HET: ZN; NMR {Homo sapiens} SCOP: g.52.1.1
Probab=76.45  E-value=2  Score=15.95  Aligned_cols=6  Identities=50%  Similarity=1.381  Sum_probs=3.8  Template_Neff=8.000

Q GFFYTP            1 GFFYTP    6 (6)
Q Consensus         1 gffytp    6 (6)
                      ||+|++
T Consensus        32 GFyy~g   37 (101)
T 1QBH_A           32 GFYYVG   37 (101)
T ss_dssp             TCTTSS
T ss_pred             CeEEcc
Confidence            677763


No 18
>1XOX_A Apoptosis inhibitor survivin; Bir Domain  Apoptosis, APOPTOSIS; NMR {Homo sapiens} SCOP: g.52.1.1
Probab=73.80  E-value=2.6  Score=16.59  Aligned_cols=6  Identities=50%  Similarity=1.082  Sum_probs=4.0  Template_Neff=7.000

Q GFFYTP            1 GFFYTP    6 (6)
Q Consensus         1 gffytp    6 (6)
                      ||||++
T Consensus        42 GFy~~~   47 (117)
T 1XOX_A           42 GFIHCP   47 (117)
T ss_dssp             TEEECC
T ss_pred             CEEeCC
Confidence            677763


No 19
>2QRA_A Baculoviral IAP repeat-containing protein 4; Apoptosis, Signaling protein, Zinc binding; HET: EOH; 2.5A {Homo sapiens}
Probab=73.30  E-value=2.7  Score=16.59  Aligned_cols=6  Identities=67%  Similarity=1.348  Sum_probs=3.9  Template_Neff=6.700

Q GFFYTP            1 GFFYTP    6 (6)
Q Consensus         1 gffytp    6 (6)
                      ||||++
T Consensus        63 GFyytg   68 (111)
T 2QRA_A           63 GFLYTG   68 (111)
T ss_dssp             TEEECS
T ss_pred             CeEeCC
Confidence            677764


No 20
>4HY4_B Baculoviral IAP repeat-containing protein 2; IAP family, BIR repeats, CARD; HET: 1BG; 1.249A {Homo sapiens}
Probab=73.01  E-value=2.8  Score=16.28  Aligned_cols=6  Identities=50%  Similarity=1.381  Sum_probs=3.8  Template_Neff=7.300

Q GFFYTP            1 GFFYTP    6 (6)
Q Consensus         1 gffytp    6 (6)
                      ||||++
T Consensus        57 GFyy~g   62 (115)
T 4HY4_B           57 GFYYVG   62 (115)
T ss_dssp             TEEECS
T ss_pred             CeeecC
Confidence            677763


No 21
>4HY5_A Baculoviral IAP repeat-containing protein 2; IAP family, BIR repeats, CARD; HET: 1AQ; 1.752A {Homo sapiens}
Probab=73.01  E-value=2.8  Score=16.28  Aligned_cols=6  Identities=50%  Similarity=1.381  Sum_probs=3.8  Template_Neff=7.300

Q GFFYTP            1 GFFYTP    6 (6)
Q Consensus         1 gffytp    6 (6)
                      ||||++
T Consensus        57 GFyy~g   62 (115)
T 4HY5_A           57 GFYYVG   62 (115)
T ss_dssp             TEEECS
T ss_pred             CeeecC
Confidence            677763


No 22
>1TFT_A Baculoviral IAP repeat-containing protein 4; COMPLEX, ligand-PROTEIN, APOPTOSIS, BIR, XIAP; HET: 997; NMR {Homo sapiens} SCOP: g.52.1.1
Probab=72.90  E-value=2.8  Score=16.49  Aligned_cols=6  Identities=33%  Similarity=0.755  Sum_probs=3.9  Template_Neff=7.000

Q GFFYTP            1 GFFYTP    6 (6)
Q Consensus         1 gffytp    6 (6)
                      ||||++
T Consensus        49 GFy~tg   54 (117)
T 1TFT_A           49 GFYALG   54 (117)
T ss_dssp             HEEECS
T ss_pred             CcEeCC
Confidence            677763


No 23
>2QFA_A Baculoviral IAP repeat-containing protein 5; three-helical-bundle, long helix, protein complex; HET: MES; 1.4A {Homo sapiens} SCOP: g.52.1.1
Probab=71.62  E-value=3.2  Score=16.61  Aligned_cols=6  Identities=50%  Similarity=1.082  Sum_probs=4.0  Template_Neff=7.300

Q GFFYTP            1 GFFYTP    6 (6)
Q Consensus         1 gffytp    6 (6)
                      ||||++
T Consensus        42 GFyy~~   47 (142)
T 2QFA_A           42 GFIHCP   47 (142)
T ss_dssp             TEEECC
T ss_pred             CeeeCC
Confidence            677763


No 24
>5M6N_B E3 ubiquitin-protein ligase XIAP (E.C.6.3.2.-); XIAP, Apoptosis, metal-binding, inhibitor, Xiap#1; HET: SO4, 7H9; 1.8A {Homo sapiens}
Probab=71.61  E-value=3.2  Score=16.19  Aligned_cols=6  Identities=50%  Similarity=1.381  Sum_probs=3.7  Template_Neff=7.300

Q GFFYTP            1 GFFYTP    6 (6)
Q Consensus         1 gffytp    6 (6)
                      ||||++
T Consensus        49 GFy~~g   54 (118)
T 5M6N_B           49 GFYYVG   54 (118)
T ss_dssp             TEEECS
T ss_pred             CeEecC
Confidence            677663


No 25
>3UW5_B Baculoviral IAP repeat-containing protein 7; Apoptosis Inhibitor, BIR domain; HET: SO4; 1.71A {Homo sapiens}
Probab=71.53  E-value=3.2  Score=16.20  Aligned_cols=6  Identities=67%  Similarity=1.071  Sum_probs=3.7  Template_Neff=7.200

Q GFFYTP            1 GFFYTP    6 (6)
Q Consensus         1 gffytp    6 (6)
                      ||+|++
T Consensus        56 GFyy~g   61 (116)
T 3UW5_B           56 GFFHTG   61 (116)
T ss_dssp             TEEECS
T ss_pred             CeEecC
Confidence            677653


No 26
>3SIP_F Caspase (E.C.3.4.22.-), Apoptosis 1 inhibitor; caspase, BIR domain, HYDROLASE-LIGASE-HYDROLASE complex; 3.496A {Drosophila melanogaster}
Probab=71.38  E-value=3.3  Score=16.34  Aligned_cols=6  Identities=33%  Similarity=1.099  Sum_probs=3.8  Template_Neff=6.900

Q GFFYTP            1 GFFYTP    6 (6)
Q Consensus         1 gffytp    6 (6)
                      ||+|++
T Consensus        38 GFy~~g   43 (115)
T 3SIP_F           38 GMYFTH   43 (115)
T ss_pred             CceecC
Confidence            677763


No 27
>1SE0_A Apoptosis 1 inhibitor, Cell death; apoptosis, IAP, BIR, Grim, caspase; 1.75A {Drosophila melanogaster} SCOP: g.52.1.1
Probab=71.23  E-value=3.3  Score=16.35  Aligned_cols=6  Identities=33%  Similarity=1.099  Sum_probs=3.9  Template_Neff=6.900

Q GFFYTP            1 GFFYTP    6 (6)
Q Consensus         1 gffytp    6 (6)
                      ||||++
T Consensus        39 GFyy~g   44 (116)
T 1SE0_A           39 GMYFTH   44 (116)
T ss_dssp             TEEECS
T ss_pred             CceecC
Confidence            677764


No 28
>1E31_B APOPTOSIS INHIBITOR SURVIVIN; APOPTOSIS INHIBITOR, IAP, APOTOSIS, ZINC; 2.71A {HOMO SAPIENS} SCOP: g.52.1.1
Probab=70.43  E-value=3.5  Score=16.49  Aligned_cols=6  Identities=50%  Similarity=1.082  Sum_probs=3.9  Template_Neff=7.300

Q GFFYTP            1 GFFYTP    6 (6)
Q Consensus         1 gffytp    6 (6)
                      ||+|++
T Consensus        42 GFyy~~   47 (142)
T 1E31_B           42 GFIHCP   47 (142)
T ss_dssp             TEEECC
T ss_pred             CcEeCC
Confidence            677763


No 29
>4EC4_A Baculoviral IAP repeat-containing protein 4; zinc finger, APOPTOSIS INHIBITOR; HET: 0O6, ZN, 2PE, P33; 3.3A {Homo sapiens}
Probab=69.83  E-value=3.7  Score=16.38  Aligned_cols=6  Identities=33%  Similarity=0.755  Sum_probs=3.7  Template_Neff=6.800

Q GFFYTP            1 GFFYTP    6 (6)
Q Consensus         1 gffytp    6 (6)
                      ||||++
T Consensus        48 GFyytg   53 (122)
T 4EC4_A           48 GFYALG   53 (122)
T ss_dssp             TEEECS
T ss_pred             CeEeCC
Confidence            677753


No 30
>5M6M_A E3 ubiquitin-protein ligase XIAP (E.C.6.3.2.-); XIAP, Apoptosis, metal-binding, inhibitor, Xiap#1; HET: 7H8; 2.37A {Homo sapiens}
Probab=69.27  E-value=3.9  Score=16.65  Aligned_cols=6  Identities=33%  Similarity=0.755  Sum_probs=3.9  Template_Neff=6.400

Q GFFYTP            1 GFFYTP    6 (6)
Q Consensus         1 gffytp    6 (6)
                      ||||++
T Consensus        61 GFyytg   66 (127)
T 5M6M_A           61 GFYALG   66 (127)
T ss_dssp             TEEECS
T ss_pred             CeEEcC
Confidence            677763


No 31
>1C9Q_A APOPTOSIS INHIBITOR IAP HOMOLOG; ZINC FINGER, APOPTOSIS, INHIBITOR; NMR {Homo sapiens} SCOP: g.52.1.1
Probab=69.09  E-value=4  Score=16.09  Aligned_cols=6  Identities=50%  Similarity=1.243  Sum_probs=3.7  Template_Neff=7.000

Q GFFYTP            1 GFFYTP    6 (6)
Q Consensus         1 gffytp    6 (6)
                      ||||++
T Consensus        65 GFyytg   70 (117)
T 1C9Q_A           65 GLYYTG   70 (117)
T ss_dssp             TEEEEE
T ss_pred             CeEECC
Confidence            677653


No 32
>2RAX_X Baculoviral IAP repeat-containing protein 5; Cell cycle, DasraB, chromosomal passender; 3.3A {Homo sapiens} SCOP: g.52.1.1
Probab=68.07  E-value=4.3  Score=16.22  Aligned_cols=6  Identities=50%  Similarity=1.082  Sum_probs=3.8  Template_Neff=6.800

Q GFFYTP            1 GFFYTP    6 (6)
Q Consensus         1 gffytp    6 (6)
                      ||||++
T Consensus        45 GFyy~g   50 (123)
T 2RAX_X           45 GFIHCP   50 (123)
T ss_dssp             TEEECC
T ss_pred             CeeeCC
Confidence            677763


No 33
>3UW5_A Baculoviral IAP repeat-containing protein 7; Apoptosis Inhibitor, BIR domain; HET: CHG, MAA, SO4, 0DQ; 1.71A {Homo sapiens}
Probab=67.45  E-value=4.5  Score=15.55  Aligned_cols=6  Identities=67%  Similarity=1.071  Sum_probs=3.5  Template_Neff=7.600

Q GFFYTP            1 GFFYTP    6 (6)
Q Consensus         1 gffytp    6 (6)
                      ||+|++
T Consensus        56 GFy~~g   61 (116)
T 3UW5_A           56 GFFHTG   61 (116)
T ss_dssp             TEEECS
T ss_pred             CeEecC
Confidence            566653


No 34
>3EYL_B Baculoviral IAP repeat-containing protein 4; Apoptosis, Smac-mimetics, Zinc-finger, Ligase, Metal-binding; HET: SMK; 3.0A {Homo sapiens}
Probab=67.03  E-value=4.7  Score=16.04  Aligned_cols=6  Identities=33%  Similarity=0.755  Sum_probs=3.7  Template_Neff=6.900

Q GFFYTP            1 GFFYTP    6 (6)
Q Consensus         1 gffytp    6 (6)
                      ||||++
T Consensus        48 GFyy~g   53 (122)
T 3EYL_B           48 GFYALG   53 (122)
T ss_dssp             TEEECS
T ss_pred             CeEEcC
Confidence            677653


No 35
>3G76_B Baculoviral IAP repeat-containing protein 4; Apoptosis, IAP, SmacDIABLO, peptidomimetics, pro-apoptotic; HET: CZ3; 3.0A {Homo sapiens}
Probab=67.03  E-value=4.7  Score=16.04  Aligned_cols=6  Identities=33%  Similarity=0.755  Sum_probs=3.7  Template_Neff=6.900

Q GFFYTP            1 GFFYTP    6 (6)
Q Consensus         1 gffytp    6 (6)
                      ||||++
T Consensus        48 GFyy~g   53 (122)
T 3G76_B           48 GFYALG   53 (122)
T ss_dssp             TEEECS
T ss_pred             CeEEcC
Confidence            677653


No 36
>1G73_C helix bundle, zinc-binding domain, APOPTOSIS-APOPTOSIS; 2.0A {Homo sapiens} SCOP: g.52.1.1
Probab=66.40  E-value=4.9  Score=15.91  Aligned_cols=6  Identities=33%  Similarity=0.755  Sum_probs=3.6  Template_Neff=7.000

Q GFFYTP            1 GFFYTP    6 (6)
Q Consensus         1 gffytp    6 (6)
                      ||||++
T Consensus        51 GFy~tg   56 (121)
T 1G73_C           51 GFYALG   56 (121)
T ss_dssp             TEEECS
T ss_pred             CeEEcC
Confidence            666653


No 37
>4MTZ_D E3 ubiquitin-protein ligase XIAP; BIR domain, Anti-apoptotic, TAB1, LIGASE-LIGASE; HET: 0BU; 2.1A {Homo sapiens}
Probab=66.17  E-value=5  Score=15.81  Aligned_cols=6  Identities=67%  Similarity=1.348  Sum_probs=3.6  Template_Neff=6.800

Q GFFYTP            1 GFFYTP    6 (6)
Q Consensus         1 gffytp    6 (6)
                      ||+|++
T Consensus        63 GFyytg   68 (111)
T 4MTZ_D           63 GFLYTG   68 (111)
T ss_dssp             TEEECS
T ss_pred             CcEecC
Confidence            667653


No 38
>6GJW_B E3 ubiquitin-protein ligase XIAP (E.C.2.3.2.27); BIR  NF-KB  XIAP; HET: F2H; 1.9A {Homo sapiens}
Probab=66.17  E-value=5  Score=15.81  Aligned_cols=6  Identities=67%  Similarity=1.348  Sum_probs=3.6  Template_Neff=6.800

Q GFFYTP            1 GFFYTP    6 (6)
Q Consensus         1 gffytp    6 (6)
                      ||+|++
T Consensus        63 GFyytg   68 (111)
T 6GJW_B           63 GFLYTG   68 (111)
T ss_dssp             TEEECS
T ss_pred             CcEecC
Confidence            667653


No 39
>2I3H_A Baculoviral IAP repeat-containing protein 7; ZINC BINDING, PEPTIDE COMPLEX, APOPTOSIS; HET: BTB; 1.62A {Homo sapiens} SCOP: g.52.1.1
Probab=65.90  E-value=5.1  Score=16.25  Aligned_cols=6  Identities=67%  Similarity=1.071  Sum_probs=3.7  Template_Neff=6.700

Q GFFYTP            1 GFFYTP    6 (6)
Q Consensus         1 gffytp    6 (6)
                      ||||++
T Consensus        73 GFyytg   78 (133)
T 2I3H_A           73 GFFHTG   78 (133)
T ss_dssp             TEEECS
T ss_pred             CceecC
Confidence            677763


No 40
>3GTA_A ZINC BINDING, PEPTIDE COMPLEX, APOPTOSIS; HET: BTB, 851; 1.7A {Homo sapiens}
Probab=65.90  E-value=5.1  Score=16.25  Aligned_cols=6  Identities=67%  Similarity=1.071  Sum_probs=3.7  Template_Neff=6.700

Q GFFYTP            1 GFFYTP    6 (6)
Q Consensus         1 gffytp    6 (6)
                      ||||++
T Consensus        73 GFyytg   78 (133)
T 3GTA_A           73 GFFHTG   78 (133)
T ss_dssp             TEEECS
T ss_pred             CceecC
Confidence            677763


No 41
>6EY2_B E3 ubiquitin-protein ligase XIAP (E.C.2.3.2.27); Zinc finger motif, smac-mimetic, protein-ligand; HET: C3T; 2.7A {Homo sapiens}
Probab=64.19  E-value=5.8  Score=16.47  Aligned_cols=6  Identities=33%  Similarity=0.755  Sum_probs=3.8  Template_Neff=6.400

Q GFFYTP            1 GFFYTP    6 (6)
Q Consensus         1 gffytp    6 (6)
                      ||||++
T Consensus        78 GFyytg   83 (146)
T 6EY2_B           78 GFYALG   83 (146)
T ss_dssp             TEEECS
T ss_pred             CcEecC
Confidence            677763


No 42
>6EY2_F E3 ubiquitin-protein ligase XIAP (E.C.2.3.2.27); Zinc finger motif, smac-mimetic, protein-ligand; HET: C3T; 2.7A {Homo sapiens}
Probab=64.19  E-value=5.8  Score=16.47  Aligned_cols=6  Identities=33%  Similarity=0.755  Sum_probs=3.8  Template_Neff=6.400

Q GFFYTP            1 GFFYTP    6 (6)
Q Consensus         1 gffytp    6 (6)
                      ||||++
T Consensus        78 GFyytg   83 (146)
T 6EY2_F           78 GFYALG   83 (146)
T ss_dssp             TEEECS
T ss_pred             CcEecC
Confidence            677763


No 43
>5URT_B Insulin Chain A, Insulin Chain; Insulin, HORMONE; 1.18A {Homo sapiens}
Probab=63.79  E-value=6  Score=13.61  Aligned_cols=6  Identities=83%  Similarity=1.713  Sum_probs=3.8  Template_Neff=4.800

Q GFFYTP            1 GFFYTP    6 (6)
Q Consensus         1 gffytp    6 (6)
                      |||+.|
T Consensus        23 GF~~~~   28 (30)
T 5URT_B           23 GFFYTX   28 (30)
T ss_dssp             CBCCCC
T ss_pred             ccCCCC
Confidence            577754


No 44
>3CM2_A Baculoviral IAP repeat-containing protein 4; Zinc-finger, Apoptosis, Cytoplasm, Ligase, Metal-binding; HET: X23, ZN; 2.5A {Homo sapiens}
Probab=63.55  E-value=6.1  Score=16.10  Aligned_cols=6  Identities=33%  Similarity=0.755  Sum_probs=3.7  Template_Neff=6.500

Q GFFYTP            1 GFFYTP    6 (6)
Q Consensus         1 gffytp    6 (6)
                      ||||++
T Consensus        62 GFyytg   67 (130)
T 3CM2_A           62 GFYALG   67 (130)
T ss_dssp             TEEECS
T ss_pred             CcEecC
Confidence            677763


No 45
>3CM2_I Baculoviral IAP repeat-containing protein 4; Zinc-finger, Apoptosis, Cytoplasm, Ligase, Metal-binding; HET: ZN, X23; 2.5A {Homo sapiens}
Probab=63.55  E-value=6.1  Score=16.10  Aligned_cols=6  Identities=33%  Similarity=0.755  Sum_probs=3.7  Template_Neff=6.500

Q GFFYTP            1 GFFYTP    6 (6)
Q Consensus         1 gffytp    6 (6)
                      ||||++
T Consensus        62 GFyytg   67 (130)
T 3CM2_I           62 GFYALG   67 (130)
T ss_dssp             TEEECS
T ss_pred             CcEecC
Confidence            677763


No 46
>1OXQ_B Baculoviral IAP repeat-containing protein 7; zinc binding, peptide complex, apoptosis; HET: P33; 2.3A {Homo sapiens} SCOP: g.52.1.1
Probab=62.36  E-value=6.7  Score=16.10  Aligned_cols=6  Identities=67%  Similarity=1.071  Sum_probs=3.7  Template_Neff=6.600

Q GFFYTP            1 GFFYTP    6 (6)
Q Consensus         1 gffytp    6 (6)
                      ||||++
T Consensus        73 GFyytg   78 (140)
T 1OXQ_B           73 GFFHTG   78 (140)
T ss_dssp             TEEEET
T ss_pred             CceecC
Confidence            677653


No 47
>3SIQ_F Apoptosis 1 inhibitor (E.C.6.3.2.-); dIAP1-BIR1 domain, LIGASE; 2.4A {Drosophila melanogaster}
Probab=61.89  E-value=6.9  Score=16.00  Aligned_cols=6  Identities=33%  Similarity=1.099  Sum_probs=3.7  Template_Neff=6.600

Q GFFYTP            1 GFFYTP    6 (6)
Q Consensus         1 gffytp    6 (6)
                      ||+|++
T Consensus        61 GFyy~g   66 (136)
T 3SIQ_F           61 GMYFTH   66 (136)
T ss_dssp             TEEEEE
T ss_pred             Cceecc
Confidence            667653


No 48
>1I4O_D CASPASE-7 (3.4.22.-) BACULOVIRAL IAP REPEAT-CONTAINING; protease-inhibitor, APOPTOSIS-HYDROLASE COMPLEX; 2.4A {Homo sapiens}
Probab=61.19  E-value=7.2  Score=16.13  Aligned_cols=6  Identities=50%  Similarity=1.243  Sum_probs=3.7  Template_Neff=6.400

Q GFFYTP            1 GFFYTP    6 (6)
Q Consensus         1 gffytp    6 (6)
                      ||||++
T Consensus        69 GFyytg   74 (141)
T 1I4O_D           69 GLYYTG   74 (141)
T ss_pred             CeEEcC
Confidence            677753


No 49
>1JD5_A APOPTOSIS 1 INHIBITOR, cell death; APOPTOSIS, GRIM, IAP, CASPASE ACTIVATION; 1.9A {Drosophila melanogaster} SCOP: g.52.1.1
Probab=61.08  E-value=7.3  Score=15.55  Aligned_cols=6  Identities=83%  Similarity=1.624  Sum_probs=3.5  Template_Neff=6.900

Q GFFYTP            1 GFFYTP    6 (6)
Q Consensus         1 gffytp    6 (6)
                      ||+|++
T Consensus        51 GFy~~g   56 (124)
T 1JD5_A           51 GFFYTG   56 (124)
T ss_dssp             TEEECS
T ss_pred             CeEECC
Confidence            566653


No 50
>5EYI_A Non-structural protein 11; Non-structural protein 11, Nsp11, Beta; 2.16A {PRRSV 16244B}
Probab=57.14  E-value=9.5  Score=17.96  Aligned_cols=6  Identities=50%  Similarity=1.824  Sum_probs=4.7  Template_Neff=4.200

Q GFFYTP            1 GFFYTP    6 (6)
Q Consensus         1 gffytp    6 (6)
                      ||+|||
T Consensus        16 g~~~s~   21 (225)
T 5EYI_A           16 GFYFSP   21 (225)
T ss_dssp             TCCEES
T ss_pred             CcccCC
Confidence            788876


No 51
>3SIQ_A Apoptosis 1 inhibitor (E.C.6.3.2.-); dIAP1-BIR1 domain, LIGASE; 2.4A {Drosophila melanogaster}
Probab=56.96  E-value=9.6  Score=15.81  Aligned_cols=6  Identities=33%  Similarity=1.099  Sum_probs=3.6  Template_Neff=6.200

Q GFFYTP            1 GFFYTP    6 (6)
Q Consensus         1 gffytp    6 (6)
                      ||+|++
T Consensus        61 GFyytg   66 (136)
T 3SIQ_A           61 GMYFTH   66 (136)
T ss_dssp             TEEECS
T ss_pred             CceecC
Confidence            666653


No 52
>5YUD_A Baculoviral IAP repeat-containing protein 1e; Flagellin, NAIP5, NLRC4, Cryo-EM, IMMUNE; HET: ATP;{Mus musculus}
Probab=56.39  E-value=10  Score=18.47  Aligned_cols=6  Identities=50%  Similarity=0.966  Sum_probs=4.4  Template_Neff=10.000

Q GFFYTP            1 GFFYTP    6 (6)
Q Consensus         1 gffytp    6 (6)
                      |||||+
T Consensus        85 Gf~~~~   90 (1403)
T 5YUD_A           85 GFYHTG   90 (1403)
T ss_dssp             TCEECS
T ss_pred             CcEEcC
Confidence            788874


No 53
>5HBZ_A Non-structural protein 11; nsp11, Equine arteritis virus, Endoribonuclease; 3.1A {Equine arteritis virus Bucyrus}
Probab=48.02  E-value=17  Score=17.16  Aligned_cols=6  Identities=50%  Similarity=1.580  Sum_probs=4.5  Template_Neff=4.200

Q GFFYTP            1 GFFYTP    6 (6)
Q Consensus         1 gffytp    6 (6)
                      ||+|+|
T Consensus        17 g~~~s~   22 (221)
T 5HBZ_A           17 GYHYSP   22 (221)
T ss_dssp             TCCEES
T ss_pred             ceecCC
Confidence            688876


No 54
>5F17_A Non-structural protein 11; nsp11, Equine arteritis virus, Endoribonuclease; 3.2A {Equine arteritis virus Bucyrus}
Probab=47.97  E-value=17  Score=17.13  Aligned_cols=6  Identities=50%  Similarity=1.580  Sum_probs=4.5  Template_Neff=4.200

Q GFFYTP            1 GFFYTP    6 (6)
Q Consensus         1 gffytp    6 (6)
                      ||+|+|
T Consensus        15 g~~~s~   20 (219)
T 5F17_A           15 GYHYSP   20 (219)
T ss_dssp             TCCBCS
T ss_pred             ceecCC
Confidence            688876


No 55
>5HC1_B Non-structural protein 11; nsp11, Equine arteritis virus, Endoribonuclease; 3.1A {Equine arteritis virus Bucyrus}
Probab=46.43  E-value=18  Score=17.07  Aligned_cols=6  Identities=50%  Similarity=1.580  Sum_probs=4.5  Template_Neff=4.100

Q GFFYTP            1 GFFYTP    6 (6)
Q Consensus         1 gffytp    6 (6)
                      ||+|+|
T Consensus        17 g~~~s~   22 (221)
T 5HC1_B           17 GYHYSP   22 (221)
T ss_dssp             TCCEES
T ss_pred             ceecCC
Confidence            688876


No 56
>5HR4_J MmeI/DNA Complex; DNA-protein complex, Restriction-Modification enzyme, Hydrolase-DNA; HET: SFG; 2.5964A {Methylophilus methylotrophus}
Probab=46.30  E-value=19  Score=16.89  Aligned_cols=6  Identities=50%  Similarity=0.827  Sum_probs=4.2  Template_Neff=9.800

Q GFFYTP            1 GFFYTP    6 (6)
Q Consensus         1 gffytp    6 (6)
                      |.||||
T Consensus       312 G~~yTP  317 (919)
T 5HR4_J          312 GAHYTS  317 (919)
T ss_dssp             TCCCCC
T ss_pred             cccCCC
Confidence            567777


No 57
>5FFJ_B LlaGI/DNA Complex; Helicase-like ATPase, methyltransferase, DNA-binding protein; 2.84A {Lactococcus lactis}
Probab=43.67  E-value=22  Score=17.93  Aligned_cols=6  Identities=50%  Similarity=1.270  Sum_probs=3.8  Template_Neff=9.200

Q GFFYTP            1 GFFYTP    6 (6)
Q Consensus         1 gffytp    6 (6)
                      |.||||
T Consensus       701 G~~yTP  706 (1406)
T 5FFJ_B          701 GIVFTP  706 (1406)
T ss_dssp             -CCCCC
T ss_pred             cceeCC
Confidence            567887


No 58
>3LKD_B Type I restriction-modification system methyltransferase; Q5M500_STRT2, methyltransferase, stu0711, NESG, SuR80; 2.25A {Streptococcus thermophilus}
Probab=43.03  E-value=22  Score=15.80  Aligned_cols=6  Identities=83%  Similarity=1.530  Sum_probs=3.6  Template_Neff=9.400

Q GFFYTP            1 GFFYTP    6 (6)
Q Consensus         1 gffytp    6 (6)
                      |.||||
T Consensus       197 g~~~TP  202 (542)
T 3LKD_B          197 GEFYTP  202 (542)
T ss_dssp             BCCCCC
T ss_pred             CCccCC
Confidence            456666


No 59
>7LT5_B CCAAT/enhancer-binding protein beta/DNA Complex; DNA Adenine Methylation, PROTEIN-DNA COMPLEX; HET: EDO, SAH; 2.54A {Clostridioides difficile}
Probab=40.76  E-value=26  Score=15.22  Aligned_cols=6  Identities=67%  Similarity=1.697  Sum_probs=3.7  Template_Neff=10.300

Q GFFYTP            1 GFFYTP    6 (6)
Q Consensus         1 gffytp    6 (6)
                      |.||||
T Consensus        29 g~~~TP   34 (578)
T 7LT5_B           29 GIYYTP   34 (578)
T ss_dssp             TCCCCC
T ss_pred             ccccCC
Confidence            456776


No 60
>7RFK_B DNA Adenine Methylation, PROTEIN-DNA COMPLEX; HET: SFG, EDO; 2.05A {Clostridioides difficile}
Probab=40.76  E-value=26  Score=15.22  Aligned_cols=6  Identities=67%  Similarity=1.697  Sum_probs=3.7  Template_Neff=10.300

Q GFFYTP            1 GFFYTP    6 (6)
Q Consensus         1 gffytp    6 (6)
                      |.||||
T Consensus        29 g~~~TP   34 (578)
T 7RFK_B           29 GIYYTP   34 (578)
T ss_dssp             TCCCCC
T ss_pred             ccccCC
Confidence            456776


No 61
>2OKC_B Type I restriction enzyme StySJI; NP_813429.1, N-6 DNA Methylase, Type; HET: SAM; 2.2A {Bacteroides thetaiotaomicron VPI-5482} SCOP: c.66.1.45
Probab=39.23  E-value=28  Score=14.88  Aligned_cols=6  Identities=50%  Similarity=1.348  Sum_probs=3.2  Template_Neff=9.800

Q GFFYTP            1 GFFYTP    6 (6)
Q Consensus         1 gffytp    6 (6)
                      |.||||
T Consensus       151 g~~~TP  156 (445)
T 2OKC_B          151 GQYFTP  156 (445)
T ss_dssp             GGGCCC
T ss_pred             CcccCC
Confidence            345665


No 62
>4XQK_B LlaBIII/DNA Complex; ATP-dependent restriction-modification enzyme, Type ISP; 2.7A {Lactococcus lactis subsp. cremoris}
Probab=38.69  E-value=29  Score=17.77  Aligned_cols=6  Identities=50%  Similarity=1.270  Sum_probs=4.4  Template_Neff=9.200

Q GFFYTP            1 GFFYTP    6 (6)
Q Consensus         1 gffytp    6 (6)
                      |-||||
T Consensus       865 G~~yTP  870 (1578)
T 4XQK_B          865 GIVFTP  870 (1578)
T ss_dssp             CCCCCC
T ss_pred             CCccCC
Confidence            567887


No 63
>7JRJ_G Radial spoke protein 10, Flagellar; Cilia, Radial spoke, Mechano-regulation, STRUCTURAL; 3.03A {Chlamydomonas reinhardtii}
Probab=35.45  E-value=35  Score=17.47  Aligned_cols=6  Identities=50%  Similarity=1.558  Sum_probs=4.4  Template_Neff=3.400

Q GFFYTP            1 GFFYTP    6 (6)
Q Consensus         1 gffytp    6 (6)
                      ||||.|
T Consensus       110 GyFyDP  115 (362)
T 7JRJ_G          110 GYIYDP  115 (362)
T ss_pred             CCCcCh
Confidence            688865


No 64
>4XQK_A LlaBIII/DNA Complex; ATP-dependent restriction-modification enzyme, Type ISP; 2.7A {Lactococcus lactis subsp. cremoris}
Probab=35.27  E-value=36  Score=17.84  Aligned_cols=6  Identities=50%  Similarity=1.270  Sum_probs=4.4  Template_Neff=8.600

Q GFFYTP            1 GFFYTP    6 (6)
Q Consensus         1 gffytp    6 (6)
                      |.||||
T Consensus       865 G~~yTP  870 (1578)
T 4XQK_A          865 GIVFTP  870 (1578)
T ss_dssp             CCCCCC
T ss_pred             CceeCC
Confidence            567887


No 65
>5YBB_E Type I restriction-modification system methyltransferase; Protein complex typeI RM system; HET: SAM; 3.2A {Caldanaerobacter subterraneus subsp. tengcongensis (strain DSM 15242 / JCM 11007 / NBRC 100824 / MB4)}
Probab=33.17  E-value=41  Score=14.86  Aligned_cols=6  Identities=83%  Similarity=1.530  Sum_probs=0.0  Template_Neff=9.500

Q GFFYTP            1 GFFYTP    6 (6)
Q Consensus         1 gffytp    6 (6)
                      |.||||
T Consensus       169 g~~~TP  174 (507)
T 5YBB_E          169 GEFYTP  174 (507)
T ss_dssp             ------
T ss_pred             ccccCC
Confidence            345665


No 66
>2OKC_A Type I restriction enzyme StySJI; NP_813429.1, N-6 DNA Methylase, Type; HET: SAM, MSE; 2.2A {Bacteroides thetaiotaomicron VPI-5482} SCOP: c.66.1.45
Probab=32.84  E-value=42  Score=14.69  Aligned_cols=6  Identities=50%  Similarity=1.348  Sum_probs=3.2  Template_Neff=9.300

Q GFFYTP            1 GFFYTP    6 (6)
Q Consensus         1 gffytp    6 (6)
                      |.||||
T Consensus       151 g~~~TP  156 (445)
T 2OKC_A          151 GQYFTP  156 (445)
T ss_dssp             GGGCCC
T ss_pred             cceeCC
Confidence            345665


No 67
>3KHK_A Type I restriction-modification system methylation; structural genomics, Type I restriction-modification; HET: SO4; 2.55A {Methanosarcina mazei}
Probab=31.81  E-value=44  Score=15.06  Aligned_cols=6  Identities=67%  Similarity=1.497  Sum_probs=3.3  Template_Neff=9.200

Q GFFYTP            1 GFFYTP    6 (6)
Q Consensus         1 gffytp    6 (6)
                      |.||||
T Consensus       225 G~~~TP  230 (544)
T 3KHK_A          225 GQYYTP  230 (544)
T ss_dssp             TTTCCC
T ss_pred             cccCCc
Confidence            346665


No 68
>2IH2_D Modification methylase TaqI/DNA Complex, 5'-DEOXY-5'-[2-(AMINO)ETHYLTHIO]ADENOSINE; DNA, DNA methyltransferase, target base; HET: GOL, 6MA, 5PY, NEA; 1.61A {Thermus aquaticus} SCOP: d.287.1.1, c.66.1.27
Probab=31.52  E-value=45  Score=14.13  Aligned_cols=6  Identities=50%  Similarity=0.606  Sum_probs=3.6  Template_Neff=9.900

Q GFFYTP            1 GFFYTP    6 (6)
Q Consensus         1 gffytp    6 (6)
                      |.||||
T Consensus        19 g~~~Tp   24 (421)
T 2IH2_D           19 GRVETP   24 (421)
T ss_dssp             TTCCCC
T ss_pred             CCccCC
Confidence            456665


No 69
>7LO5_A Site-specific DNA-methyltransferase (adenine-specific)/DNA Complex; inhibitor, Complex, endonuclease, methyl transferase; HET: SAM; 2.86A {Deinococcus wulumuqiensis}
Probab=31.46  E-value=45  Score=16.58  Aligned_cols=6  Identities=83%  Similarity=1.802  Sum_probs=4.0  Template_Neff=8.700

Q GFFYTP            1 GFFYTP    6 (6)
Q Consensus         1 gffytp    6 (6)
                      |.||||
T Consensus       302 G~~yTP  307 (1029)
T 7LO5_A          302 GIFYTP  307 (1029)
T ss_dssp             CCCCCC
T ss_pred             CcEeCc
Confidence            457776


No 70
>7LO5_D Site-specific DNA-methyltransferase (adenine-specific)/DNA Complex; inhibitor, Complex, endonuclease, methyl transferase; HET: SAM; 2.86A {Deinococcus wulumuqiensis}
Probab=31.46  E-value=45  Score=16.58  Aligned_cols=6  Identities=83%  Similarity=1.802  Sum_probs=4.0  Template_Neff=8.700

Q GFFYTP            1 GFFYTP    6 (6)
Q Consensus         1 gffytp    6 (6)
                      |.||||
T Consensus       302 G~~yTP  307 (1029)
T 7LO5_D          302 GIFYTP  307 (1029)
T ss_dssp             TCCCCC
T ss_pred             CcEeCc
Confidence            457776


No 71
>2AR0_A Type I restriction enzyme EcoKI; Structural Genomics  Protein Structure; HET: UNX, MSE; 2.8A {Escherichia coli} SCOP: c.66.1.45
Probab=30.57  E-value=48  Score=15.23  Aligned_cols=6  Identities=50%  Similarity=1.348  Sum_probs=2.9  Template_Neff=8.700

Q GFFYTP            1 GFFYTP    6 (6)
Q Consensus         1 gffytp    6 (6)
                      |.||||
T Consensus       149 G~~~TP  154 (541)
T 2AR0_A          149 GQYFTP  154 (541)
T ss_dssp             -CCCCC
T ss_pred             cceeCc
Confidence            346665


No 72
>3UFB_A Type I restriction-modification system methyltransferase; Methyltransferase activity, TRANSFERASE; 1.8A {Vibrio vulnificus}
Probab=30.05  E-value=50  Score=14.75  Aligned_cols=6  Identities=83%  Similarity=1.530  Sum_probs=3.2  Template_Neff=9.400

Q GFFYTP            1 GFFYTP    6 (6)
Q Consensus         1 gffytp    6 (6)
                      |.||||
T Consensus       197 g~~~TP  202 (530)
T 3UFB_A          197 GEFYTP  202 (530)
T ss_dssp             CCCCCC
T ss_pred             ccccCC
Confidence            345665


No 73
>3LKD_A Type I restriction-modification system methyltransferase; Q5M500_STRT2, methyltransferase, stu0711, NESG, SuR80; HET: MSE; 2.25A {Streptococcus thermophilus}
Probab=29.59  E-value=51  Score=15.04  Aligned_cols=6  Identities=83%  Similarity=1.530  Sum_probs=3.4  Template_Neff=8.900

Q GFFYTP            1 GFFYTP    6 (6)
Q Consensus         1 gffytp    6 (6)
                      |.||||
T Consensus       197 g~~~TP  202 (542)
T 3LKD_A          197 GEFYTP  202 (542)
T ss_dssp             SSCCCC
T ss_pred             cccCCC
Confidence            346665


No 74
>2Y7C_C TYPE-1 RESTRICTION ENZYME ECOKI SPECIFICITY; TRANSFERASE; 18.0A {ESCHERICHIA COLI}
Probab=28.87  E-value=54  Score=14.93  Aligned_cols=6  Identities=50%  Similarity=1.348  Sum_probs=3.2  Template_Neff=8.900

Q GFFYTP            1 GFFYTP    6 (6)
Q Consensus         1 gffytp    6 (6)
                      |.||||
T Consensus       147 G~~~TP  152 (529)
T 2Y7C_C          147 GQYFTP  152 (529)
T ss_dssp             GGGCCC
T ss_pred             CceeCC
Confidence            345665


No 75
>2Z5F_A Sulfotransferase family cytosolic 1B member; SULT, SULFOTRANSFERASE, PAP, Structural Genomics; HET: A3P; 2.1A {Homo sapiens}
Probab=27.47  E-value=59  Score=12.64  Aligned_cols=6  Identities=33%  Similarity=0.395  Sum_probs=2.7  Template_Neff=10.800

Q GFFYTP            1 GFFYTP    6 (6)
Q Consensus         1 gffytp    6 (6)
                      |++|+|
T Consensus        19 ~~~~~~   24 (298)
T 2Z5F_A           19 GYPMTC   24 (298)
T ss_dssp             TEEECG
T ss_pred             CEecCh
Confidence            445543


No 76
>3CKL_A Sulfotransferase family cytosolic 1B member; SULT1B1, human cytosolic sulfotransferase, resveratrol; HET: STL, A3P; 2.0A {Homo sapiens}
Probab=27.32  E-value=60  Score=12.68  Aligned_cols=6  Identities=33%  Similarity=0.395  Sum_probs=2.8  Template_Neff=10.700

Q GFFYTP            1 GFFYTP    6 (6)
Q Consensus         1 gffytp    6 (6)
                      |++|+|
T Consensus        19 ~~~~~~   24 (298)
T 3CKL_A           19 GYPMTC   24 (298)
T ss_dssp             TEEECG
T ss_pred             CEEcCh
Confidence            445543


No 77
>4ZKF_A 2',5'-phosphodiesterase 12 (E.C.3.1.4.-,3.1.13.4); Diesterase, HYDROLASE; 1.82A {Homo sapiens}
Probab=24.59  E-value=72  Score=14.02  Aligned_cols=6  Identities=50%  Similarity=0.777  Sum_probs=3.1  Template_Neff=9.400

Q GFFYTP            1 GFFYTP    6 (6)
Q Consensus         1 gffytp    6 (6)
                      |+.|||
T Consensus        85 ~~~~~P   90 (462)
T 4ZKF_A           85 ERVYTP   90 (462)
T ss_dssp             ESCBCC
T ss_pred             ceEEcC
Confidence            345555


No 78
>7JTK_E Radial spoke 1; cilia, native, complex, mechanoregulation, STRUCTURAL; HET: PO4; 3.2A {Chlamydomonas reinhardtii}
Probab=21.27  E-value=92  Score=16.57  Aligned_cols=6  Identities=50%  Similarity=1.558  Sum_probs=1.2  Template_Neff=4.000

Q GFFYTP            1 GFFYTP    6 (6)
Q Consensus         1 gffytp    6 (6)
                      ||||.|
T Consensus       264 GyF~Dp  269 (516)
T 7JTK_E          264 GYIYDP  269 (516)
T ss_dssp             ----CC
T ss_pred             CCCcCH
Confidence            678765


