Query         NLYTDR
Match_columns 6
No_of_seqs    1 out of 1
Neff          1
Searched_HMMs 90378
Date          Tue Dec 21 01:51:30 2021
Command       /media/stefano/DISCO1/FOLDEN/hh-suite/build/bin/hhsearch -i /media/stefano/DISCO1/FOLDEN/trRosetta2/example/NLYTDR/protein.hhm -d /media/stefano/DISCO1/FOLDEN/trRosettaX/pdb70/pdb70 -o /media/stefano/DISCO1/FOLDEN/trRosetta2/example/NLYTDR/protein.out -cpu 32 

 No Hit                             Prob E-value P-value  Score    SS Cols Query HMM  Template HMM
  1 6HUY_B Coenzyme F420-dependent  11.1 2.5E+02  0.0027   12.1   0.0    6    1-6      12-17  (370)
  2 6HUZ_A Coenzyme F420-dependent  11.1 2.5E+02  0.0027   12.1   0.0    6    1-6      12-17  (370)
  3 2H9A_A Carbon monoxide dehydro  10.9 2.5E+02  0.0028   13.6   0.0    5    1-5     309-313 (445)
  4 4YT2_A HmdII from Methanocaldo  10.5 2.7E+02   0.003   12.0   0.0    6    1-6      16-21  (346)
  5 2RD9_A BH0186 protein; Structu   9.8   3E+02  0.0033   10.7   0.0    4    1-4      14-17  (193)
  6 2RD9_B BH0186 protein; Structu   9.8   3E+02  0.0033   10.7   0.0    4    1-4      14-17  (193)
  7 7C4I_A Peregrin; DNA BINDING P   9.1 3.2E+02  0.0036   10.0   0.0    6    1-6      12-17  (132)
  8 3LT7_B Adhesin yadA; ADHESION,   9.1 3.3E+02  0.0036    9.9   0.0    5    1-5      10-14  (64)
  9 5Y39_A Ragulator complex prote   8.2 3.8E+02  0.0042   10.1   0.0    4    3-6       6-9   (70)
 10 1DEF_A PEPTIDE DEFORMYLASE; HY   7.9 3.9E+02  0.0043   10.9   0.0    5    2-6     141-145 (147)

No 1
>6HUY_B Coenzyme F420-dependent N(5),N(10)-methenyltetrahydromethanopterin reductase-related protein; Hydrogenase, H2-activation, Lateral gene-transfer, cofactor; HET: GUE, GOL, DMS, CSO, FE9; 2.25A {Desulfurobacterium thermolithotrophum DSM 11699}
Probab=11.15  E-value=2.5e+02  Score=12.14  Aligned_cols=6  Identities=33%  Similarity=0.999  Sum_probs=0.0  Template_Neff=9.300

Q NLYTDR            1 NLYTDR    6 (6)
Q Consensus         1 nlytdr    6 (6)
                      |||+++
T Consensus        12 ~~~~~~   17 (370)
T 6HUY_B           12 NYYSNK   17 (370)
T ss_dssp             TCCCCC
T ss_pred             chhccc


No 2
>6HUZ_A Coenzyme F420-dependent N(5),N(10)-methenyltetrahydromethanopterin reductase-related protein; Hydrogenase, H2-activation, Lateral gene-transfer, cofactor; HET: GUE, FE9, GOL; 1.85A {Desulfurobacterium thermolithotrophum DSM 11699}
Probab=11.15  E-value=2.5e+02  Score=12.14  Aligned_cols=6  Identities=33%  Similarity=0.999  Sum_probs=0.0  Template_Neff=9.300

Q NLYTDR            1 NLYTDR    6 (6)
Q Consensus         1 nlytdr    6 (6)
                      |||+++
T Consensus        12 ~~~~~~   17 (370)
T 6HUZ_A           12 NYYSNK   17 (370)
T ss_dssp             HCCCCC
T ss_pred             chhccc


No 3
>2H9A_A Carbon monoxide dehydrogenase corrinoid/iron-sulfur protein; heterodimer, beta-alpha-barrels, OXIDOREDUCTASE; HET: IOD, B12; 1.9A {Carboxydothermus hydrogenoformans}
Probab=10.90  E-value=2.5e+02  Score=13.60  Aligned_cols=5  Identities=80%  Similarity=1.438  Sum_probs=0.0  Template_Neff=6.900

Q NLYTDR            1 NLYTD    5 (6)
Q Consensus         1 nlytd    5 (6)
                      |+|||
T Consensus       309 ~i~~d  313 (445)
T 2H9A_A          309 NIYTD  313 (445)
T ss_dssp             HHTSC
T ss_pred             ccccC


No 4
>4YT2_A HmdII from Methanocaldococcus jannaschii; Metal Binding Protein, Rossmann-fold, oxidoreductase; HET: PEG, PGE; 1.65A {Methanocaldococcus jannaschii}
Probab=10.50  E-value=2.7e+02  Score=12.02  Aligned_cols=6  Identities=50%  Similarity=1.104  Sum_probs=0.0  Template_Neff=9.100

Q NLYTDR            1 NLYTDR    6 (6)
Q Consensus         1 nlytdr    6 (6)
                      |||.++
T Consensus        16 ~~~~~~   21 (346)
T 4YT2_A           16 NLYINK   21 (346)
T ss_dssp             CCCCCC
T ss_pred             Hhcccc


No 5
>2RD9_A BH0186 protein; Structural genomics, Joint Center for; HET: GOL, IMD, MSE; 2.3A {Bacillus halodurans C-125}
Probab=9.78  E-value=3e+02  Score=10.72  Aligned_cols=4  Identities=75%  Similarity=1.115  Sum_probs=0.0  Template_Neff=9.400

Q NLYTDR            1 NLYT    4 (6)
Q Consensus         1 nlyt    4 (6)
                      |||+
T Consensus        14 ~~~~   17 (193)
T 2RD9_A           14 NLYF   17 (193)
T ss_dssp             GGCC
T ss_pred             hhHh


No 6
>2RD9_B BH0186 protein; Structural genomics, Joint Center for; HET: GOL, MSE, IMD; 2.3A {Bacillus halodurans C-125}
Probab=9.78  E-value=3e+02  Score=10.72  Aligned_cols=4  Identities=75%  Similarity=1.115  Sum_probs=0.0  Template_Neff=9.400

Q NLYTDR            1 NLYT    4 (6)
Q Consensus         1 nlyt    4 (6)
                      |||+
T Consensus        14 ~~~~   17 (193)
T 2RD9_B           14 NLYF   17 (193)
T ss_dssp             GGSC
T ss_pred             hhHh


No 7
>7C4I_A Peregrin; DNA BINDING PROTEIN; HET: GOL; 1.37A {Homo sapiens}
Probab=9.13  E-value=3.2e+02  Score=9.99  Aligned_cols=6  Identities=50%  Similarity=0.739  Sum_probs=0.0  Template_Neff=9.300

Q NLYTDR            1 NLYTDR    6 (6)
Q Consensus         1 nlytdr    6 (6)
                      ++||++
T Consensus        12 ~~~~~~   17 (132)
T 7C4I_A           12 NLYFQG   17 (132)
T ss_dssp             -----C
T ss_pred             hHHhhh


No 8
>3LT7_B Adhesin yadA; ADHESION, COILED COIL, TRIMERIC AUTOTRANSPORTER; 1.5A {Yersinia enterocolitica}
Probab=9.09  E-value=3.3e+02  Score=9.95  Aligned_cols=5  Identities=80%  Similarity=1.112  Sum_probs=0.0  Template_Neff=6.600

Q NLYTDR            1 NLYTD    5 (6)
Q Consensus         1 nlytd    5 (6)
                      |-|||
T Consensus        10 n~yTd   14 (64)
T 3LT7_B           10 NSYTD   14 (64)
T ss_dssp             HHHHH
T ss_pred             HHhhc


No 9
>5Y39_A Ragulator complex protein LAMTOR1, Ragulator; Ragulator complex, LAMTOR, SIGNALING PROTEIN; 2.65A {Homo sapiens}
Probab=8.17  E-value=3.8e+02  Score=10.07  Aligned_cols=4  Identities=75%  Similarity=1.381  Sum_probs=0.0  Template_Neff=6.300

Q NLYTDR            3 YTDR    6 (6)
Q Consensus         3 ytdr    6 (6)
                      |.||
T Consensus         6 Y~dR    9 (70)
T 5Y39_A            6 YMDR    9 (70)
T ss_dssp             THHH
T ss_pred             HHHH


No 10
>1DEF_A PEPTIDE DEFORMYLASE; HYDROLASE, ZINC METALLOPROTEASE; NMR {Escherichia coli} SCOP: d.167.1.1
Probab=7.93  E-value=3.9e+02  Score=10.89  Aligned_cols=5  Identities=40%  Similarity=0.760  Sum_probs=0.0  Template_Neff=7.300

Q NLYTDR            2 LYTDR    6 (6)
Q Consensus         2 lytdr    6 (6)
                      ||+||
T Consensus       141 l~~d~  145 (147)
T 1DEF_A          141 LFMDY  145 (147)
T ss_dssp             CSSST
T ss_pred             cchhc


