Query         EEEKSA
Match_columns 6
No_of_seqs    1 out of 1
Neff          1
Searched_HMMs 90378
Date          Sun Dec 19 18:38:46 2021
Command       /media/stefano/DISCO1/FOLDEN/hh-suite/build/bin/hhsearch -i /media/stefano/DISCO1/FOLDEN/trRosetta2/example/EEEKSA/protein.hhm -d /media/stefano/DISCO1/FOLDEN/trRosettaX/pdb70/pdb70 -o /media/stefano/DISCO1/FOLDEN/trRosetta2/example/EEEKSA/protein.out -cpu 32 

 No Hit                             Prob E-value P-value  Score    SS Cols Query HMM  Template HMM
  1 5ZUU_A 30-kDa cleavage and pol   4.8 7.6E+02  0.0084   10.4   0.0    5    1-5     172-176 (180)
  2 1J2J_B ADP-ribosylation factor   4.5 8.1E+02   0.009    9.2   0.0    6    1-6       6-11  (45)
  3 6CSU_A Centrosomal protein of    4.5 8.2E+02   0.009    9.3   0.0    6    1-6      10-15  (44)
  4 6CSU_C Centrosomal protein of    4.5 8.2E+02   0.009    9.3   0.0    6    1-6      10-15  (44)
  5 2CWZ_A thioesterase family pro   4.4 8.4E+02  0.0093    8.6   0.0    5    1-5     137-141 (141)
  6 1WQJ_I Insulin-like growth fac   4.2 8.9E+02  0.0099    8.9   0.0    5    2-6      66-70  (70)
  7 4XSS_B Insulin-like growth fac   4.2 8.9E+02  0.0099    8.9   0.0    5    2-6      66-70  (70)
  8 7D13_A Neurosecretory protein    3.9 9.7E+02   0.011    9.4   0.0    6    1-6      12-17  (39)
  9 5ZUU_C 30-kDa cleavage and pol   3.8   1E+03   0.011   10.1   0.0    5    1-5     172-176 (180)
 10 4Z55_A ALK tyrosine kinase rec   3.7   1E+03   0.011    9.4   0.0    4    1-4     336-339 (339)

No 1
>5ZUU_A 30-kDa cleavage and polyadenylation specificity; mRNA processing, Arabidopsis, CPSF, modification; HET: 6MD, EPE; 1.95A {Arabidopsis thaliana}
Probab=4.76  E-value=7.6e+02  Score=10.43  Aligned_cols=5  Identities=80%  Similarity=1.006  Sum_probs=0.0  Template_Neff=7.300

Q EEEKSA            1 EEEKS    5 (6)
Q Consensus         1 eeeks    5 (6)
                      ||||.
T Consensus       172 ~~~~~  176 (180)
T 5ZUU_A          172 EEEKA  176 (180)
T ss_dssp             HCC--
T ss_pred             HHHHh


No 2
>1J2J_B ADP-ribosylation factor 1/ADP-ribosylation factor binding; PROTEIN TRANSPORT; HET: GTP; 1.6A {Mus musculus} SCOP: a.7.8.1
Probab=4.51  E-value=8.1e+02  Score=9.19  Aligned_cols=6  Identities=67%  Similarity=0.828  Sum_probs=0.0  Template_Neff=4.300

Q EEEKSA            1 EEEKSA    6 (6)
Q Consensus         1 eeeksa    6 (6)
                      .|++|+
T Consensus         6 ~e~ks~   11 (45)
T 1J2J_B            6 DEEKSK   11 (45)
T ss_dssp             CHHHHH
T ss_pred             hHHHHH


No 3
>6CSU_A Centrosomal protein of 152 kDa; Centrosome, Hydrophobic, CELL CYCLE; 2.5A {Homo sapiens}
Probab=4.49  E-value=8.2e+02  Score=9.31  Aligned_cols=6  Identities=50%  Similarity=0.534  Sum_probs=0.0  Template_Neff=3.800

Q EEEKSA            1 EEEKSA    6 (6)
Q Consensus         1 eeeksa    6 (6)
                      ||++.+
T Consensus        10 EEe~rs   15 (44)
T 6CSU_A           10 EEELRS   15 (44)
T ss_pred             HHHHHH


No 4
>6CSU_C Centrosomal protein of 152 kDa; Centrosome, Hydrophobic, CELL CYCLE; 2.5A {Homo sapiens}
Probab=4.49  E-value=8.2e+02  Score=9.31  Aligned_cols=6  Identities=50%  Similarity=0.534  Sum_probs=0.0  Template_Neff=3.800

Q EEEKSA            1 EEEKSA    6 (6)
Q Consensus         1 eeeksa    6 (6)
                      ||++.+
T Consensus        10 EEe~rs   15 (44)
T 6CSU_C           10 EEELRS   15 (44)
T ss_pred             HHHHHH


No 5
>2CWZ_A thioesterase family protein; Structural genomics, thioesterase, NPPSFA, National; HET: EDO; 1.85A {Thermus thermophilus} SCOP: d.38.1.7
Probab=4.37  E-value=8.4e+02  Score=8.58  Aligned_cols=5  Identities=40%  Similarity=0.388  Sum_probs=0.0  Template_Neff=10.300

Q EEEKSA            1 EEEKS    5 (6)
Q Consensus         1 eeeks    5 (6)
                      |+++|
T Consensus       137 ~~~~~  141 (141)
T 2CWZ_A          137 ERSPS  141 (141)
T ss_dssp             TC---
T ss_pred             hcCCC


No 6
>1WQJ_I Insulin-like growth factor binding protein; PROTEIN-PROTEIN COMPLEX, DISULFIDE RICH, DISULFIDE; 1.6A {Homo sapiens} SCOP: g.1.1.1
Probab=4.17  E-value=8.9e+02  Score=8.91  Aligned_cols=5  Identities=60%  Similarity=0.488  Sum_probs=0.0  Template_Neff=6.700

Q EEEKSA            2 EEKSA    6 (6)
Q Consensus         2 eeksa    6 (6)
                      ++|||
T Consensus        66 ~~~~~   70 (70)
T 1WQJ_I           66 PAKSA   70 (70)
T ss_dssp             -----
T ss_pred             CCCCC


No 7
>4XSS_B Insulin-like growth factor I, Insulin; CELL SURFACE RECEPTOR/IMMUNE SYSTEM, INSULIN; HET: BMA, FUC, NAG; 3.0A {Homo sapiens}
Probab=4.17  E-value=8.9e+02  Score=8.91  Aligned_cols=5  Identities=60%  Similarity=0.488  Sum_probs=0.0  Template_Neff=6.700

Q EEEKSA            2 EEKSA    6 (6)
Q Consensus         2 eeksa    6 (6)
                      ++|||
T Consensus        66 ~~~~~   70 (70)
T 4XSS_B           66 PAKSA   70 (70)
T ss_pred             CCCCC


No 8
>7D13_A Neurosecretory protein VGF; VGF, Energy homeostasis, NEUROPEPTIDE; NMR {Homo sapiens}
Probab=3.90  E-value=9.7e+02  Score=9.37  Aligned_cols=6  Identities=50%  Similarity=0.662  Sum_probs=0.0  Template_Neff=1.900

Q EEEKSA            1 EEEKSA    6 (6)
Q Consensus         1 eeeksa    6 (6)
                      |||+-|
T Consensus        12 eEErLA   17 (39)
T 7D13_A           12 QEERLA   17 (39)
T ss_dssp             HHHHHH
T ss_pred             HHHHHH


No 9
>5ZUU_C 30-kDa cleavage and polyadenylation specificity; mRNA processing, Arabidopsis, CPSF, modification; HET: EPE, 6MD; 1.95A {Arabidopsis thaliana}
Probab=3.81  E-value=1e+03  Score=10.09  Aligned_cols=5  Identities=80%  Similarity=1.006  Sum_probs=0.0  Template_Neff=7.300

Q EEEKSA            1 EEEKS    5 (6)
Q Consensus         1 eeeks    5 (6)
                      ++||+
T Consensus       172 ~~~~~  176 (180)
T 5ZUU_C          172 EEEKA  176 (180)
T ss_dssp             C----
T ss_pred             HHHHh


No 10
>4Z55_A ALK tyrosine kinase receptor (E.C.2.7.10.1); catalytic domain, transferase, inhibitor, Transferase-Transferase; HET: GOL, 4LO; 1.55A {Homo sapiens}
Probab=3.70  E-value=1e+03  Score=9.42  Aligned_cols=4  Identities=100%  Similarity=1.165  Sum_probs=0.0  Template_Neff=11.100

Q EEEKSA            1 EEEK    4 (6)
Q Consensus         1 eeek    4 (6)
                      ||||
T Consensus       336 ~~~~  339 (339)
T 4Z55_A          336 EEEK  339 (339)
T ss_dssp             ----
T ss_pred             cccC


