Query         KEPTRE
Match_columns 6
No_of_seqs    1 out of 1
Neff          1
Searched_HMMs 90378
Date          Mon Dec 20 10:44:34 2021
Command       /media/stefano/DISCO1/FOLDEN/hh-suite/build/bin/hhsearch -i /media/stefano/DISCO1/FOLDEN/trRosetta2/example/KEPTRE/protein.hhm -d /media/stefano/DISCO1/FOLDEN/trRosettaX/pdb70/pdb70 -o /media/stefano/DISCO1/FOLDEN/trRosetta2/example/KEPTRE/protein.out -cpu 32 

 No Hit                             Prob E-value P-value  Score    SS Cols Query HMM  Template HMM
  1 4U1C_A eIF3c, eIF3a; translati   3.8 9.9E+02   0.011   11.2   0.0    4    3-6     140-143 (274)
  2 1BMX_A HUMAN IMMUNODEFICIENCY    3.8 9.9E+02   0.011    7.6   0.0    6    1-6      11-16  (31)
  3 4X1O_A 16S rRNA (adenine(1408)   3.6 1.1E+03   0.012    9.4   0.0    6    1-6     261-266 (267)
  4 6DTC_A Dihydrofolate reductase   3.5 1.1E+03   0.012   10.9   0.0    4    3-6      17-20  (256)
  5 4K84_A Glycolipid transfer pro   3.3 1.2E+03   0.013    9.8   0.0    4    3-6     167-170 (215)
  6 6U74_A Bromodomain-containing    3.1 1.3E+03   0.014    8.3   0.0    5    2-6     142-146 (146)
  7 6ULS_A Bromodomain-containing    3.1 1.3E+03   0.014    8.3   0.0    5    2-6     142-146 (146)
  8 7ATL_AAA Esterase; esterase, a   3.1 1.3E+03   0.014   10.1   0.0    4    2-5     385-388 (396)
  9 4K80_A Glycolipid transfer pro   3.0 1.3E+03   0.015    9.7   0.0    4    3-6     167-170 (215)
 10 4EF8_B Dihydroorotate dehydrog   2.9 1.4E+03   0.015   10.0   0.0    4    2-5     351-354 (354)

No 1
>4U1C_A eIF3c, eIF3a; translation initiation, eIF3 complex, PCI-domains; 3.5A {Saccharomyces cerevisiae}
Probab=3.84  E-value=9.9e+02  Score=11.21  Aligned_cols=4  Identities=75%  Similarity=1.331  Sum_probs=0.0  Template_Neff=6.300

Q KEPTRE            3 PTRE    6 (6)
Q Consensus         3 ptre    6 (6)
                      |||+
T Consensus       140 PtR~  143 (274)
T 4U1C_A          140 PTRK  143 (274)
T ss_pred             CCHH


No 2
>1BMX_A HUMAN IMMUNODEFICIENCY VIRUS TYPE 1; HIV, VIRAL CAPSID, P24, MHR; NMR {Human immunodeficiency virus 1} SCOP: j.47.1.1
Probab=3.83  E-value=9.9e+02  Score=7.63  Aligned_cols=6  Identities=67%  Similarity=1.088  Sum_probs=0.0  Template_Neff=6.200

Q KEPTRE            1 KEPTRE    6 (6)
Q Consensus         1 keptre    6 (6)
                      |||-++
T Consensus        11 kep~~d   16 (31)
T 1BMX_A           11 KEPFRD   16 (31)
T ss_dssp             CHHHHH
T ss_pred             CCCHHH


No 3
>4X1O_A 16S rRNA (adenine(1408)-N(1))-methyltransferase (E.C.2.1.1.180); methyltransferase, ribosome, aminoglycoside resistance, TRANSFERASE; 1.7A {Catenulispora acidiphila}
Probab=3.63  E-value=1.1e+03  Score=9.37  Aligned_cols=6  Identities=50%  Similarity=1.099  Sum_probs=0.0  Template_Neff=10.300

Q KEPTRE            1 KEPTRE    6 (6)
Q Consensus         1 keptre    6 (6)
                      +||.|.
T Consensus       261 ~~~~~~  266 (267)
T 4X1O_A          261 EEPQRD  266 (267)
T ss_dssp             ------
T ss_pred             CCCccC


No 4
>6DTC_A Dihydrofolate reductase, putative; Antifolate, DHFR, antifungal protein, antifungal; HET: H9G, NAP, SO4; 2.0A {Aspergillus flavus}
Probab=3.48  E-value=1.1e+03  Score=10.94  Aligned_cols=4  Identities=100%  Similarity=1.531  Sum_probs=0.0  Template_Neff=6.300

Q KEPTRE            3 PTRE    6 (6)
Q Consensus         3 ptre    6 (6)
                      ||||
T Consensus        17 ~~~~   20 (256)
T 6DTC_A           17 PTRE   20 (256)
T ss_dssp             ECSS
T ss_pred             Cccc


No 5
>4K84_A Glycolipid transfer protein domain-containing protein; Lipid transfer protein, GLTP-fold, CPTP; HET: 1PX; 1.897A {Homo sapiens}
Probab=3.33  E-value=1.2e+03  Score=9.80  Aligned_cols=4  Identities=100%  Similarity=1.531  Sum_probs=0.0  Template_Neff=8.200

Q KEPTRE            3 PTRE    6 (6)
Q Consensus         3 ptre    6 (6)
                      |+|+
T Consensus       167 P~R~  170 (215)
T 4K84_A          167 PTRE  170 (215)
T ss_dssp             CBHH
T ss_pred             CCHH


No 6
>6U74_A Bromodomain-containing protein 4, cyclic peptide; BET, bromodomain, macrocyclic peptide, BRD4; HET: ALY; 1.85A {Homo sapiens}
Probab=3.08  E-value=1.3e+03  Score=8.34  Aligned_cols=5  Identities=40%  Similarity=1.006  Sum_probs=0.0  Template_Neff=9.900

Q KEPTRE            2 EPTRE    6 (6)
Q Consensus         2 eptre    6 (6)
                      +|.|+
T Consensus       142 ~~~~~  146 (146)
T 6U74_A          142 RPHRD  146 (146)
T ss_dssp             -----
T ss_pred             CCCCC


No 7
>6ULS_A Bromodomain-containing protein 4, cyclic peptide; BET, bromodomain, E2F1, BRD4, acetylated; HET: ALY; 1.5A {Homo sapiens}
Probab=3.08  E-value=1.3e+03  Score=8.34  Aligned_cols=5  Identities=40%  Similarity=1.006  Sum_probs=0.0  Template_Neff=9.900

Q KEPTRE            2 EPTRE    6 (6)
Q Consensus         2 eptre    6 (6)
                      +|.|+
T Consensus       142 ~~~~~  146 (146)
T 6ULS_A          142 RPHRD  146 (146)
T ss_dssp             -----
T ss_pred             CCCCC


No 8
>7ATL_AAA Esterase; esterase, acyltransferase, transacylase, HYDROLASE; HET: PG4, 1PE, EDO, PEG; 2.478A {uncultured bacterium pCosCE1}
Probab=3.07  E-value=1.3e+03  Score=10.07  Aligned_cols=4  Identities=100%  Similarity=1.531  Sum_probs=0.0  Template_Neff=9.600

Q KEPTRE            2 EPTR    5 (6)
Q Consensus         2 eptr    5 (6)
                      ||||
T Consensus       385 ~~~~  388 (396)
T 7ATL_AAA        385 EPTR  388 (396)
T ss_pred             CCCC


No 9
>4K80_A Glycolipid transfer protein domain-containing protein; Lipid transfer protein, GLTP-fold, CPTP; HET: 1PW; 2.051A {Homo sapiens}
Probab=3.04  E-value=1.3e+03  Score=9.75  Aligned_cols=4  Identities=100%  Similarity=1.531  Sum_probs=0.0  Template_Neff=8.000

Q KEPTRE            3 PTRE    6 (6)
Q Consensus         3 ptre    6 (6)
                      |+|+
T Consensus       167 P~R~  170 (215)
T 4K80_A          167 PTRE  170 (215)
T ss_dssp             CCHH
T ss_pred             CCHH


No 10
>4EF8_B Dihydroorotate dehydrogenase (E.C.1.3.3.1); Leishmania major, dihydroorotate dehydrogenase, Phenyl; HET: SO4, GOL, 0FI, FMN; 1.56A {Leishmania major}
Probab=2.92  E-value=1.4e+03  Score=9.98  Aligned_cols=4  Identities=75%  Similarity=0.933  Sum_probs=0.0  Template_Neff=9.200

Q KEPTRE            2 EPTR    5 (6)
Q Consensus         2 eptr    5 (6)
                      +|||
T Consensus       351 ~~~~  354 (354)
T 4EF8_B          351 ESTR  354 (354)
T ss_dssp             ----
T ss_pred             CCCC


