Query         MNFGAF
Match_columns 6
No_of_seqs    1 out of 1
Neff          1
Searched_HMMs 90378
Date          Mon Dec 20 22:15:37 2021
Command       /media/stefano/DISCO1/FOLDEN/hh-suite/build/bin/hhsearch -i /media/stefano/DISCO1/FOLDEN/trRosetta2/example/MNFGAF/protein.hhm -d /media/stefano/DISCO1/FOLDEN/trRosettaX/pdb70/pdb70 -o /media/stefano/DISCO1/FOLDEN/trRosetta2/example/MNFGAF/protein.out -cpu 32 

 No Hit                             Prob E-value P-value  Score    SS Cols Query HMM  Template HMM
  1 6N3A_J TAR DNA-binding protein  78.6     1.5 1.7E-05   17.5   0.0    6    1-6       1-6   (50)
  2 6N3C_D TAR DNA-binding protein  66.0     5.1 5.6E-05   15.6   0.0    6    1-6      26-31  (46)
  3 6E1F_B Lysine-specific histone  50.0      15 0.00016   13.7   0.0    6    1-6      84-89  (89)
  4 2B8K_G DNA-directed RNA polyme  48.4      16 0.00018   14.8   0.0    6    1-6     195-200 (215)
  5 6AHD_8 Pre-mRNA-processing-spl  35.4      36 0.00039   15.1   0.0    6    1-6     187-192 (199)
  6 7ABI_N U5 small nuclear ribonu  31.5      45  0.0005   14.8   0.0    6    1-6     187-192 (199)
  7 4V7E_Cs Ribosome; eukaryotic r  27.9      57 0.00063   12.7   0.0    6    1-6     107-112 (113)
  8 4V6I_Bt Ribosome; eukaryotic r  27.8      58 0.00064   12.6   0.0    6    1-6     100-105 (106)
  9 3JAQ_r PROTEIN/RNA Complex; Eu  26.6      63 0.00069   12.4   0.0    6    1-6      25-30  (34)
 10 5NRL_L U6 snRNA-associated Sm-  23.1      80 0.00089   14.3   0.0    6    1-6     184-189 (194)
 11 5ZWO_W Pre-mRNA-splicing facto  23.1      80 0.00089   14.3   0.0    6    1-6     184-189 (194)
 12 4V6X_Cv Ribosome; eukarya, euk  21.9      88 0.00097   12.3   0.0    6    1-6     109-114 (115)
 13 5DGE_p1 Ribosome, Complex, eIF  21.7      89 0.00099   12.0   0.0    6    1-6     100-105 (106)
 14 4V7E_Cv Ribosome; eukaryotic r  20.6      98  0.0011   12.0   0.0    6    1-6     104-109 (110)

No 1
>6N3A_J TAR DNA-binding protein 43, segA; Amyloid, TDP43, ALS, FTLD-TDP, dna; 3.3A {Homo sapiens}
Probab=78.61  E-value=1.5  Score=17.51  Aligned_cols=6  Identities=100%  Similarity=1.724  Sum_probs=4.6  Template_Neff=2.200

Q MNFGAF            1 MNFGAF    6 (6)
Q Consensus         1 mnfgaf    6 (6)
                      +|||+|
T Consensus         1 ~Nfg~~    6 (50)
T 6N3A_J            1 MNFGAF    6 (50)
T ss_dssp             CBCSCC
T ss_pred             CCCccc
Confidence            688876


No 2
>6N3C_D TAR DNA-binding protein 43; Amyloid, TDP43, ALS, FTLD-TDP, dna; 3.3A {Homo sapiens}
Probab=65.96  E-value=5.1  Score=15.60  Aligned_cols=6  Identities=83%  Similarity=1.591  Sum_probs=4.0  Template_Neff=3.000

Q MNFGAF            1 MNFGAF    6 (6)
Q Consensus         1 mnfgaf    6 (6)
                      ||||+|
T Consensus        26 ~N~ga~   31 (46)
T 6N3C_D           26 MNFGEF   31 (46)
T ss_dssp             CEEESC
T ss_pred             CCcccc
Confidence            577765


No 3
>6E1F_B Lysine-specific histone demethylase 1A (E.C.1.-.-.-); Histone lysine specific demethylase, SWIRM; HET: SO4; 1.16A {Homo sapiens}
Probab=50.03  E-value=15  Score=13.66  Aligned_cols=6  Identities=50%  Similarity=1.342  Sum_probs=3.8  Template_Neff=7.500

Q MNFGAF            1 MNFGAF    6 (6)
Q Consensus         1 mnfgaf    6 (6)
                      .|||+|
T Consensus        84 IN~g~~   89 (89)
T 6E1F_B           84 INFGIY   89 (89)
T ss_dssp             SGGGCC
T ss_pred             cceeeC
Confidence            377765


No 4
>2B8K_G DNA-directed RNA polymerase II largest; DNA-DIRECTED RNA POLYMERASE, DNA-DEPENDENT RNA; 4.15A {Saccharomyces cerevisiae} SCOP: b.40.4.5, d.230.1.1
Probab=48.38  E-value=16  Score=14.83  Aligned_cols=6  Identities=33%  Similarity=0.429  Sum_probs=3.8  Template_Neff=8.500

Q MNFGAF            1 MNFGAF    6 (6)
Q Consensus         1 mnfgaf    6 (6)
                      +++|||
T Consensus       195 ~~~~~~  200 (215)
T 2B8K_G          195 SSSGAL  200 (215)
T ss_pred             ccCCCe
Confidence            457776


No 5
>6AHD_8 Pre-mRNA-processing-splicing factor 8, Thioredoxin-like protein; Spliceosome, SPLICING; HET: IHP, GTP; 3.8A {Homo sapiens}
Probab=35.37  E-value=36  Score=15.12  Aligned_cols=6  Identities=50%  Similarity=1.088  Sum_probs=4.0  Template_Neff=5.900

Q MNFGAF            1 MNFGAF    6 (6)
Q Consensus         1 mnfgaf    6 (6)
                      |.||.|
T Consensus       187 MGF~gF  192 (199)
T 6AHD_8          187 MGFSGF  192 (199)
T ss_pred             hCcccc
Confidence            567765


No 6
>7ABI_N U5 small nuclear ribonucleoprotein 40; Complex, spliceosome, catalytic activation, splicing; HET: IHP, GTP; 8.0A {Homo sapiens}
Probab=31.49  E-value=45  Score=14.76  Aligned_cols=6  Identities=50%  Similarity=1.088  Sum_probs=3.8  Template_Neff=6.000

Q MNFGAF            1 MNFGAF    6 (6)
Q Consensus         1 mnfgaf    6 (6)
                      |.||.|
T Consensus       187 MGF~gF  192 (199)
T 7ABI_N          187 MGFSGF  192 (199)
T ss_pred             hCcccc
Confidence            567665


No 7
>4V7E_Cs Ribosome; eukaryotic ribosome, homology modeling, de; 5.5A {Triticum aestivum}
Probab=27.94  E-value=57  Score=12.75  Aligned_cols=6  Identities=50%  Similarity=0.993  Sum_probs=3.5  Template_Neff=7.200

Q MNFGAF            1 MNFGAF    6 (6)
Q Consensus         1 mnfgaf    6 (6)
                      |.||-|
T Consensus       107 mgf~LF  112 (113)
T 4V7E_Cs         107 MGFSLF  112 (113)
T ss_pred             cCCCCC
Confidence            556655


No 8
>4V6I_Bt Ribosome; eukaryotic ribosome, homology modeling, de; 8.8A {Saccharomyces cerevisiae}
Probab=27.84  E-value=58  Score=12.61  Aligned_cols=6  Identities=67%  Similarity=1.337  Sum_probs=3.4  Template_Neff=7.200

Q MNFGAF            1 MNFGAF    6 (6)
Q Consensus         1 mnfgaf    6 (6)
                      |.||-|
T Consensus       100 mg~~LF  105 (106)
T 4V6I_Bt         100 MGFGLF  105 (106)
T ss_pred             cCcCCC
Confidence            456655


No 9
>3JAQ_r PROTEIN/RNA Complex; Eukaryotic translation initiation, 48S, small; HET: M2G, MG, 7MG, H2U, 5MC, 1MA, 1MG, RIA, T6A, 2MG, GCP;{Kluyveromyces lactis}
Probab=26.61  E-value=63  Score=12.39  Aligned_cols=6  Identities=67%  Similarity=1.121  Sum_probs=3.8  Template_Neff=1.000

Q MNFGAF            1 MNFGAF    6 (6)
Q Consensus         1 mnfgaf    6 (6)
                      |||-.|
T Consensus        25 mnfkif   30 (34)
T 3JAQ_r           25 MNFKIF   30 (34)
T ss_pred             hcccee
Confidence            677654


No 10
>5NRL_L U6 snRNA-associated Sm-like protein LSm3; Spliceosome, Splicing, Ribonucleoprotein; HET: PSU, GTP; 7.2A {Saccharomyces cerevisiae}
Probab=23.11  E-value=80  Score=14.31  Aligned_cols=6  Identities=50%  Similarity=1.043  Sum_probs=3.8  Template_Neff=5.300

Q MNFGAF            1 MNFGAF    6 (6)
Q Consensus         1 mnfgaf    6 (6)
                      |.|+.|
T Consensus       184 MGF~~F  189 (194)
T 5NRL_L          184 MGFSNF  189 (194)
T ss_pred             hccccc
Confidence            566665


No 11
>5ZWO_W Pre-mRNA-splicing factor 8, U4/U6 small; spliceosome, assembly, B complex, SPLICING; HET: GTP; 3.9A {Saccharomyces cerevisiae S288c}
Probab=23.11  E-value=80  Score=14.31  Aligned_cols=6  Identities=50%  Similarity=1.043  Sum_probs=3.8  Template_Neff=5.300

Q MNFGAF            1 MNFGAF    6 (6)
Q Consensus         1 mnfgaf    6 (6)
                      |.|+.|
T Consensus       184 MGF~~F  189 (194)
T 5ZWO_W          184 MGFSNF  189 (194)
T ss_pred             hccccc
Confidence            566665


No 12
>4V6X_Cv Ribosome; eukarya, eukaryotic, ribosomal, 80S, RNA; 5.0A {Homo sapiens}
Probab=21.94  E-value=88  Score=12.28  Aligned_cols=6  Identities=67%  Similarity=1.337  Sum_probs=3.4  Template_Neff=7.200

Q MNFGAF            1 MNFGAF    6 (6)
Q Consensus         1 mnfgaf    6 (6)
                      |.||-|
T Consensus       109 mgfgLF  114 (115)
T 4V6X_Cv         109 MGFGLF  114 (115)
T ss_pred             cCCCCC
Confidence            456655


No 13
>5DGE_p1 Ribosome, Complex, eIF5A, tRNA analogue; HET: 5CT, PRO, OHX, 8AN, SPS, MG, ZN; 3.45A {Saccharomyces cerevisiae (strain ATCC 204508 / S288c)}
Probab=21.70  E-value=89  Score=12.00  Aligned_cols=6  Identities=67%  Similarity=1.337  Sum_probs=3.1  Template_Neff=7.400

Q MNFGAF            1 MNFGAF    6 (6)
Q Consensus         1 mnfgaf    6 (6)
                      |.||-|
T Consensus       100 mgfgLF  105 (106)
T 5DGE_p1         100 MGFGLF  105 (106)
T ss_pred             cCcCCC
Confidence            456554


No 14
>4V7E_Cv Ribosome; eukaryotic ribosome, homology modeling, de; 5.5A {Triticum aestivum}
Probab=20.59  E-value=98  Score=12.02  Aligned_cols=6  Identities=50%  Similarity=0.993  Sum_probs=3.0  Template_Neff=7.300

Q MNFGAF            1 MNFGAF    6 (6)
Q Consensus         1 mnfgaf    6 (6)
                      |.||-|
T Consensus       104 mg~~LF  109 (110)
T 4V7E_Cv         104 MGFSLF  109 (110)
T ss_pred             cCccCC
Confidence            455544


