Query         KPKKTL
Match_columns 6
No_of_seqs    1 out of 1
Neff          1
Searched_HMMs 90378
Date          Mon Dec 20 11:47:07 2021
Command       /media/stefano/DISCO1/FOLDEN/hh-suite/build/bin/hhsearch -i /media/stefano/DISCO1/FOLDEN/trRosetta2/example/KPKKTL/protein.hhm -d /media/stefano/DISCO1/FOLDEN/trRosettaX/pdb70/pdb70 -o /media/stefano/DISCO1/FOLDEN/trRosetta2/example/KPKKTL/protein.out -cpu 32 

 No Hit                             Prob E-value P-value  Score    SS Cols Query HMM  Template HMM
  1 6IMM_h Spike glycoprotein E1,    5.6 6.2E+02  0.0069   10.7   0.0    6    1-6      29-34  (69)
  2 7MDZ_m 80S mammalian ribosome,   5.4 6.5E+02  0.0072    8.7   0.0    6    1-6      96-101 (102)
  3 7AIH_BP mL94, mL89, Ribosomal    5.3 6.7E+02  0.0074   13.0   0.0    6    1-6     246-251 (254)
  4 7AM2_BP Ribosomal protein L3-l   5.3 6.7E+02  0.0074   13.0   0.0    6    1-6     246-251 (254)
  5 6ZJ3_L2 Ribosomal protein eS1,   4.9 7.3E+02  0.0081    8.6   0.0    6    1-6     120-125 (126)
  6 6HIV_Ao ms48, ms51, ms56, ms59   4.7 7.6E+02  0.0085   12.8   0.0    6    1-6     251-256 (259)
  7 6HIX_Ao ?; mitoribosome, trans   4.7 7.7E+02  0.0085   12.8   0.0    6    1-6     251-256 (259)
  8 6WW9_Y Mitotic spindle assembl   4.6 7.9E+02  0.0087    9.4   0.0    4    1-4      19-22  (35)
  9 6ZR2_P NADH-ubiquinone oxidore   4.4 8.3E+02  0.0091   10.4   0.0    6    1-6     370-375 (377)
 10 2KQR_A Asparaginyl-tRNA synthe   4.2 8.8E+02  0.0097   10.1   0.0    6    1-6      22-27  (113)

No 1
>6IMM_h Spike glycoprotein E1, Spike glycoprotein; Alphavirus, Sindbis virus, Glycoprotein, VIRUS; HET: 8K6; 3.5A {Sindbis virus}
Probab=5.57  E-value=6.2e+02  Score=10.71  Aligned_cols=6  Identities=33%  Similarity=0.872  Sum_probs=0.0  Template_Neff=2.800

Q KPKKTL            1 KPKKTL    6 (6)
Q Consensus         1 kpkktl    6 (6)
                      +|.+||
T Consensus        29 ~P~~TL   34 (69)
T 6IMM_h           29 EPARAL   34 (69)
T ss_pred             CHHHHH


No 2
>7MDZ_m 80S mammalian ribosome, translation inhibitor; HET: MG, Z2V; 3.2A {Oryctolagus cuniculus}
Probab=5.35  E-value=6.5e+02  Score=8.68  Aligned_cols=6  Identities=50%  Similarity=1.032  Sum_probs=0.0  Template_Neff=9.500

Q KPKKTL            1 KPKKTL    6 (6)
Q Consensus         1 kpkktl    6 (6)
                      .|||.+
T Consensus        96 ~~~~~~  101 (102)
T 7MDZ_m           96 RPKKKV  101 (102)
T ss_pred             CCccCC


No 3
>7AIH_BP mL94, mL89, Ribosomal protein L3-like; Ribosome, Mitochondria, Kinetoplastid; HET: NAD; 3.6A {Leishmania major}
Probab=5.28  E-value=6.7e+02  Score=13.01  Aligned_cols=6  Identities=67%  Similarity=1.115  Sum_probs=0.0  Template_Neff=1.800

Q KPKKTL            1 KPKKTL    6 (6)
Q Consensus         1 kpkktl    6 (6)
                      |||.|+
T Consensus       246 KpKNTI  251 (254)
T 7AIH_BP         246 KPKNTI  251 (254)
T ss_pred             CCCCCC


No 4
>7AM2_BP Ribosomal protein L3-like protein, uL4m; RIBOSOME, Mitochondria, Kinetoplastid; HET: GTP, ATP; 3.4A {Leishmania tarentolae}
Probab=5.28  E-value=6.7e+02  Score=13.01  Aligned_cols=6  Identities=67%  Similarity=1.115  Sum_probs=0.0  Template_Neff=1.800

Q KPKKTL            1 KPKKTL    6 (6)
Q Consensus         1 kpkktl    6 (6)
                      |||.|+
T Consensus       246 KpKNTI  251 (254)
T 7AM2_BP         246 KPKNTI  251 (254)
T ss_pred             CCCCCC


No 5
>6ZJ3_L2 Ribosomal protein eS1, Ribosomal protein; Single particle cryo-EM RNA modifications; HET: JMC, B8H, MA6, PSU, B8N, A2M, UR3, 7MG, MIA, 5MC, 6MZ, OMG, OMU, OMC, 1MA, JMH; 3.15A {Euglena gracilis}
Probab=4.88  E-value=7.3e+02  Score=8.64  Aligned_cols=6  Identities=50%  Similarity=0.600  Sum_probs=0.0  Template_Neff=10.100

Q KPKKTL            1 KPKKTL    6 (6)
Q Consensus         1 kpkktl    6 (6)
                      +||+.+
T Consensus       120 ~~~~~~  125 (126)
T 6ZJ3_L2         120 RMKKKL  125 (126)
T ss_pred             hhhhcc


No 6
>6HIV_Ao ms48, ms51, ms56, ms59, ms60; mitoribosome, translation, Trypanosoma, large ribosomal; HET: GTP, SPD, NAD, MG, ZN, UTP, SPM; 7.8A {Trypanosoma brucei brucei}
Probab=4.73  E-value=7.6e+02  Score=12.85  Aligned_cols=6  Identities=67%  Similarity=1.115  Sum_probs=0.0  Template_Neff=1.700

Q KPKKTL            1 KPKKTL    6 (6)
Q Consensus         1 kpkktl    6 (6)
                      |||.|+
T Consensus       251 KpKNTI  256 (259)
T 6HIV_Ao         251 KPKNTI  256 (259)
T ss_pred             CCCCCC


No 7
>6HIX_Ao ?; mitoribosome, translation, Trypanosoma, large ribosomal; HET: NAD; 3.39A {Trypanosoma equiperdum}
Probab=4.71  E-value=7.7e+02  Score=12.84  Aligned_cols=6  Identities=67%  Similarity=1.115  Sum_probs=0.0  Template_Neff=1.700

Q KPKKTL            1 KPKKTL    6 (6)
Q Consensus         1 kpkktl    6 (6)
                      |||.|+
T Consensus       251 KpKNTI  256 (259)
T 6HIX_Ao         251 KPKNTI  256 (259)
T ss_pred             CCCCCC


No 8
>6WW9_Y Mitotic spindle assembly checkpoint protein; REV7, SHLD3, NUCLEAR PROTEIN; 2.7A {Homo sapiens}
Probab=4.63  E-value=7.9e+02  Score=9.39  Aligned_cols=4  Identities=50%  Similarity=1.348  Sum_probs=0.0  Template_Neff=2.200

Q KPKKTL            1 KPKK    4 (6)
Q Consensus         1 kpkk    4 (6)
                      ||||
T Consensus        19 KPkk   22 (35)
T 6WW9_Y           19 RPKR   22 (35)
T ss_pred             CCCC


No 9
>6ZR2_P NADH-ubiquinone oxidoreductase chain 3 (E.C.7.1.1.2); NADH, ubiquinone, complex I, OXIDOREDUCTASE; HET: AME, SF4, CDL, 2MR, ATP, EHZ, 3PE, PC1, NDP, FMN, FME; 3.1A {Mus musculus}
Probab=4.45  E-value=8.3e+02  Score=10.41  Aligned_cols=6  Identities=67%  Similarity=0.994  Sum_probs=0.0  Template_Neff=9.900

Q KPKKTL            1 KPKKTL    6 (6)
Q Consensus         1 kpkktl    6 (6)
                      ||.||.
T Consensus       370 ~~~~~~  375 (377)
T 6ZR2_P          370 KPAKTV  375 (377)
T ss_dssp             CCCCBC
T ss_pred             CCCccc


No 10
>2KQR_A Asparaginyl-tRNA synthetase, cytoplasmic (E.C.6.1.1.22); aminoacyl-tRNA synthetase, Brugia malayi, ATP-binding; NMR {Brugia malayi}
Probab=4.23  E-value=8.8e+02  Score=10.09  Aligned_cols=6  Identities=67%  Similarity=0.994  Sum_probs=0.0  Template_Neff=5.800

Q KPKKTL            1 KPKKTL    6 (6)
Q Consensus         1 kpkktl    6 (6)
                      +|-||+
T Consensus        22 ~P~kTi   27 (113)
T 2KQR_A           22 KPLRTL   27 (113)
T ss_dssp             SCBSCH
T ss_pred             CHHHHH


