Query         RVNNNA
Match_columns 6
No_of_seqs    1 out of 1
Neff          1
Searched_HMMs 90378
Date          Tue Dec 21 13:01:44 2021
Command       /media/stefano/DISCO1/FOLDEN/hh-suite/build/bin/hhsearch -i /media/stefano/DISCO1/FOLDEN/trRosetta2/example/RVNNNA/protein.hhm -d /media/stefano/DISCO1/FOLDEN/trRosettaX/pdb70/pdb70 -o /media/stefano/DISCO1/FOLDEN/trRosetta2/example/RVNNNA/protein.out -cpu 32 

 No Hit                             Prob E-value P-value  Score    SS Cols Query HMM  Template HMM
  1 5LCB_J Bacteriochlorophyll c-b  10.5 2.7E+02  0.0029   11.5   0.0    6    1-6      42-47  (59)
  2 6I6S_B 30S ribosomal protein S   4.5 8.1E+02  0.0089    9.6   0.0    6    1-6       4-9   (105)
  3 7NHQ_3 Photosystem II protein    4.0 9.4E+02    0.01    9.1   0.0    6    1-6      10-15  (56)
  4 1S5L_U Photosystem Q(B) protei   3.9 9.8E+02   0.011    9.6   0.0    4    1-4     127-130 (134)
  5 7RF1_U Photosynthesis, Membran   3.9 9.8E+02   0.011    9.6   0.0    4    1-4     127-130 (134)
  6 4LLF_N Capsid protein; Beta Ba   3.6 1.1E+03   0.012   11.8   0.0    6    1-6       6-11  (380)
  7 4LLF_P Capsid protein; Beta Ba   3.6 1.1E+03   0.012   11.8   0.0    6    1-6       6-11  (380)
  8 6WES_A Tox3; Fungal effector,    3.5 1.1E+03   0.012   11.5   0.0    5    2-6      66-70  (158)
  9 2IHY_B ABC transporter, ATP-bi   3.3 1.2E+03   0.013    9.2   0.0    5    1-5     268-272 (279)
 10 5VKO_A Transcription elongatio   3.2 1.2E+03   0.013    9.0   0.0    4    1-4     206-209 (211)

No 1
>5LCB_J Bacteriochlorophyll c-binding protein; photosynthesis, light-harvesting protein, binds bacteriochlorophyll; HET: BCL; 26.5A {Chlorobium tepidum (strain ATCC 49652 / DSM 12025 / NBRC 103806 / TLS)}
Probab=10.55  E-value=2.7e+02  Score=11.50  Aligned_cols=6  Identities=67%  Similarity=1.005  Sum_probs=2.5  Template_Neff=2.700

Q RVNNNA            1 RVNNNA    6 (6)
Q Consensus         1 rvnnna    6 (6)
                      |.|.||
T Consensus        42 Rl~~NA   47 (59)
T 5LCB_J           42 RINRNA   47 (59)
T ss_dssp             HHHHHH
T ss_pred             Hhhhhc
Confidence            344443


No 2
>6I6S_B 30S ribosomal protein S6; Circular permutant, strand swap, local; 1.46A {Thermus thermophilus (strain HB8 / ATCC 27634 / DSM 579)}
Probab=4.53  E-value=8.1e+02  Score=9.63  Aligned_cols=6  Identities=67%  Similarity=0.900  Sum_probs=0.0  Template_Neff=6.900

Q RVNNNA            1 RVNNNA    6 (6)
Q Consensus         1 rvnnna    6 (6)
                      |||..|
T Consensus         4 ~~~~~~    9 (105)
T 6I6S_B            4 RVNDAA    9 (105)
T ss_dssp             HHHHHH
T ss_pred             hhHHHH


No 3
>7NHQ_3 Photosystem II protein D1 1; Membrane Protein Biogenesis Assembly Factors; HET: HEM, LHG, PL9, CLA, LMG, BCR, PHO; 2.68A {Thermosynechococcus elongatus BP-1}
Probab=4.01  E-value=9.4e+02  Score=9.14  Aligned_cols=6  Identities=67%  Similarity=0.745  Sum_probs=0.0  Template_Neff=5.000

Q RVNNNA            1 RVNNNA    6 (6)
Q Consensus         1 rvnnna    6 (6)
                      |.||-|
T Consensus        10 ~lNnfA   15 (56)
T 7NHQ_3           10 RLNNFA   15 (56)
T ss_pred             Ceeccc


No 4
>1S5L_U Photosystem Q(B) protein, photosystem II; photosystem, photosynthesis, oxygen-evolving, tetra-manganese, membrane; HET: PL9, LMT, PHO, CLA, BCT, HEC, OEC, BCR; 3.5A {Thermosynechococcus elongatus}
Probab=3.89  E-value=9.8e+02  Score=9.56  Aligned_cols=4  Identities=75%  Similarity=0.933  Sum_probs=0.0  Template_Neff=7.500

Q RVNNNA            1 RVNN    4 (6)
Q Consensus         1 rvnn    4 (6)
                      |+||
T Consensus       127 rin~  130 (134)
T 1S5L_U          127 RYNN  130 (134)
T ss_pred             cccC


No 5
>7RF1_U Photosynthesis, Membrane protein, Photosystem II; HET: SQD, DGD, HEM, LMG, HEC, STE, PL9, FME, OEX, LHG, BCR, BCT, PHO, CLA; 1.89A {Thermosynechococcus elongatus (strain BP-1)}
Probab=3.89  E-value=9.8e+02  Score=9.56  Aligned_cols=4  Identities=75%  Similarity=0.933  Sum_probs=0.0  Template_Neff=7.500

Q RVNNNA            1 RVNN    4 (6)
Q Consensus         1 rvnn    4 (6)
                      |+||
T Consensus       127 rin~  130 (134)
T 7RF1_U          127 RYNN  130 (134)
T ss_pred             cccC


No 6
>4LLF_N Capsid protein; Beta Barrel, Virus, Tombusvirus, Viral; HET: ZN, CA; 2.8891A {Cucumber necrosis virus}
Probab=3.58  E-value=1.1e+03  Score=11.85  Aligned_cols=6  Identities=50%  Similarity=0.407  Sum_probs=0.0  Template_Neff=5.800

Q RVNNNA            1 RVNNNA    6 (6)
Q Consensus         1 rvnnna    6 (6)
                      |.|||+
T Consensus         6 r~~~~~   11 (380)
T 4LLF_N            6 RNNNMR   11 (380)
T ss_dssp             ------
T ss_pred             ccccch


No 7
>4LLF_P Capsid protein; Beta Barrel, Virus, Tombusvirus, Viral; HET: ZN, CA; 2.8891A {Cucumber necrosis virus}
Probab=3.58  E-value=1.1e+03  Score=11.85  Aligned_cols=6  Identities=50%  Similarity=0.407  Sum_probs=0.0  Template_Neff=5.800

Q RVNNNA            1 RVNNNA    6 (6)
Q Consensus         1 rvnnna    6 (6)
                      |.|||+
T Consensus         6 r~~~~~   11 (380)
T 4LLF_P            6 RNNNMR   11 (380)
T ss_dssp             BGGCSE
T ss_pred             ccccch


No 8
>6WES_A Tox3; Fungal effector, beta barrel, disulfide; 1.36A {Phaeosphaeria nodorum (strain SN15 / ATCC MYA-4574 / FGSC 10173)}
Probab=3.52  E-value=1.1e+03  Score=11.53  Aligned_cols=5  Identities=60%  Similarity=0.607  Sum_probs=0.0  Template_Neff=1.500

Q RVNNNA            2 VNNNA    6 (6)
Q Consensus         2 vnnna    6 (6)
                      |+||+
T Consensus        66 V~~Na   70 (158)
T 6WES_A           66 VPGNA   70 (158)
T ss_dssp             ECTTC
T ss_pred             eCCCC


No 9
>2IHY_B ABC transporter, ATP-binding protein; ATPase, ABC cassette, HYDROLASE; HET: SO4; 1.9A {Staphylococcus aureus}
Probab=3.30  E-value=1.2e+03  Score=9.17  Aligned_cols=5  Identities=60%  Similarity=0.667  Sum_probs=0.0  Template_Neff=10.600

Q RVNNNA            1 RVNNN    5 (6)
Q Consensus         1 rvnnn    5 (6)
                      |+|++
T Consensus       268 ~~~~~  272 (279)
T 2IHY_B          268 RWNNR  272 (279)
T ss_dssp             EETTE
T ss_pred             Hhhhc


No 10
>5VKO_A Transcription elongation factor SPT6, DNA-directed; SH2 domain phosphorylation histone chaperone; HET: IPA, SEP, TPO; 1.8A {Saccharomyces cerevisiae (strain ATCC 204508 / S288c)}
Probab=3.25  E-value=1.2e+03  Score=9.05  Aligned_cols=4  Identities=75%  Similarity=1.157  Sum_probs=0.0  Template_Neff=9.800

Q RVNNNA            1 RVNN    4 (6)
Q Consensus         1 rvnn    4 (6)
                      ++||
T Consensus       206 ~~~~  209 (211)
T 5VKO_A          206 RMNN  209 (211)
T ss_dssp             TCCC
T ss_pred             cccc


