Query         HGFNQQ
Match_columns 6
No_of_seqs    1 out of 1
Neff          1
Searched_HMMs 90378
Date          Mon Dec 20 06:09:18 2021
Command       /media/stefano/DISCO1/FOLDEN/hh-suite/build/bin/hhsearch -i /media/stefano/DISCO1/FOLDEN/trRosetta2/example/HGFNQQ/protein.hhm -d /media/stefano/DISCO1/FOLDEN/trRosettaX/pdb70/pdb70 -o /media/stefano/DISCO1/FOLDEN/trRosetta2/example/HGFNQQ/protein.out -cpu 32 

 No Hit                             Prob E-value P-value  Score    SS Cols Query HMM  Template HMM
  1 5SYT_A CAAX prenyl protease 1   26.3      64 0.00071   15.2   0.0    6    1-6     153-158 (480)
  2 4IL3_B Ste24p (E.C.3.4.24.84);  24.9      71 0.00078   14.2   0.0    6    1-6     151-156 (461)
  3 2I71_A Hypothetical protein; S  18.4 1.2E+02  0.0013   14.2   0.0    4    1-4     149-152 (400)
  4 4HPZ_A dTale2; DNA BINDING PRO  18.2 1.2E+02  0.0013   16.1   0.0    6    1-6      11-16  (463)
  5 5DMV_D Serine/threonine-protei  15.8 1.5E+02  0.0016   11.0   0.0    4    3-6      24-27  (32)
  6 2FTC_Q MITOCHONDRIAL RIBOSOME,  15.6 1.5E+02  0.0017   10.9   0.0    3    1-3      12-14  (38)
  7 3G3L_A Putative uncharacterize  14.6 1.7E+02  0.0018   14.1   0.0    4    1-4     315-318 (327)
  8 6P25_A Dolichyl-diphosphooligo  14.4 1.7E+02  0.0019   15.1   0.0    5    2-6     490-494 (817)
  9 5T0Z_B Lipoprotein, putative;   14.3 1.7E+02  0.0019   11.3   0.0    4    2-5      18-21  (183)
 10 2KKO_B POSSIBLE TRANSCRIPTIONA  14.3 1.7E+02  0.0019   10.1   0.0    4    1-4     103-106 (108)

No 1
>5SYT_A CAAX prenyl protease 1 homolog; Hydrolase, Membrane Protein, CaaX protease; HET: PEG, SO4, CXE, PC1, GOL, C8E, DMS; 2.0A {Homo sapiens}
Probab=26.33  E-value=64  Score=15.23  Aligned_cols=6  Identities=100%  Similarity=1.597  Sum_probs=3.6  Template_Neff=7.600

Q HGFNQQ            1 HGFNQQ    6 (6)
Q Consensus         1 hgfnqq    6 (6)
                      ||||.|
T Consensus       153 ~gfn~~  158 (480)
T 5SYT_A          153 HGFNQQ  158 (480)
T ss_dssp             TTCBCC
T ss_pred             hCCCCC
Confidence            577754


No 2
>4IL3_B Ste24p (E.C.3.4.24.84); membrane protein, alpha helical, CaaX; 3.102A {Saccharomyces mikatae}
Probab=24.87  E-value=71  Score=14.21  Aligned_cols=6  Identities=50%  Similarity=0.955  Sum_probs=3.2  Template_Neff=9.100

Q HGFNQQ            1 HGFNQQ    6 (6)
Q Consensus         1 hgfnqq    6 (6)
                      +|||.|
T Consensus       151 ~g~n~~  156 (461)
T 4IL3_B          151 FGFNKL  156 (461)
T ss_dssp             TTCBCC
T ss_pred             cCCCCC
Confidence            466643


No 3
>2I71_A Hypothetical protein; Structural Genomics, APC6294, Conserved hypothetical; HET: MSE; 1.7A {Sulfolobus solfataricus} SCOP: e.72.1.1
Probab=18.40  E-value=1.2e+02  Score=14.24  Aligned_cols=4  Identities=75%  Similarity=1.448  Sum_probs=0.0  Template_Neff=7.300

Q HGFNQQ            1 HGFN    4 (6)
Q Consensus         1 hgfn    4 (6)
                      ||||
T Consensus       149 HG~n  152 (400)
T 2I71_A          149 HGIN  152 (400)
T ss_dssp             ECCT
T ss_pred             Ccch


No 4
>4HPZ_A dTale2; DNA BINDING PROTEIN, N-TERMINAL DOMAIN; HET: SO4; 2.202A {Xanthomonas}
Probab=18.22  E-value=1.2e+02  Score=16.08  Aligned_cols=6  Identities=50%  Similarity=0.894  Sum_probs=0.0  Template_Neff=3.800

Q HGFNQQ            1 HGFNQQ    6 (6)
Q Consensus         1 hgfnqq    6 (6)
                      +||||+
T Consensus        11 ~g~~~~   16 (463)
T 4HPZ_A           11 LGYSQQ   16 (463)
T ss_dssp             GTCCHH
T ss_pred             cCCCHH


No 5
>5DMV_D Serine/threonine-protein kinase PLK1 (E.C.2.7.11.21), F-box; Polo-box, PLK1, Emi2, meiosis, TRANSFERASE-METAL; HET: TPO; 2.499A {Mus musculus}
Probab=15.82  E-value=1.5e+02  Score=10.96  Aligned_cols=4  Identities=50%  Similarity=0.982  Sum_probs=0.0  Template_Neff=2.900

Q HGFNQQ            3 FNQQ    6 (6)
Q Consensus         3 fnqq    6 (6)
                      |.||
T Consensus        24 FSQq   27 (32)
T 5DMV_D           24 FSQH   27 (32)
T ss_pred             eeec


No 6
>2FTC_Q MITOCHONDRIAL RIBOSOME, LARGE SUBUNIT; MITOCHONDRIAL RIBOSOME, LARGE RIBOSOMAL SUBUNIT; 12.1A {Bos taurus}
Probab=15.60  E-value=1.5e+02  Score=10.87  Aligned_cols=3  Identities=67%  Similarity=1.796  Sum_probs=0.0  Template_Neff=4.100

Q HGFNQQ            1 HGF    3 (6)
Q Consensus         1 hgf    3 (6)
                      |||
T Consensus        12 hGF   14 (38)
T 2FTC_Q           12 HGW   14 (38)
T ss_pred             ccH


No 7
>3G3L_A Putative uncharacterized membrane-associated protein; YP_211325.1, putative membrane-associated protein of; HET: GOL; 2.2A {Bacteroides fragilis NCTC 9343}
Probab=14.59  E-value=1.7e+02  Score=14.06  Aligned_cols=4  Identities=100%  Similarity=1.946  Sum_probs=0.0  Template_Neff=5.900

Q HGFNQQ            1 HGFN    4 (6)
Q Consensus         1 hgfn    4 (6)
                      ||||
T Consensus       315 ~~~~  318 (327)
T 3G3L_A          315 HGFN  318 (327)
T ss_dssp             ----
T ss_pred             CCCC


No 8
>6P25_A Dolichyl-diphosphooligosaccharide--protein glycosyltransferase subunits (E.C.2.4.99.18); complex, TRANSFERASE, glycosylation; HET: NNM, NAG, CPL; 3.2A {Saccharomyces cerevisiae W303}
Probab=14.43  E-value=1.7e+02  Score=15.08  Aligned_cols=5  Identities=80%  Similarity=1.325  Sum_probs=0.0  Template_Neff=7.300

Q HGFNQQ            2 GFNQQ    6 (6)
Q Consensus         2 gfnqq    6 (6)
                      ||+||
T Consensus       490 g~~qq  494 (817)
T 6P25_A          490 GFEQQ  494 (817)
T ss_dssp             STTEE
T ss_pred             cccce


No 9
>5T0Z_B Lipoprotein, putative; periplasmic, lipoprotein, STRUCTURAL PROTEIN; 2.255A {Geobacter metallireducens}
Probab=14.35  E-value=1.7e+02  Score=11.26  Aligned_cols=4  Identities=25%  Similarity=0.335  Sum_probs=0.0  Template_Neff=9.400

Q HGFNQQ            2 GFNQ    5 (6)
Q Consensus         2 gfnq    5 (6)
                      ||||
T Consensus        18 ~~~~   21 (183)
T 5T0Z_B           18 GSHM   21 (183)
T ss_dssp             EEEE
T ss_pred             Ccce


No 10
>2KKO_B POSSIBLE TRANSCRIPTIONAL REGULATORY PROTEIN (POSSIBLY; NESG, DNA-BINDING, TRANSCRIPTION REGULATION, TRANSCRIPTIONAL; NMR {Mycobacterium bovis}
Probab=14.28  E-value=1.7e+02  Score=10.09  Aligned_cols=4  Identities=25%  Similarity=0.476  Sum_probs=0.0  Template_Neff=9.800

Q HGFNQQ            1 HGFN    4 (6)
Q Consensus         1 hgfn    4 (6)
                      ||||
T Consensus       103 ~~~~  106 (108)
T 2KKO_B          103 HHHH  106 (108)
T ss_dssp             CCCC
T ss_pred             cccc


