Query         IQNNSN
Match_columns 6
No_of_seqs    1 out of 1
Neff          1
Searched_HMMs 90378
Date          Mon Dec 20 09:10:37 2021
Command       /media/stefano/DISCO1/FOLDEN/hh-suite/build/bin/hhsearch -i /media/stefano/DISCO1/FOLDEN/trRosetta2/example/IQNNSN/protein.hhm -d /media/stefano/DISCO1/FOLDEN/trRosettaX/pdb70/pdb70 -o /media/stefano/DISCO1/FOLDEN/trRosetta2/example/IQNNSN/protein.out -cpu 32 

 No Hit                             Prob E-value P-value  Score    SS Cols Query HMM  Template HMM
  1 4XHC_A alpha-Rhamnosidase (E.C  13.9 1.8E+02   0.002   13.1   0.0    6    1-6      25-30  (543)
  2 1ZHH_B Autoinducer 2-binding p  13.6 1.8E+02   0.002   13.0   0.0    6    1-6     233-238 (242)
  3 6ZBD_B Precursor of the major    9.8   3E+02  0.0033   13.4   0.0    4    1-4     118-121 (174)
  4 7DAA_A Basigin, Fab, antibody,   9.8   3E+02  0.0033    9.1   0.0    5    2-6     164-168 (176)
  5 7DCE_B XKR8, basigin, scrambla   9.8   3E+02  0.0033    9.1   0.0    5    2-6     164-168 (176)
  6 1P27_C Mago nashi protein homo   9.4 3.1E+02  0.0035   12.5   0.0    4    3-6      35-38  (144)
  7 2J0S_C ATP-DEPENDENT RNA HELIC   9.3 3.2E+02  0.0035   12.6   0.0    4    3-6      36-39  (146)
  8 2E6J_A HYDIN protein; PapD, HY   8.7 3.4E+02  0.0038    8.7   0.0    6    1-6      34-39  (112)
  9 4JOX_A 13.6 kDa insecticidal c   8.3 3.7E+02  0.0041   10.3   0.0    6    1-6      10-15  (123)
 10 5C94_A Non-structural protein    7.4 4.3E+02  0.0047   12.0   0.0    4    1-4       4-7   (116)

No 1
>4XHC_A alpha-Rhamnosidase (E.C.3.2.1.40); hydrolase; HET: RAM, SO4; 2.7A {Klebsiella oxytoca}
Probab=13.91  E-value=1.8e+02  Score=13.13  Aligned_cols=6  Identities=67%  Similarity=0.811  Sum_probs=0.0  Template_Neff=9.500

Q IQNNSN            1 IQNNSN    6 (6)
Q Consensus         1 iqnnsn    6 (6)
                      ||-|||
T Consensus        25 ~~~~~~   30 (543)
T 4XHC_A           25 IQHNSQ   30 (543)
T ss_dssp             ------
T ss_pred             HHhccc
Confidence            355553


No 2
>1ZHH_B Autoinducer 2-binding periplasmic protein luxP; PERIPLASMIC BINDING PROTEIN, PER/ARNT/SIMPLE-MINDED (PAS); HET: NHE; 1.94A {Vibrio harveyi} SCOP: d.110.6.3
Probab=13.64  E-value=1.8e+02  Score=13.00  Aligned_cols=6  Identities=33%  Similarity=0.717  Sum_probs=1.5  Template_Neff=6.700

Q IQNNSN            1 IQNNSN    6 (6)
Q Consensus         1 iqnnsn    6 (6)
                      ||+|+|
T Consensus       233 ~q~n~~  238 (242)
T 1ZHH_B          233 VQDNQS  238 (242)
T ss_dssp             ECC---
T ss_pred             eecCCc
Confidence            455543


No 3
>6ZBD_B Precursor of the major merozoite; Merozoite surface protein 1, malaria; 3.21A {Plasmodium falciparum}
Probab=9.78  E-value=3e+02  Score=13.36  Aligned_cols=4  Identities=100%  Similarity=1.190  Sum_probs=0.0  Template_Neff=2.600

Q IQNNSN            1 IQNN    4 (6)
Q Consensus         1 iqnn    4 (6)
                      ||||
T Consensus       118 iQNN  121 (174)
T 6ZBD_B          118 IQNN  121 (174)
T ss_dssp             HHTC
T ss_pred             HHhc


No 4
>7DAA_A Basigin, Fab, antibody, complex, CHAPERONE; HET: CD; 2.51A {Homo sapiens}
Probab=9.77  E-value=3e+02  Score=9.11  Aligned_cols=5  Identities=60%  Similarity=0.660  Sum_probs=0.0  Template_Neff=12.300

Q IQNNSN            2 QNNSN    6 (6)
Q Consensus         2 qnnsn    6 (6)
                      ++|||
T Consensus       164 ~~~~~  168 (176)
T 7DAA_A          164 QRNSS  168 (176)
T ss_dssp             -----
T ss_pred             hhccc


No 5
>7DCE_B XKR8, basigin, scramblase, phospholipid, TRANSPORT; HET: DLP; 3.8A {Homo sapiens}
Probab=9.77  E-value=3e+02  Score=9.11  Aligned_cols=5  Identities=60%  Similarity=0.660  Sum_probs=0.0  Template_Neff=12.300

Q IQNNSN            2 QNNSN    6 (6)
Q Consensus         2 qnnsn    6 (6)
                      ++|||
T Consensus       164 ~~~~~  168 (176)
T 7DCE_B          164 QRNSS  168 (176)
T ss_pred             hhccc


No 6
>1P27_C Mago nashi protein homolog, RNA-binding; RNA-binding, Nuclear protein, mRNA splicing; 2.0A {Homo sapiens} SCOP: d.232.1.1
Probab=9.36  E-value=3.1e+02  Score=12.54  Aligned_cols=4  Identities=100%  Similarity=1.132  Sum_probs=0.0  Template_Neff=3.900

Q IQNNSN            3 NNSN    6 (6)
Q Consensus         3 nnsn    6 (6)
                      ||||
T Consensus        35 NnSn   38 (144)
T 1P27_C           35 NNSN   38 (144)
T ss_dssp             EEEC
T ss_pred             ecCC


No 7
>2J0S_C ATP-DEPENDENT RNA HELICASE DDX48, PROTEIN; MRNA PROCESSING, PHOSPHORYLATION, RRNA PROCESSING; HET: ANP; 2.21A {HOMO SAPIENS} SCOP: d.232.1.1
Probab=9.32  E-value=3.2e+02  Score=12.56  Aligned_cols=4  Identities=100%  Similarity=1.132  Sum_probs=0.0  Template_Neff=3.900

Q IQNNSN            3 NNSN    6 (6)
Q Consensus         3 nnsn    6 (6)
                      ||||
T Consensus        36 NnSn   39 (146)
T 2J0S_C           36 NNSN   39 (146)
T ss_pred             ecCC


No 8
>2E6J_A HYDIN protein; PapD, HYDIN, Structural Genomics, NPPSFA; NMR {Homo sapiens}
Probab=8.74  E-value=3.4e+02  Score=8.71  Aligned_cols=6  Identities=17%  Similarity=0.390  Sum_probs=0.0  Template_Neff=11.200

Q IQNNSN            1 IQNNSN    6 (6)
Q Consensus         1 iqnnsn    6 (6)
                      ++|++.
T Consensus        34 l~N~~~   39 (112)
T 2E6J_A           34 LYNKGS   39 (112)
T ss_dssp             EEECCS
T ss_pred             EEeCCc


No 9
>4JOX_A 13.6 kDa insecticidal crystal protein; beta-sandwich, TOXIN; 2.15A {Bacillus thuringiensis}
Probab=8.25  E-value=3.7e+02  Score=10.33  Aligned_cols=6  Identities=17%  Similarity=0.573  Sum_probs=0.0  Template_Neff=8.000

Q IQNNSN            1 IQNNSN    6 (6)
Q Consensus         1 iqnnsn    6 (6)
                      |+|+++
T Consensus        10 I~N~T~   15 (123)
T 4JOX_A           10 VNNKTG   15 (123)
T ss_dssp             EEEESS
T ss_pred             EEeCCC


No 10
>5C94_A Non-structural protein 9 (E.C.3.4.22.-); Coronaviurs RNA replicase, NSP, Homodimer; HET: PEG; 2.438A {Avian infectious bronchitis virus}
Probab=7.42  E-value=4.3e+02  Score=11.98  Aligned_cols=4  Identities=50%  Similarity=0.277  Sum_probs=0.0  Template_Neff=3.200

Q IQNNSN            1 IQNN    4 (6)
Q Consensus         1 iqnn    4 (6)
                      +|||
T Consensus         4 lQNN    7 (116)
T 5C94_A            4 GSNN    7 (116)
T ss_dssp             CTTC
T ss_pred             cccc


