Query         EKSELP
Match_columns 6
No_of_seqs    1 out of 1
Neff          1
Searched_HMMs 90378
Date          Sun Dec 19 19:19:25 2021
Command       /media/stefano/DISCO1/FOLDEN/hh-suite/build/bin/hhsearch -i /media/stefano/DISCO1/FOLDEN/trRosetta2/example/EKSELP/protein.hhm -d /media/stefano/DISCO1/FOLDEN/trRosettaX/pdb70/pdb70 -o /media/stefano/DISCO1/FOLDEN/trRosetta2/example/EKSELP/protein.out -cpu 32 

 No Hit                             Prob E-value P-value  Score    SS Cols Query HMM  Template HMM
  1 6TJ3_A Uncharacterized protein  18.7 1.1E+02  0.0013   13.2   0.0    6    1-6      43-48  (74)
  2 6TJ4_A Uncharacterized protein  18.5 1.2E+02  0.0013   13.2   0.0    6    1-6      44-49  (75)
  3 3U9Z_C Actin, alpha skeletal m   7.0 4.7E+02  0.0052   10.3   0.0    6    1-6      37-42  (58)
  4 4PL7_A Komagataella pastoris a   6.5 5.1E+02  0.0057   11.1   0.0    6    1-6     413-418 (440)
  5 1SV1_C Circadian clock protein   5.6 6.2E+02  0.0068    9.7   0.0    5    1-5      17-21  (34)
  6 6LTQ_D Pyroglutamyl-peptidase    5.5 6.3E+02   0.007   10.8   0.0    6    1-6       5-10  (221)
  7 4PL8_H Actin, alpha skeletal m   5.4 6.5E+02  0.0072   10.1   0.0    6    1-6      54-59  (73)
  8 6HSD_A Rrf2 family transcripti   4.7 7.6E+02  0.0084    9.7   0.0    6    1-6     144-149 (166)
  9 3LK2_T F-actin-capping protein   4.7 7.6E+02  0.0085    9.6   0.0    4    3-6      12-15  (52)
 10 1Y02_A FYVE-RING finger protei   4.7 7.7E+02  0.0085    9.0   0.0    5    1-5     100-104 (120)

No 1
>6TJ3_A Uncharacterized protein; motility, glideosome, light chain, myosin; NMR {Plasmodium falciparum 3D7}
Probab=18.69  E-value=1.1e+02  Score=13.19  Aligned_cols=6  Identities=67%  Similarity=1.082  Sum_probs=2.7  Template_Neff=1.500

Q EKSELP            1 EKSELP    6 (6)
Q Consensus         1 ekselp    6 (6)
                      ||.+||
T Consensus        43 EK~~LP   48 (74)
T 6TJ3_A           43 EKAALP   48 (74)
T ss_dssp             HHTTSC
T ss_pred             HhccCC
Confidence            344544


No 2
>6TJ4_A Uncharacterized protein; motility, glideosome, myosin, essential light; 1.5A {Plasmodium falciparum 3D7}
Probab=18.47  E-value=1.2e+02  Score=13.19  Aligned_cols=6  Identities=67%  Similarity=1.082  Sum_probs=2.7  Template_Neff=1.500

Q EKSELP            1 EKSELP    6 (6)
Q Consensus         1 ekselp    6 (6)
                      ||.+||
T Consensus        44 EK~~LP   49 (75)
T 6TJ4_A           44 EKAALP   49 (75)
T ss_dssp             HHHHSC
T ss_pred             HhccCC
Confidence            344544


No 3
>3U9Z_C Actin, alpha skeletal muscle, Ciboulot; CONTRACTILE PROTEIN, PROTEIN BINDING; HET: ADP; 2.09A {Oryctolagus cuniculus}
Probab=6.96  E-value=4.7e+02  Score=10.28  Aligned_cols=6  Identities=67%  Similarity=0.772  Sum_probs=0.0  Template_Neff=4.300

Q EKSELP            1 EKSELP    6 (6)
Q Consensus         1 ekselp    6 (6)
                      ||..||
T Consensus        37 EKn~LP   42 (58)
T 3U9Z_C           37 EKIILP   42 (58)
T ss_pred             ccCCCC


No 4
>4PL7_A Komagataella pastoris actin-thymosin beta4 hybrid; STRUCTURAL PROTEIN, CONTRACTILE PROTEIN; HET: ATP; 2.3A {Komagataella pastoris}
Probab=6.48  E-value=5.1e+02  Score=11.12  Aligned_cols=6  Identities=67%  Similarity=1.043  Sum_probs=0.0  Template_Neff=10.200

Q EKSELP            1 EKSELP    6 (6)
Q Consensus         1 ekselp    6 (6)
                      ||..||
T Consensus       413 ~~~~~~  418 (440)
T 4PL7_A          413 EKNPLP  418 (440)
T ss_dssp             ECCCCC
T ss_pred             cCCCCC


No 5
>1SV1_C Circadian clock protein KaiA, Circadian; X-class Four Helix Bundle, Protein-peptide; NMR {Thermosynechococcus elongatus}
Probab=5.59  E-value=6.2e+02  Score=9.72  Aligned_cols=5  Identities=80%  Similarity=1.059  Sum_probs=0.0  Template_Neff=1.300

Q EKSELP            1 EKSEL    5 (6)
Q Consensus         1 eksel    5 (6)
                      ||.||
T Consensus        17 ek~el   21 (34)
T 1SV1_C           17 EKTEL   21 (34)
T ss_dssp             TTCSC
T ss_pred             cHHHH


No 6
>6LTQ_D Pyroglutamyl-peptidase I (E.C.3.4.19.3); Thermophilic, peptidase, chemical modidification, pyrrolidone; HET: OCS, GOL, 1PE; 1.85A {Fervidobacterium islandicum}
Probab=5.51  E-value=6.3e+02  Score=10.83  Aligned_cols=6  Identities=67%  Similarity=0.700  Sum_probs=0.0  Template_Neff=7.700

Q EKSELP            1 EKSELP    6 (6)
Q Consensus         1 ekselp    6 (6)
                      +|++.|
T Consensus         5 ~~~~~~   10 (221)
T 6LTQ_D            5 EKSGLS   10 (221)
T ss_dssp             --CCCC
T ss_pred             cccCCC


No 7
>4PL8_H Actin, alpha skeletal muscle, Thymosin; CONTRACTILE PROTEIN-STRUCTURAL PROTEIN complex; HET: ATP, HIC; 2.0A {Oryctolagus cuniculus}
Probab=5.36  E-value=6.5e+02  Score=10.06  Aligned_cols=6  Identities=67%  Similarity=1.043  Sum_probs=0.0  Template_Neff=4.900

Q EKSELP            1 EKSELP    6 (6)
Q Consensus         1 ekselp    6 (6)
                      ||..||
T Consensus        54 EKn~LP   59 (73)
T 4PL8_H           54 EKNPLP   59 (73)
T ss_pred             ecCCCC


No 8
>6HSD_A Rrf2 family transcriptional regulator; REDOX SENSOR, IRON SULFUR CLUSTER; HET: MES, GOL, FES; 1.6A {Streptomyces venezuelae (strain ATCC 10712 / CBS 650.69 / DSM 40230 / JCM 4526 / NBRC 13096 / PD 04745)}
Probab=4.74  E-value=7.6e+02  Score=9.68  Aligned_cols=6  Identities=33%  Similarity=0.595  Sum_probs=0.0  Template_Neff=8.700

Q EKSELP            1 EKSELP    6 (6)
Q Consensus         1 ekselp    6 (6)
                      +++++|
T Consensus       144 ~~~~~~  149 (166)
T 6HSD_A          144 GPDALP  149 (166)
T ss_pred             Ccccch


No 9
>3LK2_T F-actin-capping protein subunit alpha-1, F-actin-capping; CapZ, CARMIL, actin filaments, uncapping; 2.2A {Gallus gallus}
Probab=4.73  E-value=7.6e+02  Score=9.64  Aligned_cols=4  Identities=100%  Similarity=1.448  Sum_probs=0.0  Template_Neff=3.900

Q EKSELP            3 SELP    6 (6)
Q Consensus         3 selp    6 (6)
                      +|||
T Consensus        12 seLP   15 (52)
T 3LK2_T           12 SELP   15 (52)
T ss_dssp             CCCC
T ss_pred             ccCC


No 10
>1Y02_A FYVE-RING finger protein SAKURA; CARP2, FYVE, zinc-binding module, phosphoinositide; 1.8A {Homo sapiens} SCOP: g.50.1.1, a.140.2.1
Probab=4.70  E-value=7.7e+02  Score=9.00  Aligned_cols=5  Identities=80%  Similarity=0.973  Sum_probs=0.0  Template_Neff=9.000

Q EKSELP            1 EKSEL    5 (6)
Q Consensus         1 eksel    5 (6)
                      ||++|
T Consensus       100 ek~el  104 (120)
T 1Y02_A          100 EKEEL  104 (120)
T ss_dssp             SHHHH
T ss_pred             CHHHH


