Query         KTVIIE
Match_columns 6
No_of_seqs    1 out of 1
Neff          1
Searched_HMMs 90378
Date          Mon Dec 20 12:34:02 2021
Command       /media/stefano/DISCO1/FOLDEN/hh-suite/build/bin/hhsearch -i /media/stefano/DISCO1/FOLDEN/trRosetta2/example/KTVIIE/protein.hhm -d /media/stefano/DISCO1/FOLDEN/trRosettaX/pdb70/pdb70 -o /media/stefano/DISCO1/FOLDEN/trRosetta2/example/KTVIIE/protein.out -cpu 32 

 No Hit                             Prob E-value P-value  Score    SS Cols Query HMM  Template HMM
  1 7SDE_A SMC5/6, Nse5/6, Nse5, N  15.5 1.5E+02  0.0017   14.9   0.0    6    1-6     550-555 (555)
  2 2Q8N_C Glucose-6-phosphate iso  14.4 1.7E+02  0.0019   13.6   0.0    6    1-6     455-460 (460)
  3 7OGG_R NSe5/6, DNA BINDING PRO  13.0   2E+02  0.0022   15.0   0.0    6    1-6     551-556 (607)
  4 6VSU_D Arginase 1, mitochondri   8.2 3.8E+02  0.0042   11.9   0.0    5    2-6      21-25  (321)
  5 6VSU_E Arginase 1, mitochondri   8.2 3.8E+02  0.0042   11.9   0.0    5    2-6      21-25  (321)
  6 5H66_A Chromosome partition pr   8.1 3.8E+02  0.0042    9.5   0.0    6    1-6      37-42  (199)
  7 7CNW_D Phosphatidylserine deca   7.9   4E+02  0.0044    9.3   0.0    4    2-5       2-5   (42)
  8 7CNZ_H Phosphatidylserine deca   7.9   4E+02  0.0044    9.3   0.0    4    2-5       2-5   (42)
  9 3UA0_B Fibroin heavy chain; TH   7.8   4E+02  0.0045   12.5   0.0    6    1-6      90-95  (134)
 10 3QKS_A DNA double-strand break   7.5 4.3E+02  0.0047    9.8   0.0    6    1-6      36-41  (203)

No 1
>7SDE_A SMC5/6, Nse5/6, Nse5, Nse6, complex; 3.2A {Saccharomyces cerevisiae (strain ATCC 204508 / S288c)}
Probab=15.51  E-value=1.5e+02  Score=14.94  Aligned_cols=6  Identities=83%  Similarity=1.093  Sum_probs=0.0  Template_Neff=6.400

Q KTVIIE            1 KTVIIE    6 (6)
Q Consensus         1 ktviie    6 (6)
                      |.||||
T Consensus       550 ~~~~~~  555 (555)
T 7SDE_A          550 KSVIIE  555 (555)
T ss_dssp             ------
T ss_pred             cccccC
Confidence            467775


No 2
>2Q8N_C Glucose-6-phosphate isomerase (E.C.5.3.1.9); TM1385, Glucose-6-phosphate isomerase (EC 5.3.1.9); HET: SO4, 2PE; 1.82A {Thermotoga maritima MSB8}
Probab=14.36  E-value=1.7e+02  Score=13.60  Aligned_cols=6  Identities=83%  Similarity=1.016  Sum_probs=3.5  Template_Neff=8.100

Q KTVIIE            1 KTVIIE    6 (6)
Q Consensus         1 ktviie    6 (6)
                      |.||||
T Consensus       455 ~~~~~~  460 (460)
T 2Q8N_C          455 KKVIIE  460 (460)
T ss_dssp             CCCCCC
T ss_pred             hhcccC
Confidence            456765


No 3
>7OGG_R NSe5/6, DNA BINDING PROTEIN; HET: MSE; 3.29A {Saccharomyces cerevisiae (strain ATCC 204508 / S288c)}
Probab=12.95  E-value=2e+02  Score=14.97  Aligned_cols=6  Identities=83%  Similarity=1.093  Sum_probs=0.0  Template_Neff=5.900

Q KTVIIE            1 KTVIIE    6 (6)
Q Consensus         1 ktviie    6 (6)
                      |.||||
T Consensus       551 ~~~~~~  556 (607)
T 7OGG_R          551 KSVIIE  556 (607)
T ss_dssp             ------
T ss_pred             cceeeC
Confidence            456654


No 4
>6VSU_D Arginase 1, mitochondrial (E.C.3.5.3.1,3.5.3.11); arginine amidinohydrolase  ureohydrolase ; HET: NA, ORN, PEG, GOL, MN; 2.25A {Arabidopsis thaliana}
Probab=8.17  E-value=3.8e+02  Score=11.89  Aligned_cols=5  Identities=60%  Similarity=0.634  Sum_probs=0.0  Template_Neff=8.200

Q KTVIIE            2 TVIIE    6 (6)
Q Consensus         2 tviie    6 (6)
                      |+|+|
T Consensus        21 ~~~~~   25 (321)
T 6VSU_D           21 TLIRE   25 (321)
T ss_dssp             HHHHH
T ss_pred             hhHhh


No 5
>6VSU_E Arginase 1, mitochondrial (E.C.3.5.3.1,3.5.3.11); arginine amidinohydrolase  ureohydrolase ; HET: NA, ORN, PEG, GOL, MN; 2.25A {Arabidopsis thaliana}
Probab=8.17  E-value=3.8e+02  Score=11.89  Aligned_cols=5  Identities=60%  Similarity=0.634  Sum_probs=0.0  Template_Neff=8.200

Q KTVIIE            2 TVIIE    6 (6)
Q Consensus         2 tviie    6 (6)
                      |+|+|
T Consensus        21 ~~~~~   25 (321)
T 6VSU_E           21 TLIRE   25 (321)
T ss_dssp             HHHHH
T ss_pred             hhHhh


No 6
>5H66_A Chromosome partition protein Smc, Segregation; SMC protein, DNA BINDING PROTEIN-CELL; 1.82194772804A {Bacillus subtilis (strain 168)}
Probab=8.13  E-value=3.8e+02  Score=9.51  Aligned_cols=6  Identities=33%  Similarity=0.479  Sum_probs=0.0  Template_Neff=11.400

Q KTVIIE            1 KTVIIE    6 (6)
Q Consensus         1 ktviie    6 (6)
                      ||.|++
T Consensus        37 KStil~   42 (199)
T 5H66_A           37 KSNITD   42 (199)
T ss_pred             HHHHHH


No 7
>7CNW_D Phosphatidylserine decarboxylase beta chain (E.C.4.1.1.65); Phosphatidylserine decarboxylase, pyruvoyl-dependent decarboxylase, auto-cleaved; HET: PYR, LMT; 1.9A {Escherichia coli K-12}
Probab=7.86  E-value=4e+02  Score=9.26  Aligned_cols=4  Identities=75%  Similarity=0.592  Sum_probs=0.0  Template_Neff=5.900

Q KTVIIE            2 TVII    5 (6)
Q Consensus         2 tvii    5 (6)
                      |||+
T Consensus         2 TVVl    5 (42)
T 7CNW_D            2 TVIN    5 (42)
T ss_dssp             CEEE
T ss_pred             CEEE


No 8
>7CNZ_H Phosphatidylserine decarboxylase beta chain (E.C.4.1.1.65); Phosphatidylserine decarboxylase, pyruvoyl-dependent decarboxylase, auto-cleaved; HET: PYR, PO4, PEX; 2.7A {Escherichia coli K-12}
Probab=7.86  E-value=4e+02  Score=9.26  Aligned_cols=4  Identities=75%  Similarity=0.592  Sum_probs=0.0  Template_Neff=5.900

Q KTVIIE            2 TVII    5 (6)
Q Consensus         2 tvii    5 (6)
                      |||+
T Consensus         2 TVVl    5 (42)
T 7CNZ_H            2 TVIN    5 (42)
T ss_dssp             CEEE
T ss_pred             CEEE


No 9
>3UA0_B Fibroin heavy chain; THE DOUBLE-LAYERED-SHEETS, FIBROIN FOLDING INITIATION; HET: MSE; 3.0A {Bombyx mori}
Probab=7.77  E-value=4e+02  Score=12.48  Aligned_cols=6  Identities=50%  Similarity=0.711  Sum_probs=0.0  Template_Neff=2.600

Q KTVIIE            1 KTVIIE    6 (6)
Q Consensus         1 ktviie    6 (6)
                      ||.+||
T Consensus        90 ~TfVIE   95 (134)
T 3UA0_B           90 KTFVIT   95 (134)
T ss_dssp             EEEEEE
T ss_pred             EEEEEE


No 10
>3QKS_A DNA double-strand break repair rad50; RecA-like fold, coiled-coils, ATPase, exonuclease; 2.1A {Pyrococcus furiosus}
Probab=7.47  E-value=4.3e+02  Score=9.81  Aligned_cols=6  Identities=17%  Similarity=0.667  Sum_probs=0.0  Template_Neff=10.600

Q KTVIIE            1 KTVIIE    6 (6)
Q Consensus         1 ktviie    6 (6)
                      ||.|++
T Consensus        36 KStil~   41 (203)
T 3QKS_A           36 KSSLLD   41 (203)
T ss_dssp             HHHHHH
T ss_pred             HHHHHH


