Query         AISNNN
Match_columns 6
No_of_seqs    1 out of 1
Neff          1
Searched_HMMs 90378
Date          Sun Dec 19 14:29:27 2021
Command       /media/stefano/DISCO1/FOLDEN/hh-suite/build/bin/hhsearch -i /media/stefano/DISCO1/FOLDEN/trRosetta2/example/AISNNN/protein.hhm -d /media/stefano/DISCO1/FOLDEN/trRosettaX/pdb70/pdb70 -o /media/stefano/DISCO1/FOLDEN/trRosetta2/example/AISNNN/protein.out -cpu 32 

 No Hit                             Prob E-value P-value  Score    SS Cols Query HMM  Template HMM
  1 6D0G_A Adenosylhomocysteinase   24.2      74 0.00082   14.2   0.0    6    1-6       3-8   (318)
  2 4JGL_A hypothetical protein; a  11.1 2.5E+02  0.0028   13.6   0.0    6    1-6      28-33  (169)
  3 3BQ3_A Defective in cullin ned   6.7 4.9E+02  0.0054   11.7   0.0    5    1-5       1-5   (270)
  4 5LZ3_B Golgi resident protein    6.2 5.4E+02   0.006   10.8   0.0    5    1-5      39-43  (58)
  5 3NEF_A Abscisic acid receptor    6.2 5.4E+02   0.006   10.0   0.0    4    2-5       1-4   (202)
  6 3NEF_B Abscisic acid receptor    6.2 5.4E+02   0.006   10.0   0.0    4    2-5       1-4   (202)
  7 5YKU_A Capsid protein; Protrus   6.2 5.5E+02  0.0061   12.1   0.0    6    1-6     120-125 (125)
  8 5YKV_E Capsid protein; viral c   6.2 5.5E+02  0.0061   12.1   0.0    6    1-6     120-125 (125)
  9 6TWR_A Beta-glucoside bgl oper   5.6 6.2E+02  0.0068    9.8   0.0    5    2-6       6-10  (175)
 10 2LFV_A Protein damX; cell divi   5.5 6.3E+02   0.007    9.1   0.0    4    3-6      12-15  (106)

No 1
>6D0G_A Adenosylhomocysteinase (E.C.3.3.1.1, 1.8.1.7); Structural Genomics, Center for Structural; HET: MSE; 1.78A {Acinetobacter baumannii}
Probab=24.19  E-value=74  Score=14.18  Aligned_cols=6  Identities=83%  Similarity=1.027  Sum_probs=0.0  Template_Neff=7.700

Q AISNNN            1 AISNNN    6 (6)
Q Consensus         1 aisnnn    6 (6)
                      |.||||
T Consensus         3 ~~~~~~    8 (318)
T 6D0G_A            3 AMSNNN    8 (318)
T ss_dssp             ------
T ss_pred             ccccCC
Confidence            456664


No 2
>4JGL_A hypothetical protein; an orphan, streptavidin-like fold with; 1.25A {Bacteroides eggerthii}
Probab=11.08  E-value=2.5e+02  Score=13.64  Aligned_cols=6  Identities=83%  Similarity=0.883  Sum_probs=2.9  Template_Neff=1.000

Q AISNNN            1 AISNNN    6 (6)
Q Consensus         1 aisnnn    6 (6)
                      |||.||
T Consensus        28 aisann   33 (169)
T 4JGL_A           28 AISANN   33 (169)
T ss_dssp             EESCSS
T ss_pred             eeecCc
Confidence            455554


No 3
>3BQ3_A Defective in cullin neddylation protein; ubiquitin, Nedd8, neddylation, ubiquitination,SCF,cullin, E3; 1.9A {Saccharomyces cerevisiae}
Probab=6.73  E-value=4.9e+02  Score=11.73  Aligned_cols=5  Identities=80%  Similarity=0.979  Sum_probs=0.0  Template_Neff=7.200

Q AISNNN            1 AISNN    5 (6)
Q Consensus         1 aisnn    5 (6)
                      |++||
T Consensus         1 ~~~~~    5 (270)
T 3BQ3_A            1 AMSNN    5 (270)
T ss_dssp             -----
T ss_pred             Ccccc


No 4
>5LZ3_B Golgi resident protein GCP60, 3A; ACBD3, GOLD, 3A, Aichivirus, Antiviral; 3.0A {Homo sapiens}
Probab=6.24  E-value=5.4e+02  Score=10.79  Aligned_cols=5  Identities=80%  Similarity=1.006  Sum_probs=0.0  Template_Neff=1.000

Q AISNNN            1 AISNN    5 (6)
Q Consensus         1 aisnn    5 (6)
                      ||.||
T Consensus        39 aiann   43 (58)
T 5LZ3_B           39 AIANN   43 (58)
T ss_dssp             -----
T ss_pred             HHHcC


No 5
>3NEF_A Abscisic acid receptor PYL1 (E.C.3.1.3.16); PYL1, Pyrabactin, HORMONE RECEPTOR, HYDROLASE; HET: PYV; 2.4A {Arabidopsis thaliana}
Probab=6.18  E-value=5.4e+02  Score=10.00  Aligned_cols=4  Identities=50%  Similarity=0.310  Sum_probs=0.0  Template_Neff=9.600

Q AISNNN            2 ISNN    5 (6)
Q Consensus         2 isnn    5 (6)
                      ||||
T Consensus         1 ~~~~    4 (202)
T 3NEF_A            1 ISTL    4 (202)
T ss_dssp             ----
T ss_pred             CCcc


No 6
>3NEF_B Abscisic acid receptor PYL1 (E.C.3.1.3.16); PYL1, Pyrabactin, HORMONE RECEPTOR, HYDROLASE; HET: PYV; 2.4A {Arabidopsis thaliana}
Probab=6.18  E-value=5.4e+02  Score=10.00  Aligned_cols=4  Identities=50%  Similarity=0.310  Sum_probs=0.0  Template_Neff=9.600

Q AISNNN            2 ISNN    5 (6)
Q Consensus         2 isnn    5 (6)
                      ||||
T Consensus         1 ~~~~    4 (202)
T 3NEF_B            1 ISTL    4 (202)
T ss_dssp             ----
T ss_pred             CCcc


No 7
>5YKU_A Capsid protein; Protrusion domain of viral capsid; 1.39A {Macrobrachium rosenbergii nodavirus}
Probab=6.16  E-value=5.5e+02  Score=12.09  Aligned_cols=6  Identities=67%  Similarity=0.745  Sum_probs=0.0  Template_Neff=1.700

Q AISNNN            1 AISNNN    6 (6)
Q Consensus         1 aisnnn    6 (6)
                      ||+.||
T Consensus       120 A~~~~~  125 (125)
T 5YKU_A          120 AIVGNN  125 (125)
T ss_dssp             EESBTC
T ss_pred             eeecCC


No 8
>5YKV_E Capsid protein; viral capsid protein, VIRAL PROTEIN; 2.31A {Macrobrachium rosenbergii nodavirus}
Probab=6.16  E-value=5.5e+02  Score=12.09  Aligned_cols=6  Identities=67%  Similarity=0.745  Sum_probs=0.0  Template_Neff=1.700

Q AISNNN            1 AISNNN    6 (6)
Q Consensus         1 aisnnn    6 (6)
                      ||+.||
T Consensus       120 A~~~~~  125 (125)
T 5YKV_E          120 AIVGNN  125 (125)
T ss_dssp             EECBTC
T ss_pred             eeecCC


No 9
>6TWR_A Beta-glucoside bgl operon antiterminator BglG; antitermination protein, Bacillus subtilis, dimeric; NMR {Bacillus subtilis}
Probab=5.60  E-value=6.2e+02  Score=9.84  Aligned_cols=5  Identities=60%  Similarity=0.846  Sum_probs=0.0  Template_Neff=9.100

Q AISNNN            2 ISNNN    6 (6)
Q Consensus         2 isnnn    6 (6)
                      +-|||
T Consensus         6 ~~nnn   10 (175)
T 6TWR_A            6 VINNN   10 (175)
T ss_dssp             ESSSS
T ss_pred             eeeCc


No 10
>2LFV_A Protein damX; cell division, peptidoglycan binding domain; NMR {Escherichia coli}
Probab=5.50  E-value=6.3e+02  Score=9.15  Aligned_cols=4  Identities=100%  Similarity=1.132  Sum_probs=0.0  Template_Neff=8.700

Q AISNNN            3 SNNN    6 (6)
Q Consensus         3 snnn    6 (6)
                      |||+
T Consensus        12 ~~~~   15 (106)
T 2LFV_A           12 SNNN   15 (106)
T ss_dssp             CCTT
T ss_pred             CCCC


