Query         IVIVAT
Match_columns 6
No_of_seqs    1 out of 1
Neff          1
Searched_HMMs 90378
Date          Mon Dec 20 09:48:08 2021
Command       /media/stefano/DISCO1/FOLDEN/hh-suite/build/bin/hhsearch -i /media/stefano/DISCO1/FOLDEN/trRosetta2/example/IVIVAT/protein.hhm -d /media/stefano/DISCO1/FOLDEN/trRosettaX/pdb70/pdb70 -o /media/stefano/DISCO1/FOLDEN/trRosetta2/example/IVIVAT/protein.out -cpu 32 

 No Hit                             Prob E-value P-value  Score    SS Cols Query HMM  Template HMM
  1 3TM2_A cysteine transferase; D  12.1 2.2E+02  0.0024   14.3   0.0    6    1-6     304-309 (419)
  2 4IHE_A ThnT protein (E.C.3.5.1  11.9 2.2E+02  0.0025   14.3   0.0    6    1-6     304-309 (419)
  3 3N5I_D Beta-peptidyl aminopept   9.4 3.1E+02  0.0034   13.5   0.0    6    1-6     252-257 (373)
  4 5LC2_A Protein FAM3C; Signalin   9.2 3.2E+02  0.0036   12.2   0.0    6    1-6     122-127 (205)
  5 5LC2_B Protein FAM3C; Signalin   9.1 3.3E+02  0.0036   12.1   0.0    6    1-6     122-127 (205)
  6 5TZB_D D-aminopeptidase; beta-   9.1 3.3E+02  0.0036   13.5   0.0    6    1-6     261-266 (389)
  7 7C11_B Formate--tetrahydrofola   8.9 3.4E+02  0.0037   14.2   0.0    6    1-6     325-330 (568)
  8 2YOQ_C PROTEIN FAM3B; APOPTOSI   8.6 3.5E+02  0.0039   12.0   0.0    6    1-6     121-126 (214)
  9 5Y0M_B Endo-type 6-aminohexano   8.4 3.6E+02   0.004   13.2   0.0    6    1-6     269-274 (355)
 10 3GWD_A Cyclohexanone monooxyge   8.3 3.7E+02  0.0041   11.9   0.0    6    1-6     375-380 (540)

No 1
>3TM2_A cysteine transferase; DOM-fold, amidohydrolase, autoproteolytic, carbapenem, pantetheine; HET: TXI; 2.0A {Streptomyces cattleya}
Probab=12.08  E-value=2.2e+02  Score=14.33  Aligned_cols=6  Identities=50%  Similarity=0.794  Sum_probs=2.8  Template_Neff=5.500

Q IVIVAT            1 IVIVAT    6 (6)
Q Consensus         1 ivivat    6 (6)
                      |+||||
T Consensus       304 I~VVAT  309 (419)
T 3TM2_A          304 LAVVAT  309 (419)
T ss_dssp             EEEEEE
T ss_pred             EEEEEe
Confidence            345554


No 2
>4IHE_A ThnT protein (E.C.3.5.1.92); DOM-fold, Clan PE, Family P1; 1.5A {Streptomyces cattleya}
Probab=11.92  E-value=2.2e+02  Score=14.30  Aligned_cols=6  Identities=50%  Similarity=0.794  Sum_probs=2.8  Template_Neff=5.500

Q IVIVAT            1 IVIVAT    6 (6)
Q Consensus         1 ivivat    6 (6)
                      |+||||
T Consensus       304 I~VVAT  309 (419)
T 4IHE_A          304 LAVVAT  309 (419)
T ss_dssp             EEEEEE
T ss_pred             EEEEEe
Confidence            345554


No 3
>3N5I_D Beta-peptidyl aminopeptidase; Ntn hydrolase, alpha-beta-beta-alpha sandwich, beta-aminopeptidase; HET: SO4, GOL; 1.8A {Sphingosinicella xenopeptidilytica}
Probab=9.43  E-value=3.1e+02  Score=13.47  Aligned_cols=6  Identities=33%  Similarity=0.944  Sum_probs=0.0  Template_Neff=5.900

Q IVIVAT            1 IVIVAT    6 (6)
Q Consensus         1 ivivat    6 (6)
                      |++|||
T Consensus       252 I~vVaT  257 (373)
T 3N5I_D          252 LIVIAT  257 (373)
T ss_dssp             EEEEEE
T ss_pred             EEEEEe


No 4
>5LC2_A Protein FAM3C; Signaling protein; 1.8A {Homo sapiens}
Probab=9.20  E-value=3.2e+02  Score=12.17  Aligned_cols=6  Identities=50%  Similarity=0.822  Sum_probs=0.0  Template_Neff=6.300

Q IVIVAT            1 IVIVAT    6 (6)
Q Consensus         1 ivivat    6 (6)
                      ||++++
T Consensus       122 IVlias  127 (205)
T 5LC2_A          122 IVLMGT  127 (205)
T ss_dssp             EEEEEE
T ss_pred             EEEEEE


No 5
>5LC2_B Protein FAM3C; Signaling protein; 1.8A {Homo sapiens}
Probab=9.10  E-value=3.3e+02  Score=12.11  Aligned_cols=6  Identities=50%  Similarity=0.822  Sum_probs=0.0  Template_Neff=6.400

Q IVIVAT            1 IVIVAT    6 (6)
Q Consensus         1 ivivat    6 (6)
                      ||++++
T Consensus       122 IVlias  127 (205)
T 5LC2_B          122 IVLMGT  127 (205)
T ss_dssp             EEEEEE
T ss_pred             EEEEEE


No 6
>5TZB_D D-aminopeptidase; beta-aminopeptidase, enzyme, Burkholderia, Ntn hydrolases; 1.977A {Burkholderia sp. LK4}
Probab=9.10  E-value=3.3e+02  Score=13.48  Aligned_cols=6  Identities=50%  Similarity=0.772  Sum_probs=0.0  Template_Neff=5.900

Q IVIVAT            1 IVIVAT    6 (6)
Q Consensus         1 ivivat    6 (6)
                      |++|||
T Consensus       261 I~vVaT  266 (389)
T 5TZB_D          261 VVTIAT  266 (389)
T ss_dssp             EEEEEE
T ss_pred             EEEEEe


No 7
>7C11_B Formate--tetrahydrofolate ligase (E.C.6.3.4.3); Formate assimilation, Methylobacterium extorquens CM4; HET: TLA, FLC; 2.815A {Methylorubrum extorquens (strain CM4 / NCIMB 13688)}
Probab=8.89  E-value=3.4e+02  Score=14.25  Aligned_cols=6  Identities=83%  Similarity=1.043  Sum_probs=0.0  Template_Neff=5.600

Q IVIVAT            1 IVIVAT    6 (6)
Q Consensus         1 ivivat    6 (6)
                      +|+|||
T Consensus       325 vVlVaT  330 (568)
T 7C11_B          325 VVIVAT  330 (568)
T ss_dssp             EEEEEC
T ss_pred             EEEEEe


No 8
>2YOQ_C PROTEIN FAM3B; APOPTOSIS, DIABETES, ILEI, EMT; HET: GOL; 2.35A {MUS MUSCULUS}
Probab=8.61  E-value=3.5e+02  Score=12.00  Aligned_cols=6  Identities=17%  Similarity=0.545  Sum_probs=0.0  Template_Neff=6.600

Q IVIVAT            1 IVIVAT    6 (6)
Q Consensus         1 ivivat    6 (6)
                      ||++++
T Consensus       121 IVlias  126 (214)
T 2YOQ_C          121 LLFMVT  126 (214)
T ss_dssp             EEEEEE
T ss_pred             EEEEEE


No 9
>5Y0M_B Endo-type 6-aminohexanoate oligomer hydrolase; Nylon oligomer, HYDROLASE; HET: PO4, GOL; 1.03A {Flavobacterium sp. KI723T1}
Probab=8.37  E-value=3.6e+02  Score=13.20  Aligned_cols=6  Identities=33%  Similarity=0.440  Sum_probs=0.0  Template_Neff=5.800

Q IVIVAT            1 IVIVAT    6 (6)
Q Consensus         1 ivivat    6 (6)
                      |++|||
T Consensus       269 I~vVaT  274 (355)
T 5Y0M_B          269 ISAIVT  274 (355)
T ss_dssp             EEEEEE
T ss_pred             EEEEEe


No 10
>3GWD_A Cyclohexanone monooxygenase (E.C.1.14.13.22); Flavoprotein Biocatalysis Baeyer-Villiger oxidation Green; HET: NAP, FAD; 2.3A {Rhodococcus sp.}
Probab=8.30  E-value=3.7e+02  Score=11.92  Aligned_cols=6  Identities=33%  Similarity=0.722  Sum_probs=0.0  Template_Neff=10.100

Q IVIVAT            1 IVIVAT    6 (6)
Q Consensus         1 ivivat    6 (6)
                      ++|.||
T Consensus       375 ~II~AT  380 (540)
T 3GWD_A          375 VLVFAT  380 (540)
T ss_dssp             EEEECC
T ss_pred             EEEEcC


