Query         HWRNFA
Match_columns 6
No_of_seqs    1 out of 1
Neff          1
Searched_HMMs 90378
Date          Mon Dec 20 07:24:18 2021
Command       /media/stefano/DISCO1/FOLDEN/hh-suite/build/bin/hhsearch -i /media/stefano/DISCO1/FOLDEN/trRosetta2/example/HWRNFA/protein.hhm -d /media/stefano/DISCO1/FOLDEN/trRosettaX/pdb70/pdb70 -o /media/stefano/DISCO1/FOLDEN/trRosetta2/example/HWRNFA/protein.out -cpu 32 

 No Hit                             Prob E-value P-value  Score    SS Cols Query HMM  Template HMM
  1 3SUI_B Calmodulin, Transient r  56.0      10 0.00011   13.9   0.0    6    1-6      22-27  (37)
  2 1WID_A DNA-binding protein RAV  20.0   1E+02  0.0011   11.1   0.0    5    2-6      83-87  (130)
  3 6RWT_A Ubiquinol-cytochrome C   19.3 1.1E+02  0.0012   12.9   0.0    4    2-5     132-135 (184)
  4 2A9I_A Interleukin-1 receptor-  19.3 1.1E+02  0.0012   11.2   0.0    5    2-6      32-36  (113)
  5 5L5T_Y Proteasome subunit alph  19.3 1.1E+02  0.0012   11.7   0.0    5    1-5     205-209 (211)
  6 1FAD_A FADD PROTEIN; APOPTOSIS  19.3 1.1E+02  0.0012   10.5   0.0    6    1-6      27-32  (99)
  7 3WU1_A Runt-related transcript  19.3 1.1E+02  0.0012   13.9   0.0    3    1-3      24-26  (123)
  8 6YXY_EU bL28m, uL29m, uL30m, b  19.2 1.1E+02  0.0012   12.7   0.0    4    2-5       9-12  (56)
  9 4WMH_A Human Heme Oxygenase (E  19.1 1.1E+02  0.0012   11.6   0.0    5    1-5     167-172 (207)
 10 5Z00_G B3 domain-containing tr  18.9 1.1E+02  0.0012   10.9   0.0    5    2-6      90-94  (128)

No 1
>3SUI_B Calmodulin, Transient receptor potential cation; CALMODULIN, CALCIUM-CALMODULIN, TRPV1, TRPV1 C-TERMINUS; 1.95A {Homo sapiens}
Probab=56.03  E-value=10  Score=13.89  Aligned_cols=6  Identities=67%  Similarity=1.736  Sum_probs=4.0  Template_Neff=4.000

Q HWRNFA            1 HWRNFA    6 (6)
Q Consensus         1 hwrnfa    6 (6)
                      +||+|+
T Consensus        22 ~Wr~~~   27 (37)
T 3SUI_B           22 NWKNFA   27 (37)
T ss_dssp             CCHHHH
T ss_pred             ccccee
Confidence            488863


No 2
>1WID_A DNA-binding protein RAV1; DNA-binding domain, STRUCTURAL GENOMICS, RIKEN; NMR {Arabidopsis thaliana} SCOP: b.142.1.2
Probab=19.98  E-value=1e+02  Score=11.10  Aligned_cols=5  Identities=40%  Similarity=1.424  Sum_probs=0.0  Template_Neff=9.600

Q HWRNFA            2 WRNFA    6 (6)
Q Consensus         2 wrnfa    6 (6)
                      |+.|+
T Consensus        83 W~~Fv   87 (130)
T 1WID_A           83 WSRFV   87 (130)
T ss_dssp             HHHHH
T ss_pred             hHHHH


No 3
>6RWT_A Ubiquinol-cytochrome C chaperone; Respiratory chain, Complex III, Assembly; HET: GOL; 1.42A {Brucella abortus NCTC 8038}
Probab=19.35  E-value=1.1e+02  Score=12.87  Aligned_cols=4  Identities=50%  Similarity=0.501  Sum_probs=0.0  Template_Neff=7.300

Q HWRNFA            2 WRNF    5 (6)
Q Consensus         2 wrnf    5 (6)
                      |||+
T Consensus       132 wRn~  135 (184)
T 6RWT_A          132 TRNI  135 (184)
T ss_pred             HHHh


No 4
>2A9I_A Interleukin-1 receptor-associated kinase-4 (E.C.2.7.1.37); hexahelical bundle, Transferase; 1.7A {Mus musculus}
Probab=19.33  E-value=1.1e+02  Score=11.25  Aligned_cols=5  Identities=40%  Similarity=1.471  Sum_probs=0.0  Template_Neff=8.700

Q HWRNFA            2 WRNFA    6 (6)
Q Consensus         2 wrnfa    6 (6)
                      |+.+|
T Consensus        32 Wk~La   36 (113)
T 2A9I_A           32 WKKLA   36 (113)
T ss_dssp             HHHHH
T ss_pred             HHHHH


No 5
>5L5T_Y Proteasome subunit alpha type-2 (E.C.3.4.25.1); HYDROLASE-HYDROLASE INHIBITOR complex, Proteasome, Mutant; HET: MES, 79P; 2.9A {Saccharomyces cerevisiae (strain ATCC 204508 / S288c)}
Probab=19.33  E-value=1.1e+02  Score=11.68  Aligned_cols=5  Identities=20%  Similarity=0.507  Sum_probs=0.0  Template_Neff=10.100

Q HWRNFA            1 HWRNF    5 (6)
Q Consensus         1 hwrnf    5 (6)
                      +|+|+
T Consensus       205 ~~~~~  209 (211)
T 5L5T_Y          205 SFNNV  209 (211)
T ss_dssp             CCTTS
T ss_pred             ccccc


No 6
>1FAD_A FADD PROTEIN; APOPTOSIS, FADD, DEATH DOMAIN; NMR {Mus musculus} SCOP: a.77.1.2
Probab=19.31  E-value=1.1e+02  Score=10.53  Aligned_cols=6  Identities=33%  Similarity=1.221  Sum_probs=0.0  Template_Neff=9.600

Q HWRNFA            1 HWRNFA    6 (6)
Q Consensus         1 hwrnfa    6 (6)
                      .|+.++
T Consensus        27 ~W~~la   32 (99)
T 1FAD_A           27 DWKRLA   32 (99)
T ss_dssp             HHHHHH
T ss_pred             hHHHHH


No 7
>3WU1_A Runt-related transcription factor 1, Protein; PROTEIN-DNA COMPLEX, DNA-BINDING, METHYLATION, NUCLEUS; 2.4A {Mus musculus}
Probab=19.29  E-value=1.1e+02  Score=13.91  Aligned_cols=3  Identities=100%  Similarity=2.760  Sum_probs=0.0  Template_Neff=3.100

Q HWRNFA            1 HWR    3 (6)
Q Consensus         1 hwr    3 (6)
                      |||
T Consensus        24 HWR   26 (123)
T 3WU1_A           24 HWR   26 (123)
T ss_pred             ccc


No 8
>6YXY_EU bL28m, uL29m, uL30m, bL32m, bL35m; mitoribosome, assembly, LSU, RIBOSOME; HET: ATP, PM8, MG, SPD, NAD, GTP; 3.1A {Trypanosoma brucei brucei}
Probab=19.20  E-value=1.1e+02  Score=12.71  Aligned_cols=4  Identities=50%  Similarity=1.805  Sum_probs=0.0  Template_Neff=1.400

Q HWRNFA            2 WRNF    5 (6)
Q Consensus         2 wrnf    5 (6)
                      ||||
T Consensus         9 ~~~f   12 (56)
T 6YXY_EU           9 WSQF   12 (56)
T ss_pred             HHHH


No 9
>4WMH_A Human Heme Oxygenase (E.C.1.14.99.3); HO2, Heme oxygenase, Oxygenase, Structural; 2.5A {Homo sapiens}
Probab=19.07  E-value=1.1e+02  Score=11.62  Aligned_cols=5  Identities=0%  Similarity=0.886  Sum_probs=0.0  Template_Neff=10.100

Q HWRNFA            1 HWRN-F    5 (6)
Q Consensus         1 hwrn-f    5 (6)
                      ||+. |
T Consensus       167 h~~~~~  172 (207)
T 4WMH_A          167 QFKQLY  172 (207)
T ss_dssp             HHHHHH
T ss_pred             HHHHHH


No 10
>5Z00_G B3 domain-containing transcription repressor VAL1/DNA; transcriptional factor, Val1, B3 domain; 2.587A {Arabidopsis thaliana}
Probab=18.89  E-value=1.1e+02  Score=10.87  Aligned_cols=5  Identities=0%  Similarity=-0.350  Sum_probs=0.0  Template_Neff=9.800

Q HWRNFA            2 WRNFA    6 (6)
Q Consensus         2 wrnfa    6 (6)
                      |..|+
T Consensus        90 W~~Fv   94 (128)
T 5Z00_G           90 VTPCI   94 (128)
T ss_dssp             CHHHH
T ss_pred             cHHHH


