Query         QQNQSC
Match_columns 6
No_of_seqs    1 out of 1
Neff          1
Searched_HMMs 90378
Date          Tue Dec 21 09:31:48 2021
Command       /media/stefano/DISCO1/FOLDEN/hh-suite/build/bin/hhsearch -i /media/stefano/DISCO1/FOLDEN/trRosetta2/example/QQNQSC/protein.hhm -d /media/stefano/DISCO1/FOLDEN/trRosettaX/pdb70/pdb70 -o /media/stefano/DISCO1/FOLDEN/trRosetta2/example/QQNQSC/protein.out -cpu 32 

 No Hit                             Prob E-value P-value  Score    SS Cols Query HMM  Template HMM
  1 1S7Q_A H-2 class I histocompat   9.6   3E+02  0.0033   11.6   0.0    5    2-6     333-337 (348)
  2 1H32_A DIHEME CYTOCHROME C; EL   9.1 3.3E+02  0.0036   11.3   0.0    6    1-6     172-177 (261)
  3 1H33_A DIHEME CYTOCHROME C; EL   9.1 3.3E+02  0.0036   11.3   0.0    6    1-6     172-177 (261)
  4 1MUF_A SET9 (2.1.1.43); SET do   8.4 3.6E+02   0.004   10.4   0.0    4    3-6     216-219 (257)
  5 6D3K_B Interferon-induced, dou   8.2 3.7E+02  0.0041   10.4   0.0    6    1-6     318-323 (323)
  6 2VH2_B CELL DIVISION PROTEIN F   8.2 3.7E+02  0.0041   11.3   0.0    4    1-4     246-249 (255)
  7 4Z80_C EGF family domain-conta   7.5 4.2E+02  0.0046   10.2   0.0    4    2-5       8-11  (37)
  8 4Z80_D EGF family domain-conta   7.5 4.2E+02  0.0046   10.2   0.0    4    2-5       8-11  (37)
  9 6O35_C de novo designed WSHC8;   7.5 4.2E+02  0.0046   12.1   0.0    4    1-4      91-94  (102)
 10 4RZ0_A PFL0690c; Structural Ge   7.2 4.4E+02  0.0049    9.2   0.0    4    3-6      90-93  (146)

No 1
>1S7Q_A H-2 class I histocompatibility antigen; LCMV, MHC class I, immune; 1.99A {Mus musculus} SCOP: d.19.1.1, b.1.1.2
Probab=9.65  E-value=3e+02  Score=11.59  Aligned_cols=5  Identities=20%  Similarity=0.600  Sum_probs=0.0  Template_Neff=9.700

Q QQNQSC            2 QNQSC    6 (6)
Q Consensus         2 qnqsc    6 (6)
                      ++|+|
T Consensus       333 ~~~~~  337 (348)
T 1S7Q_A          333 SLPDC  337 (348)
T ss_dssp             -----
T ss_pred             ccccc


No 2
>1H32_A DIHEME CYTOCHROME C; ELECTRON TRANSFER, SULFUR CYCLE, SOXAX; HET: HEC; 1.5A {RHODOVULUM SULFIDOPHILUM} SCOP: a.3.1.8
Probab=9.10  E-value=3.3e+02  Score=11.28  Aligned_cols=6  Identities=50%  Similarity=0.855  Sum_probs=0.0  Template_Neff=9.100

Q QQNQSC            1 QQNQSC    6 (6)
Q Consensus         1 qqnqsc    6 (6)
                      |.|.+|
T Consensus       172 ~~~~~C  177 (261)
T 1H32_A          172 QLDLSC  177 (261)
T ss_dssp             TTTBCH
T ss_pred             ccCCCH


No 3
>1H33_A DIHEME CYTOCHROME C; ELECTRON TRANSFER, SULFUR CYCLE, SOXAX; HET: HEC; 1.75A {RHODOVULUM SULFIDOPHILUM} SCOP: a.3.1.8
Probab=9.10  E-value=3.3e+02  Score=11.28  Aligned_cols=6  Identities=50%  Similarity=0.855  Sum_probs=0.0  Template_Neff=9.100

Q QQNQSC            1 QQNQSC    6 (6)
Q Consensus         1 qqnqsc    6 (6)
                      |.|.+|
T Consensus       172 ~~~~~C  177 (261)
T 1H33_A          172 QLDLSC  177 (261)
T ss_dssp             TTTBCH
T ss_pred             ccCCCH


No 4
>1MUF_A SET9 (2.1.1.43); SET domain, histone lysine methyltransferase; 2.26A {Homo sapiens} SCOP: b.85.7.1, b.76.2.1
Probab=8.41  E-value=3.6e+02  Score=10.40  Aligned_cols=4  Identities=50%  Similarity=0.534  Sum_probs=0.0  Template_Neff=10.600

Q QQNQSC            3 NQSC    6 (6)
Q Consensus         3 nqsc    6 (6)
                      |.||
T Consensus       216 NHsc  219 (257)
T 1MUF_A          216 NHSF  219 (257)
T ss_pred             eeCC


No 5
>6D3K_B Interferon-induced, double-stranded RNA-activated protein kinase; unphosphorylated, kinase, complex, activation loop; HET: SO4, PO4, ADP; 2.6A {Homo sapiens}
Probab=8.23  E-value=3.7e+02  Score=10.37  Aligned_cols=6  Identities=17%  Similarity=0.938  Sum_probs=0.0  Template_Neff=11.400

Q QQNQSC            1 QQNQSC    6 (6)
Q Consensus         1 qqnqsc    6 (6)
                      ++.++|
T Consensus       318 ~~~~~~  323 (323)
T 6D3K_B          318 NERHTC  323 (323)
T ss_dssp             ------
T ss_pred             hhcccC


No 6
>2VH2_B CELL DIVISION PROTEIN FTSQ; FTSQ, POTRA, CELL DIVISION, CELL; 3.4A {YERSINIA ENTEROCOLITICA}
Probab=8.23  E-value=3.7e+02  Score=11.27  Aligned_cols=4  Identities=100%  Similarity=0.991  Sum_probs=0.0  Template_Neff=8.700

Q QQNQSC            1 QQNQ    4 (6)
Q Consensus         1 qqnq    4 (6)
                      ||||
T Consensus       246 ~~~~  249 (255)
T 2VH2_B          246 QQNQ  249 (255)
T ss_dssp             ----
T ss_pred             HHHH


No 7
>4Z80_C EGF family domain-containing protein; Apicomplexa, invasion, moving junction, parasite; HET: NAG, GOL, SO4; 1.53A {Toxoplasma gondii}
Probab=7.55  E-value=4.2e+02  Score=10.24  Aligned_cols=4  Identities=100%  Similarity=0.949  Sum_probs=0.0  Template_Neff=2.100

Q QQNQSC            2 QNQS    5 (6)
Q Consensus         2 qnqs    5 (6)
                      +|||
T Consensus         8 ~NqS   11 (37)
T 4Z80_C            8 QNQS   11 (37)
T ss_pred             cccc


No 8
>4Z80_D EGF family domain-containing protein; Apicomplexa, invasion, moving junction, parasite; HET: SO4, GOL, NAG; 1.53A {Toxoplasma gondii}
Probab=7.55  E-value=4.2e+02  Score=10.24  Aligned_cols=4  Identities=100%  Similarity=0.949  Sum_probs=0.0  Template_Neff=2.100

Q QQNQSC            2 QNQS    5 (6)
Q Consensus         2 qnqs    5 (6)
                      +|||
T Consensus         8 ~NqS   11 (37)
T 4Z80_D            8 QNQS   11 (37)
T ss_dssp             BCHH
T ss_pred             cccc


No 9
>6O35_C de novo designed WSHC8; Helical bundle, octamer, computational design; 2.4A {synthetic construct}
Probab=7.54  E-value=4.2e+02  Score=12.07  Aligned_cols=4  Identities=100%  Similarity=0.991  Sum_probs=0.0  Template_Neff=1.000

Q QQNQSC            1 QQNQ    4 (6)
Q Consensus         1 qqnq    4 (6)
                      ||||
T Consensus        91 qqnq   94 (102)
T 6O35_C           91 QQNQ   94 (102)
T ss_dssp             HHHH
T ss_pred             HHHh


No 10
>4RZ0_A PFL0690c; Structural Genomics Consortium, SGC, Putative; 2.487A {Plasmodium}
Probab=7.24  E-value=4.4e+02  Score=9.20  Aligned_cols=4  Identities=50%  Similarity=0.335  Sum_probs=0.0  Template_Neff=10.600

Q QQNQSC            3 NQSC    6 (6)
Q Consensus         3 nqsc    6 (6)
                      |.||
T Consensus        90 nhsc   93 (146)
T 4RZ0_A           90 NHSD   93 (146)
T ss_dssp             EECS
T ss_pred             CCCC


