Query         FTVIIE
Match_columns 6
No_of_seqs    1 out of 1
Neff          1
Searched_HMMs 90378
Date          Sun Dec 19 22:11:36 2021
Command       /media/stefano/DISCO1/FOLDEN/hh-suite/build/bin/hhsearch -i /media/stefano/DISCO1/FOLDEN/trRosetta2/example/FTVIIE/protein.hhm -d /media/stefano/DISCO1/FOLDEN/trRosettaX/pdb70/pdb70 -o /media/stefano/DISCO1/FOLDEN/trRosetta2/example/FTVIIE/protein.out -cpu 32 

 No Hit                             Prob E-value P-value  Score    SS Cols Query HMM  Template HMM
  1 2QKD_A Zinc finger protein ZPR  14.9 1.6E+02  0.0018   14.3   0.0    6    1-6     156-161 (404)
  2 4KQD_A Protein TraJ; PAS domai   9.6   3E+02  0.0034   11.9   0.0    6    1-6      89-94  (121)
  3 4KQD_B Protein TraJ; PAS domai   9.5 3.1E+02  0.0034   11.9   0.0    6    1-6      89-94  (121)
  4 4XLW_H Notch1 EGF11-13, Delta-   9.1 3.3E+02  0.0036   10.8   0.0    6    1-6      90-95  (261)
  5 4P6V_F NqrA, NqrB, NqrC, NqrD,   8.0 3.9E+02  0.0043   11.6   0.0    5    1-5      11-15  (408)
  6 5MW7_A Protein jagged-2; C2, E   7.9 3.9E+02  0.0044   11.3   0.0    6    1-6     116-121 (332)
  7 4XB6_F PhnG, PhnH, PhnI, PhnJ;   7.7 4.1E+02  0.0045   11.7   0.0    5    2-6     122-126 (194)
  8 2YZT_A Putative uncharacterize   7.6 4.1E+02  0.0046    8.6   0.0    6    1-6       5-10  (67)
  9 6HPC_A Antitoxin HicB; dna bin   7.5 4.2E+02  0.0047    8.6   0.0    6    1-6       3-8   (138)
 10 2GJF_B Designed Protein; desig   7.3 4.4E+02  0.0048    9.3   0.0    6    1-6      72-77  (78)

No 1
>2QKD_A Zinc finger protein ZPR1; HELICAL HAIRPINS, BETA HELIX, ANTI-PARRALLEL; 2.0A {Mus musculus}
Probab=14.92  E-value=1.6e+02  Score=14.27  Aligned_cols=6  Identities=50%  Similarity=1.171  Sum_probs=3.2  Template_Neff=6.400

Q FTVIIE            1 FTVIIE    6 (6)
Q Consensus         1 ftviie    6 (6)
                      ||+||+
T Consensus       156 FtliI~  161 (404)
T 2QKD_A          156 FTLVID  161 (404)
T ss_dssp             EEEEEE
T ss_pred             eEEEEe
Confidence            555553


No 2
>4KQD_A Protein TraJ; PAS domain, Transcriptional regulator, signaling; HET: DTD; 1.55A {Escherichia coli}
Probab=9.57  E-value=3e+02  Score=11.89  Aligned_cols=6  Identities=17%  Similarity=0.678  Sum_probs=0.0  Template_Neff=4.900

Q FTVIIE            1 FTVIIE    6 (6)
Q Consensus         1 ftviie    6 (6)
                      ++|.||
T Consensus        89 w~v~IE   94 (121)
T 4KQD_A           89 WTISVQ   94 (121)
T ss_dssp             EEEEEE
T ss_pred             EEEEEE


No 3
>4KQD_B Protein TraJ; PAS domain, Transcriptional regulator, signaling; HET: DTD; 1.55A {Escherichia coli}
Probab=9.55  E-value=3.1e+02  Score=11.89  Aligned_cols=6  Identities=17%  Similarity=0.678  Sum_probs=0.0  Template_Neff=4.900

Q FTVIIE            1 FTVIIE    6 (6)
Q Consensus         1 ftviie    6 (6)
                      ++|.||
T Consensus        89 w~v~IE   94 (121)
T 4KQD_B           89 WTISVQ   94 (121)
T ss_dssp             EEEEEE
T ss_pred             EEEEEE


No 4
>4XLW_H Notch1 EGF11-13, Delta-like 4 (N-EGF2); glycosylation, EGF domains, receptor-ligand complex; HET: FUC, MLY, BGC, NAG, CA; 3.39A {Rattus norvegicus}
Probab=9.09  E-value=3.3e+02  Score=10.84  Aligned_cols=6  Identities=33%  Similarity=0.733  Sum_probs=0.0  Template_Neff=10.000

Q FTVIIE            1 FTVIIE    6 (6)
Q Consensus         1 ftviie    6 (6)
                      |+++||
T Consensus        90 ~~l~i~   95 (261)
T 4XLW_H           90 FSLNIQ   95 (261)
T ss_dssp             EEEEEE
T ss_pred             ceEEEE


No 5
>4P6V_F NqrA, NqrB, NqrC, NqrD, NqrE; Respiratory Complex, NADH:ubiquinone oxidoreductase, Sodium; HET: FAD, RBF, FMN; 3.5A {Vibrio cholerae serotype O1}
Probab=8.04  E-value=3.9e+02  Score=11.62  Aligned_cols=5  Identities=80%  Similarity=1.285  Sum_probs=0.0  Template_Neff=9.600

Q FTVIIE            1 FTVII    5 (6)
Q Consensus         1 ftvii    5 (6)
                      |++|+
T Consensus        11 ~~~~~   15 (408)
T 4P6V_F           11 FTLII   15 (408)
T ss_dssp             HHHHH
T ss_pred             HHHHH


No 6
>5MW7_A Protein jagged-2; C2, EGF, Notch, signaling, Signaling; HET: FUC; 2.8A {Homo sapiens}
Probab=7.91  E-value=3.9e+02  Score=11.28  Aligned_cols=6  Identities=67%  Similarity=1.220  Sum_probs=0.0  Template_Neff=9.500

Q FTVIIE            1 FTVIIE    6 (6)
Q Consensus         1 ftviie    6 (6)
                      |+++||
T Consensus       116 ~~l~i~  121 (332)
T 5MW7_A          116 FTLIVE  121 (332)
T ss_dssp             EEEEEE
T ss_pred             EEEEEE


No 7
>4XB6_F PhnG, PhnH, PhnI, PhnJ; protein complex, transferase; HET: CME, SO4; 1.7A {Escherichia coli str. K-12 substr. MG1655}
Probab=7.66  E-value=4.1e+02  Score=11.72  Aligned_cols=5  Identities=40%  Similarity=0.853  Sum_probs=0.0  Template_Neff=6.400

Q FTVIIE            2 TVIIE    6 (6)
Q Consensus         2 tviie    6 (6)
                      |+|||
T Consensus       122 TlIi~  126 (194)
T 4XB6_F          122 TLILQ  126 (194)
T ss_dssp             EEEEE
T ss_pred             EEEEE


No 8
>2YZT_A Putative uncharacterized protein TTHA1756; Uncharacterized conserved protein, STRUCTURAL GENOMICS; 1.8A {Thermus thermophilus}
Probab=7.62  E-value=4.1e+02  Score=8.59  Aligned_cols=6  Identities=33%  Similarity=1.005  Sum_probs=0.0  Template_Neff=9.200

Q FTVIIE            1 FTVIIE    6 (6)
Q Consensus         1 ftviie    6 (6)
                      |+++|+
T Consensus         5 y~~~i~   10 (67)
T 2YZT_A            5 YRVVVE   10 (67)
T ss_dssp             CCCEEE
T ss_pred             EEEEEE


No 9
>6HPC_A Antitoxin HicB; dna binding, helix-turn-helix, HTH, ANTITOXIN; HET: MSE; 2.26A {Escherichia coli 2-210-07_S3_C3}
Probab=7.52  E-value=4.2e+02  Score=8.62  Aligned_cols=6  Identities=17%  Similarity=0.595  Sum_probs=0.0  Template_Neff=11.700

Q FTVIIE            1 FTVIIE    6 (6)
Q Consensus         1 ftviie    6 (6)
                      ++++++
T Consensus         3 y~~~~~    8 (138)
T 6HPC_A            3 YPVTLT    8 (138)
T ss_pred             eeEEEE


No 10
>2GJF_B Designed Protein; designed protein, procarboxypeptidase, DE NOVO; NMR {?}
Probab=7.31  E-value=4.4e+02  Score=9.26  Aligned_cols=6  Identities=67%  Similarity=1.049  Sum_probs=0.0  Template_Neff=8.200

Q FTVIIE            1 FTVIIE    6 (6)
Q Consensus         1 ftviie    6 (6)
                      |.|+|+
T Consensus        72 ~~V~i~   77 (78)
T 2GJF_B           72 FTVYVE   77 (78)
T ss_dssp             EEEEEE
T ss_pred             cEEeeC


