Query         AMMAAA
Match_columns 6
No_of_seqs    1 out of 1
Neff          1
Searched_HMMs 90378
Date          Sun Dec 19 14:54:14 2021
Command       /media/stefano/DISCO1/FOLDEN/hh-suite/build/bin/hhsearch -i /media/stefano/DISCO1/FOLDEN/trRosetta2/example/AMMAAA/protein.hhm -d /media/stefano/DISCO1/FOLDEN/trRosettaX/pdb70/pdb70 -o /media/stefano/DISCO1/FOLDEN/trRosetta2/example/AMMAAA/protein.out -cpu 32 

 No Hit                             Prob E-value P-value  Score    SS Cols Query HMM  Template HMM
  1 6N3C_D TAR DNA-binding protein  79.2     1.4 1.6E-05   17.1   0.0    6    1-6      36-41  (46)
  2 6N3A_J TAR DNA-binding protein  70.0     3.7 4.1E-05   16.5   0.0    6    1-6      11-16  (50)
  3 2N2C_A TAR DNA-binding protein  61.6       7 7.7E-05   15.0   0.0    6    1-6      15-20  (43)
  4 7KWZ_A Isoform 2 of TAR DNA-bi  59.7       8 8.8E-05   17.8   0.0    6    1-6      55-60  (148)
  5 1MLA_A MALONYL-COENZYME A ACYL  16.9 1.3E+02  0.0015   11.0   0.0    6    1-6     301-306 (309)
  6 6L35_5 Photosystem I P700 chlo  16.9 1.3E+02  0.0015   12.7   0.0    6    1-6      53-58  (205)
  7 4XK8_8 PsaA, PsaB, PsaC, PsaD,  15.9 1.5E+02  0.0016   12.8   0.0    6    1-6      55-60  (218)
  8 3LW5_1 Photosystem I P700 chlo  15.6 1.5E+02  0.0017   12.1   0.0    6    1-6      34-39  (170)
  9 3LW5_3 Photosystem I P700 chlo  15.6 1.5E+02  0.0017   12.2   0.0    6    1-6      26-31  (172)
 10 3LW5_2 Photosystem I P700 chlo  15.6 1.5E+02  0.0017   12.3   0.0    6    1-6      20-25  (176)

No 1
>6N3C_D TAR DNA-binding protein 43; Amyloid, TDP43, ALS, FTLD-TDP, dna; 3.3A {Homo sapiens}
Probab=79.17  E-value=1.4  Score=17.10  Aligned_cols=6  Identities=100%  Similarity=1.010  Sum_probs=0.0  Template_Neff=3.000

Q AMMAAA            1 AMMAAA    6 (6)
Q Consensus         1 ammaaa    6 (6)
                      ||||||
T Consensus        36 AmmAAA   41 (46)
T 6N3C_D           36 AMMAAA   41 (46)
T ss_dssp             ------
T ss_pred             HHHHHH
Confidence            578775


No 2
>6N3A_J TAR DNA-binding protein 43, segA; Amyloid, TDP43, ALS, FTLD-TDP, dna; 3.3A {Homo sapiens}
Probab=69.98  E-value=3.7  Score=16.46  Aligned_cols=6  Identities=100%  Similarity=1.010  Sum_probs=3.7  Template_Neff=2.200

Q AMMAAA            1 AMMAAA    6 (6)
Q Consensus         1 ammaaa    6 (6)
                      ||||||
T Consensus        11 AmmAAA   16 (50)
T 6N3A_J           11 AMMAAA   16 (50)
T ss_dssp             EEECCS
T ss_pred             HHHHHH
Confidence            577664


No 3
>2N2C_A TAR DNA-binding protein 43; ALS, prion-like domain, hydrophobic helices; NMR {Homo sapiens}
Probab=61.65  E-value=7  Score=14.96  Aligned_cols=6  Identities=100%  Similarity=1.010  Sum_probs=3.5  Template_Neff=3.300

Q AMMAAA            1 AMMAAA    6 (6)
Q Consensus         1 ammaaa    6 (6)
                      ||+|||
T Consensus        15 AmvAAA   20 (43)
T 2N2C_A           15 AMMAAA   20 (43)
T ss_dssp             SHHHHH
T ss_pred             HHHHHH
Confidence            466664


No 4
>7KWZ_A Isoform 2 of TAR DNA-binding; TDP-43, amyloid, neurodegenerative diseases, amyotropic; 3.2A {Homo sapiens}
Probab=59.73  E-value=8  Score=17.80  Aligned_cols=6  Identities=100%  Similarity=1.010  Sum_probs=3.9  Template_Neff=2.900

Q AMMAAA            1 AMMAAA    6 (6)
Q Consensus         1 ammaaa    6 (6)
                      ||||||
T Consensus        55 AmvAAA   60 (148)
T 7KWZ_A           55 AMMAAA   60 (148)
T ss_dssp             CEEEEC
T ss_pred             HHHHHH
Confidence            577765


No 5
>1MLA_A MALONYL-COENZYME A ACYL CARRIER PROTEIN; ACYLTRANSFERASE; 1.5A {Escherichia coli} SCOP: c.19.1.1, d.58.23.1
Probab=16.92  E-value=1.3e+02  Score=10.96  Aligned_cols=6  Identities=67%  Similarity=0.661  Sum_probs=0.0  Template_Neff=12.300

Q AMMAAA            1 AMMAAA    6 (6)
Q Consensus         1 ammaaa    6 (6)
                      +||+++
T Consensus       301 ~~~~~~  306 (309)
T 1MLA_A          301 SAMAAA  306 (309)
T ss_dssp             HHHHHH
T ss_pred             HHHHHH


No 6
>6L35_5 Photosystem I P700 chlorophyll a; Cryo-EM, PSI-LHCI, Physcomitrella patens, STRUCTURAL; HET: LHG, CHL, DGD, CLA, BCR, PQN, SF4, LUT, XAT, LMG; 3.23A {Physcomitrium patens}
Probab=16.86  E-value=1.3e+02  Score=12.66  Aligned_cols=6  Identities=50%  Similarity=0.501  Sum_probs=0.0  Template_Neff=7.600

Q AMMAAA            1 AMMAAA    6 (6)
Q Consensus         1 ammaaa    6 (6)
                      ||+|++
T Consensus        53 AMLA~~   58 (205)
T 6L35_5           53 AMAGVA   58 (205)
T ss_dssp             HHHHHH
T ss_pred             hhHHHH


No 7
>4XK8_8 PsaA, PsaB, PsaC, PsaD, PsaE; photosynthesis, photosystem i, plant LHCI-PSI; HET: SF4, LMT, HTG, LMG, LUT, CHL, PQN, XAT, LHG, BCR, DGD, CLA; 2.8A {N/A}
Probab=15.89  E-value=1.5e+02  Score=12.76  Aligned_cols=6  Identities=50%  Similarity=0.695  Sum_probs=0.0  Template_Neff=7.400

Q AMMAAA            1 AMMAAA    6 (6)
Q Consensus         1 ammaaa    6 (6)
                      ||+|++
T Consensus        55 AMLA~v   60 (218)
T 4XK8_8           55 AMLGAV   60 (218)
T ss_pred             HHHHHH


No 8
>3LW5_1 Photosystem I P700 chlorophyll a; Photosynthesis, Electron transfer, Membrane proteins; HET: LMU, LMG, BCR, SF4, CLA, PQN; 3.3A {Pisum sativum}
Probab=15.60  E-value=1.5e+02  Score=12.07  Aligned_cols=6  Identities=50%  Similarity=0.684  Sum_probs=0.0  Template_Neff=7.800

Q AMMAAA            1 AMMAAA    6 (6)
Q Consensus         1 ammaaa    6 (6)
                      ||+|.+
T Consensus        34 AMLA~~   39 (170)
T 3LW5_1           34 AMLAVP   39 (170)
T ss_pred             HHHHHH


No 9
>3LW5_3 Photosystem I P700 chlorophyll a; Photosynthesis, Electron transfer, Membrane proteins; HET: LMU, LMG, BCR, SF4, CLA, PQN; 3.3A {Pisum sativum}
Probab=15.58  E-value=1.5e+02  Score=12.24  Aligned_cols=6  Identities=50%  Similarity=0.695  Sum_probs=0.0  Template_Neff=7.500

Q AMMAAA            1 AMMAAA    6 (6)
Q Consensus         1 ammaaa    6 (6)
                      ||+|+.
T Consensus        26 AMLA~v   31 (172)
T 3LW5_3           26 AMLGAV   31 (172)
T ss_pred             HHHHHH


No 10
>3LW5_2 Photosystem I P700 chlorophyll a; Photosynthesis, Electron transfer, Membrane proteins; HET: LMU, LMG, BCR, SF4, CLA, PQN; 3.3A {Pisum sativum}
Probab=15.57  E-value=1.5e+02  Score=12.28  Aligned_cols=6  Identities=67%  Similarity=0.822  Sum_probs=0.0  Template_Neff=7.500

Q AMMAAA            1 AMMAAA    6 (6)
Q Consensus         1 ammaaa    6 (6)
                      ||+|.+
T Consensus        20 AMLA~~   25 (176)
T 3LW5_2           20 AMLGAA   25 (176)
T ss_pred             HHHHHH


