Query         LALVYV
Match_columns 6
No_of_seqs    1 out of 1
Neff          1
Searched_HMMs 90378
Date          Mon Dec 20 13:49:04 2021
Command       /media/stefano/DISCO1/FOLDEN/hh-suite/build/bin/hhsearch -i /media/stefano/DISCO1/FOLDEN/trRosetta2/example/LALVYV/protein.hhm -d /media/stefano/DISCO1/FOLDEN/trRosettaX/pdb70/pdb70 -o /media/stefano/DISCO1/FOLDEN/trRosetta2/example/LALVYV/protein.out -cpu 32 

 No Hit                             Prob E-value P-value  Score    SS Cols Query HMM  Template HMM
  1 6XKB_D SR-related and CTD-asso   8.5 3.6E+02   0.004    9.8   0.0    6    1-6      61-66  (140)
  2 4RVY_T Photosystem II protein    8.3 3.7E+02  0.0041    9.8   0.0    5    2-6       3-7   (30)
  3 4NAC_B Regulation of nuclear p   8.2 3.8E+02  0.0042   10.0   0.0    6    1-6      57-62  (139)
  4 3D9N_B RNA-binding protein 16,   8.1 3.8E+02  0.0042   10.0   0.0    6    1-6      60-65  (145)
  5 4NHX_A 2-oxoglutarate and iron   8.0 3.9E+02  0.0043   13.4   0.0    5    1-5     520-524 (562)
  6 6B7L_A Uncharacterized protein   7.9 3.9E+02  0.0043   13.8   0.0    5    1-5      45-49  (300)
  7 6YP7_T Chlorophyll a-b binding   7.7 4.1E+02  0.0045    9.8   0.0    5    2-6       3-7   (32)
  8 6S6D_C Ras-related GTP-binding   7.1 4.5E+02   0.005   11.7   0.0    6    1-6     335-340 (399)
  9 6S6A_C Ras-related GTP-binding   7.1 4.5E+02   0.005   11.7   0.0    6    1-6     335-340 (399)
 10 5MDT_A Rpb7-binding protein se   7.1 4.6E+02  0.0051   10.2   0.0    6    1-6      60-65  (162)

No 1
>6XKB_D SR-related and CTD-associated factor 4; SCAF4-CID, Structural Genomics, Structural Genomics; HET: SEP, BTN, UNX; 1.6A {Homo sapiens}
Probab=8.46  E-value=3.6e+02  Score=9.84  Aligned_cols=6  Identities=33%  Similarity=0.595  Sum_probs=0.0  Template_Neff=9.600

Q LALVYV            1 LALVYV    6 (6)
Q Consensus         1 lalvyv    6 (6)
                      |+++|+
T Consensus        61 l~~lyl   66 (140)
T 6XKB_D           61 VPGLYV   66 (140)
T ss_dssp             HHHHHH
T ss_pred             ccHHHH


No 2
>4RVY_T Photosystem II protein D1 1; Photosystem II, Time resolved, Free; HET: DGD, LMG, SQD, HEM, PL9, LHG, PHO, BCR, CLA, OEX; 5.5A {Thermosynechococcus elongatus}
Probab=8.29  E-value=3.7e+02  Score=9.84  Aligned_cols=5  Identities=40%  Similarity=0.972  Sum_probs=0.0  Template_Neff=2.800

Q LALVYV            2 ALVYV    6 (6)
Q Consensus         2 alvyv    6 (6)
                      ++||+
T Consensus         3 a~vYt    7 (30)
T 4RVY_T            3 TITYV    7 (30)
T ss_pred             HHHHH


No 3
>4NAC_B Regulation of nuclear pre-mRNA domain-containing; alpha helix, TRANSCRIPTION; 2.002A {Homo sapiens}
Probab=8.17  E-value=3.8e+02  Score=9.96  Aligned_cols=6  Identities=33%  Similarity=0.999  Sum_probs=0.0  Template_Neff=9.200

Q LALVYV            1 LALVYV    6 (6)
Q Consensus         1 lalvyv    6 (6)
                      +++.||
T Consensus        57 l~llYv   62 (139)
T 4NAC_B           57 LTFLYL   62 (139)
T ss_dssp             HHHHHH
T ss_pred             HHHHHH


No 4
>3D9N_B RNA-binding protein 16, CTD-PEPTIDE; SCAF8, RNA POLYMERASE II CTD; HET: SO4, SEP; 1.6A {Homo sapiens}
Probab=8.13  E-value=3.8e+02  Score=10.03  Aligned_cols=6  Identities=33%  Similarity=0.595  Sum_probs=0.0  Template_Neff=9.200

Q LALVYV            1 LALVYV    6 (6)
Q Consensus         1 lalvyv    6 (6)
                      |++.|+
T Consensus        60 l~~lYl   65 (145)
T 3D9N_B           60 VPGLYV   65 (145)
T ss_dssp             HHHHHH
T ss_pred             ccHHHH


No 5
>4NHX_A 2-oxoglutarate and iron-dependent oxygenase domain-containing; jelly-roll fold, translation, ribosome, double-stranded; HET: OGA; 2.105A {Homo sapiens}
Probab=7.99  E-value=3.9e+02  Score=13.41  Aligned_cols=5  Identities=100%  Similarity=1.437  Sum_probs=0.0  Template_Neff=7.000

Q LALVYV            1 LALVY    5 (6)
Q Consensus         1 lalvy    5 (6)
                      |+|||
T Consensus       520 L~LVy  524 (562)
T 4NHX_A          520 LALVY  524 (562)
T ss_dssp             EEEEE
T ss_pred             EEEEE


No 6
>6B7L_A Uncharacterized protein; Calycin, Lipocalin-like, anti-inflammatory, AimA, UNKNOWN; 2.3A {Aeromonas veronii Hm21}
Probab=7.94  E-value=3.9e+02  Score=13.84  Aligned_cols=5  Identities=100%  Similarity=1.437  Sum_probs=0.0  Template_Neff=3.000

Q LALVYV            1 LALVY    5 (6)
Q Consensus         1 lalvy    5 (6)
                      +||||
T Consensus        45 ~aLVY   49 (300)
T 6B7L_A           45 LALVY   49 (300)
T ss_dssp             EEEEC
T ss_pred             EEEEe


No 7
>6YP7_T Chlorophyll a-b binding protein 8; Cryo-EM, photosystem II, High Light; HET: PL9, LHG, BCR, NEX, HEM, OEX, CLA, PHO, DGD, XAT, SQD, LUT, LMG, CHL;{Pisum sativum}
Probab=7.70  E-value=4.1e+02  Score=9.82  Aligned_cols=5  Identities=80%  Similarity=1.172  Sum_probs=0.0  Template_Neff=2.900

Q LALVYV            2 ALVYV    6 (6)
Q Consensus         2 alvyv    6 (6)
                      ++||+
T Consensus         3 a~vY~    7 (32)
T 6YP7_T            3 ALVYT    7 (32)
T ss_dssp             HHHHH
T ss_pred             HHHHH


No 8
>6S6D_C Ras-related GTP-binding protein A, Ras-related; small GTPases, mTORC1 activator, roadblock; HET: 9JE, GTP, GDP; 2.5A {Homo sapiens}
Probab=7.13  E-value=4.5e+02  Score=11.67  Aligned_cols=6  Identities=67%  Similarity=0.910  Sum_probs=0.0  Template_Neff=9.000

Q LALVYV            1 LALVYV    6 (6)
Q Consensus         1 lalvyv    6 (6)
                      ||||.+
T Consensus       335 l~lv~~  340 (399)
T 6S6D_C          335 LALVCI  340 (399)
T ss_pred             EEEEEE


No 9
>6S6A_C Ras-related GTP-binding protein A, Ras-related; small GTPases, mTORC1 activator, roadblock; HET: 9JE, GTP, GDP; 2.63A {Homo sapiens}
Probab=7.10  E-value=4.5e+02  Score=11.71  Aligned_cols=6  Identities=67%  Similarity=0.910  Sum_probs=0.0  Template_Neff=8.900

Q LALVYV            1 LALVYV    6 (6)
Q Consensus         1 lalvyv    6 (6)
                      ||||.+
T Consensus       335 l~lv~~  340 (399)
T 6S6A_C          335 LALVCI  340 (399)
T ss_dssp             EEEEEE
T ss_pred             EEEEEE


No 10
>5MDT_A Rpb7-binding protein seb1; CTD-interacting domain (CID), S. pombe; 1.62A {Schizosaccharomyces pombe 972h-}
Probab=7.07  E-value=4.6e+02  Score=10.24  Aligned_cols=6  Identities=33%  Similarity=0.888  Sum_probs=0.0  Template_Neff=8.700

Q LALVYV            1 LALVYV    6 (6)
Q Consensus         1 lalvyv    6 (6)
                      |.++|+
T Consensus        60 L~~LYl   65 (162)
T 5MDT_A           60 LGALYI   65 (162)
T ss_dssp             HHHHHH
T ss_pred             hhHHHH


