Query         NNNGNQ
Match_columns 6
No_of_seqs    1 out of 1
Neff          1
Searched_HMMs 90378
Date          Tue Dec 21 02:10:14 2021
Command       /media/stefano/DISCO1/FOLDEN/hh-suite/build/bin/hhsearch -i /media/stefano/DISCO1/FOLDEN/trRosetta2/example/NNNGNQ/protein.hhm -d /media/stefano/DISCO1/FOLDEN/trRosettaX/pdb70/pdb70 -o /media/stefano/DISCO1/FOLDEN/trRosetta2/example/NNNGNQ/protein.out -cpu 32 

 No Hit                             Prob E-value P-value  Score    SS Cols Query HMM  Template HMM
  1 1V91_A Delta-palutoxin IT2; Ne   6.7 4.9E+02  0.0054   10.1   0.0    4    1-4      35-38  (38)
  2 5ZE0_C mouse RAG1, mouse RAG2,   6.2 5.4E+02   0.006   13.6   0.0    6    1-6     467-472 (627)
  3 4BFO_A GLUCOAMYLASE (E.C.3.2.1   6.2 5.4E+02   0.006   10.0   0.0    4    1-4      96-99  (106)
  4 2DJM_A glucoamylase A; beta sa   6.1 5.6E+02  0.0062   10.0   0.0    5    1-5      96-100 (106)
  5 2VQ4_A GLUCOAMYLASE A (E.C.3.2   6.1 5.6E+02  0.0062   10.0   0.0    5    1-5      96-100 (106)
  6 6Z3W_H ER membrane protein com   6.0 5.6E+02  0.0062   10.6   0.0    5    1-5     203-207 (208)
  7 2M83_A Protein phosphatase 1 r   5.9 5.8E+02  0.0064   10.5   0.0    5    1-5     125-129 (139)
  8 6DVS_A D-phenylglycine aminotr   5.9 5.8E+02  0.0065   10.7   0.0    6    1-6     447-452 (453)
  9 1EIT_A MU-AGATOXIN-I; NEUROTOX   5.7   6E+02  0.0066    9.8   0.0    4    1-4      34-37  (37)
 10 4CV5_D GENERAL NEGATIVE REGULA   5.5 6.4E+02   0.007   12.6   0.0    6    1-6      19-24  (320)

No 1
>1V91_A Delta-palutoxin IT2; Neurotoxin, Ionic channel inhibitor, Amidation; HET: NH2; NMR {Paracoelotes luctuosus}
Probab=6.75  E-value=4.9e+02  Score=10.07  Aligned_cols=4  Identities=50%  Similarity=0.708  Sum_probs=0.0  Template_Neff=2.300

Q NNNGNQ            1 NNNG    4 (6)
Q Consensus         1 nnng    4 (6)
                      ||||
T Consensus        35 ~n~g   38 (38)
T 1V91_A           35 NNSX   38 (38)
T ss_dssp             CCC-
T ss_pred             CCCC


No 2
>5ZE0_C mouse RAG1, mouse RAG2, HMGB1; V(D)J recombination, RAG1-2-12RSS-23RSS complex, Hairpin; HET: EDO; 2.75A {Mus musculus}
Probab=6.19  E-value=5.4e+02  Score=13.63  Aligned_cols=6  Identities=50%  Similarity=0.540  Sum_probs=0.0  Template_Neff=5.900

Q NNNGNQ            1 NNNGNQ    6 (6)
Q Consensus         1 nnngnq    6 (6)
                      +++||+
T Consensus       467 ~~~GN~  472 (627)
T 5ZE0_C          467 RMNGNF  472 (627)
T ss_dssp             SCCHHH
T ss_pred             ecCcHH


No 3
>4BFO_A GLUCOAMYLASE (E.C.3.2.1.3); HYDROLASE, CARBOHYDRATE BINDING; HET: GLC; 1.175A {RHIZOPUS ORYZAE}
Probab=6.17  E-value=5.4e+02  Score=10.02  Aligned_cols=4  Identities=75%  Similarity=0.983  Sum_probs=0.0  Template_Neff=7.100

Q NNNGNQ            1 NNNG    4 (6)
Q Consensus         1 nnng    4 (6)
                      ||+|
T Consensus        96 NN~G   99 (106)
T 4BFO_A           96 NNNS   99 (106)
T ss_dssp             STTT
T ss_pred             CCCC


No 4
>2DJM_A glucoamylase A; beta sandwich, anti-parallel, strach binding; NMR {Rhizopus oryzae}
Probab=6.08  E-value=5.6e+02  Score=9.96  Aligned_cols=5  Identities=60%  Similarity=0.767  Sum_probs=0.0  Template_Neff=7.200

Q NNNGNQ            1 NNNGN    5 (6)
Q Consensus         1 nnngn    5 (6)
                      ||+|.
T Consensus        96 NN~g~  100 (106)
T 2DJM_A           96 NNNSA  100 (106)
T ss_dssp             CSSSS
T ss_pred             CCCCc


No 5
>2VQ4_A GLUCOAMYLASE A (E.C.3.2.1.3); RHIZOPUS ORYZAE GLUCOAMYLASE, HYDROLASE, CARBOHYDRATE; 1.25A {RHIZOPUS ORYZAE}
Probab=6.08  E-value=5.6e+02  Score=9.96  Aligned_cols=5  Identities=60%  Similarity=0.767  Sum_probs=0.0  Template_Neff=7.200

Q NNNGNQ            1 NNNGN    5 (6)
Q Consensus         1 nnngn    5 (6)
                      ||+|.
T Consensus        96 NN~g~  100 (106)
T 2VQ4_A           96 NNNSA  100 (106)
T ss_dssp             STTTT
T ss_pred             CCCCc


No 6
>6Z3W_H ER membrane protein complex subunit; Complex, insertase, PROTEIN TRANSPORT, MEMBRANE;{Homo sapiens}
Probab=6.05  E-value=5.6e+02  Score=10.61  Aligned_cols=5  Identities=80%  Similarity=1.225  Sum_probs=0.0  Template_Neff=8.300

Q NNNGNQ            1 NNNGN    5 (6)
Q Consensus         1 nnngn    5 (6)
                      |.|||
T Consensus       203 ~~~~~  207 (208)
T 6Z3W_H          203 NGNGN  207 (208)
T ss_dssp             -----
T ss_pred             CCCCC


No 7
>2M83_A Protein phosphatase 1 regulatory subunit; protein, starch binding domain, carbohydrate; NMR {Oryctolagus cuniculus}
Probab=5.87  E-value=5.8e+02  Score=10.45  Aligned_cols=5  Identities=80%  Similarity=1.232  Sum_probs=0.0  Template_Neff=7.000

Q NNNGNQ            1 NNNGN    5 (6)
Q Consensus         1 nnngn    5 (6)
                      ||+|.
T Consensus       125 NN~G~  129 (139)
T 2M83_A          125 NNNGT  129 (139)
T ss_dssp             CCSSC
T ss_pred             CCCCe


No 8
>6DVS_A D-phenylglycine aminotransferase (E.C.2.6.1.72); aminotransferase, TRANSFERASE; HET: SO4, EDO; 1.821A {Pseudomonas stutzeri}
Probab=5.86  E-value=5.8e+02  Score=10.67  Aligned_cols=6  Identities=67%  Similarity=0.822  Sum_probs=0.0  Template_Neff=10.900

Q NNNGNQ            1 NNNGNQ    6 (6)
Q Consensus         1 nnngnq    6 (6)
                      |+.|||
T Consensus       447 ~~~~~~  452 (453)
T 6DVS_A          447 NLSGNQ  452 (453)
T ss_dssp             ------
T ss_pred             CCCCCC


No 9
>1EIT_A MU-AGATOXIN-I; NEUROTOXIN, EXCITATORY INSECT TOXIN; NMR {Agelenopsis aperta} SCOP: g.3.6.2
Probab=5.74  E-value=6e+02  Score=9.78  Aligned_cols=4  Identities=75%  Similarity=0.949  Sum_probs=0.0  Template_Neff=2.300

Q NNNGNQ            1 NNNG    4 (6)
Q Consensus         1 nnng    4 (6)
                      ||||
T Consensus        34 ~n~g   37 (37)
T 1EIT_A           34 NNNX   37 (37)
T ss_dssp             ECC-
T ss_pred             cCCC


No 10
>4CV5_D GENERAL NEGATIVE REGULATOR OF TRANSCRIPTION; CELL CYCLE; HET: TBR; 3.807A {SACCHAROMYCES CEREVISIAE}
Probab=5.48  E-value=6.4e+02  Score=12.60  Aligned_cols=6  Identities=67%  Similarity=1.060  Sum_probs=0.0  Template_Neff=5.000

Q NNNGNQ            1 NNNGNQ    6 (6)
Q Consensus         1 nnngnq    6 (6)
                      +|||+|
T Consensus        19 ~~~~~~   24 (320)
T 4CV5_D           19 GNNGNN   24 (320)
T ss_dssp             ------
T ss_pred             CCCCCC


