Query         EKSAET
Match_columns 6
No_of_seqs    1 out of 1
Neff          1
Searched_HMMs 90378
Date          Sun Dec 19 19:16:17 2021
Command       /media/stefano/DISCO1/FOLDEN/hh-suite/build/bin/hhsearch -i /media/stefano/DISCO1/FOLDEN/trRosetta2/example/EKSAET/protein.hhm -d /media/stefano/DISCO1/FOLDEN/trRosettaX/pdb70/pdb70 -o /media/stefano/DISCO1/FOLDEN/trRosetta2/example/EKSAET/protein.out -cpu 32 

 No Hit                             Prob E-value P-value  Score    SS Cols Query HMM  Template HMM
  1 2LXR_A NADH dehydrogenase I su   3.7   1E+03   0.011   10.3   0.0    5    1-5      44-48  (76)
  2 6ZMQ_A Cytochrome C-type bioge   3.5 1.1E+03   0.013   12.1   0.0    5    1-5       7-11  (660)
  3 2F0C_C Phage tp901-1 ORF49 (BP   3.2 1.2E+03   0.014   10.9   0.0    4    3-6      42-45  (191)
  4 5NGM_Ab 30S ribosomal protein    3.0 1.4E+03   0.015   10.2   0.0    6    1-6     245-250 (255)
  5 3EFD_K FabL, FabH, KcsA; Helix   2.4 1.7E+03   0.019    8.2   0.0    5    1-5       2-6   (30)
  6 3SQE_E Prothrombin (E.C.3.4.21   2.2   2E+03   0.022    8.5   0.0    5    2-6      13-17  (290)
  7 1M0F_B Scaffolding protein D/C   2.2   2E+03   0.022    9.4   0.0    5    1-5      33-37  (68)
  8 6CYF_I Type III secretion syst   2.1 2.1E+03   0.023   10.0   0.0    5    1-5      66-70  (128)
  9 4Y9T_A ABC TRANSPORTER SOLUTE    2.0 2.1E+03   0.024    8.7   0.0    5    1-5     342-346 (346)
 10 2Y2T_A CURLI PRODUCTION PROTEI   2.0 2.2E+03   0.025    8.7   0.0    5    1-5     100-104 (110)

No 1
>2LXR_A NADH dehydrogenase I subunit E; HP1264, OXIDOREDUCTASE; NMR {Helicobacter pylori}
Probab=3.72  E-value=1e+03  Score=10.29  Aligned_cols=5  Identities=80%  Similarity=0.727  Sum_probs=0.0  Template_Neff=2.600

Q EKSAET            1 EKSAE    5 (6)
Q Consensus         1 eksae    5 (6)
                      +|||+
T Consensus        44 qkSad   48 (76)
T 2LXR_A           44 PKSAE   48 (76)
T ss_dssp             HHHHH
T ss_pred             hHHHH


No 2
>6ZMQ_A Cytochrome C-type biogenesis protein ccmF; Heme lyase cytochrome c maturation; HET: LMT, PTY, HEM; 2.67A {Thermus thermophilus (strain HB27 / ATCC BAA-163 / DSM 7039)}
Probab=3.45  E-value=1.1e+03  Score=12.06  Aligned_cols=5  Identities=80%  Similarity=0.880  Sum_probs=0.0  Template_Neff=7.400

Q EKSAET            1 EKSAE    5 (6)
Q Consensus         1 eksae    5 (6)
                      ||.||
T Consensus         7 ~~~~~   11 (660)
T 6ZMQ_A            7 EKGAE   11 (660)
T ss_dssp             -CCCC
T ss_pred             HHHHH


No 3
>2F0C_C Phage tp901-1 ORF49 (BPP); Beta-barrel, beta prism, 3 helix; HET: GOL; 1.65A {Lactococcus phage TP901-1} SCOP: b.108.1.4, b.21.1.3
Probab=3.18  E-value=1.2e+03  Score=10.93  Aligned_cols=4  Identities=75%  Similarity=0.742  Sum_probs=0.0  Template_Neff=4.700

Q EKSAET            3 SAET    6 (6)
Q Consensus         3 saet    6 (6)
                      ||||
T Consensus        42 sAEt   45 (191)
T 2F0C_C           42 GAET   45 (191)
T ss_dssp             ---C
T ss_pred             ceee


No 4
>5NGM_Ab 30S ribosomal protein S2, 30S; Ribosome Cryo-EM Structural Biology Hibernation; HET: MG; 2.9A {Staphylococcus aureus}
Probab=2.99  E-value=1.4e+03  Score=10.25  Aligned_cols=6  Identities=83%  Similarity=0.839  Sum_probs=0.0  Template_Neff=7.400

Q EKSAET            1 EKSAET    6 (6)
Q Consensus         1 eksaet    6 (6)
                      ++|.||
T Consensus       245 ~~~~~~  250 (255)
T 5NGM_Ab         245 EKSEET  250 (255)
T ss_pred             cccccc


No 5
>3EFD_K FabL, FabH, KcsA; Helix bundle, C-terminus, IMMUNE SYSTEM; 2.6A {Mus musculus}
Probab=2.44  E-value=1.7e+03  Score=8.21  Aligned_cols=5  Identities=80%  Similarity=0.926  Sum_probs=0.0  Template_Neff=2.300

Q EKSAET            1 EKSAE    5 (6)
Q Consensus         1 eksae    5 (6)
                      ||.+|
T Consensus         2 ~~~~~    6 (30)
T 3EFD_K            2 EKAAE    6 (30)
T ss_dssp             CHHHH
T ss_pred             hHHHH


No 6
>3SQE_E Prothrombin (E.C.3.4.21.5); Serine protease, Prethrombin-2, HYDROLASE; HET: GOL; 1.9A {Homo sapiens}
Probab=2.19  E-value=2e+03  Score=8.49  Aligned_cols=5  Identities=60%  Similarity=0.521  Sum_probs=0.0  Template_Neff=11.000

Q EKSAET            2 KSAET    6 (6)
Q Consensus         2 ksaet    6 (6)
                      ||+||
T Consensus        13 ~~~~~   17 (290)
T 3SQE_E           13 KSLED   17 (290)
T ss_dssp             GTCCC
T ss_pred             cccCC


No 7
>1M0F_B Scaffolding protein D/Capsid Protein F/Major; Bacteriophage, Cryo Electron Microscopy, Procapsid; 16.0A {Enterobacteria phage alpha3} SCOP: i.6.1.1
Probab=2.17  E-value=2e+03  Score=9.42  Aligned_cols=5  Identities=60%  Similarity=0.813  Sum_probs=0.0  Template_Neff=1.700

Q EKSAET            1 EKSAE    5 (6)
Q Consensus         1 eksae    5 (6)
                      +||++
T Consensus        33 dk~~~   37 (68)
T 1M0F_B           33 DKSAQ   37 (68)
T ss_pred             chhhH


No 8
>6CYF_I Type III secretion system protein; Part of type 3 secretion; 2.78A {Pseudomonas aeruginosa}
Probab=2.09  E-value=2.1e+03  Score=9.97  Aligned_cols=5  Identities=40%  Similarity=0.521  Sum_probs=0.0  Template_Neff=3.600

Q EKSAET            1 EKSAE    5 (6)
Q Consensus         1 eksae    5 (6)
                      ++|+|
T Consensus        66 ~~s~E   70 (128)
T 6CYF_I           66 KDSPE   70 (128)
T ss_pred             hcCHH


No 9
>4Y9T_A ABC TRANSPORTER SOLUTE BINDING PROTEIN; ABC TRANSPORTER SOLUTE BINDING PROTEIN; HET: MSE, PA1; 1.801A {Agrobacterium vitis}
Probab=2.03  E-value=2.1e+03  Score=8.66  Aligned_cols=5  Identities=60%  Similarity=0.428  Sum_probs=0.0  Template_Neff=11.000

Q EKSAET            1 EKSAE    5 (6)
Q Consensus         1 eksae    5 (6)
                      +||.|
T Consensus       342 ~~~~~  346 (346)
T 4Y9T_A          342 IKSVE  346 (346)
T ss_dssp             CCCCC
T ss_pred             hcccC


No 10
>2Y2T_A CURLI PRODUCTION PROTEIN CSGC; CHAPERONE, CELL ADHESION, BIOFILM, REDOX; 2.3A {ESCHERICHIA COLI O157\:H7 STR. EC4115}
Probab=1.97  E-value=2.2e+03  Score=8.69  Aligned_cols=5  Identities=80%  Similarity=0.760  Sum_probs=0.0  Template_Neff=6.400

Q EKSAET            1 EKSAE    5 (6)
Q Consensus         1 eksae    5 (6)
                      |||.|
T Consensus       100 ~~~~~  104 (110)
T 2Y2T_A          100 EKSLE  104 (110)
T ss_dssp             -----
T ss_pred             ccccc


