Query         LATVNV
Match_columns 6
No_of_seqs    1 out of 1
Neff          1
Searched_HMMs 90378
Date          Mon Dec 20 15:51:00 2021
Command       /media/stefano/DISCO1/FOLDEN/hh-suite/build/bin/hhsearch -i /media/stefano/DISCO1/FOLDEN/trRosetta2/example/LATVNV/protein.hhm -d /media/stefano/DISCO1/FOLDEN/trRosettaX/pdb70/pdb70 -o /media/stefano/DISCO1/FOLDEN/trRosetta2/example/LATVNV/protein.out -cpu 32 

 No Hit                             Prob E-value P-value  Score    SS Cols Query HMM  Template HMM
  1 6KJK_A N-terminal domain of Po  10.9 2.5E+02  0.0028   13.4   0.0    6    1-6     124-129 (147)
  2 1PG5_B Aspartate carbamoyltran   9.5 3.1E+02  0.0034   12.4   0.0    5    2-6      89-93  (168)
  3 5UNI_A NAD(P) transhydrogenase   8.2 3.8E+02  0.0042   11.2   0.0    6    1-6      71-76  (94)
  4 5HTF_A PrsA1; PrsA, PPIase, po   6.6   5E+02  0.0055   10.6   0.0    5    1-5       8-12  (283)
  5 4WO7_B PrsA (E.C.5.2.1.8); fol   6.5 5.1E+02  0.0056   10.3   0.0    5    1-5      11-15  (263)
  6 4OBM_A Uncharacterized protein   6.4 5.2E+02  0.0057   11.0   0.0    5    2-6       4-8   (259)
  7 6EHL_A Nucleoprotein; nucleoca   6.0 5.7E+02  0.0063   15.0   0.0    6    1-6     331-336 (739)
  8 6EHM_B Nucleoprotein, Membrane   5.9 5.7E+02  0.0063   15.0   0.0    6    1-6     331-336 (739)
  9 3DB0_A Lin2891 protein; NP_472   5.9 5.7E+02  0.0063    8.7   0.0    5    1-5      22-26  (128)
 10 4WO7_A PrsA (E.C.5.2.1.8); fol   5.8 5.9E+02  0.0066   10.0   0.0    5    1-5      11-15  (263)

No 1
>6KJK_A N-terminal domain of PorA (28-171); T9SS cargo protein, SIGNALING PROTEIN; 1.3A {Porphyromonas gingivalis ATCC 33277}
Probab=10.89  E-value=2.5e+02  Score=13.41  Aligned_cols=6  Identities=83%  Similarity=1.066  Sum_probs=3.2  Template_Neff=1.600

Q LATVNV            1 LATVNV    6 (6)
Q Consensus         1 latvnv    6 (6)
                      +|+||+
T Consensus       124 latVni  129 (147)
T 6KJK_A          124 LATVNI  129 (147)
T ss_dssp             SEEEEE
T ss_pred             eEEEEE
Confidence            356653


No 2
>1PG5_B Aspartate carbamoyltransferase, Aspartate carbamoyltransferase regulatory; transferase; 2.6A {Sulfolobus acidocaldarius} SCOP: d.58.2.1, g.41.7.1
Probab=9.51  E-value=3.1e+02  Score=12.43  Aligned_cols=5  Identities=60%  Similarity=0.992  Sum_probs=0.0  Template_Neff=5.000

Q LATVNV            2 ATVNV    6 (6)
Q Consensus         2 atvnv    6 (6)
                      ||||+
T Consensus        89 aTiNi   93 (168)
T 1PG5_B           89 ATINI   93 (168)
T ss_dssp             CEEEE
T ss_pred             CEEEE


No 3
>5UNI_A NAD(P) transhydrogenase subunit alpha 2; Transmembrane, proton channel, high resolution; HET: 1PE, OLC, PEG, BEN; 2.2A {Thermus thermophilus}
Probab=8.16  E-value=3.8e+02  Score=11.17  Aligned_cols=6  Identities=33%  Similarity=0.506  Sum_probs=0.0  Template_Neff=4.900

Q LATVNV            1 LATVNV    6 (6)
Q Consensus         1 latvnv    6 (6)
                      ++++|+
T Consensus        71 lasini   76 (94)
T 5UNI_A           71 LGAANA   76 (94)
T ss_dssp             HHHHHH
T ss_pred             HHHhHH


No 4
>5HTF_A PrsA1; PrsA, PPIase, post-translocation chaperone, secretion; HET: MPD; 2.1A {Listeria monocytogenes}
Probab=6.59  E-value=5e+02  Score=10.58  Aligned_cols=5  Identities=0%  Similarity=0.222  Sum_probs=0.0  Template_Neff=9.800

Q LATVNV            1 LATVN    5 (6)
Q Consensus         1 latvn    5 (6)
                      +|+||
T Consensus         8 va~Vn   12 (283)
T 5HTF_A            8 VIKTD   12 (283)
T ss_dssp             EEEET
T ss_pred             eEEEC


No 5
>4WO7_B PrsA (E.C.5.2.1.8); foldase, prolyl isomerase, protein secretion; HET: MSE; 2.63A {Bacillus subtilis}
Probab=6.53  E-value=5.1e+02  Score=10.29  Aligned_cols=5  Identities=20%  Similarity=0.501  Sum_probs=0.0  Template_Neff=10.100

Q LATVNV            1 LATVN    5 (6)
Q Consensus         1 latvn    5 (6)
                      +|+||
T Consensus        11 va~V~   15 (263)
T 4WO7_B           11 IAKTD   15 (263)
T ss_dssp             EEECT
T ss_pred             EEEEC


No 6
>4OBM_A Uncharacterized protein; PF03816 family, LytR_cpsA_psr, Structural Genomics; HET: 1PE, PG4; 2.15A {Eubacterium siraeum}
Probab=6.41  E-value=5.2e+02  Score=11.03  Aligned_cols=5  Identities=100%  Similarity=1.032  Sum_probs=0.0  Template_Neff=8.400

Q LATVNV            2 ATVNV    6 (6)
Q Consensus         2 atvnv    6 (6)
                      ||||+
T Consensus         4 ~~~~~    8 (259)
T 4OBM_A            4 ATVNV    8 (259)
T ss_dssp             CCCCC
T ss_pred             ceecc


No 7
>6EHL_A Nucleoprotein; nucleocapsid, VIRUS LIKE PARTICLE; 6.6A {Zaire ebolavirus (strain Mayinga-76)}
Probab=5.97  E-value=5.7e+02  Score=15.01  Aligned_cols=6  Identities=83%  Similarity=0.883  Sum_probs=0.0  Template_Neff=2.400

Q LATVNV            1 LATVNV    6 (6)
Q Consensus         1 latvnv    6 (6)
                      ||-|||
T Consensus       331 LAGVNV  336 (739)
T 6EHL_A          331 LAGVNV  336 (739)
T ss_pred             hcCCcH


No 8
>6EHM_B Nucleoprotein, Membrane-associated protein VP24; nucleocapsid, virus-like particle, VIRUS LIKE; 7.3A {Zaire ebolavirus (strain Mayinga-76)}
Probab=5.95  E-value=5.7e+02  Score=15.00  Aligned_cols=6  Identities=83%  Similarity=0.883  Sum_probs=0.0  Template_Neff=2.400

Q LATVNV            1 LATVNV    6 (6)
Q Consensus         1 latvnv    6 (6)
                      ||-|||
T Consensus       331 LAGVNV  336 (739)
T 6EHM_B          331 LAGVNV  336 (739)
T ss_pred             hcCCcH


No 9
>3DB0_A Lin2891 protein; NP_472219.1, Putative Pyridoxamine 5'-phosphate oxidase; HET: MSE; 2.0A {Listeria innocua}
Probab=5.93  E-value=5.7e+02  Score=8.70  Aligned_cols=5  Identities=40%  Similarity=0.680  Sum_probs=0.0  Template_Neff=10.600

Q LATVNV            1 LATVN    5 (6)
Q Consensus         1 latvn    5 (6)
                      |||++
T Consensus        22 LaT~~   26 (128)
T 3DB0_A           22 LTSVQ   26 (128)
T ss_dssp             EEEEE
T ss_pred             EEEEe


No 10
>4WO7_A PrsA (E.C.5.2.1.8); foldase, prolyl isomerase, protein secretion; HET: MSE; 2.63A {Bacillus subtilis}
Probab=5.78  E-value=5.9e+02  Score=10.02  Aligned_cols=5  Identities=20%  Similarity=0.501  Sum_probs=0.0  Template_Neff=10.300

Q LATVNV            1 LATVN    5 (6)
Q Consensus         1 latvn    5 (6)
                      +|+||
T Consensus        11 va~V~   15 (263)
T 4WO7_A           11 IAKTD   15 (263)
T ss_pred             eEEEC


