Query         EEKSEL
Match_columns 6
No_of_seqs    1 out of 1
Neff          1
Searched_HMMs 90378
Date          Sun Dec 19 18:51:18 2021
Command       /media/stefano/DISCO1/FOLDEN/hh-suite/build/bin/hhsearch -i /media/stefano/DISCO1/FOLDEN/trRosetta2/example/EEKSEL/protein.hhm -d /media/stefano/DISCO1/FOLDEN/trRosettaX/pdb70/pdb70 -o /media/stefano/DISCO1/FOLDEN/trRosetta2/example/EEKSEL/protein.out -cpu 32 

 No Hit                             Prob E-value P-value  Score    SS Cols Query HMM  Template HMM
  1 5UR5_A Abscisic acid receptor    7.0 4.6E+02  0.0051    9.6   0.0    6    1-6       8-13  (181)
  2 6TJ4_A Uncharacterized protein   7.0 4.6E+02  0.0051   11.4   0.0    6    1-6      43-48  (75)
  3 1Y02_A FYVE-RING finger protei   6.0 5.7E+02  0.0063    9.3   0.0    6    1-6      99-104 (120)
  4 1HE7_A HIGH AFFINITY NERVE GRO   5.8 5.9E+02  0.0065    7.7   0.0    5    1-5     122-126 (126)
  5 2I75_A Tyrosine-protein phosph   5.8   6E+02  0.0066   10.7   0.0    5    1-5       3-7   (320)
  6 1JDH_B BETA-CATENIN, hTcf-4; B   5.6 6.2E+02  0.0068    9.4   0.0    6    1-6      32-37  (38)
  7 2J7A_C CYTOCHROME C NITRITE RE   4.7 7.6E+02  0.0085    9.6   0.0    6    1-6       3-8   (159)
  8 6TLB_B Serine/threonine protei   4.7 7.8E+02  0.0086   12.3   0.0    6    1-6      80-85  (196)
  9 1VBF_B 231aa long hypothetical   4.5 8.2E+02   0.009    9.1   0.0    6    1-6       2-7   (231)
 10 3EXA_C tRNA delta(2)-isopenten   4.4 8.5E+02  0.0094   10.8   0.0    6    1-6     310-315 (322)

No 1
>5UR5_A Abscisic acid receptor PYR1; PYR/PYL/RCAR, PYR1, agonist, HORMONE RECEPTOR; HET: 8KP, SO4, GOL; 1.93A {Arabidopsis thaliana}
Probab=7.03  E-value=4.6e+02  Score=9.62  Aligned_cols=6  Identities=83%  Similarity=1.093  Sum_probs=0.0  Template_Neff=10.400

Q EEKSEL            1 EEKSEL    6 (6)
Q Consensus         1 eeksel    6 (6)
                      +|.++|
T Consensus         8 ~~~~~~   13 (181)
T 5UR5_A            8 EERSEL   13 (181)
T ss_dssp             HHHHHH
T ss_pred             HHHHHH


No 2
>6TJ4_A Uncharacterized protein; motility, glideosome, myosin, essential light; 1.5A {Plasmodium falciparum 3D7}
Probab=7.02  E-value=4.6e+02  Score=11.44  Aligned_cols=6  Identities=50%  Similarity=0.811  Sum_probs=0.0  Template_Neff=1.500

Q EEKSEL            1 EEKSEL    6 (6)
Q Consensus         1 eeksel    6 (6)
                      +||.+|
T Consensus        43 eEK~~L   48 (75)
T 6TJ4_A           43 DEKAAL   48 (75)
T ss_dssp             HHHHHS
T ss_pred             hHhccC


No 3
>1Y02_A FYVE-RING finger protein SAKURA; CARP2, FYVE, zinc-binding module, phosphoinositide; 1.8A {Homo sapiens} SCOP: g.50.1.1, a.140.2.1
Probab=5.97  E-value=5.7e+02  Score=9.34  Aligned_cols=6  Identities=67%  Similarity=0.833  Sum_probs=0.0  Template_Neff=9.000

Q EEKSEL            1 EEKSEL    6 (6)
Q Consensus         1 eeksel    6 (6)
                      .||++|
T Consensus        99 ~ek~el  104 (120)
T 1Y02_A           99 REKEEL  104 (120)
T ss_dssp             CSHHHH
T ss_pred             cCHHHH


No 4
>1HE7_A HIGH AFFINITY NERVE GROWTH FACTOR; TRANSFERASE, TRK-RECEPTOR, STRAND-SWAPPING, NERVE GROWTH; 2.0A {HOMO SAPIENS} SCOP: b.1.1.4
Probab=5.79  E-value=5.9e+02  Score=7.73  Aligned_cols=5  Identities=60%  Similarity=0.807  Sum_probs=0.0  Template_Neff=12.500

Q EEKSEL            1 EEKSE    5 (6)
Q Consensus         1 eekse    5 (6)
                      |+|.+
T Consensus       122 ~~~~~  126 (126)
T 1HE7_A          122 EKKDE  126 (126)
T ss_dssp             -----
T ss_pred             ccccC


No 5
>2I75_A Tyrosine-protein phosphatase non-receptor type 4; PTPN4, PTP, tyrosine phosphatase, MEG-1; HET: SO4; 2.45A {Homo sapiens}
Probab=5.75  E-value=6e+02  Score=10.71  Aligned_cols=5  Identities=80%  Similarity=0.793  Sum_probs=0.0  Template_Neff=9.500

Q EEKSEL            1 EEKSE    5 (6)
Q Consensus         1 eekse    5 (6)
                      |||+|
T Consensus         3 ~~~~~    7 (320)
T 2I75_A            3 EEKLE    7 (320)
T ss_dssp             -----
T ss_pred             chhhc


No 6
>1JDH_B BETA-CATENIN, hTcf-4; BETA-CATENIN, TCF4, PROTEIN-PROTEIN COMPLEX, TRANSCRIPTION; 1.9A {Homo sapiens} SCOP: j.71.1.1
Probab=5.61  E-value=6.2e+02  Score=9.44  Aligned_cols=6  Identities=50%  Similarity=0.578  Sum_probs=0.0  Template_Neff=3.600

Q EEKSEL            1 EEKSEL    6 (6)
Q Consensus         1 eeksel    6 (6)
                      +.||.|
T Consensus        32 e~KssL   37 (38)
T 1JDH_B           32 DVKSSL   37 (38)
T ss_dssp             HHHHHH
T ss_pred             Hhhhhc


No 7
>2J7A_C CYTOCHROME C NITRITE REDUCTASE NRFA; QUINOL DEHYDROGENASE, CYTOCHROME C NITRITE; HET: LMT, CA, ACT, HEC; 2.3A {DESULFOVIBRIO VULGARIS}
Probab=4.73  E-value=7.6e+02  Score=9.61  Aligned_cols=6  Identities=67%  Similarity=0.556  Sum_probs=0.0  Template_Neff=8.700

Q EEKSEL            1 EEKSEL    6 (6)
Q Consensus         1 eeksel    6 (6)
                      ||||..
T Consensus         3 ~~~~~~    8 (159)
T 2J7A_C            3 EEKSRN    8 (159)
T ss_dssp             ------
T ss_pred             hhhhcc


No 8
>6TLB_B Serine/threonine protein kinase; Lipocalin, Malaria, Infection, UNKNOWN FUNCTION; HET: GOL; 2.85A {Plasmodium falciparum (isolate 3D7)}
Probab=4.66  E-value=7.8e+02  Score=12.34  Aligned_cols=6  Identities=67%  Similarity=0.922  Sum_probs=0.0  Template_Neff=1.200

Q EEKSEL            1 EEKSEL    6 (6)
Q Consensus         1 eeksel    6 (6)
                      |.|||+
T Consensus        80 ekksem   85 (196)
T 6TLB_B           80 EKKSEM   85 (196)
T ss_dssp             EEEEEE
T ss_pred             ccccee


No 9
>1VBF_B 231aa long hypothetical protein-L-isoaspartate O-methyltransferase; trimeric coiled coil assembly, inter-subunit; 2.8A {Sulfolobus tokodaii} SCOP: c.66.1.7
Probab=4.50  E-value=8.2e+02  Score=9.11  Aligned_cols=6  Identities=50%  Similarity=0.756  Sum_probs=0.0  Template_Neff=11.000

Q EEKSEL            1 EEKSEL    6 (6)
Q Consensus         1 eeksel    6 (6)
                      +|+.||
T Consensus         2 ~~~~~~    7 (231)
T 1VBF_B            2 SEKEEI    7 (231)
T ss_dssp             CSHHHH
T ss_pred             chhHHH


No 10
>3EXA_C tRNA delta(2)-isopentenylpyrophosphate transferase (E.C.2.5.1.8); alpha-beta protein, Structural Genomics, PSI-2; HET: MSE; 2.3A {Bacillus halodurans}
Probab=4.37  E-value=8.5e+02  Score=10.75  Aligned_cols=6  Identities=83%  Similarity=0.988  Sum_probs=0.0  Template_Neff=8.500

Q EEKSEL            1 EEKSEL    6 (6)
Q Consensus         1 eeksel    6 (6)
                      +|||.|
T Consensus       310 ~~~~~~  315 (322)
T 3EXA_C          310 EEKSKL  315 (322)
T ss_dssp             HHHHHH
T ss_pred             chhhcc


