Query         NAQAQP
Match_columns 6
No_of_seqs    1 out of 1
Neff          1
Searched_HMMs 90378
Date          Mon Dec 20 22:59:26 2021
Command       /media/stefano/DISCO1/FOLDEN/hh-suite/build/bin/hhsearch -i /media/stefano/DISCO1/FOLDEN/trRosetta2/example/NAQAQP/protein.hhm -d /media/stefano/DISCO1/FOLDEN/trRosettaX/pdb70/pdb70 -o /media/stefano/DISCO1/FOLDEN/trRosetta2/example/NAQAQP/protein.out -cpu 32 

 No Hit                             Prob E-value P-value  Score    SS Cols Query HMM  Template HMM
  1 5V7I_A Serine hydroxymethyltra   8.1 3.8E+02  0.0042   11.3   0.0    5    2-6       4-8   (476)
  2 3LAO_C enoyl-CoA hydratase/iso   7.8   4E+02  0.0045   10.7   0.0    6    1-6       2-7   (258)
  3 4NV7_A Arylamine N-acetyltrans   6.6   5E+02  0.0055   11.8   0.0    6    1-6      24-29  (312)
  4 4NV8_A Arylamine N-acetyltrans   6.6   5E+02  0.0055   11.8   0.0    6    1-6      24-29  (312)
  5 4NV8_B Arylamine N-acetyltrans   6.6   5E+02  0.0055   11.8   0.0    6    1-6      24-29  (312)
  6 6TJV_P NAD(P)H-quinone oxidore   6.2 5.5E+02   0.006   14.1   0.0    5    1-5     301-305 (437)
  7 6EUS_B DcaP; outer membrane pr   5.6 6.1E+02  0.0068   10.6   0.0    5    2-6      23-27  (380)
  8 4V1T_C LYND, PATE; HYDROLASE,    5.5 6.3E+02   0.007   10.7   0.0    4    3-6      10-13  (64)
  9 6TT7_K ATP synthase F(0) compl   5.5 6.3E+02   0.007   11.3   0.0    5    2-6     250-254 (256)
 10 6ZA9_K ATP synthase F(0) compl   5.5 6.3E+02   0.007   11.3   0.0    5    2-6     250-254 (256)

No 1
>5V7I_A Serine hydroxymethyltransferase, mitochondrial (E.C.2.1.2.1); SHMT2, serine catabolism, antifolate, Transferase-Transferase; HET: GOL, LLP, 8Z1, PEG; 2.47A {Homo sapiens}
Probab=8.09  E-value=3.8e+02  Score=11.31  Aligned_cols=5  Identities=60%  Similarity=0.567  Sum_probs=0.0  Template_Neff=10.800

Q NAQAQP            2 AQAQP    6 (6)
Q Consensus         2 aqaqp    6 (6)
                      ||+||
T Consensus         4 ~~~~~    8 (476)
T 5V7I_A            4 AQTQT    8 (476)
T ss_dssp             -----
T ss_pred             hhHhH


No 2
>3LAO_C enoyl-CoA hydratase/isomerase; alpha-beta sandwich, Structural Genomics, PSI-2; HET: GOL, MSE; 2.4A {Pseudomonas aeruginosa}
Probab=7.78  E-value=4e+02  Score=10.72  Aligned_cols=6  Identities=33%  Similarity=0.462  Sum_probs=0.0  Template_Neff=9.700

Q NAQAQP            1 NAQAQP    6 (6)
Q Consensus         1 naqaqp    6 (6)
                      |+|.+|
T Consensus         2 ~~~~~~    7 (258)
T 3LAO_C            2 NAMSEA    7 (258)
T ss_dssp             ----CC
T ss_pred             Cccccc


No 3
>4NV7_A Arylamine N-acetyltransferase (E.C.2.3.1.5); Transferase, Acetyltransferase; HET: COA; 2.02A {Mesorhizobium loti}
Probab=6.59  E-value=5e+02  Score=11.76  Aligned_cols=6  Identities=33%  Similarity=0.357  Sum_probs=0.0  Template_Neff=7.600

Q NAQAQP            1 NAQAQP    6 (6)
Q Consensus         1 naqaqp    6 (6)
                      |+++|+
T Consensus        24 ~~~~~~   29 (312)
T 4NV7_A           24 NTGGQQ   29 (312)
T ss_dssp             ------
T ss_pred             cCCCcc


No 4
>4NV8_A Arylamine N-acetyltransferase (E.C.2.3.1.5); NAT, Arylamine N-acetyltransferase, acetyltransferase, transferase; 1.84A {Mesorhizobium loti}
Probab=6.59  E-value=5e+02  Score=11.76  Aligned_cols=6  Identities=33%  Similarity=0.357  Sum_probs=0.0  Template_Neff=7.600

Q NAQAQP            1 NAQAQP    6 (6)
Q Consensus         1 naqaqp    6 (6)
                      |+++|+
T Consensus        24 ~~~~~~   29 (312)
T 4NV8_A           24 NTGGQQ   29 (312)
T ss_dssp             ------
T ss_pred             cCCCcc


No 5
>4NV8_B Arylamine N-acetyltransferase (E.C.2.3.1.5); NAT, Arylamine N-acetyltransferase, acetyltransferase, transferase; 1.84A {Mesorhizobium loti}
Probab=6.59  E-value=5e+02  Score=11.76  Aligned_cols=6  Identities=33%  Similarity=0.357  Sum_probs=0.0  Template_Neff=7.600

Q NAQAQP            1 NAQAQP    6 (6)
Q Consensus         1 naqaqp    6 (6)
                      |+++|+
T Consensus        24 ~~~~~~   29 (312)
T 4NV8_B           24 NTGGQQ   29 (312)
T ss_dssp             ------
T ss_pred             cCCCcc


No 6
>6TJV_P NAD(P)H-quinone oxidoreductase subunit 1 (E.C.7.1.1.-); carbon concentrating photosynthetic complex I; HET: BCR, CLA, DGD, SF4, SQD, PGT;{Thermosynechococcus elongatus (strain BP-1)}
Probab=6.16  E-value=5.5e+02  Score=14.14  Aligned_cols=5  Identities=80%  Similarity=0.800  Sum_probs=0.0  Template_Neff=2.500

Q NAQAQP            1 NAQAQ    5 (6)
Q Consensus         1 naqaq    5 (6)
                      ||||+
T Consensus       301 NAQA~  305 (437)
T 6TJV_P          301 NAQAN  305 (437)
T ss_dssp             CTTTT
T ss_pred             ccccc


No 7
>6EUS_B DcaP; outer membrane protein, Acinetobacter baumannii; HET: MSE; 2.2A {Acinetobacter baumannii}
Probab=5.65  E-value=6.1e+02  Score=10.60  Aligned_cols=5  Identities=80%  Similarity=1.046  Sum_probs=0.0  Template_Neff=10.300

Q NAQAQP            2 AQAQP    6 (6)
Q Consensus         2 aqaqp    6 (6)
                      ||++|
T Consensus        23 ~~~~~   27 (380)
T 6EUS_B           23 AQPQP   27 (380)
T ss_dssp             -----
T ss_pred             cCCCC


No 8
>4V1T_C LYND, PATE; HYDROLASE, CYANOBACTINS; HET: ADP, PO4; 2.14A {LYNGBYA AESTUARII}
Probab=5.49  E-value=6.3e+02  Score=10.69  Aligned_cols=4  Identities=75%  Similarity=1.124  Sum_probs=0.0  Template_Neff=2.200

Q NAQAQP            3 QAQP    6 (6)
Q Consensus         3 qaqp    6 (6)
                      |+||
T Consensus        10 qaqP   13 (64)
T 4V1T_C           10 QGQP   13 (64)
T ss_pred             CCCC


No 9
>6TT7_K ATP synthase F(0) complex subunit; ATP synthase, mitochondrial, respiratory chain; HET: S12, P5S, ADP;{Ovis aries}
Probab=5.48  E-value=6.3e+02  Score=11.30  Aligned_cols=5  Identities=100%  Similarity=1.185  Sum_probs=0.0  Template_Neff=7.200

Q NAQAQP            2 AQAQP    6 (6)
Q Consensus         2 aqaqp    6 (6)
                      ++|+|
T Consensus       250 ~~~~~  254 (256)
T 6TT7_K          250 AQAQP  254 (256)
T ss_pred             hcCCC


No 10
>6ZA9_K ATP synthase F(0) complex subunit; ATP synthase, mitochondrial, respiratory chain; HET: S12; 3.76A {Ovis aries}
Probab=5.48  E-value=6.3e+02  Score=11.30  Aligned_cols=5  Identities=100%  Similarity=1.185  Sum_probs=0.0  Template_Neff=7.200

Q NAQAQP            2 AQAQP    6 (6)
Q Consensus         2 aqaqp    6 (6)
                      ++|+|
T Consensus       250 ~~~~~  254 (256)
T 6ZA9_K          250 AQAQP  254 (256)
T ss_pred             hcCCC


