Query         NVNFSN
Match_columns 6
No_of_seqs    1 out of 1
Neff          1
Searched_HMMs 90378
Date          Tue Dec 21 04:52:48 2021
Command       /media/stefano/DISCO1/FOLDEN/hh-suite/build/bin/hhsearch -i /media/stefano/DISCO1/FOLDEN/trRosetta2/example/NVNFSN/protein.hhm -d /media/stefano/DISCO1/FOLDEN/trRosettaX/pdb70/pdb70 -o /media/stefano/DISCO1/FOLDEN/trRosetta2/example/NVNFSN/protein.out -cpu 32 

 No Hit                             Prob E-value P-value  Score    SS Cols Query HMM  Template HMM
  1 2KX7_A Sensor-like histidine k  25.3      69 0.00076   14.2   0.0    6    1-6      82-87  (117)
  2 2GC7_D Methylamine dehydrogena  15.6 1.5E+02  0.0017   11.2   0.0    6    1-6       1-6   (147)
  3 6H58_yy 50S ribosomal protein   15.2 1.6E+02  0.0017   13.1   0.0    6    1-6     539-544 (557)
  4 4ZG5_D 5'-nucleotidase SurE (E  14.6 1.7E+02  0.0018   13.1   0.0    6    1-6     164-169 (263)
  5 5KSR_B 5'-nucleotidase SurE (E  14.0 1.8E+02   0.002   13.0   0.0    6    1-6     164-169 (270)
  6 4ZG5_C 5'-nucleotidase SurE (E  13.6 1.9E+02   0.002   12.9   0.0    6    1-6     164-169 (263)
  7 5KSR_D 5'-nucleotidase SurE (E  13.0   2E+02  0.0022   12.8   0.0    4    1-4     164-167 (270)
  8 4XEP_A 5'/3'-nucleotidase SurE  12.4 2.1E+02  0.0023   13.0   0.0    6    1-6     171-176 (267)
  9 5TX1_3 Hexon protein, Penton,   12.2 2.2E+02  0.0024   10.7   0.0    5    1-5       1-5   (31)
 10 5TX1_8 Hexon protein, Penton,   12.2 2.2E+02  0.0024   10.7   0.0    5    1-5       1-5   (31)

No 1
>2KX7_A Sensor-like histidine kinase yojN (E.C.2.7.13.3); alpha-beta-loop (ABL) domain, phosphotransfer, rcs; NMR {Escherichia coli}
Probab=25.28  E-value=69  Score=14.15  Aligned_cols=6  Identities=67%  Similarity=0.850  Sum_probs=3.0  Template_Neff=3.800

Q NVNFSN            1 NVNFSN    6 (6)
Q Consensus         1 nvnfsn    6 (6)
                      |.|||+
T Consensus        82 NyN~s~   87 (117)
T 2KX7_A           82 NFNMSN   87 (117)
T ss_dssp             CSSCHH
T ss_pred             EeeccH
Confidence            445553


No 2
>2GC7_D Methylamine dehydrogenase heavy chain (E.C.1.4.99.3); Electron transfer, Methylamine dehydrogenase, Cytochrome; HET: TRQ, HEC; 1.9A {Paracoccus denitrificans} SCOP: a.3.1.1
Probab=15.61  E-value=1.5e+02  Score=11.15  Aligned_cols=6  Identities=33%  Similarity=0.368  Sum_probs=0.0  Template_Neff=9.100

Q NVNFSN            1 NVNFSN    6 (6)
Q Consensus         1 nvnfsn    6 (6)
                      .+||.|
T Consensus         1 ~~~~~~    6 (147)
T 2GC7_D            1 APQFFN    6 (147)
T ss_dssp             CCCCBC
T ss_pred             CCceee


No 3
>6H58_yy 50S ribosomal protein L32, 50S; 100S, cryo-EM, E-site tRNA, hibernation; 7.9A {Escherichia coli BW25113}
Probab=15.21  E-value=1.6e+02  Score=13.08  Aligned_cols=6  Identities=67%  Similarity=1.060  Sum_probs=0.0  Template_Neff=10.000

Q NVNFSN            1 NVNFSN    6 (6)
Q Consensus         1 nvnfsn    6 (6)
                      .+||||
T Consensus       539 ~~~~~~  544 (557)
T 6H58_yy         539 DANFSN  544 (557)
T ss_pred             Ccchhh


No 4
>4ZG5_D 5'-nucleotidase SurE (E.C.3.1.3.5 ); Hydrolase; 1.9A {Brucella abortus S19}
Probab=14.62  E-value=1.7e+02  Score=13.09  Aligned_cols=6  Identities=67%  Similarity=1.143  Sum_probs=0.0  Template_Neff=7.100

Q NVNFSN            1 NVNFSN    6 (6)
Q Consensus         1 nvnfsn    6 (6)
                      ||||.+
T Consensus       164 NVN~P~  169 (263)
T 4ZG5_D          164 NLNFPN  169 (263)
T ss_dssp             EEEECS
T ss_pred             EEecCC


No 5
>5KSR_B 5'-nucleotidase SurE (E.C.3.1.3.5); Stationary phase survival protein E; 1.96A {Xylella fastidiosa (strain 9a5c)}
Probab=14.02  E-value=1.8e+02  Score=13.02  Aligned_cols=6  Identities=50%  Similarity=0.761  Sum_probs=0.0  Template_Neff=7.200

Q NVNFSN            1 NVNFSN    6 (6)
Q Consensus         1 nvnfsn    6 (6)
                      ||||.+
T Consensus       164 NVN~P~  169 (270)
T 5KSR_B          164 NVNVPD  169 (270)
T ss_dssp             EEEEES
T ss_pred             EEecCC


No 6
>4ZG5_C 5'-nucleotidase SurE (E.C.3.1.3.5 ); Hydrolase; 1.9A {Brucella abortus S19}
Probab=13.61  E-value=1.9e+02  Score=12.91  Aligned_cols=6  Identities=67%  Similarity=1.143  Sum_probs=0.0  Template_Neff=7.200

Q NVNFSN            1 NVNFSN    6 (6)
Q Consensus         1 nvnfsn    6 (6)
                      ||||.+
T Consensus       164 NVN~P~  169 (263)
T 4ZG5_C          164 NLNFPN  169 (263)
T ss_dssp             EEEECS
T ss_pred             EEecCC


No 7
>5KSR_D 5'-nucleotidase SurE (E.C.3.1.3.5); Stationary phase survival protein E; 1.96A {Xylella fastidiosa (strain 9a5c)}
Probab=13.03  E-value=2e+02  Score=12.83  Aligned_cols=4  Identities=75%  Similarity=0.924  Sum_probs=0.0  Template_Neff=7.300

Q NVNFSN            1 NVNF    4 (6)
Q Consensus         1 nvnf    4 (6)
                      ||||
T Consensus       164 NVN~  167 (270)
T 5KSR_D          164 NVNV  167 (270)
T ss_dssp             EEEE
T ss_pred             EEec


No 8
>4XEP_A 5'/3'-nucleotidase SurE; Stationary phase survival protein, Domain; HET: EDO; 1.5A {Salmonella typhimurium LT2}
Probab=12.39  E-value=2.1e+02  Score=12.95  Aligned_cols=6  Identities=50%  Similarity=0.761  Sum_probs=0.0  Template_Neff=6.800

Q NVNFSN            1 NVNFSN    6 (6)
Q Consensus         1 nvnfsn    6 (6)
                      ||||..
T Consensus       171 NVN~P~  176 (267)
T 4XEP_A          171 NVNVPD  176 (267)
T ss_dssp             EEEECS
T ss_pred             EEecCC


No 9
>5TX1_3 Hexon protein, Penton, Fiber, PIIIa; human adenovirus 26, hexon, penton; 3.7A {Human adenovirus 26}
Probab=12.23  E-value=2.2e+02  Score=10.67  Aligned_cols=5  Identities=40%  Similarity=1.145  Sum_probs=0.0  Template_Neff=2.100

Q NVNFSN            1 NVNFS    5 (6)
Q Consensus         1 nvnfs    5 (6)
                      .+|||
T Consensus         1 ~~nFs    5 (31)
T 5TX1_3            1 DINFA    5 (31)
T ss_pred             CCCHh


No 10
>5TX1_8 Hexon protein, Penton, Fiber, PIIIa; human adenovirus 26, hexon, penton; 3.7A {Human adenovirus 26}
Probab=12.23  E-value=2.2e+02  Score=10.67  Aligned_cols=5  Identities=40%  Similarity=1.145  Sum_probs=0.0  Template_Neff=2.100

Q NVNFSN            1 NVNFS    5 (6)
Q Consensus         1 nvnfs    5 (6)
                      .+|||
T Consensus         1 ~~nFs    5 (31)
T 5TX1_8            1 DINFA    5 (31)
T ss_pred             CCCHh


