Query         HGGGNG
Match_columns 6
No_of_seqs    1 out of 1
Neff          1
Searched_HMMs 90378
Date          Mon Dec 20 06:15:29 2021
Command       /media/stefano/DISCO1/FOLDEN/hh-suite/build/bin/hhsearch -i /media/stefano/DISCO1/FOLDEN/trRosetta2/example/HGGGNG/protein.hhm -d /media/stefano/DISCO1/FOLDEN/trRosettaX/pdb70/pdb70 -o /media/stefano/DISCO1/FOLDEN/trRosetta2/example/HGGGNG/protein.out -cpu 32 

 No Hit                             Prob E-value P-value  Score    SS Cols Query HMM  Template HMM
  1 1TD6_A Hypothetical protein MG  69.0       4 4.4E-05   18.4   0.0    6    1-6       7-12  (306)
  2 5J8A_CC 30S ribosomal protein   60.3     7.7 8.5E-05   17.6   0.0    6    1-6     231-236 (272)
  3 3J5L_C 50S ribosomal protein L  59.6     8.1 8.9E-05   17.5   0.0    6    1-6     231-236 (271)
  4 4V4W_BA Ribosome; SecM  nascen  59.6     8.1 8.9E-05   16.9   0.0    6    1-6     194-199 (227)
  5 4WZD_11 30S ribosomal protein   59.0     8.4 9.3E-05   17.5   0.0    6    1-6     233-238 (276)
  6 4Y4O_1D 50S Ribosomal Protein   59.0     8.4 9.3E-05   17.5   0.0    6    1-6     233-238 (276)
  7 7O7Y_BA 40S ribosomal protein   57.2     9.4  0.0001   17.3   0.0    6    1-6     211-216 (257)
  8 3JBP_AD PROTEIN/RNA Complex; R  57.2     9.5  0.0001   17.0   0.0    6    1-6     210-215 (247)
  9 7JIL_B Unknown protein fragmen  56.6     9.8 0.00011   17.3   0.0    6    1-6     232-237 (274)
 10 4V4N_AB Preprotein translocase  56.0      10 0.00011   16.8   0.0    6    1-6     204-209 (239)
 11 3J6B_B PROTEIN/RNA Complex; mi  55.5      11 0.00012   18.7   0.0    6    1-6     345-350 (393)
 12 6TH6_BC 30S ribosomal protein   55.4      11 0.00012   16.8   0.0    6    1-6     204-209 (239)
 13 6XYW_Ab 60S ribosomal protein   55.3      11 0.00012   17.4   0.0    6    1-6     166-171 (214)
 14 5MMI_C 50S ribosomal protein L  55.0      11 0.00012   17.0   0.0    6    1-6     228-233 (272)
 15 6O8W_C 70S ribosome; 70S, ribo  54.8      11 0.00012   17.1   0.0    6    1-6     231-236 (275)
 16 5HL7_A 50S ribosomal protein L  54.6      11 0.00012   17.2   0.0    6    1-6     232-237 (277)
 17 3J79_D PROTEIN/RNA Complex; em  53.9      12 0.00013   17.0   0.0    6    1-6     211-216 (260)
 18 4V4G_FD Ribosome; 30S RIBOSOMA  53.3      12 0.00013   16.9   0.0    6    1-6     230-235 (270)
 19 4V8P_EA Ribosome; RIBOSOME, EU  53.2      12 0.00013   17.0   0.0    6    1-6     212-217 (264)
 20 6S0Z_C 50S ribosomal protein L  52.5      13 0.00014   16.9   0.0    6    1-6     231-236 (274)
 21 6DZI_C CONSERVED PROTEIN DOMAI  52.1      13 0.00014   16.9   0.0    6    1-6     232-237 (275)
 22 5XYM_C 50S ribosomal protein L  51.5      13 0.00015   17.0   0.0    6    1-6     233-238 (278)
 23 7K00_c ribosome; antibiotics,   50.9      14 0.00016   16.8   0.0    6    1-6     232-237 (273)
 24 1VQO_A 50S RIBOSOMAL SUBUNIT;   50.8      14 0.00016   16.5   0.0    6    1-6     202-207 (240)
 25 5XY3_A Ribosomal protein L8, p  50.7      14 0.00016   16.5   0.0    6    1-6     209-214 (251)
 26 5O60_C 50S ribosomal protein b  50.0      15 0.00016   17.0   0.0    6    1-6     233-238 (278)
 27 6YWE_B 60S ribosomal protein L  49.5      15 0.00017   18.0   0.0    6    1-6     329-334 (383)
 28 6AZ3_A ribosomal protein uL2,   49.5      15 0.00017   16.6   0.0    6    1-6     210-215 (254)
 29 3G4S_A PROTEIN/RNA Complex; la  48.8      16 0.00018   16.3   0.0    6    1-6     201-206 (237)
 30 5MRC_B 54S ribosomal protein R  48.3      16 0.00018   18.1   0.0    6    1-6     345-350 (393)
 31 7AIH_BL mL94, mL89, Ribosomal   43.8      21 0.00024   17.7   0.0    6    1-6     316-321 (380)
 32 6NU2_D 39S ribosomal protein L  34.1      39 0.00043   15.1   0.0    6    1-6     218-223 (236)
 33 3V0R_A Major allergen Alt a 1;  23.3      79 0.00088   13.3   0.0    6    1-6     105-110 (133)
 34 7OF0_D 39S ribosomal protein L  22.3      86 0.00095   15.1   0.0    6    1-6     278-283 (305)

No 1
>1TD6_A Hypothetical protein MG237 homolog; ALPHA HELICAL, STRUCTURAL GENOMICS, PSI; 2.5A {Mycoplasma pneumoniae} SCOP: a.234.1.1
Probab=68.99  E-value=4  Score=18.43  Aligned_cols=6  Identities=83%  Similarity=1.819  Sum_probs=0.0  Template_Neff=6.700

Q HGGGNG            1 HGGGNG    6 (6)
Q Consensus         1 hgggng    6 (6)
                      ||||.|
T Consensus         7 ~~~~~~   12 (306)
T 1TD6_A            7 HGGGGG   12 (306)
T ss_dssp             ------
T ss_pred             cCCCcc
Confidence            566654


No 2
>5J8A_CC 30S ribosomal protein S2, 30S; ribosome, resistance, negamycin, tigecycline, tetracycline; HET: 2MA, MEQ, GUN, ACY, 5MC, 4OC, 4D4, PUT, D2T, MPD, OMC, 6MZ, OMG, PSU, T1C, SPD, MG, PG4, EDO, 3TD, MA6, H2U, PGE, OMU, 7MG, 2MG, 1MG, 1PE, PEG, UR3, 5MU; 3.1A {Escherichia coli (strain K12)}
Probab=60.29  E-value=7.7  Score=17.55  Aligned_cols=6  Identities=83%  Similarity=1.847  Sum_probs=4.0  Template_Neff=6.300

Q HGGGNG            1 HGGGNG    6 (6)
Q Consensus         1 hgggng    6 (6)
                      ||||+|
T Consensus       231 hGGG~g  236 (272)
T 5J8A_CC         231 HGGGEG  236 (272)
T ss_pred             CCCCCC
Confidence            677754


No 3
>3J5L_C 50S ribosomal protein L32, 50S; erythromycin, stalling, RIBOSOME-ANTIBIOTIC complex; HET: ERY, MA6; 6.6A {Escherichia coli}
Probab=59.59  E-value=8.1  Score=17.48  Aligned_cols=6  Identities=83%  Similarity=1.847  Sum_probs=4.0  Template_Neff=6.300

Q HGGGNG            1 HGGGNG    6 (6)
Q Consensus         1 hgggng    6 (6)
                      ||||+|
T Consensus       231 hGGG~g  236 (271)
T 3J5L_C          231 HGGGEG  236 (271)
T ss_pred             CCCCCC
Confidence            677754


No 4
>4V4W_BA Ribosome; SecM  nascent chain ; 15.0A {Escherichia coli}
Probab=59.58  E-value=8.1  Score=16.93  Aligned_cols=6  Identities=83%  Similarity=1.847  Sum_probs=3.9  Template_Neff=6.600

Q HGGGNG            1 HGGGNG    6 (6)
Q Consensus         1 hgggng    6 (6)
                      ||||+|
T Consensus       194 hGGg~g  199 (227)
T 4V4W_BA         194 HGGGEG  199 (227)
T ss_pred             CCCCCC
Confidence            677654


No 5
>4WZD_11 30S ribosomal protein S2, 30S; ribosome, translation, mismatch; HET: PSU, MG, QUO, MIA, 5MU, OMG, 4SU; 3.1A {Thermus thermophilus HB8}
Probab=59.02  E-value=8.4  Score=17.47  Aligned_cols=6  Identities=83%  Similarity=1.847  Sum_probs=3.9  Template_Neff=6.300

Q HGGGNG            1 HGGGNG    6 (6)
Q Consensus         1 hgggng    6 (6)
                      ||||+|
T Consensus       233 hGGG~g  238 (276)
T 4WZD_11         233 HGGGEG  238 (276)
T ss_pred             CCCCCC
Confidence            677754


No 6
>4Y4O_1D 50S Ribosomal Protein L2, 50S; Ribosome, rRNA modofications, pseudouridine, rRNA; HET: 7MG, 2MG, SF4, MPD, 2MA, OMG, PSU, 0TD, 5MC, 4OC, 2MU, MG, ARG, MA6, ZN, UR3, M2G, 5MU; 2.3A {Thermus thermophilus HB8}
Probab=59.02  E-value=8.4  Score=17.47  Aligned_cols=6  Identities=83%  Similarity=1.847  Sum_probs=3.9  Template_Neff=6.300

Q HGGGNG            1 HGGGNG    6 (6)
Q Consensus         1 hgggng    6 (6)
                      ||||+|
T Consensus       233 hGGG~g  238 (276)
T 4Y4O_1D         233 HGGGEG  238 (276)
T ss_pred             CCCCCC
Confidence            677754


No 7
>7O7Y_BA 40S ribosomal protein S27, Ribosomal; Frameshift, virus, pseudoknot, RIBOSOME; HET: GTP, HIC, 5MC, UNX, A2M, 5MU, M2G, 7MG, 1MA, SAC, OMU, PSU, MG, OMG, V5N, YYG, 2MG, UY1, 6MZ, H2U, OMC, SPD, B8N, NMM, MA6, UR3, 4AC, MLZ, M3L, AME, SPM; 2.2A {Oryctolagus cuniculus}
Probab=57.20  E-value=9.4  Score=17.27  Aligned_cols=6  Identities=67%  Similarity=1.303  Sum_probs=3.9  Template_Neff=6.100

Q HGGGNG            1 HGGGNG    6 (6)
Q Consensus         1 hgggng    6 (6)
                      ||||+|
T Consensus       211 hGGg~g  216 (257)
T 7O7Y_BA         211 FGGGNX  216 (257)
T ss_pred             CCCCCC
Confidence            677654


No 8
>3JBP_AD PROTEIN/RNA Complex; RIBOSOME; 6.7A {Plasmodium falciparum 3D7}
Probab=57.16  E-value=9.5  Score=17.02  Aligned_cols=6  Identities=83%  Similarity=1.564  Sum_probs=3.9  Template_Neff=6.400

Q HGGGNG            1 HGGGNG    6 (6)
Q Consensus         1 hgggng    6 (6)
                      ||||++
T Consensus       210 hGGg~~  215 (247)
T 3JBP_AD         210 HGGGNH  215 (247)
T ss_pred             CCCCCC
Confidence            677653


No 9
>7JIL_B Unknown protein fragment, Uncharacterized protein; Translation Initiation, Protein synthesis, bS21; HET: MG; 2.8A {Flavobacterium johnsoniae}
Probab=56.63  E-value=9.8  Score=17.31  Aligned_cols=6  Identities=67%  Similarity=1.442  Sum_probs=3.9  Template_Neff=6.200

Q HGGGNG            1 HGGGNG    6 (6)
Q Consensus         1 hgggng    6 (6)
                      ||||+|
T Consensus       232 hGGg~g  237 (274)
T 7JIL_B          232 MGGGEG  237 (274)
T ss_pred             CCCCCC
Confidence            677654


No 10
>4V4N_AB Preprotein translocase subunit SecE, Preprotein; archaea, archaeal, ribosomal, 50S, protein; 9.0A {Methanococcus jannaschii}
Probab=56.01  E-value=10  Score=16.85  Aligned_cols=6  Identities=33%  Similarity=0.639  Sum_probs=4.0  Template_Neff=6.400

Q HGGGNG            1 HGGGNG    6 (6)
Q Consensus         1 hgggng    6 (6)
                      ||||+|
T Consensus       204 hGGg~~  209 (239)
T 4V4N_AB         204 FGGKEH  209 (239)
T ss_pred             CCCCCC
Confidence            677764


No 11
>3J6B_B PROTEIN/RNA Complex; mitochondrial ribosome, large subunit, protein-RNA; HET: MG; 3.2A {Saccharomyces cerevisiae}
Probab=55.53  E-value=11  Score=18.68  Aligned_cols=6  Identities=83%  Similarity=1.813  Sum_probs=4.2  Template_Neff=4.900

Q HGGGNG            1 HGGGNG    6 (6)
Q Consensus         1 hgggng    6 (6)
                      ||||.|
T Consensus       345 HGGGeG  350 (393)
T 3J6B_B          345 HGGGRG  350 (393)
T ss_dssp             TCCCSS
T ss_pred             CCCCCC
Confidence            788764


No 12
>6TH6_BC 30S ribosomal protein S2, 30S; T. kodakarensis, ac4C, Ribosome, cryo-EM; HET: MA6, 5MC, 6MZ, A2M, OMC, ZN, LHH, 5MU, LV2, OMU, OMG, 4AC, 4SU; 2.55A {Thermococcus kodakarensis (strain ATCC BAA-918 / JCM 12380 / KOD1)}
Probab=55.44  E-value=11  Score=16.80  Aligned_cols=6  Identities=50%  Similarity=0.977  Sum_probs=3.8  Template_Neff=6.400

Q HGGGNG            1 HGGGNG    6 (6)
Q Consensus         1 hgggng    6 (6)
                      ||||+|
T Consensus       204 hGGg~~  209 (239)
T 6TH6_BC         204 HGGKEH  209 (239)
T ss_pred             CCCCCC
Confidence            677653


No 13
>6XYW_Ab 60S ribosomal protein L2, mitochondrial; Ribosome, Mitochondria, Plant; 3.86A {Arabidopsis thaliana}
Probab=55.33  E-value=11  Score=17.40  Aligned_cols=6  Identities=83%  Similarity=1.847  Sum_probs=3.7  Template_Neff=4.800

Q HGGGNG            1 HGGGNG    6 (6)
Q Consensus         1 hgggng    6 (6)
                      ||||+|
T Consensus       166 HGGGeg  171 (214)
T 6XYW_Ab         166 HGGGEG  171 (214)
T ss_pred             CCCCCC
Confidence            677653


No 14
>5MMI_C 50S ribosomal protein L31, 50S; chloroplast, translation, ribosome, cryo-EM; HET: MG; 3.25A {Spinacia oleracea}
Probab=54.95  E-value=11  Score=17.04  Aligned_cols=6  Identities=83%  Similarity=1.847  Sum_probs=3.7  Template_Neff=6.400

Q HGGGNG            1 HGGGNG    6 (6)
Q Consensus         1 hgggng    6 (6)
                      ||||+|
T Consensus       228 hGGG~g  233 (272)
T 5MMI_C          228 HGGGEG  233 (272)
T ss_pred             CCCCCC
Confidence            677653


No 15
>6O8W_C 70S ribosome; 70S, ribosome, pathogen, antibiotic development; 3.53A {Enterococcus faecalis}
Probab=54.81  E-value=11  Score=17.11  Aligned_cols=6  Identities=83%  Similarity=1.847  Sum_probs=3.8  Template_Neff=6.300

Q HGGGNG            1 HGGGNG    6 (6)
Q Consensus         1 hgggng    6 (6)
                      ||||.|
T Consensus       231 hGGg~g  236 (275)
T 6O8W_C          231 HGGGEG  236 (275)
T ss_pred             CCCCCC
Confidence            677654


No 16
>5HL7_A 50S ribosomal protein L2, 50S; ribosome, lefamulin, RNA, antibiotic; HET: MPD, MG, MN, 62B, SPD, EPE; 3.55A {Staphylococcus aureus subsp. aureus NCTC 8325}
Probab=54.58  E-value=11  Score=17.21  Aligned_cols=6  Identities=83%  Similarity=1.847  Sum_probs=3.8  Template_Neff=6.100

Q HGGGNG            1 HGGGNG    6 (6)
Q Consensus         1 hgggng    6 (6)
                      ||||.|
T Consensus       232 hGGG~g  237 (277)
T 5HL7_A          232 HGGGEG  237 (277)
T ss_dssp             SCCCSS
T ss_pred             CCCCCC
Confidence            677654


No 17
>3J79_D PROTEIN/RNA Complex; emetine, RIBOSOME-INHIBITOR complex; HET: MG; 3.2A {Plasmodium falciparum}
Probab=53.94  E-value=12  Score=16.97  Aligned_cols=6  Identities=83%  Similarity=1.564  Sum_probs=3.8  Template_Neff=6.200

Q HGGGNG            1 HGGGNG    6 (6)
Q Consensus         1 hgggng    6 (6)
                      ||||++
T Consensus       211 hGGg~~  216 (260)
T 3J79_D          211 HGGGNH  216 (260)
T ss_dssp             TCCTTT
T ss_pred             CCCCCC
Confidence            677653


No 18
>4V4G_FD Ribosome; 30S RIBOSOMAL SUBUNIT, PROTEIN-RNA COMPLEX; HET: MSE; 11.5A {Escherichia coli}
Probab=53.35  E-value=12  Score=16.95  Aligned_cols=6  Identities=83%  Similarity=1.847  Sum_probs=3.8  Template_Neff=6.300

Q HGGGNG            1 HGGGNG    6 (6)
Q Consensus         1 hgggng    6 (6)
                      ||||.|
T Consensus       230 hGGg~g  235 (270)
T 4V4G_FD         230 HGGGEG  235 (270)
T ss_pred             CCCCCC
Confidence            677653


No 19
>4V8P_EA Ribosome; RIBOSOME, EUKARYOTIC INITIATION FACTOR 6; HET: MG, ZN; 3.52A {TETRAHYMENA THERMOPHILA}
Probab=53.17  E-value=12  Score=17.00  Aligned_cols=6  Identities=83%  Similarity=1.564  Sum_probs=3.8  Template_Neff=6.100

Q HGGGNG            1 HGGGNG    6 (6)
Q Consensus         1 hgggng    6 (6)
                      ||||++
T Consensus       212 hGGg~~  217 (264)
T 4V8P_EA         212 HGGGNH  217 (264)
T ss_pred             CCCCCC
Confidence            677653


No 20
>6S0Z_C 50S ribosomal protein L2, 50S; Ribosome, antibiotics, resistance, Staphylococcus aureus; HET: ERY; 2.3A {Staphylococcus aureus}
Probab=52.52  E-value=13  Score=16.91  Aligned_cols=6  Identities=83%  Similarity=1.847  Sum_probs=3.8  Template_Neff=6.300

Q HGGGNG            1 HGGGNG    6 (6)
Q Consensus         1 hgggng    6 (6)
                      ||||+|
T Consensus       231 hGGg~g  236 (274)
T 6S0Z_C          231 HGGGEG  236 (274)
T ss_dssp             TCCCSS
T ss_pred             CCCCCC
Confidence            677653


No 21
>6DZI_C CONSERVED PROTEIN DOMAIN, 30S ribosomal; Hibernation factor complex, RIBOSOME; 3.46A {Mycobacterium smegmatis str. MC2 155}
Probab=52.05  E-value=13  Score=16.94  Aligned_cols=6  Identities=83%  Similarity=1.847  Sum_probs=3.8  Template_Neff=6.200

Q HGGGNG            1 HGGGNG    6 (6)
Q Consensus         1 hgggng    6 (6)
                      ||||+|
T Consensus       232 hGGg~g  237 (275)
T 6DZI_C          232 HGGGEG  237 (275)
T ss_pred             CCCCCC
Confidence            677653


No 22
>5XYM_C 50S ribosomal protein L32, 50S; Mycobacterium smegmatis ribosome, rRNA, rprotein; HET: MG; 3.08A {Mycobacterium smegmatis (strain ATCC 700084 / mc(2)155)}
Probab=51.55  E-value=13  Score=17.03  Aligned_cols=6  Identities=83%  Similarity=1.847  Sum_probs=3.8  Template_Neff=6.000

Q HGGGNG            1 HGGGNG    6 (6)
Q Consensus         1 hgggng    6 (6)
                      ||||.|
T Consensus       233 hGGg~g  238 (278)
T 5XYM_C          233 HGGGEG  238 (278)
T ss_pred             CCCCCC
Confidence            677654


No 23
>7K00_c ribosome; antibiotics, post-translational modifications, post-transcriptional modifications; HET: MEQ, SPD, SPM, OMG, OMU, PSU, 5MC, H2U, 4OC, 2MG, G7M, 1MG, MA6, 6MZ, 4D4, 2MA, MG, 5MU, 3TD, PAR, OMC, D2T, UR3; 1.98A {Escherichia coli}
Probab=50.89  E-value=14  Score=16.77  Aligned_cols=6  Identities=83%  Similarity=1.847  Sum_probs=3.8  Template_Neff=6.300

Q HGGGNG            1 HGGGNG    6 (6)
Q Consensus         1 hgggng    6 (6)
                      ||||.|
T Consensus       232 hGGg~g  237 (273)
T 7K00_c          232 HGGGEG  237 (273)
T ss_pred             CCCCCC
Confidence            677653


No 24
>1VQO_A 50S RIBOSOMAL SUBUNIT; ribosome 50S, PROTEIN-PROTEIN COMPLEX, RNA-RNA; HET: UR3, PSU, SR, OMU, NA, 1MA, OMG, MG, CL, PPU; 2.2A {Haloarcula marismortui} SCOP: b.40.4.5, b.34.5.3
Probab=50.76  E-value=14  Score=16.49  Aligned_cols=6  Identities=50%  Similarity=1.060  Sum_probs=3.7  Template_Neff=6.300

Q HGGGNG            1 HGGGNG    6 (6)
Q Consensus         1 hgggng    6 (6)
                      ||||+|
T Consensus       202 hGGg~~  207 (240)
T 1VQO_A          202 FGGGGR  207 (240)
T ss_pred             CCCCCC
Confidence            677653


No 25
>5XY3_A Ribosomal protein L8, putative, Uncharacterized; Trichomonas vaginalis ribosome, rRNA, rprotein; 3.2A {Trichomonas vaginalis}
Probab=50.73  E-value=14  Score=16.53  Aligned_cols=6  Identities=67%  Similarity=1.403  Sum_probs=3.8  Template_Neff=6.400

Q HGGGNG            1 HGGGNG    6 (6)
Q Consensus         1 hgggng    6 (6)
                      ||||++
T Consensus       209 hGGg~~  214 (251)
T 5XY3_A          209 HGGGSH  214 (251)
T ss_pred             CCCCCC
Confidence            677753


No 26
>5O60_C 50S ribosomal protein bL37, 50S; ribosome, translation; HET: MG, PHE; 3.203A {Mycobacterium smegmatis str. MC2 155}
Probab=50.05  E-value=15  Score=16.96  Aligned_cols=6  Identities=83%  Similarity=1.847  Sum_probs=3.8  Template_Neff=5.900

Q HGGGNG            1 HGGGNG    6 (6)
Q Consensus         1 hgggng    6 (6)
                      ||||.|
T Consensus       233 hGGg~g  238 (278)
T 5O60_C          233 HGGGEG  238 (278)
T ss_pred             CCCCCC
Confidence            677653


No 27
>6YWE_B 60S ribosomal protein L1, mitochondrial; Neurospora crassa, translating Mitoribosomes, tRNA; HET: SPM, K, ATP, NAD, MG;{Neurospora crassa}
Probab=49.55  E-value=15  Score=18.01  Aligned_cols=6  Identities=83%  Similarity=1.813  Sum_probs=4.0  Template_Neff=5.100

Q HGGGNG            1 HGGGNG    6 (6)
Q Consensus         1 hgggng    6 (6)
                      ||||.|
T Consensus       329 HGGGeg  334 (383)
T 6YWE_B          329 HGGGRG  334 (383)
T ss_pred             CCCCCC
Confidence            777754


No 28
>6AZ3_A ribosomal protein uL2, ribosomal protein; Leishmania, ribosome, aminoglycoside, paromomycin, RIBOSOME-ANTIBIOTIC; HET: OMU, PAR, OMC, MG, A2M, OMG, C; 2.5A {Leishmania donovani}
Probab=49.50  E-value=15  Score=16.57  Aligned_cols=6  Identities=83%  Similarity=1.564  Sum_probs=3.8  Template_Neff=6.200

Q HGGGNG            1 HGGGNG    6 (6)
Q Consensus         1 hgggng    6 (6)
                      ||||++
T Consensus       210 hGGg~~  215 (254)
T 6AZ3_A          210 HGGGNH  215 (254)
T ss_dssp             TCCTTT
T ss_pred             CCCCCC
Confidence            677763


No 29
>3G4S_A PROTEIN/RNA Complex; large ribosomal subunit, tiamulin, Haloarcula; HET: 1MA, OMU, CL, OMG, PSU, NA, MG, SR, MUL, UR3; 3.2A {Haloarcula marismortui}
Probab=48.84  E-value=16  Score=16.32  Aligned_cols=6  Identities=50%  Similarity=1.060  Sum_probs=3.6  Template_Neff=6.300

Q HGGGNG            1 HGGGNG    6 (6)
Q Consensus         1 hgggng    6 (6)
                      ||||++
T Consensus       201 hGGg~~  206 (237)
T 3G4S_A          201 FGGGGR  206 (237)
T ss_pred             CCCCCC
Confidence            677653


No 30
>5MRC_B 54S ribosomal protein RML2, mitochondrial; yeast, mitochondrial, ribosome, saccharomyces cerevisiae; HET: MG, GDP; 3.25A {Saccharomyces cerevisiae}
Probab=48.34  E-value=16  Score=18.11  Aligned_cols=6  Identities=83%  Similarity=1.813  Sum_probs=4.1  Template_Neff=4.800

Q HGGGNG            1 HGGGNG    6 (6)
Q Consensus         1 hgggng    6 (6)
                      ||||.|
T Consensus       345 HGGGeg  350 (393)
T 5MRC_B          345 HGGGRG  350 (393)
T ss_dssp             TCCCSS
T ss_pred             CCCCCC
Confidence            777754


No 31
>7AIH_BL mL94, mL89, Ribosomal protein L3-like; Ribosome, Mitochondria, Kinetoplastid; HET: NAD; 3.6A {Leishmania major}
Probab=43.79  E-value=21  Score=17.67  Aligned_cols=6  Identities=83%  Similarity=1.631  Sum_probs=4.0  Template_Neff=4.800

Q HGGGNG            1 HGGGNG    6 (6)
Q Consensus         1 hgggng    6 (6)
                      ||||+|
T Consensus       316 HGGG~g  321 (380)
T 7AIH_BL         316 AGGGNG  321 (380)
T ss_pred             CCCCCC
Confidence            677764


No 32
>6NU2_D 39S ribosomal protein L2, mitochondrial; mitochondrial ribosome recycling Factor, mtRRF; HET: MG; 3.9A {Homo sapiens}
Probab=34.09  E-value=39  Score=15.06  Aligned_cols=6  Identities=50%  Similarity=0.894  Sum_probs=3.5  Template_Neff=6.500

Q HGGGNG            1 HGGGNG    6 (6)
Q Consensus         1 hgggng    6 (6)
                      ||||.|
T Consensus       218 hgG~~g  223 (236)
T 6NU2_D          218 KGGWAG  223 (236)
T ss_pred             CCCCCC
Confidence            566654


No 33
>3V0R_A Major allergen Alt a 1; beta-barrel, cell wall, UNKNOWN FUNCTION; HET: SO4, 0FU, 8AC; 1.9A {Alternaria alternata}
Probab=23.28  E-value=79  Score=13.26  Aligned_cols=6  Identities=67%  Similarity=1.370  Sum_probs=2.6  Template_Neff=6.000

Q HGGGNG            1 HGGGNG    6 (6)
Q Consensus         1 hgggng    6 (6)
                      |.||||
T Consensus       105 ~agg~G  110 (133)
T 3V0R_A          105 RAGGNG  110 (133)
T ss_dssp             EECSSS
T ss_pred             cCCCCC
Confidence            344543


No 34
>7OF0_D 39S ribosomal protein L32, mitochondrial; Mitochondria, Ribosome, Biogenesis, GTPase, NSUN4; HET: MG; 2.2A {Homo sapiens}
Probab=22.25  E-value=86  Score=15.05  Aligned_cols=6  Identities=50%  Similarity=0.894  Sum_probs=3.3  Template_Neff=5.400

Q HGGGNG            1 HGGGNG    6 (6)
Q Consensus         1 hgggng    6 (6)
                      |||+.|
T Consensus       278 hGG~~G  283 (305)
T 7OF0_D          278 KGGWAG  283 (305)
T ss_pred             CCCCCC
Confidence            566543


