Query         ACGVIG
Match_columns 6
No_of_seqs    1 out of 1
Neff          1
Searched_HMMs 90378
Date          Sun Dec 19 13:24:22 2021
Command       /media/stefano/DISCO1/FOLDEN/hh-suite/build/bin/hhsearch -i /media/stefano/DISCO1/FOLDEN/trRosetta2/example/ACGVIG/protein.hhm -d /media/stefano/DISCO1/FOLDEN/trRosettaX/pdb70/pdb70 -o /media/stefano/DISCO1/FOLDEN/trRosetta2/example/ACGVIG/protein.out -cpu 32 

 No Hit                             Prob E-value P-value  Score    SS Cols Query HMM  Template HMM
  1 3KBE_A Superoxide dismutase [C  87.9    0.29 3.2E-06   19.2   0.0    6    1-6     147-152 (157)
  2 1EJ8_A CRYSTAL STRUCTURE OF DO  87.5    0.33 3.6E-06   18.9   0.0    6    1-6     134-139 (140)
  3 3KBF_A Superoxide dismutase [C  87.3    0.34 3.8E-06   19.1   0.0    6    1-6     147-152 (157)
  4 1PZS_A Superoxide dismutase [C  87.2    0.35 3.9E-06   20.8   0.0    6    1-6     201-206 (208)
  5 3CE1_A Superoxide dismutase [C  87.2    0.35 3.9E-06   19.4   0.0    6    1-6     149-154 (168)
  6 1ESO_A CU, ZN SUPEROXIDE DISMU  87.1    0.36   4E-06   18.9   0.0    6    1-6     149-154 (154)
  7 7B4O_CCC Superoxide dismutase,  87.0    0.37 4.1E-06   18.8   0.0    6    1-6     145-150 (153)
  8 7B4P_AAA Superoxide dismutase   87.0    0.37 4.1E-06   18.8   0.0    6    1-6     145-150 (153)
  9 1QUP_A SUPEROXIDE DISMUTASE 1   86.4    0.42 4.7E-06   18.7   0.0    6    1-6     210-215 (222)
 10 2AQS_A Superoxide dismutase [C  86.4    0.43 4.7E-06   19.0   0.0    6    1-6     159-164 (164)
 11 1F1G_E COPPER-ZINC SUPEROXIDE   86.3    0.44 4.8E-06   18.5   0.0    6    1-6     146-151 (154)
 12 1B4L_A PROTEIN (CU/ZN SUPEROXI  85.7    0.49 5.4E-06   18.4   0.0    6    1-6     145-150 (153)
 13 1YAZ_A PROTEIN (CU/ZN SUPEROXI  85.7    0.49 5.4E-06   18.4   0.0    6    1-6     145-150 (153)
 14 4L05_A Superoxide dismutase [C  85.5    0.51 5.7E-06   18.5   0.0    6    1-6     149-154 (154)
 15 1IBF_A prokaryotic superoxide   85.3    0.54   6E-06   18.4   0.0    6    1-6     146-151 (151)
 16 1XSO_B COPPER,ZINC SUPEROXIDE   85.1    0.56 6.2E-06   18.3   0.0    6    1-6     142-147 (150)
 17 1OAL_A SUPEROXIDE DISMUTASE (E  85.1    0.56 6.2E-06   18.2   0.0    6    1-6     146-151 (151)
 18 5J0C_B Superoxide dismutase [C  85.0    0.57 6.3E-06   18.3   0.0    6    1-6      77-82  (114)
 19 1U3N_A Hypothetical superoxide  84.8     0.6 6.6E-06   18.4   0.0    6    1-6     151-156 (162)
 20 1S4I_C Hypothetical superoxide  84.7     0.6 6.7E-06   19.0   0.0    6    1-6     164-169 (175)
 21 3PU7_A Superoxide dismutase [C  84.5    0.63   7E-06   18.2   0.0    6    1-6     145-150 (154)
 22 2Q2L_A Superoxide Dismutase (E  84.2    0.66 7.3E-06   18.1   0.0    6    1-6     144-149 (152)
 23 1TO4_B Superoxide dismutase (E  83.9     0.7 7.7E-06   18.3   0.0    6    1-6     147-152 (156)
 24 6FLH_A Superoxide dismutase [C  83.9     0.7 7.8E-06   17.6   0.0    6    1-6     110-115 (118)
 25 6FOL_E Copper chaperone for su  83.8    0.71 7.9E-06   17.9   0.0    6    1-6     144-149 (150)
 26 6ZS1_A thermophilic fungus, su  83.7    0.72   8E-06   18.2   0.0    6    1-6     149-154 (157)
 27 6ZS1_C thermophilic fungus, su  83.7    0.72   8E-06   18.2   0.0    6    1-6     149-154 (157)
 28 4U4I_A Megavirus chilensis sup  83.7    0.72   8E-06   18.5   0.0    6    1-6     153-158 (161)
 29 2JLP_B EXTRACELLULAR SUPEROXID  83.7    0.72   8E-06   19.9   0.0    6    1-6     188-193 (222)
 30 3L9Y_B Superoxide dismutase [C  83.5    0.75 8.3E-06   18.0   0.0    6    1-6     145-150 (154)
 31 1QUP_B SUPEROXIDE DISMUTASE 1   83.5    0.75 8.3E-06   18.0   0.0    6    1-6     210-215 (222)
 32 5J0F_B Superoxide dismutase [C  83.4    0.76 8.4E-06   16.7   0.0    6    1-6      52-57  (114)
 33 5IN2_A Extracellular superoxid  83.4    0.77 8.5E-06   18.2   0.0    6    1-6     148-153 (158)
 34 2E46_A Time interval measuring  83.3    0.78 8.6E-06   18.1   0.0    6    1-6     150-155 (157)
 35 2AQP_A superoxide dismutase, e  83.3    0.78 8.7E-06   18.2   0.0    6    1-6     159-164 (164)
 36 4XCR_A ROXIDE DISMUTASE [CU-ZN  83.3    0.78 8.7E-06   17.2   0.0    6    1-6     102-107 (110)
 37 1JK9_D protein-protein complex  83.2    0.79 8.7E-06   18.5   0.0    6    1-6     211-216 (249)
 38 6FN8_B Copper chaperone for su  83.1    0.81 8.9E-06   17.8   0.0    6    1-6     142-147 (152)
 39 3F7K_A Copper,Zinc Superoxide   83.0    0.82 9.1E-06   17.9   0.0    6    1-6     143-148 (152)
 40 2E47_B Time interval measuring  82.9    0.83 9.2E-06   18.1   0.0    6    1-6     149-154 (156)
 41 4OJA_A Superoxide dismutase [C  82.7    0.85 9.5E-06   18.5   0.0    6    1-6     162-167 (170)
 42 1Z9P_A Superoxide dismutase [C  82.4     0.9 9.9E-06   17.9   0.0    6    1-6     150-155 (155)
 43 7RH6_G Electron transport chai  82.3    0.92   1E-05   19.6   0.0    6    1-6     209-214 (216)
 44 3F7L_A Copper,Zinc Superoxide   82.1    0.95   1E-05   17.6   0.0    6    1-6     143-148 (152)
 45 2JLP_D EXTRACELLULAR SUPEROXID  82.0    0.96 1.1E-05   19.5   0.0    6    1-6     188-193 (222)
 46 1EQW_B CRYSTAL STRUCTURE OF SA  82.0    0.96 1.1E-05   17.9   0.0    6    1-6     150-155 (156)
 47 6FON_C Copper chaperone for su  81.9    0.98 1.1E-05   18.4   0.0    6    1-6     219-224 (252)
 48 1XTM_A Hypothetical superoxide  81.6       1 1.1E-05   18.3   0.0    6    1-6     164-169 (175)
 49 3L9E_A Superoxide dismutase [C  81.5       1 1.1E-05   17.6   0.0    6    1-6     145-150 (154)
 50 5YTU_E Superoxide dismutase [C  80.8     1.1 1.3E-05   18.4   0.0    6    1-6     172-177 (180)
 51 4N3T_A Potential secreted Cu/Z  80.7     1.2 1.3E-05   17.6   0.0    6    1-6     139-144 (159)
 52 5J0G_B OXIDOREDUCTASE,Superoxi  79.7     1.3 1.5E-05   17.0   0.0    6    1-6       6-11  (113)
 53 5YTO_C Superoxide dismutase [C  78.8     1.5 1.7E-05   18.1   0.0    6    1-6     172-177 (180)
 54 5YTU_G Superoxide dismutase [C  78.8     1.5 1.7E-05   18.1   0.0    6    1-6     172-177 (180)
 55 2WYT_F SUPEROXIDE DISMUTASE [C  78.7     1.5 1.7E-05   17.2   0.0    6    1-6     145-150 (153)
 56 4A7U_F SUPEROXIDE DISMUTASE [C  78.2     1.6 1.8E-05   17.2   0.0    6    1-6     145-150 (153)
 57 6FP6_B Copper chaperone for su  77.8     1.7 1.9E-05   18.1   0.0    6    1-6     226-231 (274)
 58 5J07_B Superoxide dismutase [C  75.6     2.2 2.4E-05   16.4   0.0    6    1-6      91-96  (115)
 59 1FUN_B OXIDOREDUCTASE, SUPEROX  75.3     2.2 2.5E-05   16.7   0.0    6    1-6     145-150 (153)
 60 5KBK_A Cell surface Cu-only su  74.8     2.4 2.6E-05   16.9   0.0    6    1-6     139-144 (159)
 61 5U9M_B Superoxide dismutase [C  73.8     2.6 2.9E-05   17.3   0.0    6    1-6     210-215 (248)
 62 6DTK_G Tetrabrachion,Neuramini  73.7     2.6 2.9E-05   17.9   0.0    6    1-6     315-320 (323)
 63 6D52_D Superoxide dismutase [C  70.4     3.5 3.9E-05   16.7   0.0    6    1-6     151-156 (165)

No 1
>3KBE_A Superoxide dismutase [Cu-Zn] (E.C.1.15.1.1); cu-zn superoxide dismutase, antioxidant, oxidoreductase; 1.1A {Caenorhabditis elegans}
Probab=87.92  E-value=0.29  Score=19.18  Aligned_cols=6  Identities=83%  Similarity=1.575  Sum_probs=4.8  Template_Neff=8.100

Q ACGVIG            1 ACGVIG    6 (6)
Q Consensus         1 acgvig    6 (6)
                      |||+|+
T Consensus       147 aCg~I~  152 (157)
T 3KBE_A          147 ACGVIA  152 (157)
T ss_dssp             EEEEEE
T ss_pred             EeEEEE
Confidence            799885


No 2
>1EJ8_A CRYSTAL STRUCTURE OF DOMAIN 2; beta barrel, copper chaperone for; 1.55A {Saccharomyces cerevisiae} SCOP: b.1.8.1
Probab=87.46  E-value=0.33  Score=18.89  Aligned_cols=6  Identities=50%  Similarity=0.595  Sum_probs=4.9  Template_Neff=7.900

Q ACGVIG            1 ACGVIG    6 (6)
Q Consensus         1 acgvig    6 (6)
                      |||+|+
T Consensus       134 ACgvI~  139 (140)
T 1EJ8_A          134 FLGVIA  139 (140)
T ss_dssp             EEEECB
T ss_pred             EEEEEe
Confidence            799985


No 3
>3KBF_A Superoxide dismutase [Cu-Zn] (E.C.1.15.1.1); cu-zn superoxide dismutase, antioxidant, oxidoreductase; 1.3A {Caenorhabditis elegans}
Probab=87.32  E-value=0.34  Score=19.06  Aligned_cols=6  Identities=83%  Similarity=1.575  Sum_probs=4.8  Template_Neff=8.000

Q ACGVIG            1 ACGVIG    6 (6)
Q Consensus         1 acgvig    6 (6)
                      |||+|+
T Consensus       147 aCg~I~  152 (157)
T 3KBF_A          147 ACGVIA  152 (157)
T ss_dssp             EEEEEE
T ss_pred             EeEEEE
Confidence            799885


No 4
>1PZS_A Superoxide dismutase [Cu-Zn] (E.C.1.15.1.1); Cu-protein, beta core, antioxidant, metal; 1.63A {Mycobacterium tuberculosis} SCOP: b.1.8.1
Probab=87.19  E-value=0.35  Score=20.77  Aligned_cols=6  Identities=100%  Similarity=1.913  Sum_probs=5.1  Template_Neff=6.500

Q ACGVIG            1 ACGVIG    6 (6)
Q Consensus         1 acgvig    6 (6)
                      |||||+
T Consensus       201 ACGvI~  206 (208)
T 1PZS_A          201 ACGVIG  206 (208)
T ss_dssp             EEEESB
T ss_pred             EEEEEe
Confidence            799996


No 5
>3CE1_A Superoxide dismutase [Cu-Zn] (E.C.1.15.1.1); Greek-key beta barrel, Antioxidant, Metal-binding; 1.2A {Cryptococcus liquefaciens}
Probab=87.17  E-value=0.35  Score=19.40  Aligned_cols=6  Identities=100%  Similarity=1.913  Sum_probs=4.8  Template_Neff=7.700

Q ACGVIG            1 ACGVIG    6 (6)
Q Consensus         1 acgvig    6 (6)
                      |||+|+
T Consensus       149 ACg~I~  154 (168)
T 3CE1_A          149 ACGVIG  154 (168)
T ss_dssp             EEEECE
T ss_pred             EEEEEE
Confidence            799885


No 6
>1ESO_A CU, ZN SUPEROXIDE DISMUTASE; OXIDOREDUCTASE, CU,ZN SUPEROXIDE DISMUTASE, MONOMERIC; 2.0A {Escherichia coli} SCOP: b.1.8.1
Probab=87.10  E-value=0.36  Score=18.88  Aligned_cols=6  Identities=83%  Similarity=1.486  Sum_probs=4.8  Template_Neff=8.100

Q ACGVIG            1 ACGVIG    6 (6)
Q Consensus         1 acgvig    6 (6)
                      |||+|+
T Consensus       149 aCg~I~  154 (154)
T 1ESO_A          149 ACGVIK  154 (154)
T ss_dssp             EEEEEC
T ss_pred             eeEEeC
Confidence            699885


No 7
>7B4O_CCC Superoxide dismutase, copper, zinc, bacterial; HET: ZN; 1.41A {Bacteroidetes bacterium GWA2_30_7}
Probab=86.99  E-value=0.37  Score=18.83  Aligned_cols=6  Identities=100%  Similarity=1.913  Sum_probs=4.8  Template_Neff=8.100

Q ACGVIG            1 ACGVIG    6 (6)
Q Consensus         1 acgvig    6 (6)
                      |||+|+
T Consensus       145 ACg~I~  150 (153)
T 7B4O_CCC        145 ACGVIG  150 (153)
T ss_pred             EEEEEE
Confidence            799885


No 8
>7B4P_AAA Superoxide dismutase [Cu-Zn] (E.C.1.15.1.1); Superoxide dismutase, copper, zinc, bacterial; 2.7A {Bacteroidetes bacterium GWA2_30_7}
Probab=86.99  E-value=0.37  Score=18.83  Aligned_cols=6  Identities=100%  Similarity=1.913  Sum_probs=4.8  Template_Neff=8.100

Q ACGVIG            1 ACGVIG    6 (6)
Q Consensus         1 acgvig    6 (6)
                      |||+|+
T Consensus       145 ACg~I~  150 (153)
T 7B4P_AAA        145 ACGVIG  150 (153)
T ss_pred             EEEEEE
Confidence            799885


No 9
>1QUP_A SUPEROXIDE DISMUTASE 1 COPPER CHAPERONE; TWO DOMAINS, BETA-ALPHA-BETA-BETA-ALPHA-BETA AND BETA; HET: SO4; 1.8A {Saccharomyces cerevisiae} SCOP: b.1.8.1, d.58.17.1
Probab=86.39  E-value=0.42  Score=18.71  Aligned_cols=6  Identities=50%  Similarity=0.595  Sum_probs=4.8  Template_Neff=9.300

Q ACGVIG            1 ACGVIG    6 (6)
Q Consensus         1 acgvig    6 (6)
                      |||+|+
T Consensus       210 aCg~I~  215 (222)
T 1QUP_A          210 FLGVIA  215 (222)
T ss_pred             eEEEEE
Confidence            789885


No 10
>2AQS_A Superoxide dismutase [Cu-Zn] (E.C.1.15.1.1); Cu/Zn superoxide dismutase, electrostatic guidance; 1.7A {Neisseria meningitidis}
Probab=86.37  E-value=0.43  Score=19.04  Aligned_cols=6  Identities=83%  Similarity=1.486  Sum_probs=4.9  Template_Neff=7.800

Q ACGVIG            1 ACGVIG    6 (6)
Q Consensus         1 acgvig    6 (6)
                      |||+|+
T Consensus       159 ACGvI~  164 (164)
T 2AQS_A          159 ACGVIK  164 (164)
T ss_pred             EEEEeC
Confidence            799985


No 11
>1F1G_E COPPER-ZINC SUPEROXIDE DISMUTASE (E.C.1.15.1.1); Nitric Oxide, CuZnSOD, OXIDOREDUCTASE; HET: PO4; 1.35A {Saccharomyces cerevisiae} SCOP: b.1.8.1
Probab=86.25  E-value=0.44  Score=18.50  Aligned_cols=6  Identities=100%  Similarity=1.913  Sum_probs=4.8  Template_Neff=8.300

Q ACGVIG            1 ACGVIG    6 (6)
Q Consensus         1 acgvig    6 (6)
                      |||+|+
T Consensus       146 aCg~I~  151 (154)
T 1F1G_E          146 ACGVIG  151 (154)
T ss_dssp             EEEEEE
T ss_pred             eEEEEE
Confidence            789885


No 12
>1B4L_A PROTEIN (CU/ZN SUPEROXIDE DISMUTASE) (1.15.1.1); SUPEROXIDE ACCEPTOR, COPPER, ZINC, OXIDOREDUCTASE; 1.8A {Saccharomyces cerevisiae} SCOP: b.1.8.1
Probab=85.73  E-value=0.49  Score=18.42  Aligned_cols=6  Identities=100%  Similarity=1.913  Sum_probs=4.8  Template_Neff=8.200

Q ACGVIG            1 ACGVIG    6 (6)
Q Consensus         1 acgvig    6 (6)
                      |||+|+
T Consensus       145 aCg~I~  150 (153)
T 1B4L_A          145 ACGVIG  150 (153)
T ss_dssp             EEEECE
T ss_pred             eEEEEE
Confidence            789885


No 13
>1YAZ_A PROTEIN (CU/ZN SUPEROXIDE DISMUTASE) (1.15.1.1); SUPEROXIDE ACCEPTOR, COPPER, ZINC, OXIDOREDUCTASE; 1.7A {Saccharomyces cerevisiae} SCOP: b.1.8.1
Probab=85.73  E-value=0.49  Score=18.42  Aligned_cols=6  Identities=100%  Similarity=1.913  Sum_probs=4.8  Template_Neff=8.200

Q ACGVIG            1 ACGVIG    6 (6)
Q Consensus         1 acgvig    6 (6)
                      |||+|+
T Consensus       145 aCg~I~  150 (153)
T 1YAZ_A          145 ACGVIG  150 (153)
T ss_dssp             EEEECE
T ss_pred             eEEEEE
Confidence            789885


No 14
>4L05_A Superoxide dismutase [Cu-Zn] (E.C.1.15.1.1); superoxide dismutase, Brucella abortus, OXIDOREDUCTASE; 1.098A {Brucella abortus}
Probab=85.50  E-value=0.51  Score=18.52  Aligned_cols=6  Identities=83%  Similarity=1.503  Sum_probs=4.8  Template_Neff=8.000

Q ACGVIG            1 ACGVIG    6 (6)
Q Consensus         1 acgvig    6 (6)
                      |||+|+
T Consensus       149 ACg~I~  154 (154)
T 4L05_A          149 ACGVIE  154 (154)
T ss_dssp             EEEEEC
T ss_pred             eeEeeC
Confidence            789885


No 15
>1IBF_A prokaryotic superoxide dismutase, subunit interaction; 2.2A {Photobacterium leiognathi} SCOP: b.1.8.1
Probab=85.26  E-value=0.54  Score=18.41  Aligned_cols=6  Identities=83%  Similarity=1.492  Sum_probs=4.8  Template_Neff=8.000

Q ACGVIG            1 ACGVIG    6 (6)
Q Consensus         1 acgvig    6 (6)
                      |||+|+
T Consensus       146 ACg~I~  151 (151)
T 1IBF_A          146 ACGVIQ  151 (151)
T ss_dssp             EEEECC
T ss_pred             eeEEeC
Confidence            799885


No 16
>1XSO_B COPPER,ZINC SUPEROXIDE DISMUTASE; OXIDOREDUCTASE (SUPEROXIDE ACCEPTOR); 1.49A {Xenopus laevis} SCOP: b.1.8.1
Probab=85.12  E-value=0.56  Score=18.30  Aligned_cols=6  Identities=100%  Similarity=1.913  Sum_probs=4.7  Template_Neff=8.100

Q ACGVIG            1 ACGVIG    6 (6)
Q Consensus         1 acgvig    6 (6)
                      |||+|+
T Consensus       142 ACg~I~  147 (150)
T 1XSO_B          142 ACGVIG  147 (150)
T ss_dssp             EEEECE
T ss_pred             EEEEEE
Confidence            688885


No 17
>1OAL_A SUPEROXIDE DISMUTASE (E.C.1.15.1.1); OXIDOREDUCTASE, PROKARYOTIC CU, ZN SUPEROXIDE; 1.5A {PHOTOBACTERIUM LEIOGNATHI} SCOP: b.1.8.1
Probab=85.10  E-value=0.56  Score=18.24  Aligned_cols=6  Identities=83%  Similarity=1.492  Sum_probs=4.7  Template_Neff=8.200

Q ACGVIG            1 ACGVIG    6 (6)
Q Consensus         1 acgvig    6 (6)
                      |||+|+
T Consensus       146 aCg~I~  151 (151)
T 1OAL_A          146 ACGVIQ  151 (151)
T ss_dssp             EEEECC
T ss_pred             eEEEeC
Confidence            699885


No 18
>5J0C_B Superoxide dismutase [Cu-Zn],Superoxide dismutase [Cu-Zn],OXIDOREDUCTASE,Superoxide; SOD1, OXIDOREDUCTASE; 1.6A {Homo sapiens}
Probab=84.99  E-value=0.57  Score=18.33  Aligned_cols=6  Identities=83%  Similarity=1.282  Sum_probs=4.5  Template_Neff=7.000

Q ACGVIG            1 ACGVIG    6 (6)
Q Consensus         1 acgvig    6 (6)
                      |||+|+
T Consensus        77 aCgvI~   82 (114)
T 5J0C_B           77 ASGVIG   82 (114)
T ss_dssp             EEEEEE
T ss_pred             EEEEEE
Confidence            688874


No 19
>1U3N_A Hypothetical superoxide dismutase-like protein yojM; SOD-like  Bacillus subtilis ; NMR {Bacillus subtilis}
Probab=84.76  E-value=0.6  Score=18.40  Aligned_cols=6  Identities=33%  Similarity=0.927  Sum_probs=4.7  Template_Neff=8.100

Q ACGVIG            1 ACGVIG    6 (6)
Q Consensus         1 acgvig    6 (6)
                      |||+|+
T Consensus       151 ACg~I~  156 (162)
T 1U3N_A          151 VCGALL  156 (162)
T ss_dssp             CCCCBC
T ss_pred             EeEEEE
Confidence            688885


No 20
>1S4I_C Hypothetical superoxide dismutase-like protein yojM; SOD, Cu-Zn SOD, SOD-like, superoxide; 1.8A {Bacillus subtilis}
Probab=84.72  E-value=0.6  Score=18.99  Aligned_cols=6  Identities=33%  Similarity=0.927  Sum_probs=4.8  Template_Neff=7.500

Q ACGVIG            1 ACGVIG    6 (6)
Q Consensus         1 acgvig    6 (6)
                      |||+|+
T Consensus       164 ACg~I~  169 (175)
T 1S4I_C          164 VCGALL  169 (175)
T ss_dssp             EEEEEC
T ss_pred             EEEEEE
Confidence            799885


No 21
>3PU7_A Superoxide dismutase [Cu-Zn], chloroplastic (E.C.1.15.1.1); oxidoreductase, antioxidant, metal-binding, chloroplast, disulfide; 1.8A {Solanum lycopersicum}
Probab=84.45  E-value=0.63  Score=18.21  Aligned_cols=6  Identities=83%  Similarity=1.863  Sum_probs=4.7  Template_Neff=8.100

Q ACGVIG            1 ACGVIG    6 (6)
Q Consensus         1 acgvig    6 (6)
                      |||+|+
T Consensus       145 ACg~I~  150 (154)
T 3PU7_A          145 ACGVVG  150 (154)
T ss_dssp             EEEECE
T ss_pred             EeEEEE
Confidence            689885


No 22
>2Q2L_A Superoxide Dismutase (E.C.1.15.1.1); SOD  SAD  Antioxidant; HET: IOD; 2.367A {Potentilla atrosanguinea}
Probab=84.25  E-value=0.66  Score=18.06  Aligned_cols=6  Identities=83%  Similarity=1.896  Sum_probs=4.7  Template_Neff=8.200

Q ACGVIG            1 ACGVIG    6 (6)
Q Consensus         1 acgvig    6 (6)
                      |||+|+
T Consensus       144 ACg~I~  149 (152)
T 2Q2L_A          144 ACGIIG  149 (152)
T ss_dssp             EEEECE
T ss_pred             EEEEEE
Confidence            688885


No 23
>1TO4_B Superoxide dismutase (E.C.1.15.1.1); beta-barrel, OXIDOREDUCTASE; 1.55A {Schistosoma mansoni} SCOP: b.1.8.1
Probab=83.90  E-value=0.7  Score=18.26  Aligned_cols=6  Identities=83%  Similarity=1.863  Sum_probs=4.7  Template_Neff=7.900

Q ACGVIG            1 ACGVIG    6 (6)
Q Consensus         1 acgvig    6 (6)
                      |||+|+
T Consensus       147 ACg~I~  152 (156)
T 1TO4_B          147 ACGVVG  152 (156)
T ss_dssp             EEEECE
T ss_pred             EeEEEE
Confidence            789885


No 24
>6FLH_A Superoxide dismutase [Cu-Zn],Superoxide dismutase [Cu-Zn],Superoxide; SOD1, OXIDOREDUCTASE; 1.79A {Homo sapiens}
Probab=83.87  E-value=0.7  Score=17.64  Aligned_cols=6  Identities=83%  Similarity=1.282  Sum_probs=4.6  Template_Neff=7.800

Q ACGVIG            1 ACGVIG    6 (6)
Q Consensus         1 acgvig    6 (6)
                      |||+|+
T Consensus       110 ACg~I~  115 (118)
T 6FLH_A          110 ASGVIG  115 (118)
T ss_dssp             EEEEEE
T ss_pred             EEEEEE
Confidence            688874


No 25
>6FOL_E Copper chaperone for superoxide dismutase; heterodimer, copper-chaperone, hSOD1, protein maturation; HET: PE8; 2.55A {Homo sapiens}
Probab=83.80  E-value=0.71  Score=17.94  Aligned_cols=6  Identities=67%  Similarity=1.558  Sum_probs=4.7  Template_Neff=8.200

Q ACGVIG            1 ACGVIG    6 (6)
Q Consensus         1 acgvig    6 (6)
                      |||+|+
T Consensus       144 aCg~I~  149 (150)
T 6FOL_E          144 ACGIIA  149 (150)
T ss_dssp             EEEECB
T ss_pred             EeEEEe
Confidence            688885


No 26
>6ZS1_A thermophilic fungus, superoxide, antioxidant, thermostability; HET: NA, PO4, GOL; 1.56A {Chaetomium thermophilum var. thermophilum DSM 1495}
Probab=83.74  E-value=0.72  Score=18.17  Aligned_cols=6  Identities=100%  Similarity=1.913  Sum_probs=4.7  Template_Neff=8.000

Q ACGVIG            1 ACGVIG    6 (6)
Q Consensus         1 acgvig    6 (6)
                      |||+|+
T Consensus       149 aCg~I~  154 (157)
T 6ZS1_A          149 ACGVIG  154 (157)
T ss_dssp             EEEEEE
T ss_pred             eEEEEE
Confidence            688885


No 27
>6ZS1_C thermophilic fungus, superoxide, antioxidant, thermostability; HET: NA, PO4, GOL; 1.56A {Chaetomium thermophilum var. thermophilum DSM 1495}
Probab=83.74  E-value=0.72  Score=18.17  Aligned_cols=6  Identities=100%  Similarity=1.913  Sum_probs=4.7  Template_Neff=8.000

Q ACGVIG            1 ACGVIG    6 (6)
Q Consensus         1 acgvig    6 (6)
                      |||+|+
T Consensus       149 aCg~I~  154 (157)
T 6ZS1_C          149 ACGVIG  154 (157)
T ss_dssp             EEEECE
T ss_pred             eEEEEE
Confidence            688885


No 28
>4U4I_A Megavirus chilensis superoxide dismutase (E.C.1.15.1.1); Cu-Zn Superoxide dismutase, metal-free, oxidoreductase; HET: MSE; 2.2A {Megavirus chiliensis}
Probab=83.73  E-value=0.72  Score=18.50  Aligned_cols=6  Identities=67%  Similarity=1.558  Sum_probs=4.7  Template_Neff=7.600

Q ACGVIG            1 ACGVIG    6 (6)
Q Consensus         1 acgvig    6 (6)
                      |||+|+
T Consensus       153 ACg~I~  158 (161)
T 4U4I_A          153 ACGIIA  158 (161)
T ss_dssp             EEEEEE
T ss_pred             EEEEEE
Confidence            789885


No 29
>2JLP_B EXTRACELLULAR SUPEROXIDE DISMUTASE (CU-ZN) (E.C.1.15.1.1); GLYCOLISATION, OXIDOREDUCTASE, HEPARIN BINDING, HEPARIN-BINDING; HET: SCN; 1.7A {HOMO SAPIENS}
Probab=83.71  E-value=0.72  Score=19.95  Aligned_cols=6  Identities=67%  Similarity=1.387  Sum_probs=4.9  Template_Neff=6.600

Q ACGVIG            1 ACGVIG    6 (6)
Q Consensus         1 acgvig    6 (6)
                      |||+|+
T Consensus       188 ACgvI~  193 (222)
T 2JLP_B          188 ACCVVG  193 (222)
T ss_dssp             EEEECE
T ss_pred             EEEEEE
Confidence            699885


No 30
>3L9Y_B Superoxide dismutase [Cu-Zn] (E.C.1.15.1.1); Greek-key-barrel, Antioxidant, Copper, Cytoplasm, Metal-binding; 1.8A {Bombyx mori}
Probab=83.52  E-value=0.75  Score=18.01  Aligned_cols=6  Identities=100%  Similarity=1.913  Sum_probs=4.7  Template_Neff=8.100

Q ACGVIG            1 ACGVIG    6 (6)
Q Consensus         1 acgvig    6 (6)
                      |||+|+
T Consensus       145 ACg~I~  150 (154)
T 3L9Y_B          145 ACGVIG  150 (154)
T ss_dssp             EEEECE
T ss_pred             EeEEEE
Confidence            688885


No 31
>1QUP_B SUPEROXIDE DISMUTASE 1 COPPER CHAPERONE; TWO DOMAINS, BETA-ALPHA-BETA-BETA-ALPHA-BETA AND BETA; HET: MSE, SO4; 1.8A {Saccharomyces cerevisiae} SCOP: d.58.17.1, b.1.8.1
Probab=83.50  E-value=0.75  Score=18.04  Aligned_cols=6  Identities=50%  Similarity=0.595  Sum_probs=4.6  Template_Neff=9.300

Q ACGVIG            1 ACGVIG    6 (6)
Q Consensus         1 acgvig    6 (6)
                      |||+|+
T Consensus       210 aCg~I~  215 (222)
T 1QUP_B          210 FLGVIA  215 (222)
T ss_dssp             EEEECE
T ss_pred             EEEEEE
Confidence            688885


No 32
>5J0F_B Superoxide dismutase [Cu-Zn],OXIDOREDUCTASE,Superoxide dismutase [Cu-Zn]; SOD1, OXIDOREDUCTASE; HET: GOL; 1.25A {Homo sapiens}
Probab=83.45  E-value=0.76  Score=16.71  Aligned_cols=6  Identities=83%  Similarity=1.282  Sum_probs=4.0  Template_Neff=8.900

Q ACGVIG            1 ACGVIG    6 (6)
Q Consensus         1 acgvig    6 (6)
                      |||+|+
T Consensus        52 acg~I~   57 (114)
T 5J0F_B           52 ASGVIG   57 (114)
T ss_dssp             EEEEEE
T ss_pred             EEEEEE
Confidence            577764


No 33
>5IN2_A Extracellular superoxide dismutase [Cu-Zn] (E.C.1.15.1.1); Ec Ov-SOD, Onchcerca Volvulus, prodrug; HET: GOL, PGE; 1.55A {Onchocerca volvulus}
Probab=83.39  E-value=0.77  Score=18.18  Aligned_cols=6  Identities=100%  Similarity=1.913  Sum_probs=4.7  Template_Neff=7.900

Q ACGVIG            1 ACGVIG    6 (6)
Q Consensus         1 acgvig    6 (6)
                      |||+|+
T Consensus       148 aCg~I~  153 (158)
T 5IN2_A          148 ACGVIG  153 (158)
T ss_dssp             EEEECE
T ss_pred             EEEEEE
Confidence            689884


No 34
>2E46_A Time interval measuring enzyme TIME; metalloprotein, METAL BINDING PROTEIN; 2.3A {Bombyx mori}
Probab=83.31  E-value=0.78  Score=18.08  Aligned_cols=6  Identities=100%  Similarity=1.913  Sum_probs=4.7  Template_Neff=8.000

Q ACGVIG            1 ACGVIG    6 (6)
Q Consensus         1 acgvig    6 (6)
                      |||+|+
T Consensus       150 ACg~I~  155 (157)
T 2E46_A          150 ACGVIG  155 (157)
T ss_dssp             EEEECE
T ss_pred             eeEEEE
Confidence            688885


No 35
>2AQP_A superoxide dismutase, electrostatic guidance, neisseria; HET: EDO; 1.3A {Neisseria meningitidis}
Probab=83.26  E-value=0.78  Score=18.25  Aligned_cols=6  Identities=83%  Similarity=1.486  Sum_probs=4.7  Template_Neff=7.900

Q ACGVIG            1 ACGVIG    6 (6)
Q Consensus         1 acgvig    6 (6)
                      |||+|+
T Consensus       159 ACg~I~  164 (164)
T 2AQP_A          159 ACGVIK  164 (164)
T ss_dssp             EEEEEC
T ss_pred             eeEEeC
Confidence            689885


No 36
>4XCR_A ROXIDE DISMUTASE [CU-ZN]; oxidoreductase; 3.602A {Homo sapiens}
Probab=83.26  E-value=0.78  Score=17.20  Aligned_cols=6  Identities=83%  Similarity=1.282  Sum_probs=4.6  Template_Neff=8.000

Q ACGVIG            1 ACGVIG    6 (6)
Q Consensus         1 acgvig    6 (6)
                      |||+|+
T Consensus       102 aCg~I~  107 (110)
T 4XCR_A          102 ASGVIG  107 (110)
T ss_dssp             EEEECE
T ss_pred             EEEEEE
Confidence            688874


No 37
>1JK9_D protein-protein complex, heterodimer, metallochaperone, chaperone; HET: SO4; 2.9A {Saccharomyces cerevisiae} SCOP: b.1.8.1, d.58.17.1
Probab=83.21  E-value=0.79  Score=18.47  Aligned_cols=6  Identities=50%  Similarity=0.595  Sum_probs=4.5  Template_Neff=9.000

Q ACGVIG            1 ACGVIG    6 (6)
Q Consensus         1 acgvig    6 (6)
                      |||+|+
T Consensus       211 aCg~I~  216 (249)
T 1JK9_D          211 FLGVIA  216 (249)
T ss_dssp             EEEECE
T ss_pred             EEEEEE
Confidence            688875


No 38
>6FN8_B Copper chaperone for superoxide dismutase; ImgG-like, copper-chaperone, zinc-binding, protein maturation; 1.55A {Homo sapiens}
Probab=83.08  E-value=0.81  Score=17.82  Aligned_cols=6  Identities=67%  Similarity=1.558  Sum_probs=4.6  Template_Neff=8.200

Q ACGVIG            1 ACGVIG    6 (6)
Q Consensus         1 acgvig    6 (6)
                      |||+|+
T Consensus       142 aCg~I~  147 (152)
T 6FN8_B          142 ACGIIA  147 (152)
T ss_dssp             EEEEEE
T ss_pred             EEEEEE
Confidence            688884


No 39
>3F7K_A Copper,Zinc Superoxide Dismutase (E.C.1.15.1.1); OXIDOREDUCTASE (SUPEROXIDE ACCEPTOR), superoxide dismutase; HET: SO4; 1.35A {Alvinella pompejana}
Probab=82.99  E-value=0.82  Score=17.87  Aligned_cols=6  Identities=100%  Similarity=1.913  Sum_probs=4.6  Template_Neff=8.100

Q ACGVIG            1 ACGVIG    6 (6)
Q Consensus         1 acgvig    6 (6)
                      |||+|+
T Consensus       143 ACg~I~  148 (152)
T 3F7K_A          143 ACGVIG  148 (152)
T ss_dssp             EEEECE
T ss_pred             EeEEEE
Confidence            688885


No 40
>2E47_B Time interval measuring enzyme TIME; motalloprotein, glycoprotein, METAL BINDING PROTEIN; HET: MAN, NAG; 2.11A {Bombyx mori}
Probab=82.91  E-value=0.83  Score=18.06  Aligned_cols=6  Identities=100%  Similarity=1.913  Sum_probs=4.7  Template_Neff=7.900

Q ACGVIG            1 ACGVIG    6 (6)
Q Consensus         1 acgvig    6 (6)
                      |||+|+
T Consensus       149 ACg~I~  154 (156)
T 2E47_B          149 ACGVIG  154 (156)
T ss_dssp             EEEECE
T ss_pred             EEEEEE
Confidence            688885


No 41
>4OJA_A Superoxide dismutase [Cu-Zn] (E.C.1.15.1.1); Greek key motif, radical oxygen; 2.277A {Hydra vulgaris}
Probab=82.73  E-value=0.85  Score=18.50  Aligned_cols=6  Identities=83%  Similarity=1.841  Sum_probs=4.8  Template_Neff=7.500

Q ACGVIG            1 ACGVIG    6 (6)
Q Consensus         1 acgvig    6 (6)
                      |||+|+
T Consensus       162 ACg~I~  167 (170)
T 4OJA_A          162 SCGVIG  167 (170)
T ss_dssp             EEEEEE
T ss_pred             EEEEEE
Confidence            789885


No 42
>1Z9P_A Superoxide dismutase [Cu-Zn] (E.C.1.15.1.1); CU-ZN SOD, SOD, METALLOENZYMES, OXIDOREDUCTASE; 1.5A {Haemophilus ducreyi}
Probab=82.41  E-value=0.9  Score=17.88  Aligned_cols=6  Identities=83%  Similarity=1.486  Sum_probs=4.7  Template_Neff=8.000

Q ACGVIG            1 ACGVIG    6 (6)
Q Consensus         1 acgvig    6 (6)
                      |||+|+
T Consensus       150 ACg~I~  155 (155)
T 1Z9P_A          150 ACGVIK  155 (155)
T ss_dssp             EEEEEC
T ss_pred             eeEEeC
Confidence            688885


No 43
>7RH6_G Electron transport chain, CIII2CIV2 supercomplex; HET: 9XX, HEA, HEC, HEM, PLM, 9Y0, 9YF, CDL, MQ9; 3.5A {Mycolicibacterium smegmatis (strain ATCC 700084 / mc(2)155)}
Probab=82.30  E-value=0.92  Score=19.65  Aligned_cols=6  Identities=83%  Similarity=1.569  Sum_probs=5.0  Template_Neff=6.500

Q ACGVIG            1 ACGVIG    6 (6)
Q Consensus         1 acgvig    6 (6)
                      |||||+
T Consensus       209 ACGvI~  214 (216)
T 7RH6_G          209 ACGVIS  214 (216)
T ss_pred             EEEEEE
Confidence            799985


No 44
>3F7L_A Copper,Zinc Superoxide Dismutase (E.C.1.15.1.1); OXIDOREDUCTASE (SUPEROXIDE ACCEPTOR), superoxide dismutase; HET: ACY, SO4; 0.99A {Alvinella pompejana}
Probab=82.08  E-value=0.95  Score=17.63  Aligned_cols=6  Identities=100%  Similarity=1.913  Sum_probs=4.6  Template_Neff=8.200

Q ACGVIG            1 ACGVIG    6 (6)
Q Consensus         1 acgvig    6 (6)
                      |||+|+
T Consensus       143 ACg~I~  148 (152)
T 3F7L_A          143 ACGVIG  148 (152)
T ss_dssp             EEEECE
T ss_pred             EeEEEE
Confidence            688874


No 45
>2JLP_D EXTRACELLULAR SUPEROXIDE DISMUTASE (CU-ZN) (E.C.1.15.1.1); GLYCOLISATION, OXIDOREDUCTASE, HEPARIN BINDING, HEPARIN-BINDING; HET: SCN; 1.7A {HOMO SAPIENS}
Probab=82.02  E-value=0.96  Score=19.53  Aligned_cols=6  Identities=67%  Similarity=1.387  Sum_probs=4.8  Template_Neff=6.700

Q ACGVIG            1 ACGVIG    6 (6)
Q Consensus         1 acgvig    6 (6)
                      |||+|+
T Consensus       188 ACGvI~  193 (222)
T 2JLP_D          188 ACCVVG  193 (222)
T ss_dssp             EEEECE
T ss_pred             EEEEEE
Confidence            688885


No 46
>1EQW_B CRYSTAL STRUCTURE OF SALMONELLA TYPHIMURIUM; superoxide dismutase, Greek key b-barrel; 2.3A {Salmonella typhimurium} SCOP: b.1.8.1
Probab=82.01  E-value=0.96  Score=17.89  Aligned_cols=6  Identities=83%  Similarity=1.503  Sum_probs=4.7  Template_Neff=7.900

Q ACGVIG            1 ACGVIG    6 (6)
Q Consensus         1 acgvig    6 (6)
                      |||+|+
T Consensus       150 aCg~I~  155 (156)
T 1EQW_B          150 ACGVIE  155 (156)
T ss_dssp             EEEECC
T ss_pred             eeEEEe
Confidence            688885


No 47
>6FON_C Copper chaperone for superoxide dismutase; chaperone, zinc, copper, heterodimer, METAL; 3.05A {Homo sapiens}
Probab=81.89  E-value=0.98  Score=18.39  Aligned_cols=6  Identities=67%  Similarity=1.558  Sum_probs=4.5  Template_Neff=8.800

Q ACGVIG            1 ACGVIG    6 (6)
Q Consensus         1 acgvig    6 (6)
                      |||+|+
T Consensus       219 aCg~I~  224 (252)
T 6FON_C          219 ACGIIA  224 (252)
T ss_dssp             EEEECE
T ss_pred             EEEEEE
Confidence            688875


No 48
>1XTM_A Hypothetical superoxide dismutase-like protein yojM; SOD, Cu-Zn SOD, SOD-like, superoxide; 1.6A {Bacillus subtilis}
Probab=81.58  E-value=1  Score=18.28  Aligned_cols=6  Identities=33%  Similarity=0.927  Sum_probs=4.7  Template_Neff=7.600

Q ACGVIG            1 ACGVIG    6 (6)
Q Consensus         1 acgvig    6 (6)
                      |||+|+
T Consensus       164 ACg~I~  169 (175)
T 1XTM_A          164 VCGALL  169 (175)
T ss_dssp             EEEEEC
T ss_pred             EEEEEE
Confidence            688885


No 49
>3L9E_A Superoxide dismutase [Cu-Zn] (E.C.1.15.1.1); Greek-key-barrel, Antioxidant, Cytoplasm, Disulfide bond; 2.05A {Bombyx mori}
Probab=81.47  E-value=1  Score=17.62  Aligned_cols=6  Identities=100%  Similarity=1.913  Sum_probs=4.6  Template_Neff=8.100

Q ACGVIG            1 ACGVIG    6 (6)
Q Consensus         1 acgvig    6 (6)
                      |||+|+
T Consensus       145 ACg~I~  150 (154)
T 3L9E_A          145 ACGVIG  150 (154)
T ss_dssp             EEEEEE
T ss_pred             EeEEEE
Confidence            688884


No 50
>5YTU_E Superoxide dismutase [Cu-Zn] (E.C.1.15.1.1); isoproteranol, Complex, Dimer stabilizer, OXIDOREDUCTASE; HET: TAM, GOL, 5FW, S4P; 1.9A {Homo sapiens}
Probab=80.84  E-value=1.1  Score=18.35  Aligned_cols=6  Identities=100%  Similarity=1.913  Sum_probs=4.7  Template_Neff=7.400

Q ACGVIG            1 ACGVIG    6 (6)
Q Consensus         1 acgvig    6 (6)
                      |||+|+
T Consensus       172 ACgvI~  177 (180)
T 5YTU_E          172 ACGVIG  177 (180)
T ss_dssp             EEEECE
T ss_pred             EEEEEE
Confidence            688885


No 51
>4N3T_A Potential secreted Cu/Zn superoxide dismutase; antioxidant, oxidative burst, oxidoreductase, zinc; HET: SO4; 1.4A {Candida albicans}
Probab=80.67  E-value=1.2  Score=17.63  Aligned_cols=6  Identities=33%  Similarity=0.689  Sum_probs=4.5  Template_Neff=8.000

Q ACGVIG            1 ACGVIG    6 (6)
Q Consensus         1 acgvig    6 (6)
                      |||+|+
T Consensus       139 aCg~I~  144 (159)
T 4N3T_A          139 NCANIT  144 (159)
T ss_dssp             EEEEEE
T ss_pred             ecEEEE
Confidence            688874


No 52
>5J0G_B OXIDOREDUCTASE,Superoxide dismutase [Cu-Zn] (E.C.1.15.1.1); SOD1, OXIDOREDUCTASE; 2.5A {Homo sapiens}
Probab=79.69  E-value=1.3  Score=17.05  Aligned_cols=6  Identities=83%  Similarity=1.282  Sum_probs=4.4  Template_Neff=7.400

Q ACGVIG            1 ACGVIG    6 (6)
Q Consensus         1 acgvig    6 (6)
                      ||++|+
T Consensus         6 ~c~~i~   11 (113)
T 5J0G_B            6 ASGVIG   11 (113)
T ss_dssp             EEEEEE
T ss_pred             EEEeee
Confidence            688875


No 53
>5YTO_C Superoxide dismutase [Cu-Zn] (E.C.1.15.1.1); dismutase, ligand complex, dimer, OXIDOREDUCTASE; HET: PS5, 946, GOL; 1.9A {Homo sapiens}
Probab=78.81  E-value=1.5  Score=18.09  Aligned_cols=6  Identities=100%  Similarity=1.913  Sum_probs=4.7  Template_Neff=7.300

Q ACGVIG            1 ACGVIG    6 (6)
Q Consensus         1 acgvig    6 (6)
                      |||+|+
T Consensus       172 ACg~I~  177 (180)
T 5YTO_C          172 ACGVIG  177 (180)
T ss_dssp             EEEECE
T ss_pred             EEEEEE
Confidence            689884


No 54
>5YTU_G Superoxide dismutase [Cu-Zn] (E.C.1.15.1.1); isoproteranol, Complex, Dimer stabilizer, OXIDOREDUCTASE; HET: 5FW, GOL, TAM, S4P; 1.9A {Homo sapiens}
Probab=78.81  E-value=1.5  Score=18.09  Aligned_cols=6  Identities=100%  Similarity=1.913  Sum_probs=4.7  Template_Neff=7.300

Q ACGVIG            1 ACGVIG    6 (6)
Q Consensus         1 acgvig    6 (6)
                      |||+|+
T Consensus       172 ACg~I~  177 (180)
T 5YTU_G          172 ACGVIG  177 (180)
T ss_dssp             EEEECE
T ss_pred             EEEEEE
Confidence            689884


No 55
>2WYT_F SUPEROXIDE DISMUTASE [CU-ZN] (E.C.1.15.1.1); OXIDOREDUCTASE, DISEASE MUTATION, AMYOTROPHIC LATERAL; HET: SO4; 1.0A {HOMO SAPIENS}
Probab=78.69  E-value=1.5  Score=17.16  Aligned_cols=6  Identities=100%  Similarity=1.913  Sum_probs=4.5  Template_Neff=8.100

Q ACGVIG            1 ACGVIG    6 (6)
Q Consensus         1 acgvig    6 (6)
                      |||+|+
T Consensus       145 ACg~I~  150 (153)
T 2WYT_F          145 ACGVIG  150 (153)
T ss_dssp             EEEECE
T ss_pred             EEEEEE
Confidence            688874


No 56
>4A7U_F SUPEROXIDE DISMUTASE [CU-ZN] (E.C.1.15.1.1); OXIDOREDUCTASE, AMYOTROPHIC LATERAL SCLEROSIS, ANTIOXIDANT; HET: ALE, SO4; 0.98A {HOMO SAPIENS}
Probab=78.16  E-value=1.6  Score=17.15  Aligned_cols=6  Identities=100%  Similarity=1.913  Sum_probs=4.5  Template_Neff=8.000

Q ACGVIG            1 ACGVIG    6 (6)
Q Consensus         1 acgvig    6 (6)
                      |||+|.
T Consensus       145 ACg~I~  150 (153)
T 4A7U_F          145 ACGVIG  150 (153)
T ss_dssp             EEEECE
T ss_pred             EeEEEE
Confidence            688874


No 57
>6FP6_B Copper chaperone for superoxide dismutase; heterodimer, copper-chaperone, hSOD1, protein maturation; HET: ZN, PPI; 3.0A {Homo sapiens}
Probab=77.79  E-value=1.7  Score=18.05  Aligned_cols=6  Identities=67%  Similarity=1.558  Sum_probs=4.3  Template_Neff=8.600

Q ACGVIG            1 ACGVIG    6 (6)
Q Consensus         1 acgvig    6 (6)
                      |||+|+
T Consensus       226 aCg~I~  231 (274)
T 6FP6_B          226 ACGIIA  231 (274)
T ss_dssp             EEEECE
T ss_pred             EEEEEE
Confidence            688874


No 58
>5J07_B Superoxide dismutase [Cu-Zn],Superoxide dismutase [Cu-Zn],Superoxide; SOD1, OXIDOREDUCTASE; 2.0A {Homo sapiens}
Probab=75.63  E-value=2.2  Score=16.40  Aligned_cols=6  Identities=83%  Similarity=1.282  Sum_probs=4.1  Template_Neff=7.600

Q ACGVIG            1 ACGVIG    6 (6)
Q Consensus         1 acgvig    6 (6)
                      |||+|+
T Consensus        91 aCg~I~   96 (115)
T 5J07_B           91 ASGVIG   96 (115)
T ss_dssp             EEEEEE
T ss_pred             EEEEEE
Confidence            678774


No 59
>1FUN_B OXIDOREDUCTASE, SUPEROXIDE ACCEPTOR; HET: CU, ZN; 2.85A {Homo sapiens} SCOP: b.1.8.1
Probab=75.35  E-value=2.2  Score=16.71  Aligned_cols=6  Identities=100%  Similarity=1.913  Sum_probs=4.4  Template_Neff=8.100

Q ACGVIG            1 ACGVIG    6 (6)
Q Consensus         1 acgvig    6 (6)
                      |||+|.
T Consensus       145 ACg~I~  150 (153)
T 1FUN_B          145 ACGVIG  150 (153)
T ss_dssp             EEEECE
T ss_pred             EeEEEE
Confidence            688874


No 60
>5KBK_A Cell surface Cu-only superoxide dismutase; Antioxidant, Oxidative burst, Oxidoreductase, Zinc; HET: SO4; 1.411A {Candida albicans (strain SC5314 / ATCC MYA-2876)}
Probab=74.77  E-value=2.4  Score=16.86  Aligned_cols=6  Identities=33%  Similarity=0.689  Sum_probs=4.4  Template_Neff=7.900

Q ACGVIG            1 ACGVIG    6 (6)
Q Consensus         1 acgvig    6 (6)
                      |||+|+
T Consensus       139 aCg~I~  144 (159)
T 5KBK_A          139 NCANIT  144 (159)
T ss_dssp             EEEEEE
T ss_pred             ecEEEE
Confidence            688874


No 61
>5U9M_B Superoxide dismutase [Cu-Zn] (E.C.1.15.1.1), Superoxide; oxidoreductase-chaperone complex, Cu-Zn superoxide dismutase; 2.35A {Homo sapiens}
Probab=73.77  E-value=2.6  Score=17.30  Aligned_cols=6  Identities=50%  Similarity=0.595  Sum_probs=4.2  Template_Neff=8.600

Q ACGVIG            1 ACGVIG    6 (6)
Q Consensus         1 acgvig    6 (6)
                      |||+|+
T Consensus       210 aCg~I~  215 (248)
T 5U9M_B          210 FLGVIA  215 (248)
T ss_dssp             EEEECE
T ss_pred             EEEEEE
Confidence            688774


No 62
>6DTK_G Tetrabrachion,Neuraminidase (E.C.3.2.1.18); Copper/Zinc superoxide dismutase Cu, Zn-SOD1; HET: CU, ZN; 2.0A {Homo sapiens}
Probab=73.70  E-value=2.6  Score=17.95  Aligned_cols=6  Identities=100%  Similarity=1.913  Sum_probs=4.7  Template_Neff=8.500

Q ACGVIG            1 ACGVIG    6 (6)
Q Consensus         1 acgvig    6 (6)
                      |||+|+
T Consensus       315 ACg~I~  320 (323)
T 6DTK_G          315 ACGVIG  320 (323)
T ss_dssp             EEEECE
T ss_pred             EEEEEE
Confidence            688885


No 63
>6D52_D Superoxide dismutase [Cu-Zn] 1 (E.C.1.15.1.1); Superoxide dismutase, SOD, Cu-Zn superoxide; 1.6A {Salmonella typhimurium (strain 4/74)}
Probab=70.44  E-value=3.5  Score=16.70  Aligned_cols=6  Identities=83%  Similarity=1.503  Sum_probs=4.4  Template_Neff=7.500

Q ACGVIG            1 ACGVIG    6 (6)
Q Consensus         1 acgvig    6 (6)
                      |||+|.
T Consensus       151 ACg~I~  156 (165)
T 6D52_D          151 ACGVIE  156 (165)
T ss_dssp             EEEEEC
T ss_pred             EEEEEE
Confidence            688874


