Query         LAIVYV
Match_columns 6
No_of_seqs    1 out of 1
Neff          1
Searched_HMMs 90378
Date          Mon Dec 20 13:39:42 2021
Command       /media/stefano/DISCO1/FOLDEN/hh-suite/build/bin/hhsearch -i /media/stefano/DISCO1/FOLDEN/trRosetta2/example/LAIVYV/protein.hhm -d /media/stefano/DISCO1/FOLDEN/trRosettaX/pdb70/pdb70 -o /media/stefano/DISCO1/FOLDEN/trRosetta2/example/LAIVYV/protein.out -cpu 32 

 No Hit                             Prob E-value P-value  Score    SS Cols Query HMM  Template HMM
  1 5LVF_A Regulator of Ty1 transp   9.5 3.1E+02  0.0034   10.1   0.0    6    1-6      58-63  (142)
  2 6XKB_D SR-related and CTD-asso   8.6 3.5E+02  0.0039    9.9   0.0    6    1-6      61-66  (140)
  3 1N45_B heme oxygenase 1 (E.C.1   8.3 3.7E+02  0.0041   10.7   0.0    6    1-6     130-135 (233)
  4 4WMH_A Human Heme Oxygenase (E   8.3 3.7E+02  0.0041   10.2   0.0    6    1-6     120-125 (207)
  5 4NAC_B Regulation of nuclear p   8.1 3.8E+02  0.0042   10.0   0.0    6    1-6      57-62  (139)
  6 1SK7_A hypothetical protein pa   8.0 3.9E+02  0.0043   10.3   0.0    6    1-6     113-118 (198)
  7 3HG9_B PilM; STRUCTURAL GENOMI   7.6 4.2E+02  0.0046   11.3   0.0    5    2-6     118-122 (131)
  8 6KAC_m Photosystem II protein    7.5 4.3E+02  0.0047    9.9   0.0    6    1-6      22-27  (34)
  9 5B66_m Photosystem II protein    7.2 4.5E+02   0.005    9.9   0.0    6    1-6      22-27  (36)
 10 5V2C_M Photosystem II protein    7.2 4.5E+02   0.005    9.9   0.0    6    1-6      22-27  (36)

No 1
>5LVF_A Regulator of Ty1 transposition protein; transcription, CTD-interacting domain, RNAPII CTD; HET: TPO; NMR {Saccharomyces cerevisiae}
Probab=9.45  E-value=3.1e+02  Score=10.08  Aligned_cols=6  Identities=33%  Similarity=0.539  Sum_probs=0.0  Template_Neff=9.500

Q LAIVYV            1 LAIVYV    6 (6)
Q Consensus         1 laivyv    6 (6)
                      |.+.||
T Consensus        58 l~llYl   63 (142)
T 5LVF_A           58 LLGLYL   63 (142)
T ss_dssp             HHHHHH
T ss_pred             HHHHHH


No 2
>6XKB_D SR-related and CTD-associated factor 4; SCAF4-CID, Structural Genomics, Structural Genomics; HET: SEP, BTN, UNX; 1.6A {Homo sapiens}
Probab=8.63  E-value=3.5e+02  Score=9.87  Aligned_cols=6  Identities=33%  Similarity=0.589  Sum_probs=0.0  Template_Neff=9.600

Q LAIVYV            1 LAIVYV    6 (6)
Q Consensus         1 laivyv    6 (6)
                      |+++|+
T Consensus        61 l~~lyl   66 (140)
T 6XKB_D           61 VPGLYV   66 (140)
T ss_dssp             HHHHHH
T ss_pred             ccHHHH


No 3
>1N45_B heme oxygenase 1 (E.C.1.14.99.3); Alpha Helices, heme-binding site, OXIDOREDUCTASE; HET: HEM; 1.5A {Homo sapiens} SCOP: a.132.1.1
Probab=8.33  E-value=3.7e+02  Score=10.70  Aligned_cols=6  Identities=33%  Similarity=0.551  Sum_probs=0.0  Template_Neff=9.600

Q LAIVYV            1 LAIVYV    6 (6)
Q Consensus         1 laivyv    6 (6)
                      ++.+||
T Consensus       130 la~~yv  135 (233)
T 1N45_B          130 VAHAYT  135 (233)
T ss_dssp             HHHHCC
T ss_pred             HHHHHH


No 4
>4WMH_A Human Heme Oxygenase (E.C.1.14.99.3); HO2, Heme oxygenase, Oxygenase, Structural; 2.5A {Homo sapiens}
Probab=8.30  E-value=3.7e+02  Score=10.25  Aligned_cols=6  Identities=33%  Similarity=0.551  Sum_probs=0.0  Template_Neff=10.100

Q LAIVYV            1 LAIVYV    6 (6)
Q Consensus         1 laivyv    6 (6)
                      |+.+||
T Consensus       120 lg~~yv  125 (207)
T 4WMH_A          120 VAHAYT  125 (207)
T ss_dssp             HHHHHH
T ss_pred             HHHHHH


No 5
>4NAC_B Regulation of nuclear pre-mRNA domain-containing; alpha helix, TRANSCRIPTION; 2.002A {Homo sapiens}
Probab=8.12  E-value=3.8e+02  Score=9.95  Aligned_cols=6  Identities=33%  Similarity=0.944  Sum_probs=0.0  Template_Neff=9.200

Q LAIVYV            1 LAIVYV    6 (6)
Q Consensus         1 laivyv    6 (6)
                      |++.||
T Consensus        57 l~llYv   62 (139)
T 4NAC_B           57 LTFLYL   62 (139)
T ss_dssp             HHHHHH
T ss_pred             HHHHHH


No 6
>1SK7_A hypothetical protein pa-HO (E.C.1.14.99.3); heme oxygenase, heme degradation, regioselectivity; HET: HEM; 1.6A {Pseudomonas aeruginosa} SCOP: a.132.1.2
Probab=8.03  E-value=3.9e+02  Score=10.31  Aligned_cols=6  Identities=33%  Similarity=0.722  Sum_probs=0.0  Template_Neff=9.700

Q LAIVYV            1 LAIVYV    6 (6)
Q Consensus         1 laivyv    6 (6)
                      |+.+||
T Consensus       113 lG~~Yv  118 (198)
T 1SK7_A          113 LGWLFV  118 (198)
T ss_dssp             HHHHHH
T ss_pred             HHHHHH


No 7
>3HG9_B PilM; STRUCTURAL GENOMICS, CRYSTAL STRUCTURE,PROTEIN STRUCTURE; 2.4A {Pseudomonas aeruginosa}
Probab=7.55  E-value=4.2e+02  Score=11.30  Aligned_cols=5  Identities=60%  Similarity=0.674  Sum_probs=0.0  Template_Neff=5.700

Q LAIVYV            2 AIVYV    6 (6)
Q Consensus         2 aivyv    6 (6)
                      +||||
T Consensus       118 siV~~  122 (131)
T 3HG9_B          118 AVVAV  122 (131)
T ss_dssp             CEEEE
T ss_pred             CeEEe


No 8
>6KAC_m Photosystem II protein D1 (E.C.1.10.3.9); PhotosystemII, supercomplex, PHOTOSYNTHESIS; HET: LMG, OEX, DGD, PL9, HEM, PHO, CLA, LMU, NEX, LUT, XAT, SQD, CHL, LHG, BCR; 2.7A {Chlamydomonas reinhardtii}
Probab=7.46  E-value=4.3e+02  Score=9.88  Aligned_cols=6  Identities=67%  Similarity=1.099  Sum_probs=0.0  Template_Neff=2.900

Q LAIVYV            1 LAIVYV    6 (6)
Q Consensus         1 laivyv    6 (6)
                      |.|.||
T Consensus        22 LlilYv   27 (34)
T 6KAC_m           22 LLILYV   27 (34)
T ss_pred             HHHHHH


No 9
>5B66_m Photosystem II protein D1 (E.C.1.10.3.9); psii, photosystem, oxygen evolving, water; HET: LMG, PL9, DMS, OEX, UNL, LMT, PHO, CLA, FME, DGD, HEM, HTG, RRX, HEC, SQD, LHG, BCR; 1.85A {Thermosynechococcus vulcanus}
Probab=7.17  E-value=4.5e+02  Score=9.92  Aligned_cols=6  Identities=67%  Similarity=1.121  Sum_probs=0.0  Template_Neff=2.900

Q LAIVYV            1 LAIVYV    6 (6)
Q Consensus         1 laivyv    6 (6)
                      |.|.||
T Consensus        22 LlilYv   27 (36)
T 5B66_m           22 LIILYV   27 (36)
T ss_pred             HHHHHH


No 10
>5V2C_M Photosystem II protein D1 (E.C.1.10.3.9); ELECTRON TRANSPORT, PHOTOSYNTHESIS; HET: GOL, BCT, P6G, PHO, SQD, MHS, HEC, PE8, OEX, PG4, LHG, HEM, DGD, HTG, EDO, LMG, FME, PGE, CLA, LMT, 1PE, PL9, BCR, 2PE; 1.9A {Thermosynechococcus vulcanus}
Probab=7.17  E-value=4.5e+02  Score=9.92  Aligned_cols=6  Identities=67%  Similarity=1.121  Sum_probs=0.0  Template_Neff=2.900

Q LAIVYV            1 LAIVYV    6 (6)
Q Consensus         1 laivyv    6 (6)
                      |.|.||
T Consensus        22 LlilYv   27 (36)
T 5V2C_M           22 LIILYV   27 (36)
T ss_pred             HHHHHH


