Query         ATVSFD
Match_columns 6
No_of_seqs    1 out of 1
Neff          1
Searched_HMMs 90378
Date          Sun Dec 19 16:02:30 2021
Command       /media/stefano/DISCO1/FOLDEN/hh-suite/build/bin/hhsearch -i /media/stefano/DISCO1/FOLDEN/trRosetta2/example/ATVSFD/protein.hhm -d /media/stefano/DISCO1/FOLDEN/trRosettaX/pdb70/pdb70 -o /media/stefano/DISCO1/FOLDEN/trRosetta2/example/ATVSFD/protein.out -cpu 32 

 No Hit                             Prob E-value P-value  Score    SS Cols Query HMM  Template HMM
  1 1NIO_A b-luffin(E.C.3.2.2.22);  37.0      32 0.00036   14.4   0.0    6    1-6       1-6   (247)
  2 2XC8_A GENE 22 PRODUCT; SIPHOV   9.1 3.3E+02  0.0036   13.0   0.0    6    1-6      42-47  (146)
  3 2XC8_B GENE 22 PRODUCT; SIPHOV   9.1 3.3E+02  0.0036   13.0   0.0    6    1-6      42-47  (146)
  4 6IQT_B CagV; Helicobacter pylo   8.9 3.4E+02  0.0037   10.5   0.0    6    1-6     131-136 (166)
  5 6IQT_A CagV; Helicobacter pylo   8.9 3.4E+02  0.0037   10.5   0.0    6    1-6     131-136 (166)
  6 5DMA_A ATP-dependent DNA helic   8.3 3.7E+02  0.0041    9.2   0.0    6    1-6      33-38  (56)
  7 4NBP_A Large T antigen (E.C.3.   7.9   4E+02  0.0044   12.0   0.0    4    2-5      89-92  (132)
  8 2GRG_A hypothetical protein  Y   7.9   4E+02  0.0044   12.2   0.0    6    1-6      38-43  (120)
  9 1Z1D_B Replication protein A 3   7.8   4E+02  0.0044   12.0   0.0    4    2-5      89-92  (131)
 10 4FB3_B Large T antigen/ORI DNA   7.7 4.1E+02  0.0045   12.2   0.0    4    2-5      88-91  (146)

No 1
>1NIO_A b-luffin(E.C.3.2.2.22); Ribosome inactivating protein(RIP), beta-luffin, hydrolase; HET: NAG; 2.0A {Luffa aegyptiaca} SCOP: d.165.1.1
Probab=36.97  E-value=32  Score=14.40  Aligned_cols=6  Identities=67%  Similarity=0.888  Sum_probs=3.7  Template_Neff=8.300

Q ATVSFD            1 ATVSFD    6 (6)
Q Consensus         1 atvsfd    6 (6)
                      |||+||
T Consensus         1 ~~~~f~    6 (247)
T 1NIO_A            1 ANVSFS    6 (247)
T ss_pred             CeEEEe
Confidence            566664


No 2
>2XC8_A GENE 22 PRODUCT; SIPHOVIRIDAE, GRAM-POSITIVE PHAGE, VIRAL PROTEIN; HET: MSE; 2.35A {BACILLUS PHAGE SPP1}
Probab=9.05  E-value=3.3e+02  Score=13.00  Aligned_cols=6  Identities=67%  Similarity=0.955  Sum_probs=0.0  Template_Neff=2.100

Q ATVSFD            1 ATVSFD    6 (6)
Q Consensus         1 atvsfd    6 (6)
                      +.||||
T Consensus        42 e~VsfD   47 (146)
T 2XC8_A           42 EEVSFD   47 (146)
T ss_dssp             CCEEEE
T ss_pred             eeEEee


No 3
>2XC8_B GENE 22 PRODUCT; SIPHOVIRIDAE, GRAM-POSITIVE PHAGE, VIRAL PROTEIN; 2.35A {BACILLUS PHAGE SPP1}
Probab=9.05  E-value=3.3e+02  Score=13.00  Aligned_cols=6  Identities=67%  Similarity=0.955  Sum_probs=0.0  Template_Neff=2.100

Q ATVSFD            1 ATVSFD    6 (6)
Q Consensus         1 atvsfd    6 (6)
                      +.||||
T Consensus        42 e~VsfD   47 (146)
T 2XC8_B           42 EEVSFD   47 (146)
T ss_dssp             CCEEEE
T ss_pred             eeEEee


No 4
>6IQT_B CagV; Helicobacter pylori  Cag pathogenicity; HET: MSE; 1.922A {Helicobacter pylori 26695}
Probab=8.87  E-value=3.4e+02  Score=10.54  Aligned_cols=6  Identities=33%  Similarity=0.755  Sum_probs=0.0  Template_Neff=8.900

Q ATVSFD            1 ATVSFD    6 (6)
Q Consensus         1 atvsfd    6 (6)
                      |+++|+
T Consensus       131 ati~~~  136 (166)
T 6IQT_B          131 VTIYYD  136 (166)
T ss_dssp             EEEEEE
T ss_pred             EEEEEE


No 5
>6IQT_A CagV; Helicobacter pylori  Cag pathogenicity; HET: MSE; 1.922A {Helicobacter pylori 26695}
Probab=8.87  E-value=3.4e+02  Score=10.54  Aligned_cols=6  Identities=33%  Similarity=0.755  Sum_probs=0.0  Template_Neff=8.900

Q ATVSFD            1 ATVSFD    6 (6)
Q Consensus         1 atvsfd    6 (6)
                      |+++|+
T Consensus       131 ati~~~  136 (166)
T 6IQT_A          131 VTIYYD  136 (166)
T ss_dssp             EEEEEE
T ss_pred             EEEEEE


No 6
>5DMA_A ATP-dependent DNA helicase PcrA (E.C.3.6.4.12); RNA polymerase, PcrA/UvrD helicase, Tudor; 1.53A {Geobacillus stearothermophilus}
Probab=8.35  E-value=3.7e+02  Score=9.23  Aligned_cols=6  Identities=17%  Similarity=0.517  Sum_probs=0.0  Template_Neff=7.400

Q ATVSFD            1 ATVSFD    6 (6)
Q Consensus         1 atvsfd    6 (6)
                      .+|.|+
T Consensus        33 i~V~F~   38 (56)
T 5DMA_A           33 LDIAFP   38 (56)
T ss_dssp             EEEEET
T ss_pred             EEEECC


No 7
>4NBP_A Large T antigen (E.C.3.6.4.-); origin binding domain, DNA replication; HET: TLA; 1.315A {JC polyomavirus}
Probab=7.88  E-value=4e+02  Score=11.98  Aligned_cols=4  Identities=75%  Similarity=0.982  Sum_probs=0.0  Template_Neff=4.200

Q ATVSFD            2 TVSF    5 (6)
Q Consensus         2 tvsf    5 (6)
                      ||||
T Consensus        89 TVSf   92 (132)
T 4NBP_A           89 TFSF   92 (132)
T ss_dssp             SSSC
T ss_pred             ceEE


No 8
>2GRG_A hypothetical protein  Ynr034w-ap; helix/beta strand protein, Structural Genomics; NMR {Saccharomyces cerevisiae} SCOP: d.110.10.1
Probab=7.88  E-value=4e+02  Score=12.20  Aligned_cols=6  Identities=33%  Similarity=0.944  Sum_probs=0.0  Template_Neff=3.000

Q ATVSFD            1 ATVSFD    6 (6)
Q Consensus         1 atvsfd    6 (6)
                      .|+.||
T Consensus        38 GTLtFD   43 (120)
T 2GRG_A           38 GSLTFD   43 (120)
T ss_dssp             EEEEEC
T ss_pred             EEEEEc


No 9
>1Z1D_B Replication protein A 32 kDa; Winged Helix-turn-Helix motif, Origin binding; NMR {Homo sapiens} SCOP: d.89.1.1
Probab=7.83  E-value=4e+02  Score=11.96  Aligned_cols=4  Identities=75%  Similarity=0.982  Sum_probs=0.0  Template_Neff=4.200

Q ATVSFD            2 TVSF    5 (6)
Q Consensus         2 tvsf    5 (6)
                      ||||
T Consensus        89 TVSf   92 (131)
T 1Z1D_B           89 TFSF   92 (131)
T ss_dssp             SSSC
T ss_pred             ceEE


No 10
>4FB3_B Large T antigen/ORI DNA oligonucleotide; origin binding domain, protein-dna complex; 3.79A {Mouse polyomavirus}
Probab=7.73  E-value=4.1e+02  Score=12.20  Aligned_cols=4  Identities=75%  Similarity=1.173  Sum_probs=0.0  Template_Neff=4.000

Q ATVSFD            2 TVSF    5 (6)
Q Consensus         2 tvsf    5 (6)
                      ||||
T Consensus        88 TVSF   91 (146)
T 4FB3_B           88 SVSF   91 (146)
T ss_dssp             CCSC
T ss_pred             cEEE


