Query         AGSGSG
Match_columns 6
No_of_seqs    1 out of 1
Neff          1
Searched_HMMs 90378
Date          Sun Dec 19 14:04:39 2021
Command       /media/stefano/DISCO1/FOLDEN/hh-suite/build/bin/hhsearch -i /media/stefano/DISCO1/FOLDEN/trRosetta2/example/AGSGSG/protein.hhm -d /media/stefano/DISCO1/FOLDEN/trRosettaX/pdb70/pdb70 -o /media/stefano/DISCO1/FOLDEN/trRosetta2/example/AGSGSG/protein.out -cpu 32 

 No Hit                             Prob E-value P-value  Score    SS Cols Query HMM  Template HMM
  1 6QDV_D Eukaryotic initiation f  78.3     1.6 1.8E-05   18.8   0.0    6    1-6      53-58  (123)
  2 6ICZ_X Protein mago nashi homo  59.8     7.9 8.8E-05   17.9   0.0    6    1-6      72-77  (184)
  3 5XJC_X Pre-mRNA-processing-spl  59.2     8.3 9.2E-05   17.8   0.0    6    1-6      72-77  (184)
  4 4CEJ_A ATP-DEPENDENT HELICASE/  23.2      80 0.00089   15.5   0.0    6    1-6      30-35  (1232)
  5 4CEI_A ATP-DEPENDENT HELICASE/  22.7      83 0.00091   15.4   0.0    6    1-6      30-35  (1232)
  6 1W36_E EXODEOXYRIBONUCLEASE V   20.3   1E+02  0.0011   15.5   0.0    6    1-6      23-28  (1180)
  7 3K70_B Exodeoxyribonuclease V   20.3   1E+02  0.0011   15.5   0.0    6    1-6      23-28  (1180)
  8 3OU7_A SAM-dependent methyltra  20.0   1E+02  0.0011   11.0   0.0    5    2-6      54-58  (218)
  9 6K0W_C Adenine specific DNA me  19.9   1E+02  0.0011   15.0   0.0    5    1-5     427-431 (618)
 10 7NZI_A m7G Methyltransferase,   19.9   1E+02  0.0011   10.9   0.0    5    2-6      46-50  (213)

No 1
>6QDV_D Eukaryotic initiation factor 4A-III, RNA-binding; spliceosome, RNA, complex, SPLICING; HET: GTP, I6P, ATP, SEP; 3.3A {Homo sapiens}
Probab=78.29  E-value=1.6  Score=18.80  Aligned_cols=6  Identities=83%  Similarity=1.415  Sum_probs=3.6  Template_Neff=4.400

Q AGSGSG            1 AGSGSG    6 (6)
Q Consensus         1 agsgsg    6 (6)
                      ||.|||
T Consensus        53 AGAGSG   58 (123)
T 6QDV_D           53 AGAGSG   58 (123)
T ss_pred             cCcCCc
Confidence            466665


No 2
>6ICZ_X Protein mago nashi homolog 2; Human Post-catalytic Spliceosome, SPLICING; HET: GTP, ATP, SEP, I6P; 3.0A {Homo sapiens}
Probab=59.83  E-value=7.9  Score=17.93  Aligned_cols=6  Identities=83%  Similarity=1.415  Sum_probs=3.5  Template_Neff=3.800

Q AGSGSG            1 AGSGSG    6 (6)
Q Consensus         1 agsgsg    6 (6)
                      ||.|||
T Consensus        72 AGAGSG   77 (184)
T 6ICZ_X           72 AGAGSG   77 (184)
T ss_dssp             SCCCTT
T ss_pred             cccCcc
Confidence            456665


No 3
>5XJC_X Pre-mRNA-processing-splicing factor 8, 116 kDa; RNA splicing, human spliceosome, C*; HET: GTP, ATP, SEP, ADP, MG, IHP; 3.6A {Homo sapiens}
Probab=59.18  E-value=8.3  Score=17.83  Aligned_cols=6  Identities=83%  Similarity=1.415  Sum_probs=3.4  Template_Neff=3.900

Q AGSGSG            1 AGSGSG    6 (6)
Q Consensus         1 agsgsg    6 (6)
                      ||.|||
T Consensus        72 AGAGSG   77 (184)
T 5XJC_X           72 AGAGSG   77 (184)
T ss_dssp             CCCCST
T ss_pred             cCcCcc
Confidence            456665


No 4
>4CEJ_A ATP-DEPENDENT HELICASE/NUCLEASE SUBUNIT A (E.C.3.1.-.-; HYDROLASE-DNA COMPLEX, HELICASE-NUCLEASE, DNA BREAKS; HET: ANP; 3.0A {BACILLUS SUBTILIS SUBSP. SUBTILIS STR. 168}
Probab=23.15  E-value=80  Score=15.45  Aligned_cols=6  Identities=67%  Similarity=1.077  Sum_probs=2.9  Template_Neff=10.000

Q AGSGSG            1 AGSGSG    6 (6)
Q Consensus         1 agsgsg    6 (6)
                      ||.|||
T Consensus        30 A~aGsG   35 (1232)
T 4CEJ_A           30 AAAGSG   35 (1232)
T ss_dssp             ECTTSS
T ss_pred             cCCCCC
Confidence            345554


No 5
>4CEI_A ATP-DEPENDENT HELICASE/NUCLEASE SUBUNIT A (E.C.3.1.-.-; HYDROLASE-DNA COMPLEX, HELICASE-NUCLEASE, BACTERIAL PROTEINS; HET: ANP; 2.8A {BACILLUS SUBTILIS SUBSP. SUBTILIS STR. 168}
Probab=22.74  E-value=83  Score=15.41  Aligned_cols=6  Identities=67%  Similarity=1.077  Sum_probs=2.9  Template_Neff=10.000

Q AGSGSG            1 AGSGSG    6 (6)
Q Consensus         1 agsgsg    6 (6)
                      ||.|||
T Consensus        30 A~aGsG   35 (1232)
T 4CEI_A           30 AAAGSG   35 (1232)
T ss_pred             eCCCCC
Confidence            344554


No 6
>1W36_E EXODEOXYRIBONUCLEASE V BETA CHAIN (E.C.3.1.11.5); RECOMBINATION, HELICASE, NUCLEASE, HYDROLASE, DNA; 3.1A {ESCHERICHIA COLI} SCOP: c.52.1.24, c.37.1.19
Probab=20.33  E-value=1e+02  Score=15.52  Aligned_cols=6  Identities=50%  Similarity=1.033  Sum_probs=2.9  Template_Neff=9.200

Q AGSGSG            1 AGSGSG    6 (6)
Q Consensus         1 agsgsg    6 (6)
                      ||.|||
T Consensus        23 A~AGTG   28 (1180)
T 1W36_E           23 ASAGTG   28 (1180)
T ss_pred             cCCCCC
Confidence            344554


No 7
>3K70_B Exodeoxyribonuclease V beta chain (E.C.3.1.11.5); RECOMBINATION, HELICASE, NUCLEASE, HYDROLASE, DNA; HET: 5IU; 3.59A {Escherichia coli K-12}
Probab=20.33  E-value=1e+02  Score=15.52  Aligned_cols=6  Identities=50%  Similarity=1.033  Sum_probs=2.9  Template_Neff=9.200

Q AGSGSG            1 AGSGSG    6 (6)
Q Consensus         1 agsgsg    6 (6)
                      ||.|||
T Consensus        23 A~AGTG   28 (1180)
T 3K70_B           23 ASAGTG   28 (1180)
T ss_pred             cCCCCC
Confidence            344554


No 8
>3OU7_A SAM-dependent methyltransferase; O-Methyltransferase, SAM, hydroxyethylphosphonic acid, TRANSFERASE; HET: SAM, SO4; 2.3A {Streptomyces luridus}
Probab=19.96  E-value=1e+02  Score=10.99  Aligned_cols=5  Identities=60%  Similarity=1.159  Sum_probs=0.0  Template_Neff=11.600

Q AGSGSG            2 GSGSG    6 (6)
Q Consensus         2 gsgsg    6 (6)
                      |+|+|
T Consensus        54 G~g~G   58 (218)
T 3OU7_A           54 ASGTG   58 (218)
T ss_dssp             SCTTS
T ss_pred             CCCCC


No 9
>6K0W_C Adenine specific DNA methyltransferase (Mod); DNA methyltransferase, sinefungin, DNA BINDING; HET: SFG; 2.65A {Helicobacter pylori 26695}
Probab=19.92  E-value=1e+02  Score=14.98  Aligned_cols=5  Identities=80%  Similarity=1.285  Sum_probs=0.0  Template_Neff=7.800

Q AGSGSG            1 AGSGS    5 (6)
Q Consensus         1 agsgs    5 (6)
                      ||||+
T Consensus       427 aGSGT  431 (618)
T 6K0W_C          427 AGSGT  431 (618)
T ss_dssp             CTTCH
T ss_pred             CCCCH


No 10
>7NZI_A m7G Methyltransferase, Rossman-like fold, tRNA; HET: SAH, GOL; 3.1A {Bacillus subtilis (strain 168)}
Probab=19.87  E-value=1e+02  Score=10.88  Aligned_cols=5  Identities=60%  Similarity=1.425  Sum_probs=0.0  Template_Neff=11.700

Q AGSGSG            2 GSGSG    6 (6)
Q Consensus         2 gsgsg    6 (6)
                      |+|+|
T Consensus        46 G~G~G   50 (213)
T 7NZI_A           46 GTGKG   50 (213)
T ss_dssp             CCSSS
T ss_pred             CCCCC


