Query         GYQAYN
Match_columns 6
No_of_seqs    1 out of 1
Neff          1
Searched_HMMs 90378
Date          Mon Dec 20 05:31:45 2021
Command       /media/stefano/DISCO1/FOLDEN/hh-suite/build/bin/hhsearch -i /media/stefano/DISCO1/FOLDEN/trRosetta2/example/GYQAYN/protein.hhm -d /media/stefano/DISCO1/FOLDEN/trRosettaX/pdb70/pdb70 -o /media/stefano/DISCO1/FOLDEN/trRosetta2/example/GYQAYN/protein.out -cpu 32 

 No Hit                             Prob E-value P-value  Score    SS Cols Query HMM  Template HMM
  1 6EWZ_A GTP pyrophosphokinase (  16.8 1.4E+02  0.0015   13.0   0.0    6    1-6     150-155 (237)
  2 5DEC_A GTP pyrophosphokinase Y  16.6 1.4E+02  0.0015   12.6   0.0    6    1-6     122-127 (218)
  3 6FGK_D GTP pyrophosphokinase Y  15.7 1.5E+02  0.0017   12.2   0.0    6    1-6     130-135 (210)
  4 4FRY_B Putative signal-transdu  15.3 1.6E+02  0.0017   10.0   0.0    6    1-6       1-6   (157)
  5 5V0S_A Prephenate dehydrogenas  12.5 2.1E+02  0.0023    8.3   0.0    5    1-5      65-69  (69)
  6 6BBK_A Fimbrial protein; Pseud  12.4 2.1E+02  0.0023   10.4   0.0    5    1-5       1-5   (126)
  7 3L9D_B Putative GTP pyrophosph  12.4 2.1E+02  0.0023   12.7   0.0    6    1-6     147-152 (255)
  8 4TUW_A SLBP-5E/RNA Complex; SL  11.9 2.3E+02  0.0025   11.9   0.0    5    1-5      27-31  (93)
  9 4TUW_B SLBP-5E/RNA Complex; SL  11.9 2.3E+02  0.0025   11.9   0.0    5    1-5      27-31  (93)
 10 5NTU_A Growth/differentiation   11.8 2.3E+02  0.0025   11.8   0.0    5    1-5     263-267 (335)

No 1
>6EWZ_A GTP pyrophosphokinase (E.C.2.7.6.5); magic spot, (p)ppGpp, small alarmone; HET: APC, GTP; 2.24A {Staphylococcus aureus}
Probab=16.78  E-value=1.4e+02  Score=12.97  Aligned_cols=6  Identities=33%  Similarity=1.010  Sum_probs=0.0  Template_Neff=7.500

Q GYQAYN            1 GYQAYN    6 (6)
Q Consensus         1 gyqayn    6 (6)
                      ||++++
T Consensus       150 GYrs~H  155 (237)
T 6EWZ_A          150 GYRSLH  155 (237)
T ss_dssp             CCCCEE
T ss_pred             CceeEE


No 2
>5DEC_A GTP pyrophosphokinase YjbM (E.C.2.7.6.5); (p)ppGpp, stringent response, alarmone, allosteric; 2.0A {Bacillus subtilis (strain 168)}
Probab=16.57  E-value=1.4e+02  Score=12.59  Aligned_cols=6  Identities=50%  Similarity=1.442  Sum_probs=0.0  Template_Neff=7.900

Q GYQAYN            1 GYQAYN    6 (6)
Q Consensus         1 gyqayn    6 (6)
                      ||++++
T Consensus       122 GYrsiH  127 (218)
T 5DEC_A          122 GYRSYH  127 (218)
T ss_dssp             CCCCEE
T ss_pred             CceEEE


No 3
>6FGK_D GTP pyrophosphokinase YwaC (E.C.2.7.6.5); Stringent response, alarmone, SAS2, RelP; 3.2A {Bacillus subtilis (strain 168)}
Probab=15.68  E-value=1.5e+02  Score=12.22  Aligned_cols=6  Identities=33%  Similarity=1.010  Sum_probs=0.0  Template_Neff=8.300

Q GYQAYN            1 GYQAYN    6 (6)
Q Consensus         1 gyqayn    6 (6)
                      ||++.+
T Consensus       130 GYrs~H  135 (210)
T 6FGK_D          130 GYRSLH  135 (210)
T ss_dssp             CCCCEE
T ss_pred             CeEEEe


No 4
>4FRY_B Putative signal-transduction protein with CBS; CBS domain,SSGCID, Structural Genomics, NIAID; HET: NAD, AMP; 2.1A {Burkholderia ambifaria}
Probab=15.25  E-value=1.6e+02  Score=10.04  Aligned_cols=6  Identities=17%  Similarity=0.240  Sum_probs=0.0  Template_Neff=11.400

Q GYQAYN            1 GYQAYN    6 (6)
Q Consensus         1 gyqayn    6 (6)
                      |++.++
T Consensus         1 ~~~~~~    6 (157)
T 4FRY_B            1 GPGSMS    6 (157)
T ss_dssp             -----C
T ss_pred             CCCccc


No 5
>5V0S_A Prephenate dehydrogenase (E.C.1.3.1.12); prephenate dehydrogenase, tyrA, Bacillus anthracis; HET: MSE; 2.01A {Bacillus anthracis}
Probab=12.52  E-value=2.1e+02  Score=8.35  Aligned_cols=5  Identities=60%  Similarity=1.185  Sum_probs=0.0  Template_Neff=11.200

Q GYQAYN            1 GYQAY    5 (6)
Q Consensus         1 gyqay    5 (6)
                      ||..|
T Consensus        65 ~~~v~   69 (69)
T 5V0S_A           65 KYQTY   69 (69)
T ss_dssp             TCCBC
T ss_pred             CCccC


No 6
>6BBK_A Fimbrial protein; Pseudomonas aeruginosa, type IV pili; 1.73A {Pseudomonas aeruginosa}
Probab=12.42  E-value=2.1e+02  Score=10.39  Aligned_cols=5  Identities=20%  Similarity=0.813  Sum_probs=0.0  Template_Neff=9.300

Q GYQAYN            1 GYQAY    5 (6)
Q Consensus         1 gyqay    5 (6)
                      +||-|
T Consensus         1 ~yq~Y    5 (126)
T 6BBK_A            1 GIDPF    5 (126)
T ss_dssp             --CHH
T ss_pred             CchhH


No 7
>3L9D_B Putative GTP pyrophosphokinase (E.C.2.7.6.5); GTP pyrophosphokinase, Kinase, TRANSFERASE; 2.484A {Streptococcus mutans}
Probab=12.38  E-value=2.1e+02  Score=12.73  Aligned_cols=6  Identities=50%  Similarity=1.442  Sum_probs=0.0  Template_Neff=7.100

Q GYQAYN            1 GYQAYN    6 (6)
Q Consensus         1 gyqayn    6 (6)
                      ||++++
T Consensus       147 GYrslH  152 (255)
T 3L9D_B          147 GYRSYH  152 (255)
T ss_dssp             CCCEEE
T ss_pred             CCceEE


No 8
>4TUW_A SLBP-5E/RNA Complex; SLBP, histone mRNA stem-loop, phospho; 2.902A {Drosophila melanogaster}
Probab=11.87  E-value=2.3e+02  Score=11.90  Aligned_cols=5  Identities=40%  Similarity=1.145  Sum_probs=0.0  Template_Neff=4.600

Q GYQAYN            1 GYQAY    5 (6)
Q Consensus         1 gyqay    5 (6)
                      ||+.|
T Consensus        27 gY~rY   31 (93)
T 4TUW_A           27 AYERY   31 (93)
T ss_dssp             HHHTC
T ss_pred             HHHHH


No 9
>4TUW_B SLBP-5E/RNA Complex; SLBP, histone mRNA stem-loop, phospho; 2.902A {Drosophila melanogaster}
Probab=11.87  E-value=2.3e+02  Score=11.90  Aligned_cols=5  Identities=40%  Similarity=1.145  Sum_probs=0.0  Template_Neff=4.600

Q GYQAYN            1 GYQAY    5 (6)
Q Consensus         1 gyqay    5 (6)
                      ||+.|
T Consensus        27 gY~rY   31 (93)
T 4TUW_B           27 AYERY   31 (93)
T ss_dssp             HHHTC
T ss_pred             HHHHH


No 10
>5NTU_A Growth/differentiation factor 8; growth factor, signalling protein, TGFbeta; HET: EDO; 2.58A {Homo sapiens}
Probab=11.84  E-value=2.3e+02  Score=11.77  Aligned_cols=5  Identities=40%  Similarity=0.620  Sum_probs=0.0  Template_Neff=9.900

Q GYQAYN            1 GYQAY    5 (6)
Q Consensus         1 gyqay    5 (6)
                      ||+||
T Consensus       263 ~y~a~  267 (335)
T 5NTU_A          263 RYKAN  267 (335)
T ss_pred             eEEeE


