Query         DQWNGK
Match_columns 6
No_of_seqs    1 out of 1
Neff          1
Searched_HMMs 90378
Date          Sun Dec 19 17:55:04 2021
Command       /media/stefano/DISCO1/FOLDEN/hh-suite/build/bin/hhsearch -i /media/stefano/DISCO1/FOLDEN/trRosetta2/example/DQWNGK/protein.hhm -d /media/stefano/DISCO1/FOLDEN/trRosettaX/pdb70/pdb70 -o /media/stefano/DISCO1/FOLDEN/trRosetta2/example/DQWNGK/protein.out -cpu 32 

 No Hit                             Prob E-value P-value  Score    SS Cols Query HMM  Template HMM
  1 5ODU_D PllA; PllA, Complex, Le  19.4 1.1E+02  0.0012   12.2   0.0    5    2-6       3-7   (122)
  2 5OFI_A Uncharacterized protein  19.4 1.1E+02  0.0012   12.2   0.0    5    2-6       3-7   (122)
  3 5OFX_G Uncharacterized protein  19.4 1.1E+02  0.0012   12.2   0.0    5    2-6       3-7   (122)
  4 2P3P_B Hypothetical protein; M  18.8 1.1E+02  0.0013   13.5   0.0    5    2-6     196-200 (207)
  5 6QZ1_A Mono(2-hydroxyethyl) te  18.6 1.1E+02  0.0013   15.1   0.0    5    2-6      81-85  (564)
  6 7C2H_G Actin, alpha skeletal m  17.5 1.3E+02  0.0014   11.2   0.0    5    2-6      41-45  (200)
  7 5FAF_A Gelsolin; amyloidosis,   17.4 1.3E+02  0.0014   11.1   0.0    5    2-6      52-56  (119)
  8 1RGI_G Gelsolin/Actin, alpha s  16.3 1.4E+02  0.0016   12.3   0.0    5    2-6      62-66  (346)
  9 4XHF_B NA(+)-TRANSLOCATING NAD  16.1 1.4E+02  0.0016   13.5   0.0    6    1-6     183-188 (260)
 10 1SVY_A SEVERIN; ACTIN-BINDING   15.4 1.5E+02  0.0017   10.5   0.0    5    2-6      52-56  (114)

No 1
>5ODU_D PllA; PllA, Complex, Lectin, CARBOHYDRATE, sugar; HET: AMG; 1.56A {Photorhabdus luminescens}
Probab=19.37  E-value=1.1e+02  Score=12.24  Aligned_cols=5  Identities=40%  Similarity=1.511  Sum_probs=0.0  Template_Neff=7.000

Q DQWNGK            2 QWNGK    6 (6)
Q Consensus         2 qwngk    6 (6)
                      +|+|+
T Consensus         3 ~w~g~    7 (122)
T 5ODU_D            3 DWSGS    7 (122)
T ss_dssp             CEEEE
T ss_pred             Ccccc


No 2
>5OFI_A Uncharacterized protein; PIIA, Complex, Lectin, SUGAR BINDING; HET: 9TQ; 2.0A {Photorhabdus luminescens}
Probab=19.37  E-value=1.1e+02  Score=12.24  Aligned_cols=5  Identities=40%  Similarity=1.511  Sum_probs=0.0  Template_Neff=7.000

Q DQWNGK            2 QWNGK    6 (6)
Q Consensus         2 qwngk    6 (6)
                      +|+|+
T Consensus         3 ~w~g~    7 (122)
T 5OFI_A            3 DWSGS    7 (122)
T ss_dssp             CEEEE
T ss_pred             Ccccc


No 3
>5OFX_G Uncharacterized protein; PllA, Complex, Lectin, carbohydrate, sugar; HET: GLC, FRU, GLA; 1.75A {Photorhabdus luminescens subsp. laumondii (strain DSM 15139 / CIP 105565 / TT01)}
Probab=19.37  E-value=1.1e+02  Score=12.24  Aligned_cols=5  Identities=40%  Similarity=1.511  Sum_probs=0.0  Template_Neff=7.000

Q DQWNGK            2 QWNGK    6 (6)
Q Consensus         2 qwngk    6 (6)
                      +|+|+
T Consensus         3 ~w~g~    7 (122)
T 5OFX_G            3 DWSGS    7 (122)
T ss_dssp             CEEEE
T ss_pred             Ccccc


No 4
>2P3P_B Hypothetical protein; MCSG, hypothetical protein, MAD, PSI-2; 1.76A {Porphyromonas gingivalis W83} SCOP: d.383.1.1
Probab=18.77  E-value=1.1e+02  Score=13.47  Aligned_cols=5  Identities=20%  Similarity=1.046  Sum_probs=0.0  Template_Neff=6.400

Q DQWNGK            2 QWNGK    6 (6)
Q Consensus         2 qwngk    6 (6)
                      .|||+
T Consensus       196 ~W~g~  200 (207)
T 2P3P_B          196 RWQSG  200 (207)
T ss_dssp             EEETT
T ss_pred             EECCC


No 5
>6QZ1_A Mono(2-hydroxyethyl) terephthalate hydrolase (E.C.3.1.1.102); plastic-binding protein, MHETase, PET degradation; 1.7A {Ideonella sakaiensis (strain NBRC 110686 / TISTR 2288 / 201-F6)}
Probab=18.62  E-value=1.1e+02  Score=15.11  Aligned_cols=5  Identities=60%  Similarity=1.930  Sum_probs=0.0  Template_Neff=6.900

Q DQWNGK            2 QWNGK    6 (6)
Q Consensus         2 qwngk    6 (6)
                      .|||+
T Consensus        81 ~WNGr   85 (564)
T 6QZ1_A           81 EWNGR   85 (564)
T ss_dssp             SCCSE
T ss_pred             ccCCc


No 6
>7C2H_G Actin, alpha skeletal muscle, 2DGel3; actin regulator, STRUCTURAL PROTEIN; HET: ATP, HIC; 2.352A {Oryctolagus cuniculus}
Probab=17.53  E-value=1.3e+02  Score=11.25  Aligned_cols=5  Identities=40%  Similarity=1.052  Sum_probs=0.0  Template_Neff=10.400

Q DQWNGK            2 QWNGK    6 (6)
Q Consensus         2 qwngk    6 (6)
                      .|.|+
T Consensus        41 vW~G~   45 (200)
T 7C2H_G           41 LWIGP   45 (200)
T ss_dssp             EEECT
T ss_pred             EEeCC


No 7
>5FAF_A Gelsolin; amyloidosis, calcium, mutation, actin, structural; HET: GOL; 1.05A {Homo sapiens}
Probab=17.40  E-value=1.3e+02  Score=11.10  Aligned_cols=5  Identities=60%  Similarity=1.451  Sum_probs=0.0  Template_Neff=8.800

Q DQWNGK            2 QWNGK    6 (6)
Q Consensus         2 qwngk    6 (6)
                      .|.|+
T Consensus        52 vW~G~   56 (119)
T 5FAF_A           52 QWCGS   56 (119)
T ss_dssp             EEECT
T ss_pred             EEEcC


No 8
>1RGI_G Gelsolin/Actin, alpha skeletal muscle; Domain movement, CONTRACTILE PROTEIN; HET: ATP; 3.0A {Equus caballus} SCOP: d.109.1.1
Probab=16.29  E-value=1.4e+02  Score=12.33  Aligned_cols=5  Identities=40%  Similarity=1.125  Sum_probs=0.0  Template_Neff=10.000

Q DQWNGK            2 QWNGK    6 (6)
Q Consensus         2 qwngk    6 (6)
                      +|+|+
T Consensus        62 ~W~G~   66 (346)
T 1RGI_G           62 YWLGN   66 (346)
T ss_pred             EEcCC


No 9
>4XHF_B NA(+)-TRANSLOCATING NADH-QUINONE REDUCTASE SUBUNIT C; FMN, OXIDOREDUCTASE, COVALENT FLAVINYLATION; HET: FMN; 1.76A {Shewanella oneidensis}
Probab=16.13  E-value=1.4e+02  Score=13.46  Aligned_cols=6  Identities=50%  Similarity=1.315  Sum_probs=0.0  Template_Neff=6.700

Q DQWNGK            1 DQWNGK    6 (6)
Q Consensus         1 dqwngk    6 (6)
                      +||.||
T Consensus       183 ~qf~Gk  188 (260)
T 4XHF_B          183 SLWKGK  188 (260)
T ss_dssp             GGGTTC
T ss_pred             HHcCCC


No 10
>1SVY_A SEVERIN; ACTIN-BINDING PROTEIN, CALCIUM-BINDING, CYTOSKELETON, GELSOLIN; 1.75A {Dictyostelium discoideum} SCOP: d.109.1.1
Probab=15.37  E-value=1.5e+02  Score=10.51  Aligned_cols=5  Identities=60%  Similarity=1.119  Sum_probs=0.0  Template_Neff=9.400

Q DQWNGK            2 QWNGK    6 (6)
Q Consensus         2 qwngk    6 (6)
                      .|.|+
T Consensus        52 vW~G~   56 (114)
T 1SVY_A           52 QFNGS   56 (114)
T ss_dssp             EEECT
T ss_pred             EEeCC


