Query         LQNVSN
Match_columns 6
No_of_seqs    1 out of 1
Neff          1
Searched_HMMs 90378
Date          Mon Dec 20 20:07:17 2021
Command       /media/stefano/DISCO1/FOLDEN/hh-suite/build/bin/hhsearch -i /media/stefano/DISCO1/FOLDEN/trRosetta2/example/LQNVSN/protein.hhm -d /media/stefano/DISCO1/FOLDEN/trRosettaX/pdb70/pdb70 -o /media/stefano/DISCO1/FOLDEN/trRosetta2/example/LQNVSN/protein.out -cpu 32 

 No Hit                             Prob E-value P-value  Score    SS Cols Query HMM  Template HMM
  1 1UF2_H Core protein P3/Outer c   9.7   3E+02  0.0033   15.0   0.0    6    1-6      61-66  (421)
  2 1UF2_P Core protein P3/Outer c   9.7   3E+02  0.0033   15.0   0.0    6    1-6      61-66  (421)
  3 3U1U_A RNA polymerase-associat   7.5 4.2E+02  0.0047   10.6   0.0    6    1-6      94-99  (137)
  4 2BOG_X ENDOGLUCANASE E-2 (E.C.   7.5 4.2E+02  0.0047   12.5   0.0    4    3-6     187-190 (286)
  5 5JX5_D Glucanase (E.C.3.2.1.-)   7.4 4.3E+02  0.0048   12.7   0.0    4    3-6     199-202 (322)
  6 5T58_D KLLA0F02343p, KLLA0E058   7.3 4.4E+02  0.0048   12.2   0.0    5    2-6     135-139 (250)
  7 7CG0_j Flagellar hook protein    7.2 4.4E+02  0.0049   10.0   0.0    5    2-6      26-30  (134)
  8 7NVG_V2 bacterial flagellum, f   7.2 4.4E+02  0.0049   10.0   0.0    5    2-6      26-30  (134)
  9 6FAO_A Glycoside hydrolase fam   7.2 4.5E+02  0.0049   12.5   0.0    4    3-6     189-192 (296)
 10 6OD1_B Regulator of RpoS, Anti   6.8 4.8E+02  0.0053    9.7   0.0    5    1-5     111-115 (115)

No 1
>1UF2_H Core protein P3/Outer capsid protein; VIRUS COMPONENTS, Icosahedral virus, Virus; 3.5A {Rice dwarf virus} SCOP: b.19.1.1, a.115.1.3
Probab=9.72  E-value=3e+02  Score=15.03  Aligned_cols=6  Identities=67%  Similarity=0.822  Sum_probs=3.1  Template_Neff=1.900

Q LQNVSN            1 LQNVSN    6 (6)
Q Consensus         1 lqnvsn    6 (6)
                      ||+.||
T Consensus        61 LQ~MSn   66 (421)
T 1UF2_H           61 LQTMSN   66 (421)
T ss_dssp             HHHHHH
T ss_pred             hHHcch
Confidence            455554


No 2
>1UF2_P Core protein P3/Outer capsid protein; VIRUS COMPONENTS, Icosahedral virus, Virus; 3.5A {Rice dwarf virus} SCOP: b.19.1.1, a.115.1.3
Probab=9.72  E-value=3e+02  Score=15.03  Aligned_cols=6  Identities=67%  Similarity=0.822  Sum_probs=3.1  Template_Neff=1.900

Q LQNVSN            1 LQNVSN    6 (6)
Q Consensus         1 lqnvsn    6 (6)
                      ||+.||
T Consensus        61 LQ~MSn   66 (421)
T 1UF2_P           61 LQTMSN   66 (421)
T ss_dssp             HHHHHH
T ss_pred             hHHcch
Confidence            455554


No 3
>3U1U_A RNA polymerase-associated protein RTF1 homolog; PLUS-3, transcription elongation, Structural Genomics; HET: UNX, SO4; 1.8A {Homo sapiens}
Probab=7.51  E-value=4.2e+02  Score=10.64  Aligned_cols=6  Identities=67%  Similarity=0.667  Sum_probs=0.0  Template_Neff=7.400

Q LQNVSN            1 LQNVSN    6 (6)
Q Consensus         1 lqnvsn    6 (6)
                      +..+||
T Consensus        94 i~~iSN   99 (137)
T 3U1U_A           94 LEFVSN   99 (137)
T ss_dssp             GGGBCS
T ss_pred             eeEeeC


No 4
>2BOG_X ENDOGLUCANASE E-2 (E.C.3.2.1.4); HYDROLASE, ENDOGLUCANASE, THERMOBIFIDA FUSCA, TIM; HET: MGL, BGC, SGC; 1.04A {THERMOMONOSPORA FUSCA}
Probab=7.49  E-value=4.2e+02  Score=12.49  Aligned_cols=4  Identities=75%  Similarity=0.817  Sum_probs=0.0  Template_Neff=6.100

Q LQNVSN            3 NVSN    6 (6)
Q Consensus         3 nvsn    6 (6)
                      ||||
T Consensus       187 NvSN  190 (286)
T 2BOG_X          187 NTSN  190 (286)
T ss_dssp             STTC
T ss_pred             eccc


No 5
>5JX5_D Glucanase (E.C.3.2.1.-); Orpinomyces sp., GH6, Cbh7, endoglucanases; HET: PEG, GOL, NH4, EDO; 1.8A {Orpinomyces sp. Y102}
Probab=7.36  E-value=4.3e+02  Score=12.67  Aligned_cols=4  Identities=100%  Similarity=1.099  Sum_probs=0.0  Template_Neff=6.100

Q LQNVSN            3 NVSN    6 (6)
Q Consensus         3 nvsn    6 (6)
                      ||||
T Consensus       199 NvSN  202 (322)
T 5JX5_D          199 NVSN  202 (322)
T ss_dssp             CTTC
T ss_pred             cccc


No 6
>5T58_D KLLA0F02343p, KLLA0E05809p, KLLA0D15741p, KLLA0C15939p; cell cycle, kinetochore, complex, chromosome; 3.2131A {Kluyveromyces lactis (strain ATCC 8585 / CBS 2359 / DSM 70799 / NBRC 1267 / NRRL Y-1140 / WM37)}
Probab=7.30  E-value=4.4e+02  Score=12.21  Aligned_cols=5  Identities=40%  Similarity=0.826  Sum_probs=0.0  Template_Neff=6.100

Q LQNVSN            2 QNVSN    6 (6)
Q Consensus         2 qnvsn    6 (6)
                      |||.|
T Consensus       135 ~Nv~N  139 (250)
T 5T58_D          135 KNIQN  139 (250)
T ss_pred             HHHhh


No 7
>7CG0_j Flagellar hook protein FlgE, Flagellar; Proximal rod, FlgC, FlgB, FliF; 3.2A {Salmonella typhimurium (strain LT2 / SGSC1412 / ATCC 700720)}
Probab=7.22  E-value=4.4e+02  Score=10.04  Aligned_cols=5  Identities=40%  Similarity=0.713  Sum_probs=0.0  Template_Neff=8.500

Q LQNVSN            2 QNVSN    6 (6)
Q Consensus         2 qnvsn    6 (6)
                      +|+.|
T Consensus        26 ~NIAN   30 (134)
T 7CG0_j           26 SNLAN   30 (134)
T ss_dssp             HHHHT
T ss_pred             HHhhc


No 8
>7NVG_V2 bacterial flagellum, flagella, basal body; 3.7A {Salmonella enterica subsp. enterica serovar Typhimurium}
Probab=7.22  E-value=4.4e+02  Score=10.04  Aligned_cols=5  Identities=40%  Similarity=0.713  Sum_probs=0.0  Template_Neff=8.500

Q LQNVSN            2 QNVSN    6 (6)
Q Consensus         2 qnvsn    6 (6)
                      +|+.|
T Consensus        26 ~NIAN   30 (134)
T 7NVG_V2          26 SNLAN   30 (134)
T ss_pred             HHhhc


No 9
>6FAO_A Glycoside hydrolase family 6 (E.C.3.2.1.4); glycoside hydrolase family 6, carbohydrate; 1.88A {metagenome}
Probab=7.21  E-value=4.5e+02  Score=12.53  Aligned_cols=4  Identities=100%  Similarity=1.099  Sum_probs=0.0  Template_Neff=6.000

Q LQNVSN            3 NVSN    6 (6)
Q Consensus         3 nvsn    6 (6)
                      ||||
T Consensus       189 NvSN  192 (296)
T 6FAO_A          189 NVSN  192 (296)
T ss_dssp             STTC
T ss_pred             eccc


No 10
>6OD1_B Regulator of RpoS, Anti-adapter protein; response regulator, ClpXP adaptor, anti-adaptor; 2.0A {Escherichia coli 907672}
Probab=6.80  E-value=4.8e+02  Score=9.69  Aligned_cols=5  Identities=80%  Similarity=1.006  Sum_probs=0.0  Template_Neff=8.500

Q LQNVSN            1 LQNVS    5 (6)
Q Consensus         1 lqnvs    5 (6)
                      |.|||
T Consensus       111 ~~~~~  115 (115)
T 6OD1_B          111 LENVS  115 (115)
T ss_pred             EEecC


