Query         LIVAGD
Match_columns 6
No_of_seqs    1 out of 1
Neff          1
Searched_HMMs 90378
Date          Mon Dec 20 18:39:48 2021
Command       /media/stefano/DISCO1/FOLDEN/hh-suite/build/bin/hhsearch -i /media/stefano/DISCO1/FOLDEN/trRosetta2/example/LIVAGD/protein.hhm -d /media/stefano/DISCO1/FOLDEN/trRosettaX/pdb70/pdb70 -o /media/stefano/DISCO1/FOLDEN/trRosetta2/example/LIVAGD/protein.out -cpu 32 

 No Hit                             Prob E-value P-value  Score    SS Cols Query HMM  Template HMM
  1 2DDR_D Sphingomyelin phosphodi  73.2     2.8   3E-05   15.4   0.0    6    1-6     190-195 (306)
  2 2DDS_A Sphingomyelin phosphodi  73.2     2.8   3E-05   15.4   0.0    6    1-6     190-195 (306)
  3 2DDT_A Sphingomyelin phosphodi  73.2     2.8   3E-05   15.4   0.0    6    1-6     190-195 (306)
  4 2XSW_B 72 KDA INOSITOL POLYPHO  52.8      13 0.00014   15.5   0.0    6    1-6     199-204 (357)
  5 7A0V_A Synaptojanin-1 (E.C.3.1  52.5      13 0.00014   15.5   0.0    6    1-6     201-206 (349)
  6 2XSW_A 72 KDA INOSITOL POLYPHO  49.2      16 0.00017   15.5   0.0    6    1-6     199-204 (357)
  7 5UKI_A RNA lariat debranching   45.9      19 0.00021   14.9   0.0    6    1-6      37-42  (351)
  8 4B8C_K POLY(A) RIBONUCLEASE PO  39.2      28 0.00031   16.0   0.0    6    1-6     598-603 (727)
  9 3E0J_G DNA polymerase subunit   27.6      59 0.00065   14.6   0.0    6    1-6     248-253 (476)
 10 3FST_E TIM BARREL, FLAVIN, RED  19.5 1.1E+02  0.0012   13.3   0.0    6    1-6     115-120 (304)

No 1
>2DDR_D Sphingomyelin phosphodiesterase (E.C.3.1.4.12); DNase I like folding, RIKEN; 1.4A {Bacillus cereus} SCOP: d.151.1.3
Probab=73.19  E-value=2.8  Score=15.37  Aligned_cols=6  Identities=33%  Similarity=1.082  Sum_probs=3.7  Template_Neff=12.000

Q LIVAGD            1 LIVAGD    6 (6)
Q Consensus         1 livagd    6 (6)
                      +|++||
T Consensus       190 ~Iv~GD  195 (306)
T 2DDR_D          190 VLIGGD  195 (306)
T ss_dssp             EEEEEE
T ss_pred             EEEEee
Confidence            366676


No 2
>2DDS_A Sphingomyelin phosphodiesterase (E.C.3.1.4.12); DNase I like folding, RIKEN; HET: CO; 1.8A {Bacillus cereus} SCOP: d.151.1.3
Probab=73.19  E-value=2.8  Score=15.37  Aligned_cols=6  Identities=33%  Similarity=1.082  Sum_probs=3.7  Template_Neff=12.000

Q LIVAGD            1 LIVAGD    6 (6)
Q Consensus         1 livagd    6 (6)
                      +|++||
T Consensus       190 ~Iv~GD  195 (306)
T 2DDS_A          190 VLIGGD  195 (306)
T ss_dssp             EEEEEE
T ss_pred             EEEEee
Confidence            366676


No 3
>2DDT_A Sphingomyelin phosphodiesterase (E.C.3.1.4.12); DNase I like folding, RIKEN; HET: MES, SO4; 1.8A {Bacillus cereus} SCOP: d.151.1.3
Probab=73.19  E-value=2.8  Score=15.37  Aligned_cols=6  Identities=33%  Similarity=1.082  Sum_probs=3.7  Template_Neff=12.000

Q LIVAGD            1 LIVAGD    6 (6)
Q Consensus         1 livagd    6 (6)
                      +|++||
T Consensus       190 ~Iv~GD  195 (306)
T 2DDT_A          190 VLIGGD  195 (306)
T ss_dssp             EEEEEE
T ss_pred             EEEEee
Confidence            366676


No 4
>2XSW_B 72 KDA INOSITOL POLYPHOSPHATE 5-PHOSPHATASE; INOSITOL SIGNALLING, SGC STOCKHOLM, STRUCTURAL; HET: GOL; 1.9A {HOMO SAPIENS}
Probab=52.76  E-value=13  Score=15.54  Aligned_cols=6  Identities=33%  Similarity=0.512  Sum_probs=3.7  Template_Neff=9.600

Q LIVAGD            1 LIVAGD    6 (6)
Q Consensus         1 livagd    6 (6)
                      +|++||
T Consensus       199 vIl~GD  204 (357)
T 2XSW_B          199 VFWFGD  204 (357)
T ss_dssp             EEEEEE
T ss_pred             EEEecC
Confidence            366676


No 5
>7A0V_A Synaptojanin-1 (E.C.3.1.3.36), Nanobody 13015; Inositol polyphosphate 5-phosphatase, Phosphoinositide, Parkinson's; HET: PO4, GOL; 2.3A {Homo sapiens}
Probab=52.49  E-value=13  Score=15.53  Aligned_cols=6  Identities=33%  Similarity=0.667  Sum_probs=3.7  Template_Neff=9.500

Q LIVAGD            1 LIVAGD    6 (6)
Q Consensus         1 livagd    6 (6)
                      +|++||
T Consensus       201 vil~GD  206 (349)
T 7A0V_A          201 VFWCGD  206 (349)
T ss_dssp             EEEEEE
T ss_pred             EEEecc
Confidence            366776


No 6
>2XSW_A 72 KDA INOSITOL POLYPHOSPHATE 5-PHOSPHATASE; INOSITOL SIGNALLING, SGC STOCKHOLM, STRUCTURAL; HET: GOL; 1.9A {HOMO SAPIENS}
Probab=49.23  E-value=16  Score=15.46  Aligned_cols=6  Identities=33%  Similarity=0.512  Sum_probs=3.6  Template_Neff=9.300

Q LIVAGD            1 LIVAGD    6 (6)
Q Consensus         1 livagd    6 (6)
                      +|++||
T Consensus       199 vIl~GD  204 (357)
T 2XSW_A          199 VFWFGD  204 (357)
T ss_dssp             EEEEEE
T ss_pred             EEEEcC
Confidence            356666


No 7
>5UKI_A RNA lariat debranching enzyme, putative; Debranching, metal ions, RNA, HYDROLASE; 1.8A {Entamoeba histolytica}
Probab=45.94  E-value=19  Score=14.94  Aligned_cols=6  Identities=50%  Similarity=0.983  Sum_probs=3.1  Template_Neff=9.700

Q LIVAGD            1 LIVAGD    6 (6)
Q Consensus         1 livagd    6 (6)
                      +|++||
T Consensus        37 vi~~GD   42 (351)
T 5UKI_A           37 VICTGD   42 (351)
T ss_dssp             EEEEEC
T ss_pred             EEEcCC
Confidence            345555


No 8
>4B8C_K POLY(A) RIBONUCLEASE POP2 (E.C.3.1.13.4), GENERAL; HYDROLASE-CELL CYCLE COMPLEX; 3.41A {SACCHAROMYCES CEREVISIAE}
Probab=39.24  E-value=28  Score=15.99  Aligned_cols=6  Identities=33%  Similarity=1.082  Sum_probs=0.0  Template_Neff=9.600

Q LIVAGD            1 LIVAGD    6 (6)
Q Consensus         1 livagd    6 (6)
                      +|++||
T Consensus       598 vIi~GD  603 (727)
T 4B8C_K          598 VLICGD  603 (727)
T ss_dssp             ------
T ss_pred             EEEEec
Confidence            366776


No 9
>3E0J_G DNA polymerase subunit delta-2 (E.C.2.7.7.7); DNA Polymerase Delta, p66 subunit; 3.0A {Homo sapiens}
Probab=27.58  E-value=59  Score=14.56  Aligned_cols=6  Identities=50%  Similarity=1.043  Sum_probs=3.1  Template_Neff=9.000

Q LIVAGD            1 LIVAGD    6 (6)
Q Consensus         1 livagd    6 (6)
                      +|++||
T Consensus       248 lIi~Gd  253 (476)
T 3E0J_G          248 VILAGN  253 (476)
T ss_dssp             EEEESC
T ss_pred             EEEECc
Confidence            355554


No 10
>3FST_E TIM BARREL, FLAVIN, REDUCTASE, Amino-acid; HET: SO4, MRY, FAD; 1.65A {Escherichia coli K-12}
Probab=19.49  E-value=1.1e+02  Score=13.27  Aligned_cols=6  Identities=33%  Similarity=0.750  Sum_probs=0.0  Template_Neff=8.400

Q LIVAGD            1 LIVAGD    6 (6)
Q Consensus         1 livagd    6 (6)
                      |++.||
T Consensus       115 L~v~GD  120 (304)
T 3FST_E          115 VALRGD  120 (304)
T ss_dssp             EEECCC
T ss_pred             EEecCC


