Query         EQIVYK
Match_columns 6
No_of_seqs    1 out of 1
Neff          1
Searched_HMMs 90378
Date          Sun Dec 19 19:41:18 2021
Command       /media/stefano/DISCO1/FOLDEN/hh-suite/build/bin/hhsearch -i /media/stefano/DISCO1/FOLDEN/trRosetta2/example/EQIVYK/protein.hhm -d /media/stefano/DISCO1/FOLDEN/trRosettaX/pdb70/pdb70 -o /media/stefano/DISCO1/FOLDEN/trRosetta2/example/EQIVYK/protein.out -cpu 32 

 No Hit                             Prob E-value P-value  Score    SS Cols Query HMM  Template HMM
  1 3G77_A Cytosine deaminase (E.C  24.1      75 0.00082   12.9   0.0    6    1-6     417-422 (423)
  2 3HFN_B Asl2047 protein; HFQ, S  12.2 2.2E+02  0.0024   10.8   0.0    6    1-6      57-62  (72)
  3 1G3J_B BETA-CATENIN/TRANSCRIST  12.2 2.2E+02  0.0024   11.4   0.0    6    1-6      17-22  (61)
  4 6GWK_B RNA-binding protein Hfq  12.1 2.2E+02  0.0024   11.1   0.0    6    1-6      54-59  (82)
  5 6GWK_O RNA-binding protein Hfq  12.1 2.2E+02  0.0024   11.1   0.0    6    1-6      54-59  (82)
  6 6XYJ_BBB RNA-binding protein H  11.9 2.2E+02  0.0025   11.8   0.0    6    1-6      64-69  (95)
  7 7CI2_C Cas12i2/RNA/DNA Complex  11.7 2.3E+02  0.0025   10.1   0.0    6    1-6       8-13  (33)
  8 5SZD_A RNA-binding protein Hfq  11.7 2.3E+02  0.0026   11.2   0.0    6    1-6      53-58  (83)
  9 5SZD_K RNA-binding protein Hfq  11.7 2.3E+02  0.0026   11.2   0.0    6    1-6      53-58  (83)
 10 5UH7_B DNA-directed RNA polyme  11.6 2.3E+02  0.0026   12.2   0.0    5    1-5      24-28  (169)

No 1
>3G77_A Cytosine deaminase (E.C.3.5.4.1); cytosine deaminase, protein engineering, Cytosine; 1.8A {Escherichia coli}
Probab=24.13  E-value=75  Score=12.92  Aligned_cols=6  Identities=67%  Similarity=0.861  Sum_probs=2.8  Template_Neff=11.000

Q EQIVYK            1 EQIVYK    6 (6)
Q Consensus         1 eqivyk    6 (6)
                      |+|.||
T Consensus       417 ~~~~~~  422 (423)
T 3G77_A          417 EAIDYK  422 (423)
T ss_dssp             EEECCC
T ss_pred             ccccCC
Confidence            345553


No 2
>3HFN_B Asl2047 protein; HFQ, SM, RNA-BINDING PROTEIN, SRNA; 2.31A {Nostoc sp.}
Probab=12.22  E-value=2.2e+02  Score=10.85  Aligned_cols=6  Identities=17%  Similarity=0.639  Sum_probs=0.0  Template_Neff=6.100

Q EQIVYK            1 EQIVYK    6 (6)
Q Consensus         1 eqivyk    6 (6)
                      .+++||
T Consensus        57 ~~lI~K   62 (72)
T 3HFN_B           57 QTTIWK   62 (72)
T ss_dssp             EEEEEG
T ss_pred             EEEEEe


No 3
>1G3J_B BETA-CATENIN/TRANSCRISTION FACTOR XTCF-3; Beta-catenin,Tcf-3, Protein-Protein Complex, TRANSCRIPTION; 2.1A {Homo sapiens} SCOP: j.71.1.1
Probab=12.19  E-value=2.2e+02  Score=11.43  Aligned_cols=6  Identities=50%  Similarity=0.684  Sum_probs=0.0  Template_Neff=3.900

Q EQIVYK            1 EQIVYK    6 (6)
Q Consensus         1 eqivyk    6 (6)
                      |-|+||
T Consensus        17 Evk~fK   22 (61)
T 1G3J_B           17 ELIRFK   22 (61)
T ss_dssp             CCCCCC
T ss_pred             eeeeee


No 4
>6GWK_B RNA-binding protein Hfq; Hfq, Caulobacter, sRNA, RNA-protein interactions; 2.15A { Caulobacter vibrioides CB15}
Probab=12.09  E-value=2.2e+02  Score=11.07  Aligned_cols=6  Identities=67%  Similarity=1.115  Sum_probs=0.0  Template_Neff=6.100

Q EQIVYK            1 EQIVYK    6 (6)
Q Consensus         1 eqivyk    6 (6)
                      .+++||
T Consensus        54 ~~lI~K   59 (82)
T 6GWK_B           54 SQLVYK   59 (82)
T ss_dssp             EEEEEG
T ss_pred             EEEEEe


No 5
>6GWK_O RNA-binding protein Hfq; Hfq, Caulobacter, sRNA, RNA-protein interactions; 2.15A { Caulobacter vibrioides CB15}
Probab=12.09  E-value=2.2e+02  Score=11.07  Aligned_cols=6  Identities=67%  Similarity=1.115  Sum_probs=0.0  Template_Neff=6.100

Q EQIVYK            1 EQIVYK    6 (6)
Q Consensus         1 eqivyk    6 (6)
                      .+++||
T Consensus        54 ~~lI~K   59 (82)
T 6GWK_O           54 SQLVYK   59 (82)
T ss_dssp             EEEEEG
T ss_pred             EEEEEe


No 6
>6XYJ_BBB RNA-binding protein Hfq; Hfq, SmAP, tertiary structure, RNA-chaperon; 2.772A {Pseudomonas aeruginosa (strain PA7)}
Probab=11.90  E-value=2.2e+02  Score=11.83  Aligned_cols=6  Identities=67%  Similarity=1.099  Sum_probs=0.0  Template_Neff=4.900

Q EQIVYK            1 EQIVYK    6 (6)
Q Consensus         1 eqivyk    6 (6)
                      .|++||
T Consensus        64 ~~LIyK   69 (95)
T 6XYJ_BBB         64 SQMVYK   69 (95)
T ss_pred             eEEEEe


No 7
>7CI2_C Cas12i2/RNA/DNA Complex; anti-CRISPR, CRISPR-Cas, AcrVA2, Cpf1, Cas12a; 2.8A {Moraxella bovoculi}
Probab=11.74  E-value=2.3e+02  Score=10.13  Aligned_cols=6  Identities=33%  Similarity=1.099  Sum_probs=0.0  Template_Neff=4.100

Q EQIVYK            1 EQIVYK    6 (6)
Q Consensus         1 eqivyk    6 (6)
                      |.++||
T Consensus         8 eKm~Yk   13 (33)
T 7CI2_C            8 QKMIYK   13 (33)
T ss_pred             HHhhHh


No 8
>5SZD_A RNA-binding protein Hfq; Hfq, Aquifex, RNA-binding, RNA BINDING; HET: PEG, MPD, GAI, MRD; 1.494A {Aquifex aeolicus (strain VF5)}
Probab=11.68  E-value=2.3e+02  Score=11.17  Aligned_cols=6  Identities=50%  Similarity=1.049  Sum_probs=0.0  Template_Neff=5.800

Q EQIVYK            1 EQIVYK    6 (6)
Q Consensus         1 eqivyk    6 (6)
                      .+++||
T Consensus        53 ~~lI~K   58 (83)
T 5SZD_A           53 QTLVYK   58 (83)
T ss_dssp             EEEEEG
T ss_pred             EEEEEc


No 9
>5SZD_K RNA-binding protein Hfq; Hfq, Aquifex, RNA-binding, RNA BINDING; HET: PEG, MPD, GAI, MRD; 1.494A {Aquifex aeolicus (strain VF5)}
Probab=11.68  E-value=2.3e+02  Score=11.17  Aligned_cols=6  Identities=50%  Similarity=1.049  Sum_probs=0.0  Template_Neff=5.800

Q EQIVYK            1 EQIVYK    6 (6)
Q Consensus         1 eqivyk    6 (6)
                      .+++||
T Consensus        53 ~~lI~K   58 (83)
T 5SZD_K           53 QTLVYK   58 (83)
T ss_dssp             EEEEEG
T ss_pred             EEEEEc


No 10
>5UH7_B DNA-directed RNA polymerase subunit beta'; RNA polymerase complex, transcription, DNA; 2.199A {Mycobacterium tuberculosis (strain ATCC 25618 / H37Rv)}
Probab=11.63  E-value=2.3e+02  Score=12.24  Aligned_cols=5  Identities=60%  Similarity=1.331  Sum_probs=0.0  Template_Neff=6.300

Q EQIVYK            1 EQIVY    5 (6)
Q Consensus         1 eqivy    5 (6)
                      |+++|
T Consensus        24 EkVIY   28 (169)
T 5UH7_B           24 EKIIY   28 (169)
T ss_dssp             CCCCC
T ss_pred             Hhhee


