Query         RTVIIE
Match_columns 6
No_of_seqs    1 out of 1
Neff          1
Searched_HMMs 90378
Date          Tue Dec 21 12:49:15 2021
Command       /media/stefano/DISCO1/FOLDEN/hh-suite/build/bin/hhsearch -i /media/stefano/DISCO1/FOLDEN/trRosetta2/example/RTVIIE/protein.hhm -d /media/stefano/DISCO1/FOLDEN/trRosettaX/pdb70/pdb70 -o /media/stefano/DISCO1/FOLDEN/trRosetta2/example/RTVIIE/protein.out -cpu 32 

 No Hit                             Prob E-value P-value  Score    SS Cols Query HMM  Template HMM
  1 5EGW_A Cysteine protease; Alle  15.0 1.6E+02  0.0018   13.1   0.0    6    1-6     379-384 (385)
  2 6P7B_A Holliday junction resol   7.8   4E+02  0.0044   10.0   0.0    5    2-6      56-60  (149)
  3 6VSU_D Arginase 1, mitochondri   7.5 4.2E+02  0.0047   11.8   0.0    5    2-6      21-25  (321)
  4 6VSU_E Arginase 1, mitochondri   7.5 4.2E+02  0.0047   11.8   0.0    5    2-6      21-25  (321)
  5 3DOH_A esterase (E.C.3.1.1.1);   7.2 4.5E+02  0.0049   11.2   0.0    6    1-6      79-84  (380)
  6 3DOI_A esterase (E.C.3.1.1.1);   7.2 4.5E+02  0.0049   11.2   0.0    6    1-6      79-84  (380)
  7 5YJ3_C Telomere zinc finger-as   7.0 4.6E+02  0.0051    7.3   0.0    6    1-6     101-106 (107)
  8 6P7A_A Holliday junction resol   6.6   5E+02  0.0055    9.6   0.0    5    2-6      56-60  (148)
  9 7CNW_D Phosphatidylserine deca   6.6   5E+02  0.0055    9.0   0.0    4    2-5       2-5   (42)
 10 7CNZ_H Phosphatidylserine deca   6.6   5E+02  0.0055    9.0   0.0    4    2-5       2-5   (42)

No 1
>5EGW_A Cysteine protease; Allergen, ragweed, cysteine protease, propeptide; 2.7A {Ambrosia artemisiifolia}
Probab=15.04  E-value=1.6e+02  Score=13.11  Aligned_cols=6  Identities=50%  Similarity=0.816  Sum_probs=3.5  Template_Neff=8.600

Q RTVIIE            1 RTVIIE    6 (6)
Q Consensus         1 rtviie    6 (6)
                      |++|+|
T Consensus       379 ~~~~~~  384 (385)
T 5EGW_A          379 RTKLLE  384 (385)
T ss_dssp             CCSCCC
T ss_pred             hhHHhc
Confidence            566654


No 2
>6P7B_A Holliday junction resolvase/DNA complex; resolvase-DNA complex, HYDROLASE-DNA complex, TRANSCRIPTION; 3.317A {Fowlpox virus}
Probab=7.81  E-value=4e+02  Score=10.02  Aligned_cols=5  Identities=60%  Similarity=0.919  Sum_probs=0.0  Template_Neff=9.200

Q RTVIIE            2 TVIIE    6 (6)
Q Consensus         2 tviie    6 (6)
                      .|+||
T Consensus        56 ~v~iE   60 (149)
T 6P7B_A           56 VVILE   60 (149)
T ss_dssp             EEEEE
T ss_pred             EEEEe


No 3
>6VSU_D Arginase 1, mitochondrial (E.C.3.5.3.1,3.5.3.11); arginine amidinohydrolase  ureohydrolase ; HET: NA, ORN, PEG, GOL, MN; 2.25A {Arabidopsis thaliana}
Probab=7.52  E-value=4.2e+02  Score=11.76  Aligned_cols=5  Identities=60%  Similarity=0.634  Sum_probs=0.0  Template_Neff=8.200

Q RTVIIE            2 TVIIE    6 (6)
Q Consensus         2 tviie    6 (6)
                      |+|+|
T Consensus        21 ~~~~~   25 (321)
T 6VSU_D           21 TLIRE   25 (321)
T ss_dssp             HHHHH
T ss_pred             hhHhh


No 4
>6VSU_E Arginase 1, mitochondrial (E.C.3.5.3.1,3.5.3.11); arginine amidinohydrolase  ureohydrolase ; HET: NA, ORN, PEG, GOL, MN; 2.25A {Arabidopsis thaliana}
Probab=7.52  E-value=4.2e+02  Score=11.76  Aligned_cols=5  Identities=60%  Similarity=0.634  Sum_probs=0.0  Template_Neff=8.200

Q RTVIIE            2 TVIIE    6 (6)
Q Consensus         2 tviie    6 (6)
                      |+|+|
T Consensus        21 ~~~~~   25 (321)
T 6VSU_E           21 TLIRE   25 (321)
T ss_dssp             HHHHH
T ss_pred             hhHhh


No 5
>3DOH_A esterase (E.C.3.1.1.1); alpha-beta Hydrolase, beta sheet, HYDROLASE; HET: SO4; 2.6A {Thermotoga maritima}
Probab=7.21  E-value=4.5e+02  Score=11.17  Aligned_cols=6  Identities=33%  Similarity=0.761  Sum_probs=0.0  Template_Neff=9.900

Q RTVIIE            1 RTVIIE    6 (6)
Q Consensus         1 rtviie    6 (6)
                      |-||||
T Consensus        79 ~~v~~e   84 (380)
T 3DOH_A           79 KYVVLE   84 (380)
T ss_dssp             EEEEEE
T ss_pred             cEEEEE


No 6
>3DOI_A esterase (E.C.3.1.1.1); alpha-beta Hydrolase, beta sheet, HYDROLASE; HET: DEP; 3.0A {Thermotoga maritima}
Probab=7.21  E-value=4.5e+02  Score=11.17  Aligned_cols=6  Identities=33%  Similarity=0.761  Sum_probs=0.0  Template_Neff=9.900

Q RTVIIE            1 RTVIIE    6 (6)
Q Consensus         1 rtviie    6 (6)
                      |-||||
T Consensus        79 ~~v~~e   84 (380)
T 3DOI_A           79 KYVVLE   84 (380)
T ss_dssp             EEEEEE
T ss_pred             cEEEEE


No 7
>5YJ3_C Telomere zinc finger-associated protein/DNA Complex; telomeric DNA binding protein, DNA; 2.845A {Homo sapiens}
Probab=7.03  E-value=4.6e+02  Score=7.29  Aligned_cols=6  Identities=67%  Similarity=1.032  Sum_probs=0.0  Template_Neff=13.300

Q RTVIIE            1 RTVIIE    6 (6)
Q Consensus         1 rtviie    6 (6)
                      |..++|
T Consensus       101 ~~~~~~  106 (107)
T 5YJ3_C          101 RNLIIE  106 (107)
T ss_dssp             CCCCC-
T ss_pred             HHhhcc


No 8
>6P7A_A Holliday junction resolvase (E.C.3.1.-.-); RESOLVASE, HYDROLASE; 3.081A {Fowlpox virus}
Probab=6.62  E-value=5e+02  Score=9.57  Aligned_cols=5  Identities=60%  Similarity=0.919  Sum_probs=0.0  Template_Neff=9.600

Q RTVIIE            2 TVIIE    6 (6)
Q Consensus         2 tviie    6 (6)
                      .|+||
T Consensus        56 ~vviE   60 (148)
T 6P7A_A           56 VVILE   60 (148)
T ss_dssp             EEEEE
T ss_pred             EEEEe


No 9
>7CNW_D Phosphatidylserine decarboxylase beta chain (E.C.4.1.1.65); Phosphatidylserine decarboxylase, pyruvoyl-dependent decarboxylase, auto-cleaved; HET: PYR, LMT; 1.9A {Escherichia coli K-12}
Probab=6.61  E-value=5e+02  Score=9.01  Aligned_cols=4  Identities=75%  Similarity=0.592  Sum_probs=0.0  Template_Neff=5.900

Q RTVIIE            2 TVII    5 (6)
Q Consensus         2 tvii    5 (6)
                      |||+
T Consensus         2 TVVl    5 (42)
T 7CNW_D            2 TVIN    5 (42)
T ss_dssp             CEEE
T ss_pred             CEEE


No 10
>7CNZ_H Phosphatidylserine decarboxylase beta chain (E.C.4.1.1.65); Phosphatidylserine decarboxylase, pyruvoyl-dependent decarboxylase, auto-cleaved; HET: PYR, PO4, PEX; 2.7A {Escherichia coli K-12}
Probab=6.61  E-value=5e+02  Score=9.01  Aligned_cols=4  Identities=75%  Similarity=0.592  Sum_probs=0.0  Template_Neff=5.900

Q RTVIIE            2 TVII    5 (6)
Q Consensus         2 tvii    5 (6)
                      |||+
T Consensus         2 TVVl    5 (42)
T 7CNZ_H            2 TVIN    5 (42)
T ss_dssp             CEEE
T ss_pred             CEEE


