Query         GTLFWG
Match_columns 6
No_of_seqs    1 out of 1
Neff          1
Searched_HMMs 90378
Date          Mon Dec 20 04:10:24 2021
Command       /media/stefano/DISCO1/FOLDEN/hh-suite/build/bin/hhsearch -i /media/stefano/DISCO1/FOLDEN/trRosetta2/example/GTLFWG/protein.hhm -d /media/stefano/DISCO1/FOLDEN/trRosettaX/pdb70/pdb70 -o /media/stefano/DISCO1/FOLDEN/trRosetta2/example/GTLFWG/protein.out -cpu 32 

 No Hit                             Prob E-value P-value  Score    SS Cols Query HMM  Template HMM
  1 1G43_A SCAFFOLDING PROTEIN; be  55.4      11 0.00012   15.1   0.0    6    1-6     152-157 (160)
  2 2WNX_A GLYCOSIDE HYDROLASE, FA  53.4      12 0.00013   15.3   0.0    6    1-6     152-157 (170)
  3 2WO4_A GLYCOSIDE HYDROLASE, FA  53.4      12 0.00013   15.3   0.0    6    1-6     152-157 (170)
  4 6XX1_B Type 3a cellulose-bindi  52.9      12 0.00014   14.7   0.0    6    1-6     140-145 (148)
  5 6XX1_C Type 3a cellulose-bindi  52.0      13 0.00015   14.7   0.0    6    1-6     142-147 (150)
  6 3ZU8_A CELLULOSOMAL SCAFFOLDIN  48.5      16 0.00018   14.5   0.0    6    1-6     145-150 (153)
  7 4B9P_A TYPE 3A CELLULOSE-BINDI  48.2      17 0.00018   14.9   0.0    6    1-6     158-163 (166)
  8 3ZQW_A CELLULOSOMAL SCAFFOLDIN  47.6      17 0.00019   14.4   0.0    6    1-6     145-150 (153)
  9 4B96_A CELLULOSE BINDING DOMAI  47.1      18  0.0002   14.5   0.0    6    1-6     142-147 (151)
 10 4B97_A CELLULOSE BINDING DOMAI  46.7      18  0.0002   14.3   0.0    6    1-6     143-148 (151)
 11 4B9C_A TYPE 3A CELLULOSE-BINDI  46.2      19 0.00021   14.3   0.0    6    1-6     142-147 (150)
 12 2YLK_A CELLULOSE 1,4-BETA-CELL  46.2      19 0.00021   14.2   0.0    6    1-6     136-141 (145)
 13 6SL4_A Type 3a cellulose-bindi  46.2      19 0.00021   14.3   0.0    6    1-6     142-147 (150)
 14 2XBT_A CELLULOSOMAL SCAFFOLDIN  46.0      19 0.00021   14.5   0.0    6    1-6     152-157 (160)
 15 3ZUC_A CELLULOSOMAL SCAFFOLDIN  45.1      20 0.00022   14.2   0.0    6    1-6     145-150 (153)
 16 6UFV_A Endoglucanase (E.C.3.2.  43.8      22 0.00024   14.3   0.0    6    1-6     140-145 (149)
 17 6UFW_A Endoglucanase (E.C.3.2.  43.8      22 0.00024   14.3   0.0    6    1-6     140-145 (149)
 18 1NBC_A CELLULOSOMAL SCAFFOLDIN  43.2      22 0.00025   14.1   0.0    6    1-6     147-152 (155)
 19 4B9F_A CELLULOSOMAL-SCAFFOLDIN  42.6      23 0.00026   14.1   0.0    6    1-6     147-152 (152)
 20 2XFG_B ENDOGLUCANASE 1 (E.C.3.  42.4      23 0.00026   14.8   0.0    6    1-6     160-165 (176)
 21 3ZQX_A CELLULOSE 1,4-BETA-CELL  42.2      24 0.00026   14.0   0.0    6    1-6     136-141 (146)
 22 6D5B_B Glycoside hydrolase; CB  41.4      25 0.00027   14.5   0.0    6    1-6     159-164 (170)
 23 6D5B_J Glycoside hydrolase; CB  38.9      29 0.00032   14.3   0.0    6    1-6     159-164 (170)
 24 4JO5_A Cellulosome anchoring p  33.1      41 0.00045   14.2   0.0    6    1-6     164-169 (190)
 25 5GY0_B Glucanase (E.C.3.2.1.-)  23.1      80 0.00089   15.0   0.0    6    1-6     592-597 (610)
 26 5GXX_A Glucanase (E.C.3.2.1.-)  22.3      85 0.00094   14.8   0.0    6    1-6     592-597 (610)
 27 1G87_B ENDOCELLULASE 9G (E.C.3  21.3      92   0.001   14.8   0.0    6    1-6     606-611 (614)
 28 1GA2_B ENDOGLUCANASE 9G (E.C.3  21.3      92   0.001   14.8   0.0    6    1-6     606-611 (614)
 29 5GXX_B Glucanase (E.C.3.2.1.-)  21.2      93   0.001   14.8   0.0    6    1-6     592-597 (610)
 30 7CUX_A pseudo-dimeric architec  20.3   1E+02  0.0011   14.4   0.0    6    1-6     214-219 (326)
 31 7CUX_F pseudo-dimeric architec  20.3   1E+02  0.0011   14.4   0.0    6    1-6     214-219 (326)
 32 2ATM_A Hyaluronoglucosaminidas  20.1   1E+02  0.0011   14.7   0.0    6    1-6     292-297 (331)

No 1
>1G43_A SCAFFOLDING PROTEIN; beta-sandwich, STRUCTURAL PROTEIN; 2.2A {Clostridium cellulolyticum} SCOP: b.2.2.2
Probab=55.39  E-value=11  Score=15.14  Aligned_cols=6  Identities=67%  Similarity=1.193  Sum_probs=4.2  Template_Neff=7.800

Q GTLFWG            1 GTLFWG    6 (6)
Q Consensus         1 gtlfwg    6 (6)
                      |.|.||
T Consensus       152 G~lvwG  157 (160)
T 1G43_A          152 GTLAYG  157 (160)
T ss_dssp             TEEEEE
T ss_pred             CEEEEe
Confidence            567776


No 2
>2WNX_A GLYCOSIDE HYDROLASE, FAMILY 9; CELLULOSE DEGRADATION, HYDROLASE, GLYCOSIDE HYDROLASE; HET: SO4; 1.31A {CLOSTRIDIUM THERMOCELLUM}
Probab=53.43  E-value=12  Score=15.29  Aligned_cols=6  Identities=33%  Similarity=0.645  Sum_probs=4.1  Template_Neff=7.500

Q GTLFWG            1 GTLFWG    6 (6)
Q Consensus         1 gtlfwg    6 (6)
                      |+|.||
T Consensus       152 G~LvwG  157 (170)
T 2WNX_A          152 DKLKYG  157 (170)
T ss_dssp             TEEEES
T ss_pred             CEEEEe
Confidence            567776


No 3
>2WO4_A GLYCOSIDE HYDROLASE, FAMILY 9; CELLULOSE DEGRADATION, HYDROLASE, GLYCOSIDE HYDROLASE; 1.85A {CLOSTRIDIUM THERMOCELLUM}
Probab=53.43  E-value=12  Score=15.29  Aligned_cols=6  Identities=33%  Similarity=0.645  Sum_probs=4.1  Template_Neff=7.500

Q GTLFWG            1 GTLFWG    6 (6)
Q Consensus         1 gtlfwg    6 (6)
                      |+|.||
T Consensus       152 G~LvwG  157 (170)
T 2WO4_A          152 DKLKYG  157 (170)
T ss_dssp             TEEEES
T ss_pred             CEEEEe
Confidence            567776


No 4
>6XX1_B Type 3a cellulose-binding domain protein; CBM3, xylan-binding, lack cellulose-binding capabilities; 1.61A {Hungateiclostridium clariflavum (strain DSM 19732 / NBRC 101661 / EBR45)}
Probab=52.89  E-value=12  Score=14.67  Aligned_cols=6  Identities=50%  Similarity=1.165  Sum_probs=4.0  Template_Neff=8.000

Q GTLFWG            1 GTLFWG    6 (6)
Q Consensus         1 gtlfwg    6 (6)
                      |+|.||
T Consensus       140 g~lv~G  145 (148)
T 6XX1_B          140 GKLVFG  145 (148)
T ss_dssp             TEEEES
T ss_pred             CEEEEe
Confidence            567776


No 5
>6XX1_C Type 3a cellulose-binding domain protein; CBM3, xylan-binding, lack cellulose-binding capabilities; 1.61A {Hungateiclostridium clariflavum (strain DSM 19732 / NBRC 101661 / EBR45)}
Probab=51.97  E-value=13  Score=14.69  Aligned_cols=6  Identities=50%  Similarity=1.165  Sum_probs=4.0  Template_Neff=7.900

Q GTLFWG            1 GTLFWG    6 (6)
Q Consensus         1 gtlfwg    6 (6)
                      |+|.||
T Consensus       142 G~lv~G  147 (150)
T 6XX1_C          142 GKLVFG  147 (150)
T ss_dssp             TEEEES
T ss_pred             CEEEEe
Confidence            567776


No 6
>3ZU8_A CELLULOSOMAL SCAFFOLDIN; SUGAR BINDING PROTEIN, CELLULOSOME; HET: 1PE; 1.801A {ACETIVIBRIO CELLULOLYTICUS}
Probab=48.49  E-value=16  Score=14.48  Aligned_cols=6  Identities=50%  Similarity=1.326  Sum_probs=3.9  Template_Neff=7.900

Q GTLFWG            1 GTLFWG    6 (6)
Q Consensus         1 gtlfwg    6 (6)
                      |+|.||
T Consensus       145 g~lvwG  150 (153)
T 3ZU8_A          145 EGLIWG  150 (153)
T ss_dssp             TEEEES
T ss_pred             CeEEEe
Confidence            567776


No 7
>4B9P_A TYPE 3A CELLULOSE-BINDING DOMAIN PROTEIN; CARBOHYDRATE-BINDING PROTEIN, CELLULOSE, RSGI-LIKE PROTEINS; 1.182A {CLOSTRIDIUM THERMOCELLUM}
Probab=48.16  E-value=17  Score=14.91  Aligned_cols=6  Identities=83%  Similarity=2.162  Sum_probs=4.0  Template_Neff=7.400

Q GTLFWG            1 GTLFWG    6 (6)
Q Consensus         1 gtlfwg    6 (6)
                      |+|.||
T Consensus       158 G~lvwG  163 (166)
T 4B9P_A          158 GTLYWG  163 (166)
T ss_pred             CEEEEe
Confidence            567776


No 8
>3ZQW_A CELLULOSOMAL SCAFFOLDIN; CARBOHYDRATE-BINDING PROTEIN, CELLULOSOME; HET: 1PE, EDO; 1.07A {ACETIVIBRIO CELLULOLYTICUS}
Probab=47.58  E-value=17  Score=14.41  Aligned_cols=6  Identities=50%  Similarity=1.326  Sum_probs=3.9  Template_Neff=7.900

Q GTLFWG            1 GTLFWG    6 (6)
Q Consensus         1 gtlfwg    6 (6)
                      |.|.||
T Consensus       145 G~lv~G  150 (153)
T 3ZQW_A          145 EGLIWG  150 (153)
T ss_dssp             TEEEES
T ss_pred             CeEEEe
Confidence            566776


No 9
>4B96_A CELLULOSE BINDING DOMAIN-CONTAINING PROTEIN; SUGAR BINDING PROTEIN, CARBOHYDRATE BINDING; 1.911A {CLOSTRIDIUM CLARIFLAVUM}
Probab=47.05  E-value=18  Score=14.46  Aligned_cols=6  Identities=50%  Similarity=1.392  Sum_probs=3.9  Template_Neff=7.700

Q GTLFWG            1 GTLFWG    6 (6)
Q Consensus         1 gtlfwg    6 (6)
                      |.|.||
T Consensus       142 G~lv~G  147 (151)
T 4B96_A          142 DKLVWG  147 (151)
T ss_dssp             TEEEES
T ss_pred             CEEEEe
Confidence            567776


No 10
>4B97_A CELLULOSE BINDING DOMAIN-CONTAINING PROTEIN; SUGAR BINDING PROTEIN, BIOMASS SENSORING; 1.276A {CLOSTRIDIUM THERMOCELLUM}
Probab=46.68  E-value=18  Score=14.32  Aligned_cols=6  Identities=67%  Similarity=1.525  Sum_probs=3.9  Template_Neff=7.900

Q GTLFWG            1 GTLFWG    6 (6)
Q Consensus         1 gtlfwg    6 (6)
                      |+|.||
T Consensus       143 g~lv~G  148 (151)
T 4B97_A          143 GILKWG  148 (151)
T ss_dssp             TEEEES
T ss_pred             CEEEEe
Confidence            466776


No 11
>4B9C_A TYPE 3A CELLULOSE-BINDING DOMAIN PROTEIN; CARBOHYDRATE-BINDING PROTEIN, BIOMASS SENSORING SYSTEM; 1.171A {CLOSTRIDIUM THERMOCELLUM}
Probab=46.20  E-value=19  Score=14.33  Aligned_cols=6  Identities=50%  Similarity=1.409  Sum_probs=3.9  Template_Neff=7.800

Q GTLFWG            1 GTLFWG    6 (6)
Q Consensus         1 gtlfwg    6 (6)
                      |.|.||
T Consensus       142 G~lvwG  147 (150)
T 4B9C_A          142 NKLVWG  147 (150)
T ss_dssp             TEEEES
T ss_pred             CEEEEe
Confidence            466776


No 12
>2YLK_A CELLULOSE 1,4-BETA-CELLOBIOSIDASE (E.C.3.2.1.91); HYDROLASE, CELLULOSE BINDING PROTEIN; 2.2A {CLOSTRIDIUM THERMOCELLUM}
Probab=46.16  E-value=19  Score=14.20  Aligned_cols=6  Identities=67%  Similarity=1.741  Sum_probs=3.8  Template_Neff=7.900

Q GTLFWG            1 GTLFWG    6 (6)
Q Consensus         1 gtlfwg    6 (6)
                      |.|.||
T Consensus       136 g~lv~G  141 (145)
T 2YLK_A          136 GELVWG  141 (145)
T ss_dssp             TEEEES
T ss_pred             CEEEEe
Confidence            456776


No 13
>6SL4_A Type 3a cellulose-binding domain protein; CBM3, highly-expressed, xylan-binding, lack of; 1.8A {Clostridium thermocellum (strain ATCC 27405 / DSM 1237 / NBRC 103400 / NCIMB 10682 / NRRL B-4536 / VPI 7372)}
Probab=46.16  E-value=19  Score=14.27  Aligned_cols=6  Identities=50%  Similarity=1.193  Sum_probs=3.8  Template_Neff=7.900

Q GTLFWG            1 GTLFWG    6 (6)
Q Consensus         1 gtlfwg    6 (6)
                      |.|.||
T Consensus       142 g~lv~G  147 (150)
T 6SL4_A          142 GKLVYG  147 (150)
T ss_dssp             TEEEES
T ss_pred             CEEEEe
Confidence            456776


No 14
>2XBT_A CELLULOSOMAL SCAFFOLDIN; SUGAR BINDING PROTEIN; 1.832A {BACTEROIDES CELLULOSOLVENS}
Probab=45.99  E-value=19  Score=14.50  Aligned_cols=6  Identities=50%  Similarity=1.221  Sum_probs=3.9  Template_Neff=7.700

Q GTLFWG            1 GTLFWG    6 (6)
Q Consensus         1 gtlfwg    6 (6)
                      |+|.||
T Consensus       152 g~lv~G  157 (160)
T 2XBT_A          152 GALVYG  157 (160)
T ss_dssp             TEEEES
T ss_pred             CEEEEe
Confidence            566776


No 15
>3ZUC_A CELLULOSOMAL SCAFFOLDIN; CRYSTALLINE CELLULOSE-BINDING PROTEIN, SUGAR BINDING; HET: EDO, 1PE; 1.001A {ACETIVIBRIO CELLULOLYTICUS}
Probab=45.07  E-value=20  Score=14.23  Aligned_cols=6  Identities=50%  Similarity=1.326  Sum_probs=3.8  Template_Neff=7.900

Q GTLFWG            1 GTLFWG    6 (6)
Q Consensus         1 gtlfwg    6 (6)
                      |+|.||
T Consensus       145 G~lv~G  150 (153)
T 3ZUC_A          145 EGLIWG  150 (153)
T ss_dssp             TEEEES
T ss_pred             CEEEEe
Confidence            466776


No 16
>6UFV_A Endoglucanase (E.C.3.2.1.4); carbohydrate-binding module, HYDROLASE; 1.06A {Bacillus subtilis (strain 168)}
Probab=43.77  E-value=22  Score=14.25  Aligned_cols=6  Identities=67%  Similarity=1.802  Sum_probs=3.8  Template_Neff=7.600

Q GTLFWG            1 GTLFWG    6 (6)
Q Consensus         1 gtlfwg    6 (6)
                      |.|.||
T Consensus       140 G~lv~G  145 (149)
T 6UFV_A          140 GKLIWG  145 (149)
T ss_dssp             TEEEES
T ss_pred             CEEEEe
Confidence            456776


No 17
>6UFW_A Endoglucanase (E.C.3.2.1.4); Carbohydrate-binding module, HYDROLASE; 1.28A {Bacillus subtilis (strain 168)}
Probab=43.77  E-value=22  Score=14.25  Aligned_cols=6  Identities=67%  Similarity=1.802  Sum_probs=3.8  Template_Neff=7.600

Q GTLFWG            1 GTLFWG    6 (6)
Q Consensus         1 gtlfwg    6 (6)
                      |.|.||
T Consensus       140 G~lv~G  145 (149)
T 6UFW_A          140 GKLIWG  145 (149)
T ss_dssp             TEEEES
T ss_pred             CEEEEe
Confidence            456776


No 18
>1NBC_A CELLULOSOMAL SCAFFOLDING PROTEIN A; CELLULOSE DEGRADATION, CELLULOSE-BINDING DOMAIN, CELLULOSOME; 1.75A {Clostridium thermocellum} SCOP: b.2.2.2
Probab=43.23  E-value=22  Score=14.13  Aligned_cols=6  Identities=67%  Similarity=1.747  Sum_probs=3.8  Template_Neff=7.900

Q GTLFWG            1 GTLFWG    6 (6)
Q Consensus         1 gtlfwg    6 (6)
                      |.|.||
T Consensus       147 g~lv~G  152 (155)
T 1NBC_A          147 GVLVWG  152 (155)
T ss_dssp             TEEEES
T ss_pred             CEEEEe
Confidence            456676


No 19
>4B9F_A CELLULOSOMAL-SCAFFOLDING PROTEIN A; SUGAR BINDING PROTEIN, CELLULOSOME; HET: SO4; 1.19A {CLOSTRIDIUM THERMOCELLUM ATCC 27405}
Probab=42.58  E-value=23  Score=14.10  Aligned_cols=6  Identities=67%  Similarity=1.747  Sum_probs=3.8  Template_Neff=7.800

Q GTLFWG            1 GTLFWG    6 (6)
Q Consensus         1 gtlfwg    6 (6)
                      |.|.||
T Consensus       147 G~lv~G  152 (152)
T 4B9F_A          147 GVLVWG  152 (152)
T ss_dssp             TEEEEC
T ss_pred             CEEEeC
Confidence            456776


No 20
>2XFG_B ENDOGLUCANASE 1 (E.C.3.2.1.4); HYDROLASE-SUGAR BINDING PROTEIN COMPLEX, FAMILY-9; 1.679A {CLOSTRIDIUM THERMOCELLUM}
Probab=42.36  E-value=23  Score=14.83  Aligned_cols=6  Identities=50%  Similarity=1.160  Sum_probs=3.9  Template_Neff=7.000

Q GTLFWG            1 GTLFWG    6 (6)
Q Consensus         1 gtlfwg    6 (6)
                      |+|.||
T Consensus       160 G~LvwG  165 (176)
T 2XFG_B          160 GVLVFG  165 (176)
T ss_dssp             TEEEES
T ss_pred             CEEEEe
Confidence            567776


No 21
>3ZQX_A CELLULOSE 1,4-BETA-CELLOBIOSIDASE (E.C.3.2.1.91); HYDROLASE, CELLULOSE BINDING PROTEIN; 1.04A {CLOSTRIDIUM THERMOCELLUM}
Probab=42.15  E-value=24  Score=14.04  Aligned_cols=6  Identities=67%  Similarity=1.741  Sum_probs=3.7  Template_Neff=7.700

Q GTLFWG            1 GTLFWG    6 (6)
Q Consensus         1 gtlfwg    6 (6)
                      |.|.||
T Consensus       136 g~lv~G  141 (146)
T 3ZQX_A          136 GELVWG  141 (146)
T ss_dssp             TEEEES
T ss_pred             CEEEEe
Confidence            456675


No 22
>6D5B_B Glycoside hydrolase; CBM3, carbohydrate binding, SUGAR BINDING; HET: CA; 2.0A {Caldicellulosiruptor sp. Wai35.B1}
Probab=41.35  E-value=25  Score=14.46  Aligned_cols=6  Identities=67%  Similarity=1.747  Sum_probs=3.8  Template_Neff=7.400

Q GTLFWG            1 GTLFWG    6 (6)
Q Consensus         1 gtlfwg    6 (6)
                      |.|.||
T Consensus       159 G~lvwG  164 (170)
T 6D5B_B          159 GVLVWG  164 (170)
T ss_dssp             TEEEES
T ss_pred             CEEEEe
Confidence            456775


No 23
>6D5B_J Glycoside hydrolase; CBM3, carbohydrate binding, SUGAR BINDING; HET: CA; 2.0A {Caldicellulosiruptor sp. Wai35.B1}
Probab=38.93  E-value=29  Score=14.29  Aligned_cols=6  Identities=67%  Similarity=1.747  Sum_probs=3.7  Template_Neff=7.400

Q GTLFWG            1 GTLFWG    6 (6)
Q Consensus         1 gtlfwg    6 (6)
                      |.|.||
T Consensus       159 G~lv~G  164 (170)
T 6D5B_J          159 GVLVWG  164 (170)
T ss_dssp             TEEEES
T ss_pred             CEEEEe
Confidence            456675


No 24
>4JO5_A Cellulosome anchoring protein cohesin region; CBM, scaffolding, cellulose binding, beta; HET: GOL, 1MZ, SO4; 1.98A {Clostridium thermocellum}
Probab=33.15  E-value=41  Score=14.19  Aligned_cols=6  Identities=67%  Similarity=1.747  Sum_probs=3.5  Template_Neff=7.200

Q GTLFWG            1 GTLFWG    6 (6)
Q Consensus         1 gtlfwg    6 (6)
                      |.|.||
T Consensus       164 G~lvwG  169 (190)
T 4JO5_A          164 GVLVWG  169 (190)
T ss_dssp             TEEEES
T ss_pred             CEEEEe
Confidence            456665


No 25
>5GY0_B Glucanase (E.C.3.2.1.-); CELLULASES, GLYCOSYL HYDROLASE, HYDROLASE, CELLULOSOME; HET: PG4, BGC; 1.74A {Clostridium thermocellum}
Probab=23.09  E-value=80  Score=14.96  Aligned_cols=6  Identities=33%  Similarity=0.673  Sum_probs=3.9  Template_Neff=8.400

Q GTLFWG            1 GTLFWG    6 (6)
Q Consensus         1 gtlfwg    6 (6)
                      |+|.||
T Consensus       592 g~lv~G  597 (610)
T 5GY0_B          592 ATKIFG  597 (610)
T ss_dssp             TEEEES
T ss_pred             CEEEEe
Confidence            567776


No 26
>5GXX_A Glucanase (E.C.3.2.1.-); CELLULASES, GLYCOSYL HYDROLASE, HYDROLASE, CELLULOSOME; HET: TRS; 1.5A {Clostridium thermocellum}
Probab=22.35  E-value=85  Score=14.83  Aligned_cols=6  Identities=33%  Similarity=0.673  Sum_probs=3.9  Template_Neff=8.500

Q GTLFWG            1 GTLFWG    6 (6)
Q Consensus         1 gtlfwg    6 (6)
                      |+|.||
T Consensus       592 g~lv~G  597 (610)
T 5GXX_A          592 ATKIFG  597 (610)
T ss_dssp             TEEEES
T ss_pred             CEEEEe
Confidence            567775


No 27
>1G87_B ENDOCELLULASE 9G (E.C.3.2.1.4); ENDOGLUCANASE, CELLULASE 9G, CELLULOSE BINDING; HET: GOL, EDO; 1.6A {Clostridium cellulolyticum} SCOP: a.102.1.2, b.2.2.2
Probab=21.27  E-value=92  Score=14.79  Aligned_cols=6  Identities=33%  Similarity=0.822  Sum_probs=4.0  Template_Neff=8.400

Q GTLFWG            1 GTLFWG    6 (6)
Q Consensus         1 gtlfwg    6 (6)
                      |+|.||
T Consensus       606 g~lv~G  611 (614)
T 1G87_B          606 GVKVFG  611 (614)
T ss_dssp             TEEEES
T ss_pred             CEEEee
Confidence            567776


No 28
>1GA2_B ENDOGLUCANASE 9G (E.C.3.2.1.4); ENDOGLUCANASE, CELLULASE 9G, CELLOBIOSE COMPLEX; HET: GOL, BGC; 1.7A {Clostridium cellulolyticum} SCOP: b.2.2.2, a.102.1.2
Probab=21.27  E-value=92  Score=14.79  Aligned_cols=6  Identities=33%  Similarity=0.822  Sum_probs=4.0  Template_Neff=8.400

Q GTLFWG            1 GTLFWG    6 (6)
Q Consensus         1 gtlfwg    6 (6)
                      |+|.||
T Consensus       606 g~lv~G  611 (614)
T 1GA2_B          606 GVKVFG  611 (614)
T ss_dssp             TEEEES
T ss_pred             CEEEee
Confidence            567776


No 29
>5GXX_B Glucanase (E.C.3.2.1.-); CELLULASES, GLYCOSYL HYDROLASE, HYDROLASE, CELLULOSOME; HET: TRS; 1.5A {Clostridium thermocellum}
Probab=21.19  E-value=93  Score=14.82  Aligned_cols=6  Identities=33%  Similarity=0.673  Sum_probs=3.9  Template_Neff=8.300

Q GTLFWG            1 GTLFWG    6 (6)
Q Consensus         1 gtlfwg    6 (6)
                      |+|.||
T Consensus       592 g~lv~G  597 (610)
T 5GXX_B          592 ATKIFG  597 (610)
T ss_dssp             TEEEES
T ss_pred             CEEEEe
Confidence            567775


No 30
>7CUX_A pseudo-dimeric architecture, CCCH-type zinc finger; 3.29477066393A {Homo sapiens}
Probab=20.31  E-value=1e+02  Score=14.41  Aligned_cols=6  Identities=50%  Similarity=1.315  Sum_probs=3.4  Template_Neff=6.600

Q GTLFWG            1 GTLFWG    6 (6)
Q Consensus         1 gtlfwg    6 (6)
                      |.||+|
T Consensus       214 GyL~iG  219 (326)
T 7CUX_A          214 GYVFFG  219 (326)
T ss_dssp             EEEEET
T ss_pred             eEEEEE
Confidence            456655


No 31
>7CUX_F pseudo-dimeric architecture, CCCH-type zinc finger; 3.29477066393A {Homo sapiens}
Probab=20.31  E-value=1e+02  Score=14.41  Aligned_cols=6  Identities=50%  Similarity=1.315  Sum_probs=3.4  Template_Neff=6.600

Q GTLFWG            1 GTLFWG    6 (6)
Q Consensus         1 gtlfwg    6 (6)
                      |.||+|
T Consensus       214 GyL~iG  219 (326)
T 7CUX_F          214 GYVFFG  219 (326)
T ss_dssp             EEEEET
T ss_pred             eEEEEE
Confidence            456655


No 32
>2ATM_A Hyaluronoglucosaminidase (E.C.3.2.1.35); beta-alpha-barrels, HYDROLASE; HET: MES; 2.0A {Vespula vulgaris}
Probab=20.13  E-value=1e+02  Score=14.66  Aligned_cols=6  Identities=50%  Similarity=1.697  Sum_probs=3.6  Template_Neff=6.100

Q GTLFWG            1 GTLFWG    6 (6)
Q Consensus         1 gtlfwg    6 (6)
                      |.++||
T Consensus       292 GvViWg  297 (331)
T 2ATM_A          292 GIIIWG  297 (331)
T ss_dssp             EEEEEC
T ss_pred             eEEEec
Confidence            456675


