Query         EALYLV
Match_columns 6
No_of_seqs    1 out of 1
Neff          1
Searched_HMMs 90378
Date          Sun Dec 19 18:20:02 2021
Command       /media/stefano/DISCO1/FOLDEN/hh-suite/build/bin/hhsearch -i /media/stefano/DISCO1/FOLDEN/trRosetta2/example/EALYLV/protein.hhm -d /media/stefano/DISCO1/FOLDEN/trRosettaX/pdb70/pdb70 -o /media/stefano/DISCO1/FOLDEN/trRosetta2/example/EALYLV/protein.out -cpu 32 

 No Hit                             Prob E-value P-value  Score    SS Cols Query HMM  Template HMM
  1 3AJV_C Putative uncharacterize  47.6      17 0.00019   15.4   0.0    6    1-6      71-76  (190)
  2 3AJV_A Putative uncharacterize  44.5      21 0.00023   15.3   0.0    6    1-6      71-76  (190)
  3 4FZ2_B tRNA intron endonucleas  44.1      21 0.00023   16.6   0.0    6    1-6      44-49  (395)
  4 3P1Y_D tRNA-splicing endonucle  40.6      26 0.00029   15.6   0.0    6    1-6      34-39  (315)
  5 1R0V_C tRNA-intron endonucleas  36.0      34 0.00038   15.1   0.0    6    1-6      34-39  (305)
  6 5URT_B Insulin Chain A, Insuli  30.7      48 0.00053   11.4   0.0    6    1-6      13-18  (30)
  7 6DFX_E MHC class II HLA-DQ-alp  29.7      51 0.00056   12.7   0.0    6    1-6       2-7   (221)
  8 6BLQ_B H-2 class II histocompa  25.2      69 0.00076   12.8   0.0    6    1-6       4-9   (221)
  9 3W7Y_B Insulin; Human insulin,  21.4      92   0.001   10.5   0.0    6    1-6      13-18  (30)
 10 6SOF_F Insulin receptor (E.C.2  21.4      92   0.001   10.5   0.0    6    1-6      13-18  (30)

No 1
>3AJV_C Putative uncharacterized protein, tRNA-splicing endonuclease; EndA, splicing endonuclease, tRNA splicing; HET: GOL; 1.7A {Aeropyrum pernix}
Probab=47.58  E-value=17  Score=15.37  Aligned_cols=6  Identities=50%  Similarity=0.617  Sum_probs=3.4  Template_Neff=7.000

Q EALYLV            1 EALYLV    6 (6)
Q Consensus         1 ealylv    6 (6)
                      ||+||+
T Consensus        71 Ea~yL~   76 (190)
T 3AJV_C           71 EAAYQA   76 (190)
T ss_dssp             HHHHHH
T ss_pred             HHHHHH
Confidence            566653


No 2
>3AJV_A Putative uncharacterized protein, tRNA-splicing endonuclease; EndA, splicing endonuclease, tRNA splicing; HET: GOL; 1.7A {Aeropyrum pernix}
Probab=44.52  E-value=21  Score=15.25  Aligned_cols=6  Identities=50%  Similarity=0.617  Sum_probs=3.3  Template_Neff=6.800

Q EALYLV            1 EALYLV    6 (6)
Q Consensus         1 ealylv    6 (6)
                      ||+||+
T Consensus        71 Ea~YL~   76 (190)
T 3AJV_A           71 EAAYQA   76 (190)
T ss_pred             HHHHHH
Confidence            566653


No 3
>4FZ2_B tRNA intron endonuclease (E.C.3.1.27.9); tRNA splicing endonuclease, HYDROLASE; 2.252A {Candidatus Micrarchaeum acidiphilum}
Probab=44.11  E-value=21  Score=16.62  Aligned_cols=6  Identities=83%  Similarity=1.292  Sum_probs=3.9  Template_Neff=7.000

Q EALYLV            1 EALYLV    6 (6)
Q Consensus         1 ealylv    6 (6)
                      ||+||+
T Consensus        44 EalYL~   49 (395)
T 4FZ2_B           44 EGLYLV   49 (395)
T ss_dssp             HHHHHH
T ss_pred             HHHHHH
Confidence            677764


No 4
>3P1Y_D tRNA-splicing endonuclease (E.C.3.1.27.9); Protein homodimer, RNA splicing endonuclease; 2.05A {Archaeoglobus fulgidus}
Probab=40.65  E-value=26  Score=15.61  Aligned_cols=6  Identities=50%  Similarity=0.877  Sum_probs=3.6  Template_Neff=7.500

Q EALYLV            1 EALYLV    6 (6)
Q Consensus         1 ealylv    6 (6)
                      ||+||+
T Consensus        34 EalyL~   39 (315)
T 3P1Y_D           34 EVVYLQ   39 (315)
T ss_dssp             HHHHHH
T ss_pred             HHHHHH
Confidence            566663


No 5
>1R0V_C tRNA-intron endonuclease (E.C.3.1.27.9); RNA splicing  endonuclease ; 2.0A {Archaeoglobus fulgidus} SCOP: c.52.2.1, d.75.1.1
Probab=36.03  E-value=34  Score=15.14  Aligned_cols=6  Identities=50%  Similarity=0.877  Sum_probs=0.0  Template_Neff=7.600

Q EALYLV            1 EALYLV    6 (6)
Q Consensus         1 ealylv    6 (6)
                      ||+||+
T Consensus        34 EalyL~   39 (305)
T 1R0V_C           34 EVVYLQ   39 (305)
T ss_dssp             ------
T ss_pred             HHHHHH
Confidence            566653


No 6
>5URT_B Insulin Chain A, Insulin Chain; Insulin, HORMONE; 1.18A {Homo sapiens}
Probab=30.71  E-value=48  Score=11.37  Aligned_cols=6  Identities=100%  Similarity=1.398  Sum_probs=3.2  Template_Neff=4.800

Q EALYLV            1 EALYLV    6 (6)
Q Consensus         1 ealylv    6 (6)
                      |+||+|
T Consensus        13 d~l~~v   18 (30)
T 5URT_B           13 EALYLV   18 (30)
T ss_dssp             HHHHHH
T ss_pred             HHHHHH
Confidence            456654


No 7
>6DFX_E MHC class II HLA-DQ-alpha chain; T cell receptor, type 1; HET: NAG; 2.03A {Homo sapiens}
Probab=29.74  E-value=51  Score=12.74  Aligned_cols=6  Identities=83%  Similarity=1.265  Sum_probs=3.3  Template_Neff=9.900

Q EALYLV            1 EALYLV    6 (6)
Q Consensus         1 ealylv    6 (6)
                      |.||||
T Consensus         2 ~~~~~~    7 (221)
T 6DFX_E            2 EELYLV    7 (221)
T ss_pred             ceEEEE
Confidence            446664


No 8
>6BLQ_B H-2 class II histocompatibility antigen; INSULIN, TYPE I DIABETES, T; HET: NAG, EDO, IPA; 1.8A {Mus musculus}
Probab=25.23  E-value=69  Score=12.83  Aligned_cols=6  Identities=83%  Similarity=1.231  Sum_probs=3.4  Template_Neff=9.100

Q EALYLV            1 EALYLV    6 (6)
Q Consensus         1 ealylv    6 (6)
                      |.||||
T Consensus         4 ~~~~~~    9 (221)
T 6BLQ_B            4 ERLYLV    9 (221)
T ss_dssp             ECCCCC
T ss_pred             eeEEEE
Confidence            456664


No 9
>3W7Y_B Insulin; Human insulin, hormone, glucose metabolism; 0.92A {Homo sapiens}
Probab=21.38  E-value=92  Score=10.50  Aligned_cols=6  Identities=100%  Similarity=1.398  Sum_probs=2.8  Template_Neff=5.200

Q EALYLV            1 EALYLV    6 (6)
Q Consensus         1 ealylv    6 (6)
                      ++|++|
T Consensus        13 ~~L~~v   18 (30)
T 3W7Y_B           13 EALYLV   18 (30)
T ss_dssp             HHHHHH
T ss_pred             HHHHHH
Confidence            355543


No 10
>6SOF_F Insulin receptor (E.C.2.7.10.1), Insulin; cell surface receptor, insulin, tyrosine; 4.3A {Homo sapiens}
Probab=21.38  E-value=92  Score=10.50  Aligned_cols=6  Identities=100%  Similarity=1.398  Sum_probs=2.8  Template_Neff=5.200

Q EALYLV            1 EALYLV    6 (6)
Q Consensus         1 ealylv    6 (6)
                      ++|++|
T Consensus        13 ~~L~~v   18 (30)
T 6SOF_F           13 EALYLV   18 (30)
T ss_dssp             HHHHHH
T ss_pred             HHHHHH
Confidence            355543


