Query         EPTKVE
Match_columns 6
No_of_seqs    1 out of 1
Neff          1
Searched_HMMs 90378
Date          Sun Dec 19 19:31:54 2021
Command       /media/stefano/DISCO1/FOLDEN/hh-suite/build/bin/hhsearch -i /media/stefano/DISCO1/FOLDEN/trRosetta2/example/EPTKVE/protein.hhm -d /media/stefano/DISCO1/FOLDEN/trRosettaX/pdb70/pdb70 -o /media/stefano/DISCO1/FOLDEN/trRosetta2/example/EPTKVE/protein.out -cpu 32 

 No Hit                             Prob E-value P-value  Score    SS Cols Query HMM  Template HMM
  1 2HS3_A Phosphoribosylformylgly   7.8   4E+02  0.0044   12.6   0.0    6    1-6      16-21  (603)
  2 3NUF_A PRD-containing transcri   5.2 6.9E+02  0.0076    9.2   0.0    5    2-6      12-16  (119)
  3 5YLZ_T Pre-mRNA-splicing facto   5.0 7.2E+02   0.008   10.2   0.0    6    1-6      33-38  (455)
  4 2P12_B Hypothetical protein; A   4.9 7.3E+02  0.0081   10.8   0.0    5    2-6      12-16  (176)
  5 2P12_A Hypothetical protein; A   4.6 7.8E+02  0.0087   10.7   0.0    5    2-6      12-16  (176)
  6 2VY1_A PROTEIN LEAFY; DNA-BIND   4.1 9.2E+02    0.01   12.1   0.0    4    2-5      56-59  (194)
  7 5K2Z_B Pyridoxal 5'-phosphate    4.1 9.3E+02    0.01   10.6   0.0    6    1-6     297-302 (315)
  8 6KAC_T Photosystem II protein    4.0 9.3E+02    0.01    8.8   0.0    5    1-5      25-29  (31)
  9 2MKD_A Zinc finger protein 346   4.0 9.5E+02   0.011    8.8   0.0    4    3-6       2-5   (60)
 10 6WJ6_T Photosystem II; Photosy   4.0 9.5E+02   0.011    8.8   0.0    6    1-6      25-30  (31)

No 1
>2HS3_A Phosphoribosylformylglycinamidine synthase II (E.C.6.3.5.3); beta barrel  alpha-beta structure; HET: FGR; 2.3A {Thermotoga maritima} SCOP: d.79.4.1, d.139.1.1
Probab=7.81  E-value=4e+02  Score=12.60  Aligned_cols=6  Identities=83%  Similarity=0.966  Sum_probs=3.0  Template_Neff=8.900

Q EPTKVE            1 EPTKVE    6 (6)
Q Consensus         1 eptkve    6 (6)
                      +||.+|
T Consensus        16 ~p~~~e   21 (603)
T 2HS3_A           16 EPTFVE   21 (603)
T ss_pred             CCCHHH
Confidence            355554


No 2
>3NUF_A PRD-containing transcription regulator; STRUCTURAL GENOMICS, JOINT CENTER FOR; HET: EDO, PG4; 1.38A {Lactobacillus casei}
Probab=5.16  E-value=6.9e+02  Score=9.21  Aligned_cols=5  Identities=60%  Similarity=1.059  Sum_probs=0.0  Template_Neff=8.800

Q EPTKVE            2 PTKVE    6 (6)
Q Consensus         2 ptkve    6 (6)
                      ||.++
T Consensus        12 ~~~~~   16 (119)
T 3NUF_A           12 PTEVK   16 (119)
T ss_dssp             CHHHH
T ss_pred             CHHHH


No 3
>5YLZ_T Pre-mRNA-splicing factor 8, Pre-mRNA-splicing factor; Post-catalytic Spliceosome (P complex), RNA; HET: I6P, GTP; 3.6A {Saccharomyces cerevisiae S288c}
Probab=4.97  E-value=7.2e+02  Score=10.20  Aligned_cols=6  Identities=50%  Similarity=0.446  Sum_probs=0.0  Template_Neff=11.400

Q EPTKVE            1 EPTKVE    6 (6)
Q Consensus         1 eptkve    6 (6)
                      +|+|++
T Consensus        33 ~~~~~~   38 (455)
T 5YLZ_T           33 EDTSYE   38 (455)
T ss_pred             CCCCCC


No 4
>2P12_B Hypothetical protein; APC7392, beta-barrel, Rhodococcus sp. RHA1; HET: MSE; 1.63A {Rhodococcus sp.} SCOP: b.175.1.1
Probab=4.89  E-value=7.3e+02  Score=10.78  Aligned_cols=5  Identities=80%  Similarity=1.192  Sum_probs=0.0  Template_Neff=6.500

Q EPTKVE            2 PTKVE    6 (6)
Q Consensus         2 ptkve    6 (6)
                      |.|||
T Consensus        12 p~k~e   16 (176)
T 2P12_B           12 PPKVE   16 (176)
T ss_dssp             CCCEE
T ss_pred             CCceE


No 5
>2P12_A Hypothetical protein; APC7392, beta-barrel, Rhodococcus sp. RHA1; 1.63A {Rhodococcus sp.} SCOP: b.175.1.1
Probab=4.64  E-value=7.8e+02  Score=10.65  Aligned_cols=5  Identities=80%  Similarity=1.192  Sum_probs=0.0  Template_Neff=6.600

Q EPTKVE            2 PTKVE    6 (6)
Q Consensus         2 ptkve    6 (6)
                      |.|||
T Consensus        12 p~k~e   16 (176)
T 2P12_A           12 PPKVE   16 (176)
T ss_dssp             CCCEE
T ss_pred             CCceE


No 6
>2VY1_A PROTEIN LEAFY; DNA-BINDING, TRANSCRIPTION, DEVELOPMENTAL PROTEIN, TRANSCRIPTION; 2.104A {ARABIDOPSIS THALIANA}
Probab=4.09  E-value=9.2e+02  Score=12.11  Aligned_cols=4  Identities=100%  Similarity=1.389  Sum_probs=0.0  Template_Neff=1.900

Q EPTKVE            2 PTKV    5 (6)
Q Consensus         2 ptkv    5 (6)
                      ||||
T Consensus        56 PTKV   59 (194)
T 2VY1_A           56 PTKV   59 (194)
T ss_dssp             CSSC
T ss_pred             Cchh


No 7
>5K2Z_B Pyridoxal 5'-phosphate synthase subunit PDX1.3; pyridoxal 5'-phosphate, vitamin B6 biosynthesis; HET: 6R3, SO4, EDO; 1.8A {Arabidopsis thaliana}
Probab=4.06  E-value=9.3e+02  Score=10.55  Aligned_cols=6  Identities=50%  Similarity=0.573  Sum_probs=0.0  Template_Neff=8.600

Q EPTKVE            1 EPTKVE    6 (6)
Q Consensus         1 eptkve    6 (6)
                      +++|||
T Consensus       297 ~~~~~~  302 (315)
T 5K2Z_B          297 NDEKVE  302 (315)
T ss_dssp             C-----
T ss_pred             CcHHHH


No 8
>6KAC_T Photosystem II protein D1 (E.C.1.10.3.9); PhotosystemII, supercomplex, PHOTOSYNTHESIS; HET: SQD, DGD, LMU, HEM, LMG, LUT, PL9, OEX, CHL, XAT, LHG, NEX, BCR, PHO, CLA; 2.7A {Chlamydomonas reinhardtii}
Probab=4.04  E-value=9.3e+02  Score=8.83  Aligned_cols=5  Identities=20%  Similarity=0.979  Sum_probs=0.0  Template_Neff=2.900

Q EPTKVE            1 EPTKV    5 (6)
Q Consensus         1 eptkv    5 (6)
                      ||.|+
T Consensus        25 epPki   29 (31)
T 6KAC_T           25 DPPRM   29 (31)
T ss_pred             CCCCC


No 9
>2MKD_A Zinc finger protein 346; Zinc finger, dsRNA-binding, DNA BINDING; HET: ZN; NMR {Homo sapiens}
Probab=3.97  E-value=9.5e+02  Score=8.79  Aligned_cols=4  Identities=100%  Similarity=1.057  Sum_probs=0.0  Template_Neff=6.200

Q EPTKVE            3 TKVE    6 (6)
Q Consensus         3 tkve    6 (6)
                      ||||
T Consensus         2 ~~~~    5 (60)
T 2MKD_A            2 TKVE    5 (60)
T ss_dssp             CCCC
T ss_pred             chhH


No 10
>6WJ6_T Photosystem II; Photosystem, oxidoreductase, water-splitting, photoactivation, PHOTOSYNTHESIS; HET: LHG, CLA, FME, BCR, PL9, LMG, PHO, LMT, HEM, SQD, DGD; 2.58A {Synechocystis sp. (strain PCC 6803 / Kazusa)}
Probab=3.97  E-value=9.5e+02  Score=8.83  Aligned_cols=6  Identities=50%  Similarity=1.149  Sum_probs=0.0  Template_Neff=2.800

Q EPTKVE            1 EPTKVE    6 (6)
Q Consensus         1 eptkve    6 (6)
                      ||.|+.
T Consensus        25 epPki~   30 (31)
T 6WJ6_T           25 EPPRIE   30 (31)
T ss_pred             CCCCCC


