Query         FGTFSI
Match_columns 6
No_of_seqs    1 out of 1
Neff          1
Searched_HMMs 90378
Date          Sun Dec 19 21:05:40 2021
Command       /media/stefano/DISCO1/FOLDEN/hh-suite/build/bin/hhsearch -i /media/stefano/DISCO1/FOLDEN/trRosetta2/example/FGTFSI/protein.hhm -d /media/stefano/DISCO1/FOLDEN/trRosettaX/pdb70/pdb70 -o /media/stefano/DISCO1/FOLDEN/trRosetta2/example/FGTFSI/protein.out -cpu 32 

 No Hit                             Prob E-value P-value  Score    SS Cols Query HMM  Template HMM
  1 4N1V_A DNA-binding protein HU-  70.7     3.5 3.8E-05   15.0   0.0    6    1-6      55-60  (100)
  2 2IIF_A DNA Kinking, bending, U  47.9      17 0.00019   15.5   0.0    6    1-6     149-154 (204)
  3 2IIE_A Integration Host Factor  43.2      22 0.00025   15.2   0.0    6    1-6      93-98  (204)
  4 6N3A_J TAR DNA-binding protein  29.8      51 0.00056   13.3   0.0    6    1-6       3-8   (50)
  5 4C5I_C MBT DOMAIN-CONTAINING P  26.9      61 0.00068   11.8   0.0    6    1-6      18-23  (30)
  6 4C5E_G POLYCOMB PROTEIN SFMBT,  23.7      77 0.00085   11.7   0.0    6    1-6      19-24  (32)
  7 6B8H_r ATP synthase subunit 9,  19.4 1.1E+02  0.0012   13.0   0.0    6    1-6     167-172 (173)
  8 6CP3_7 ATP synthase subunit 9,  19.4 1.1E+02  0.0012   13.0   0.0    6    1-6     167-172 (173)
  9 5WNV_S Ribosome; smFRET, Ribos  16.1 1.4E+02  0.0016   11.4   0.0    6    1-6      70-75  (81)
 10 3ZXW_B RIBULOSE BISPHOSPHATE C  15.9 1.5E+02  0.0016   12.7   0.0    5    1-5      10-14  (118)

No 1
>4N1V_A DNA-binding protein HU-beta; DNA Binding, DNA BINDING PROTEIN; 1.36A {Spiroplasma melliferum}
Probab=70.71  E-value=3.5  Score=15.03  Aligned_cols=6  Identities=50%  Similarity=1.381  Sum_probs=3.5  Template_Neff=8.400

Q FGTFSI            1 FGTFSI    6 (6)
Q Consensus         1 fgtfsi    6 (6)
                      ||+|++
T Consensus        55 lGtF~~   60 (100)
T 4N1V_A           55 FGKFAV   60 (100)
T ss_dssp             TEEEEE
T ss_pred             CeEEEE
Confidence            566653


No 2
>2IIF_A DNA Kinking, bending, U-turn, intercalation; 2.72A {Escherichia coli}
Probab=47.90  E-value=17  Score=15.54  Aligned_cols=6  Identities=67%  Similarity=1.503  Sum_probs=3.7  Template_Neff=7.000

Q FGTFSI            1 FGTFSI    6 (6)
Q Consensus         1 fgtfsi    6 (6)
                      ||+|++
T Consensus       149 fGtF~~  154 (204)
T 2IIF_A          149 FGSFSL  154 (204)
T ss_dssp             TEEEEE
T ss_pred             ccceee
Confidence            677753


No 3
>2IIE_A Integration Host Factor Alpha-subunit, Integration; DNA kinking, bending, U-turn, intercalation; 2.41A {Escherichia coli}
Probab=43.18  E-value=22  Score=15.19  Aligned_cols=6  Identities=50%  Similarity=1.353  Sum_probs=3.5  Template_Neff=7.000

Q FGTFSI            1 FGTFSI    6 (6)
Q Consensus         1 fgtfsi    6 (6)
                      ||+|++
T Consensus        93 fGtF~~   98 (204)
T 2IIE_A           93 FGNFDL   98 (204)
T ss_dssp             TEEEEE
T ss_pred             CeEEEE
Confidence            566653


No 4
>6N3A_J TAR DNA-binding protein 43, segA; Amyloid, TDP43, ALS, FTLD-TDP, dna; 3.3A {Homo sapiens}
Probab=29.80  E-value=51  Score=13.31  Aligned_cols=6  Identities=83%  Similarity=1.519  Sum_probs=3.4  Template_Neff=2.200

Q FGTFSI            1 FGTFSI    6 (6)
Q Consensus         1 fgtfsi    6 (6)
                      ||.|+|
T Consensus         3 fg~~~i    8 (50)
T 6N3A_J            3 FGAFSI    8 (50)
T ss_dssp             CSCCEE
T ss_pred             CccccC
Confidence            566654


No 5
>4C5I_C MBT DOMAIN-CONTAINING PROTEIN 1, TRANSCRIPTIONAL; TRANSCRIPTION; 2.586A {HOMO SAPIENS}
Probab=26.89  E-value=61  Score=11.81  Aligned_cols=6  Identities=50%  Similarity=0.827  Sum_probs=3.6  Template_Neff=2.900

Q FGTFSI            1 FGTFSI    6 (6)
Q Consensus         1 fgtfsi    6 (6)
                      +|-||+
T Consensus        18 egeFsv   23 (30)
T 4C5I_C           18 EGEFSV   23 (30)
T ss_pred             eeeeeE
Confidence            466764


No 6
>4C5E_G POLYCOMB PROTEIN SFMBT, POLYCOMB PROTEIN; TRANSCRIPTION; 1.951A {DROSOPHILA MELANOGASTER}
Probab=23.72  E-value=77  Score=11.73  Aligned_cols=6  Identities=50%  Similarity=0.827  Sum_probs=3.4  Template_Neff=2.800

Q FGTFSI            1 FGTFSI    6 (6)
Q Consensus         1 fgtfsi    6 (6)
                      +|-||+
T Consensus        19 egeFsv   24 (32)
T 4C5E_G           19 EGEFSV   24 (32)
T ss_dssp             TEEEEE
T ss_pred             eeeeeE
Confidence            456664


No 7
>6B8H_r ATP synthase subunit 9, mitochondrial; Complex, Proton transporter, MEMBRANE PROTEIN; HET: MG, ANP; 3.6A {Saccharomyces cerevisiae (strain ATCC 204508 / S288c)}
Probab=19.38  E-value=1.1e+02  Score=12.96  Aligned_cols=6  Identities=33%  Similarity=1.115  Sum_probs=0.0  Template_Neff=6.900

Q FGTFSI            1 FGTFSI    6 (6)
Q Consensus         1 fgtfsi    6 (6)
                      ||.+||
T Consensus       167 fg~~~~  172 (173)
T 6B8H_r          167 FGNLNV  172 (173)
T ss_pred             CCCccc


No 8
>6CP3_7 ATP synthase subunit 9, mitochondrial; ATP synthase, BIOSYNTHETIC PROTEIN; HET: ATP, FME, ADP;{Saccharomyces cerevisiae}
Probab=19.38  E-value=1.1e+02  Score=12.96  Aligned_cols=6  Identities=33%  Similarity=1.115  Sum_probs=0.0  Template_Neff=6.900

Q FGTFSI            1 FGTFSI    6 (6)
Q Consensus         1 fgtfsi    6 (6)
                      ||.+||
T Consensus       167 fg~~~~  172 (173)
T 6CP3_7          167 FGNLNV  172 (173)
T ss_pred             CCCccc


No 9
>5WNV_S Ribosome; smFRET, Ribosome, mRNA methylation, translation; HET: 7MG, 2MG, 0TD, PSU, 70U, A2M, B6M, 5MC, 4OC, MG, MA6, 12A, K, UR3, M2G; 3.3A {Thermus thermophilus (strain HB8 / ATCC 27634 / DSM 579)}
Probab=16.06  E-value=1.4e+02  Score=11.36  Aligned_cols=6  Identities=33%  Similarity=0.778  Sum_probs=0.0  Template_Neff=6.500

Q FGTFSI            1 FGTFSI    6 (6)
Q Consensus         1 fgtfsi    6 (6)
                      ||.|++
T Consensus        70 lGeF~~   75 (81)
T 5WNV_S           70 LGEFAP   75 (81)
T ss_dssp             SGGGSC
T ss_pred             cccccC


No 10
>3ZXW_B RIBULOSE BISPHOSPHATE CARBOXYLASE LARGE CHAIN; CO2/O2 SPECIFICITY, CARBON DIOXIDE FIXATION; HET: GOL, KCX, CAP; 2.1A {THERMOSYNECHOCOCCUS ELONGATUS}
Probab=15.92  E-value=1.5e+02  Score=12.72  Aligned_cols=5  Identities=60%  Similarity=1.065  Sum_probs=0.0  Template_Neff=5.000

Q FGTFSI            1 FGTFS    5 (6)
Q Consensus         1 fgtfs    5 (6)
                      ++|||
T Consensus        10 ~~tfs   14 (118)
T 3ZXW_B           10 YETFS   14 (118)
T ss_dssp             ----C
T ss_pred             ceecc


