Query         SQFYIT
Match_columns 6
No_of_seqs    1 out of 1
Neff          1
Searched_HMMs 90378
Date          Tue Dec 21 16:02:48 2021
Command       /media/stefano/DISCO1/FOLDEN/hh-suite/build/bin/hhsearch -i /media/stefano/DISCO1/FOLDEN/trRosetta2/example/SQFYIT/protein.hhm -d /media/stefano/DISCO1/FOLDEN/trRosettaX/pdb70/pdb70 -o /media/stefano/DISCO1/FOLDEN/trRosetta2/example/SQFYIT/protein.out -cpu 32 

 No Hit                             Prob E-value P-value  Score    SS Cols Query HMM  Template HMM
  1 5JHE_A Peptidyl-prolyl cis-tra  89.0    0.21 2.4E-06   19.7   0.0    6    1-6     146-151 (397)
  2 1IHG_A Cyclophilin 40 (E.C.5.2  86.1    0.46   5E-06   18.8   0.0    6    1-6     130-135 (370)
  3 5YZG_2 Pre-mRNA-processing-spl  84.4    0.64 7.1E-06   19.1   0.0    6    1-6     590-595 (646)
  4 2WFI_A PEPTIDYL-PROLYL CIS-TRA  84.0    0.68 7.6E-06   17.7   0.0    6    1-6     124-129 (179)
  5 5YZG_1 Pre-mRNA-processing-spl  83.5    0.75 8.3E-06   18.4   0.0    6    1-6     246-251 (301)
  6 6ID1_y Pre-mRNA-processing-spl  83.5    0.75 8.3E-06   18.4   0.0    6    1-6     246-251 (301)
  7 1XO7_B cyclophilin T.cru001338  83.3    0.78 8.7E-06   17.4   0.0    6    1-6     111-116 (166)
  8 2WFJ_A PEPTIDYL-PROLYL CIS-TRA  83.1     0.8 8.9E-06   17.5   0.0    6    1-6     124-129 (179)
  9 7A5P_z UNKNOWN, Pre-mRNA-proce  82.8    0.85 9.4E-06   18.8   0.0    6    1-6     590-595 (646)
 10 3PMP_A Cyclophilin A (E.C.5.2.  82.4    0.91   1E-05   17.2   0.0    6    1-6     109-114 (164)
 11 2A2N_C peptidylprolyl isomeras  82.4    0.91   1E-05   17.6   0.0    6    1-6     120-125 (176)
 12 1XYH_A cyclophilin-like protei  82.2    0.93   1E-05   17.1   0.0    6    1-6      99-104 (161)
 13 2OK3_A Peptidyl-prolyl cis-tra  82.2    0.93   1E-05   17.1   0.0    6    1-6      99-104 (161)
 14 1C5F_C PEPTIDYL-PROLYL CIS-TRA  82.1    0.94   1E-05   17.4   0.0    6    1-6     121-126 (177)
 15 1A33_A PEPTIDYLPROLYL ISOMERAS  81.8    0.99 1.1E-05   17.3   0.0    6    1-6     121-126 (177)
 16 1A58_A CYCLOPHILIN; ISOMERASE,  81.8    0.99 1.1E-05   17.3   0.0    6    1-6     121-126 (177)
 17 3T1U_A Peptidyl-prolyl cis-tra  81.7       1 1.1E-05   17.1   0.0    6    1-6      96-101 (163)
 18 2C3B_A PPIASE; ISOMERASE, 3D D  81.6       1 1.1E-05   17.2   0.0    6    1-6     114-119 (172)
 19 4FRV_A Peptidyl-prolyl cis-tra  81.5       1 1.1E-05   17.6   0.0    6    1-6     119-124 (185)
 20 3BO7_C PEPTIDYL-PROLYL CIS-TRA  81.3     1.1 1.2E-05   17.8   0.0    6    1-6     117-122 (201)
 21 7AOI_BQ bL28m, uL29m, uL30m, b  81.2     1.1 1.2E-05   17.5   0.0    6    1-6     127-132 (185)
 22 4R3F_A spliceosomal protein CW  81.1     1.1 1.2E-05   17.6   0.0    6    1-6     140-145 (204)
 23 5EX2_A Peptidyl-prolyl cis-tra  81.1     1.1 1.2E-05   19.1   0.0    6    1-6     169-174 (271)
 24 5YBA_C Myb1 peptide, Peptidyl-  80.8     1.1 1.3E-05   17.1   0.0    6    1-6     120-125 (175)
 25 2HE9_B NK-tumor recognition pr  80.7     1.2 1.3E-05   17.7   0.0    6    1-6     134-139 (192)
 26 1W74_B PEPTIDYL-PROLYL CIS-TRA  80.5     1.2 1.3E-05   17.8   0.0    6    1-6     134-139 (191)
 27 5YBA_A Myb1 peptide, Peptidyl-  80.4     1.2 1.3E-05   17.1   0.0    6    1-6     120-125 (175)
 28 4I9Y_C E3 SUMO-protein ligase   80.2     1.2 1.4E-05   16.9   0.0    6    1-6     113-118 (167)
 29 2R99_A Peptidyl-prolyl cis-tra  80.1     1.3 1.4E-05   17.0   0.0    6    1-6     118-123 (173)
 30 3K2C_C Peptidyl-prolyl cis-tra  80.0     1.3 1.4E-05   17.8   0.0    6    1-6     134-139 (193)
 31 1QOI_A SNUCYP-20; ISOMERASE, S  79.9     1.3 1.4E-05   17.0   0.0    6    1-6     122-127 (177)
 32 3JB9_d Pre-mRNA-splicing facto  79.9     1.3 1.4E-05   16.6   0.0    6    1-6     100-105 (155)
 33 1V9T_B cyclophilin B (E.C.5.2.  79.7     1.3 1.5E-05   16.7   0.0    6    1-6     101-106 (166)
 34 3S6M_A Peptidyl-prolyl cis-tra  79.5     1.4 1.5E-05   16.7   0.0    6    1-6     100-105 (167)
 35 2HAQ_A Crystal Structure of Cy  79.4     1.4 1.5E-05   17.1   0.0    6    1-6     117-122 (172)
 36 3ODL_E CALCINEURIN INHIBITION,  79.1     1.4 1.6E-05   16.7   0.0    6    1-6     110-115 (165)
 37 2FU0_A cyclophilin, putative;   78.9     1.5 1.6E-05   16.6   0.0    6    1-6     104-109 (160)
 38 2PLU_A 20k cyclophilin, putati  78.6     1.5 1.7E-05   17.2   0.0    6    1-6     133-138 (186)
 39 1QNG_A PEPTIDYL-PROLYL CIS-TRA  78.6     1.5 1.7E-05   16.6   0.0    6    1-6     116-121 (170)
 40 7RFD_A Peptidyl-prolyl cis-tra  78.5     1.5 1.7E-05   16.9   0.0    6    1-6      96-101 (170)
 41 2MVZ_A Peptidyl-prolyl cis-tra  78.3     1.6 1.7E-05   16.5   0.0    6    1-6     101-106 (148)
 42 2X7K_A PEPTIDYL-PROLYL CIS-TRA  78.2     1.6 1.8E-05   16.7   0.0    6    1-6     110-115 (166)
 43 4E1Q_A Peptidyl-prolyl cis-tra  77.8     1.7 1.9E-05   17.7   0.0    6    1-6     153-158 (207)
 44 2POY_A PEPTIDYL-PROLYL CIS-TRA  77.7     1.7 1.9E-05   17.1   0.0    6    1-6     133-138 (186)
 45 1ZKC_B Peptidyl-prolyl cis-tra  76.9     1.9 2.1E-05   17.4   0.0    6    1-6     118-123 (197)
 46 2A2N_A peptidylprolyl isomeras  76.8     1.9 2.1E-05   16.8   0.0    6    1-6     120-125 (176)
 47 7JTK_W Radial spoke 1; cilia,   76.3       2 2.2E-05   16.7   0.0    6    1-6     119-124 (181)
 48 1ZKC_A Peptidyl-prolyl cis-tra  76.1       2 2.3E-05   17.4   0.0    6    1-6     118-123 (197)
 49 6QDV_i Eukaryotic initiation f  75.8     2.1 2.3E-05   16.4   0.0    6    1-6     108-113 (164)
 50 2CFE_A ALLERGEN; CYCLOPHILIN,   75.8     2.1 2.3E-05   16.1   0.0    6    1-6     108-113 (162)
 51 6LKB_B Peptidyl-prolyl cis-tra  75.6     2.2 2.4E-05   16.1   0.0    6    1-6     106-111 (160)
 52 4O8H_A Peptidyl-prolyl cis-tra  75.2     2.3 2.5E-05   16.1   0.0    6    1-6     110-115 (165)
 53 4J5C_X Peptidyl-prolyl cis-tra  75.0     2.3 2.5E-05   16.0   0.0    6    1-6     109-114 (164)
 54 5EX1_C Peptidyl-prolyl cis-tra  74.7     2.4 2.6E-05   18.2   0.0    6    1-6     166-171 (283)
 55 6LXO_A Peptidyl-prolyl cis-tra  73.9     2.6 2.8E-05   16.8   0.0    6    1-6     130-135 (194)
 56 1Z81_A cyclophilin (E.C.5.2.1.  73.9     2.6 2.8E-05   17.8   0.0    6    1-6     171-176 (229)
 57 1MZW_A Cyclophilin H, U4/U6-60  73.8     2.6 2.9E-05   16.2   0.0    6    1-6     122-127 (177)
 58 6YXY_BZ bL28m, uL29m, uL30m, b  73.7     2.6 2.9E-05   16.5   0.0    6    1-6     133-138 (190)
 59 4R3E_A Peptidyl-prolyl cis-tra  72.3       3 3.3E-05   16.1   0.0    6    1-6     113-118 (180)
 60 7DVQ_z Pre-mRNA-processing-spl  71.9     3.1 3.4E-05   19.4   0.0    6    1-6     111-116 (472)
 61 3BKP_A Cyclophilin; cyclophili  71.8     3.1 3.5E-05   17.4   0.0    6    1-6     136-141 (232)
 62 7DVQ_9 Pre-mRNA-processing-spl  70.5     3.5 3.9E-05   19.5   0.0    6    1-6     378-383 (520)
 63 4FRU_A Peptidyl-prolyl cis-tra  70.3     3.6   4E-05   16.1   0.0    6    1-6     119-124 (185)
 64 6YXY_BQ bL28m, uL29m, uL30m, b  70.1     3.7 4.1E-05   17.4   0.0    6    1-6     142-147 (231)
 65 2POE_A Cyclophilin-like protei  69.8     3.8 4.1E-05   16.3   0.0    6    1-6     119-124 (185)
 66 3RFY_A Peptidyl-prolyl cis-tra  68.8     4.1 4.5E-05   18.9   0.0    6    1-6     303-308 (369)
 67 7DCO_z PRP8 isoform 1, SNU114   68.5     4.2 4.6E-05   18.2   0.0    6    1-6      97-102 (301)
 68 2OSE_A Probable peptidyl-proly  67.5     4.5   5E-05   16.8   0.0    6    1-6     145-150 (234)
 69 2B71_A cyclophilin-like protei  66.1     5.1 5.6E-05   16.3   0.0    6    1-6     137-142 (196)
 70 2K7N_A Peptidyl-prolyl cis-tra  64.7     5.6 6.2E-05   16.5   0.0    6    1-6     110-115 (203)
 71 3UCH_A Peptidyl-prolyl cis-tra  63.6     6.1 6.7E-05   15.3   0.0    6    1-6     119-124 (174)
 72 7AM2_Bl Ribosomal protein L3-l  63.3     6.2 6.9E-05   17.1   0.0    6    1-6     210-215 (266)
 73 2CMT_A PEPTIDYL-PROLYL CIS-TRA  63.3     6.2 6.9E-05   15.3   0.0    6    1-6     117-122 (172)
 74 6LXQ_A Peptidyl-prolyl cis-tra  61.9     6.9 7.6E-05   15.5   0.0    6    1-6     130-135 (188)
 75 2HQ6_A Serologically defined c  59.7       8 8.9E-05   15.4   0.0    6    1-6     123-128 (185)
 76 5YZG_3 Pre-mRNA-processing-spl  59.5     8.1   9E-05   20.6   0.0    6    1-6     122-127 (754)
 77 7A73_A immunophilin, PLANT PRO  58.8     8.5 9.4E-05   18.0   0.0    6    1-6     305-310 (375)

No 1
>5JHE_A Peptidyl-prolyl cis-trans isomerase CYP7 (E.C.5.2.1.8); cochaperone, CHAPERONE; 1.8A {Saccharomyces cerevisiae S288c}
Probab=88.96  E-value=0.21  Score=19.70  Aligned_cols=6  Identities=83%  Similarity=1.303  Sum_probs=4.8  Template_Neff=10.900

Q SQFYIT            1 SQFYIT    6 (6)
Q Consensus         1 sqfyit    6 (6)
                      |||||+
T Consensus       146 sqf~i~  151 (397)
T 5JHE_A          146 SQFFIT  151 (397)
T ss_dssp             SCEEEE
T ss_pred             CcEEEE
Confidence            788885


No 2
>1IHG_A Cyclophilin 40 (E.C.5.2.1.8); PPIASE IMMUNOPHILIN TETRATRICOPEPTIDE, ISOMERASE; 1.8A {Bos taurus} SCOP: b.62.1.1, a.118.8.1
Probab=86.08  E-value=0.46  Score=18.80  Aligned_cols=6  Identities=83%  Similarity=1.303  Sum_probs=4.6  Template_Neff=10.700

Q SQFYIT            1 SQFYIT    6 (6)
Q Consensus         1 sqfyit    6 (6)
                      |||+|+
T Consensus       130 sqf~i~  135 (370)
T 1IHG_A          130 SQFFIT  135 (370)
T ss_dssp             SCEEEE
T ss_pred             ceEEEE
Confidence            688875


No 3
>5YZG_2 Pre-mRNA-processing-splicing factor 8, 116 kDa; Structure of a Human Catalytic; HET: ADP, GTP, SEP, ATP, I6P; 4.1A {Homo sapiens}
Probab=84.41  E-value=0.64  Score=19.10  Aligned_cols=6  Identities=83%  Similarity=1.303  Sum_probs=4.6  Template_Neff=11.500

Q SQFYIT            1 SQFYIT    6 (6)
Q Consensus         1 sqfyit    6 (6)
                      |||||+
T Consensus       590 s~f~i~  595 (646)
T 5YZG_2          590 SQFFIT  595 (646)
T ss_pred             ccEEEE
Confidence            688885


No 4
>2WFI_A PEPTIDYL-PROLYL CIS-TRANS ISOMERASE G (E.C.5.2.1.8); PHOSPHOPROTEIN, PRE-MRNA SPLICING, NUCLEUS, ROTAMASE; 0.75A {HOMO SAPIENS}
Probab=84.03  E-value=0.68  Score=17.71  Aligned_cols=6  Identities=83%  Similarity=1.303  Sum_probs=4.3  Template_Neff=9.200

Q SQFYIT            1 SQFYIT    6 (6)
Q Consensus         1 sqfyit    6 (6)
                      |||||+
T Consensus       124 s~F~I~  129 (179)
T 2WFI_A          124 SQFFIT  129 (179)
T ss_dssp             SCEEEE
T ss_pred             ceEEEE
Confidence            578875


No 5
>5YZG_1 Pre-mRNA-processing-splicing factor 8, 116 kDa; Structure of a Human Catalytic; HET: ADP, GTP, SEP, ATP, I6P; 4.1A {Homo sapiens}
Probab=83.50  E-value=0.75  Score=18.40  Aligned_cols=6  Identities=67%  Similarity=1.237  Sum_probs=4.5  Template_Neff=9.800

Q SQFYIT            1 SQFYIT    6 (6)
Q Consensus         1 sqfyit    6 (6)
                      |||+|+
T Consensus       246 s~F~I~  251 (301)
T 5YZG_1          246 SQFFLT  251 (301)
T ss_pred             ceEEEE
Confidence            688885


No 6
>6ID1_y Pre-mRNA-processing-splicing factor 8, 116 kDa; Human Intron Lariat Spliceosome, SPLICING; HET: GTP, SEP, I6P; 2.86A {Homo sapiens}
Probab=83.50  E-value=0.75  Score=18.40  Aligned_cols=6  Identities=67%  Similarity=1.237  Sum_probs=4.5  Template_Neff=9.800

Q SQFYIT            1 SQFYIT    6 (6)
Q Consensus         1 sqfyit    6 (6)
                      |||+|+
T Consensus       246 s~F~I~  251 (301)
T 6ID1_y          246 SQFFLT  251 (301)
T ss_pred             ceEEEE
Confidence            688885


No 7
>1XO7_B cyclophilin T.cru0013382; cyclophilin, rotamase, proline, isomerase, cis-trans; 1.61A {Trypanosoma cruzi} SCOP: b.62.1.1
Probab=83.26  E-value=0.78  Score=17.37  Aligned_cols=6  Identities=67%  Similarity=1.254  Sum_probs=4.3  Template_Neff=9.200

Q SQFYIT            1 SQFYIT    6 (6)
Q Consensus         1 sqfyit    6 (6)
                      |||+|+
T Consensus       111 sqFfI~  116 (166)
T 1XO7_B          111 SQFFVT  116 (166)
T ss_dssp             SCEEEE
T ss_pred             ccEEEE
Confidence            578875


No 8
>2WFJ_A PEPTIDYL-PROLYL CIS-TRANS ISOMERASE G (E.C.5.2.1.8); ISOMERASE-IMMUNOSUPPRESSANT COMPLEX, CYCLOPHILIN-CYCLOSPORIN COMPLEX, CYCLOSPORIN; HET: MLE, BMT; 0.75A {HOMO SAPIENS}
Probab=83.10  E-value=0.8  Score=17.52  Aligned_cols=6  Identities=83%  Similarity=1.303  Sum_probs=4.3  Template_Neff=9.200

Q SQFYIT            1 SQFYIT    6 (6)
Q Consensus         1 sqfyit    6 (6)
                      |||+|+
T Consensus       124 s~FfIt  129 (179)
T 2WFJ_A          124 SQFFIT  129 (179)
T ss_dssp             SCEEEE
T ss_pred             ceEEEE
Confidence            578875


No 9
>7A5P_z UNKNOWN, Pre-mRNA-processing-splicing factor 8, SNW; human C complex, spliceosome, hC; HET: MSE; 5.0A {Homo sapiens}
Probab=82.78  E-value=0.85  Score=18.76  Aligned_cols=6  Identities=83%  Similarity=1.303  Sum_probs=4.6  Template_Neff=11.500

Q SQFYIT            1 SQFYIT    6 (6)
Q Consensus         1 sqfyit    6 (6)
                      |||||+
T Consensus       590 ~~ffi~  595 (646)
T 7A5P_z          590 SQFFIT  595 (646)
T ss_pred             ccEEEE
Confidence            688885


No 10
>3PMP_A Cyclophilin A (E.C.5.2.1.8)/cyclosporin A; peptidyl prolyl isomerase, ISOMERASE-IMMUNOSUPPRESSANT complex; HET: DAL, MLE, MVA, ABA, SAR, BMT; 1.47A {Moniliophthora perniciosa}
Probab=82.37  E-value=0.91  Score=17.24  Aligned_cols=6  Identities=83%  Similarity=1.303  Sum_probs=4.2  Template_Neff=9.100

Q SQFYIT            1 SQFYIT    6 (6)
Q Consensus         1 sqfyit    6 (6)
                      |||+|+
T Consensus       109 sqFfI~  114 (164)
T 3PMP_A          109 SQFFIT  114 (164)
T ss_dssp             SCEEEE
T ss_pred             ccEEEE
Confidence            578875


No 11
>2A2N_C peptidylprolyl isomerase domain and WD; CIS-TRANS ISOMERIZATION, PROTEIN-FOLDING, PEPTIDYLPROLYL ISOMERASE; 1.65A {Homo sapiens} SCOP: b.62.1.1
Probab=82.35  E-value=0.91  Score=17.62  Aligned_cols=6  Identities=83%  Similarity=1.303  Sum_probs=4.3  Template_Neff=8.800

Q SQFYIT            1 SQFYIT    6 (6)
Q Consensus         1 sqfyit    6 (6)
                      |||+|+
T Consensus       120 s~FfI~  125 (176)
T 2A2N_C          120 SQFFIT  125 (176)
T ss_dssp             SCEEEE
T ss_pred             eeEEEE
Confidence            578875


No 12
>1XYH_A cyclophilin-like protein PPIL3b (E.C.5.2.1.8); cyclophilin J, beta-barrel, helix, disulfide; 2.6A {Homo sapiens} SCOP: b.62.1.1
Probab=82.18  E-value=0.93  Score=17.10  Aligned_cols=6  Identities=83%  Similarity=1.303  Sum_probs=4.2  Template_Neff=9.200

Q SQFYIT            1 SQFYIT    6 (6)
Q Consensus         1 sqfyit    6 (6)
                      |||+|+
T Consensus        99 sqF~I~  104 (161)
T 1XYH_A           99 SQFFIT  104 (161)
T ss_dssp             SCEEEE
T ss_pred             ceEEEE
Confidence            578774


No 13
>2OK3_A Peptidyl-prolyl cis-trans isomerase-like 3 (E.C.5.2.1.8); beta-barrel, helix, disulfide bridge, ISOMERASE; 2.0A {Homo sapiens} SCOP: b.62.1.1
Probab=82.18  E-value=0.93  Score=17.10  Aligned_cols=6  Identities=83%  Similarity=1.303  Sum_probs=4.2  Template_Neff=9.200

Q SQFYIT            1 SQFYIT    6 (6)
Q Consensus         1 sqfyit    6 (6)
                      |||+|+
T Consensus        99 sqF~I~  104 (161)
T 2OK3_A           99 SQFFIT  104 (161)
T ss_dssp             SCEEEE
T ss_pred             ceEEEE
Confidence            578774


No 14
>1C5F_C PEPTIDYL-PROLYL CIS-TRANS ISOMERASE 1 (E.C.5.2.1.8); ISOMERASE-IMMUNOSUPPRESSANT COMPLEX, CYCLOPHILIN-CYCLOSPORIN COMPLEX, CYCLOSPORIN; HET: DAL, MLE, MVA, ABA, SAR, BMT; 2.47A {BRUGIA MALAYI} SCOP: b.62.1.1
Probab=82.13  E-value=0.94  Score=17.38  Aligned_cols=6  Identities=83%  Similarity=1.303  Sum_probs=4.2  Template_Neff=9.100

Q SQFYIT            1 SQFYIT    6 (6)
Q Consensus         1 sqfyit    6 (6)
                      |||+|+
T Consensus       121 s~FfI~  126 (177)
T 1C5F_C          121 SQFFIT  126 (177)
T ss_dssp             SCEEEE
T ss_pred             cceEEE
Confidence            578775


No 15
>1A33_A PEPTIDYLPROLYL ISOMERASE; ISOMERASE, PEPTIDYL-PROLYL CIS-TRANS, PEPTIDYLPROLYL ISOMERASE; 2.15A {Brugia malayi} SCOP: b.62.1.1
Probab=81.78  E-value=0.99  Score=17.25  Aligned_cols=6  Identities=83%  Similarity=1.303  Sum_probs=4.2  Template_Neff=9.200

Q SQFYIT            1 SQFYIT    6 (6)
Q Consensus         1 sqfyit    6 (6)
                      |||||+
T Consensus       121 s~FfI~  126 (177)
T 1A33_A          121 SQFFIT  126 (177)
T ss_dssp             SCEEEE
T ss_pred             ccEEEE
Confidence            578775


No 16
>1A58_A CYCLOPHILIN; ISOMERASE, PPIASE; 1.95A {Brugia malayi} SCOP: b.62.1.1
Probab=81.78  E-value=0.99  Score=17.25  Aligned_cols=6  Identities=83%  Similarity=1.303  Sum_probs=4.2  Template_Neff=9.200

Q SQFYIT            1 SQFYIT    6 (6)
Q Consensus         1 sqfyit    6 (6)
                      |||||+
T Consensus       121 s~FfI~  126 (177)
T 1A58_A          121 SQFFIT  126 (177)
T ss_dssp             SCEEEE
T ss_pred             ccEEEE
Confidence            578775


No 17
>3T1U_A Peptidyl-prolyl cis-trans isomerase (E.C.5.2.1.8), succinyl-Ala-Phe-Pro-Phe-p-nitroanilide; peptidyl-prolyl isomerase, PPIase, ISOMERASE; 2.0A {Azotobacter vinelandii}
Probab=81.70  E-value=1  Score=17.11  Aligned_cols=6  Identities=50%  Similarity=1.132  Sum_probs=4.1  Template_Neff=9.100

Q SQFYIT            1 SQFYIT    6 (6)
Q Consensus         1 sqfyit    6 (6)
                      |||+|+
T Consensus        96 s~F~I~  101 (163)
T 3T1U_A           96 AQFFIN  101 (163)
T ss_pred             ceEEEE
Confidence            577775


No 18
>2C3B_A PPIASE; ISOMERASE, 3D DOMAIN SWAPPING, MISFOLDING; HET: SO4; 1.85A {ASPERGILLUS FUMIGATUS} SCOP: b.62.1.1
Probab=81.61  E-value=1  Score=17.22  Aligned_cols=6  Identities=83%  Similarity=1.303  Sum_probs=3.6  Template_Neff=9.100

Q SQFYIT            1 SQFYIT    6 (6)
Q Consensus         1 sqfyit    6 (6)
                      |||+|+
T Consensus       114 s~FfI~  119 (172)
T 2C3B_A          114 SQFFIT  119 (172)
T ss_dssp             -CEEEE
T ss_pred             CcEEEE
Confidence            578775


No 19
>4FRV_A Peptidyl-prolyl cis-trans isomerase (E.C.5.2.1.8); cyclophilin-type PPIase, Peptidyl-prolyl cis-trans isomerase; HET: PEG, ME2; 1.1A {Equus caballus}
Probab=81.52  E-value=1  Score=17.59  Aligned_cols=6  Identities=83%  Similarity=1.303  Sum_probs=4.3  Template_Neff=8.800

Q SQFYIT            1 SQFYIT    6 (6)
Q Consensus         1 sqfyit    6 (6)
                      |||+|+
T Consensus       119 sqF~I~  124 (185)
T 4FRV_A          119 SQFFIT  124 (185)
T ss_dssp             SCEEEE
T ss_pred             ceEEEE
Confidence            578875


No 20
>3BO7_C PEPTIDYL-PROLYL CIS-TRANS ISOMERASE CYCLOPHILIN-TYPE, CYCLOSPORIN; ISOMERASE-IMMUNOSUPPRESSANT COMPLEX, CYCLOPHILIN-CYCLOSPORIN COMPLEX, CYCLOSPORIN; HET: EDO, SO4; 2.35A {TOXOPLASMA GONDII}
Probab=81.33  E-value=1.1  Score=17.75  Aligned_cols=6  Identities=67%  Similarity=1.248  Sum_probs=4.3  Template_Neff=8.800

Q SQFYIT            1 SQFYIT    6 (6)
Q Consensus         1 sqfyit    6 (6)
                      |||||+
T Consensus       117 sqFfI~  122 (201)
T 3BO7_C          117 SEFFIT  122 (201)
T ss_dssp             SCEEEE
T ss_pred             eeEEEE
Confidence            578875


No 21
>7AOI_BQ bL28m, uL29m, uL30m, bL32m, bL33m; mitochondria, translation, trypanosoma, assembly, evolution; HET: ADP, GTP, NAD, 4HH; 3.5A {Trypanosoma brucei}
Probab=81.24  E-value=1.1  Score=17.47  Aligned_cols=6  Identities=50%  Similarity=1.027  Sum_probs=4.3  Template_Neff=8.900

Q SQFYIT            1 SQFYIT    6 (6)
Q Consensus         1 sqfyit    6 (6)
                      |||+|+
T Consensus       127 sqFfI~  132 (185)
T 7AOI_BQ         127 SQFFFN  132 (185)
T ss_pred             ccEEEE
Confidence            578875


No 22
>4R3F_A spliceosomal protein CWC27 (E.C.5.2.1.8); Cyclophilin-type PPIase, nucleus, ISOMERASE; HET: PE5, EDO; 1.3A {Chaetomium thermophilum var. thermophilum DSM 1495}
Probab=81.08  E-value=1.1  Score=17.61  Aligned_cols=6  Identities=67%  Similarity=1.137  Sum_probs=4.3  Template_Neff=9.000

Q SQFYIT            1 SQFYIT    6 (6)
Q Consensus         1 sqfyit    6 (6)
                      |||||+
T Consensus       140 sqF~I~  145 (204)
T 4R3F_A          140 SQFFFT  145 (204)
T ss_dssp             SCEEEE
T ss_pred             ceEEEE
Confidence            578875


No 23
>5EX2_A Peptidyl-prolyl cis-trans isomerase (E.C.5.2.1.8); cyclophilin, PPIase, Rotamase, folding helper; 1.294A {Hirschia baltica}
Probab=81.06  E-value=1.1  Score=19.09  Aligned_cols=6  Identities=33%  Similarity=0.971  Sum_probs=4.7  Template_Neff=7.800

Q SQFYIT            1 SQFYIT    6 (6)
Q Consensus         1 sqfyit    6 (6)
                      |||||+
T Consensus       169 SqFfIt  174 (271)
T 5EX2_A          169 DQFFLM  174 (271)
T ss_dssp             SCEEEE
T ss_pred             ceEEEE
Confidence            688885


No 24
>5YBA_C Myb1 peptide, Peptidyl-prolyl cis-trans isomerase; Divergent loop cyclophilin, Cyclophilin A; 2.062A {Trichomonas vaginalis}
Probab=80.80  E-value=1.1  Score=17.13  Aligned_cols=6  Identities=83%  Similarity=1.303  Sum_probs=4.2  Template_Neff=9.100

Q SQFYIT            1 SQFYIT    6 (6)
Q Consensus         1 sqfyit    6 (6)
                      |||+|+
T Consensus       120 s~F~I~  125 (175)
T 5YBA_C          120 SQFFIT  125 (175)
T ss_dssp             SCEEEE
T ss_pred             ccEEEE
Confidence            578775


No 25
>2HE9_B NK-tumor recognition protein (E.C.5.2.1.8); Cyclosporin, Isomerase, Membrane, Rotamase, Peptidylprolyl; 2.0A {Homo sapiens}
Probab=80.71  E-value=1.2  Score=17.75  Aligned_cols=6  Identities=83%  Similarity=1.303  Sum_probs=4.3  Template_Neff=8.500

Q SQFYIT            1 SQFYIT    6 (6)
Q Consensus         1 sqfyit    6 (6)
                      |||||+
T Consensus       134 sqFfI~  139 (192)
T 2HE9_B          134 SQFFIT  139 (192)
T ss_dssp             SCEEEE
T ss_pred             ccEEEE
Confidence            578875


No 26
>1W74_B PEPTIDYL-PROLYL CIS-TRANS ISOMERASE A (E.C.5.2.1.8); ISOMERASE, PEPTIDYL-PROLYL CIS-TRANS ISOMERASE, CYCLOPHILIN; 2.6A {MYCOBACTERIUM TUBERCULOSIS} SCOP: b.62.1.1
Probab=80.46  E-value=1.2  Score=17.76  Aligned_cols=6  Identities=83%  Similarity=1.303  Sum_probs=4.3  Template_Neff=8.400

Q SQFYIT            1 SQFYIT    6 (6)
Q Consensus         1 sqfyit    6 (6)
                      |||+|+
T Consensus       134 sqF~It  139 (191)
T 1W74_B          134 SQFFIT  139 (191)
T ss_dssp             SCEEEE
T ss_pred             ccEEEE
Confidence            578875


No 27
>5YBA_A Myb1 peptide, Peptidyl-prolyl cis-trans isomerase; Divergent loop cyclophilin, Cyclophilin A; 2.062A {Trichomonas vaginalis}
Probab=80.38  E-value=1.2  Score=17.06  Aligned_cols=6  Identities=83%  Similarity=1.303  Sum_probs=4.1  Template_Neff=9.100

Q SQFYIT            1 SQFYIT    6 (6)
Q Consensus         1 sqfyit    6 (6)
                      |||+|+
T Consensus       120 s~F~I~  125 (175)
T 5YBA_A          120 SQFFIT  125 (175)
T ss_dssp             SCEEEE
T ss_pred             ccEEEE
Confidence            578775


No 28
>4I9Y_C E3 SUMO-protein ligase RanBP2; Nuclear Pore Complex, TRANSPORT PROTEIN; HET: GOL, TLA; 1.75A {Homo sapiens}
Probab=80.22  E-value=1.2  Score=16.92  Aligned_cols=6  Identities=83%  Similarity=0.960  Sum_probs=4.1  Template_Neff=9.100

Q SQFYIT            1 SQFYIT    6 (6)
Q Consensus         1 sqfyit    6 (6)
                      |||+|+
T Consensus       113 s~F~I~  118 (167)
T 4I9Y_C          113 SQFVIT  118 (167)
T ss_dssp             SCEEEE
T ss_pred             ceEEEE
Confidence            577774


No 29
>2R99_A Peptidyl-prolyl cis-trans isomerase E (E.C.5.2.1.8); CIS-TRANS ISOMERIZATION, STRUCTURAL GENOMICS CONSORTIUM; 1.61A {Homo sapiens} SCOP: b.62.1.1
Probab=80.10  E-value=1.3  Score=16.99  Aligned_cols=6  Identities=67%  Similarity=1.237  Sum_probs=4.1  Template_Neff=9.100

Q SQFYIT            1 SQFYIT    6 (6)
Q Consensus         1 sqfyit    6 (6)
                      |||+|+
T Consensus       118 s~F~I~  123 (173)
T 2R99_A          118 SQFFLT  123 (173)
T ss_dssp             SCEEEE
T ss_pred             ceEEEE
Confidence            578775


No 30
>3K2C_C Peptidyl-prolyl cis-trans isomerase (E.C.5.2.1.8); SSGCID, NIH, NIAID, SBRI, UW; HET: SO4, PG5; 1.95A {Encephalitozoon cuniculi}
Probab=79.99  E-value=1.3  Score=17.77  Aligned_cols=6  Identities=83%  Similarity=1.303  Sum_probs=4.3  Template_Neff=8.300

Q SQFYIT            1 SQFYIT    6 (6)
Q Consensus         1 sqfyit    6 (6)
                      |||+|+
T Consensus       134 sqFfIt  139 (193)
T 3K2C_C          134 SQFFIT  139 (193)
T ss_dssp             SCEEEE
T ss_pred             ceEEEE
Confidence            578875


No 31
>1QOI_A SNUCYP-20; ISOMERASE, SNUCYP-20, CYCLOPHILIN, SNRNP, SPLICEOSOMAL; 2.0A {HOMO SAPIENS} SCOP: b.62.1.1
Probab=79.93  E-value=1.3  Score=17.02  Aligned_cols=6  Identities=67%  Similarity=1.187  Sum_probs=4.1  Template_Neff=9.100

Q SQFYIT            1 SQFYIT    6 (6)
Q Consensus         1 sqfyit    6 (6)
                      |||+|+
T Consensus       122 s~F~I~  127 (177)
T 1QOI_A          122 CQFFIT  127 (177)
T ss_dssp             SCEEEE
T ss_pred             ceEEEE
Confidence            578774


No 32
>3JB9_d Pre-mRNA-splicing factor spp42, Pre-mRNA-splicing factor; Spliceosome, U2/U5/U6, Lariat, RNA BINDING; HET: ADP, GDP; 3.6A {Schizosaccharomyces pombe 972h-}
Probab=79.87  E-value=1.3  Score=16.56  Aligned_cols=6  Identities=83%  Similarity=1.303  Sum_probs=4.0  Template_Neff=9.300

Q SQFYIT            1 SQFYIT    6 (6)
Q Consensus         1 sqfyit    6 (6)
                      |||+|+
T Consensus       100 s~F~I~  105 (155)
T 3JB9_d          100 SQFFIT  105 (155)
T ss_pred             ceEEEE
Confidence            577774


No 33
>1V9T_B cyclophilin B (E.C.5.2.1.8)/ (SIN)APA(NIT); BETA BARREL, ISOMERASE-ISOMERASE INHIBITOR complex; HET: NIT; 1.7A {Escherichia coli} SCOP: b.62.1.1
Probab=79.74  E-value=1.3  Score=16.70  Aligned_cols=6  Identities=67%  Similarity=1.193  Sum_probs=4.0  Template_Neff=9.300

Q SQFYIT            1 SQFYIT    6 (6)
Q Consensus         1 sqfyit    6 (6)
                      |||+|+
T Consensus       101 s~F~I~  106 (166)
T 1V9T_B          101 SQFFIN  106 (166)
T ss_dssp             SCEEEE
T ss_pred             CcEEEE
Confidence            577774


No 34
>3S6M_A Peptidyl-prolyl cis-trans isomerase (E.C.5.2.1.8); Seattle Structural Genomics Center for; HET: PEG; 1.651A {Burkholderia pseudomallei}
Probab=79.47  E-value=1.4  Score=16.67  Aligned_cols=6  Identities=50%  Similarity=1.132  Sum_probs=4.0  Template_Neff=9.300

Q SQFYIT            1 SQFYIT    6 (6)
Q Consensus         1 sqfyit    6 (6)
                      |||+|+
T Consensus       100 s~F~It  105 (167)
T 3S6M_A          100 AQFFIN  105 (167)
T ss_dssp             SCEEEE
T ss_pred             ccEEEE
Confidence            577775


No 35
>2HAQ_A Crystal Structure of Cyclophilin A; CYCLOPHILIN, ROTAMASE, PROLINE, ISOMERASE, CIS-TRANS; 1.97A {Leishmania donovani}
Probab=79.42  E-value=1.4  Score=17.08  Aligned_cols=6  Identities=83%  Similarity=1.303  Sum_probs=4.2  Template_Neff=8.800

Q SQFYIT            1 SQFYIT    6 (6)
Q Consensus         1 sqfyit    6 (6)
                      |||+|+
T Consensus       117 sqFfI~  122 (172)
T 2HAQ_A          117 SQFFIT  122 (172)
T ss_dssp             SCEEEE
T ss_pred             ccEEEE
Confidence            578774


No 36
>3ODL_E CALCINEURIN INHIBITION, CALCINEURIN, CYCLOSPORIN, PSORIASIS; HET: DAL, MLE, MVA, ABA, YYA, SAR; 2.31A {Homo sapiens}
Probab=79.08  E-value=1.4  Score=16.66  Aligned_cols=6  Identities=67%  Similarity=1.137  Sum_probs=4.0  Template_Neff=9.200

Q SQFYIT            1 SQFYIT    6 (6)
Q Consensus         1 sqfyit    6 (6)
                      |||||+
T Consensus       110 s~F~I~  115 (165)
T 3ODL_E          110 SQFFIC  115 (165)
T ss_dssp             SCEEEE
T ss_pred             ccEEEE
Confidence            577774


No 37
>2FU0_A cyclophilin, putative; cyclophilin, PFE0505w, cyclosporin-binding domain, Structural; 1.8A {Plasmodium falciparum} SCOP: b.62.1.1
Probab=78.90  E-value=1.5  Score=16.63  Aligned_cols=6  Identities=83%  Similarity=1.303  Sum_probs=4.0  Template_Neff=9.100

Q SQFYIT            1 SQFYIT    6 (6)
Q Consensus         1 sqfyit    6 (6)
                      |||||+
T Consensus       104 s~F~I~  109 (160)
T 2FU0_A          104 SQFFIT  109 (160)
T ss_dssp             SCEEEE
T ss_pred             ceEEEE
Confidence            577774


No 38
>2PLU_A 20k cyclophilin, putative; cyclophilin, malaria, cryptosporidium, Structural Genomics; 1.82A {Cryptosporidium parvum Iowa II}
Probab=78.60  E-value=1.5  Score=17.20  Aligned_cols=6  Identities=83%  Similarity=1.303  Sum_probs=4.2  Template_Neff=8.700

Q SQFYIT            1 SQFYIT    6 (6)
Q Consensus         1 sqfyit    6 (6)
                      |||+|+
T Consensus       133 sqFfI~  138 (186)
T 2PLU_A          133 SQFFIT  138 (186)
T ss_dssp             SCEEEE
T ss_pred             ccEEEE
Confidence            578775


No 39
>1QNG_A PEPTIDYL-PROLYL CIS-TRANS ISOMERASE (E.C.5.2.1.8), CYCLOSPORIN; ISOMERASE-IMMUNOSUPPRESSANT COMPLEX, CYCLOPHILIN-CYCLOSPORIN COMPLEX, CYCLOSPORIN; 2.1A {TOLYPOCLADIUM INFLATUM} SCOP: b.62.1.1
Probab=78.59  E-value=1.5  Score=16.59  Aligned_cols=6  Identities=83%  Similarity=1.303  Sum_probs=4.0  Template_Neff=9.300

Q SQFYIT            1 SQFYIT    6 (6)
Q Consensus         1 sqfyit    6 (6)
                      |||+|+
T Consensus       116 s~F~I~  121 (170)
T 1QNG_A          116 SQFFIT  121 (170)
T ss_dssp             SCEEEE
T ss_pred             ceEEEE
Confidence            577774


No 40
>7RFD_A Peptidyl-prolyl cis-trans isomerase, Non-canonical amino; HET: 55I; 1.35A {Escherichia coli}
Probab=78.51  E-value=1.5  Score=16.92  Aligned_cols=6  Identities=33%  Similarity=0.744  Sum_probs=4.1  Template_Neff=8.800

Q SQFYIT            1 SQFYIT    6 (6)
Q Consensus         1 sqfyit    6 (6)
                      |||+|+
T Consensus        96 sqFfI~  101 (170)
T 7RFD_A           96 AQXFIN  101 (170)
T ss_dssp             SCEEEE
T ss_pred             CceeEE
Confidence            577774


No 41
>2MVZ_A Peptidyl-prolyl cis-trans isomerase (E.C.5.2.1.8); Cyclophilin, Thermophile, PPIase, ISOMERASE; NMR {Geobacillus kaustophilus}
Probab=78.35  E-value=1.6  Score=16.50  Aligned_cols=6  Identities=50%  Similarity=1.049  Sum_probs=4.0  Template_Neff=8.900

Q SQFYIT            1 SQFYIT    6 (6)
Q Consensus         1 sqfyit    6 (6)
                      |||+|+
T Consensus       101 sqFfI~  106 (148)
T 2MVZ_A          101 CQFFIV  106 (148)
T ss_dssp             CCEEEE
T ss_pred             ccEEEE
Confidence            577764


No 42
>2X7K_A PEPTIDYL-PROLYL CIS-TRANS ISOMERASE-LIKE 1 (E.C.5.2.1.8); ISOMERASE-IMMUNOSUPPRESSANT COMPLEX, ISOMERASE-CYCLOSPORIN COMPLEX, CYCLOSPORIN; 1.15A {HOMO SAPIENS}
Probab=78.21  E-value=1.6  Score=16.68  Aligned_cols=6  Identities=67%  Similarity=1.254  Sum_probs=4.0  Template_Neff=9.000

Q SQFYIT            1 SQFYIT    6 (6)
Q Consensus         1 sqfyit    6 (6)
                      |||+|+
T Consensus       110 s~F~I~  115 (166)
T 2X7K_A          110 SQFFVT  115 (166)
T ss_dssp             SCEEEE
T ss_pred             ceEEEE
Confidence            577774


No 43
>4E1Q_A Peptidyl-prolyl cis-trans isomerase (E.C.5.2.1.8); ISOMERASE; 1.251A {Triticum aestivum}
Probab=77.77  E-value=1.7  Score=17.67  Aligned_cols=6  Identities=67%  Similarity=1.137  Sum_probs=4.3  Template_Neff=8.200

Q SQFYIT            1 SQFYIT    6 (6)
Q Consensus         1 sqfyit    6 (6)
                      |||+||
T Consensus       153 sqFfIt  158 (207)
T 4E1Q_A          153 SQFFIC  158 (207)
T ss_dssp             SCEEEE
T ss_pred             ccEEEE
Confidence            578875


No 44
>2POY_A PEPTIDYL-PROLYL CIS-TRANS ISOMERASE, CYCLOSPORIN A; ISOMERASE-IMMUNOSUPPRESSANT COMPLEX, CYCLOPHILIN-CYCLOSPORIN COMPLEX, CYCLOSPORIN; HET: BMT, MLE, SAR, DAL, MVA, ABA; 1.8A {CRYPTOSPORIDIUM PARVUM IOWA II}
Probab=77.68  E-value=1.7  Score=17.07  Aligned_cols=6  Identities=83%  Similarity=1.303  Sum_probs=4.2  Template_Neff=8.700

Q SQFYIT            1 SQFYIT    6 (6)
Q Consensus         1 sqfyit    6 (6)
                      |||+|+
T Consensus       133 sqFfI~  138 (186)
T 2POY_A          133 SQFFIT  138 (186)
T ss_dssp             SCEEEE
T ss_pred             ccEEEE
Confidence            578775


No 45
>1ZKC_B Peptidyl-prolyl cis-trans isomerase like 2; CIS-TRANS ISOMERIZATION, peptidylprolyl isomerase, protein-folding; 1.65A {Homo sapiens} SCOP: b.62.1.1
Probab=76.93  E-value=1.9  Score=17.44  Aligned_cols=6  Identities=83%  Similarity=1.303  Sum_probs=4.2  Template_Neff=8.200

Q SQFYIT            1 SQFYIT    6 (6)
Q Consensus         1 sqfyit    6 (6)
                      |||||+
T Consensus       118 sqFfI~  123 (197)
T 1ZKC_B          118 SQFFIT  123 (197)
T ss_dssp             SCEEEE
T ss_pred             eeEEEE
Confidence            578875


No 46
>2A2N_A peptidylprolyl isomerase domain and WD; CIS-TRANS ISOMERIZATION, PROTEIN-FOLDING, PEPTIDYLPROLYL ISOMERASE; 1.65A {Homo sapiens} SCOP: b.62.1.1
Probab=76.76  E-value=1.9  Score=16.75  Aligned_cols=6  Identities=83%  Similarity=1.303  Sum_probs=4.0  Template_Neff=8.800

Q SQFYIT            1 SQFYIT    6 (6)
Q Consensus         1 sqfyit    6 (6)
                      |||+|+
T Consensus       120 s~F~I~  125 (176)
T 2A2N_A          120 SQFFIT  125 (176)
T ss_dssp             SCEEEE
T ss_pred             eeEEEE
Confidence            577774


No 47
>7JTK_W Radial spoke 1; cilia, native, complex, mechanoregulation, STRUCTURAL; HET: PO4; 3.2A {Chlamydomonas reinhardtii}
Probab=76.33  E-value=2  Score=16.70  Aligned_cols=6  Identities=67%  Similarity=1.359  Sum_probs=4.0  Template_Neff=8.900

Q SQFYIT            1 SQFYIT    6 (6)
Q Consensus         1 sqfyit    6 (6)
                      |||+|+
T Consensus       119 s~F~I~  124 (181)
T 7JTK_W          119 TQFYIS  124 (181)
T ss_dssp             SCEEEE
T ss_pred             ceEEEE
Confidence            577774


No 48
>1ZKC_A Peptidyl-prolyl cis-trans isomerase like 2; CIS-TRANS ISOMERIZATION, peptidylprolyl isomerase, protein-folding; 1.65A {Homo sapiens} SCOP: b.62.1.1
Probab=76.10  E-value=2  Score=17.39  Aligned_cols=6  Identities=83%  Similarity=1.303  Sum_probs=4.2  Template_Neff=8.100

Q SQFYIT            1 SQFYIT    6 (6)
Q Consensus         1 sqfyit    6 (6)
                      |||||+
T Consensus       118 sqFfI~  123 (197)
T 1ZKC_A          118 SQFFIT  123 (197)
T ss_dssp             SCEEEE
T ss_pred             ceEEEE
Confidence            578874


No 49
>6QDV_i Eukaryotic initiation factor 4A-III, RNA-binding; spliceosome, RNA, complex, SPLICING; HET: ATP, GTP, I6P, SEP; 3.3A {Homo sapiens}
Probab=75.83  E-value=2.1  Score=16.41  Aligned_cols=6  Identities=67%  Similarity=1.254  Sum_probs=3.9  Template_Neff=8.900

Q SQFYIT            1 SQFYIT    6 (6)
Q Consensus         1 sqfyit    6 (6)
                      |||+|+
T Consensus       108 s~F~I~  113 (164)
T 6QDV_i          108 SQFFVT  113 (164)
T ss_pred             eeEEEE
Confidence            577764


No 50
>2CFE_A ALLERGEN; CYCLOPHILIN, MALASSEZIA SYMPODIALIS, ALLERGEN, IGE; 1.5A {MALASSEZIA SYMPODIALIS} SCOP: b.62.1.1
Probab=75.76  E-value=2.1  Score=16.10  Aligned_cols=6  Identities=83%  Similarity=1.303  Sum_probs=3.9  Template_Neff=9.300

Q SQFYIT            1 SQFYIT    6 (6)
Q Consensus         1 sqfyit    6 (6)
                      |||+|+
T Consensus       108 s~F~I~  113 (162)
T 2CFE_A          108 SQFFIT  113 (162)
T ss_dssp             SCEEEE
T ss_pred             ccEEEE
Confidence            577764


No 51
>6LKB_B Peptidyl-prolyl cis-trans isomerase CYP71 (E.C.5.2.1.8); PPIASE, CYP71, cyclophilin, chromatin remodelling; HET: PO4, GOL; 1.651A {Arabidopsis thaliana}
Probab=75.59  E-value=2.2  Score=16.12  Aligned_cols=6  Identities=83%  Similarity=1.303  Sum_probs=3.8  Template_Neff=9.200

Q SQFYIT            1 SQFYIT    6 (6)
Q Consensus         1 sqfyit    6 (6)
                      |||+|+
T Consensus       106 s~f~I~  111 (160)
T 6LKB_B          106 SQFFIT  111 (160)
T ss_dssp             SCEEEE
T ss_pred             eeEEEE
Confidence            577764


No 52
>4O8H_A Peptidyl-prolyl cis-trans isomerase F, mitochondrial; ISOMERASE; HET: 1PE; 0.85A {Homo sapiens}
Probab=75.20  E-value=2.3  Score=16.14  Aligned_cols=6  Identities=67%  Similarity=1.137  Sum_probs=3.9  Template_Neff=9.200

Q SQFYIT            1 SQFYIT    6 (6)
Q Consensus         1 sqfyit    6 (6)
                      |||+|+
T Consensus       110 s~F~I~  115 (165)
T 4O8H_A          110 SQFFIC  115 (165)
T ss_dssp             SCEEEE
T ss_pred             ccEEEE
Confidence            577764


No 53
>4J5C_X Peptidyl-prolyl cis-trans isomerase F, mitochondrial; Isomerase-Isomerase Inhibitor complex; HET: 7I6; 1.03A {Homo sapiens}
Probab=74.98  E-value=2.3  Score=16.04  Aligned_cols=6  Identities=67%  Similarity=1.137  Sum_probs=3.8  Template_Neff=9.300

Q SQFYIT            1 SQFYIT    6 (6)
Q Consensus         1 sqfyit    6 (6)
                      |||+|+
T Consensus       109 s~F~I~  114 (164)
T 4J5C_X          109 SQFFIC  114 (164)
T ss_dssp             SCEEEE
T ss_pred             ccEEEE
Confidence            567764


No 54
>5EX1_C Peptidyl-prolyl cis-trans isomerase cyclophilin type; cyclophilin, PPIase, rotamase, folding helper; 2.053A {Hirschia baltica (strain ATCC 49814 / DSM 5838 / IFAM 1418)}
Probab=74.70  E-value=2.4  Score=18.24  Aligned_cols=6  Identities=67%  Similarity=1.315  Sum_probs=4.5  Template_Neff=7.800

Q SQFYIT            1 SQFYIT    6 (6)
Q Consensus         1 sqfyit    6 (6)
                      |||||+
T Consensus       166 SqFfIt  171 (283)
T 5EX1_C          166 TDFYIT  171 (283)
T ss_dssp             SCEEEE
T ss_pred             ccEEEE
Confidence            688875


No 55
>6LXO_A Peptidyl-prolyl cis-trans isomerase (E.C.5.2.1.8); Peptidyl -prolyl isomerase, self association; HET: SO4, GOL; 1.89A {Trichomonas vaginalis}
Probab=73.95  E-value=2.6  Score=16.83  Aligned_cols=6  Identities=83%  Similarity=1.303  Sum_probs=4.1  Template_Neff=8.500

Q SQFYIT            1 SQFYIT    6 (6)
Q Consensus         1 sqfyit    6 (6)
                      |||+|+
T Consensus       130 s~FfIt  135 (194)
T 6LXO_A          130 SQFFIT  135 (194)
T ss_dssp             SCEEEE
T ss_pred             ceEEEE
Confidence            577775


No 56
>1Z81_A cyclophilin (E.C.5.2.1.8); Structural Genomics, Structural Genomics Consortium; 2.8A {Plasmodium yoelii yoelii} SCOP: b.62.1.1
Probab=73.94  E-value=2.6  Score=17.79  Aligned_cols=6  Identities=67%  Similarity=1.187  Sum_probs=4.3  Template_Neff=7.600

Q SQFYIT            1 SQFYIT    6 (6)
Q Consensus         1 sqfyit    6 (6)
                      |||+|+
T Consensus       171 sqFfIt  176 (229)
T 1Z81_A          171 CQFFIT  176 (229)
T ss_dssp             SCEEEE
T ss_pred             ccEEEE
Confidence            578875


No 57
>1MZW_A Cyclophilin H, U4/U6-60K; cyclophilin, peptidyl-prolyl-cis/trans isomerase, spliceosome, snRNP; 2.0A {Homo sapiens} SCOP: b.62.1.1
Probab=73.82  E-value=2.6  Score=16.21  Aligned_cols=6  Identities=67%  Similarity=1.187  Sum_probs=3.9  Template_Neff=9.100

Q SQFYIT            1 SQFYIT    6 (6)
Q Consensus         1 sqfyit    6 (6)
                      |||+|+
T Consensus       122 s~F~I~  127 (177)
T 1MZW_A          122 CQFFIT  127 (177)
T ss_dssp             SCEEEE
T ss_pred             ceEEEE
Confidence            577764


No 58
>6YXY_BZ bL28m, uL29m, uL30m, bL32m, bL35m; mitoribosome, assembly, LSU, RIBOSOME; HET: ATP, PM8, MG, SPD, NAD, GTP; 3.1A {Trypanosoma brucei brucei}
Probab=73.71  E-value=2.6  Score=16.49  Aligned_cols=6  Identities=67%  Similarity=1.093  Sum_probs=4.0  Template_Neff=8.900

Q SQFYIT            1 SQFYIT    6 (6)
Q Consensus         1 sqfyit    6 (6)
                      |||+|+
T Consensus       133 s~F~I~  138 (190)
T 6YXY_BZ         133 SQFFIL  138 (190)
T ss_pred             ceEEEE
Confidence            577774


No 59
>4R3E_A Peptidyl-prolyl cis-trans isomerase CWC27 homolog; Cyclophilin-type PPIase, nucleus, ISOMERASE; HET: GOL; 2.0A {Homo sapiens}
Probab=72.29  E-value=3  Score=16.08  Aligned_cols=6  Identities=67%  Similarity=1.137  Sum_probs=3.8  Template_Neff=9.100

Q SQFYIT            1 SQFYIT    6 (6)
Q Consensus         1 sqfyit    6 (6)
                      |||+|+
T Consensus       113 s~F~I~  118 (180)
T 4R3E_A          113 SQFFFT  118 (180)
T ss_dssp             SCEEEE
T ss_pred             CeEEEE
Confidence            467764


No 60
>7DVQ_z Pre-mRNA-processing-splicing factor 8, 116 kDa; spliceosome, minor spliceosome, Bact complex; HET: IHP, G5J, TPO, SEP, GTP; 2.89A {Homo sapiens}
Probab=71.95  E-value=3.1  Score=19.37  Aligned_cols=6  Identities=67%  Similarity=1.137  Sum_probs=4.6  Template_Neff=7.300

Q SQFYIT            1 SQFYIT    6 (6)
Q Consensus         1 sqfyit    6 (6)
                      ||||||
T Consensus       111 sqFfIt  116 (472)
T 7DVQ_z          111 SQFFFT  116 (472)
T ss_pred             ccEEEE
Confidence            688886


No 61
>3BKP_A Cyclophilin; cyclophilin, malaria, Toxoplasma, Isomerase, Structural; HET: GOL; 1.8A {Toxoplasma gondii}
Probab=71.77  E-value=3.1  Score=17.37  Aligned_cols=6  Identities=67%  Similarity=1.231  Sum_probs=4.2  Template_Neff=7.900

Q SQFYIT            1 SQFYIT    6 (6)
Q Consensus         1 sqfyit    6 (6)
                      |||||+
T Consensus       136 sqFfI~  141 (232)
T 3BKP_A          136 NQFFIT  141 (232)
T ss_dssp             SCEEEE
T ss_pred             ceEEEE
Confidence            578875


No 62
>7DVQ_9 Pre-mRNA-processing-splicing factor 8, 116 kDa; spliceosome, minor spliceosome, Bact complex; HET: IHP, G5J, TPO, SEP, GTP; 2.89A {Homo sapiens}
Probab=70.55  E-value=3.5  Score=19.54  Aligned_cols=6  Identities=83%  Similarity=1.303  Sum_probs=4.7  Template_Neff=7.100

Q SQFYIT            1 SQFYIT    6 (6)
Q Consensus         1 sqfyit    6 (6)
                      ||||||
T Consensus       378 SqFfIt  383 (520)
T 7DVQ_9          378 SQFFIT  383 (520)
T ss_pred             ccEEEE
Confidence            688885


No 63
>4FRU_A Peptidyl-prolyl cis-trans isomerase (E.C.5.2.1.8); cyclophilin-type PPIase, Peptidyl-prolyl cis-trans isomerase; HET: PEG, ME2; 1.1A {Equus caballus}
Probab=70.26  E-value=3.6  Score=16.12  Aligned_cols=6  Identities=83%  Similarity=1.303  Sum_probs=3.8  Template_Neff=8.800

Q SQFYIT            1 SQFYIT    6 (6)
Q Consensus         1 sqfyit    6 (6)
                      |||+|+
T Consensus       119 s~FfIt  124 (185)
T 4FRU_A          119 SQFFIT  124 (185)
T ss_dssp             SCEEEE
T ss_pred             ceEEEE
Confidence            567764


No 64
>6YXY_BQ bL28m, uL29m, uL30m, bL32m, bL35m; mitoribosome, assembly, LSU, RIBOSOME; HET: ATP, PM8, MG, SPD, NAD, GTP; 3.1A {Trypanosoma brucei brucei}
Probab=70.06  E-value=3.7  Score=17.36  Aligned_cols=6  Identities=50%  Similarity=1.027  Sum_probs=4.2  Template_Neff=7.600

Q SQFYIT            1 SQFYIT    6 (6)
Q Consensus         1 sqfyit    6 (6)
                      |||+||
T Consensus       142 SqFfIt  147 (231)
T 6YXY_BQ         142 SQFFFN  147 (231)
T ss_pred             CcEEEE
Confidence            578775


No 65
>2POE_A Cyclophilin-like protein, putative; Cryptosporidium parvum cyclophilin isomerase, Structural; HET: FMT; 2.01A {Cryptosporidium parvum Iowa II}
Probab=69.78  E-value=3.8  Score=16.33  Aligned_cols=6  Identities=83%  Similarity=1.303  Sum_probs=3.9  Template_Neff=8.400

Q SQFYIT            1 SQFYIT    6 (6)
Q Consensus         1 sqfyit    6 (6)
                      |||||+
T Consensus       119 s~F~I~  124 (185)
T 2POE_A          119 SQFFIT  124 (185)
T ss_dssp             SCEEEE
T ss_pred             ccEEEE
Confidence            577764


No 66
>3RFY_A Peptidyl-prolyl cis-trans isomerase CYP38, chloroplastic; CYCLOPHILIN, CYP38, PEPTIDYL PROLYL ISOMERASE; 2.39A {Arabidopsis thaliana}
Probab=68.79  E-value=4.1  Score=18.89  Aligned_cols=6  Identities=33%  Similarity=0.390  Sum_probs=4.5  Template_Neff=6.600

Q SQFYIT            1 SQFYIT    6 (6)
Q Consensus         1 sqfyit    6 (6)
                      |||||+
T Consensus       303 SqFFI~  308 (369)
T 3RFY_A          303 SQVFWL  308 (369)
T ss_dssp             CCCCCC
T ss_pred             ceEEEE
Confidence            688875


No 67
>7DCO_z PRP8 isoform 1, SNU114 isoform; RNA splicing, spliceosome, Bact complex; HET: ZN, IHP, GTP; 2.5A {Saccharomyces cerevisiae}
Probab=68.54  E-value=4.2  Score=18.22  Aligned_cols=6  Identities=33%  Similarity=0.894  Sum_probs=4.4  Template_Neff=6.900

Q SQFYIT            1 SQFYIT    6 (6)
Q Consensus         1 sqfyit    6 (6)
                      |||+||
T Consensus        97 sqFfIt  102 (301)
T 7DCO_z           97 NTWFIT  102 (301)
T ss_pred             CceEEE
Confidence            578875


No 68
>2OSE_A Probable peptidyl-prolyl cis-trans isomerase (E.C.5.2.1.8); mimivirus, cyclophilin, ISOMERASE; 2.04A {Mimivirus}
Probab=67.46  E-value=4.5  Score=16.81  Aligned_cols=6  Identities=67%  Similarity=0.861  Sum_probs=4.0  Template_Neff=8.100

Q SQFYIT            1 SQFYIT    6 (6)
Q Consensus         1 sqfyit    6 (6)
                      |||+|+
T Consensus       145 s~F~It  150 (234)
T 2OSE_A          145 STFMIT  150 (234)
T ss_dssp             SCEEEE
T ss_pred             ceEEEE
Confidence            577775


No 69
>2B71_A cyclophilin-like protein; cyclophilin, Structural Genomics, Structural Genomics; 2.5A {Plasmodium yoelii} SCOP: b.62.1.1
Probab=66.08  E-value=5.1  Score=16.35  Aligned_cols=6  Identities=83%  Similarity=1.303  Sum_probs=3.9  Template_Neff=8.000

Q SQFYIT            1 SQFYIT    6 (6)
Q Consensus         1 sqfyit    6 (6)
                      |||+|+
T Consensus       137 sqFfIt  142 (196)
T 2B71_A          137 SQFFIT  142 (196)
T ss_dssp             SCEEEE
T ss_pred             ceEEEE
Confidence            577764


No 70
>2K7N_A Peptidyl-prolyl cis-trans isomerase-like 1 (E.C.5.2.1.8); beta barrel, disorder-order transition, hook-like; NMR {Homo sapiens}
Probab=64.67  E-value=5.6  Score=16.54  Aligned_cols=6  Identities=67%  Similarity=1.254  Sum_probs=4.0  Template_Neff=7.600

Q SQFYIT            1 SQFYIT    6 (6)
Q Consensus         1 sqfyit    6 (6)
                      |||||+
T Consensus       110 sqFfI~  115 (203)
T 2K7N_A          110 SQFFVT  115 (203)
T ss_dssp             EEEEEE
T ss_pred             ccEEEE
Confidence            577774


No 71
>3UCH_A Peptidyl-prolyl cis-trans isomerase E (E.C.5.2.1.8); Cyclophilin-like, Structural Genomics, Joint Center; 2.5A {Homo sapiens}
Probab=63.62  E-value=6.1  Score=15.31  Aligned_cols=6  Identities=67%  Similarity=1.237  Sum_probs=3.6  Template_Neff=8.900

Q SQFYIT            1 SQFYIT    6 (6)
Q Consensus         1 sqfyit    6 (6)
                      |||+|+
T Consensus       119 s~f~I~  124 (174)
T 3UCH_A          119 SQFFLT  124 (174)
T ss_dssp             SCEEEE
T ss_pred             eeEEEE
Confidence            467664


No 72
>7AM2_Bl Ribosomal protein L3-like protein, uL4m; RIBOSOME, Mitochondria, Kinetoplastid; HET: GTP, ATP; 3.4A {Leishmania tarentolae}
Probab=63.34  E-value=6.2  Score=17.07  Aligned_cols=6  Identities=67%  Similarity=1.093  Sum_probs=4.2  Template_Neff=7.500

Q SQFYIT            1 SQFYIT    6 (6)
Q Consensus         1 sqfyit    6 (6)
                      |||+|+
T Consensus       210 SqFfIt  215 (266)
T 7AM2_Bl         210 SQFFIL  215 (266)
T ss_pred             ceEEEE
Confidence            578774


No 73
>2CMT_A PEPTIDYL-PROLYL CIS-TRANS ISOMERASE E (E.C.5.2.1.8); ROTAMASE ACTIVITY, ROTAMASE, ISOMERASE, RNA-BINDING; 1.5A {SCHISTOSOMA MANSONI}
Probab=63.26  E-value=6.2  Score=15.25  Aligned_cols=6  Identities=67%  Similarity=1.137  Sum_probs=3.5  Template_Neff=8.900

Q SQFYIT            1 SQFYIT    6 (6)
Q Consensus         1 sqfyit    6 (6)
                      |||+|+
T Consensus       117 s~F~I~  122 (172)
T 2CMT_A          117 SQFFIC  122 (172)
T ss_dssp             SCEEES
T ss_pred             ceEEEE
Confidence            466664


No 74
>6LXQ_A Peptidyl-prolyl cis-trans isomerase (E.C.5.2.1.8); Isomerase; HET: GOL, PO4; 1.85A {Trichomonas vaginalis}
Probab=61.91  E-value=6.9  Score=15.52  Aligned_cols=6  Identities=83%  Similarity=1.303  Sum_probs=3.6  Template_Neff=8.600

Q SQFYIT            1 SQFYIT    6 (6)
Q Consensus         1 sqfyit    6 (6)
                      |||+|+
T Consensus       130 s~FfI~  135 (188)
T 6LXQ_A          130 SQFFIT  135 (188)
T ss_dssp             SCEEEE
T ss_pred             ceEEEE
Confidence            467764


No 75
>2HQ6_A Serologically defined colon cancer antigen; PROTEIN FOLDING, PEPTIDYL-PROLYL CIS-TRANS ISOMERASE; 1.75A {Homo sapiens}
Probab=59.66  E-value=8  Score=15.36  Aligned_cols=6  Identities=67%  Similarity=1.137  Sum_probs=3.5  Template_Neff=8.500

Q SQFYIT            1 SQFYIT    6 (6)
Q Consensus         1 sqfyit    6 (6)
                      |||+|+
T Consensus       123 s~FfI~  128 (185)
T 2HQ6_A          123 SQFFFT  128 (185)
T ss_dssp             SCEEEE
T ss_pred             ceEEEE
Confidence            466664


No 76
>5YZG_3 Pre-mRNA-processing-splicing factor 8, 116 kDa; Structure of a Human Catalytic; HET: GTP, I6P, ATP, ADP, SEP; 4.1A {Homo sapiens}
Probab=59.46  E-value=8.1  Score=20.59  Aligned_cols=6  Identities=83%  Similarity=1.303  Sum_probs=4.8  Template_Neff=4.600

Q SQFYIT            1 SQFYIT    6 (6)
Q Consensus         1 sqfyit    6 (6)
                      ||||||
T Consensus       122 SQFFIT  127 (754)
T 5YZG_3          122 SQFFIT  127 (754)
T ss_pred             ccEEEE
Confidence            689886


No 77
>7A73_A immunophilin, PLANT PROTEIN; 1.14A {Nostoc sp. (strain PCC 7120 / SAG 25.82 / UTEX 2576)}
Probab=58.81  E-value=8.5  Score=18.00  Aligned_cols=6  Identities=33%  Similarity=0.495  Sum_probs=4.4  Template_Neff=6.500

Q SQFYIT            1 SQFYIT    6 (6)
Q Consensus         1 sqfyit    6 (6)
                      |||+|+
T Consensus       305 SqFFI~  310 (375)
T 7A73_A          305 SQVFFF  310 (375)
T ss_dssp             SCEEEE
T ss_pred             cceEEE
Confidence            688875


