Query         KVEDLK
Match_columns 6
No_of_seqs    1 out of 1
Neff          1
Searched_HMMs 90378
Date          Mon Dec 20 12:52:46 2021
Command       /media/stefano/DISCO1/FOLDEN/hh-suite/build/bin/hhsearch -i /media/stefano/DISCO1/FOLDEN/trRosetta2/example/KVEDLK/protein.hhm -d /media/stefano/DISCO1/FOLDEN/trRosettaX/pdb70/pdb70 -o /media/stefano/DISCO1/FOLDEN/trRosetta2/example/KVEDLK/protein.out -cpu 32 

 No Hit                             Prob E-value P-value  Score    SS Cols Query HMM  Template HMM
  1 2YO3_C GENERAL CONTROL PROTEIN  15.9 1.5E+02  0.0016   13.3   0.0    5    1-5       7-11  (268)
  2 3WP8_A Trimeric autotransporte  15.5 1.5E+02  0.0017   13.5   0.0    6    1-6       7-12  (330)
  3 2HY6_G protein design, paralle  15.4 1.5E+02  0.0017   11.0   0.0    5    1-5       9-13  (34)
  4 3C3G_A alpha/beta peptide with  14.7 1.7E+02  0.0018   10.9   0.0    5    1-5       8-12  (33)
  5 2WQ3_A GENERAL CONTROL PROTEIN  14.7 1.7E+02  0.0018   10.9   0.0    5    1-5       8-12  (33)
  6 2WQ1_A GENERAL CONTROL PROTEIN  14.7 1.7E+02  0.0018   10.9   0.0    5    1-5       8-12  (33)
  7 6YA6_B Cell division cycle 7-r  14.5 1.7E+02  0.0019   12.1   0.0    6    1-6      15-20  (144)
  8 6YA7_B Cell division cycle 7-r  14.5 1.7E+02  0.0019   12.1   0.0    6    1-6      15-20  (144)
  9 6H9U_B Endoplasmic reticulum c  14.2 1.7E+02  0.0019   10.2   0.0    6    1-6       8-13  (44)
 10 4HJB_C GCN4pLI(alpha/beta/cycl  14.0 1.8E+02   0.002   10.8   0.0    5    1-5       9-13  (33)

No 1
>2YO3_C GENERAL CONTROL PROTEIN GCN4, PUTATIVE; HANS MOTIF, YADA-LIKE HEAD, YLHEAD; 2.0A {SACCHAROMYCES CEREVISIAE}
Probab=15.89  E-value=1.5e+02  Score=13.34  Aligned_cols=5  Identities=40%  Similarity=1.026  Sum_probs=0.0  Template_Neff=7.000

Q KVEDLK            1 KVEDL    5 (6)
Q Consensus         1 kvedl    5 (6)
                      |||+|
T Consensus         7 ~~~~~   11 (268)
T 2YO3_C            7 KIEEI   11 (268)
T ss_dssp             HHHHH
T ss_pred             HHHHH


No 2
>3WP8_A Trimeric autotransporter adhesin; adhesin, trimeric autotransporter adhesin, TAA; 1.97A {Acinetobacter}
Probab=15.50  E-value=1.5e+02  Score=13.53  Aligned_cols=6  Identities=33%  Similarity=0.739  Sum_probs=0.0  Template_Neff=7.300

Q KVEDLK            1 KVEDLK    6 (6)
Q Consensus         1 kvedlk    6 (6)
                      |||+|.
T Consensus         7 ~~~~~~   12 (330)
T 3WP8_A            7 KIEEIL   12 (330)
T ss_dssp             CHHHHH
T ss_pred             HHHHHH


No 3
>2HY6_G protein design, parallel heptamer, protein; HET: HEZ; 1.25A {Saccharomyces cerevisiae} SCOP: h.1.3.1
Probab=15.41  E-value=1.5e+02  Score=11.00  Aligned_cols=5  Identities=60%  Similarity=0.886  Sum_probs=0.0  Template_Neff=3.000

Q KVEDLK            1 KVEDL    5 (6)
Q Consensus         1 kvedl    5 (6)
                      |||+|
T Consensus         9 kVEeL   13 (34)
T 2HY6_G            9 AVEEL   13 (34)
T ss_dssp             HHHHH
T ss_pred             HHHHH


No 4
>3C3G_A alpha/beta peptide with the GCN4-pLI; helix bundle, foldamer, alpha/beta-peptide, UNKNOWN; HET: GOL; 1.8A {N/A}
Probab=14.67  E-value=1.7e+02  Score=10.89  Aligned_cols=5  Identities=20%  Similarity=0.700  Sum_probs=0.0  Template_Neff=2.900

Q KVEDLK            1 KVEDL    5 (6)
Q Consensus         1 kvedl    5 (6)
                      |||+|
T Consensus         8 KVEeL   12 (33)
T 3C3G_A            8 KLXEI   12 (33)
T ss_dssp             HHHHH
T ss_pred             hhHhh


No 5
>2WQ3_A GENERAL CONTROL PROTEIN GCN4; TAA, NUCLEUS, COILED COIL, DNA-BINDING; 1.22A {N/A}
Probab=14.67  E-value=1.7e+02  Score=10.86  Aligned_cols=5  Identities=40%  Similarity=0.640  Sum_probs=0.0  Template_Neff=3.000

Q KVEDLK            1 KVEDL    5 (6)
Q Consensus         1 kvedl    5 (6)
                      |||+|
T Consensus         8 KVEeL   12 (33)
T 2WQ3_A            8 KIEEN   12 (33)
T ss_dssp             HHHHH
T ss_pred             HHHHH


No 6
>2WQ1_A GENERAL CONTROL PROTEIN GCN4; TAA, NUCLEUS, DNA-BINDING, PROTEIN EXPORT; 1.08A {N/A}
Probab=14.66  E-value=1.7e+02  Score=10.86  Aligned_cols=5  Identities=40%  Similarity=0.640  Sum_probs=0.0  Template_Neff=3.000

Q KVEDLK            1 KVEDL    5 (6)
Q Consensus         1 kvedl    5 (6)
                      |||+|
T Consensus         8 KVEeL   12 (33)
T 2WQ1_A            8 KIEEN   12 (33)
T ss_dssp             HHHHH
T ss_pred             HHHHH


No 7
>6YA6_B Cell division cycle 7-related protein; kinase, cdc7, dbf4, cell cycle; HET: SEP, 0SX; 1.44A {Homo sapiens}
Probab=14.54  E-value=1.7e+02  Score=12.12  Aligned_cols=6  Identities=67%  Similarity=0.988  Sum_probs=0.0  Template_Neff=6.800

Q KVEDLK            1 KVEDLK    6 (6)
Q Consensus         1 kvedlk    6 (6)
                      ||||.+
T Consensus        15 KiED~s   20 (144)
T 6YA6_B           15 KVEDMS   20 (144)
T ss_dssp             EEEETT
T ss_pred             EEEccC


No 8
>6YA7_B Cell division cycle 7-related protein; kinase, cdc7, dbf4, cell cycle; HET: SEP, ADP, 7O5; 1.67A {Homo sapiens}
Probab=14.54  E-value=1.7e+02  Score=12.12  Aligned_cols=6  Identities=67%  Similarity=0.988  Sum_probs=0.0  Template_Neff=6.800

Q KVEDLK            1 KVEDLK    6 (6)
Q Consensus         1 kvedlk    6 (6)
                      ||||.+
T Consensus        15 KiED~s   20 (144)
T 6YA7_B           15 KVEDMS   20 (144)
T ss_dssp             EEEETT
T ss_pred             EEEccC


No 9
>6H9U_B Endoplasmic reticulum chaperone BiP (E.C.3.6.4.10); MANF, BiP, NDI, HSP70, ARMET; 1.57A {Cricetulus griseus}
Probab=14.17  E-value=1.7e+02  Score=10.21  Aligned_cols=6  Identities=50%  Similarity=0.955  Sum_probs=0.0  Template_Neff=6.000

Q KVEDLK            1 KVEDLK    6 (6)
Q Consensus         1 kvedlk    6 (6)
                      +|.+||
T Consensus         8 ~V~eLK   13 (44)
T 6H9U_B            8 RVKELK   13 (44)
T ss_pred             CHHHHH


No 10
>4HJB_C GCN4pLI(alpha/beta/cyclic-gamma); alpha/beta/gamma amino acid, UNKNOWN FUNCTION; HET: XPC, GM8, ACE; 1.25A {N/A}
Probab=14.02  E-value=1.8e+02  Score=10.84  Aligned_cols=5  Identities=40%  Similarity=0.939  Sum_probs=0.0  Template_Neff=2.800

Q KVEDLK            1 KVEDL    5 (6)
Q Consensus         1 kvedl    5 (6)
                      |||+|
T Consensus         9 KvEeL   13 (33)
T 4HJB_C            9 KLEEI   13 (33)
T ss_dssp             HHHHH
T ss_pred             HHHHH


