Query         IQVYSR
Match_columns 6
No_of_seqs    1 out of 1
Neff          1
Searched_HMMs 90378
Date          Mon Dec 20 09:16:52 2021
Command       /media/stefano/DISCO1/FOLDEN/hh-suite/build/bin/hhsearch -i /media/stefano/DISCO1/FOLDEN/trRosetta2/example/IQVYSR/protein.hhm -d /media/stefano/DISCO1/FOLDEN/trRosettaX/pdb70/pdb70 -o /media/stefano/DISCO1/FOLDEN/trRosetta2/example/IQVYSR/protein.out -cpu 32 

 No Hit                             Prob E-value P-value  Score    SS Cols Query HMM  Template HMM
  1 4M70_K Rx protein, Ran GTPase   24.4      73 0.00081   13.5   0.0    6    1-6      72-77  (99)
  2 4M70_B Rx protein, Ran GTPase   23.4      79 0.00087   13.4   0.0    6    1-6      72-77  (99)
  3 3KAZ_C Putative uncharacterize  19.8   1E+02  0.0011   10.9   0.0    6    1-6      10-15  (176)
  4 2KI4_A Heparin-binding growth   17.4 1.3E+02  0.0014   11.9   0.0    6    1-6       5-10  (133)
  5 6AO5_B Serine/threonine-protei  17.4 1.3E+02  0.0014   13.0   0.0    6    1-6      18-23  (93)
  6 1KMS_A DIHYDROFOLATE REDUCTASE  15.8 1.5E+02  0.0016   12.0   0.0    6    1-6     179-184 (186)
  7 1KMV_A DIHYDROFOLATE REDUCTASE  15.8 1.5E+02  0.0016   12.0   0.0    6    1-6     179-184 (186)
  8 4OZK_A Putative bacteriocin; B  15.5 1.5E+02  0.0017   12.1   0.0    5    2-6      38-42  (49)
  9 6LWY_A Putative bacteriocin; B  15.3 1.6E+02  0.0017   12.0   0.0    5    2-6      38-42  (49)
 10 1BFG_A BASIC FIBROBLAST GROWTH  15.3 1.6E+02  0.0017   12.0   0.0    6    1-6      21-26  (146)

No 1
>4M70_K Rx protein, Ran GTPase activating; Rx, RanGAP2, coiled coil domain; 2.103A {Solanum tuberosum}
Probab=24.42  E-value=73  Score=13.50  Aligned_cols=6  Identities=50%  Similarity=1.176  Sum_probs=3.5  Template_Neff=4.400

Q IQVYSR            1 IQVYSR    6 (6)
Q Consensus         1 iqvysr    6 (6)
                      .|+|++
T Consensus        72 lq~Yak   77 (99)
T 4M70_K           72 VQLYAR   77 (99)
T ss_dssp             HHHHHH
T ss_pred             HHHHHH
Confidence            367764


No 2
>4M70_B Rx protein, Ran GTPase activating; Rx, RanGAP2, coiled coil domain; 2.103A {Solanum tuberosum}
Probab=23.37  E-value=79  Score=13.41  Aligned_cols=6  Identities=50%  Similarity=1.176  Sum_probs=3.4  Template_Neff=4.400

Q IQVYSR            1 IQVYSR    6 (6)
Q Consensus         1 iqvysr    6 (6)
                      .|+|++
T Consensus        72 lq~Yak   77 (99)
T 4M70_B           72 VQLYAR   77 (99)
T ss_dssp             HHHHHH
T ss_pred             HHHHHH
Confidence            366764


No 3
>3KAZ_C Putative uncharacterized protein At2g26040; phytohormone receptor, PYR/PYL/RCAR, abscisic acid; HET: BU2; 1.85A {Arabidopsis thaliana}
Probab=19.85  E-value=1e+02  Score=10.91  Aligned_cols=6  Identities=33%  Similarity=0.811  Sum_probs=0.0  Template_Neff=11.000

Q IQVYSR            1 IQVYSR    6 (6)
Q Consensus         1 iqvysr    6 (6)
                      |++|.+
T Consensus        10 ~~~~~~   15 (176)
T 3KAZ_C           10 IKTYHQ   15 (176)
T ss_dssp             HHHHSC
T ss_pred             hheeee


No 4
>2KI4_A Heparin-binding growth factor 1, Protein; acidic fibroblast growth factor, S100A13; HET: DLY; NMR {Homo sapiens}
Probab=17.43  E-value=1.3e+02  Score=11.91  Aligned_cols=6  Identities=17%  Similarity=0.323  Sum_probs=0.0  Template_Neff=7.600

Q IQVYSR            1 IQVYSR    6 (6)
Q Consensus         1 iqvysr    6 (6)
                      +|.|+|
T Consensus         5 ~~Ly~~   10 (133)
T 2KI4_A            5 KLLYCS   10 (133)
T ss_dssp             BCEEES
T ss_pred             EEEEeC


No 5
>6AO5_B Serine/threonine-protein kinase 3 (E.C.2.7.11.1), Protein; Hippo, mst autoactivation, dimerization, signaling; HET: ANP; 2.955A {Homo sapiens}
Probab=17.36  E-value=1.3e+02  Score=13.02  Aligned_cols=6  Identities=67%  Similarity=1.248  Sum_probs=0.0  Template_Neff=3.500

Q IQVYSR            1 IQVYSR    6 (6)
Q Consensus         1 iqvysr    6 (6)
                      ++|||+
T Consensus        18 L~vYs~   23 (93)
T 6AO5_B           18 LQVYAR   23 (93)
T ss_dssp             HHHHHH
T ss_pred             hhhhcc


No 6
>1KMS_A DIHYDROFOLATE REDUCTASE (E.C.1.5.1.3); OXIDOREDUCTASE, ANTIPARASITIC DRUGS, REDUCTASE, LIPOPHILIC; HET: LIH, NDP, SO4; 1.09A {Homo sapiens} SCOP: c.71.1.1
Probab=15.77  E-value=1.5e+02  Score=11.96  Aligned_cols=6  Identities=33%  Similarity=0.933  Sum_probs=0.0  Template_Neff=8.400

Q IQVYSR            1 IQVYSR    6 (6)
Q Consensus         1 iqvysr    6 (6)
                      +|+|.|
T Consensus       179 ~~~y~~  184 (186)
T 1KMS_A          179 FEVYEK  184 (186)
T ss_dssp             EEEEEE
T ss_pred             EEEEEE


No 7
>1KMV_A DIHYDROFOLATE REDUCTASE (E.C.1.5.1.3); OXIDOREDUCTASE, ANTIPARASITIC DRUGS, REDUCTASE, LIPOPHILIC; HET: LII, NDP; 1.05A {Homo sapiens} SCOP: c.71.1.1
Probab=15.77  E-value=1.5e+02  Score=11.96  Aligned_cols=6  Identities=33%  Similarity=0.933  Sum_probs=0.0  Template_Neff=8.400

Q IQVYSR            1 IQVYSR    6 (6)
Q Consensus         1 iqvysr    6 (6)
                      +|+|.|
T Consensus       179 ~~~y~~  184 (186)
T 1KMV_A          179 FEVYEK  184 (186)
T ss_dssp             EEEEEE
T ss_pred             EEEEEE


No 8
>4OZK_A Putative bacteriocin; Bacteriocin, Class IId, leaderless, Defensin-like; 2.038A {Brevibacillus laterosporus}
Probab=15.55  E-value=1.5e+02  Score=12.05  Aligned_cols=5  Identities=80%  Similarity=1.245  Sum_probs=0.0  Template_Neff=1.000

Q IQVYSR            2 QVYSR    6 (6)
Q Consensus         2 qvysr    6 (6)
                      |||.|
T Consensus        38 qvycr   42 (49)
T 4OZK_A           38 QVYCR   42 (49)
T ss_dssp             EEEEE
T ss_pred             EEEEE


No 9
>6LWY_A Putative bacteriocin; Bacteriocin, Antimicrobial peptide, Laterosporulin, defensin; 2.3A {Brevibacillus sp. SKR3}
Probab=15.32  E-value=1.6e+02  Score=12.02  Aligned_cols=5  Identities=80%  Similarity=1.245  Sum_probs=0.0  Template_Neff=1.000

Q IQVYSR            2 QVYSR    6 (6)
Q Consensus         2 qvysr    6 (6)
                      |||.|
T Consensus        38 qvycr   42 (49)
T 6LWY_A           38 QVYCR   42 (49)
T ss_dssp             EEEEE
T ss_pred             eEEEE


No 10
>1BFG_A BASIC FIBROBLAST GROWTH FACTOR MUTANT; GROWTH FACTOR; 1.6A {Homo sapiens} SCOP: b.42.1.1
Probab=15.29  E-value=1.6e+02  Score=12.04  Aligned_cols=6  Identities=17%  Similarity=0.656  Sum_probs=0.0  Template_Neff=7.200

Q IQVYSR            1 IQVYSR    6 (6)
Q Consensus         1 iqvysr    6 (6)
                      +|.|+|
T Consensus        21 ~~Ly~~   26 (146)
T 1BFG_A           21 KRLYCK   26 (146)
T ss_dssp             --EEET
T ss_pred             EEEEEC


