Query         IVIRTP
Match_columns 6
No_of_seqs    1 out of 1
Neff          1
Searched_HMMs 90378
Date          Mon Dec 20 09:45:01 2021
Command       /media/stefano/DISCO1/FOLDEN/hh-suite/build/bin/hhsearch -i /media/stefano/DISCO1/FOLDEN/trRosetta2/example/IVIRTP/protein.hhm -d /media/stefano/DISCO1/FOLDEN/trRosettaX/pdb70/pdb70 -o /media/stefano/DISCO1/FOLDEN/trRosetta2/example/IVIRTP/protein.out -cpu 32 

 No Hit                             Prob E-value P-value  Score    SS Cols Query HMM  Template HMM
  1 1MY5_A NF-kappaB p65 (RelA) su  37.8      31 0.00034   13.9   0.0    6    1-6      60-65  (114)
  2 1MY5_B NF-kappaB p65 (RelA) su  37.8      31 0.00034   13.9   0.0    6    1-6      60-65  (114)
  3 1OY3_C Transcription factor p6  28.9      53 0.00059   13.9   0.0    6    1-6      60-65  (136)
  4 1A3Q_B HUMAN NF-KAPPA-B P52 BO  28.5      55 0.00061   15.1   0.0    6    1-6     245-250 (285)
  5 1IKN_A NF-KAPPA-B P65/NF-KAPPA  27.5      59 0.00065   14.9   0.0    6    1-6     232-237 (286)
  6 1P7H_O NUCLEAR FACTOR OF ACTIV  26.6      62 0.00069   15.0   0.0    6    1-6     246-251 (286)
  7 2RAM_B TRANSCRIPTION FACTOR NF  26.2      65 0.00071   14.7   0.0    6    1-6     232-237 (273)
  8 3QRF_N Nuclear factor of activ  25.6      67 0.00075   14.9   0.0    6    1-6     246-251 (286)
  9 1OOA_B Nuclear factor NF-kappa  25.4      68 0.00075   15.1   0.0    6    1-6     272-277 (326)
 10 1SVC_P NUCLEAR FACTOR KAPPA-B   24.8      71 0.00078   15.4   0.0    6    1-6     311-316 (365)
 11 3DO7_B PROTEIN/DNA Complex; PR  24.5      73 0.00081   14.7   0.0    6    1-6     251-256 (293)
 12 3DO7_A PROTEIN/DNA Complex; PR  24.4      73 0.00081   14.8   0.0    6    1-6     250-255 (296)
 13 1GJI_A C-REL PROTO-ONCOGENE PR  23.3      79 0.00088   14.4   0.0    6    1-6     235-240 (275)
 14 1NFK_B NUCLEAR FACTOR KAPPA-B   23.2      80 0.00088   14.9   0.0    6    1-6     271-276 (325)
 15 7CLI_B Nuclear factor NF-kappa  23.0      81  0.0009   15.7   0.0    6    1-6     287-292 (398)
 16 1IMH_C TonEBP/DNA Complex; BET  20.5      99  0.0011   14.5   0.0    6    1-6     241-246 (281)
 17 1LE5_B Nuclear factor NF-kappa  20.0   1E+02  0.0011   14.5   0.0    6    1-6     272-277 (313)

No 1
>1MY5_A NF-kappaB p65 (RelA) subunit; Immunoglobulin, Ig, beta-sandwich, beta-sheet, homodimer; 1.8A {Mus musculus} SCOP: b.1.18.1
Probab=37.79  E-value=31  Score=13.91  Aligned_cols=6  Identities=83%  Similarity=1.287  Sum_probs=2.7  Template_Neff=6.400

Q IVIRTP            1 IVIRTP    6 (6)
Q Consensus         1 ivirtp    6 (6)
                      |+++||
T Consensus        60 Iv~~tP   65 (114)
T 1MY5_A           60 IVFRTP   65 (114)
T ss_dssp             EEEECC
T ss_pred             EEeeeC
Confidence            344444


No 2
>1MY5_B NF-kappaB p65 (RelA) subunit; Immunoglobulin, Ig, beta-sandwich, beta-sheet, homodimer; 1.8A {Mus musculus} SCOP: b.1.18.1
Probab=37.79  E-value=31  Score=13.91  Aligned_cols=6  Identities=83%  Similarity=1.287  Sum_probs=2.7  Template_Neff=6.400

Q IVIRTP            1 IVIRTP    6 (6)
Q Consensus         1 ivirtp    6 (6)
                      |+++||
T Consensus        60 Iv~~tP   65 (114)
T 1MY5_B           60 IVFRTP   65 (114)
T ss_dssp             EEEECC
T ss_pred             EEeeeC
Confidence            344444


No 3
>1OY3_C Transcription factor p65, Transcription factor; Protein-protein complex, Transcription factors, Nuclear; 2.05A {Mus musculus} SCOP: b.1.18.1
Probab=28.94  E-value=53  Score=13.94  Aligned_cols=6  Identities=83%  Similarity=1.287  Sum_probs=2.7  Template_Neff=5.700

Q IVIRTP            1 IVIRTP    6 (6)
Q Consensus         1 ivirtp    6 (6)
                      |+++||
T Consensus        60 Ivf~tP   65 (136)
T 1OY3_C           60 IVFRTP   65 (136)
T ss_pred             EEeecC
Confidence            344444


No 4
>1A3Q_B HUMAN NF-KAPPA-B P52 BOUND TO; TRANSCRIPTION FACTOR, IMMUNE RESPONSE, DNA-PROTEIN; 2.1A {Homo sapiens} SCOP: b.2.5.3, b.1.18.1
Probab=28.51  E-value=55  Score=15.08  Aligned_cols=6  Identities=83%  Similarity=1.287  Sum_probs=3.4  Template_Neff=6.300

Q IVIRTP            1 IVIRTP    6 (6)
Q Consensus         1 ivirtp    6 (6)
                      ||++||
T Consensus       245 IvfktP  250 (285)
T 1A3Q_B          245 IVFRTP  250 (285)
T ss_dssp             EEEECC
T ss_pred             EEEeCC
Confidence            455665


No 5
>1IKN_A NF-KAPPA-B P65/NF-KAPPA-B P50D/I-KAPPA-B-ALPHA; TRANSCRIPTION FACTOR, IKB-NFKB COMPLEX; 2.3A {Mus musculus} SCOP: b.1.18.1, b.2.5.3
Probab=27.51  E-value=59  Score=14.89  Aligned_cols=6  Identities=83%  Similarity=1.287  Sum_probs=3.2  Template_Neff=6.500

Q IVIRTP            1 IVIRTP    6 (6)
Q Consensus         1 ivirtp    6 (6)
                      ||++||
T Consensus       232 IvfktP  237 (286)
T 1IKN_A          232 IVFRTP  237 (286)
T ss_dssp             EEEECC
T ss_pred             EEEecC
Confidence            455555


No 6
>1P7H_O NUCLEAR FACTOR OF ACTIVATED T-CELLS; DNA Binding protein, Transcription regulation; 2.6A {Homo sapiens} SCOP: b.2.5.3, b.1.18.1
Probab=26.64  E-value=62  Score=15.02  Aligned_cols=6  Identities=17%  Similarity=0.744  Sum_probs=3.4  Template_Neff=6.100

Q IVIRTP            1 IVIRTP    6 (6)
Q Consensus         1 ivirtp    6 (6)
                      ||++||
T Consensus       246 Iv~~tP  251 (286)
T 1P7H_O          246 LFVEIP  251 (286)
T ss_dssp             EEEECC
T ss_pred             EEeecC
Confidence            455665


No 7
>2RAM_B TRANSCRIPTION FACTOR NF-KB P65/DNA COMPLEX; COMPLEX (TRANSCRIPTION FACTOR-DNA), DNA-BINDING, TRANSCRIPTION; HET: DTV, 5IU; 2.4A {Mus musculus} SCOP: b.2.5.3, b.1.18.1
Probab=26.15  E-value=65  Score=14.68  Aligned_cols=6  Identities=83%  Similarity=1.287  Sum_probs=3.1  Template_Neff=6.500

Q IVIRTP            1 IVIRTP    6 (6)
Q Consensus         1 ivirtp    6 (6)
                      |+++||
T Consensus       232 Ivf~tP  237 (273)
T 2RAM_B          232 IVFRTP  237 (273)
T ss_dssp             EEEECC
T ss_pred             EEEecC
Confidence            455555


No 8
>3QRF_N Nuclear factor of activated T-cells; Beta Barrel, Domain Swap, Forkhead; 2.8A {Homo sapiens}
Probab=25.56  E-value=67  Score=14.92  Aligned_cols=6  Identities=17%  Similarity=0.744  Sum_probs=3.3  Template_Neff=6.100

Q IVIRTP            1 IVIRTP    6 (6)
Q Consensus         1 ivirtp    6 (6)
                      ||++||
T Consensus       246 Iv~~tP  251 (286)
T 3QRF_N          246 LFVEIP  251 (286)
T ss_dssp             EEEECC
T ss_pred             EEEecC
Confidence            455665


No 9
>1OOA_B Nuclear factor NF-kappa-B p105 subunit/RNA; protein-RNA complex, transcription factor NF-kB; 2.45A {Mus musculus} SCOP: b.2.5.3, b.1.18.1
Probab=25.41  E-value=68  Score=15.06  Aligned_cols=6  Identities=67%  Similarity=1.176  Sum_probs=3.3  Template_Neff=6.300

Q IVIRTP            1 IVIRTP    6 (6)
Q Consensus         1 ivirtp    6 (6)
                      ||++||
T Consensus       272 Ivf~tP  277 (326)
T 1OOA_B          272 IVFKTP  277 (326)
T ss_dssp             EEEECC
T ss_pred             EEEeCC
Confidence            455655


No 10
>1SVC_P NUCLEAR FACTOR KAPPA-B (NF-KB) MUTANT/DNA; DNA-BINDING, TRANSCRIPTION REGULATION, ACTIVATOR, NUCLEAR; 2.6A {Homo sapiens} SCOP: b.1.18.1, b.2.5.3
Probab=24.82  E-value=71  Score=15.37  Aligned_cols=6  Identities=67%  Similarity=1.176  Sum_probs=3.4  Template_Neff=6.000

Q IVIRTP            1 IVIRTP    6 (6)
Q Consensus         1 ivirtp    6 (6)
                      ||++||
T Consensus       311 IvfktP  316 (365)
T 1SVC_P          311 IVFKTP  316 (365)
T ss_dssp             EEEECC
T ss_pred             EEEeCC
Confidence            455665


No 11
>3DO7_B PROTEIN/DNA Complex; PROTEIN-DNA COMPLEX, Nucleus, Activator, ANK; 3.05A {Mus musculus}
Probab=24.45  E-value=73  Score=14.71  Aligned_cols=6  Identities=83%  Similarity=1.287  Sum_probs=3.2  Template_Neff=6.400

Q IVIRTP            1 IVIRTP    6 (6)
Q Consensus         1 ivirtp    6 (6)
                      ||++||
T Consensus       251 IvfktP  256 (293)
T 3DO7_B          251 IVFRTP  256 (293)
T ss_dssp             EEEECC
T ss_pred             EEEeCC
Confidence            455555


No 12
>3DO7_A PROTEIN/DNA Complex; PROTEIN-DNA COMPLEX, Nucleus, Activator, ANK; 3.05A {Mus musculus}
Probab=24.40  E-value=73  Score=14.78  Aligned_cols=6  Identities=67%  Similarity=1.176  Sum_probs=3.1  Template_Neff=6.300

Q IVIRTP            1 IVIRTP    6 (6)
Q Consensus         1 ivirtp    6 (6)
                      |+++||
T Consensus       250 Ivf~tP  255 (296)
T 3DO7_A          250 IVFKTP  255 (296)
T ss_dssp             BCEEEC
T ss_pred             EEEecC
Confidence            455555


No 13
>1GJI_A C-REL PROTO-ONCOGENE PROTEIN/DNA Complex; NF-kB-DNA COMPLEX, TRANSCRIPTION FACTOR, c-Rel; 2.85A {Gallus gallus} SCOP: b.2.5.3, b.1.18.1
Probab=23.28  E-value=79  Score=14.43  Aligned_cols=6  Identities=83%  Similarity=1.287  Sum_probs=3.0  Template_Neff=6.500

Q IVIRTP            1 IVIRTP    6 (6)
Q Consensus         1 ivirtp    6 (6)
                      |+++||
T Consensus       235 Iv~~tP  240 (275)
T 1GJI_A          235 IVFRTP  240 (275)
T ss_dssp             EEEECC
T ss_pred             EEeecC
Confidence            345554


No 14
>1NFK_B NUCLEAR FACTOR KAPPA-B (NF-KB)/DNA COMPLEX; NF-KB P50, COMPLEX (TRANSCRIPTION FACTOR-DNA); 2.3A {Mus musculus} SCOP: b.2.5.3, b.1.18.1
Probab=23.17  E-value=80  Score=14.89  Aligned_cols=6  Identities=67%  Similarity=1.176  Sum_probs=3.2  Template_Neff=6.200

Q IVIRTP            1 IVIRTP    6 (6)
Q Consensus         1 ivirtp    6 (6)
                      |+++||
T Consensus       271 Ivf~tP  276 (325)
T 1NFK_B          271 IVFKTP  276 (325)
T ss_dssp             EEEECC
T ss_pred             EEEecC
Confidence            455555


No 15
>7CLI_B Nuclear factor NF-kappa-B p52 subunit/DNA; DNA-protein complex, transcription factor, TRANSCRIPTION; 3.0A {Homo sapiens}
Probab=22.99  E-value=81  Score=15.69  Aligned_cols=6  Identities=83%  Similarity=1.287  Sum_probs=3.5  Template_Neff=5.300

Q IVIRTP            1 IVIRTP    6 (6)
Q Consensus         1 ivirtp    6 (6)
                      ||++||
T Consensus       287 IvfkTP  292 (398)
T 7CLI_B          287 IVFRTP  292 (398)
T ss_dssp             EEEECC
T ss_pred             EEEecC
Confidence            456665


No 16
>1IMH_C TonEBP/DNA Complex; BETA BARREL, PROTEIN-DNA COMPLEX, DOUBLE; 2.86A {Homo sapiens} SCOP: b.1.18.1, b.2.5.3
Probab=20.45  E-value=99  Score=14.47  Aligned_cols=6  Identities=17%  Similarity=1.071  Sum_probs=3.1  Template_Neff=5.900

Q IVIRTP            1 IVIRTP    6 (6)
Q Consensus         1 ivirtp    6 (6)
                      |+++||
T Consensus       241 ivf~tP  246 (281)
T 1IMH_C          241 LIVKVP  246 (281)
T ss_dssp             EEEECC
T ss_pred             EEeecC
Confidence            455555


No 17
>1LE5_B Nuclear factor NF-kappa-B p65 subunit/Nuclear; PROTEIN-DNA COMPLEX, TRANSCRIPTION FACTORS, Rel/NF-kB; 2.75A {Mus musculus} SCOP: b.2.5.3, b.1.18.1
Probab=20.03  E-value=1e+02  Score=14.49  Aligned_cols=6  Identities=67%  Similarity=1.176  Sum_probs=3.1  Template_Neff=6.200

Q IVIRTP            1 IVIRTP    6 (6)
Q Consensus         1 ivirtp    6 (6)
                      |+++||
T Consensus       272 Ivf~tP  277 (313)
T 1LE5_B          272 IVFKTP  277 (313)
T ss_dssp             EEEECC
T ss_pred             EEEeCC
Confidence            455554


