Query         DHCIIG
Match_columns 6
No_of_seqs    1 out of 1
Neff          1
Searched_HMMs 90378
Date          Sun Dec 19 17:17:41 2021
Command       /media/stefano/DISCO1/FOLDEN/hh-suite/build/bin/hhsearch -i /media/stefano/DISCO1/FOLDEN/trRosetta2/example/DHCIIG/protein.hhm -d /media/stefano/DISCO1/FOLDEN/trRosettaX/pdb70/pdb70 -o /media/stefano/DISCO1/FOLDEN/trRosetta2/example/DHCIIG/protein.out -cpu 32 

 No Hit                             Prob E-value P-value  Score    SS Cols Query HMM  Template HMM
  1 2QLC_F DNA repair protein radC  71.0     3.4 3.7E-05   15.5   0.0    6    1-6     108-113 (126)
  2 6EZ3_F Cyclo(L-leucyl-L-leucyl  47.0      18  0.0002   15.9   0.0    6    1-6      21-26  (234)
  3 6EZ3_A Cyclo(L-leucyl-L-leucyl  46.5      18  0.0002   15.9   0.0    6    1-6      21-26  (234)
  4 6ZU3_A Cyclodipeptide synthase  43.5      22 0.00024   15.6   0.0    6    1-6      27-32  (232)
  5 6ZTU_A Cyclodipeptide synthase  43.4      22 0.00024   15.6   0.0    6    1-6      27-32  (232)
  6 3OQH_B Putative uncharacterize  38.7      29 0.00032   15.8   0.0    6    1-6      30-35  (257)
  7 3OQI_B Putative uncharacterize  38.6      29 0.00032   15.7   0.0    6    1-6      30-35  (257)
  8 4Q24_A Cyclo(L-leucyl-L-phenyl  38.5      29 0.00033   15.5   0.0    6    1-6      30-35  (247)
  9 3OQV_A AlbC; ROSSMANN FOLD, Cy  38.0      30 0.00034   15.5   0.0    6    1-6      30-35  (247)
 10 2X9Q_A CYCLODIPEPTIDE SYNTHETA  36.1      34 0.00038   16.0   0.0    6    1-6      81-86  (289)
 11 2X9Q_B CYCLODIPEPTIDE SYNTHETA  36.1      34 0.00038   16.0   0.0    6    1-6      81-86  (289)
 12 5MLQ_A Uncharacterized protein  34.2      38 0.00042   15.2   0.0    6    1-6      28-33  (248)
 13 1COY_A CHOLESTEROL OXIDASE (E.  33.5      40 0.00044   14.4   0.0    6    1-6      13-18  (507)
 14 5OCD_A Uncharacterized protein  28.2      56 0.00062   15.0   0.0    6    1-6      28-33  (266)
 15 5OCD_J Uncharacterized protein  28.2      56 0.00062   15.0   0.0    6    1-6      28-33  (266)
 16 6YS1_AAA Fatty acid Photodecar  26.8      62 0.00068   14.1   0.0    6    1-6       9-14  (578)
 17 3LOV_A Putative protoporphyrin  26.4      64  0.0007   13.3   0.0    6    1-6       6-11  (475)
 18 5MLP_A Uncharacterized protein  26.2      64 0.00071   14.9   0.0    6    1-6      23-28  (268)
 19 4HA6_A Pyridoxine 4-oxidase (E  26.0      65 0.00072   13.5   0.0    6    1-6       3-8   (508)
 20 3COX_A CHOLESTEROL OXIDASE (E.  24.7      71 0.00079   13.7   0.0    6    1-6      13-18  (507)
 21 6XUU_A Glucose oxidase; Glucos  24.1      75 0.00083   14.2   0.0    6    1-6      18-23  (591)
 22 4MIF_B Pyranose 2-oxidase (E.C  23.4      79 0.00087   14.5   0.0    6    1-6      15-20  (620)
 23 1KDG_B cellobiose dehydrogenas  23.0      81 0.00089   13.5   0.0    6    1-6       9-14  (546)
 24 4H7U_A Pyranose dehydrogenase   22.6      84 0.00093   14.0   0.0    6    1-6      42-47  (602)
 25 4YNT_A glucose dehydrogenase (  22.5      84 0.00093   13.6   0.0    6    1-6       7-12  (571)
 26 4YNU_A Glucose dehydrogenase (  22.5      84 0.00093   13.6   0.0    6    1-6       7-12  (571)
 27 3RED_D Hydroxynitrile lyase; S  21.7      90 0.00099   13.4   0.0    6    1-6      28-33  (521)
 28 6YRU_AAA Fatty acid Photodecar  21.2      93   0.001   13.6   0.0    6    1-6       9-14  (578)
 29 6YRX_AAA Fatty acid Photodecar  21.2      93   0.001   13.6   0.0    6    1-6       9-14  (578)
 30 4U2S_A cholesterol oxidase; ch  21.0      94   0.001   13.4   0.0    6    1-6       7-12  (510)
 31 3T37_A Probable dehydrogenase   20.8      96  0.0011   13.3   0.0    6    1-6      19-24  (526)
 32 4REK_A Cholesterol oxidase (E.  20.4      99  0.0011   13.3   0.0    6    1-6       4-9   (499)

No 1
>2QLC_F DNA repair protein radC homolog; DNA repair protein, RadC, MCSG; 2.3A {Chlorobium tepidum TLS}
Probab=70.96  E-value=3.4  Score=15.52  Aligned_cols=6  Identities=67%  Similarity=1.354  Sum_probs=4.0  Template_Neff=8.500

Q DHCIIG            1 DHCIIG    6 (6)
Q Consensus         1 dhciig    6 (6)
                      ||.|||
T Consensus       108 DhiIi~  113 (126)
T 2QLC_F          108 DHVIVG  113 (126)
T ss_dssp             EEEEEE
T ss_pred             eEEEEc
Confidence            677765


No 2
>6EZ3_F Cyclo(L-leucyl-L-leucyl) synthase (E.C.2.3.2.22); tRNA, cyclodipeptide, RNA BINDING PROTEIN; HET: SO4; 3.0A {Staphylococcus haemolyticus (strain JCSC1435)}
Probab=46.97  E-value=18  Score=15.93  Aligned_cols=6  Identities=50%  Similarity=1.104  Sum_probs=3.9  Template_Neff=6.700

Q DHCIIG            1 DHCIIG    6 (6)
Q Consensus         1 dhciig    6 (6)
                      +||+||
T Consensus        21 ~h~liG   26 (234)
T 6EZ3_F           21 KHVILG   26 (234)
T ss_dssp             CEEEEE
T ss_pred             CeEEEE
Confidence            467765


No 3
>6EZ3_A Cyclo(L-leucyl-L-leucyl) synthase (E.C.2.3.2.22); tRNA, cyclodipeptide, RNA BINDING PROTEIN; HET: SO4; 3.0A {Staphylococcus haemolyticus (strain JCSC1435)}
Probab=46.45  E-value=18  Score=15.89  Aligned_cols=6  Identities=50%  Similarity=1.104  Sum_probs=3.8  Template_Neff=6.700

Q DHCIIG            1 DHCIIG    6 (6)
Q Consensus         1 dhciig    6 (6)
                      +||+||
T Consensus        21 ~h~liG   26 (234)
T 6EZ3_A           21 KHVILG   26 (234)
T ss_dssp             CEEEEE
T ss_pred             CeEEEE
Confidence            467765


No 4
>6ZU3_A Cyclodipeptide synthase, BtCDPS; CDPS, cyclodipeptide synthase, RNA BINDING; 1.78A {Bacillus thermoamylovorans}
Probab=43.46  E-value=22  Score=15.59  Aligned_cols=6  Identities=33%  Similarity=0.949  Sum_probs=3.7  Template_Neff=6.800

Q DHCIIG            1 DHCIIG    6 (6)
Q Consensus         1 dhciig    6 (6)
                      +||+||
T Consensus        27 ~h~liG   32 (232)
T 6ZU3_A           27 THILLG   32 (232)
T ss_dssp             CEEEEE
T ss_pred             CEEEEE
Confidence            467665


No 5
>6ZTU_A Cyclodipeptide synthase, BtCDPS; CDPS, cyclodipeptide synthase, RNA BINDING; 1.69A {Bacillus thermoamylovorans}
Probab=43.36  E-value=22  Score=15.63  Aligned_cols=6  Identities=33%  Similarity=0.949  Sum_probs=3.7  Template_Neff=6.700

Q DHCIIG            1 DHCIIG    6 (6)
Q Consensus         1 dhciig    6 (6)
                      +||+||
T Consensus        27 ~h~liG   32 (232)
T 6ZTU_A           27 THILLG   32 (232)
T ss_dssp             CEEEEE
T ss_pred             CEEEEE
Confidence            466665


No 6
>3OQH_B Putative uncharacterized protein yvmC; tRNA, ROSSMANN FOLD, LIGASE; 1.901A {Bacillus licheniformis}
Probab=38.70  E-value=29  Score=15.75  Aligned_cols=6  Identities=33%  Similarity=1.010  Sum_probs=3.7  Template_Neff=6.200

Q DHCIIG            1 DHCIIG    6 (6)
Q Consensus         1 dhciig    6 (6)
                      +||+||
T Consensus        30 ~h~liG   35 (257)
T 3OQH_B           30 RHVLVG   35 (257)
T ss_dssp             CEEEEE
T ss_pred             CeEEEE
Confidence            466665


No 7
>3OQI_B Putative uncharacterized protein yvmC; tRNA, ROSSMANN FOLD, LIGASE; HET: GOL, NHE; 1.701A {Bacillus licheniformis}
Probab=38.57  E-value=29  Score=15.74  Aligned_cols=6  Identities=33%  Similarity=1.010  Sum_probs=3.7  Template_Neff=6.200

Q DHCIIG            1 DHCIIG    6 (6)
Q Consensus         1 dhciig    6 (6)
                      +||+||
T Consensus        30 ~h~liG   35 (257)
T 3OQI_B           30 RHVLVG   35 (257)
T ss_dssp             CEEEEE
T ss_pred             CeEEEE
Confidence            466665


No 8
>4Q24_A Cyclo(L-leucyl-L-phenylalanyl) synthase (E.C.2.3.2.20); Rossmann fold, cyclodipeptide synthase, aminoacyl-tRNA; HET: XVE; 2.9A {Streptomyces noursei}
Probab=38.47  E-value=29  Score=15.55  Aligned_cols=6  Identities=50%  Similarity=1.254  Sum_probs=3.6  Template_Neff=6.400

Q DHCIIG            1 DHCIIG    6 (6)
Q Consensus         1 dhciig    6 (6)
                      +||+||
T Consensus        30 ~h~liG   35 (247)
T 4Q24_A           30 EHALIG   35 (247)
T ss_dssp             CCEEEE
T ss_pred             CeEEEE
Confidence            466665


No 9
>3OQV_A AlbC; ROSSMANN FOLD, Cyclodipeptide Synthase, aminoacyl-tRNA; HET: PO4; 1.9A {Streptomyces noursei}
Probab=38.03  E-value=30  Score=15.51  Aligned_cols=6  Identities=50%  Similarity=1.254  Sum_probs=3.6  Template_Neff=6.400

Q DHCIIG            1 DHCIIG    6 (6)
Q Consensus         1 dhciig    6 (6)
                      +||+||
T Consensus        30 ~h~liG   35 (247)
T 3OQV_A           30 EHALIG   35 (247)
T ss_dssp             EEEEEE
T ss_pred             CeEEEE
Confidence            466665


No 10
>2X9Q_A CYCLODIPEPTIDE SYNTHETASE; LIGASE; 2.02A {MYCOBACTERIUM TUBERCULOSIS}
Probab=36.14  E-value=34  Score=16.04  Aligned_cols=6  Identities=67%  Similarity=1.381  Sum_probs=3.7  Template_Neff=5.700

Q DHCIIG            1 DHCIIG    6 (6)
Q Consensus         1 dhciig    6 (6)
                      +||+||
T Consensus        81 ~H~lIG   86 (289)
T 2X9Q_A           81 DHAVIG   86 (289)
T ss_dssp             CEEEEE
T ss_pred             CeEEEE
Confidence            467665


No 11
>2X9Q_B CYCLODIPEPTIDE SYNTHETASE; LIGASE; HET: MSE; 2.02A {MYCOBACTERIUM TUBERCULOSIS}
Probab=36.13  E-value=34  Score=15.99  Aligned_cols=6  Identities=67%  Similarity=1.381  Sum_probs=3.7  Template_Neff=5.800

Q DHCIIG            1 DHCIIG    6 (6)
Q Consensus         1 dhciig    6 (6)
                      +||+||
T Consensus        81 ~h~lIG   86 (289)
T 2X9Q_B           81 DHAVIG   86 (289)
T ss_dssp             SEEEEE
T ss_pred             CeEEEE
Confidence            466665


No 12
>5MLQ_A Uncharacterized protein; Cyclodipeptide Synthase, Ligase; HET: MSE, CIT; 3.18A {Nocardia brasiliensis ATCC 700358}
Probab=34.24  E-value=38  Score=15.22  Aligned_cols=6  Identities=0%  Similarity=0.030  Sum_probs=3.7  Template_Neff=6.400

Q DHCIIG            1 DHCIIG    6 (6)
Q Consensus         1 dhciig    6 (6)
                      +||+||
T Consensus        28 ~h~liG   33 (248)
T 5MLQ_A           28 RSTVLL   33 (248)
T ss_dssp             CEEEEE
T ss_pred             CeEEEE
Confidence            467665


No 13
>1COY_A CHOLESTEROL OXIDASE (E.C.1.1.3.6) COMPLEX WITH; OXIDOREDUCTASE(OXYGEN RECEPTOR); HET: AND, FAD; 1.8A {Brevibacterium sterolicum} SCOP: d.16.1.1, c.3.1.2
Probab=33.48  E-value=40  Score=14.36  Aligned_cols=6  Identities=33%  Similarity=0.595  Sum_probs=3.7  Template_Neff=10.400

Q DHCIIG            1 DHCIIG    6 (6)
Q Consensus         1 dhciig    6 (6)
                      |-||||
T Consensus        13 DviIVG   18 (507)
T 1COY_A           13 PALVIG   18 (507)
T ss_dssp             EEEEEC
T ss_pred             CEEEEc
Confidence            456766


No 14
>5OCD_A Uncharacterized protein; Non ribosomal peptide synthesis, tRNA; 3.06A {Fluoribacter dumoffii NY 23}
Probab=28.18  E-value=56  Score=14.96  Aligned_cols=6  Identities=17%  Similarity=0.861  Sum_probs=3.6  Template_Neff=6.200

Q DHCIIG            1 DHCIIG    6 (6)
Q Consensus         1 dhciig    6 (6)
                      +||+||
T Consensus        28 ~h~liG   33 (266)
T 5OCD_A           28 SSCLMP   33 (266)
T ss_dssp             CEEEEE
T ss_pred             CeEEEE
Confidence            466665


No 15
>5OCD_J Uncharacterized protein; Non ribosomal peptide synthesis, tRNA; 3.06A {Fluoribacter dumoffii NY 23}
Probab=28.18  E-value=56  Score=14.96  Aligned_cols=6  Identities=17%  Similarity=0.861  Sum_probs=3.6  Template_Neff=6.200

Q DHCIIG            1 DHCIIG    6 (6)
Q Consensus         1 dhciig    6 (6)
                      +||+||
T Consensus        28 ~h~liG   33 (266)
T 5OCD_J           28 SSCLMP   33 (266)
T ss_dssp             CEEEEE
T ss_pred             CeEEEE
Confidence            466665


No 16
>6YS1_AAA Fatty acid Photodecarboxylase; GMC fold, BIOSYNTHETIC PROTEIN; HET: FAD, PG4, STE; 1.64A {Chlorella variabilis}
Probab=26.84  E-value=62  Score=14.14  Aligned_cols=6  Identities=33%  Similarity=0.772  Sum_probs=3.6  Template_Neff=10.300

Q DHCIIG            1 DHCIIG    6 (6)
Q Consensus         1 dhciig    6 (6)
                      |-||||
T Consensus         9 DviIVG   14 (578)
T 6YS1_AAA          9 DYILVG   14 (578)
T ss_pred             eEEEEC
Confidence            456775


No 17
>3LOV_A Putative protoporphyrinogen oxidase; Putative protoporphyrinogen oxidase, Structural Genomics; HET: FAD; 2.06A {Exiguobacterium sibiricum}
Probab=26.36  E-value=64  Score=13.27  Aligned_cols=6  Identities=33%  Similarity=0.639  Sum_probs=3.2  Template_Neff=11.100

Q DHCIIG            1 DHCIIG    6 (6)
Q Consensus         1 dhciig    6 (6)
                      |.+|||
T Consensus         6 ~v~IIG   11 (475)
T 3LOV_A            6 RLVIVG   11 (475)
T ss_dssp             EEEEEC
T ss_pred             eEEEEC
Confidence            345665


No 18
>5MLP_A Uncharacterized protein; Cyclodipeptide Synthase, ligase; 1.99A {Rickettsiella grylli}
Probab=26.21  E-value=64  Score=14.90  Aligned_cols=6  Identities=17%  Similarity=0.556  Sum_probs=3.5  Template_Neff=6.000

Q DHCIIG            1 DHCIIG    6 (6)
Q Consensus         1 dhciig    6 (6)
                      +||+||
T Consensus        23 ~h~llG   28 (268)
T 5MLP_A           23 QCLLMG   28 (268)
T ss_dssp             SEEEEE
T ss_pred             CeEEEE
Confidence            466665


No 19
>4HA6_A Pyridoxine 4-oxidase (E.C.1.1.3.12); Substrate binding domain, FAD binding; HET: FAD, GOL, PXM; 2.095A {Mesorhizobium loti}
Probab=26.03  E-value=65  Score=13.54  Aligned_cols=6  Identities=50%  Similarity=0.900  Sum_probs=3.4  Template_Neff=10.800

Q DHCIIG            1 DHCIIG    6 (6)
Q Consensus         1 dhciig    6 (6)
                      |-+|||
T Consensus         3 DviIVG    8 (508)
T 4HA6_A            3 DIVIVG    8 (508)
T ss_dssp             SEEEEC
T ss_pred             cEEEEC
Confidence            456665


No 20
>3COX_A CHOLESTEROL OXIDASE (E.C.1.1.3.6); OXIDOREDUCTASE(OXYGEN RECEPTOR); HET: FAD; 1.8A {Brevibacterium sterolicum} SCOP: d.16.1.1, c.3.1.2
Probab=24.74  E-value=71  Score=13.65  Aligned_cols=6  Identities=33%  Similarity=0.595  Sum_probs=3.4  Template_Neff=10.400

Q DHCIIG            1 DHCIIG    6 (6)
Q Consensus         1 dhciig    6 (6)
                      |-+|||
T Consensus        13 DviIVG   18 (507)
T 3COX_A           13 PALVIG   18 (507)
T ss_dssp             EEEEEC
T ss_pred             cEEEEc
Confidence            446665


No 21
>6XUU_A Glucose oxidase; Glucose dehydrogenase, Pycnoporus cinnabarinus, Glucose; HET: SO4, FAD, NAG, BGC, GLC; 1.57A {Pycnoporus cinnabarinus}
Probab=24.08  E-value=75  Score=14.23  Aligned_cols=6  Identities=33%  Similarity=0.789  Sum_probs=3.5  Template_Neff=9.800

Q DHCIIG            1 DHCIIG    6 (6)
Q Consensus         1 dhciig    6 (6)
                      |-+|||
T Consensus        18 DviVVG   23 (591)
T 6XUU_A           18 DYIVVG   23 (591)
T ss_dssp             EEEEEC
T ss_pred             cEEEEC
Confidence            456665


No 22
>4MIF_B Pyranose 2-oxidase (E.C.1.1.3.10); GMC OXIDOREDUCTASE, ROSSMANN FOLD, PHBH; HET: FDA; 1.8A {Phanerochaete chrysosporium}
Probab=23.36  E-value=79  Score=14.47  Aligned_cols=6  Identities=50%  Similarity=0.650  Sum_probs=3.7  Template_Neff=9.400

Q DHCIIG            1 DHCIIG    6 (6)
Q Consensus         1 dhciig    6 (6)
                      |-||||
T Consensus        15 DviIVG   20 (620)
T 4MIF_B           15 DVFIAG   20 (620)
T ss_dssp             EEEEEC
T ss_pred             eEEEEC
Confidence            456776


No 23
>1KDG_B cellobiose dehydrogenase (E.C.1.1.3.25, E.C.1.1.5.1); GMC oxidoreductase, PHBH fold, alpha/beta; HET: 6FA, EMT, NAG, MAN; 1.5A {Phanerochaete chrysosporium} SCOP: d.16.1.1, c.3.1.2
Probab=23.04  E-value=81  Score=13.53  Aligned_cols=6  Identities=50%  Similarity=0.839  Sum_probs=3.4  Template_Neff=10.600

Q DHCIIG            1 DHCIIG    6 (6)
Q Consensus         1 dhciig    6 (6)
                      |-+|||
T Consensus         9 DviIVG   14 (546)
T 1KDG_B            9 DYIIVG   14 (546)
T ss_dssp             EEEEEC
T ss_pred             cEEEEC
Confidence            446665


No 24
>4H7U_A Pyranose dehydrogenase (E.C.1.1.99.29); pyranose dehydrogenase, flavin adduct, GMC-oxidoreductase; HET: NAG, FED; 1.6A {Leucoagaricus meleagris}
Probab=22.56  E-value=84  Score=14.01  Aligned_cols=6  Identities=33%  Similarity=0.689  Sum_probs=3.2  Template_Neff=10.000

Q DHCIIG            1 DHCIIG    6 (6)
Q Consensus         1 dhciig    6 (6)
                      |-+|||
T Consensus        42 DviIVG   47 (602)
T 4H7U_A           42 DFIVAG   47 (602)
T ss_dssp             SEEEEC
T ss_pred             eEEEEC
Confidence            345665


No 25
>4YNT_A glucose dehydrogenase (E.C.1.1.5.9); Glucose dehydrogenase, FAD, OXIDOREDUCTASE; HET: FDA; 1.78A {Aspergillus flavus NRRL3357}
Probab=22.53  E-value=84  Score=13.63  Aligned_cols=6  Identities=33%  Similarity=0.789  Sum_probs=3.5  Template_Neff=10.500

Q DHCIIG            1 DHCIIG    6 (6)
Q Consensus         1 dhciig    6 (6)
                      |-+|||
T Consensus         7 DviIVG   12 (571)
T 4YNT_A            7 DYIVVG   12 (571)
T ss_dssp             EEEEEC
T ss_pred             eEEEEC
Confidence            446665


No 26
>4YNU_A Glucose dehydrogenase (E.C.1.1.5.9); Glucose dehydrogenase, FAD, OXIDOREDUCTASE; HET: LGC, FAD; 1.57A {Aspergillus flavus NRRL3357}
Probab=22.53  E-value=84  Score=13.63  Aligned_cols=6  Identities=33%  Similarity=0.789  Sum_probs=3.5  Template_Neff=10.500

Q DHCIIG            1 DHCIIG    6 (6)
Q Consensus         1 dhciig    6 (6)
                      |-+|||
T Consensus         7 DviIVG   12 (571)
T 4YNU_A            7 DYIVVG   12 (571)
T ss_dssp             EEEEEC
T ss_pred             eEEEEC
Confidence            446665


No 27
>3RED_D Hydroxynitrile lyase; Stereospecific production, cyanohydrins, Reversible addition; HET: FAD; 3.03A {Prunus mume}
Probab=21.66  E-value=90  Score=13.37  Aligned_cols=6  Identities=50%  Similarity=0.899  Sum_probs=3.1  Template_Neff=10.500

Q DHCIIG            1 DHCIIG    6 (6)
Q Consensus         1 dhciig    6 (6)
                      |-+|||
T Consensus        28 DviIVG   33 (521)
T 3RED_D           28 DYVIVG   33 (521)
T ss_dssp             EEEEEC
T ss_pred             cEEEEC
Confidence            345654


No 28
>6YRU_AAA Fatty acid Photodecarboxylase; GMC fold, BIOSYNTHETIC PROTEIN; HET: STE, FAD; 1.78A {Chlorella variabilis}
Probab=21.25  E-value=93  Score=13.59  Aligned_cols=6  Identities=33%  Similarity=0.772  Sum_probs=3.4  Template_Neff=10.400

Q DHCIIG            1 DHCIIG    6 (6)
Q Consensus         1 dhciig    6 (6)
                      |-+|||
T Consensus         9 DviIVG   14 (578)
T 6YRU_AAA          9 DYILVG   14 (578)
T ss_pred             eEEEEC
Confidence            446665


No 29
>6YRX_AAA Fatty acid Photodecarboxylase; Low-dose, room temperature, BIOSYNTHETIC PROTEIN; HET: FAD, STE; 1.87A {Chlorella variabilis}
Probab=21.25  E-value=93  Score=13.59  Aligned_cols=6  Identities=33%  Similarity=0.772  Sum_probs=3.4  Template_Neff=10.400

Q DHCIIG            1 DHCIIG    6 (6)
Q Consensus         1 dhciig    6 (6)
                      |-+|||
T Consensus         9 DviIVG   14 (578)
T 6YRX_AAA          9 DYILVG   14 (578)
T ss_pred             eEEEEC
Confidence            446665


No 30
>4U2S_A cholesterol oxidase; cholesterol oxidase, flavoenzymes, redox chemistry; HET: SO4, FDA; 1.12A {Streptomyces sp.}
Probab=21.02  E-value=94  Score=13.44  Aligned_cols=6  Identities=33%  Similarity=0.678  Sum_probs=3.4  Template_Neff=10.200

Q DHCIIG            1 DHCIIG    6 (6)
Q Consensus         1 dhciig    6 (6)
                      |-+|||
T Consensus         7 DviIVG   12 (510)
T 4U2S_A            7 PAVVIG   12 (510)
T ss_dssp             EEEEEC
T ss_pred             CEEEEC
Confidence            446665


No 31
>3T37_A Probable dehydrogenase (E.C.1.1.3.12); bet alpha beta fold, ADP; HET: FAD; 2.193A {Mesorhizobium loti}
Probab=20.79  E-value=96  Score=13.25  Aligned_cols=6  Identities=50%  Similarity=0.900  Sum_probs=3.2  Template_Neff=10.600

Q DHCIIG            1 DHCIIG    6 (6)
Q Consensus         1 dhciig    6 (6)
                      |-||||
T Consensus        19 DviIVG   24 (526)
T 3T37_A           19 DIVIVG   24 (526)
T ss_dssp             EEEEEC
T ss_pred             eEEEEC
Confidence            345665


No 32
>4REK_A Cholesterol oxidase (E.C.1.1.3.6, 5.3.3.1); Oxidase, FAD Binding, Membrane, OXIDOREDUCTASE; HET: FAD; 0.74A {Streptomyces sp.}
Probab=20.39  E-value=99  Score=13.28  Aligned_cols=6  Identities=33%  Similarity=0.678  Sum_probs=3.4  Template_Neff=10.300

Q DHCIIG            1 DHCIIG    6 (6)
Q Consensus         1 dhciig    6 (6)
                      |-+|||
T Consensus         4 DviIIG    9 (499)
T 4REK_A            4 PAVVIG    9 (499)
T ss_dssp             EEEEEC
T ss_pred             CEEEEC
Confidence            446665


