Query         MATVYV
Match_columns 6
No_of_seqs    1 out of 1
Neff          1
Searched_HMMs 90378
Date          Mon Dec 20 21:22:20 2021
Command       /media/stefano/DISCO1/FOLDEN/hh-suite/build/bin/hhsearch -i /media/stefano/DISCO1/FOLDEN/trRosetta2/example/MATVYV/protein.hhm -d /media/stefano/DISCO1/FOLDEN/trRosettaX/pdb70/pdb70 -o /media/stefano/DISCO1/FOLDEN/trRosetta2/example/MATVYV/protein.out -cpu 32 

 No Hit                             Prob E-value P-value  Score    SS Cols Query HMM  Template HMM
  1 3STB_C single domain antibody   29.3      52 0.00058   13.1   0.0    6    1-6       5-10  (148)
  2 6N7R_C Pre-mRNA-splicing facto  14.3 1.7E+02  0.0019   12.2   0.0    6    1-6       1-6   (350)
  3 6QPK_A PROTEIN; Effector from    9.4 3.1E+02  0.0035   12.0   0.0    5    1-5       3-7   (80)
  4 2WTO_A ORF131 PROTEIN; METAL B   9.4 3.1E+02  0.0035   11.7   0.0    6    1-6     117-122 (131)
  5 2WTP_B ORF131 PROTEIN; METAL B   9.4 3.1E+02  0.0035   11.7   0.0    6    1-6     117-122 (131)
  6 4W6X_B FedF lectin domain (res   9.3 3.2E+02  0.0035    8.7   0.0    5    1-5     120-124 (131)
  7 6QPK_B PROTEIN; Effector from    9.1 3.3E+02  0.0036   12.0   0.0    5    1-5       3-7   (80)
  8 1JOS_A RIBOSOME-BINDING FACTOR   8.9 3.4E+02  0.0037   10.5   0.0    5    2-6      49-53  (128)
  9 1KKG_A ribosome-binding factor   8.8 3.4E+02  0.0038   10.0   0.0    5    2-6      50-54  (108)
 10 7BOG_V 30S ribosomal protein S   8.7 3.5E+02  0.0038   10.6   0.0    5    2-6      50-54  (133)

No 1
>3STB_C single domain antibody VHH, KREPA3; RNA EDITING, Editosome, Nanobody, Single; 2.5A {Lama glama}
Probab=29.35  E-value=52  Score=13.13  Aligned_cols=6  Identities=67%  Similarity=0.944  Sum_probs=0.0  Template_Neff=7.700

Q MATVYV            1 MATVYV    6 (6)
Q Consensus         1 matvyv    6 (6)
                      |.++|+
T Consensus         5 ~~~~~~   10 (148)
T 3STB_C            5 MGTQYV   10 (148)
T ss_dssp             ------
T ss_pred             cceeee
Confidence            556663


No 2
>6N7R_C Pre-mRNA-splicing factor 8, Pre-mRNA-splicing factor; pre-mRNA splicing, spliceosome, E complex; 3.2A {Saccharomyces cerevisiae (strain ATCC 204508 / S288c)}
Probab=14.30  E-value=1.7e+02  Score=12.17  Aligned_cols=6  Identities=33%  Similarity=0.872  Sum_probs=3.0  Template_Neff=9.900

Q MATVYV            1 MATVYV    6 (6)
Q Consensus         1 matvyv    6 (6)
                      |-|+||
T Consensus         1 ~~~l~~    6 (350)
T 6N7R_C            1 MSALYF    6 (350)
T ss_pred             CCeeec
Confidence            445554


No 3
>6QPK_A PROTEIN; Effector from Zymoseptoria, UNKNOWN FUNCTION; HET: TRS, CIT; 1.36A {Zymoseptoria tritici ST99CH_1E4}
Probab=9.40  E-value=3.1e+02  Score=12.05  Aligned_cols=5  Identities=80%  Similarity=1.192  Sum_probs=0.0  Template_Neff=1.600

Q MATVYV            1 MATVY    5 (6)
Q Consensus         1 matvy    5 (6)
                      ||.+|
T Consensus         3 ~~~lY    7 (80)
T 6QPK_A            3 MAVVY    7 (80)
T ss_dssp             CCEEE
T ss_pred             ceeEE


No 4
>2WTO_A ORF131 PROTEIN; METAL BINDING PROTEIN, HEAVY METAL; HET: CL; 1.85A {RALSTONIA METALLIDURANS CH34}
Probab=9.37  E-value=3.1e+02  Score=11.71  Aligned_cols=6  Identities=33%  Similarity=0.595  Sum_probs=0.0  Template_Neff=5.600

Q MATVYV            1 MATVYV    6 (6)
Q Consensus         1 matvyv    6 (6)
                      +.+|||
T Consensus       117 ~v~vyV  122 (131)
T 2WTO_A          117 GVRVYI  122 (131)
T ss_dssp             TCEEEE
T ss_pred             CeEEEE


No 5
>2WTP_B ORF131 PROTEIN; METAL BINDING PROTEIN, HEAVY METAL; HET: CL, TRS, PEG; 1.5A {RALSTONIA METALLIDURANS CH34}
Probab=9.37  E-value=3.1e+02  Score=11.71  Aligned_cols=6  Identities=33%  Similarity=0.595  Sum_probs=0.0  Template_Neff=5.600

Q MATVYV            1 MATVYV    6 (6)
Q Consensus         1 matvyv    6 (6)
                      +.+|||
T Consensus       117 ~v~vyV  122 (131)
T 2WTP_B          117 GVRVYI  122 (131)
T ss_dssp             TCEEEE
T ss_pred             CeEEEE


No 6
>4W6X_B FedF lectin domain (residues 15-165); Lectin, Fimbriae, cell adhesion, Inhibitor; 1.88A {Escherichia coli}
Probab=9.25  E-value=3.2e+02  Score=8.72  Aligned_cols=5  Identities=40%  Similarity=0.208  Sum_probs=0.0  Template_Neff=11.900

Q MATVYV            1 MATVY    5 (6)
Q Consensus         1 matvy    5 (6)
                      |+|+|
T Consensus       120 ~~~~~  124 (131)
T 4W6X_B          120 QVTVS  124 (131)
T ss_dssp             EEEEE
T ss_pred             EEEee


No 7
>6QPK_B PROTEIN; Effector from Zymoseptoria, UNKNOWN FUNCTION; HET: TRS, CIT; 1.36A {Zymoseptoria tritici ST99CH_1E4}
Probab=9.12  E-value=3.3e+02  Score=12.00  Aligned_cols=5  Identities=80%  Similarity=1.192  Sum_probs=0.0  Template_Neff=1.600

Q MATVYV            1 MATVY    5 (6)
Q Consensus         1 matvy    5 (6)
                      ||.+|
T Consensus         3 ~~~lY    7 (80)
T 6QPK_B            3 MAVVY    7 (80)
T ss_dssp             CCEEE
T ss_pred             ceeee


No 8
>1JOS_A RIBOSOME-BINDING FACTOR A; RNA BINDING PROTEIN, Structure 2; 1.7A {Haemophilus influenzae} SCOP: d.52.7.1
Probab=8.91  E-value=3.4e+02  Score=10.52  Aligned_cols=5  Identities=40%  Similarity=0.939  Sum_probs=0.0  Template_Neff=8.000

Q MATVYV            2 ATVYV    6 (6)
Q Consensus         2 atvyv    6 (6)
                      |+||+
T Consensus        49 a~Vy~   53 (128)
T 1JOS_A           49 AKIFV   53 (128)
T ss_dssp             EEEEE
T ss_pred             EEEEE


No 9
>1KKG_A ribosome-binding factor A; cold-shock adaptation, ribosome-binding factor, NESG; NMR {Escherichia coli} SCOP: d.52.7.1
Probab=8.75  E-value=3.4e+02  Score=10.00  Aligned_cols=5  Identities=80%  Similarity=1.139  Sum_probs=0.0  Template_Neff=8.400

Q MATVYV            2 ATVYV    6 (6)
Q Consensus         2 atvyv    6 (6)
                      |.||+
T Consensus        50 a~Vy~   54 (108)
T 1KKG_A           50 AKVYV   54 (108)
T ss_dssp             EEEEE
T ss_pred             EEEEE


No 10
>7BOG_V 30S ribosomal protein S4, 30S; Cryo-EM, 30S biogenesis, ribosome assembly; HET: 5MC, PSU, G7M, MA6, 2MG, D2T, UR3, MG; 2.75A {Escherichia coli (strain K12)}
Probab=8.73  E-value=3.5e+02  Score=10.60  Aligned_cols=5  Identities=80%  Similarity=1.139  Sum_probs=0.0  Template_Neff=7.900

Q MATVYV            2 ATVYV    6 (6)
Q Consensus         2 atvyv    6 (6)
                      |.||+
T Consensus        50 a~Vy~   54 (133)
T 7BOG_V           50 AKVYV   54 (133)
T ss_dssp             EEEEE
T ss_pred             EEEEE


