Query         QNGNQQ
Match_columns 6
No_of_seqs    1 out of 1
Neff          1
Searched_HMMs 90378
Date          Tue Dec 21 08:38:31 2021
Command       /media/stefano/DISCO1/FOLDEN/hh-suite/build/bin/hhsearch -i /media/stefano/DISCO1/FOLDEN/trRosetta2/example/QNGNQQ/protein.hhm -d /media/stefano/DISCO1/FOLDEN/trRosettaX/pdb70/pdb70 -o /media/stefano/DISCO1/FOLDEN/trRosetta2/example/QNGNQQ/protein.out -cpu 32 

 No Hit                             Prob E-value P-value  Score    SS Cols Query HMM  Template HMM
  1 4CII_A CAG PATHOGENICITY ISLAN   6.3 5.3E+02  0.0059   13.1   0.0    6    1-6      15-20  (225)
  2 3ZUA_A ALPHA-HEMOLYSIN TRANSLO   6.2 5.4E+02  0.0059    8.8   0.0    6    1-6       4-9   (142)
  3 3ZCJ_A CAGL; PROTEIN BINDING,    6.2 5.5E+02   0.006   13.0   0.0    6    1-6      18-23  (220)
  4 7P5C_A Membrane protein, lipid   6.2 5.5E+02   0.006   12.7   0.0    6    1-6     477-482 (530)
  5 5WLP_A Autophagy-related prote   5.9 5.7E+02  0.0064   11.7   0.0    6    1-6      93-98  (145)
  6 3TN4_B Phosphotriesterase (E.C   5.6 6.2E+02  0.0068   10.7   0.0    5    2-6      25-29  (360)
  7 6TLB_B Serine/threonine protei   5.2 6.7E+02  0.0074   12.5   0.0    4    3-6     114-117 (196)
  8 3BU7_A Gentisate 1,2-dioxygena   4.8 7.5E+02  0.0083   11.3   0.0    5    2-6     386-390 (394)
  9 6EOJ_D Protein CFT1, mRNA 3'-e   4.8 7.5E+02  0.0083   10.0   0.0    5    2-6       2-6   (470)
 10 4YE0_B Stress-induced protein    4.8 7.5E+02  0.0083    9.0   0.0    5    1-5     115-119 (119)

No 1
>4CII_A CAG PATHOGENICITY ISLAND PROTEIN (CAG18); PROTEIN BINDING, ADHESION, RGD MOTIF; 2.15A {HELICOBACTER PYLORI}
Probab=6.26  E-value=5.3e+02  Score=13.11  Aligned_cols=6  Identities=67%  Similarity=0.651  Sum_probs=0.0  Template_Neff=1.400

Q QNGNQQ            1 QNGNQQ    6 (6)
Q Consensus         1 qngnqq    6 (6)
                      |.||||
T Consensus        15 q~~n~q   20 (225)
T 4CII_A           15 QETNQQ   20 (225)
T ss_dssp             ------
T ss_pred             HHHHHH


No 2
>3ZUA_A ALPHA-HEMOLYSIN TRANSLOCATION ATP-BINDING PROTEIN HLYB; C39 PEPTIDASE-LIKE DOMAIN, ABC TRANSPORTER; NMR {ESCHERICHIA COLI}
Probab=6.24  E-value=5.4e+02  Score=8.85  Aligned_cols=6  Identities=17%  Similarity=0.224  Sum_probs=0.0  Template_Neff=10.800

Q QNGNQQ            1 QNGNQQ    6 (6)
Q Consensus         1 qngnqq    6 (6)
                      ||++++
T Consensus         4 ~~~~~~    9 (142)
T 3ZUA_A            4 ANSDSC    9 (142)
T ss_dssp             SSCSSC
T ss_pred             cccccc


No 3
>3ZCJ_A CAGL; PROTEIN BINDING, ADHESION, RGD MOTIF; HET: GOL, PO4; 3.25A {HELICOBACTER PYLORI}
Probab=6.16  E-value=5.5e+02  Score=13.05  Aligned_cols=6  Identities=67%  Similarity=0.651  Sum_probs=0.0  Template_Neff=1.400

Q QNGNQQ            1 QNGNQQ    6 (6)
Q Consensus         1 qngnqq    6 (6)
                      |.||||
T Consensus        18 q~~n~q   23 (220)
T 3ZCJ_A           18 QETNQQ   23 (220)
T ss_dssp             HHHHHH
T ss_pred             HHHHHH


No 4
>7P5C_A Membrane protein, lipid metabolism, lipid; HET: NAG;{Homo sapiens}
Probab=6.16  E-value=5.5e+02  Score=12.71  Aligned_cols=6  Identities=67%  Similarity=0.606  Sum_probs=0.0  Template_Neff=7.300

Q QNGNQQ            1 QNGNQQ    6 (6)
Q Consensus         1 qngnqq    6 (6)
                      +|||.|
T Consensus       477 ~~~~~~  482 (530)
T 7P5C_A          477 QNANFQ  482 (530)
T ss_dssp             ------
T ss_pred             ccCCCC


No 5
>5WLP_A Autophagy-related protein 32; Atg32, pseudo-receiver domain, PROTEIN TRANSPORT; NMR {Saccharomyces cerevisiae}
Probab=5.93  E-value=5.7e+02  Score=11.70  Aligned_cols=6  Identities=33%  Similarity=0.318  Sum_probs=0.0  Template_Neff=4.100

Q QNGNQQ            1 QNGNQQ    6 (6)
Q Consensus         1 qngnqq    6 (6)
                      |+|++|
T Consensus        93 q~gq~~   98 (145)
T 5WLP_A           93 QPGQVI   98 (145)
T ss_dssp             CSSTHH
T ss_pred             CCcchH


No 6
>3TN4_B Phosphotriesterase (E.C.3.5.-.-); phosphotriesterase, lactonase, HYDROLASE; HET: KCX; 1.5A {Geobacillus kaustophilus}
Probab=5.60  E-value=6.2e+02  Score=10.73  Aligned_cols=5  Identities=60%  Similarity=0.860  Sum_probs=0.0  Template_Neff=9.800

Q QNGNQQ            2 NGNQQ    6 (6)
Q Consensus         2 ngnqq    6 (6)
                      ||.||
T Consensus        25 ~~~~~   29 (360)
T 3TN4_B           25 TGGQQ   29 (360)
T ss_dssp             -----
T ss_pred             hcccc


No 7
>6TLB_B Serine/threonine protein kinase; Lipocalin, Malaria, Infection, UNKNOWN FUNCTION; HET: GOL; 2.85A {Plasmodium falciparum (isolate 3D7)}
Probab=5.24  E-value=6.7e+02  Score=12.54  Aligned_cols=4  Identities=100%  Similarity=1.315  Sum_probs=0.0  Template_Neff=1.200

Q QNGNQQ            3 GNQQ    6 (6)
Q Consensus         3 gnqq    6 (6)
                      ||||
T Consensus       114 gnqq  117 (196)
T 6TLB_B          114 GNQQ  117 (196)
T ss_dssp             TTEE
T ss_pred             CCEE


No 8
>3BU7_A Gentisate 1,2-dioxygenase (E.C.1.13.11.4); cupin domain, Dioxygenase, Oxidoreductase, Plasmid; 2.8A {Silicibacter pomeroyi} SCOP: b.82.1.23
Probab=4.82  E-value=7.5e+02  Score=11.29  Aligned_cols=5  Identities=60%  Similarity=0.979  Sum_probs=0.0  Template_Neff=8.400

Q QNGNQQ            2 NGNQQ    6 (6)
Q Consensus         2 ngnqq    6 (6)
                      ||+||
T Consensus       386 ~~~~~  390 (394)
T 3BU7_A          386 NGGHQ  390 (394)
T ss_dssp             TTTCC
T ss_pred             cCCcc


No 9
>6EOJ_D Protein CFT1, mRNA 3'-end-processing protein; WD40, Beta-propeller, Zinc finger, 3'end; 3.55A {Saccharomyces cerevisiae (strain ATCC 204508 / S288c)}
Probab=4.81  E-value=7.5e+02  Score=10.02  Aligned_cols=5  Identities=40%  Similarity=0.893  Sum_probs=0.0  Template_Neff=11.800

Q QNGNQQ            2 NGNQQ    6 (6)
Q Consensus         2 ngnqq    6 (6)
                      +|+||
T Consensus         2 ~~~~q    6 (470)
T 6EOJ_D            2 DGHNQ    6 (470)
T ss_dssp             SCE--
T ss_pred             chhHH


No 10
>4YE0_B Stress-induced protein 1 truncation mutant; Molecular Chaperon, sHSP, Heat Shock; HET: SO4; 2.1A {Caenorhabditis elegans}
Probab=4.79  E-value=7.5e+02  Score=9.01  Aligned_cols=5  Identities=20%  Similarity=0.607  Sum_probs=0.0  Template_Neff=9.000

Q QNGNQQ            1 QNGNQ    5 (6)
Q Consensus         1 qngnq    5 (6)
                      ++|++
T Consensus       115 ~~~~~  119 (119)
T 4YE0_B          115 TTGKH  119 (119)
T ss_dssp             -----
T ss_pred             ccCCC


