Query         AGGYYQ
Match_columns 6
No_of_seqs    1 out of 1
Neff          1
Searched_HMMs 90378
Date          Sun Dec 19 14:01:33 2021
Command       /media/stefano/DISCO1/FOLDEN/hh-suite/build/bin/hhsearch -i /media/stefano/DISCO1/FOLDEN/trRosetta2/example/AGGYYQ/protein.hhm -d /media/stefano/DISCO1/FOLDEN/trRosettaX/pdb70/pdb70 -o /media/stefano/DISCO1/FOLDEN/trRosetta2/example/AGGYYQ/protein.out -cpu 32 

 No Hit                             Prob E-value P-value  Score    SS Cols Query HMM  Template HMM
  1 1QEX_B GP9; BACTERIOPHAGE T4,   42.2      24 0.00026   17.4   0.0    6    1-6      63-68  (288)
  2 5IV5_AA Baseplate wedge protei  41.4      25 0.00027   17.3   0.0    6    1-6      63-68  (288)
  3 5IV5_AB Baseplate wedge protei  41.4      25 0.00027   17.3   0.0    6    1-6      63-68  (288)
  4 5IV5_CC Baseplate wedge protei  41.4      25 0.00027   17.3   0.0    6    1-6      63-68  (288)
  5 5IV5_CD Baseplate wedge protei  41.4      25 0.00027   17.3   0.0    6    1-6      63-68  (288)
  6 5IV5_CE Baseplate wedge protei  41.4      25 0.00027   17.3   0.0    6    1-6      63-68  (288)
  7 5IV5_EF Baseplate wedge protei  41.4      25 0.00027   17.3   0.0    6    1-6      63-68  (288)
  8 5IV5_EG Baseplate wedge protei  41.4      25 0.00027   17.3   0.0    6    1-6      63-68  (288)
  9 5IV5_EH Baseplate wedge protei  41.4      25 0.00027   17.3   0.0    6    1-6      63-68  (288)
 10 5IV5_F Baseplate wedge protein  41.4      25 0.00027   17.3   0.0    6    1-6      63-68  (288)
 11 5IV5_G Baseplate wedge protein  41.4      25 0.00027   17.3   0.0    6    1-6      63-68  (288)
 12 5IV5_GI Baseplate wedge protei  41.4      25 0.00027   17.3   0.0    6    1-6      63-68  (288)
 13 5IV5_GJ Baseplate wedge protei  41.4      25 0.00027   17.3   0.0    6    1-6      63-68  (288)
 14 5IV5_H Baseplate wedge protein  41.4      25 0.00027   17.3   0.0    6    1-6      63-68  (288)
 15 5IV5_HA Baseplate wedge protei  41.4      25 0.00027   17.3   0.0    6    1-6      63-68  (288)
 16 5HX2_G Baseplate wedge protein  22.8      82 0.00091   16.7   0.0    6    1-6      45-50  (602)

No 1
>1QEX_B GP9; BACTERIOPHAGE T4, BASEPLATE, GENE PRODUCT; HET: EPE; 2.3A {Enterobacteria phage T4} SCOP: b.32.1.1
Probab=42.21  E-value=24  Score=17.37  Aligned_cols=6  Identities=83%  Similarity=1.453  Sum_probs=4.1  Template_Neff=3.900

Q AGGYYQ            1 AGGYYQ    6 (6)
Q Consensus         1 aggyyq    6 (6)
                      |.||||
T Consensus        63 a~GyyQ   68 (288)
T 1QEX_B           63 ATGYYQ   68 (288)
T ss_dssp             TTCCCB
T ss_pred             ecccee
Confidence            457876


No 2
>5IV5_AA Baseplate wedge protein gp6, Baseplate; T4, baseplate-tail tube complex, pre-attachment; 4.11A {Enterobacteria phage T4}
Probab=41.44  E-value=25  Score=17.26  Aligned_cols=6  Identities=83%  Similarity=1.453  Sum_probs=4.1  Template_Neff=4.000

Q AGGYYQ            1 AGGYYQ    6 (6)
Q Consensus         1 aggyyq    6 (6)
                      |.||||
T Consensus        63 a~Gyyq   68 (288)
T 5IV5_AA          63 ATGYYQ   68 (288)
T ss_pred             ecccee
Confidence            457876


No 3
>5IV5_AB Baseplate wedge protein gp6, Baseplate; T4, baseplate-tail tube complex, pre-attachment; 4.11A {Enterobacteria phage T4}
Probab=41.44  E-value=25  Score=17.26  Aligned_cols=6  Identities=83%  Similarity=1.453  Sum_probs=4.1  Template_Neff=4.000

Q AGGYYQ            1 AGGYYQ    6 (6)
Q Consensus         1 aggyyq    6 (6)
                      |.||||
T Consensus        63 a~Gyyq   68 (288)
T 5IV5_AB          63 ATGYYQ   68 (288)
T ss_pred             ecccee
Confidence            457876


No 4
>5IV5_CC Baseplate wedge protein gp6, Baseplate; T4, baseplate-tail tube complex, pre-attachment; 4.11A {Enterobacteria phage T4}
Probab=41.44  E-value=25  Score=17.26  Aligned_cols=6  Identities=83%  Similarity=1.453  Sum_probs=4.1  Template_Neff=4.000

Q AGGYYQ            1 AGGYYQ    6 (6)
Q Consensus         1 aggyyq    6 (6)
                      |.||||
T Consensus        63 a~Gyyq   68 (288)
T 5IV5_CC          63 ATGYYQ   68 (288)
T ss_pred             ecccee
Confidence            457876


No 5
>5IV5_CD Baseplate wedge protein gp6, Baseplate; T4, baseplate-tail tube complex, pre-attachment; 4.11A {Enterobacteria phage T4}
Probab=41.44  E-value=25  Score=17.26  Aligned_cols=6  Identities=83%  Similarity=1.453  Sum_probs=4.1  Template_Neff=4.000

Q AGGYYQ            1 AGGYYQ    6 (6)
Q Consensus         1 aggyyq    6 (6)
                      |.||||
T Consensus        63 a~Gyyq   68 (288)
T 5IV5_CD          63 ATGYYQ   68 (288)
T ss_pred             ecccee
Confidence            457876


No 6
>5IV5_CE Baseplate wedge protein gp6, Baseplate; T4, baseplate-tail tube complex, pre-attachment; 4.11A {Enterobacteria phage T4}
Probab=41.44  E-value=25  Score=17.26  Aligned_cols=6  Identities=83%  Similarity=1.453  Sum_probs=4.1  Template_Neff=4.000

Q AGGYYQ            1 AGGYYQ    6 (6)
Q Consensus         1 aggyyq    6 (6)
                      |.||||
T Consensus        63 a~Gyyq   68 (288)
T 5IV5_CE          63 ATGYYQ   68 (288)
T ss_pred             ecccee
Confidence            457876


No 7
>5IV5_EF Baseplate wedge protein gp6, Baseplate; T4, baseplate-tail tube complex, pre-attachment; 4.11A {Enterobacteria phage T4}
Probab=41.44  E-value=25  Score=17.26  Aligned_cols=6  Identities=83%  Similarity=1.453  Sum_probs=4.1  Template_Neff=4.000

Q AGGYYQ            1 AGGYYQ    6 (6)
Q Consensus         1 aggyyq    6 (6)
                      |.||||
T Consensus        63 a~Gyyq   68 (288)
T 5IV5_EF          63 ATGYYQ   68 (288)
T ss_pred             ecccee
Confidence            457876


No 8
>5IV5_EG Baseplate wedge protein gp6, Baseplate; T4, baseplate-tail tube complex, pre-attachment; 4.11A {Enterobacteria phage T4}
Probab=41.44  E-value=25  Score=17.26  Aligned_cols=6  Identities=83%  Similarity=1.453  Sum_probs=4.1  Template_Neff=4.000

Q AGGYYQ            1 AGGYYQ    6 (6)
Q Consensus         1 aggyyq    6 (6)
                      |.||||
T Consensus        63 a~Gyyq   68 (288)
T 5IV5_EG          63 ATGYYQ   68 (288)
T ss_pred             ecccee
Confidence            457876


No 9
>5IV5_EH Baseplate wedge protein gp6, Baseplate; T4, baseplate-tail tube complex, pre-attachment; 4.11A {Enterobacteria phage T4}
Probab=41.44  E-value=25  Score=17.26  Aligned_cols=6  Identities=83%  Similarity=1.453  Sum_probs=4.1  Template_Neff=4.000

Q AGGYYQ            1 AGGYYQ    6 (6)
Q Consensus         1 aggyyq    6 (6)
                      |.||||
T Consensus        63 a~Gyyq   68 (288)
T 5IV5_EH          63 ATGYYQ   68 (288)
T ss_pred             ecccee
Confidence            457876


No 10
>5IV5_F Baseplate wedge protein gp6, Baseplate; T4, baseplate-tail tube complex, pre-attachment; 4.11A {Enterobacteria phage T4}
Probab=41.44  E-value=25  Score=17.26  Aligned_cols=6  Identities=83%  Similarity=1.453  Sum_probs=4.1  Template_Neff=4.000

Q AGGYYQ            1 AGGYYQ    6 (6)
Q Consensus         1 aggyyq    6 (6)
                      |.||||
T Consensus        63 a~Gyyq   68 (288)
T 5IV5_F           63 ATGYYQ   68 (288)
T ss_dssp             SSCCCB
T ss_pred             ecccee
Confidence            457876


No 11
>5IV5_G Baseplate wedge protein gp6, Baseplate; T4, baseplate-tail tube complex, pre-attachment; 4.11A {Enterobacteria phage T4}
Probab=41.44  E-value=25  Score=17.26  Aligned_cols=6  Identities=83%  Similarity=1.453  Sum_probs=4.1  Template_Neff=4.000

Q AGGYYQ            1 AGGYYQ    6 (6)
Q Consensus         1 aggyyq    6 (6)
                      |.||||
T Consensus        63 a~Gyyq   68 (288)
T 5IV5_G           63 ATGYYQ   68 (288)
T ss_dssp             SSCCCB
T ss_pred             ecccee
Confidence            457876


No 12
>5IV5_GI Baseplate wedge protein gp6, Baseplate; T4, baseplate-tail tube complex, pre-attachment; 4.11A {Enterobacteria phage T4}
Probab=41.44  E-value=25  Score=17.26  Aligned_cols=6  Identities=83%  Similarity=1.453  Sum_probs=4.1  Template_Neff=4.000

Q AGGYYQ            1 AGGYYQ    6 (6)
Q Consensus         1 aggyyq    6 (6)
                      |.||||
T Consensus        63 a~Gyyq   68 (288)
T 5IV5_GI          63 ATGYYQ   68 (288)
T ss_pred             ecccee
Confidence            457876


No 13
>5IV5_GJ Baseplate wedge protein gp6, Baseplate; T4, baseplate-tail tube complex, pre-attachment; 4.11A {Enterobacteria phage T4}
Probab=41.44  E-value=25  Score=17.26  Aligned_cols=6  Identities=83%  Similarity=1.453  Sum_probs=4.1  Template_Neff=4.000

Q AGGYYQ            1 AGGYYQ    6 (6)
Q Consensus         1 aggyyq    6 (6)
                      |.||||
T Consensus        63 a~Gyyq   68 (288)
T 5IV5_GJ          63 ATGYYQ   68 (288)
T ss_pred             ecccee
Confidence            457876


No 14
>5IV5_H Baseplate wedge protein gp6, Baseplate; T4, baseplate-tail tube complex, pre-attachment; 4.11A {Enterobacteria phage T4}
Probab=41.44  E-value=25  Score=17.26  Aligned_cols=6  Identities=83%  Similarity=1.453  Sum_probs=4.1  Template_Neff=4.000

Q AGGYYQ            1 AGGYYQ    6 (6)
Q Consensus         1 aggyyq    6 (6)
                      |.||||
T Consensus        63 a~Gyyq   68 (288)
T 5IV5_H           63 ATGYYQ   68 (288)
T ss_dssp             SSCCCB
T ss_pred             ecccee
Confidence            457876


No 15
>5IV5_HA Baseplate wedge protein gp6, Baseplate; T4, baseplate-tail tube complex, pre-attachment; 4.11A {Enterobacteria phage T4}
Probab=41.44  E-value=25  Score=17.26  Aligned_cols=6  Identities=83%  Similarity=1.453  Sum_probs=4.1  Template_Neff=4.000

Q AGGYYQ            1 AGGYYQ    6 (6)
Q Consensus         1 aggyyq    6 (6)
                      |.||||
T Consensus        63 a~Gyyq   68 (288)
T 5IV5_HA          63 ATGYYQ   68 (288)
T ss_pred             ecccee
Confidence            457876


No 16
>5HX2_G Baseplate wedge protein gp7, Baseplate; T4, baseplate, complex, VIRAL PROTEIN; 3.8A {Enterobacteria phage T4}
Probab=22.83  E-value=82  Score=16.71  Aligned_cols=6  Identities=17%  Similarity=0.645  Sum_probs=3.9  Template_Neff=4.800

Q AGGYYQ            1 AGGYYQ    6 (6)
Q Consensus         1 aggyyq    6 (6)
                      |.||||
T Consensus        45 a~G~~q   50 (602)
T 5HX2_G           45 SAGAWK   50 (602)
T ss_dssp             HHTTBT
T ss_pred             ccccce
Confidence            457776


