Query         PQGGYQ
Match_columns 6
No_of_seqs    1 out of 1
Neff          1
Searched_HMMs 90378
Date          Tue Dec 21 06:17:19 2021
Command       /media/stefano/DISCO1/FOLDEN/hh-suite/build/bin/hhsearch -i /media/stefano/DISCO1/FOLDEN/trRosetta2/example/PQGGYQ/protein.hhm -d /media/stefano/DISCO1/FOLDEN/trRosettaX/pdb70/pdb70 -o /media/stefano/DISCO1/FOLDEN/trRosetta2/example/PQGGYQ/protein.out -cpu 32 

 No Hit                             Prob E-value P-value  Score    SS Cols Query HMM  Template HMM
  1 7A23_Z 51kDa, Nad2m, Nad3m, Na  49.4      15 0.00017   15.7   0.0    6    1-6      26-31  (143)
  2 6X89_A7 NADH dehydrogenase com  43.8      21 0.00024   16.1   0.0    6    1-6     121-126 (127)
  3 5O31_Z NADH-ubiquinone oxidore  42.6      23 0.00026   15.4   0.0    6    1-6      12-17  (144)
  4 6CFW_F Monovalent cation/H+ an  27.5      59 0.00065   13.3   0.0    6    1-6      35-40  (148)
  5 6Z16_b Multisubunit Na+/H+ ant  26.3      64 0.00071   13.1   0.0    6    1-6      34-39  (140)
  6 2OYY_C Hexameric cytochrome; a  21.6      90   0.001   13.3   0.0    6    1-6      14-19  (76)
  7 7A23_S 51kDa, Nad2m, Nad3m, Na  20.2   1E+02  0.0011   14.1   0.0    6    1-6     125-130 (131)
  8 5W7D_A Acyloxyacyl hydrolase (  19.5 1.1E+02  0.0012   14.6   0.0    4    2-5     559-562 (562)
  9 1RYD_A glucose-fructose oxidor  19.4 1.1E+02  0.0012   12.9   0.0    4    2-5     384-387 (387)
 10 3KEW_A DHHA1 domain protein; S  19.0 1.1E+02  0.0012   12.5   0.0    6    1-6      41-46  (241)

No 1
>7A23_Z 51kDa, Nad2m, Nad3m, Nad6m, Nad1m; Respiration, Complex I, mitochondria, plant; HET: FMN, NDP, PEV, SF4, U10, T7X, CDL; 3.7A {Brassica oleracea}
Probab=49.35  E-value=15  Score=15.70  Aligned_cols=6  Identities=50%  Similarity=1.414  Sum_probs=3.8  Template_Neff=5.500

Q PQGGYQ            1 PQGGYQ    6 (6)
Q Consensus         1 pqggyq    6 (6)
                      |.|||.
T Consensus        26 P~GGy~   31 (143)
T 7A23_Z           26 PPGGFA   31 (143)
T ss_pred             CCCCCC
Confidence            567763


No 2
>6X89_A7 NADH dehydrogenase complex; respiration, mitochondria, electron transport chain; HET: SF4, PC1, FMN, NAP;{Vigna radiata}
Probab=43.82  E-value=21  Score=16.05  Aligned_cols=6  Identities=67%  Similarity=1.116  Sum_probs=4.3  Template_Neff=3.200

Q PQGGYQ            1 PQGGYQ    6 (6)
Q Consensus         1 pqggyq    6 (6)
                      +.||||
T Consensus       121 ~ggGy~  126 (127)
T 6X89_A7         121 IGGGYQ  126 (127)
T ss_pred             CCCCCC
Confidence            358887


No 3
>5O31_Z NADH-ubiquinone oxidoreductase chain 3 (E.C.1.6.5.3); Complex I, redox enzyme, proton; HET: FMN, SF4, NAP; 4.13A {Bos taurus}
Probab=42.60  E-value=23  Score=15.41  Aligned_cols=6  Identities=67%  Similarity=1.448  Sum_probs=3.9  Template_Neff=5.100

Q PQGGYQ            1 PQGGYQ    6 (6)
Q Consensus         1 pqggyq    6 (6)
                      |.|||.
T Consensus        12 PpGGY~   17 (144)
T 5O31_Z           12 PVGGYG   17 (144)
T ss_pred             CCCCCC
Confidence            567773


No 4
>6CFW_F Monovalent cation/H+ antiporter subunit D; respiratory, hydrogenase, ion translocation, MEMBRANE; HET: SF4; 3.7A {Pyrococcus furiosus COM1}
Probab=27.46  E-value=59  Score=13.34  Aligned_cols=6  Identities=67%  Similarity=1.531  Sum_probs=2.7  Template_Neff=7.000

Q PQGGYQ            1 PQGGYQ    6 (6)
Q Consensus         1 pqggyq    6 (6)
                      |-||+|
T Consensus        35 PGGGFq   40 (148)
T 6CFW_F           35 PGGGFQ   40 (148)
T ss_dssp             SCCHHH
T ss_pred             CCCCch
Confidence            345544


No 5
>6Z16_b Multisubunit Na+/H+ antiporter, A subunit; Mrp antiporter, sodium/proton exchanger, bioenergetics; HET: PTY;{Anoxybacillus flavithermus (strain DSM 21510 / WK1)}
Probab=26.35  E-value=64  Score=13.14  Aligned_cols=6  Identities=50%  Similarity=1.276  Sum_probs=2.7  Template_Neff=7.000

Q PQGGYQ            1 PQGGYQ    6 (6)
Q Consensus         1 pqggyq    6 (6)
                      |-||+|
T Consensus        34 PGGGFq   39 (140)
T 6Z16_b           34 PGGGFI   39 (140)
T ss_pred             CCCchH
Confidence            344544


No 6
>2OYY_C Hexameric cytochrome; all helical, UNKNOWN FUNCTION; HET: HEM, IOD; 2.5A {Silicibacter pomeroyi}
Probab=21.56  E-value=90  Score=13.26  Aligned_cols=6  Identities=50%  Similarity=1.226  Sum_probs=3.4  Template_Neff=2.900

Q PQGGYQ            1 PQGGYQ    6 (6)
Q Consensus         1 pqggyq    6 (6)
                      ||.|||
T Consensus        14 PeeG~~   19 (76)
T 2OYY_C           14 PQEGFD   19 (76)
T ss_dssp             HHHHHH
T ss_pred             HHHHHH
Confidence            556654


No 7
>7A23_S 51kDa, Nad2m, Nad3m, Nad6m, Nad1m; Respiration, Complex I, mitochondria, plant; HET: FMN, NDP, PEV, SF4, U10, T7X, CDL; 3.7A {Brassica oleracea}
Probab=20.24  E-value=1e+02  Score=14.10  Aligned_cols=6  Identities=50%  Similarity=1.154  Sum_probs=3.9  Template_Neff=3.200

Q PQGGYQ            1 PQGGYQ    6 (6)
Q Consensus         1 pqggyq    6 (6)
                      +.||||
T Consensus       125 ~ggGy~  130 (131)
T 7A23_S          125 RGGGYE  130 (131)
T ss_pred             CCCCcC
Confidence            357885


No 8
>5W7D_A Acyloxyacyl hydrolase (E.C.3.1.1.77); lipopolysaccharide, LPS, GDSL esterase, saposin; HET: GOL, PX8, MYR, NAG; 1.75A {Mus musculus}
Probab=19.52  E-value=1.1e+02  Score=14.59  Aligned_cols=4  Identities=75%  Similarity=1.140  Sum_probs=0.0  Template_Neff=8.100

Q PQGGYQ            2 QGGY    5 (6)
Q Consensus         2 qggy    5 (6)
                      ||||
T Consensus       559 ~~~~  562 (562)
T 5W7D_A          559 QGGH  562 (562)
T ss_dssp             TTCC
T ss_pred             CCCC


No 9
>1RYD_A glucose-fructose oxidoreductase; Oxidoreductase, Glucose, Fructose, NADP, Zymomonas; HET: NDP, ACT, GLC; 2.2A {Zymomonas mobilis} SCOP: d.81.1.5, c.2.1.3
Probab=19.36  E-value=1.1e+02  Score=12.87  Aligned_cols=4  Identities=100%  Similarity=1.971  Sum_probs=0.0  Template_Neff=10.000

Q PQGGYQ            2 QGGY    5 (6)
Q Consensus         2 qggy    5 (6)
                      ||||
T Consensus       384 ~~~~  387 (387)
T 1RYD_A          384 QGGY  387 (387)
T ss_dssp             TTCC
T ss_pred             cCCC


No 10
>3KEW_A DHHA1 domain protein; STRUCTURAL GENOMICS, PSI-2, TRNA SYNTHASE; 2.0A {Clostridium perfringens}
Probab=19.02  E-value=1.1e+02  Score=12.53  Aligned_cols=6  Identities=67%  Similarity=1.027  Sum_probs=0.0  Template_Neff=8.900

Q PQGGYQ            1 PQGGYQ    6 (6)
Q Consensus         1 pqggyq    6 (6)
                      |+||-|
T Consensus        41 p~gGGQ   46 (241)
T 3KEW_A           41 PGGGGQ   46 (241)
T ss_dssp             CCBTTB
T ss_pred             CCCCCC


