Query         SRVIIE
Match_columns 6
No_of_seqs    1 out of 1
Neff          1
Searched_HMMs 90378
Date          Tue Dec 21 16:27:52 2021
Command       /media/stefano/DISCO1/FOLDEN/hh-suite/build/bin/hhsearch -i /media/stefano/DISCO1/FOLDEN/trRosetta2/example/SRVIIE/protein.hhm -d /media/stefano/DISCO1/FOLDEN/trRosettaX/pdb70/pdb70 -o /media/stefano/DISCO1/FOLDEN/trRosetta2/example/SRVIIE/protein.out -cpu 32 

 No Hit                             Prob E-value P-value  Score    SS Cols Query HMM  Template HMM
  1 5C9O_A PLL lectin; Lectin, sev  46.5      18  0.0002   15.1   0.0    6    1-6     365-370 (381)
  2 6SGZ_J ESX-3 secretion system   25.6      67 0.00074   14.1   0.0    6    1-6       2-7   (343)
  3 5AQ1_A GLUCOSE-6-PHOSPHATE DEH  22.6      84 0.00093   15.5   0.0    6    1-6     175-180 (509)
  4 7E6I_A Glucose-6-phosphate 1-d  19.1 1.1E+02  0.0012   15.0   0.0    6    1-6     147-152 (497)
  5 4LGV_C Glucose-6-phosphate 1-d  14.4 1.7E+02  0.0019   14.6   0.0    6    1-6     157-162 (490)
  6 4LL7_A SWI5-dependent HO expre  14.2 1.7E+02  0.0019   11.9   0.0    4    1-4       2-5   (96)
  7 3OP8_A Beta-2-glycoprotein 1;   13.7 1.8E+02   0.002   12.6   0.0    5    1-5      10-14  (85)
  8 5CYA_B Tubulin-specific chaper  13.7 1.8E+02   0.002   12.9   0.0    6    1-6     208-213 (268)
  9 5CYA_A Tubulin-specific chaper  10.3 2.8E+02  0.0031   12.5   0.0    6    1-6     208-213 (268)
 10 4ARS_A HISTIDINE ACID PHOSPHAT   8.6 3.5E+02  0.0039   11.6   0.0    6    1-6     334-339 (413)

No 1
>5C9O_A PLL lectin; Lectin, seven-bladed beta-propeller, fucose-specific, sugar; HET: GOL; 1.5A {Photorhabdus luminescens}
Probab=46.50  E-value=18  Score=15.09  Aligned_cols=6  Identities=50%  Similarity=0.816  Sum_probs=4.0  Template_Neff=9.800

Q SRVIIE            1 SRVIIE    6 (6)
Q Consensus         1 srviie    6 (6)
                      +|||+|
T Consensus       365 ~~~~~~  370 (381)
T 5C9O_A          365 ASVILE  370 (381)
T ss_dssp             CCCCCC
T ss_pred             HHHHHh
Confidence            477775


No 2
>6SGZ_J ESX-3 secretion system protein EccD3; Type VII Secretion System ESX-3;{Mycobacterium smegmatis (strain ATCC 700084 / mc(2)155)}
Probab=25.57  E-value=67  Score=14.08  Aligned_cols=6  Identities=67%  Similarity=0.960  Sum_probs=3.7  Template_Neff=8.400

Q SRVIIE            1 SRVIIE    6 (6)
Q Consensus         1 srviie    6 (6)
                      ||+|||
T Consensus         2 ~~~~~~    7 (343)
T 6SGZ_J            2 SRLIFE    7 (343)
T ss_dssp             CCCCCC
T ss_pred             CCcccc
Confidence            567664


No 3
>5AQ1_A GLUCOSE-6-PHOSPHATE DEHYDROGENASE (E.C.1.1.1.49); OXIDOREDUCTASE, PENTOSE PHOSPHATE PATHWAY, REDOX; HET: NDP, BG6; 2.65A {TRYPANOSOMA CRUZI}
Probab=22.57  E-value=84  Score=15.55  Aligned_cols=6  Identities=50%  Similarity=0.899  Sum_probs=3.6  Template_Neff=6.500

Q SRVIIE            1 SRVIIE    6 (6)
Q Consensus         1 srviie    6 (6)
                      +|||||
T Consensus       175 ~RvviE  180 (509)
T 5AQ1_A          175 VRLIVE  180 (509)
T ss_dssp             EEEEEC
T ss_pred             eEEEEc
Confidence            366665


No 4
>7E6I_A Glucose-6-phosphate 1-dehydrogenase (E.C.1.1.1.49); Glucose-6-phosphate, dehydrogenase, pentose phosphate pathway; HET: BG6, 7PE; 2.39A {Kluyveromyces lactis (strain ATCC 8585 / CBS 2359 / DSM 70799 / NBRC 1267 / NRRL Y-1140 / WM37)}
Probab=19.15  E-value=1.1e+02  Score=15.03  Aligned_cols=6  Identities=67%  Similarity=1.054  Sum_probs=3.4  Template_Neff=6.700

Q SRVIIE            1 SRVIIE    6 (6)
Q Consensus         1 srviie    6 (6)
                      +|||||
T Consensus       147 ~rvvvE  152 (497)
T 7E6I_A          147 QRVIVE  152 (497)
T ss_dssp             EEEEEE
T ss_pred             eEEEEc
Confidence            356665


No 5
>4LGV_C Glucose-6-phosphate 1-dehydrogenase (E.C.1.1.1.49); Structural Genomics, Seattle Structural Genomics; HET: GOL; 2.3A {Mycobacterium avium}
Probab=14.42  E-value=1.7e+02  Score=14.56  Aligned_cols=6  Identities=50%  Similarity=0.839  Sum_probs=0.0  Template_Neff=6.400

Q SRVIIE            1 SRVIIE    6 (6)
Q Consensus         1 srviie    6 (6)
                      +||+||
T Consensus       157 ~riviE  162 (490)
T 4LGV_C          157 ARVAVE  162 (490)
T ss_dssp             CEEEEE
T ss_pred             cEEEEc


No 6
>4LL7_A SWI5-dependent HO expression protein 3; She3p, myosin cargo adaptor protein; HET: SO4, EDO, DY, IPA; 2.31A {Saccharomyces cerevisiae}
Probab=14.22  E-value=1.7e+02  Score=11.91  Aligned_cols=4  Identities=100%  Similarity=1.190  Sum_probs=0.0  Template_Neff=5.500

Q SRVIIE            1 SRVI    4 (6)
Q Consensus         1 srvi    4 (6)
                      +|||
T Consensus         2 gRVI    5 (96)
T 4LL7_A            2 SRVI    5 (96)
T ss_dssp             CHHH
T ss_pred             chHH


No 7
>3OP8_A Beta-2-glycoprotein 1; SUSHI, antiphospholipid syndrome, anionic phospholipids; HET: SO4; 1.9A {Homo sapiens}
Probab=13.73  E-value=1.8e+02  Score=12.65  Aligned_cols=5  Identities=20%  Similarity=0.448  Sum_probs=0.0  Template_Neff=2.700

Q SRVIIE            1 SRVII    5 (6)
Q Consensus         1 srvii    5 (6)
                      ||||+
T Consensus        10 srViy   14 (85)
T 3OP8_A           10 ATVVY   14 (85)
T ss_dssp             CEEEE
T ss_pred             eEEEE


No 8
>5CYA_B Tubulin-specific chaperone C; Tubulin cofactors, mirotubule dynamics, tubulin; HET: SO4; 2.0A {Saccharomyces cerevisiae (strain ATCC 204508 / S288c)}
Probab=13.65  E-value=1.8e+02  Score=12.90  Aligned_cols=6  Identities=67%  Similarity=0.733  Sum_probs=0.0  Template_Neff=7.300

Q SRVIIE            1 SRVIIE    6 (6)
Q Consensus         1 srviie    6 (6)
                      +++|||
T Consensus       208 ~~pIIE  213 (268)
T 5CYA_B          208 QVVIIE  213 (268)
T ss_dssp             EEEEEE
T ss_pred             CceEEE


No 9
>5CYA_A Tubulin-specific chaperone C; Tubulin cofactors, mirotubule dynamics, tubulin; HET: SO4; 2.0A {Saccharomyces cerevisiae (strain ATCC 204508 / S288c)}
Probab=10.28  E-value=2.8e+02  Score=12.49  Aligned_cols=6  Identities=67%  Similarity=0.733  Sum_probs=0.0  Template_Neff=7.100

Q SRVIIE            1 SRVIIE    6 (6)
Q Consensus         1 srviie    6 (6)
                      +++|||
T Consensus       208 q~pIIE  213 (268)
T 5CYA_A          208 QVVIIE  213 (268)
T ss_dssp             EEEEEE
T ss_pred             ceEEEE


No 10
>4ARS_A HISTIDINE ACID PHOSPHATASE (E.C.3.1.3.26); HYDROLASE; HET: GOL, ACT; 1.9A {HAFNIA ALVEI}
Probab=8.61  E-value=3.5e+02  Score=11.56  Aligned_cols=6  Identities=17%  Similarity=0.517  Sum_probs=0.0  Template_Neff=10.000

Q SRVIIE            1 SRVIIE    6 (6)
Q Consensus         1 srviie    6 (6)
                      |.++||
T Consensus       334 S~lifE  339 (413)
T 4ARS_A          334 GALVFE  339 (413)
T ss_dssp             CEEEEE
T ss_pred             cEEEEE


