Query         AAAQAA
Match_columns 6
No_of_seqs    1 out of 1
Neff          1
Searched_HMMs 90378
Date          Sun Dec 19 12:50:19 2021
Command       /media/stefano/DISCO1/FOLDEN/hh-suite/build/bin/hhsearch -i /media/stefano/DISCO1/FOLDEN/trRosetta2/example/AAAQAA/protein.hhm -d /media/stefano/DISCO1/FOLDEN/trRosettaX/pdb70/pdb70 -o /media/stefano/DISCO1/FOLDEN/trRosetta2/example/AAAQAA/protein.out -cpu 32 

 No Hit                             Prob E-value P-value  Score    SS Cols Query HMM  Template HMM
  1 6N3A_J TAR DNA-binding protein  41.6      24 0.00027   14.2   0.0    6    1-6      14-19  (50)
  2 2L5B_A Activator of apoptosis    6.1 5.6E+02  0.0062    9.7   0.0    6    1-6      14-19  (32)
  3 5JIE_D Protein delta; Delta pr   5.8 5.9E+02  0.0066   10.9   0.0    6    1-6      16-21  (66)
  4 5JIE_E Protein delta; Delta pr   5.8 5.9E+02  0.0066   10.9   0.0    6    1-6      16-21  (66)
  5 5W82_C Protein delta; pentamer   5.2 6.7E+02  0.0075   11.5   0.0    6    1-6      18-23  (103)
  6 4IOA_M 50S ribosomal subunit;    4.9 7.3E+02  0.0081   11.4   0.0    5    1-5     144-148 (166)
  7 1Q7S_A bit1; APOPTOSIS; 2.0A {   4.9 7.4E+02  0.0082    9.4   0.0    5    2-6      21-25  (117)
  8 4Q76_A Cysteine desulfurase 2,   4.7 7.6E+02  0.0084   10.2   0.0    6    1-6       3-8   (429)
  9 2ZJR_M 50S ribosomal proteins/   4.7 7.7E+02  0.0085   11.3   0.0    5    1-5     144-148 (166)
 10 1NKW_N large ribosomal subunit   4.7 7.7E+02  0.0085   11.3   0.0    5    1-5     144-148 (166)

No 1
>6N3A_J TAR DNA-binding protein 43, segA; Amyloid, TDP43, ALS, FTLD-TDP, dna; 3.3A {Homo sapiens}
Probab=41.64  E-value=24  Score=14.18  Aligned_cols=6  Identities=100%  Similarity=0.817  Sum_probs=3.0  Template_Neff=2.200

Q AAAQAA            1 AAAQAA    6 (6)
Q Consensus         1 aaaqaa    6 (6)
                      ||||||
T Consensus        14 AAAqaa   19 (50)
T 6N3A_J           14 AAAQAA   19 (50)
T ss_dssp             CCSSEE
T ss_pred             HHHHHH
Confidence            355553


No 2
>2L5B_A Activator of apoptosis harakiri; Apoptosis, Bcl-2, BH3-only, Harakiri, transmembrane; NMR {N/A}
Probab=6.06  E-value=5.6e+02  Score=9.74  Aligned_cols=6  Identities=83%  Similarity=0.689  Sum_probs=0.0  Template_Neff=1.300

Q AAAQAA            1 AAAQAA    6 (6)
Q Consensus         1 aaaqaa    6 (6)
                      +|||.+
T Consensus        14 aaa~va   19 (32)
T 2L5B_A           14 AAAQVA   19 (32)
T ss_dssp             HHHHHH
T ss_pred             HHHHHH


No 3
>5JIE_D Protein delta; Delta protein, Orsay virus, C.; 2.1374A {Orsay virus}
Probab=5.78  E-value=5.9e+02  Score=10.89  Aligned_cols=6  Identities=83%  Similarity=0.617  Sum_probs=0.0  Template_Neff=1.700

Q AAAQAA            1 AAAQAA    6 (6)
Q Consensus         1 aaaqaa    6 (6)
                      |+.||+
T Consensus        16 AaLQAa   21 (66)
T 5JIE_D           16 AALQAA   21 (66)
T ss_dssp             HHHHHS
T ss_pred             HHHHHH


No 4
>5JIE_E Protein delta; Delta protein, Orsay virus, C.; 2.1374A {Orsay virus}
Probab=5.78  E-value=5.9e+02  Score=10.89  Aligned_cols=6  Identities=83%  Similarity=0.617  Sum_probs=0.0  Template_Neff=1.700

Q AAAQAA            1 AAAQAA    6 (6)
Q Consensus         1 aaaqaa    6 (6)
                      |+.||+
T Consensus        16 AaLQAa   21 (66)
T 5JIE_E           16 AALQAA   21 (66)
T ss_dssp             HHHHHS
T ss_pred             HHHHHH


No 5
>5W82_C Protein delta; pentameric alpha and beta barrel; 1.8A {Orsay virus}
Probab=5.23  E-value=6.7e+02  Score=11.49  Aligned_cols=6  Identities=83%  Similarity=0.617  Sum_probs=0.0  Template_Neff=1.600

Q AAAQAA            1 AAAQAA    6 (6)
Q Consensus         1 aaaqaa    6 (6)
                      |+.||+
T Consensus        18 AaLQAa   23 (103)
T 5W82_C           18 AALQAA   23 (103)
T ss_dssp             HHHHHS
T ss_pred             HHHHHH


No 6
>4IOA_M 50S ribosomal subunit; RIBOSOME-RIBOSOME INHIBITOR complex; HET: 1F3, MG; 3.2A {Deinococcus radiodurans}
Probab=4.91  E-value=7.3e+02  Score=11.40  Aligned_cols=5  Identities=100%  Similarity=0.820  Sum_probs=0.0  Template_Neff=4.700

Q AAAQAA            1 AAAQA    5 (6)
Q Consensus         1 aaaqa    5 (6)
                      |||||
T Consensus       144 ~~~~~  148 (166)
T 4IOA_M          144 AAAQA  148 (166)
T ss_pred             HHHhC


No 7
>1Q7S_A bit1; APOPTOSIS; 2.0A {Homo sapiens} SCOP: c.131.1.1
Probab=4.86  E-value=7.4e+02  Score=9.44  Aligned_cols=5  Identities=60%  Similarity=0.607  Sum_probs=0.0  Template_Neff=8.000

Q AAAQAA            2 AAQAA    6 (6)
Q Consensus         2 aaqaa    6 (6)
                      +||++
T Consensus        21 aaQ~~   25 (117)
T 1Q7S_A           21 AAQCS   25 (117)
T ss_dssp             HHHHH
T ss_pred             HHHHH


No 8
>4Q76_A Cysteine desulfurase 2, chloroplastic (E.C.2.8.1.7; Cysteine desulfurase, AtSufE1, Chloroplast, TRANSFERASE; HET: LLP; 1.9A {Arabidopsis thaliana}
Probab=4.75  E-value=7.6e+02  Score=10.17  Aligned_cols=6  Identities=67%  Similarity=0.606  Sum_probs=0.0  Template_Neff=11.100

Q AAAQAA            1 AAAQAA    6 (6)
Q Consensus         1 aaaqaa    6 (6)
                      ||++++
T Consensus         3 ~~~~~~    8 (429)
T 4Q76_A            3 AAASSA    8 (429)
T ss_dssp             ------
T ss_pred             cccccc


No 9
>2ZJR_M 50S ribosomal proteins/rRNA-23S ribosomal RNA/rRNA-5S; ribosome, large ribosomal subunit, 50S; HET: MG; 2.91A {Deinococcus radiodurans} SCOP: b.34.5.6
Probab=4.72  E-value=7.7e+02  Score=11.34  Aligned_cols=5  Identities=100%  Similarity=0.820  Sum_probs=0.0  Template_Neff=4.700

Q AAAQAA            1 AAAQA    5 (6)
Q Consensus         1 aaaqa    5 (6)
                      |||||
T Consensus       144 ~~~~~  148 (166)
T 2ZJR_M          144 AAAQA  148 (166)
T ss_pred             HHHhC


No 10
>1NKW_N large ribosomal subunit 50S; Ribosome  large subunit ; 3.1A {Deinococcus radiodurans} SCOP: i.1.1.2
Probab=4.71  E-value=7.7e+02  Score=11.33  Aligned_cols=5  Identities=100%  Similarity=0.820  Sum_probs=0.0  Template_Neff=4.700

Q AAAQAA            1 AAAQA    5 (6)
Q Consensus         1 aaaqa    5 (6)
                      |||||
T Consensus       144 ~~~~~  148 (166)
T 1NKW_N          144 AAAQA  148 (166)
T ss_pred             HHHhC


