Query         NQSCPS
Match_columns 6
No_of_seqs    1 out of 1
Neff          1
Searched_HMMs 90378
Date          Tue Dec 21 03:47:08 2021
Command       /media/stefano/DISCO1/FOLDEN/hh-suite/build/bin/hhsearch -i /media/stefano/DISCO1/FOLDEN/trRosetta2/example/NQSCPS/protein.hhm -d /media/stefano/DISCO1/FOLDEN/trRosettaX/pdb70/pdb70 -o /media/stefano/DISCO1/FOLDEN/trRosetta2/example/NQSCPS/protein.out -cpu 32 

 No Hit                             Prob E-value P-value  Score    SS Cols Query HMM  Template HMM
  1 1DI0_D LUMAZINE SYNTHASE (E.C.  38.9      29 0.00032   14.7   0.0    6    1-6       2-7   (158)
  2 1T13_A 6,7-dimethyl-8-ribityll  29.6      51 0.00057   13.9   0.0    6    1-6       2-7   (158)
  3 1BRV_A PROTEIN G; ATTACHMENT P  20.7      97  0.0011   11.6   0.0    6    1-6      22-27  (32)
  4 1DWL_A FERREDOXIN I, CYTOCHROM  19.8   1E+02  0.0012    8.4   0.0    5    2-6      49-53  (59)
  5 3HNY_M Coagulation factor VIII  19.7   1E+02  0.0012   10.8   0.0    5    1-5       2-6   (159)
  6 1R8N_A Kunitz trypsin inhibito  19.7 1.1E+02  0.0012   12.7   0.0    5    1-5      41-45  (185)
  7 6MIC_A Toxin co-regulated pilu  19.5 1.1E+02  0.0012   14.4   0.0    4    2-5      81-84  (185)
  8 6GIX_C Water-soluble chlorophy  19.4 1.1E+02  0.0012   12.7   0.0    5    1-5      42-46  (180)
  9 6FY1_G CAP228-16H Heavy Chain,  19.1 1.1E+02  0.0012   13.1   0.0    4    2-5      73-76  (117)
 10 1FXR_A FERREDOXIN I (4FE-4S);   19.0 1.1E+02  0.0012    8.6   0.0    5    2-6      52-56  (64)

No 1
>1DI0_D LUMAZINE SYNTHASE (E.C.2.5.1.9); transferase; HET: PO4; 2.7A {Brucella abortus} SCOP: c.16.1.1
Probab=38.92  E-value=29  Score=14.67  Aligned_cols=6  Identities=83%  Similarity=1.591  Sum_probs=0.0  Template_Neff=6.400

Q NQSCPS            1 NQSCPS    6 (6)
Q Consensus         1 nqscps    6 (6)
                      |+|||+
T Consensus         2 ~~~~~~    7 (158)
T 1DI0_D            2 NQSCPN    7 (158)
T ss_dssp             ------
T ss_pred             CCccCC
Confidence            677774


No 2
>1T13_A 6,7-dimethyl-8-ribityllumazine synthase (E.C.2.5.1.9); TRANSFERASE; HET: INI, PO4; 2.9A {Brucella abortus}
Probab=29.59  E-value=51  Score=13.95  Aligned_cols=6  Identities=83%  Similarity=1.591  Sum_probs=0.0  Template_Neff=6.400

Q NQSCPS            1 NQSCPS    6 (6)
Q Consensus         1 nqscps    6 (6)
                      |+|||+
T Consensus         2 ~~s~~~    7 (158)
T 1T13_A            2 NQSCPN    7 (158)
T ss_dssp             ------
T ss_pred             CCCCCC
Confidence            577763


No 3
>1BRV_A PROTEIN G; ATTACHMENT PROTEIN G OF BOVINE; NMR {Bovine respiratory syncytial virus (strain 391-2)} SCOP: j.33.1.1
Probab=20.67  E-value=97  Score=11.57  Aligned_cols=6  Identities=50%  Similarity=0.816  Sum_probs=2.9  Template_Neff=2.400

Q NQSCPS            1 NQSCPS    6 (6)
Q Consensus         1 nqscps    6 (6)
                      |+.|+|
T Consensus        22 n~ac~s   27 (32)
T 1BRV_A           22 NLACLS   27 (32)
T ss_pred             Cchhhh
Confidence            345553


No 4
>1DWL_A FERREDOXIN I, CYTOCHROME C553; ELECTRON TRANSFER, FERREDOXIN-CYTOCHROME COMPLEX, MODEL; HET: SF4, HEC; NMR {DESULFOVIBRIO VULGARIS} SCOP: i.4.1.1
Probab=19.81  E-value=1e+02  Score=8.40  Aligned_cols=5  Identities=40%  Similarity=1.338  Sum_probs=0.0  Template_Neff=11.800

Q NQSCPS            2 QSCPS    6 (6)
Q Consensus         2 qscps    6 (6)
                      +.||.
T Consensus        49 ~~cp~   53 (59)
T 1DWL_A           49 DACPV   53 (59)
T ss_dssp             GGSTT
T ss_pred             HHCCh


No 5
>3HNY_M Coagulation factor VIII; BLOOD CLOTTING, Acute phase, Blood; 1.07A {Homo sapiens}
Probab=19.71  E-value=1e+02  Score=10.76  Aligned_cols=5  Identities=40%  Similarity=0.786  Sum_probs=0.0  Template_Neff=10.900

Q NQSCPS            1 NQSCP    5 (6)
Q Consensus         1 nqscp    5 (6)
                      +++|+
T Consensus         2 ~~~~~    6 (159)
T 3HNY_M            2 LNSCS    6 (159)
T ss_dssp             --CCC
T ss_pred             ccccC


No 6
>1R8N_A Kunitz trypsin inhibitor; Kunitz-type trypsin/kallikrein inhibitor, beta-trefoil fold; 1.75A {Delonix regia} SCOP: b.42.4.1
Probab=19.66  E-value=1.1e+02  Score=12.66  Aligned_cols=5  Identities=40%  Similarity=1.218  Sum_probs=0.0  Template_Neff=7.800

Q NQSCPS            1 NQSCP    5 (6)
Q Consensus         1 nqscp    5 (6)
                      |.+||
T Consensus        41 ~~~CP   45 (185)
T 1R8N_A           41 GSMCP   45 (185)
T ss_dssp             TCSSC
T ss_pred             CCCCC


No 7
>6MIC_A Toxin co-regulated pilus biosynthesis protein; Effector domain, Minor pilin, Toxin; HET: GOL, MPD; 1.531A {Vibrio cholerae serotype O1}
Probab=19.50  E-value=1.1e+02  Score=14.44  Aligned_cols=4  Identities=50%  Similarity=1.448  Sum_probs=0.0  Template_Neff=3.900

Q NQSCPS            2 QSCP    5 (6)
Q Consensus         2 qscp    5 (6)
                      |.||
T Consensus        81 q~CP   84 (185)
T 6MIC_A           81 IECP   84 (185)
T ss_pred             ccCc


No 8
>6GIX_C Water-soluble chlorophyll protein; Tetramer, Plant, Lepidium virginicum, Chlorophyll; HET: CHL; 2.8A {Lepidium virginicum}
Probab=19.36  E-value=1.1e+02  Score=12.68  Aligned_cols=5  Identities=40%  Similarity=1.271  Sum_probs=0.0  Template_Neff=7.600

Q NQSCPS            1 NQSCP    5 (6)
Q Consensus         1 nqscp    5 (6)
                      |.+||
T Consensus        42 ~~~CP   46 (180)
T 6GIX_C           42 SHLCP   46 (180)
T ss_dssp             TBCSS
T ss_pred             CCCcC


No 9
>6FY1_G CAP228-16H Heavy Chain, CAP228 Autologous; Fab, HIV-1 Envelope V1V2, IMMUNE; 3.132A {Homo sapiens}
Probab=19.06  E-value=1.1e+02  Score=13.14  Aligned_cols=4  Identities=0%  Similarity=0.177  Sum_probs=0.0  Template_Neff=4.800

Q NQSCPS            2 QSCP    5 (6)
Q Consensus         2 qscp    5 (6)
                      |.||
T Consensus        73 qaCp   76 (117)
T 6FY1_G           73 EAVD   76 (117)
T ss_dssp             CCSS
T ss_pred             Hhcc


No 10
>1FXR_A FERREDOXIN I (4FE-4S); ELECTRON TRANSPORT; HET: SF4; 2.3A {Desulfovibrio africanus} SCOP: d.58.1.4
Probab=18.98  E-value=1.1e+02  Score=8.60  Aligned_cols=5  Identities=40%  Similarity=1.365  Sum_probs=0.0  Template_Neff=11.600

Q NQSCPS            2 QSCPS    6 (6)
Q Consensus         2 qscps    6 (6)
                      +.||.
T Consensus        52 ~~Cp~   56 (64)
T 1FXR_A           52 DTCPV   56 (64)
T ss_dssp             HHCTT
T ss_pred             HHCCH


