Query         ASRQNQ
Match_columns 6
No_of_seqs    1 out of 1
Neff          1
Searched_HMMs 90378
Date          Sun Dec 19 15:37:40 2021
Command       /media/stefano/DISCO1/FOLDEN/hh-suite/build/bin/hhsearch -i /media/stefano/DISCO1/FOLDEN/trRosetta2/example/ASRQNQ/protein.hhm -d /media/stefano/DISCO1/FOLDEN/trRosettaX/pdb70/pdb70 -o /media/stefano/DISCO1/FOLDEN/trRosetta2/example/ASRQNQ/protein.out -cpu 32 

 No Hit                             Prob E-value P-value  Score    SS Cols Query HMM  Template HMM
  1 7A77_A Retinoic acid receptor    6.8 4.8E+02  0.0053   10.3   0.0    6    1-6       4-9   (242)
  2 6KND_A Translation initiation    6.8 4.8E+02  0.0053   10.3   0.0    5    2-6       1-5   (164)
  3 1T8Z_E LIPOPROTEIN, PROTEIN FO   6.8 4.8E+02  0.0053   10.1   0.0    6    1-6      41-46  (53)
  4 4JPN_C Minor spike protein H;    6.8 4.8E+02  0.0053   11.5   0.0    4    2-5      42-45  (79)
  5 4JPN_D Minor spike protein H;    6.8 4.8E+02  0.0053   11.5   0.0    4    2-5      42-45  (79)
  6 2H5N_D Hypothetical protein PG   6.7 4.9E+02  0.0054    9.4   0.0    5    2-6       4-8   (133)
  7 1T8Z_C Major outer membrane li   6.7 4.9E+02  0.0054   10.1   0.0    6    1-6      41-46  (53)
  8 1JCD_B LIPOPROTEIN, PROTEIN FO   6.4 5.2E+02  0.0058   10.0   0.0    6    1-6      41-46  (52)
  9 4YL8_B Moesin, Crumbs; protein   6.1 5.5E+02  0.0061    8.8   0.0    5    2-6      19-23  (43)
 10 6XNE_A GCN4-p1 Peptide; Coil-c   6.1 5.5E+02  0.0061    9.1   0.0    4    3-6       1-4   (30)

No 1
>7A77_A Retinoic acid receptor RXR-alpha, Nuclear; RXRA, STEROID HORMONE RECEPTOR, INHIBITOR; HET: PLM, EDO; 1.5A {Homo sapiens}
Probab=6.82  E-value=4.8e+02  Score=10.26  Aligned_cols=6  Identities=17%  Similarity=0.291  Sum_probs=0.0  Template_Neff=10.000

Q ASRQNQ            1 ASRQNQ    6 (6)
Q Consensus         1 asrqnq    6 (6)
                      +++|.|
T Consensus         4 ~~~~~~    9 (242)
T 7A77_A            4 SSANED    9 (242)
T ss_dssp             -CHHHH
T ss_pred             cccccC


No 2
>6KND_A Translation initiation factor eIF5; Initiation Factor, TRANSLATION; 1.9A {Candida albicans}
Probab=6.81  E-value=4.8e+02  Score=10.30  Aligned_cols=5  Identities=60%  Similarity=0.494  Sum_probs=0.0  Template_Neff=8.500

Q ASRQNQ            2 SRQNQ    6 (6)
Q Consensus         2 srqnq    6 (6)
                      |-|||
T Consensus         1 ~~~~~    5 (164)
T 6KND_A            1 SVQNN    5 (164)
T ss_dssp             CCCCC
T ss_pred             Cccch


No 3
>1T8Z_E LIPOPROTEIN, PROTEIN FOLDING, COILED COIL; HET: SO4, 12P; 1.45A {Escherichia coli} SCOP: h.1.16.1
Probab=6.81  E-value=4.8e+02  Score=10.12  Aligned_cols=6  Identities=50%  Similarity=0.335  Sum_probs=0.0  Template_Neff=4.200

Q ASRQNQ            1 ASRQNQ    6 (6)
Q Consensus         1 asrqnq    6 (6)
                      |.|.||
T Consensus        41 A~RAN~   46 (53)
T 1T8Z_E           41 WARWNQ   46 (53)
T ss_dssp             HHHHHH
T ss_pred             HHHHHH


No 4
>4JPN_C Minor spike protein H; helical barrel, tail tube, pilot; 2.101A {Enterobacteria phage phiX174}
Probab=6.77  E-value=4.8e+02  Score=11.48  Aligned_cols=4  Identities=100%  Similarity=1.116  Sum_probs=0.0  Template_Neff=1.400

Q ASRQNQ            2 SRQN    5 (6)
Q Consensus         2 srqn    5 (6)
                      ||||
T Consensus        42 srqn   45 (79)
T 4JPN_C           42 SRQN   45 (79)
T ss_dssp             HHHH
T ss_pred             hccc


No 5
>4JPN_D Minor spike protein H; helical barrel, tail tube, pilot; 2.101A {Enterobacteria phage phiX174}
Probab=6.77  E-value=4.8e+02  Score=11.48  Aligned_cols=4  Identities=100%  Similarity=1.116  Sum_probs=0.0  Template_Neff=1.400

Q ASRQNQ            2 SRQN    5 (6)
Q Consensus         2 srqn    5 (6)
                      ||||
T Consensus        42 srqn   45 (79)
T 4JPN_D           42 SRQN   45 (79)
T ss_dssp             HHHH
T ss_pred             hccc


No 6
>2H5N_D Hypothetical protein PG_1108; hypothetical protein, SAD, MCSG, PSI; 2.01A {Porphyromonas gingivalis}
Probab=6.71  E-value=4.9e+02  Score=9.41  Aligned_cols=5  Identities=40%  Similarity=0.474  Sum_probs=0.0  Template_Neff=9.600

Q ASRQNQ            2 SRQNQ    6 (6)
Q Consensus         2 srqnq    6 (6)
                      |+|++
T Consensus         4 ~~~~~    8 (133)
T 2H5N_D            4 GRQSL    8 (133)
T ss_dssp             -----
T ss_pred             Ccccc


No 7
>1T8Z_C Major outer membrane lipoprotein; LIPOPROTEIN, PROTEIN FOLDING, PENTAMER, TRYPTOPHAN-ZIPPER; HET: SO4, 12P; 1.45A {Escherichia coli} SCOP: h.1.16.1
Probab=6.68  E-value=4.9e+02  Score=10.09  Aligned_cols=6  Identities=50%  Similarity=0.335  Sum_probs=0.0  Template_Neff=4.200

Q ASRQNQ            1 ASRQNQ    6 (6)
Q Consensus         1 asrqnq    6 (6)
                      |.|.||
T Consensus        41 A~RAN~   46 (53)
T 1T8Z_C           41 WARWNQ   46 (53)
T ss_dssp             HHHHHH
T ss_pred             HHHHHH


No 8
>1JCD_B LIPOPROTEIN, PROTEIN FOLDING, COILED COIL; 1.3A {Escherichia coli} SCOP: h.1.16.1
Probab=6.36  E-value=5.2e+02  Score=10.02  Aligned_cols=6  Identities=67%  Similarity=0.806  Sum_probs=0.0  Template_Neff=4.100

Q ASRQNQ            1 ASRQNQ    6 (6)
Q Consensus         1 asrqnq    6 (6)
                      |.|.|+
T Consensus        41 A~RAN~   46 (52)
T 1JCD_B           41 AARANQ   46 (52)
T ss_dssp             HHHHHH
T ss_pred             HHHHHH


No 9
>4YL8_B Moesin, Crumbs; protein complex, FERM domain, PROTEIN; HET: IOD; 1.5A {Mus musculus}
Probab=6.12  E-value=5.5e+02  Score=8.78  Aligned_cols=5  Identities=40%  Similarity=0.235  Sum_probs=0.0  Template_Neff=6.300

Q ASRQNQ            2 SRQNQ    6 (6)
Q Consensus         2 srqnq    6 (6)
                      |+|++
T Consensus        19 S~qE~   23 (43)
T 4YL8_B           19 SAQEY   23 (43)
T ss_dssp             TTCCC
T ss_pred             Chhhc


No 10
>6XNE_A GCN4-p1 Peptide; Coil-coil, p-methylphenylalanine modified phenylalanine, TRANSCRIPTION; HET: 4PH; 1.96A {N/A}
Probab=6.10  E-value=5.5e+02  Score=9.12  Aligned_cols=4  Identities=50%  Similarity=0.601  Sum_probs=0.0  Template_Neff=3.700

Q ASRQNQ            3 RQNQ    6 (6)
Q Consensus         3 rqnq    6 (6)
                      |++|
T Consensus         1 Rm~q    4 (30)
T 6XNE_A            1 RMKQ    4 (30)
T ss_dssp             CHHH
T ss_pred             ChHH


