Query         ETVIVI
Match_columns 6
No_of_seqs    1 out of 1
Neff          1
Searched_HMMs 90378
Date          Sun Dec 19 20:03:08 2021
Command       /media/stefano/DISCO1/FOLDEN/hh-suite/build/bin/hhsearch -i /media/stefano/DISCO1/FOLDEN/trRosetta2/example/ETVIVI/protein.hhm -d /media/stefano/DISCO1/FOLDEN/trRosettaX/pdb70/pdb70 -o /media/stefano/DISCO1/FOLDEN/trRosetta2/example/ETVIVI/protein.out -cpu 32 

 No Hit                             Prob E-value P-value  Score    SS Cols Query HMM  Template HMM
  1 6VK9_C Protein transport, Pili   8.5 3.6E+02   0.004    7.4   0.0    6    1-6       5-10  (61)
  2 6VK9_O Protein transport, Pili   8.5 3.6E+02   0.004    7.4   0.0    6    1-6       5-10  (61)
  3 3B5Q_B Putative sulfatase yidJ   8.2 3.7E+02  0.0041   11.6   0.0    6    1-6     276-281 (482)
  4 6L06_E Phosphatidylserine deca   8.1 3.8E+02  0.0042    8.0   0.0    5    2-6       2-6   (36)
  5 1AUK_A ARYLSULFATASE A; CEREBR   8.1 3.8E+02  0.0042   11.6   0.0    6    1-6     255-260 (489)
  6 1N2L_A ARYLSULFATASE A(E.C.3.1   8.1 3.8E+02  0.0042   11.6   0.0    6    1-6     255-260 (489)
  7 4UOP_B LIPOTEICHOIC ACID PRIMA   8.0 3.9E+02  0.0043   11.5   0.0    6    1-6     276-281 (442)
  8 5G2V_A N-ACETYLGLUCOSAMINE-6-S   7.4 4.3E+02  0.0047   11.8   0.0    6    1-6     341-346 (534)
  9 2AZE_B Transcription factor Dp   7.3 4.4E+02  0.0049   10.2   0.0    6    1-6      65-70  (106)
 10 6B0J_C Iota-carrageenan sulfat   7.0 4.7E+02  0.0051   11.1   0.0    6    1-6     256-261 (452)

No 1
>6VK9_C Protein transport, Pili, PROTEIN FIBRIL; 3.8A {Geobacter sulfurreducens}
Probab=8.50  E-value=3.6e+02  Score=7.45  Aligned_cols=6  Identities=50%  Similarity=0.811  Sum_probs=0.0  Template_Neff=11.500

Q ETVIVI            1 ETVIVI    6 (6)
Q Consensus         1 etvivi    6 (6)
                      |.++++
T Consensus         5 E~lv~l   10 (61)
T 6VK9_C            5 ELLIVV   10 (61)
T ss_dssp             HHHHHH
T ss_pred             HHHHHH


No 2
>6VK9_O Protein transport, Pili, PROTEIN FIBRIL; 3.8A {Geobacter sulfurreducens}
Probab=8.50  E-value=3.6e+02  Score=7.45  Aligned_cols=6  Identities=50%  Similarity=0.811  Sum_probs=0.0  Template_Neff=11.500

Q ETVIVI            1 ETVIVI    6 (6)
Q Consensus         1 etvivi    6 (6)
                      |.++++
T Consensus         5 E~lv~l   10 (61)
T 6VK9_O            5 ELLIVV   10 (61)
T ss_dssp             HHHHHH
T ss_pred             HHHHHH


No 3
>3B5Q_B Putative sulfatase yidJ; NP_810509.1, Putative Sulfatase, Structural Genomics; HET: EPE, EDO, PEG; 2.4A {Bacteroides thetaiotaomicron VPI-5482}
Probab=8.24  E-value=3.7e+02  Score=11.56  Aligned_cols=6  Identities=50%  Similarity=0.944  Sum_probs=0.0  Template_Neff=10.400

Q ETVIVI            1 ETVIVI    6 (6)
Q Consensus         1 etvivi    6 (6)
                      +|+||+
T Consensus       276 nTlII~  281 (482)
T 3B5Q_B          276 NTIVVI  281 (482)
T ss_dssp             GEEEEE
T ss_pred             CEEEEE


No 4
>6L06_E Phosphatidylserine decarboxylase beta chain (E.C.4.1.1.65); Phosphatidylserine, Phosphatidylethanolamine, Membrane, LYASE; HET: PYR; 2.6A {Escherichia coli BL21(DE3)}
Probab=8.08  E-value=3.8e+02  Score=8.02  Aligned_cols=5  Identities=60%  Similarity=0.700  Sum_probs=0.0  Template_Neff=8.200

Q ETVIVI            2 TVIVI    6 (6)
Q Consensus         2 tvivi    6 (6)
                      ++|++
T Consensus         2 StIvl    6 (36)
T 6L06_E            2 TVINL    6 (36)
T ss_pred             CEEEE


No 5
>1AUK_A ARYLSULFATASE A; CEREBROSIDE-3-SULFATE HYDROLYSIS, LYSOSOMAL ENZYME, HYDROLASE; HET: NAG, NDG; 2.1A {Homo sapiens} SCOP: c.76.1.2
Probab=8.06  E-value=3.8e+02  Score=11.65  Aligned_cols=6  Identities=33%  Similarity=0.838  Sum_probs=0.0  Template_Neff=10.200

Q ETVIVI            1 ETVIVI    6 (6)
Q Consensus         1 etvivi    6 (6)
                      +|+||+
T Consensus       255 nTlII~  260 (489)
T 1AUK_A          255 ETLVIF  260 (489)
T ss_dssp             GEEEEE
T ss_pred             CEEEEE


No 6
>1N2L_A ARYLSULFATASE A(E.C.3.1.6.8); HYDROLASE, PHOSPHATE ESTER HYDROLYSIS, LYSOSOMAL; HET: NDG, NAG; 3.2A {Homo sapiens} SCOP: c.76.1.2
Probab=8.06  E-value=3.8e+02  Score=11.65  Aligned_cols=6  Identities=33%  Similarity=0.838  Sum_probs=0.0  Template_Neff=10.200

Q ETVIVI            1 ETVIVI    6 (6)
Q Consensus         1 etvivi    6 (6)
                      +|+||+
T Consensus       255 nTlII~  260 (489)
T 1N2L_A          255 ETLVIF  260 (489)
T ss_dssp             GEEEEE
T ss_pred             CEEEEE


No 7
>4UOP_B LIPOTEICHOIC ACID PRIMASE (E.C.2.7.8.-); TRANSFERASE, GRAM POSITIVE, CELL WALL; HET: 1PE; 1.75A {LISTERIA MONOCYTOGENES}
Probab=7.98  E-value=3.9e+02  Score=11.45  Aligned_cols=6  Identities=33%  Similarity=0.839  Sum_probs=0.0  Template_Neff=10.200

Q ETVIVI            1 ETVIVI    6 (6)
Q Consensus         1 etvivi    6 (6)
                      +|+|||
T Consensus       276 ~TliIi  281 (442)
T 4UOP_B          276 DSVVVF  281 (442)
T ss_dssp             GEEEEE
T ss_pred             CEEEEE


No 8
>5G2V_A N-ACETYLGLUCOSAMINE-6-SULFATASE (E.C.3.1.6.14); HYDROLASE, GLYCOSAMINOGLYCAN SULFATASE; HET: SGN; 1.39A {BACTEROIDES THETAIOTAOMICRON}
Probab=7.41  E-value=4.3e+02  Score=11.76  Aligned_cols=6  Identities=50%  Similarity=0.733  Sum_probs=0.0  Template_Neff=10.000

Q ETVIVI            1 ETVIVI    6 (6)
Q Consensus         1 etvivi    6 (6)
                      +|+|||
T Consensus       341 nTiII~  346 (534)
T 5G2V_A          341 NTIIVY  346 (534)
T ss_dssp             TEEEEE
T ss_pred             CEEEEE


No 9
>2AZE_B Transcription factor Dp-1, Transcription factor; beta sandwich, CELL CYCLE, TRANSCRIPTION; 2.55A {Homo sapiens} SCOP: e.63.1.2
Probab=7.27  E-value=4.4e+02  Score=10.23  Aligned_cols=6  Identities=50%  Similarity=0.800  Sum_probs=0.0  Template_Neff=7.200

Q ETVIVI            1 ETVIVI    6 (6)
Q Consensus         1 etvivi    6 (6)
                      .|+|+|
T Consensus        65 ~tliaI   70 (106)
T 2AZE_B           65 QMVMVI   70 (106)
T ss_dssp             EEEEEE
T ss_pred             CEEEEE


No 10
>6B0J_C Iota-carrageenan sulfatase; S1 sulfatase, HYDROLASE; HET: G4S, DGS, ARG, 9RN, TRS; 2.5A {Pseudoalteromonas}
Probab=6.97  E-value=4.7e+02  Score=11.13  Aligned_cols=6  Identities=50%  Similarity=0.755  Sum_probs=0.0  Template_Neff=10.500

Q ETVIVI            1 ETVIVI    6 (6)
Q Consensus         1 etvivi    6 (6)
                      +|+|||
T Consensus       256 ~Tlii~  261 (452)
T 6B0J_C          256 NTLIVF  261 (452)
T ss_dssp             GEEEEE
T ss_pred             CEEEEE


