Query         FGGGNG
Match_columns 6
No_of_seqs    1 out of 1
Neff          1
Searched_HMMs 90378
Date          Sun Dec 19 20:50:02 2021
Command       /media/stefano/DISCO1/FOLDEN/hh-suite/build/bin/hhsearch -i /media/stefano/DISCO1/FOLDEN/trRosetta2/example/FGGGNG/protein.hhm -d /media/stefano/DISCO1/FOLDEN/trRosettaX/pdb70/pdb70 -o /media/stefano/DISCO1/FOLDEN/trRosetta2/example/FGGGNG/protein.out -cpu 32 

 No Hit                             Prob E-value P-value  Score    SS Cols Query HMM  Template HMM
  1 1ZC1_A Ubiquitin fusion degrad  89.0    0.21 2.3E-06   20.1   0.0    6    1-6       8-13  (208)
  2 3I36_A Vascular protein tyrosi  78.9     1.5 1.6E-05   18.0   0.0    6    1-6     334-339 (342)
  3 5WYR_B tRNA (guanine-N(1)-)-me  40.7      26 0.00029   16.7   0.0    6    1-6      56-61  (248)
  4 5WYQ_A tRNA (guanine-N(1)-)-me  40.3      27 0.00029   16.7   0.0    6    1-6      56-61  (248)
  5 5WYR_A tRNA (guanine-N(1)-)-me  40.3      27 0.00029   16.7   0.0    6    1-6      56-61  (248)
  6 4MCB_B tRNA (guanine-N(1)-)-me  39.7      27  0.0003   16.6   0.0    6    1-6      54-59  (246)
  7 4MCD_A tRNA (guanine-N(1)-)-me  39.7      27  0.0003   16.6   0.0    6    1-6      54-59  (246)
  8 6UEV_A tRNA (guanine-N(1)-)-me  39.6      28  0.0003   16.3   0.0    6    1-6      55-60  (219)
  9 3IEF_A tRNA (guanine-N(1)-)-me  39.2      28 0.00031   16.5   0.0    6    1-6      57-62  (233)
 10 2P0Y_A Hypothetical protein lp  39.1      28 0.00031   16.3   0.0    6    1-6      16-21  (341)
 11 7MYS_B tRNA (guanine-N(1)-)-me  38.3      30 0.00033   16.6   0.0    6    1-6      62-67  (254)
 12 4YQ9_A Trmd, tRNA (M1G37) meth  38.0      30 0.00034   16.6   0.0    6    1-6      62-67  (254)
 13 1OY5_C tRNA (Guanine-N(1)-)-me  36.8      33 0.00036   16.6   0.0    6    1-6      57-62  (257)
 14 3KNU_A tRNA (guanine-N(1)-)-me  36.8      33 0.00036   16.6   0.0    6    1-6      75-80  (253)
 15 7B7Z_A Endoplasmic reticulum c  36.3      34 0.00037   13.2   0.0    6    1-6     263-268 (343)
 16 2Q7X_A UPF0052 protein SP_1565  36.3      34 0.00037   15.8   0.0    6    1-6      10-15  (326)
 17 4X2C_B CdFic_0569 (E.C.2.7.7.-  35.7      35 0.00039   13.7   0.0    6    1-6     165-170 (235)
 18 2O2Z_A hypothetical protein; S  35.5      35 0.00039   15.8   0.0    6    1-6      10-15  (323)
 19 4YQC_A Trmd, tRNA (M1G37) meth  35.4      36 0.00039   16.4   0.0    6    1-6      62-67  (254)
 20 4H3Z_A tRNA (guanine-N(1)-)-me  35.4      36 0.00039   16.6   0.0    6    1-6      75-80  (276)
 21 4H3Z_B tRNA (guanine-N(1)-)-me  35.4      36 0.00039   16.6   0.0    6    1-6      75-80  (276)
 22 4IG6_A tRNA (guanine-N(1)-)-me  34.7      37 0.00041   16.4   0.0    6    1-6      75-80  (253)
 23 4YQD_A Trmd, tRNA (M1G37) meth  34.5      38 0.00042   16.4   0.0    6    1-6      74-79  (266)
 24 6QOK_B tRNA (guanine-N(1)-)-me  32.9      42 0.00046   16.1   0.0    6    1-6      55-60  (244)
 25 6QR2_B tRNA (guanine-N(1)-)-me  32.9      42 0.00046   16.1   0.0    6    1-6      55-60  (244)
 26 7KFF_A Phenylalanine--tRNA lig  32.5      42 0.00047   16.6   0.0    6    1-6      69-74  (308)
 27 3KY7_A tRNA (guanine-N(1)-)-me  32.4      43 0.00047   16.4   0.0    6    1-6      78-83  (269)
 28 2PPV_A Uncharacterized protein  30.8      47 0.00052   15.5   0.0    6    1-6      10-15  (332)
 29 2Q7X_B UPF0052 protein SP_1565  30.3      49 0.00054   15.3   0.0    6    1-6      10-15  (326)
 30 3C3D_C 2-phospho-L-lactate tra  29.3      52 0.00058   15.0   0.0    6    1-6       4-9   (311)
 31 3QUV_B tRNA (guanine-N(1)-)-me  28.6      55  0.0006   15.8   0.0    6    1-6      57-62  (246)
 32 6UW5_A Phosphoenolpyruvate tra  26.6      63 0.00069   14.8   0.0    6    1-6       6-11  (327)
 33 6UW7_B Phosphoenolpyruvate tra  26.6      63 0.00069   14.8   0.0    6    1-6       6-11  (327)
 34 4X2D_A CdFic_0569 (E.C.2.7.7.-  24.2      74 0.00082   12.8   0.0    6    1-6     165-170 (235)
 35 1ZKD_A DUF185; NESG, RpR58, St  23.8      76 0.00085   14.6   0.0    6    1-6      87-92  (387)
 36 6UW3_A Phosphoenolpyruvate tra  23.4      79 0.00087   14.7   0.0    6    1-6       6-11  (327)
 37 5CKL_A Adenosine monophosphate  23.3      79 0.00088   12.6   0.0    6    1-6     106-111 (188)
 38 4N67_A Putative cell filamenta  21.6      90   0.001   12.6   0.0    6    1-6     155-160 (227)
 39 4LU4_A Structural Genomics, NI  20.7      97  0.0011   12.6   0.0    6    1-6     155-160 (227)
 40 3SHG_A Putative uncharacterize  20.5      98  0.0011   12.2   0.0    6    1-6     138-143 (205)

No 1
>1ZC1_A Ubiquitin fusion degradation protein 1; Ufd1, double-psi-beta-barrel, PROTEIN TURNOVER; NMR {Saccharomyces cerevisiae}
Probab=89.03  E-value=0.21  Score=20.06  Aligned_cols=6  Identities=100%  Similarity=2.062  Sum_probs=4.9  Template_Neff=8.400

Q FGGGNG            1 FGGGNG    6 (6)
Q Consensus         1 fgggng    6 (6)
                      ||||||
T Consensus         8 ~~~~~~   13 (208)
T 1ZC1_A            8 FGGGNG   13 (208)
T ss_dssp             CCCSTT
T ss_pred             ccCCCC
Confidence            788886


No 2
>3I36_A Vascular protein tyrosine phosphatase 1; PTP, Tyrosine Phosphatase, Hydrolase; 1.841A {Rattus norvegicus}
Probab=78.87  E-value=1.5  Score=17.96  Aligned_cols=6  Identities=67%  Similarity=1.298  Sum_probs=0.0  Template_Neff=9.700

Q FGGGNG            1 FGGGNG    6 (6)
Q Consensus         1 fgggng    6 (6)
                      ||+|+|
T Consensus       334 ~~~~~~  339 (342)
T 3I36_A          334 FGKANG  339 (342)
T ss_dssp             ------
T ss_pred             cccccc
Confidence            788887


No 3
>5WYR_B tRNA (guanine-N(1)-)-methyltransferase (E.C.2.1.1.228); tRNA (guanine-N(1)-)-methyltransferase, TrmD, Pseudomonas aerugiona; HET: SFG; 2.45A {Pseudomonas aeruginosa (strain UCBPP-PA14)}
Probab=40.70  E-value=26  Score=16.72  Aligned_cols=6  Identities=83%  Similarity=1.802  Sum_probs=4.0  Template_Neff=4.400

Q FGGGNG            1 FGGGNG    6 (6)
Q Consensus         1 fgggng    6 (6)
                      ||||.|
T Consensus        56 yGGG~G   61 (248)
T 5WYR_B           56 FGGGPG   61 (248)
T ss_dssp             TTCCSS
T ss_pred             CCCCCC
Confidence            577765


No 4
>5WYQ_A tRNA (guanine-N(1)-)-methyltransferase (E.C.2.1.1.228); Pseudomonas aeruginosa PA14, tRNA (m1G37); HET: SAM; 2.16A {Pseudomonas aeruginosa (strain UCBPP-PA14)}
Probab=40.26  E-value=27  Score=16.68  Aligned_cols=6  Identities=83%  Similarity=1.802  Sum_probs=4.0  Template_Neff=4.400

Q FGGGNG            1 FGGGNG    6 (6)
Q Consensus         1 fgggng    6 (6)
                      ||||.|
T Consensus        56 yGGG~G   61 (248)
T 5WYQ_A           56 FGGGPG   61 (248)
T ss_dssp             TTCCSS
T ss_pred             CCCCcc
Confidence            577765


No 5
>5WYR_A tRNA (guanine-N(1)-)-methyltransferase (E.C.2.1.1.228); tRNA (guanine-N(1)-)-methyltransferase, TrmD, Pseudomonas aerugiona; HET: SFG; 2.45A {Pseudomonas aeruginosa (strain UCBPP-PA14)}
Probab=40.26  E-value=27  Score=16.68  Aligned_cols=6  Identities=83%  Similarity=1.802  Sum_probs=4.0  Template_Neff=4.400

Q FGGGNG            1 FGGGNG    6 (6)
Q Consensus         1 fgggng    6 (6)
                      ||||.|
T Consensus        56 yGGG~G   61 (248)
T 5WYR_A           56 FGGGPG   61 (248)
T ss_dssp             TTCCSS
T ss_pred             CCCCcc
Confidence            577765


No 6
>4MCB_B tRNA (guanine-N(1)-)-methyltransferase (E.C.2.1.1.228); trefoil, TrmD, SAM, SAH, Sinefungin; HET: 21W, SO4; 1.94A {Haemophilus influenzae}
Probab=39.69  E-value=27  Score=16.62  Aligned_cols=6  Identities=67%  Similarity=1.697  Sum_probs=4.0  Template_Neff=4.400

Q FGGGNG            1 FGGGNG    6 (6)
Q Consensus         1 fgggng    6 (6)
                      ||||.|
T Consensus        54 yGGG~G   59 (246)
T 4MCB_B           54 YGGGPG   59 (246)
T ss_dssp             TTCCSC
T ss_pred             cCCccc
Confidence            577765


No 7
>4MCD_A tRNA (guanine-N(1)-)-methyltransferase (E.C.2.1.1.228); trefoil, TrmD, SAM, SAH, Sinefungin; HET: 22L; 1.55A {Haemophilus influenzae Rd KW20}
Probab=39.69  E-value=27  Score=16.62  Aligned_cols=6  Identities=67%  Similarity=1.697  Sum_probs=4.0  Template_Neff=4.400

Q FGGGNG            1 FGGGNG    6 (6)
Q Consensus         1 fgggng    6 (6)
                      ||||.|
T Consensus        54 yGGG~G   59 (246)
T 4MCD_A           54 YGGGPG   59 (246)
T ss_dssp             TTCCSC
T ss_pred             cCCccc
Confidence            577765


No 8
>6UEV_A tRNA (guanine-N(1)-)-methyltransferase; methyltransferase, tRNA, halo, TRANSFERASE; HET: GOL; 2.7A {Anaplasma phagocytophilum}
Probab=39.64  E-value=28  Score=16.33  Aligned_cols=6  Identities=67%  Similarity=1.697  Sum_probs=3.9  Template_Neff=4.500

Q FGGGNG            1 FGGGNG    6 (6)
Q Consensus         1 fgggng    6 (6)
                      ||||.|
T Consensus        55 yGGG~G   60 (219)
T 6UEV_A           55 YGGGPG   60 (219)
T ss_dssp             TTCCSS
T ss_pred             CCCCCc
Confidence            577765


No 9
>3IEF_A tRNA (guanine-N(1)-)-methyltransferase (E.C.2.1.1.31); NIAID, SSGCID, Seattle Structural Genomics; 2.5A {Bartonella henselae}
Probab=39.17  E-value=28  Score=16.51  Aligned_cols=6  Identities=67%  Similarity=1.320  Sum_probs=4.0  Template_Neff=4.300

Q FGGGNG            1 FGGGNG    6 (6)
Q Consensus         1 fgggng    6 (6)
                      ||||.|
T Consensus        57 yGGG~G   62 (233)
T 3IEF_A           57 AGGGAG   62 (233)
T ss_dssp             TTCCSS
T ss_pred             CCCCCc
Confidence            577765


No 10
>2P0Y_A Hypothetical protein lp_0780; LpR6, Structural Genomics, PSI-2, Protein; 3.0A {Lactobacillus plantarum}
Probab=39.13  E-value=28  Score=16.26  Aligned_cols=6  Identities=67%  Similarity=1.547  Sum_probs=3.8  Template_Neff=6.400

Q FGGGNG            1 FGGGNG    6 (6)
Q Consensus         1 fgggng    6 (6)
                      ||||.|
T Consensus        16 igGGtG   21 (341)
T 2P0Y_A           16 IGGGTG   21 (341)
T ss_dssp             ECCGGG
T ss_pred             EeCchH
Confidence            567765


No 11
>7MYS_B tRNA (guanine-N(1)-)-methyltransferase (E.C.2.1.1.228); NIH, structural genomics, SAH, SAM; HET: SAH; 2.4A {Acinetobacter baumannii}
Probab=38.34  E-value=30  Score=16.62  Aligned_cols=6  Identities=83%  Similarity=1.802  Sum_probs=3.9  Template_Neff=4.300

Q FGGGNG            1 FGGGNG    6 (6)
Q Consensus         1 fgggng    6 (6)
                      ||||.|
T Consensus        62 YGGG~G   67 (254)
T 7MYS_B           62 FGGGPG   67 (254)
T ss_dssp             TTCCSS
T ss_pred             CCCccc
Confidence            577765


No 12
>4YQ9_A Trmd, tRNA (M1G37) methlytransferase; TrmD, Haemophilus influenzae, Dimerization, Models; HET: 4GO; 1.64A {Haemophilus influenzae (strain ATCC 51907 / DSM 11121 / KW20 / Rd)}
Probab=38.01  E-value=30  Score=16.55  Aligned_cols=6  Identities=67%  Similarity=1.697  Sum_probs=4.0  Template_Neff=4.400

Q FGGGNG            1 FGGGNG    6 (6)
Q Consensus         1 fgggng    6 (6)
                      ||||.|
T Consensus        62 yGGG~G   67 (254)
T 4YQ9_A           62 YGGGPG   67 (254)
T ss_dssp             TTCCSC
T ss_pred             CCCccc
Confidence            577765


No 13
>1OY5_C tRNA (Guanine-N(1)-)-methyltransferase; structural genomics, trmD, tRNA (m1G37); 2.6A {Aquifex aeolicus} SCOP: c.116.1.4
Probab=36.84  E-value=33  Score=16.61  Aligned_cols=6  Identities=50%  Similarity=1.088  Sum_probs=4.0  Template_Neff=4.100

Q FGGGNG            1 FGGGNG    6 (6)
Q Consensus         1 fgggng    6 (6)
                      ||||.|
T Consensus        57 YGGG~G   62 (257)
T 1OY5_C           57 YGGLPG   62 (257)
T ss_dssp             SSCCSS
T ss_pred             CCCCcc
Confidence            577765


No 14
>3KNU_A tRNA (guanine-N(1)-)-methyltransferase (E.C.2.1.1.31); NIAID, SSGCID, Seattle Structural Genomics; 2.25A {Anaplasma phagocytophilum}
Probab=36.83  E-value=33  Score=16.58  Aligned_cols=6  Identities=67%  Similarity=1.697  Sum_probs=4.0  Template_Neff=4.100

Q FGGGNG            1 FGGGNG    6 (6)
Q Consensus         1 fgggng    6 (6)
                      ||||.|
T Consensus        75 YGGG~G   80 (253)
T 3KNU_A           75 YGGGPG   80 (253)
T ss_dssp             TTCCSS
T ss_pred             CCCchh
Confidence            577765


No 15
>7B7Z_A Endoplasmic reticulum chaperone BiP (E.C.3.6.4.10); FICD, Fic, HYPE, BiP, Grp78; HET: AMP, MES; 1.7A {Cricetulus griseus}
Probab=36.31  E-value=34  Score=13.20  Aligned_cols=6  Identities=67%  Similarity=1.088  Sum_probs=3.1  Template_Neff=11.400

Q FGGGNG            1 FGGGNG    6 (6)
Q Consensus         1 fgggng    6 (6)
                      |..|||
T Consensus       263 F~dgNg  268 (343)
T 7B7Z_A          263 FIDGNG  268 (343)
T ss_pred             CCCChH
Confidence            445554


No 16
>2Q7X_A UPF0052 protein SP_1565; Structural genomics, Joint Center for; HET: PEG; 2.0A {Streptococcus pneumoniae}
Probab=36.25  E-value=34  Score=15.83  Aligned_cols=6  Identities=67%  Similarity=1.547  Sum_probs=3.6  Template_Neff=6.600

Q FGGGNG            1 FGGGNG    6 (6)
Q Consensus         1 fgggng    6 (6)
                      ||||.|
T Consensus        10 igGGtG   15 (326)
T 2Q7X_A           10 IGGGTG   15 (326)
T ss_dssp             ECCCTT
T ss_pred             EeCcch
Confidence            466654


No 17
>4X2C_B CdFic_0569 (E.C.2.7.7.-); Fic protein, a-helical, SE/AA mutant; HET: EPE, GOL; 1.8A {Peptoclostridium difficile}
Probab=35.71  E-value=35  Score=13.70  Aligned_cols=6  Identities=67%  Similarity=1.282  Sum_probs=3.4  Template_Neff=9.200

Q FGGGNG            1 FGGGNG    6 (6)
Q Consensus         1 fgggng    6 (6)
                      |..|||
T Consensus       165 F~dGNg  170 (235)
T 4X2C_B          165 FQDGNG  170 (235)
T ss_dssp             SSSCHH
T ss_pred             CCCChH
Confidence            455665


No 18
>2O2Z_A hypothetical protein; Structural genomics, Joint Center for; HET: NAD, MSE, SO4; 2.6A {Bacillus halodurans}
Probab=35.48  E-value=35  Score=15.75  Aligned_cols=6  Identities=83%  Similarity=1.880  Sum_probs=3.6  Template_Neff=6.600

Q FGGGNG            1 FGGGNG    6 (6)
Q Consensus         1 fgggng    6 (6)
                      ||||.|
T Consensus        10 igGGtG   15 (323)
T 2O2Z_A           10 FGGGTG   15 (323)
T ss_dssp             EECSHH
T ss_pred             EeCchH
Confidence            566654


No 19
>4YQC_A Trmd, tRNA (M1G37) methlytransferase; TrmD, SAM-binding, knot, transferase-transferase inhibitor; HET: EFW; 1.89A {Haemophilus influenzae (strain ATCC 51907 / DSM 11121 / KW20 / Rd)}
Probab=35.39  E-value=36  Score=16.38  Aligned_cols=6  Identities=67%  Similarity=1.697  Sum_probs=3.9  Template_Neff=4.300

Q FGGGNG            1 FGGGNG    6 (6)
Q Consensus         1 fgggng    6 (6)
                      ||||.|
T Consensus        62 yGGG~G   67 (254)
T 4YQC_A           62 YGGGPG   67 (254)
T ss_dssp             TTCCSS
T ss_pred             CCCccc
Confidence            577765


No 20
>4H3Z_A tRNA (guanine-N(1)-)-methyltransferase (E.C.2.1.1.228); Structural Genomics, NIAID, National Institute; HET: SAH; 2.15A {Burkholderia phymatum}
Probab=35.39  E-value=36  Score=16.59  Aligned_cols=6  Identities=67%  Similarity=1.697  Sum_probs=3.9  Template_Neff=4.200

Q FGGGNG            1 FGGGNG    6 (6)
Q Consensus         1 fgggng    6 (6)
                      ||||.|
T Consensus        75 YGGG~G   80 (276)
T 4H3Z_A           75 YGGGPG   80 (276)
T ss_dssp             TTCCSS
T ss_pred             CCCCcc
Confidence            577765


No 21
>4H3Z_B tRNA (guanine-N(1)-)-methyltransferase (E.C.2.1.1.228); Structural Genomics, NIAID, National Institute; HET: SAH; 2.15A {Burkholderia phymatum}
Probab=35.36  E-value=36  Score=16.59  Aligned_cols=6  Identities=67%  Similarity=1.697  Sum_probs=3.9  Template_Neff=4.200

Q FGGGNG            1 FGGGNG    6 (6)
Q Consensus         1 fgggng    6 (6)
                      ||||.|
T Consensus        75 YGGG~G   80 (276)
T 4H3Z_B           75 YGGGPG   80 (276)
T ss_dssp             TTCCSC
T ss_pred             CCCCcc
Confidence            577765


No 22
>4IG6_A tRNA (guanine-N(1)-)-methyltransferase (E.C.2.1.1.228); Structural Genomics, NIAID, National Institute; HET: SAH; 2.4A {Anaplasma phagocytophilum}
Probab=34.71  E-value=37  Score=16.40  Aligned_cols=6  Identities=67%  Similarity=1.697  Sum_probs=3.9  Template_Neff=4.100

Q FGGGNG            1 FGGGNG    6 (6)
Q Consensus         1 fgggng    6 (6)
                      ||||.|
T Consensus        75 YGGG~G   80 (253)
T 4IG6_A           75 YGGGPG   80 (253)
T ss_dssp             TTCCSS
T ss_pred             CCCCCc
Confidence            577765


No 23
>4YQD_A Trmd, tRNA (M1G37) methlytransferase; TrmD, SAM-binding, knot, transferase-transferase inhibitor; HET: 4GZ; 1.45A {Haemophilus influenzae (strain ATCC 51907 / DSM 11121 / KW20 / Rd)}
Probab=34.45  E-value=38  Score=16.44  Aligned_cols=6  Identities=67%  Similarity=1.697  Sum_probs=3.9  Template_Neff=4.200

Q FGGGNG            1 FGGGNG    6 (6)
Q Consensus         1 fgggng    6 (6)
                      ||||.|
T Consensus        74 YGGG~G   79 (266)
T 4YQD_A           74 YGGGPG   79 (266)
T ss_dssp             TTCCSS
T ss_pred             CCCCcc
Confidence            577765


No 24
>6QOK_B tRNA (guanine-N(1)-)-methyltransferase (E.C.2.1.1.228); TrmD, tRNA methyltransferase, SPOUT methyltransferase; HET: SO4, J9T; 1.48A {Mycobacterium abscessus}
Probab=32.87  E-value=42  Score=16.09  Aligned_cols=6  Identities=67%  Similarity=1.697  Sum_probs=3.8  Template_Neff=4.300

Q FGGGNG            1 FGGGNG    6 (6)
Q Consensus         1 fgggng    6 (6)
                      ||||.|
T Consensus        55 yGGG~G   60 (244)
T 6QOK_B           55 YGGGPG   60 (244)
T ss_dssp             TTCCSS
T ss_pred             CCCCCC
Confidence            577765


No 25
>6QR2_B tRNA (guanine-N(1)-)-methyltransferase (E.C.2.1.1.228); TrmD, tRNA methyltransferase, SPOUT methyltransferase; HET: SO4, JQB; 1.55A {Mycobacterium abscessus}
Probab=32.87  E-value=42  Score=16.09  Aligned_cols=6  Identities=67%  Similarity=1.697  Sum_probs=3.8  Template_Neff=4.300

Q FGGGNG            1 FGGGNG    6 (6)
Q Consensus         1 fgggng    6 (6)
                      ||||.|
T Consensus        55 yGGG~G   60 (244)
T 6QR2_B           55 YGGGPG   60 (244)
T ss_dssp             TTCCSS
T ss_pred             CCCCCC
Confidence            577765


No 26
>7KFF_A Phenylalanine--tRNA ligase alpha subunit, Phenylalanine--tRNA; CSGID, knot, Center for Structural; HET: SAH, MSE; 1.35A {Corynebacterium diphtheriae}
Probab=32.52  E-value=42  Score=16.57  Aligned_cols=6  Identities=83%  Similarity=1.802  Sum_probs=3.9  Template_Neff=4.200

Q FGGGNG            1 FGGGNG    6 (6)
Q Consensus         1 fgggng    6 (6)
                      ||||.|
T Consensus        69 yGGGaG   74 (308)
T 7KFF_A           69 FGGGPG   74 (308)
T ss_dssp             TTSCSS
T ss_pred             CCCCCC
Confidence            577765


No 27
>3KY7_A tRNA (guanine-N(1)-)-methyltransferase (E.C.2.1.1.31); Putative tRNA (Guanine-7-)-Methyltransferase, Structural Genomics; 2.35A {Staphylococcus aureus subsp. aureus}
Probab=32.36  E-value=43  Score=16.37  Aligned_cols=6  Identities=67%  Similarity=1.785  Sum_probs=3.9  Template_Neff=4.000

Q FGGGNG            1 FGGGNG    6 (6)
Q Consensus         1 fgggng    6 (6)
                      ||||.|
T Consensus        78 yGGG~G   83 (269)
T 3KY7_A           78 YGGGQG   83 (269)
T ss_dssp             TTCCSS
T ss_pred             CCCCCC
Confidence            577765


No 28
>2PPV_A Uncharacterized protein; PUTATIVE PHOSPHOTRANSFERASE, STRUCTURAL GENOMICS, JOINT; 2.0A {Staphylococcus epidermidis}
Probab=30.85  E-value=47  Score=15.48  Aligned_cols=6  Identities=67%  Similarity=1.547  Sum_probs=3.5  Template_Neff=6.500

Q FGGGNG            1 FGGGNG    6 (6)
Q Consensus         1 fgggng    6 (6)
                      +|||.|
T Consensus        10 igGGtG   15 (332)
T 2PPV_A           10 IGGGTG   15 (332)
T ss_dssp             EECHHH
T ss_pred             EeCchH
Confidence            466654


No 29
>2Q7X_B UPF0052 protein SP_1565; Structural genomics, Joint Center for; HET: MLY, PEG, MSE; 2.0A {Streptococcus pneumoniae}
Probab=30.28  E-value=49  Score=15.34  Aligned_cols=6  Identities=67%  Similarity=1.547  Sum_probs=3.4  Template_Neff=6.600

Q FGGGNG            1 FGGGNG    6 (6)
Q Consensus         1 fgggng    6 (6)
                      ||||.|
T Consensus        10 igGGtG   15 (326)
T 2Q7X_B           10 IGGGTG   15 (326)
T ss_dssp             ECCSSS
T ss_pred             EcCcch
Confidence            466654


No 30
>3C3D_C 2-phospho-L-lactate transferase (E.C.2.7.8.-); alpha-beta protein, Structural Genomics, PSI-2; HET: PO4, FO1, MSE; 2.5A {Methanosarcina mazei Go1}
Probab=29.31  E-value=52  Score=15.01  Aligned_cols=6  Identities=67%  Similarity=1.536  Sum_probs=3.5  Template_Neff=6.900

Q FGGGNG            1 FGGGNG    6 (6)
Q Consensus         1 fgggng    6 (6)
                      ||||.|
T Consensus         4 l~GGtG    9 (311)
T 3C3D_C            4 FSGGTG    9 (311)
T ss_dssp             EECTTH
T ss_pred             EeCccc
Confidence            566654


No 31
>3QUV_B tRNA (guanine-N(1)-)-methyltransferase (E.C.2.1.1.31); SSSGCID, Seattle Structural Genomics Center; HET: EDO; 1.7A {Mycobacterium abscessus}
Probab=28.63  E-value=55  Score=15.78  Aligned_cols=6  Identities=67%  Similarity=1.697  Sum_probs=3.8  Template_Neff=4.200

Q FGGGNG            1 FGGGNG    6 (6)
Q Consensus         1 fgggng    6 (6)
                      ||||.|
T Consensus        57 yGGG~G   62 (246)
T 3QUV_B           57 YGGGPG   62 (246)
T ss_dssp             TTCCSS
T ss_pred             CCCCCC
Confidence            567655


No 32
>6UW5_A Phosphoenolpyruvate transferase (E.C.2.7.8.28); Factor 420, Phosphotransferase, Metalloenzyme, BIOSYNTHETIC; HET: GDP, FO1; 2.2A {Mycolicibacterium smegmatis (strain ATCC 700084 / mc(2)155)}
Probab=26.59  E-value=63  Score=14.82  Aligned_cols=6  Identities=50%  Similarity=0.905  Sum_probs=3.4  Template_Neff=7.000

Q FGGGNG            1 FGGGNG    6 (6)
Q Consensus         1 fgggng    6 (6)
                      ||||.|
T Consensus         6 lgGGtG   11 (327)
T 6UW5_A            6 LVGGVG   11 (327)
T ss_dssp             EECSHH
T ss_pred             EeCchH
Confidence            466654


No 33
>6UW7_B Phosphoenolpyruvate transferase (E.C.2.7.8.28); Factor 420, Phosphotransferase, Metalloenzyme, BIOSYNTHETIC; HET: GOL, QMD; 2.342A {Mycolicibacterium smegmatis (strain ATCC 700084 / mc(2)155)}
Probab=26.59  E-value=63  Score=14.82  Aligned_cols=6  Identities=50%  Similarity=0.905  Sum_probs=3.4  Template_Neff=7.000

Q FGGGNG            1 FGGGNG    6 (6)
Q Consensus         1 fgggng    6 (6)
                      ||||.|
T Consensus         6 lgGGtG   11 (327)
T 6UW7_B            6 LVGGVG   11 (327)
T ss_dssp             EECHHH
T ss_pred             EeCchH
Confidence            466654


No 34
>4X2D_A CdFic_0569 (E.C.2.7.7.-); Fic protein, a-helical, SE/AA mutant; HET: ATP; 2.5A {Peptoclostridium difficile}
Probab=24.19  E-value=74  Score=12.80  Aligned_cols=6  Identities=67%  Similarity=1.282  Sum_probs=3.0  Template_Neff=9.200

Q FGGGNG            1 FGGGNG    6 (6)
Q Consensus         1 fgggng    6 (6)
                      |..|||
T Consensus       165 F~dGNg  170 (235)
T 4X2D_A          165 FQDGNG  170 (235)
T ss_pred             CCCCcH
Confidence            444554


No 35
>1ZKD_A DUF185; NESG, RpR58, Structural Genomics, PSI; 2.1A {Rhodopseudomonas palustris} SCOP: c.66.1.52
Probab=23.78  E-value=76  Score=14.57  Aligned_cols=6  Identities=50%  Similarity=1.082  Sum_probs=3.3  Template_Neff=7.600

Q FGGGNG            1 FGGGNG    6 (6)
Q Consensus         1 fgggng    6 (6)
                      +|+|+|
T Consensus        87 lG~G~G   92 (387)
T 1ZKD_A           87 IGPGRG   92 (387)
T ss_dssp             ECCTTS
T ss_pred             eCCCCC
Confidence            356655


No 36
>6UW3_A Phosphoenolpyruvate transferase (E.C.2.7.8.28); Factor 420, Phosphotransferase, Metalloenzyme, BIOSYNTHETIC; HET: GDP, GOL; 2.4A {Mycolicibacterium smegmatis (strain ATCC 700084 / mc(2)155)}
Probab=23.39  E-value=79  Score=14.72  Aligned_cols=6  Identities=50%  Similarity=0.905  Sum_probs=3.4  Template_Neff=6.600

Q FGGGNG            1 FGGGNG    6 (6)
Q Consensus         1 fgggng    6 (6)
                      ||||.|
T Consensus         6 l~GGtG   11 (327)
T 6UW3_A            6 LVGGVG   11 (327)
T ss_dssp             EECSHH
T ss_pred             EeCChH
Confidence            466654


No 37
>5CKL_A Adenosine monophosphate-protein transferase NmFic (E.C.2.7.7.-); Fic protein, AMP-transferase, dimer, transferase; 0.99A {Neisseria meningitidis serogroup B (strain MC58)}
Probab=23.30  E-value=79  Score=12.62  Aligned_cols=6  Identities=67%  Similarity=1.043  Sum_probs=2.9  Template_Neff=8.600

Q FGGGNG            1 FGGGNG    6 (6)
Q Consensus         1 fgggng    6 (6)
                      |.-|||
T Consensus       106 F~dGNg  111 (188)
T 5CKL_A          106 FLEGNG  111 (188)
T ss_dssp             SSSCHH
T ss_pred             CCCChH
Confidence            444554


No 38
>4N67_A Putative cell filamentation protein; Structural Genomics, NIAID, National Institute; HET: ADP; 1.55A {Bartonella quintana}
Probab=21.59  E-value=90  Score=12.61  Aligned_cols=6  Identities=67%  Similarity=1.215  Sum_probs=2.9  Template_Neff=9.000

Q FGGGNG            1 FGGGNG    6 (6)
Q Consensus         1 fgggng    6 (6)
                      |..|||
T Consensus       155 F~dGNg  160 (227)
T 4N67_A          155 FRKGNG  160 (227)
T ss_dssp             SSSCCC
T ss_pred             cccChH
Confidence            344554


No 39
>4LU4_A Structural Genomics, NIAID, National Institute; HET: IOD; 2.0A {Bartonella quintana}
Probab=20.66  E-value=97  Score=12.58  Aligned_cols=6  Identities=67%  Similarity=1.215  Sum_probs=2.9  Template_Neff=8.900

Q FGGGNG            1 FGGGNG    6 (6)
Q Consensus         1 fgggng    6 (6)
                      |..|||
T Consensus       155 F~dGNg  160 (227)
T 4LU4_A          155 FRKGNG  160 (227)
T ss_dssp             SSSCHH
T ss_pred             cccchH
Confidence            344554


No 40
>3SHG_A Putative uncharacterized protein; AMPylation, adenylylation, toxin-antitoxin complex, Fic; HET: TLA; 1.5A {Bartonella schoenbuchensis R1}
Probab=20.54  E-value=98  Score=12.22  Aligned_cols=6  Identities=67%  Similarity=1.232  Sum_probs=2.6  Template_Neff=9.200

Q FGGGNG            1 FGGGNG    6 (6)
Q Consensus         1 fgggng    6 (6)
                      |..|||
T Consensus       138 F~dGNg  143 (205)
T 3SHG_A          138 FREGNG  143 (205)
T ss_dssp             SSSCHH
T ss_pred             CCCCcH
Confidence            334554


